# time;P_O2, atm;P_He, atm;Flow O2, l/min;Flow He, l/min;FiO2 Env, %;FiO2 sens2, %;P mask, cm H2O;Tmask, gradC;Tnagr, gradC;V, ml;f, 1/min;Tzad, gradC;FiO2 zad, %;Flags;
# POWERON 24.11.2018 11:03:31
1;0;0;0;5;0;0;255;25;25;0;0;50;30;84279808;0
50;0;0;0;4;633;0;248;25;25;0;0;50;30;84279301;0
55;40;0;0;5;211;0;255;25;25;0;0;50;30;84279300;0
65;41;34;0;5;207;0;255;25;25;0;0;50;30;84279296;0
93;40;34;0;5;207;0;255;25;25;0;0;50;30;84344832;0
94;40;34;0;5;187;0;255;25;25;0;0;50;30;84344832;0
95;40;34;0;5;186;0;255;25;26;0;0;50;30;84344832;0
96;40;34;0;5;186;0;255;25;28;0;0;50;30;84344832;0
97;40;34;0;6;187;0;255;25;29;0;0;50;30;84344832;0
98;40;34;0;5;186;0;255;25;31;0;0;50;30;84344832;0
99;40;34;2;5;186;0;255;25;33;0;0;50;30;84344832;0
100;40;34;1;5;187;0;255;25;35;0;0;50;30;84344832;0
101;40;34;0;5;187;0;255;25;38;0;0;50;30;84344832;0
102;40;34;0;6;186;0;0;25;40;0;0;50;30;84344832;0
103;40;34;0;5;187;0;255;25;42;0;0;50;30;84344832;0
104;40;34;0;5;187;0;255;25;44;0;0;50;30;84344832;0
105;40;34;0;5;187;0;255;25;46;0;0;50;30;84344832;0
106;40;34;0;5;187;0;255;25;48;0;0;50;30;84344832;0
107;40;34;0;6;187;0;255;25;50;0;0;50;30;84344832;0
108;40;34;0;6;187;0;255;25;52;0;0;50;30;84344832;0
109;40;34;0;6;187;0;255;25;53;0;0;50;30;84344832;0
110;40;34;0;5;187;0;255;25;55;0;0;50;30;84344832;0
111;40;34;0;5;187;0;255;25;57;0;0;50;30;84344832;0
112;40;34;0;6;188;0;255;25;59;0;0;50;30;84353024;0
113;40;34;0;6;188;0;255;25;60;0;0;50;30;84353024;0
114;40;34;0;5;188;0;254;26;62;0;0;50;30;84353024;0
115;40;34;0;5;188;0;255;26;64;0;0;50;30;84353024;0
116;40;34;0;5;189;0;255;26;65;0;0;50;30;84353024;0
117;40;34;0;6;191;0;255;26;67;0;0;50;30;84353024;0
118;40;34;0;5;192;0;254;27;69;0;0;50;30;84353024;0
119;40;34;2;9;193;0;255;27;70;0;0;50;30;84353024;0
120;40;34;0;5;196;0;255;27;72;0;0;50;30;84353024;0
121;40;34;0;6;198;0;255;27;73;0;0;50;30;84353024;0
122;40;34;0;5;202;0;255;28;74;0;0;50;30;84353024;0
123;40;34;0;6;205;0;255;28;74;0;0;50;30;84353024;0
124;40;34;0;6;209;0;254;28;74;0;0;50;30;84353024;0
125;40;34;0;5;213;0;255;29;74;0;0;50;30;84353024;0
126;40;34;0;6;218;0;255;29;74;0;0;50;30;84353024;0
127;40;34;0;6;222;0;255;29;74;0;0;50;30;84353024;0
128;40;34;0;6;227;0;255;30;73;0;0;50;30;84353024;0
129;40;34;0;5;233;0;255;30;73;0;0;50;30;84353024;0
130;40;34;0;6;239;0;255;30;73;0;0;50;30;84353024;0
131;40;34;0;5;244;0;255;31;72;0;0;50;30;84353024;0
132;40;34;0;5;250;0;255;31;72;0;0;50;30;84353024;0
133;40;34;0;6;255;0;255;31;72;0;0;50;30;84353024;0
134;40;34;0;6;261;0;255;31;71;0;0;50;30;84353024;0
135;40;34;0;8;267;0;254;32;71;0;0;50;30;84353024;0
136;40;34;0;6;273;0;255;32;71;0;0;50;30;84353024;0
137;40;34;0;5;279;0;255;32;70;0;0;50;30;84353024;0
138;40;34;0;9;285;0;0;33;70;0;0;50;30;84353024;0
139;40;34;0;6;291;0;255;33;70;0;0;50;30;84353024;0
140;40;34;0;6;297;0;255;33;70;0;0;50;30;84353024;0
141;40;32;154;365;307;0;244;34;69;0;0;50;30;84344832;0
142;40;32;41;78;311;0;0;35;69;0;0;50;30;84344832;0
143;40;33;12;10;327;0;2;37;70;0;0;50;30;84344832;0
144;40;32;135;296;349;0;243;38;71;0;0;50;30;84344832;0
145;40;33;16;7;362;0;7;42;72;0;0;50;30;84344832;0
146;40;32;3;101;362;0;249;40;73;0;0;50;30;84344832;0
147;40;32;73;121;357;0;2;43;73;1180;20;50;30;84344832;0
148;40;33;19;30;351;0;1;44;74;1180;20;50;30;84344832;0
149;40;32;69;254;343;0;245;44;75;1109;20;50;30;84344832;0
150;40;32;46;53;334;0;4;47;75;1109;20;50;30;84344832;0
151;40;33;17;34;322;0;255;47;76;1109;20;50;30;84344832;0
152;40;33;2;0;311;0;255;46;77;1109;20;50;30;84344832;0
153;40;32;79;284;307;0;240;46;77;1045;15;50;30;84344832;0
154;40;32;117;334;304;0;247;49;78;1045;15;50;30;84344832;0
155;40;33;4;1;301;0;4;50;78;1045;15;50;30;84344832;0
156;40;32;83;241;297;0;247;49;79;1289;18;50;30;84344832;0
157;40;32;134;324;295;0;251;51;79;1289;18;50;30;84344832;0
158;40;33;3;0;293;0;7;51;79;1289;18;45;30;84344832;0
159;40;32;52;202;294;0;248;51;78;1215;19;45;30;84344832;0
160;40;32;133;300;297;0;251;53;78;1215;19;45;30;84344832;0
161;40;32;40;84;301;0;0;54;77;1215;19;45;30;84344832;0
162;40;33;11;15;304;0;255;54;77;1215;19;45;30;84344832;0
163;40;33;3;35;305;0;250;53;76;1215;19;45;30;84344832;0
164;40;32;123;294;304;0;248;55;76;1456;14;45;30;84344832;0
165;40;33;3;0;300;0;5;55;75;1456;14;45;30;84344832;0
166;40;32;86;201;297;0;249;54;74;943;20;45;30;84344832;0
167;40;32;76;123;299;0;4;55;74;943;20;45;30;84344832;0
168;40;33;2;0;302;0;5;55;73;943;20;45;30;84344832;0
169;40;32;105;274;304;0;246;55;73;999;21;45;30;84344832;0
170;40;32;31;67;306;0;3;56;72;999;21;45;30;84344832;0
171;40;32;76;350;306;0;241;56;72;999;21;45;30;84344832;0
172;40;33;7;1;308;0;7;56;71;1068;23;45;30;84344832;0
173;40;32;5;115;310;0;248;55;70;1068;23;45;30;84344832;0
174;40;32;103;276;311;0;246;56;70;377;28;45;30;84344832;0
175;40;33;5;0;312;0;7;57;70;377;28;45;30;84344832;0
176;40;32;85;219;309;0;249;56;69;984;19;40;30;84344832;0
177;40;32;135;341;307;0;247;57;68;984;19;40;30;84344832;0
178;40;33;4;0;304;0;7;57;68;984;19;40;30;84344832;0
179;40;32;19;188;301;0;248;56;68;1157;19;40;30;84344832;0
180;40;32;132;354;300;0;246;57;67;1157;19;40;30;84344832;0
181;40;33;5;0;300;0;7;57;67;1157;19;40;30;84344832;0
182;40;32;5;140;299;0;247;56;66;1157;19;40;30;84344832;0
183;40;32;111;296;299;0;245;57;66;1166;18;40;30;84344832;0
184;40;33;5;0;301;0;6;57;65;1166;18;40;30;84344832;0
185;40;32;47;205;301;0;246;56;65;971;20;40;30;84344832;0
186;40;33;50;66;301;0;2;57;65;971;20;40;30;84344832;0
187;40;33;4;3;302;0;3;57;64;971;20;40;30;84344832;0
188;40;32;117;265;301;0;248;57;64;880;21;40;30;84344832;0
189;40;33;6;0;302;0;6;57;63;880;21;40;30;84344832;0
190;40;33;1;15;302;0;255;56;63;880;21;40;30;84344832;0
191;40;32;110;278;302;0;246;57;63;740;22;40;30;84344832;0
192;40;33;5;0;303;0;5;57;62;740;22;40;30;84344832;0
193;40;32;7;180;303;0;245;56;62;740;22;40;30;84344832;0
194;40;32;112;287;302;0;245;57;62;911;19;40;30;84344832;0
195;40;33;5;0;302;0;6;57;61;911;19;40;30;84344832;0
196;40;32;14;189;301;0;246;56;61;911;19;40;30;84344832;0
197;40;32;127;345;301;0;243;56;61;935;20;40;30;84344832;0
198;40;33;4;1;300;0;3;56;60;935;20;40;30;84344832;0
199;40;32;79;205;299;0;248;56;60;1061;22;40;30;84344832;0
200;40;33;20;39;300;0;255;57;60;1061;22;40;30;84344832;0
201;40;33;2;1;301;0;255;56;59;1061;22;40;30;84344832;0
202;40;33;0;0;302;0;0;56;59;1061;22;40;30;84344832;0
203;40;32;152;415;304;0;243;56;59;822;15;40;30;84344832;0
204;40;33;6;0;305;0;7;56;58;822;15;40;30;84344832;0
205;40;32;86;275;306;0;244;56;58;1165;22;40;30;84344832;0
206;40;33;49;44;309;0;5;56;58;1165;22;40;30;84344832;0
207;40;33;2;0;311;0;6;56;58;1165;22;40;30;84344832;0
208;40;32;77;259;311;0;245;55;57;901;20;40;30;84344832;0
209;40;32;122;306;311;0;252;55;57;901;20;40;30;84344832;0
210;40;33;3;0;309;0;6;55;57;901;20;40;30;84344832;0
211;40;32;36;268;306;0;242;55;56;901;20;40;30;84344832;0
212;40;32;123;331;306;0;248;55;56;1229;17;40;30;84344832;0
213;40;33;4;0;305;0;6;55;56;1229;17;40;30;84344832;0
214;40;32;84;277;303;0;244;55;56;1223;20;40;30;84344832;0
215;40;32;77;136;302;0;3;55;55;1223;20;40;30;84344832;0
216;40;33;2;0;300;0;4;55;55;1223;20;40;30;84344832;0
217;40;32;99;263;299;0;245;55;55;1011;21;40;30;84344832;0
218;40;33;9;1;298;0;6;55;55;1011;21;40;30;84344832;0
219;40;32;5;196;296;0;241;54;54;1011;21;37;30;84344832;0
220;40;32;136;313;294;0;253;54;54;899;22;37;30;84344832;0
221;40;33;5;1;294;0;4;54;54;899;22;37;30;84344832;0
222;40;32;92;222;296;0;248;54;54;1021;21;37;30;84344832;0
223;40;32;85;148;300;0;1;54;53;1021;21;37;30;84344832;0
224;40;33;2;0;303;0;4;54;53;1021;21;37;30;84344832;0
225;40;32;106;268;304;0;247;54;53;1025;21;37;30;84344832;0
226;40;33;26;68;304;0;0;54;53;1025;21;37;30;84344832;0
227;40;32;23;287;301;0;240;54;53;1025;21;37;30;84344832;0
228;40;33;12;10;301;0;3;54;52;931;23;37;30;84344832;0
229;40;33;5;16;301;0;253;53;52;931;23;37;30;84344832;0
230;40;32;115;302;301;0;246;53;52;546;26;37;30;84344832;0
231;40;33;7;1;304;0;7;53;52;546;26;37;30;84344832;0
232;40;33;1;5;303;0;0;53;51;546;26;37;30;84344832;0
233;40;32;117;310;304;0;245;53;51;1067;18;37;30;84344832;0
234;40;33;9;1;305;0;8;53;51;1067;18;37;30;84344832;0
235;40;32;5;190;305;0;245;53;51;1067;18;37;30;84344832;0
236;40;32;118;301;304;0;249;52;51;1164;20;37;30;84344832;0
237;40;33;3;0;304;0;6;52;50;1164;20;37;30;84344832;0
238;40;32;107;302;303;0;243;52;50;1029;22;37;30;84344832;0
239;40;33;30;75;303;0;1;52;50;1029;22;37;30;84344832;0
240;40;33;7;4;302;0;0;52;50;1029;22;37;30;84344832;0
241;40;32;127;338;303;0;244;52;50;1173;19;37;30;84344832;0
242;40;33;9;1;304;0;7;52;49;1173;19;37;30;84344832;0
243;40;32;4;157;304;0;248;52;49;1173;19;37;30;84344832;0
244;40;32;117;222;305;0;3;51;49;983;23;37;30;84344832;0
245;40;33;15;17;307;0;3;51;49;983;23;37;30;84344832;0
246;40;32;13;241;308;0;244;51;49;983;23;37;30;84344832;0
247;40;33;52;71;307;0;4;51;48;1340;19;37;30;84344832;0
248;40;33;5;0;305;0;7;51;48;1340;19;37;30;84344832;0
249;40;32;117;298;302;0;245;51;48;984;20;37;30;84344832;0
250;40;32;125;301;303;0;254;50;48;984;20;37;30;84344832;0
251;40;33;3;0;305;0;7;50;48;984;20;37;30;84344832;0
252;40;32;33;286;304;0;243;50;48;1254;18;37;30;84344832;0
253;40;32;118;296;303;0;252;50;47;1254;18;37;30;84344832;0
254;40;33;3;1;303;0;6;50;47;1254;18;37;30;84344832;0
255;40;32;11;221;301;0;243;50;47;1254;18;37;30;84344832;0
256;40;32;128;336;301;0;248;50;47;1167;18;37;30;84344832;0
257;40;33;4;0;301;0;5;50;47;1167;18;37;30;84344832;0
258;40;32;142;388;300;0;241;50;47;1107;21;37;30;84344832;0
259;40;33;26;70;300;0;0;49;46;1107;21;37;30;84344832;0
260;40;32;56;376;299;0;237;49;46;1107;21;37;30;84344832;0
261;40;33;32;77;301;0;0;49;46;1179;24;37;30;84344832;0
262;40;32;27;313;302;0;239;49;46;1179;24;37;30;84344832;0
263;40;33;17;22;304;0;3;49;46;721;28;37;30;84344832;0
264;40;32;94;361;304;0;242;49;46;721;28;37;30;84344832;0
265;40;33;24;67;302;0;1;49;46;683;28;37;30;84344832;0
266;40;32;29;260;301;0;244;49;45;683;28;37;30;84344832;0
267;40;33;31;49;302;0;1;49;45;736;27;37;30;84344832;0
268;40;33;3;0;304;0;5;49;45;736;27;37;30;84344832;0
269;40;32;120;332;306;0;243;49;45;685;22;37;30;84344832;0
270;40;33;11;2;310;0;8;48;45;685;22;37;30;84344832;0
271;40;33;1;0;310;0;4;48;45;685;22;37;30;84344832;0
272;40;32;115;318;310;0;246;48;45;1055;21;37;30;84344832;0
273;40;33;13;3;309;0;7;48;44;1055;21;37;30;84344832;0
274;40;33;1;1;306;0;2;48;44;1055;21;37;30;84344832;0
275;40;32;122;338;304;0;244;48;44;1179;19;37;30;84344832;0
276;40;33;10;2;302;0;8;47;44;1179;19;37;30;84344832;0
277;40;33;1;2;300;0;0;47;44;1179;19;37;30;84344832;0
278;40;32;125;348;299;0;246;47;44;1177;20;37;30;84344832;0
279;40;33;6;1;298;0;7;47;44;1177;20;37;30;84344832;0
280;40;32;5;191;297;0;244;47;44;1177;20;37;30;84344832;0
281;40;32;107;279;297;0;249;47;43;1116;20;37;30;84344832;0
282;40;33;4;0;297;0;5;47;43;1116;20;37;30;84344832;0
283;40;32;112;293;295;0;244;47;43;1033;20;37;30;84344832;0
284;40;33;69;107;294;0;4;46;43;1033;20;37;30;84344832;0
285;40;33;2;0;293;0;3;46;43;1033;20;37;30;84344832;0
286;40;32;144;359;293;0;245;46;43;1111;22;37;30;84344832;0
287;40;33;4;0;295;0;5;46;43;1111;22;37;30;84344832;0
288;40;32;99;241;298;0;246;46;43;868;24;37;30;84344832;0
289;40;33;64;82;302;0;4;46;42;868;24;37;30;84344832;0
290;40;33;2;0;305;0;2;46;42;868;24;37;30;84344832;0
291;40;32;130;329;305;0;244;46;42;1040;20;37;30;84344832;0
292;40;33;10;2;306;0;8;45;42;1040;20;37;30;84344832;0
293;40;32;23;398;305;0;236;46;42;1040;20;37;30;84344832;0
294;40;32;115;225;305;0;1;45;42;1156;22;37;30;84344832;0
295;40;33;3;1;305;0;4;45;42;1156;22;37;30;84344832;0
296;40;32;131;297;304;0;243;45;42;1086;21;37;30;84344832;0
297;40;33;43;49;305;0;7;45;42;1086;21;37;30;84344832;0
298;40;33;2;0;306;0;3;45;41;1086;21;37;30;84344832;0
299;40;32;114;310;306;0;246;45;41;1214;21;37;30;84344832;0
300;40;33;9;1;307;0;8;45;41;1214;21;37;30;84344832;0
301;40;33;3;19;306;0;0;45;41;1214;21;37;30;84344832;0
302;40;32;111;296;306;0;246;45;41;1066;20;37;30;84344832;0
303;40;33;5;0;307;0;5;44;41;1066;20;37;30;84344832;0
304;40;32;11;229;306;0;241;44;41;1066;20;37;30;84344832;0
305;40;32;124;313;305;0;250;44;41;936;20;37;30;84344832;0
306;40;33;3;0;304;0;5;44;41;936;20;37;30;84344832;0
307;40;32;137;409;302;0;241;44;41;1121;21;37;30;84344832;0
308;40;33;12;3;300;0;9;44;41;1121;21;37;30;84344832;0
309;40;33;2;14;300;0;1;44;40;1121;21;37;30;84344832;0
310;40;32;123;325;301;0;244;44;40;1098;21;37;30;84344832;0
311;40;33;8;1;303;0;7;44;40;1098;21;37;30;84344832;0
312;40;33;6;22;303;0;255;44;40;917;24;37;30;84344832;0
313;40;32;144;378;301;0;245;43;40;172;91;37;30;84344832;0
314;40;33;5;1;300;0;7;43;40;172;91;37;30;84344832;0
315;40;33;0;29;299;0;246;43;40;172;91;37;30;84344832;0
316;40;32;122;322;300;0;249;43;40;1088;21;37;30;84344832;0
317;40;33;4;0;302;0;6;43;40;1088;21;37;30;84344832;0
318;40;32;92;331;303;0;242;43;40;1198;20;37;30;84344832;0
319;40;33;68;112;304;0;4;43;40;1198;20;37;30;84344832;0
320;40;34;2;1;305;0;4;43;39;1198;20;37;30;84344832;0
321;40;32;98;272;304;0;244;43;39;1019;20;37;30;84344832;0
322;40;33;27;13;304;0;7;42;39;1019;20;37;30;84344832;0
323;40;33;2;5;304;0;0;43;39;1019;20;37;30;84344832;0
324;40;32;133;359;302;0;246;42;39;971;23;37;30;84344832;0
325;40;33;6;0;301;0;8;42;39;971;23;37;30;84344832;0
326;40;32;26;358;300;0;238;42;39;971;23;37;30;84344832;0
327;40;33;59;87;301;0;6;42;39;1233;21;37;30;84344832;0
328;40;34;3;1;300;0;4;42;39;1233;21;37;30;84344832;0
329;40;32;128;349;300;0;242;42;39;1204;21;37;30;84344832;0
330;40;33;28;22;301;0;7;42;39;1204;21;37;30;84344832;0
331;40;34;2;1;301;0;3;42;39;1204;21;37;30;84344832;0
332;40;32;127;341;302;0;243;42;39;1191;20;37;30;84344832;0
333;40;33;12;2;303;0;8;41;38;1191;20;37;30;84344832;0
334;40;34;1;2;302;0;0;42;38;1191;20;37;30;84344832;0
335;40;32;130;344;302;0;244;41;38;1139;20;37;30;84344832;0
336;40;33;7;1;303;0;9;41;38;1139;20;37;30;84344832;0
337;40;34;1;3;302;0;0;41;38;1139;20;37;30;84344832;0
338;40;32;121;336;302;0;245;41;38;1160;19;37;30;84344832;0
339;40;33;7;1;302;0;8;41;38;1160;19;37;30;84344832;0
340;40;33;2;8;300;0;255;41;38;1160;19;37;30;84344832;0
341;40;32;132;365;299;0;245;41;38;1150;20;37;30;84344832;0
342;40;34;5;0;299;0;7;41;38;1150;20;37;30;84344832;0
343;40;34;1;2;298;0;255;41;38;1150;20;37;30;84344832;0
344;40;32;119;314;299;0;246;41;38;1144;19;37;30;84344832;0
345;40;34;6;0;299;0;6;41;38;1144;19;37;30;84344832;0
346;40;33;3;130;299;0;247;41;38;1144;19;37;30;84344832;0
347;40;33;89;163;298;0;1;40;38;983;20;37;30;84344832;0
348;40;34;3;1;298;0;4;40;37;983;20;37;30;84344832;0
349;40;32;126;337;297;0;242;40;37;1008;22;37;30;84344832;0
350;40;33;15;5;297;0;9;40;37;1008;22;37;30;84344832;0
351;40;34;2;5;297;0;0;40;37;1008;22;37;30;84344832;0
352;40;32;121;301;298;0;248;40;37;1006;22;37;30;84344832;0
353;40;34;4;0;298;0;5;40;37;1006;22;37;30;84344832;0
354;40;32;24;287;299;0;240;40;37;1006;22;37;30;84344832;0
355;40;32;106;229;299;0;0;40;37;995;21;37;30;84344832;0
356;40;34;3;0;299;0;5;40;37;995;21;37;30;84344832;0
357;40;32;68;278;299;0;243;40;37;1135;20;37;30;84344832;0
358;40;33;67;94;300;0;4;40;37;1135;20;37;30;84344832;0
359;40;34;2;0;301;0;4;40;37;1135;20;37;30;84344832;0
360;40;32;123;309;300;0;245;40;37;1036;21;37;30;84344832;0
361;40;33;26;15;299;0;8;39;37;1036;21;37;30;84344832;0
362;40;34;1;1;299;0;2;40;37;1036;21;37;30;84344832;0
363;40;32;109;287;298;0;248;39;37;1072;20;37;30;84344832;0
364;40;34;7;0;298;0;7;39;37;1072;20;37;30;84344832;0
365;40;32;6;194;297;0;244;39;37;1072;20;37;30;84344832;0
366;40;32;103;264;297;0;249;39;37;942;21;37;30;84344832;0
367;40;34;3;0;296;0;4;39;36;942;21;37;30;84344832;0
368;40;34;1;9;293;0;243;39;36;942;21;37;30;84344832;0
369;40;32;103;261;293;0;249;39;36;927;18;37;30;84344832;0
370;40;34;5;0;294;0;6;39;36;927;18;37;30;84344832;0
371;40;34;1;1;294;0;0;39;36;927;18;37;30;84344832;0
372;40;32;112;278;295;0;246;39;36;985;18;37;30;84344832;0
373;40;34;8;1;295;0;8;39;36;985;18;37;30;84344832;0
374;40;34;1;1;296;0;0;39;36;985;18;37;30;84344832;0
375;40;32;92;231;297;0;248;39;36;1043;18;37;30;84344832;0
376;40;34;6;0;299;0;5;39;36;1043;18;37;30;84344832;0
377;40;32;29;304;299;0;239;39;36;1043;18;37;30;84344832;0
378;40;33;81;141;299;0;1;39;36;830;21;37;30;84344832;0
379;40;34;2;1;299;0;2;39;36;830;21;37;30;84344832;0
380;40;32;121;278;298;0;244;39;36;920;21;37;30;84344832;0
381;40;33;31;21;300;0;6;38;36;920;21;37;30;84344832;0
382;40;34;2;1;303;0;2;38;36;920;21;37;30;84344832;0
383;40;32;103;259;304;0;247;38;36;976;21;37;30;84344832;0
384;40;34;8;1;305;0;7;38;36;976;21;37;30;84344832;0
385;40;34;1;1;305;0;0;38;36;976;21;37;30;84344832;0
386;40;32;107;276;305;0;247;38;36;862;20;37;30;84344832;0
387;40;34;4;0;305;0;3;38;36;862;20;37;30;84344832;0
388;40;32;98;296;305;0;242;38;36;780;22;37;30;84344832;0
389;40;33;46;56;306;0;4;38;36;780;22;37;30;84344832;0
390;40;34;2;1;306;0;2;38;35;780;22;37;30;84344832;0
391;40;32;102;259;305;0;245;38;35;926;21;37;30;84344832;0
392;40;33;17;8;305;0;6;38;35;926;21;37;30;84344832;0
393;40;34;2;8;305;0;1;38;35;926;21;37;30;84344832;0
394;40;32;113;294;303;0;247;38;35;786;23;37;30;84344832;0
395;40;34;9;1;302;0;17;38;35;786;23;37;30;84344832;0
396;40;34;2;16;300;0;1;38;35;786;23;37;30;84344832;0
397;40;32;113;287;299;0;250;37;35;1314;19;37;30;84344832;0
398;40;34;3;0;299;0;6;37;35;1314;19;37;30;84344832;0
399;40;32;32;280;299;0;242;38;35;1314;19;37;30;84344832;0
400;40;33;103;215;300;0;2;37;35;1085;20;37;30;84344832;0
401;40;34;3;0;300;0;5;37;35;1085;20;37;30;84344832;0
402;40;32;67;279;300;0;242;38;35;1016;19;37;30;84344832;0
403;40;33;78;132;299;0;5;37;35;1016;19;37;30;84344832;0
404;40;34;2;0;298;0;4;37;35;1016;19;37;30;84344832;0
405;40;32;103;260;296;0;245;37;35;925;21;37;30;84344832;0
406;40;33;40;31;296;0;4;37;35;925;21;37;30;84344832;0
407;40;34;2;1;296;0;2;37;35;925;21;37;30;84344832;0
408;40;32;117;284;295;0;246;37;36;952;20;37;30;84344832;0
409;40;34;10;1;295;0;9;37;36;952;20;37;30;84344832;0
410;40;34;1;1;296;0;2;37;37;952;20;37;30;84344832;0
411;40;32;106;257;297;0;248;37;37;1097;19;37;30;84344832;0
412;40;34;10;1;298;0;10;37;37;1097;19;37;30;84344832;0
413;40;34;1;3;299;0;0;37;37;1097;19;37;30;84344832;0
414;40;32;103;256;300;0;247;37;38;901;20;37;30;84344832;0
415;40;34;7;1;302;0;9;37;37;901;20;37;30;84344832;0
416;40;34;1;2;302;0;0;37;37;901;20;37;30;84344832;0
417;40;32;109;272;302;0;247;37;37;970;19;37;30;84344832;0
418;40;34;7;1;302;0;8;37;37;970;19;37;30;84344832;0
419;40;34;1;2;302;0;0;37;37;970;19;37;30;84344832;0
420;40;32;97;225;301;0;250;37;37;1025;19;37;30;84344832;0
421;40;34;5;0;300;0;9;37;37;1025;19;37;30;84344832;0
422;40;32;51;237;299;0;246;37;37;901;21;37;30;84344832;0
423;40;33;70;100;298;0;3;37;37;901;21;37;30;84344832;0
424;40;34;3;0;298;0;4;37;37;901;21;37;30;84344832;0
425;40;32;71;217;297;0;246;37;37;880;20;37;30;84344832;0
426;40;33;39;27;298;0;4;37;37;880;20;37;30;84344832;0
427;40;34;2;1;300;0;2;37;37;880;20;37;30;84344832;0
428;40;33;97;235;300;0;246;37;36;740;21;37;30;84344832;0
429;40;33;16;4;300;0;8;37;36;740;21;37;30;84344832;0
430;40;34;1;0;300;0;1;37;36;740;21;37;30;84344832;0
431;40;33;103;233;299;0;248;37;36;870;19;37;30;84344832;0
432;40;34;8;1;297;0;7;37;36;870;19;37;30;84344832;0
433;40;33;8;24;296;0;255;37;36;807;25;37;30;84344832;0
434;40;32;119;293;297;0;245;37;36;148;80;37;30;84344832;0
435;40;34;6;1;298;0;7;37;36;148;80;37;30;84344832;0
436;40;34;1;1;299;0;0;37;36;148;80;37;30;84344832;0
437;40;32;118;277;302;0;248;37;36;881;20;37;30;84344832;0
438;40;34;4;0;307;0;6;37;36;881;20;37;30;84344832;0
439;40;34;1;2;311;0;254;37;36;881;20;37;30;84344832;0
440;40;33;99;231;312;0;248;37;36;929;19;37;30;84344832;0
441;40;34;4;0;313;0;3;37;36;929;19;37;30;84344832;0
442;40;32;20;255;312;0;241;37;37;929;19;37;30;84344832;0
443;40;33;86;167;311;0;0;37;38;777;21;37;30;84344832;0
444;40;34;2;1;310;0;2;37;38;777;21;37;30;84344832;0
445;40;32;115;296;308;0;244;37;38;912;21;37;30;84344832;0
446;40;33;18;5;306;0;8;37;38;912;21;37;30;84344832;0
447;40;34;1;1;304;0;1;37;38;912;21;37;30;84344832;0
448;40;32;100;255;302;0;249;37;38;960;21;37;30;84344832;0
449;40;34;5;0;302;0;5;37;38;960;21;37;30;84344832;0
450;40;32;98;297;301;0;243;37;38;815;22;37;30;84344832;0
451;40;33;31;26;302;0;5;37;38;815;22;37;30;84344832;0
452;40;34;2;0;302;0;2;37;38;815;22;37;30;84344832;0
453;40;32;94;223;302;0;246;37;38;827;20;37;30;84344832;0
454;40;34;10;1;303;0;6;37;37;827;20;37;30;84344832;0
455;40;34;1;2;305;0;255;37;37;827;20;37;30;84344832;0
456;40;33;42;26;305;0;3;37;37;637;23;37;30;84344832;0
457;40;34;2;1;305;0;0;37;37;637;23;37;30;84344832;0
458;40;32;106;267;304;0;247;37;37;517;25;37;30;84344832;0
459;40;34;6;0;303;0;6;37;37;517;25;37;30;84344832;0
460;40;34;1;1;301;0;0;37;37;517;25;37;30;84344832;0
461;40;33;86;164;299;0;0;37;37;845;19;37;30;84344832;0
462;40;34;3;0;298;0;1;37;37;845;19;37;30;84344832;0
463;40;32;119;307;296;0;242;37;37;616;22;37;30;84344832;0
464;40;33;34;28;293;0;4;37;37;616;22;37;30;84344832;0
465;40;34;2;0;292;0;5;37;37;616;22;37;30;84344832;0
466;40;32;138;317;292;0;245;37;37;769;21;37;30;84344832;0
467;40;34;8;1;295;0;5;37;36;769;21;37;30;84344832;0
468;40;34;2;5;298;0;255;37;36;769;21;37;30;84344832;0
469;40;32;126;285;302;0;248;37;36;991;21;37;30;84344832;0
470;40;34;4;0;307;0;5;37;36;991;21;37;30;84344832;0
471;40;32;30;292;310;0;240;37;36;991;21;37;30;84344832;0
472;40;33;63;95;313;0;3;37;36;1009;20;37;30;84344832;0
473;40;34;2;0;314;0;3;37;36;1009;20;37;30;84344832;0
474;40;32;107;269;313;0;245;37;36;875;21;37;30;84344832;0
475;40;33;16;6;313;0;5;37;36;875;21;37;30;84344832;0
476;40;34;1;1;312;0;0;37;36;875;21;37;30;84344832;0
477;40;32;113;293;310;0;246;37;36;861;21;37;30;84344832;0
478;40;34;6;0;308;0;5;37;36;861;21;37;30;84344832;0
479;40;32;26;358;305;0;236;37;37;861;21;37;30;84344832;0
480;40;33;96;227;303;0;253;37;38;1004;21;37;30;84344832;0
481;40;34;3;0;300;0;4;37;40;1004;21;37;30;84344832;0
482;40;32;98;272;298;0;244;37;41;924;21;37;30;84344832;0
483;40;33;27;18;298;0;4;37;41;924;21;37;30;84344832;0
484;40;34;2;0;298;0;2;37;41;924;21;37;30;84344832;0
485;40;32;111;266;298;0;246;37;41;874;21;37;30;84344832;0
486;40;34;13;2;298;0;6;38;41;874;21;37;30;84344832;0
487;40;34;1;1;298;0;0;38;41;874;21;37;30;84344832;0
488;40;33;80;201;298;0;249;38;40;911;20;37;30;84344832;0
489;40;34;6;0;299;0;5;38;40;911;20;37;30;84344832;0
490;40;32;95;241;298;0;245;38;40;741;21;37;30;84344832;0
491;40;33;44;48;297;0;3;38;40;741;21;37;30;84344832;0
492;40;34;2;0;295;0;1;38;40;741;21;37;30;84344832;0
493;40;33;100;238;293;0;247;38;40;747;21;37;30;84344832;0
494;40;34;13;2;295;0;4;38;40;747;21;37;30;84344832;0
495;40;34;2;0;296;0;1;38;40;747;21;37;30;84344832;0
496;40;33;95;239;297;0;247;38;39;800;20;37;30;84344832;0
497;40;34;9;1;298;0;4;38;39;800;20;37;30;84344832;0
498;40;34;1;1;297;0;0;38;39;800;20;37;30;84344832;0
499;40;33;99;223;298;0;248;38;39;762;20;37;30;84344832;0
500;40;34;5;0;298;0;4;38;39;762;20;37;30;84344832;0
501;40;34;1;0;298;0;255;38;39;762;20;37;30;84344832;0
502;40;33;101;241;299;0;249;38;39;784;19;37;30;84344832;0
503;40;34;6;0;302;0;5;38;39;784;19;37;30;84344832;0
504;40;34;1;3;303;0;255;38;39;784;19;37;30;84344832;0
505;40;33;89;193;303;0;253;38;38;976;19;37;30;84344832;0
506;40;34;3;0;303;0;3;38;38;976;19;37;30;84344832;0
507;40;32;120;281;301;0;246;38;38;812;22;37;30;84344832;0
508;40;33;25;23;302;0;3;38;38;812;22;37;30;84344832;0
509;40;34;2;0;303;0;2;38;38;812;22;37;30;84344832;0
510;40;32;120;274;304;0;245;38;38;906;20;37;30;84344832;0
511;40;33;23;18;306;0;5;38;38;906;20;37;30;84344832;0
512;40;34;2;1;306;0;2;38;38;906;20;37;30;84344832;0
513;40;32;106;272;306;0;249;38;38;979;21;37;30;84344832;0
514;40;34;6;1;307;0;5;38;38;979;21;37;30;84344832;0
515;40;33;5;149;307;0;243;38;38;979;21;37;30;84344832;0
516;40;33;109;258;308;0;250;38;38;898;21;37;30;84344832;0
517;40;34;5;0;307;0;4;38;37;898;21;37;30;84344832;0
518;40;34;8;152;306;0;251;38;37;898;21;37;30;84344832;0
519;40;33;96;257;306;0;248;38;37;1025;19;37;30;84344832;0
520;40;34;4;0;305;0;4;38;37;1025;19;37;30;84344832;0
521;40;34;2;13;304;0;255;38;37;1025;19;37;30;84344832;0
522;40;32;109;278;302;0;244;38;37;908;17;37;30;84344832;0
523;41;34;15;6;303;0;5;38;37;908;17;37;30;84344832;0
524;40;34;1;0;303;0;2;38;37;908;17;37;30;84344832;0
525;40;32;108;263;303;0;247;38;37;918;20;37;30;84344832;0
526;40;34;9;1;305;0;5;38;37;918;20;37;30;84344832;0
527;40;34;1;5;305;0;0;38;37;918;20;37;30;84344832;0
528;40;33;88;196;306;0;252;37;37;892;20;37;30;84344832;0
529;40;34;4;0;306;0;4;37;37;892;20;37;30;84344832;0
530;40;32;36;363;306;0;236;38;37;892;20;37;30;84344832;0
531;41;33;80;147;305;0;1;37;36;911;20;37;30;84344832;0
532;40;34;2;1;303;0;2;37;36;911;20;37;30;84344832;0
533;40;33;108;244;302;0;249;37;36;984;22;37;30;84344832;0
534;40;34;10;2;302;0;5;37;36;984;22;37;30;84344832;0
535;41;34;2;5;302;0;0;37;36;984;22;37;30;84344832;0
536;40;32;129;306;302;0;248;37;36;682;22;37;30;84344832;0
537;40;34;3;0;302;0;3;37;36;682;22;37;30;84344832;0
538;40;32;88;318;302;0;241;37;36;946;21;37;30;84344832;0
539;41;33;55;78;303;0;2;37;36;946;21;37;30;84344832;0
540;40;34;2;0;305;0;2;37;36;946;21;37;30;84344832;0
541;40;33;95;228;305;0;247;37;36;842;20;37;30;84344832;0
542;40;33;60;101;305;0;2;37;36;842;20;37;30;84344832;0
543;40;34;3;0;303;0;3;37;36;842;20;37;30;84344832;0
544;40;32;82;245;300;0;244;37;36;908;18;37;30;84344832;0
545;41;33;65;115;300;0;0;37;36;908;18;37;30;84344832;0
546;40;34;2;0;299;0;3;37;36;908;18;37;30;84344832;0
547;40;32;132;301;299;0;243;37;37;907;20;37;30;84344832;0
548;41;33;25;25;299;0;4;37;38;907;20;37;30;84344832;0
549;41;34;2;0;298;0;2;37;38;907;20;37;30;84344832;0
550;40;33;116;277;299;0;247;37;38;1009;20;37;30;84344832;0
551;41;34;13;4;301;0;5;37;38;1009;20;37;30;84344832;0
552;41;34;2;4;302;0;0;37;38;1009;20;37;30;84344832;0
553;40;33;93;227;302;0;248;37;38;862;20;37;30;84344832;0
554;41;34;6;0;304;0;5;37;38;862;20;37;30;84344832;0
555;40;32;32;337;305;0;237;37;38;862;20;37;30;84344832;0
556;40;33;117;218;305;0;0;37;38;812;21;37;30;84344832;0
557;40;33;25;28;304;0;3;37;38;812;21;37;30;84344832;0
558;41;34;1;0;303;0;2;37;37;812;21;37;30;84344832;0
559;40;33;111;247;304;0;246;37;37;1226;16;37;30;84344832;0
560;41;33;32;32;303;0;4;37;37;1226;16;37;30;84344832;0
561;41;34;2;0;301;0;2;37;37;1226;16;37;30;84344832;0
562;40;33;96;249;299;0;249;37;37;899;20;37;30;84344832;0
563;41;34;12;2;298;0;6;37;37;899;20;37;30;84344832;0
564;41;34;1;1;298;0;1;37;37;899;20;37;30;84344832;0
565;40;33;88;229;298;0;249;37;37;983;19;37;30;84344832;0
566;41;34;7;1;299;0;4;37;37;983;19;37;30;84344832;0
567;41;33;5;181;299;0;243;37;37;983;19;37;30;84344832;0
568;41;33;73;131;298;0;0;37;37;807;21;37;30;84344832;0
569;41;34;3;0;296;0;3;37;37;807;21;37;30;84344832;0
570;41;33;4;20;293;0;255;37;37;682;21;37;30;84344832;0
571;40;33;98;221;294;0;247;37;36;76;97;37;30;84344832;0
572;41;34;8;1;296;0;4;37;36;76;97;37;30;84344832;0
573;41;34;1;0;297;0;1;37;36;76;97;37;30;84344832;0
574;40;33;103;230;299;0;249;37;36;891;19;37;30;84344832;0
575;41;34;7;1;302;0;5;37;36;891;19;37;30;84344832;0
576;41;34;2;7;305;0;0;37;36;891;19;37;30;84344832;0
577;40;33;107;283;306;0;246;37;36;911;19;37;30;84344832;0
578;41;34;7;1;307;0;4;37;36;911;19;37;30;84344832;0
579;41;34;1;5;306;0;255;37;36;911;19;37;30;84344832;0
580;40;33;71;171;307;0;250;37;36;832;19;37;30;84344832;0
581;41;34;4;0;310;0;5;37;36;832;19;37;30;84344832;0
582;41;34;2;3;309;0;255;37;37;832;19;37;30;84344832;0
583;41;34;1;0;307;0;255;37;38;832;19;37;30;84344832;0
584;40;32;133;315;305;0;246;37;38;710;14;37;30;84344832;0
585;41;34;5;0;303;0;4;37;38;710;14;37;30;84344832;0
586;40;33;85;205;303;0;247;37;38;860;24;37;30;84344832;0
587;41;34;12;5;304;0;2;37;38;860;24;37;30;84344832;0
588;41;34;1;1;306;0;0;37;38;860;24;37;30;84344832;0
589;41;33;88;181;306;0;253;37;38;580;23;37;30;84344832;0
590;41;34;5;0;306;0;6;37;38;580;23;37;30;84344832;0
591;41;33;3;15;307;0;255;37;38;580;23;37;30;84344832;0
592;40;32;132;316;307;0;243;37;38;742;19;37;30;84344832;0
593;41;34;10;2;307;0;6;37;38;742;19;37;30;84344832;0
594;41;34;1;1;306;0;1;37;38;742;19;37;30;84344832;0
595;40;32;119;307;306;0;247;37;38;1127;20;37;30;84344832;0
596;41;34;6;0;309;0;4;37;37;1127;20;37;30;84344832;0
597;41;33;9;301;309;0;238;37;37;1127;20;37;30;84344832;0
598;40;33;103;225;310;0;0;37;37;1050;20;37;30;84344832;0
599;41;34;3;0;309;0;4;37;37;1050;20;37;30;84344832;0
600;40;33;111;261;307;0;247;37;37;935;21;37;30;84344832;0
601;41;33;45;72;307;0;3;37;37;935;21;37;30;84344832;0
602;41;34;2;0;306;0;4;37;37;935;21;37;30;84344832;0
603;41;34;0;1;305;0;0;37;37;935;21;37;30;84344832;0
604;41;33;123;297;306;0;243;37;37;1018;14;37;30;84344832;0
605;41;34;10;5;308;0;1;37;37;1018;14;37;30;84344832;0
606;41;34;1;0;310;0;0;37;37;1018;14;37;30;84344832;0
607;40;33;127;323;309;0;244;37;37;698;21;37;30;84344832;0
608;41;34;6;1;309;0;5;37;36;698;21;37;30;84344832;0
609;41;34;1;1;307;0;1;37;36;698;21;37;30;84344832;0
610;40;32;122;336;306;0;244;37;36;983;19;37;30;84344832;0
611;41;34;13;6;306;0;6;37;36;983;19;37;30;84344832;0
612;41;34;1;0;305;0;1;37;36;983;19;37;30;84344832;0
613;40;32;135;359;306;0;245;37;36;1009;20;37;30;84344832;0
614;41;34;7;1;307;0;8;37;36;1009;20;37;30;84344832;0
615;41;34;1;5;307;0;0;37;36;1009;20;37;30;84344832;0
616;40;33;112;289;308;0;247;37;36;1228;19;37;30;84344832;0
617;41;34;8;1;309;0;7;37;36;1228;19;37;30;84344832;0
618;41;33;6;188;307;0;244;37;37;1228;19;37;30;84344832;0
619;41;33;114;291;305;0;249;37;38;996;21;37;30;84344832;0
620;41;34;3;0;303;0;3;37;40;996;21;37;30;84344832;0
621;40;33;112;260;300;0;245;37;41;990;21;37;30;84344832;0
622;41;34;15;5;298;0;5;37;41;990;21;37;30;84344832;0
623;41;34;1;1;297;0;0;37;41;990;21;37;30;84344832;0
624;41;33;94;243;293;0;249;37;41;707;22;37;30;84344832;0
625;41;34;8;1;289;0;4;38;41;707;22;37;30;84344832;0
626;41;34;1;1;285;0;0;37;41;707;22;37;30;84344832;0
627;41;33;88;200;284;0;251;38;40;902;19;37;30;84344832;0
628;41;34;4;0;283;0;3;38;40;902;19;37;30;84344832;0
629;40;33;110;234;284;0;245;38;40;660;23;37;30;84344832;0
630;41;33;34;67;287;0;0;38;40;660;23;37;30;84344832;0
631;41;34;7;3;290;0;255;38;40;660;23;37;30;84344832;0
632;40;33;148;318;295;0;242;38;40;832;19;37;30;84344832;0
633;41;34;24;9;299;0;7;38;40;832;19;37;30;84344832;0
634;41;34;2;1;303;0;3;38;40;832;19;37;30;84344832;0
635;40;33;126;293;308;0;244;38;39;1094;19;37;30;84344832;0
636;41;33;41;53;313;0;4;38;39;1094;19;37;30;84344832;0
637;41;34;2;0;316;0;3;38;39;1094;19;37;30;84344832;0
638;40;33;121;281;318;0;244;38;39;1088;19;37;30;84344832;0
639;41;34;26;20;319;0;6;38;39;1088;19;37;30;84344832;0
640;41;34;2;0;319;0;2;38;39;1088;19;37;30;84344832;0
641;40;33;116;289;318;0;247;38;39;1070;20;37;30;84344832;0
642;41;34;8;1;317;0;9;38;39;1070;20;37;30;84344832;0
643;41;34;1;2;316;0;0;38;38;1070;20;37;30;84344832;0
644;41;33;130;325;314;0;247;38;38;921;21;37;30;84344832;0
645;41;34;5;0;311;0;6;38;38;921;21;37;30;84344832;0
646;41;33;18;308;309;0;239;38;38;921;21;37;30;84344832;0
647;41;33;57;89;308;0;3;38;38;1155;21;37;30;84344832;0
648;41;34;2;1;308;0;2;38;38;1155;21;37;30;84344832;0
649;40;33;107;261;307;0;246;38;38;890;22;37;30;84344832;0
650;41;34;13;2;306;0;5;38;38;890;22;37;30;84344832;0
651;41;34;1;1;305;0;1;38;38;890;22;37;30;84344832;0
652;41;33;113;287;302;0;247;38;38;883;20;37;30;84344832;0
653;41;34;22;13;301;0;6;38;37;883;20;37;30;84344832;0
654;41;34;1;1;300;0;1;38;38;883;20;37;30;84344832;0
655;40;33;113;285;299;0;245;38;37;1131;18;37;30;84344832;0
656;41;34;16;5;300;0;7;38;37;1131;18;37;30;84344832;0
657;41;34;2;2;300;0;0;38;37;1131;18;37;30;84344832;0
658;40;33;123;312;300;0;246;38;37;1051;20;37;30;84344832;0
659;41;34;8;1;300;0;7;38;37;1051;20;37;30;84344832;0
660;41;34;1;2;300;0;0;38;37;1051;20;37;30;84344832;0
661;41;33;103;256;300;0;249;37;37;1039;20;37;30;84344832;0
662;41;34;8;1;301;0;7;37;37;1039;20;37;30;84344832;0
663;41;34;1;2;301;0;0;37;37;1039;20;37;30;84344832;0
664;41;33;108;268;300;0;247;37;37;1194;18;37;30;84344832;0
665;41;34;10;1;299;0;7;37;37;1194;18;37;30;84344832;0
666;41;34;2;6;297;0;0;37;36;1194;18;37;30;84344832;0
667;41;34;0;0;297;0;255;37;36;1194;18;37;30;84344832;0
668;41;33;125;314;298;0;249;37;36;1093;15;37;30;84344832;0
669;41;34;4;0;300;0;6;37;36;1093;15;37;30;84344832;0
670;41;34;4;6;302;0;253;37;36;1093;15;37;30;84344832;0
671;40;33;136;316;305;0;252;37;36;1116;19;37;30;84344832;0
672;41;34;4;0;308;0;4;37;36;1116;19;37;30;84344832;0
673;41;34;1;1;311;0;0;37;36;1116;19;37;30;84344832;0
674;41;33;110;229;315;0;254;37;36;1144;17;37;30;84344832;0
675;41;34;5;1;318;0;3;37;36;1144;17;37;30;84344832;0
676;41;34;1;1;320;0;255;37;36;1144;17;37;30;84344832;0
677;41;33;127;327;319;0;246;37;36;747;21;37;30;84344832;0
678;41;34;4;0;318;0;4;37;36;747;21;37;30;84344832;0
679;41;32;30;341;315;0;236;37;36;747;21;37;30;84344832;0
680;41;33;39;58;313;0;3;37;36;1037;21;37;30;84344832;0
681;41;34;2;2;310;0;1;37;36;1037;21;37;30;84344832;0
682;40;33;120;336;307;0;245;37;37;942;23;37;30;84344832;0
683;41;34;5;0;305;0;5;37;38;942;23;37;30;84344832;0
684;40;32;101;339;302;0;240;37;39;845;24;37;30;84344832;0
685;41;34;26;22;300;0;5;37;39;845;24;37;30;84344832;0
686;41;34;1;1;299;0;1;37;39;845;24;37;30;84344832;0
687;41;33;113;295;298;0;247;37;39;992;21;37;30;84344832;0
688;41;34;11;2;298;0;6;37;39;992;21;37;30;84344832;0
689;41;34;1;2;296;0;0;37;39;992;21;37;30;84344832;0
690;41;33;90;199;295;0;254;37;39;918;21;37;30;84344832;0
691;41;34;3;1;294;0;2;37;39;918;21;37;30;84344832;0
692;41;33;111;275;293;0;246;37;39;792;23;37;30;84344832;0
693;41;34;13;3;292;0;6;37;39;792;23;37;30;84344832;0
694;41;34;1;0;291;0;0;37;38;792;23;37;30;84344832;0
695;41;33;82;201;291;0;249;38;38;809;21;37;30;84344832;0
696;41;34;9;1;294;0;4;38;38;809;21;37;30;84344832;0
697;41;32;33;334;294;0;239;38;38;809;21;37;30;84344832;0
698;41;33;53;75;294;0;4;37;38;878;22;37;30;84344832;0
699;41;34;2;0;293;0;3;38;38;878;22;37;30;84344832;0
700;41;33;133;309;294;0;242;38;38;929;21;37;30;84344832;0
701;41;34;22;13;298;0;5;37;38;929;21;37;30;84344832;0
702;41;34;2;1;302;0;1;37;38;929;21;37;30;84344832;0
703;41;33;113;285;304;0;245;37;38;975;20;37;30;84344832;0
704;41;34;11;2;305;0;7;37;37;975;20;37;30;84344832;0
705;41;34;1;4;306;0;255;37;37;975;20;37;30;84344832;0
706;41;33;86;156;306;0;0;37;37;936;20;37;30;84344832;0
707;41;34;4;0;306;0;3;37;37;936;20;37;30;84344832;0
708;41;33;123;305;306;0;244;37;37;774;24;37;30;84344832;0
709;41;34;10;2;306;0;5;37;37;774;24;37;30;84344832;0
710;41;33;13;287;306;0;238;37;37;774;24;37;30;84344832;0
711;41;33;105;206;307;0;0;37;37;835;22;37;30;84344832;0
712;41;34;3;0;306;0;4;37;37;835;22;37;30;84344832;0
713;40;33;120;319;306;0;242;37;37;960;21;37;30;84344832;0
714;41;34;37;33;307;0;5;37;37;960;21;37;30;84344832;0
715;41;34;2;1;307;0;0;37;37;960;21;37;30;84344832;0
716;40;33;121;316;307;0;246;37;37;886;22;37;30;84344832;0
717;41;34;5;0;306;0;2;37;36;886;22;37;30;84344832;0
718;41;32;35;340;306;0;237;37;36;886;22;37;30;84344832;0
719;41;34;6;1;307;0;2;37;36;782;23;37;30;84344832;0
720;41;33;140;339;309;0;238;37;36;476;32;37;30;84344832;0
721;41;33;45;62;310;0;6;37;36;476;32;37;30;84344832;0
722;41;34;2;0;309;0;13;37;36;476;32;37;30;84344832;0
723;40;33;129;336;309;0;247;37;36;1151;21;37;30;84344832;0
724;41;34;7;0;311;0;9;37;36;1151;21;37;30;84344832;0
725;41;34;1;2;311;0;0;37;37;1151;21;37;30;84344832;0
726;41;33;114;263;310;0;255;37;38;1070;20;37;30;84344832;0
727;41;34;10;2;307;0;9;37;38;1070;20;37;30;84344832;0
728;41;34;1;0;305;0;4;37;38;1070;20;37;30;84344832;0
729;41;33;127;355;304;0;248;37;38;1148;19;37;30;84344832;0
730;41;34;7;0;302;0;12;37;38;1148;19;37;30;84344832;0
731;41;34;1;5;300;0;0;37;38;1148;19;37;30;84344832;0
732;41;33;114;301;299;0;248;37;38;1173;19;37;30;84344832;0
733;41;34;7;0;299;0;10;37;38;1173;19;37;30;84344832;0
734;41;34;1;8;298;0;0;37;37;1173;19;37;30;84344832;0
735;41;33;112;297;297;0;248;37;37;1029;20;37;30;84344832;0
736;41;34;4;0;296;0;11;37;37;1029;20;37;30;84344832;0
737;41;34;1;0;294;0;2;37;37;1029;20;37;30;84344832;0
738;41;33;126;314;293;0;245;37;37;1013;17;37;30;84344832;0
739;41;34;14;2;294;0;11;37;37;1013;17;37;30;84344832;0
740;41;34;1;0;295;0;6;37;37;1013;17;37;30;84344832;0
741;41;33;111;261;296;0;246;37;37;1096;18;37;30;84344832;0
742;41;34;33;22;298;0;5;37;37;1096;18;37;30;84344832;0
743;41;34;2;0;298;0;6;37;37;1096;18;37;30;84344832;0
744;40;32;122;426;298;0;236;37;37;1096;18;37;30;84344832;0
745;41;33;124;320;299;0;249;37;37;1087;17;37;30;84344832;0
746;41;34;3;0;298;0;6;37;36;1087;17;37;30;84344832;0
747;41;34;1;1;299;0;1;37;36;1087;17;37;30;84344832;0
748;41;33;135;338;301;0;247;37;36;1436;17;37;30;84344832;0
749;41;34;9;1;304;0;12;37;36;1436;17;37;30;84344832;0
750;41;34;1;1;305;0;5;37;36;1436;17;37;30;84344832;0
751;40;33;140;303;307;0;243;37;36;1357;16;37;30;84344832;0
752;41;33;92;169;311;0;3;37;36;1357;16;37;30;84344832;0
753;41;34;3;0;312;0;7;37;36;1357;16;37;30;84344832;0
754;41;34;0;0;312;0;0;37;37;1357;16;37;30;84344832;0
755;41;33;119;318;312;0;247;37;38;1328;16;37;30;84344832;0
756;41;34;13;2;313;0;9;37;38;1328;16;37;30;84344832;0
757;41;34;2;0;312;0;4;37;38;1328;16;37;30;84344832;0
758;41;33;42;323;310;0;239;37;38;1328;16;37;30;84344832;0
759;41;33;78;147;308;0;2;37;38;1362;16;37;30;84344832;0
760;41;34;3;0;306;0;5;37;38;1362;16;37;30;84344832;0
761;41;34;1;0;303;0;0;37;38;1362;16;37;30;84344832;0
762;40;33;129;327;301;0;243;37;38;1134;15;37;30;84344832;0
763;41;34;16;5;300;0;6;37;38;1134;15;37;30;84344832;0
764;41;34;1;0;300;0;1;37;38;1134;15;37;30;84344832;0
765;41;34;0;173;300;0;243;37;38;1134;15;37;30;84344832;0
766;41;33;97;236;300;0;252;37;38;1055;16;37;30;84344832;0
767;41;34;3;0;302;0;3;37;38;1055;16;37;30;84344832;0
768;41;34;1;1;301;0;0;37;37;1055;16;37;30;84344832;0
769;41;33;101;256;302;0;248;37;37;943;18;37;30;84344832;0
770;41;34;5;0;302;0;6;37;37;943;18;37;30;84344832;0
771;41;34;1;0;302;0;0;37;37;943;18;37;30;84344832;0
772;41;33;114;289;301;0;248;37;37;959;19;37;30;84344832;0
773;41;34;4;0;301;0;4;37;37;959;19;37;30;84344832;0
774;40;33;55;302;300;0;241;37;37;959;19;37;30;84344832;0
775;41;34;21;14;301;0;3;37;37;858;21;37;30;84344832;0
776;41;34;1;0;303;0;0;37;37;858;21;37;30;84344832;0
777;40;33;106;265;302;0;246;37;37;701;22;37;30;84344832;0
778;41;34;11;2;301;0;3;37;37;701;22;37;30;84344832;0
779;41;34;1;0;299;0;0;37;36;701;22;37;30;84344832;0
780;40;33;111;303;296;0;243;37;36;796;18;37;30;84344832;0
781;41;34;30;27;294;0;5;37;36;796;18;37;30;84344832;0
782;41;34;2;0;294;0;2;37;36;796;18;37;30;84344832;0
783;40;33;117;293;294;0;244;37;36;977;19;37;30;84344832;0
784;41;34;12;2;296;0;5;37;36;977;19;37;30;84344832;0
785;41;34;1;0;297;0;0;37;36;977;19;37;30;84344832;0
786;40;33;124;307;298;0;246;37;36;943;20;37;30;84344832;0
787;41;34;10;2;300;0;6;37;36;943;20;37;30;84344832;0
788;40;33;21;365;301;0;234;37;37;920;24;37;30;84344832;0
789;41;34;22;9;302;0;5;37;38;920;24;37;30;84344832;0
790;41;34;2;2;303;0;2;37;39;920;24;37;30;84344832;0
791;40;33;52;335;302;0;240;37;40;888;19;37;30;84344832;0
792;41;34;50;79;303;0;4;37;40;888;19;37;30;84344832;0
793;40;34;2;0;303;0;3;37;40;888;19;37;30;84344832;0
794;41;34;3;78;303;0;251;37;40;888;19;37;30;84344832;0
795;41;34;53;85;307;0;4;37;40;1091;18;37;30;84344832;0
796;40;34;3;0;311;0;4;37;40;1091;18;37;30;84344832;0
797;40;33;129;286;312;0;245;37;40;1031;20;37;30;84344832;0
798;41;34;25;20;312;0;5;37;39;1031;20;37;30;84344832;0
799;40;34;1;0;311;0;2;37;39;1031;20;37;30;84344832;0
800;40;33;128;312;308;0;243;37;39;896;19;37;30;84344832;0
801;40;34;26;18;305;0;6;37;39;896;19;37;30;84344832;0
802;40;34;2;0;301;0;3;37;39;896;19;37;30;84344832;0
803;40;33;119;318;299;0;246;37;39;1015;21;37;30;84344832;0
804;40;34;4;0;298;0;7;38;39;1015;21;37;30;84344832;0
805;40;34;1;1;297;0;0;38;39;1015;21;37;30;84344832;0
806;40;33;133;341;297;0;244;37;38;869;19;37;30;84344832;0
807;40;34;6;1;298;0;7;37;38;869;19;37;30;84344832;0
808;40;34;1;1;299;0;1;38;38;869;19;37;30;84344832;0
809;40;33;122;300;301;0;246;38;38;989;18;37;30;84344832;0
810;40;34;10;2;306;0;8;37;38;989;18;37;30;84344832;0
811;40;34;1;1;308;0;2;38;38;989;18;37;30;84344832;0
812;40;34;0;0;309;0;255;37;38;989;18;37;30;84344832;0
813;40;33;125;332;311;0;241;37;38;897;15;37;30;84344832;0
814;40;34;11;2;312;0;7;37;38;897;15;37;30;84344832;0
815;40;34;1;0;312;0;2;37;38;897;15;37;30;84344832;0
816;40;33;59;318;311;0;240;37;38;1114;17;37;30;84344832;0
817;40;34;12;2;312;0;4;37;37;1114;17;37;30;84344832;0
818;40;33;19;336;312;0;239;37;37;1114;17;37;30;84344832;0
819;40;33;78;133;311;0;3;37;37;725;26;37;30;84344832;0
820;40;34;3;0;309;0;6;37;37;725;26;37;30;84344832;0
821;40;33;110;323;307;0;243;37;37;997;20;37;30;84344832;0
822;40;34;15;7;306;0;5;37;37;997;20;37;30;84344832;0
823;40;34;1;0;305;0;3;37;37;997;20;37;30;84344832;0
824;40;33;115;301;303;0;244;37;37;887;20;37;30;84344832;0
825;40;34;14;5;303;0;5;37;37;887;20;37;30;84344832;0
826;40;34;2;0;302;0;4;37;37;887;20;37;30;84344832;0
827;40;33;113;281;300;0;248;37;37;895;21;37;30;84344832;0
828;40;34;7;1;300;0;8;37;37;895;21;37;30;84344832;0
829;40;34;1;1;299;0;1;37;36;895;21;37;30;84344832;0
830;40;33;103;268;299;0;248;37;36;814;20;37;30;84344832;0
831;40;34;12;2;298;0;10;37;36;814;20;37;30;84344832;0
832;40;34;1;0;297;0;3;37;36;814;20;37;30;84344832;0
833;40;33;110;272;295;0;245;37;36;1055;17;37;30;84344832;0
834;40;34;49;56;294;0;4;37;36;1055;17;37;30;84344832;0
835;40;34;2;0;293;0;7;37;36;1055;17;37;30;84344832;0
836;40;33;64;325;291;0;240;37;36;1071;18;37;30;84344832;0
837;40;33;91;216;292;0;252;37;36;1071;18;37;30;84344832;0
838;40;34;4;0;294;0;8;37;36;1071;18;37;30;84344832;0
839;40;34;1;5;293;0;255;37;37;1071;18;37;30;84344832;0
840;40;33;119;298;293;0;248;37;38;1078;18;37;30;84344832;0
841;40;34;6;0;293;0;10;37;38;1078;18;37;30;84344832;0
842;40;34;1;2;293;0;2;37;38;1078;18;37;30;84344832;0
843;40;33;105;264;294;0;248;37;38;1089;18;37;30;84344832;0
844;40;34;8;1;296;0;9;37;38;1089;18;37;30;84344832;0
845;40;34;1;0;297;0;3;37;38;1089;18;37;30;84344832;0
846;40;33;110;265;298;0;247;37;38;976;19;37;30;84344832;0
847;40;34;8;1;300;0;10;37;38;976;19;37;30;84344832;0
848;40;34;1;8;301;0;255;37;38;976;19;37;30;84344832;0
849;40;33;114;284;302;0;250;37;38;980;20;37;30;84344832;0
850;40;34;3;0;304;0;6;37;38;980;20;37;30;84344832;0
851;40;34;1;1;305;0;0;37;38;980;20;37;30;84344832;0
852;40;33;108;259;305;0;248;37;37;920;18;37;30;84344832;0
853;40;34;3;0;306;0;4;37;37;920;18;37;30;84344832;0
854;40;33;46;244;305;0;244;37;37;766;22;37;30;84344832;0
855;40;34;45;43;304;0;4;37;37;766;22;37;30;84344832;0
856;40;34;2;0;304;0;3;37;37;766;22;37;30;84344832;0
857;40;33;132;303;302;0;244;37;37;833;20;37;30;84344832;0
858;40;34;23;19;301;0;6;37;37;833;20;37;30;84344832;0
859;40;34;1;0;300;0;4;37;37;833;20;37;30;84344832;0
860;40;33;123;283;299;0;246;37;37;954;19;37;30;84344832;0
861;40;34;5;0;299;0;5;37;37;954;19;37;30;84344832;0
862;40;33;5;178;299;0;244;37;37;954;19;37;30;84344832;0
863;40;33;109;211;299;0;0;37;37;722;24;37;30;84344832;0
864;40;34;3;0;298;0;5;37;36;722;24;37;30;84344832;0
865;40;33;15;269;298;0;240;37;36;722;24;37;30;84344832;0
866;40;33;106;234;300;0;254;37;36;984;19;37;30;84344832;0
867;40;34;3;0;302;0;7;37;36;984;19;37;30;84344832;0
868;40;33;4;168;303;0;243;37;36;984;19;37;30;84344832;0
869;40;33;114;288;305;0;248;37;36;962;19;37;30;84344832;0
870;40;34;4;0;305;0;9;37;36;962;19;37;30;84344832;0
871;40;34;1;1;305;0;0;37;37;962;19;37;30;84344832;0
872;40;33;111;287;305;0;247;37;38;1047;17;37;30;84344832;0
873;40;34;7;0;306;0;9;37;38;1047;17;37;30;84344832;0
874;40;34;2;24;305;0;255;37;38;1047;17;37;30;84344832;0
875;40;33;96;198;304;0;0;37;38;944;21;37;30;84344832;0
876;40;34;4;0;303;0;7;37;38;944;21;37;30;84344832;0
877;40;34;3;162;300;0;245;37;38;944;21;37;30;84344832;0
878;40;33;108;274;299;0;248;37;38;945;19;37;30;84344832;0
879;40;34;4;0;298;0;8;37;38;945;19;37;30;84344832;0
880;40;35;1;1;297;0;1;37;38;945;19;37;30;84344832;0
881;40;33;114;284;297;0;247;37;38;1056;17;37;30;84344832;0
882;40;34;14;3;298;0;8;37;38;1056;17;37;30;84344832;0
883;40;34;1;0;298;0;5;37;38;1056;17;37;30;84344832;0
884;40;33;133;335;299;0;242;37;38;1175;17;37;30;84344832;0
885;40;34;40;36;301;0;5;37;37;1175;17;37;30;84344832;0
886;40;34;4;37;302;0;0;37;37;1175;17;37;30;84344832;0
887;40;33;116;312;303;0;243;37;37;990;19;37;30;84344832;0
888;40;34;43;66;304;0;4;37;37;990;19;37;30;84344832;0
889;40;34;2;0;303;0;3;37;37;990;19;37;30;84344832;0
890;40;35;0;0;303;0;4;37;37;990;19;37;30;84344832;0
891;40;33;133;354;304;0;243;37;37;1084;15;37;30;84344832;0
892;40;34;20;43;307;0;0;37;37;1084;15;37;30;84344832;0
893;40;34;2;0;309;0;2;37;37;1084;15;37;30;84344832;0
894;40;33;131;326;312;0;248;37;37;782;21;37;30;84344832;0
895;40;34;9;1;314;0;11;37;37;782;21;37;30;84344832;0
896;40;35;1;1;313;0;3;37;37;782;21;37;30;84344832;0
897;40;33;136;350;312;0;243;37;36;1199;18;37;30;84344832;0
898;40;34;30;19;311;0;8;37;36;1199;18;37;30;84344832;0
899;40;34;2;0;308;0;6;37;36;1199;18;37;30;84344832;0
900;40;33;126;327;305;0;245;37;36;1192;18;37;30;84344832;0
901;40;34;41;42;304;0;5;37;36;1192;18;37;30;84344832;0
902;40;34;2;0;302;0;4;37;36;1192;18;37;30;84344832;0
903;40;33;108;287;299;0;247;37;37;1083;20;37;30;84344832;0
904;40;34;10;1;297;0;7;37;39;1083;20;37;30;84344832;0
905;40;35;1;0;294;0;3;37;40;1083;20;37;30;84344832;0
906;40;33;113;278;292;0;248;37;40;936;20;37;30;84344832;0
907;40;34;7;1;291;0;6;37;40;936;20;37;30;84344832;0
908;40;35;1;0;292;0;1;37;40;936;20;37;30;84344832;0
909;40;33;105;234;293;0;249;37;40;962;19;37;30;84344832;0
910;40;34;7;1;295;0;4;37;40;962;19;37;30;84344832;0
911;40;35;1;1;295;0;0;37;40;962;19;37;30;84344832;0
912;40;33;119;280;294;0;247;37;40;815;19;37;30;84344832;0
913;40;34;11;2;293;0;5;37;40;815;19;37;30;84344832;0
914;40;35;1;0;293;0;2;37;40;815;19;37;30;84344832;0
915;40;33;126;301;294;0;244;37;40;1051;18;37;30;84344832;0
916;40;34;18;16;296;0;4;38;40;1051;18;37;30;84344832;0
917;40;35;1;0;298;0;2;38;39;1051;18;37;30;84344832;0
918;40;33;110;261;302;0;245;37;39;999;19;37;30;84344832;0
919;40;34;16;6;307;0;4;38;39;999;19;37;30;84344832;0
920;40;35;1;0;310;0;1;38;39;999;19;37;30;84344832;0
921;40;33;92;227;311;0;245;38;39;810;19;37;30;84344832;0
922;40;34;8;1;310;0;4;38;39;810;19;37;30;84344832;0
923;40;35;1;1;309;0;255;38;39;810;19;37;30;84344832;0
924;40;34;69;108;307;0;1;38;39;623;22;37;30;84344832;0
925;40;34;3;0;306;0;1;38;39;623;22;37;30;84344832;0
926;40;33;108;296;305;0;242;38;38;741;21;37;30;84344832;0
927;40;34;15;6;305;0;3;38;38;741;21;37;30;84344832;0
928;40;35;1;1;304;0;0;38;38;741;21;37;30;84344832;0
929;40;33;111;267;303;0;248;38;38;738;23;37;30;84344832;0
930;40;34;9;2;304;0;3;38;38;738;23;37;30;84344832;0
931;40;35;1;0;303;0;1;38;38;738;23;37;30;84344832;0
932;40;33;12;196;304;0;244;38;38;738;23;37;30;84344832;0
933;40;33;93;230;305;0;250;38;38;991;16;37;30;84344832;0
934;40;34;10;2;306;0;6;38;38;991;16;37;30;84344832;0
935;40;35;1;0;305;0;1;38;38;991;16;37;30;84344832;0
936;40;33;113;283;303;0;246;37;38;1128;17;37;30;84344832;0
937;40;34;9;2;301;0;4;37;37;1128;17;37;30;84344832;0
938;40;35;1;0;300;0;0;37;37;1128;17;37;30;84344832;0
939;40;33;118;286;299;0;245;37;37;936;18;37;30;84344832;0
940;40;34;20;15;301;0;4;37;37;936;18;37;30;84344832;0
941;40;35;2;0;301;0;2;37;37;936;18;37;30;84344832;0
942;40;33;122;278;301;0;245;37;37;1057;18;37;30;84344832;0
943;40;34;20;13;300;0;4;37;37;1057;18;37;30;84344832;0
944;40;35;2;0;299;0;2;37;37;1057;18;37;30;84344832;0
945;40;33;103;273;298;0;244;37;37;977;18;37;30;84344832;0
946;40;34;31;28;299;0;3;37;37;977;18;37;30;84344832;0
947;40;35;2;0;299;0;2;37;37;977;18;37;30;84344832;0
948;40;33;107;256;300;0;244;37;37;892;19;37;30;84344832;0
949;40;35;0;0;322;0;0;37;37;0;0;37;30;84279296;0
1010;40;35;0;5;214;0;255;37;36;0;0;37;30;84279296;0
1071;40;35;0;4;224;0;255;36;35;0;0;37;30;84279296;0
