# time;P_O2, atm;P_He, atm;Flow O2, l/min;Flow He, l/min;FiO2 Env, %;FiO2 sens2, %;P mask, cm H2O;Tmask, gradC;Tnagr, gradC;V, ml;f, 1/min;Tzad, gradC;FiO2 zad, %;Flags;
# POWERON 14.12.2018 14:33:19
1;0;0;0;5;0;0;255;135;135;0;0;40;30;84279808;0
50;0;0;0;4;633;0;248;135;135;0;0;40;30;84279301;0
79;39;0;0;5;210;0;255;135;135;0;0;40;30;84279300;0
100;39;36;0;5;210;0;255;135;135;0;0;40;30;84279296;0
161;39;37;0;6;190;0;255;135;135;0;0;40;30;84344832;0
162;39;37;0;7;190;0;255;135;135;0;0;40;30;84344832;0
163;39;37;0;6;190;0;255;135;135;0;0;40;30;84344832;0
164;38;34;289;613;190;0;234;135;135;0;0;40;30;84344832;0
165;39;35;17;4;191;0;19;135;135;0;0;40;30;84344832;0
166;39;34;14;245;200;0;240;135;135;1819;26;40;30;84344832;0
167;39;34;121;147;218;0;7;135;135;1819;26;40;30;84344832;0
168;39;35;6;5;238;0;3;135;135;1819;26;40;30;84344832;0
169;39;35;5;1;258;0;4;135;135;1423;21;40;30;84344832;0
170;38;34;377;548;281;0;235;135;135;250;50;40;30;84344832;0
171;39;35;8;1;304;0;10;135;135;250;50;40;30;84344832;0
172;39;34;208;471;324;0;235;135;135;1368;26;40;30;84344832;0
173;39;35;79;114;334;0;7;135;135;1368;26;40;30;84344832;0
174;39;36;2;0;341;0;6;135;135;1368;26;40;30;84344832;0
175;39;34;174;431;341;0;246;135;135;1354;22;40;30;84344832;0
176;39;35;7;1;340;0;10;135;135;1354;22;40;30;84344832;0
177;39;36;2;1;336;0;0;135;135;1354;22;40;30;84344832;0
178;38;33;275;800;329;0;220;135;135;1423;17;40;30;84344832;0
179;39;35;29;43;321;0;11;135;135;1423;17;40;30;84344832;0
180;39;35;3;9;313;0;1;135;135;1423;17;40;30;84344832;0
181;39;34;186;449;310;0;247;135;135;1926;21;40;30;84344832;0
182;39;36;5;2;310;0;5;135;135;1926;21;40;30;84344832;0
183;39;35;2;4;311;0;0;135;135;1926;21;40;30;84344832;0
184;39;33;269;702;313;0;230;135;135;1277;18;40;30;84344832;0
185;39;35;14;4;317;0;9;135;135;1277;18;40;30;84344832;0
186;39;36;2;2;318;0;1;135;135;1277;18;40;30;84344832;0
187;39;34;195;493;319;0;249;135;135;1642;20;40;30;84344832;0
188;39;34;125;334;319;0;251;135;135;1642;20;40;30;84344832;0
189;39;36;4;0;317;0;8;135;135;1642;20;40;30;84344832;0
190;39;34;43;535;313;0;224;135;135;1642;20;40;30;84344832;0
191;39;34;78;196;310;0;0;135;135;2240;16;40;30;84344832;0
192;39;36;3;0;307;0;5;135;135;2240;16;40;30;84344832;0
193;39;34;207;555;302;0;231;135;135;1340;20;40;30;84344832;0
194;39;35;15;5;298;0;9;135;135;1340;20;40;30;84344832;0
195;39;35;3;8;295;0;0;135;135;1340;20;40;30;84344832;0
196;39;34;140;313;294;0;255;135;135;1252;23;40;30;84344832;0
197;39;36;5;1;295;0;6;135;135;1252;23;40;30;84344832;0
198;39;35;3;3;296;0;0;135;135;1252;23;40;30;84344832;0
199;39;34;20;356;298;0;230;135;135;1252;23;40;30;84344832;0
200;39;35;23;19;301;0;8;135;135;1328;15;40;30;84344832;0
201;39;36;2;2;303;0;1;135;135;1328;15;40;30;84344832;0
202;39;34;187;483;304;0;235;135;135;1201;21;40;30;84344832;0
203;39;36;6;1;307;0;4;135;135;1201;21;40;30;84344832;0
204;39;36;1;2;309;0;0;135;135;1201;21;40;30;84344832;0
205;39;34;201;551;311;0;234;135;135;1026;19;40;30;84344832;0
206;39;35;20;28;314;0;6;135;135;1026;19;40;30;84344832;0
207;39;36;2;2;314;0;2;135;135;1026;19;40;30;84344832;0
208;39;34;190;547;312;0;227;135;135;1412;17;40;30;84344832;0
209;39;35;38;63;312;0;9;135;135;1412;17;40;30;84344832;0
210;39;36;3;6;310;0;3;135;135;1412;17;40;30;84344832;0
211;38;34;226;512;308;0;228;135;135;1586;19;40;30;84344832;0
212;39;35;34;42;308;0;7;135;135;1586;19;40;30;84344832;0
213;39;36;2;8;308;0;2;135;135;1586;19;40;30;84344832;0
214;39;34;196;523;307;0;238;135;135;1350;20;40;30;84344832;0
215;39;35;10;4;306;0;4;135;135;1350;20;40;30;84344832;0
216;39;36;1;1;304;0;0;135;135;1350;20;40;30;84344832;0
217;39;36;0;0;304;0;0;135;135;1350;20;40;30;84344832;0
218;39;34;223;593;307;0;237;135;135;846;16;40;30;84344832;0
219;39;36;7;5;310;0;5;135;135;846;16;40;30;84344832;0
220;39;34;18;466;310;0;227;135;135;846;16;40;30;84344832;0
221;39;35;17;16;311;0;6;135;135;1558;21;40;30;84344832;0
222;39;34;35;444;310;0;232;135;135;939;30;40;30;84344832;0
223;39;35;15;28;308;0;3;135;135;939;30;40;30;84344832;0
224;39;36;2;0;304;0;3;135;135;863;47;40;30;84344832;0
225;39;34;169;469;302;0;246;135;135;290;36;40;30;84344832;0
226;39;36;5;1;302;0;5;135;135;290;36;40;30;84344832;0
227;39;34;222;626;301;0;232;135;135;1128;26;40;30;84344832;0
228;39;35;15;6;301;0;12;135;135;1128;26;40;30;84344832;0
229;39;34;260;600;301;0;242;135;135;1358;27;40;30;84344832;0
230;39;35;29;46;301;0;7;135;135;1358;27;40;30;84344832;0
231;39;36;2;6;302;0;2;135;135;1358;27;40;30;84344832;0
232;39;34;83;207;303;0;0;135;135;1282;23;40;30;84344832;0
233;39;36;5;1;304;0;8;135;135;1282;23;40;30;84344832;0
234;39;34;202;549;303;0;236;135;135;1075;25;40;30;84344832;0
235;39;36;8;1;301;0;7;135;135;1075;25;40;30;84344832;0
236;39;36;1;6;297;0;0;135;135;1075;25;40;30;84344832;0
237;39;34;67;133;297;0;5;135;135;1223;21;40;30;84344832;0
238;39;36;2;0;297;0;3;135;135;1223;21;40;30;84344832;0
239;39;34;138;336;297;0;249;135;135;1012;24;40;30;84344832;0
240;39;36;5;4;297;0;2;135;135;1012;24;40;30;84344832;0
241;39;34;215;618;297;0;226;135;135;811;26;40;30;84344832;0
242;39;34;97;251;297;0;255;135;135;811;26;40;30;84344832;0
243;39;36;3;0;296;0;5;135;135;811;26;40;30;84344832;0
244;39;35;5;96;294;0;0;135;135;811;26;40;30;84344832;0
245;39;34;143;356;292;0;247;135;135;1409;17;40;30;84344832;0
246;39;36;4;1;291;0;2;135;135;1409;17;40;30;84344832;0
247;39;36;1;2;290;0;0;135;135;1409;17;40;30;84344832;0
248;39;36;0;0;292;0;0;135;135;1409;17;40;30;84344832;0
249;39;35;16;2;295;0;2;135;135;1178;13;40;30;84344832;0
250;39;36;1;1;299;0;0;135;135;1178;13;40;30;84344832;0
251;39;35;32;57;302;0;254;135;135;215;26;40;30;84344832;0
252;39;34;128;301;305;0;248;135;135;193;53;40;30;84344832;0
253;39;36;5;1;308;0;0;135;135;193;53;40;30;84344832;0
254;39;36;1;0;307;0;255;135;135;193;53;40;30;84344832;0
255;39;36;0;0;306;0;255;135;135;193;53;40;30;84344832;0
256;39;36;0;0;306;0;255;135;135;193;53;40;30;84344832;0
257;39;36;0;1;309;0;255;135;135;193;53;40;30;84344832;0
258;39;35;14;11;314;0;0;135;135;388;10;40;30;84344832;0
259;39;36;2;0;322;0;255;135;135;388;10;40;30;84344832;0
260;39;36;1;0;329;0;0;135;135;388;10;40;30;84344832;0
261;39;33;122;789;337;0;213;135;135;388;10;40;30;84344832;0
262;39;35;14;27;338;0;9;135;135;346;18;40;30;84344832;0
263;39;33;217;672;334;0;235;135;135;346;18;40;30;84344832;0
264;39;36;6;0;328;0;8;135;135;346;18;40;30;84344832;0
265;39;33;207;649;320;0;234;135;135;2503;15;40;30;84344832;0
266;39;35;9;12;315;0;4;135;135;2503;15;40;30;84344832;0
267;39;34;13;392;309;0;230;135;135;2503;15;40;30;84344832;0
268;39;35;24;31;305;0;8;135;135;1026;25;40;30;84344832;0
269;39;36;2;2;302;0;0;135;135;1026;25;40;30;84344832;0
270;39;34;196;572;300;0;237;135;135;1280;21;40;30;84344832;0
271;39;36;5;0;300;0;5;135;135;1280;21;40;30;84344832;0
272;39;36;1;2;300;0;0;135;135;1280;21;40;30;84344832;0
273;39;34;131;445;302;0;252;135;135;1087;21;40;30;84344832;0
274;39;36;3;0;304;0;2;135;135;1087;21;40;30;84344832;0
275;39;36;1;0;304;0;0;135;135;1087;21;40;30;84344832;0
276;39;34;196;604;305;0;226;135;135;1264;16;40;30;84344832;0
277;39;35;12;9;307;0;6;135;135;1264;16;40;30;84344832;0
278;39;36;2;1;307;0;0;135;135;1264;16;40;30;84344832;0
279;39;34;175;514;307;0;235;135;135;1282;19;40;30;84344832;0
280;39;36;5;0;308;0;3;135;135;1282;19;40;30;84344832;0
281;39;33;226;696;308;0;228;135;135;854;27;40;30;84344832;0
282;39;35;17;6;306;0;12;135;135;854;27;40;30;84344832;0
283;39;36;3;19;302;0;1;135;135;854;27;40;30;84344832;0
284;39;34;130;368;299;0;251;135;135;1500;22;40;30;84344832;0
285;39;36;5;0;295;0;8;135;135;1500;22;40;30;84344832;0
286;39;36;3;3;291;0;0;135;135;1500;22;40;30;84344832;0
287;39;34;97;221;287;0;2;135;135;1252;20;40;30;84344832;0
288;39;36;3;2;284;0;1;135;135;1252;20;40;30;84344832;0
289;39;34;177;487;282;0;234;135;135;1130;23;40;30;84344832;0
290;39;36;7;1;283;0;5;135;135;1130;23;40;30;84344832;0
291;39;34;92;133;284;0;253;135;135;856;28;40;30;84344832;0
292;39;35;5;8;287;0;8;135;135;856;28;40;30;84344832;0
293;39;34;224;570;289;0;229;135;135;455;26;40;30;84344832;0
294;39;35;11;4;293;0;6;135;135;455;26;40;30;84344832;0
295;39;35;3;118;297;0;243;135;135;455;26;40;30;84344832;0
296;39;35;20;13;301;0;8;135;135;982;25;40;30;84344832;0
297;39;36;3;11;305;0;0;135;135;982;25;40;30;84344832;0
298;39;34;225;569;307;0;232;135;135;1029;22;40;30;84344832;0
299;39;36;6;2;309;0;5;135;135;1029;22;40;30;84344832;0
300;39;36;2;2;309;0;0;135;135;1029;22;40;30;84344832;0
301;39;35;18;17;312;0;5;135;135;1160;22;40;30;84344832;0
302;39;36;3;7;314;0;255;135;135;1160;22;40;30;84344832;0
303;39;35;13;6;315;0;4;135;135;732;30;40;30;84344832;0
304;39;36;2;10;314;0;0;135;135;732;30;40;30;84344832;0
305;39;34;120;286;313;0;253;135;135;732;24;40;30;84344832;0
306;39;36;3;1;312;0;1;135;135;732;24;40;30;84344832;0
307;39;36;1;5;310;0;252;135;135;732;24;40;30;84344832;0
308;39;35;59;60;309;0;8;135;135;831;21;40;30;84344832;0
309;39;36;2;0;308;0;2;135;135;831;21;40;30;84344832;0
310;39;34;160;443;306;0;242;135;135;995;24;40;30;84344832;0
311;39;36;6;4;305;0;3;135;135;995;24;40;30;84344832;0
312;39;36;1;0;304;0;0;135;135;995;24;40;30;84344832;0
313;39;34;169;513;302;0;236;135;135;1047;17;40;30;84344832;0
314;39;35;24;24;303;0;7;135;135;1047;17;40;30;84344832;0
315;39;36;3;11;302;0;1;135;135;1047;17;40;30;84344832;0
316;39;34;65;135;301;0;2;135;135;1110;23;40;30;84344832;0
317;39;36;2;0;299;0;5;135;135;1110;23;40;30;84344832;0
318;39;34;179;500;296;0;239;135;135;862;25;40;30;84344832;0
319;39;36;5;2;296;0;3;135;135;862;25;40;30;84344832;0
320;39;34;143;346;296;0;241;135;135;983;26;40;30;84344832;0
321;39;36;4;0;297;0;4;135;135;983;26;40;30;84344832;0
322;39;34;161;391;299;0;252;135;135;442;34;40;30;84344832;0
323;39;36;4;1;300;0;4;135;135;442;34;40;30;84344832;0
324;39;35;4;145;302;0;244;135;135;442;34;40;30;84344832;0
325;39;35;18;10;306;0;6;135;135;1085;22;40;30;84344832;0
326;39;34;18;173;311;0;251;135;135;624;34;40;30;84344832;0
327;39;34;54;495;311;0;227;135;135;624;34;40;30;84344832;0
328;39;35;32;54;309;0;8;135;135;278;42;40;30;84344832;0
329;39;36;3;22;304;0;0;135;135;278;42;40;30;84344832;0
330;39;35;36;48;300;0;10;135;135;1428;26;40;30;84344832;0
331;39;33;267;658;299;0;237;135;135;1070;35;40;30;84344832;0
332;39;35;32;61;300;0;8;135;135;1070;35;40;30;84344832;0
333;39;36;3;13;301;0;0;135;135;1070;35;40;30;84344832;0
334;39;34;93;184;300;0;9;135;135;1586;23;40;30;84344832;0
335;39;36;4;9;297;0;4;135;135;1586;23;40;30;84344832;0
336;39;34;90;200;295;0;3;135;135;1273;29;40;30;84344832;0
337;39;36;3;1;295;0;4;135;135;1273;29;40;30;84344832;0
338;39;33;250;669;297;0;232;135;135;1258;23;40;30;84344832;0
339;39;36;11;4;299;0;9;135;135;1258;23;40;30;84344832;0
340;39;36;1;3;300;0;0;135;135;1258;23;40;30;84344832;0
341;39;34;110;247;301;0;1;135;135;1451;21;40;30;84344832;0
342;39;36;3;1;303;0;5;135;135;1451;21;40;30;84344832;0
343;39;34;117;201;303;0;9;135;135;1395;26;40;30;84344832;0
344;39;36;4;1;302;0;5;135;135;1395;26;40;30;84344832;0
345;39;33;236;637;300;0;230;135;135;1123;25;40;30;84344832;0
346;39;36;9;1;298;0;7;135;135;1123;25;40;30;84344832;0
347;39;36;3;17;295;0;0;135;135;1123;25;40;30;84344832;0
348;39;34;106;263;296;0;253;135;135;1112;24;40;30;84344832;0
349;39;36;4;0;299;0;5;135;135;1112;24;40;30;84344832;0
350;39;34;175;454;301;0;238;135;135;1126;22;40;30;84344832;0
351;39;36;12;5;300;0;8;135;135;1126;22;40;30;84344832;0
352;39;36;2;14;299;0;0;135;135;1126;22;40;30;84344832;0
353;39;35;47;57;300;0;6;135;135;1182;22;40;30;84344832;0
354;39;36;3;8;301;0;0;135;135;1182;22;40;30;84344832;0
355;39;34;88;201;302;0;247;135;135;740;26;40;30;84344832;0
356;39;35;15;7;303;0;3;135;135;740;26;40;30;84344832;0
357;39;35;5;93;303;0;251;135;135;740;26;40;30;84344832;0
358;39;36;15;3;302;0;5;135;135;832;22;40;30;84344832;0
359;39;36;2;6;303;0;255;135;135;832;22;40;30;84344832;0
360;39;36;7;2;305;0;0;135;135;616;25;40;30;84344832;0
361;39;35;38;59;305;0;2;135;135;246;53;40;30;84344832;0
362;39;36;5;2;296;0;0;135;135;246;53;40;30;84344832;0
363;39;36;1;0;288;0;255;135;135;246;53;40;30;84344832;0
364;39;36;0;0;288;0;255;135;135;246;53;40;30;84344832;0
365;39;36;0;0;293;0;255;135;135;246;53;40;30;84344832;0
366;39;36;0;1;298;0;255;135;135;246;53;40;30;84344832;0
367;39;36;0;1;304;0;255;135;135;246;53;40;30;84344832;0
368;39;36;0;2;310;0;255;135;135;246;53;40;30;84344832;0
369;39;36;0;2;316;0;255;135;135;246;53;40;30;84344832;0
370;39;37;0;4;322;0;255;135;135;246;53;40;30;84344832;0
371;39;37;0;4;328;0;255;135;135;246;53;40;30;84344832;0
372;39;37;0;4;335;0;255;135;135;246;53;40;30;84344832;0
373;39;37;0;5;342;0;6;135;135;246;53;40;30;84344832;0
374;39;33;277;785;349;0;228;135;135;807;5;40;30;84344832;0
375;39;35;7;44;355;0;5;135;135;807;5;40;30;84344832;0
376;39;33;276;874;355;0;231;135;135;1170;39;40;30;84344832;0
377;39;35;6;34;349;0;2;135;135;1170;39;40;30;84344832;0
378;39;36;5;5;336;0;0;135;135;1457;29;40;30;84344832;0
379;39;33;191;705;326;0;228;135;135;237;34;40;30;84344832;0
380;39;36;6;0;321;0;5;135;135;237;34;40;30;84344832;0
381;39;36;1;9;315;0;0;135;135;237;34;40;30;84344832;0
382;39;35;55;57;308;0;8;135;135;1053;21;40;30;84344832;0
383;39;34;15;485;303;0;227;135;135;1053;21;40;30;84344832;0
384;39;35;18;11;297;0;11;135;135;887;36;40;30;84344832;0
385;39;36;3;13;292;0;0;135;135;887;36;40;30;84344832;0
386;39;35;24;24;291;0;5;135;135;1215;24;40;30;84344832;0
387;39;36;1;1;292;0;0;135;135;1215;24;40;30;84344832;0
388;39;33;199;588;292;0;239;135;135;863;25;40;30;84344832;0
389;39;36;5;6;293;0;4;135;135;863;25;40;30;84344832;0
390;39;35;40;35;292;0;5;135;135;1180;28;40;30;84344832;0
391;39;36;2;2;293;0;1;135;135;1180;28;40;30;84344832;0
392;39;36;0;0;293;0;0;135;135;1180;28;40;30;84344832;0
393;39;33;278;766;296;0;227;135;135;650;18;40;30;84344832;0
394;39;36;5;1;300;0;4;135;135;650;18;40;30;84344832;0
395;39;34;135;332;302;0;254;135;135;1064;34;40;30;84344832;0
396;39;36;3;1;303;0;3;135;135;1064;34;40;30;84344832;0
397;39;34;18;112;302;0;249;135;135;1026;22;40;30;84344832;0
398;39;36;17;3;304;0;7;135;135;1026;22;40;30;84344832;0
399;39;36;2;9;305;0;1;135;135;1026;22;40;30;84344832;0
400;39;36;1;0;303;0;0;135;135;1026;22;40;30;84344832;0
401;39;36;0;0;301;0;255;135;135;1026;22;40;30;84344832;0
402;39;34;169;503;301;0;247;135;135;1093;12;40;30;84344832;0
403;39;36;7;19;302;0;5;135;135;1093;12;40;30;84344832;0
404;39;36;3;2;301;0;0;135;135;1093;12;40;30;84344832;0
405;39;34;17;104;300;0;251;135;135;1340;17;40;30;84344832;0
406;39;35;28;28;301;0;4;135;135;1340;17;40;30;84344832;0
407;39;36;2;0;303;0;2;135;135;1340;17;40;30;84344832;0
408;39;34;147;367;302;0;251;135;135;971;21;40;30;84344832;0
409;39;36;3;8;302;0;2;135;135;971;21;40;30;84344832;0
410;39;34;151;374;302;0;1;135;135;1039;30;40;30;84344832;0
411;39;36;5;5;301;0;7;135;135;1039;30;40;30;84344832;0
412;39;33;229;663;300;0;231;135;135;1329;30;40;30;84344832;0
413;39;36;8;6;300;0;5;135;135;1329;30;40;30;84344832;0
414;39;35;3;200;300;0;235;135;135;1329;30;40;30;84344832;0
415;39;35;21;20;300;0;7;135;135;1629;20;40;30;84344832;0
416;39;36;2;16;299;0;0;135;135;1629;20;40;30;84344832;0
417;39;36;11;1;300;0;0;135;135;866;26;40;30;84344832;0
418;39;34;32;374;301;0;232;135;135;94;36;40;30;84344832;0
419;39;34;144;412;299;0;247;135;135;94;36;40;30;84344832;0
420;39;36;3;1;289;0;6;135;135;94;36;40;30;84344832;0
421;39;33;212;598;279;0;235;135;135;1375;19;40;30;84344832;0
422;39;36;7;11;278;0;2;135;135;1375;19;40;30;84344832;0
423;39;34;22;209;279;0;244;135;135;1375;19;40;30;84344832;0
424;39;36;12;1;283;0;2;135;135;754;26;40;30;84344832;0
425;39;36;1;0;289;0;0;135;135;754;26;40;30;84344832;0
426;39;35;43;33;290;0;7;135;135;387;24;40;30;84344832;0
427;39;36;2;1;291;0;1;135;135;387;24;40;30;84344832;0
428;39;34;155;343;293;0;253;135;135;493;30;40;30;84344832;0
429;39;36;5;4;298;0;6;135;135;493;30;40;30;84344832;0
430;39;34;70;457;302;0;230;135;135;493;30;40;30;84344832;0
431;39;35;20;12;305;0;7;135;135;1462;21;40;30;84344832;0
432;39;36;2;11;306;0;0;135;135;1462;21;40;30;84344832;0
433;39;35;45;54;306;0;6;135;135;967;25;40;30;84344832;0
434;39;36;3;16;306;0;0;135;135;967;25;40;30;84344832;0
435;39;35;35;50;307;0;4;135;135;941;28;40;30;84344832;0
436;39;36;2;1;307;0;0;135;135;941;28;40;30;84344832;0
437;39;36;1;6;307;0;246;135;135;941;28;40;30;84344832;0
438;39;35;40;50;308;0;2;135;135;714;19;40;30;84344832;0
439;39;36;3;0;308;0;2;135;135;714;19;40;30;84344832;0
440;39;33;282;745;308;0;222;135;135;835;22;40;30;84344832;0
441;39;36;7;5;309;0;6;135;135;835;22;40;30;84344832;0
442;39;36;6;9;308;0;0;135;135;835;22;40;30;84344832;0
443;39;36;5;41;309;0;240;135;135;1119;21;40;30;84344832;0
444;39;36;8;1;312;0;2;135;135;156;81;40;30;84344832;0
445;39;36;1;1;315;0;0;135;135;156;81;40;30;84344832;0
446;39;34;168;436;316;0;250;135;135;349;26;40;30;84344832;0
447;39;36;3;2;316;0;3;135;135;349;26;40;30;84344832;0
448;39;33;219;685;314;0;228;135;135;1232;26;40;30;84344832;0
449;39;36;8;22;313;0;6;135;135;1232;26;40;30;84344832;0
450;39;33;263;663;311;0;239;135;135;1526;26;40;30;84344832;0
451;39;36;5;0;310;0;8;135;135;1526;26;40;30;84344832;0
452;39;33;245;686;310;0;230;135;135;1182;28;40;30;84344832;0
453;39;36;8;11;311;0;3;135;135;1182;28;40;30;84344832;0
454;39;36;1;1;311;0;0;135;135;1182;28;40;30;84344832;0
455;39;34;209;545;312;0;244;135;135;1051;21;40;30;84344832;0
456;39;36;3;0;313;0;2;135;135;1051;21;40;30;84344832;0
457;39;34;13;131;312;0;249;135;135;1038;23;40;30;84344832;0
458;39;36;5;0;313;0;0;135;135;1038;23;40;30;84344832;0
459;39;34;192;508;313;0;243;135;135;267;29;40;30;84344832;0
460;39;36;4;1;306;0;1;135;135;267;29;40;30;84344832;0
461;39;33;246;566;295;0;227;135;135;765;25;40;30;84344832;0
462;39;36;8;3;290;0;4;135;135;765;25;40;30;84344832;0
463;39;36;1;0;289;0;0;135;135;765;25;40;30;84344832;0
464;39;36;0;0;290;0;255;135;135;765;25;40;30;84344832;0
465;39;34;190;463;292;0;250;135;135;848;17;40;30;84344832;0
466;39;36;7;11;295;0;3;135;135;983;42;40;30;84344832;0
467;39;35;30;87;298;0;252;135;135;53;61;40;30;84344832;0
468;39;36;8;1;302;0;6;135;135;53;61;40;30;84344832;0
469;39;33;238;662;306;0;225;135;135;440;26;40;30;84344832;0
470;39;36;10;19;302;0;3;135;135;440;26;40;30;84344832;0
471;39;36;2;4;294;0;250;135;135;440;26;40;30;84344832;0
472;39;36;12;2;293;0;11;135;135;993;24;40;30;84344832;0
473;39;36;4;16;295;0;0;135;135;993;24;40;30;84344832;0
474;39;34;11;320;297;0;231;135;135;993;24;40;30;84344832;0
475;39;35;14;21;301;0;5;135;135;1035;20;40;30;84344832;0
476;39;36;2;0;303;0;0;135;135;1035;20;40;30;84344832;0
477;39;36;0;0;306;0;255;135;135;1035;20;40;30;84344832;0
478;39;33;260;685;309;0;233;135;135;1029;16;40;30;84344832;0
479;39;36;8;12;314;0;1;135;135;997;58;40;30;84344832;0
480;39;36;1;1;315;0;0;135;135;997;58;40;30;84344832;0
481;39;36;0;0;315;0;250;135;135;997;58;40;30;84344832;0
482;39;35;60;72;316;0;12;135;135;205;21;40;30;84344832;0
483;39;35;7;30;317;0;1;135;135;205;21;40;30;84344832;0
484;39;35;44;97;315;0;11;135;135;1248;34;40;30;84344832;0
485;39;36;4;11;313;0;2;135;135;1248;34;40;30;84344832;0
486;39;35;28;27;310;0;6;135;135;1691;24;40;30;84344832;0
487;39;36;3;5;310;0;0;135;135;1691;24;40;30;84344832;0
488;39;36;0;0;308;0;0;135;135;1691;24;40;30;84344832;0
489;39;34;126;267;307;0;5;135;135;820;19;40;30;84344832;0
490;39;36;6;18;307;0;2;135;135;820;19;40;30;84344832;0
491;39;36;3;37;305;0;250;135;135;820;19;40;30;84344832;0
492;39;34;193;538;306;0;238;135;135;1372;17;40;30;84344832;0
493;39;36;3;2;308;0;1;135;135;1372;17;40;30;84344832;0
494;39;36;1;1;308;0;255;135;135;1372;17;40;30;84344832;0
495;39;36;1;0;307;0;0;135;135;520;21;40;30;84344832;0
496;39;34;112;352;307;0;250;135;135;84;44;40;30;84344832;0
497;39;36;2;4;309;0;248;135;135;84;44;40;30;84344832;0
498;39;36;15;4;308;0;8;135;135;486;39;40;30;84344832;0
499;39;36;2;9;307;0;0;135;135;486;39;40;30;84344832;0
500;39;34;154;402;305;0;254;135;135;995;25;40;30;84344832;0
501;39;36;3;2;302;0;3;135;135;995;25;40;30;84344832;0
502;39;34;6;316;300;0;232;135;135;995;25;40;30;84344832;0
503;39;35;26;31;300;0;8;135;135;1265;20;40;30;84344832;0
504;39;36;2;1;299;0;2;135;135;1265;20;40;30;84344832;0
505;39;34;54;188;298;0;248;135;135;1063;22;40;30;84344832;0
506;39;34;178;536;298;0;236;135;135;1063;22;40;30;84344832;0
507;39;36;3;11;296;0;4;135;135;1063;22;40;30;84344832;0
508;39;34;144;285;292;0;4;135;135;1074;22;40;30;84344832;0
509;39;36;3;3;290;0;1;135;135;1074;22;40;30;84344832;0
510;39;33;196;541;290;0;239;135;135;1048;25;40;30;84344832;0
511;39;36;5;9;293;0;2;135;135;1048;25;40;30;84344832;0
512;39;36;3;12;295;0;0;135;135;1048;25;40;30;84344832;0
513;39;35;35;22;298;0;9;135;135;1039;21;40;30;84344832;0
514;39;36;4;16;301;0;0;135;135;1039;21;40;30;84344832;0
515;39;35;60;93;303;0;14;135;135;795;29;40;30;84344832;0
516;39;33;51;673;304;0;218;135;135;1545;34;40;30;84344832;0
517;39;35;24;9;304;0;19;135;135;1545;34;40;30;84344832;0
518;39;35;64;95;305;0;13;135;135;1571;34;40;30;84344832;0
519;39;35;10;59;305;0;2;135;135;1000;43;40;30;84344832;0
520;39;36;12;8;305;0;8;135;135;1000;43;40;30;84344832;0
521;39;36;4;6;306;0;0;135;135;1000;43;40;30;84344832;0
522;39;36;1;0;307;0;0;135;135;1000;43;40;30;84344832;0
523;39;34;94;358;311;0;235;135;135;1083;15;40;30;84344832;0
524;39;35;19;101;316;0;4;135;135;1083;15;40;30;84344832;0
525;39;35;13;24;316;0;0;135;135;1062;44;40;30;84344832;0
526;39;34;65;213;316;0;249;135;135;235;29;40;30;84344832;0
527;39;36;3;0;316;0;1;135;135;235;29;40;30;84344832;0
528;39;35;43;72;309;0;10;135;135;502;38;40;30;84344832;0
529;39;35;8;20;295;0;1;135;135;1046;41;40;30;84344832;0
530;39;36;16;3;286;0;4;135;135;112;98;40;30;84344832;0
531;39;36;0;133;284;0;250;135;135;112;98;40;30;84344832;0
532;39;36;9;1;283;0;1;135;135;445;30;40;30;84344832;0
533;39;33;228;586;283;0;231;135;135;512;31;40;30;84344832;0
534;39;36;8;1;279;0;5;135;135;512;31;40;30;84344832;0
535;39;36;2;2;277;0;0;135;135;512;31;40;30;84344832;0
536;39;35;31;24;281;0;5;135;135;823;24;40;30;84344832;0
537;39;36;2;2;288;0;0;135;135;823;24;40;30;84344832;0
538;39;34;18;177;294;0;245;135;135;604;21;40;30;84344832;0
539;39;36;6;1;300;0;1;135;135;604;21;40;30;84344832;0
540;39;36;1;1;304;0;248;135;135;604;21;40;30;84344832;0
541;39;34;176;344;307;0;255;135;135;355;25;40;30;84344832;0
542;39;36;7;29;310;0;2;135;135;1002;33;40;30;84344832;0
543;39;35;70;77;312;0;15;135;135;1002;33;40;30;84344832;0
544;39;36;6;20;315;0;2;135;135;1002;33;40;30;84344832;0
545;39;35;26;21;315;0;10;135;135;1537;24;40;30;84344832;0
546;39;35;10;33;315;0;0;135;135;876;37;40;30;84344832;0
547;39;35;85;79;315;0;8;135;135;203;85;40;30;84344832;0
548;39;36;4;20;316;0;2;135;135;203;85;40;30;84344832;0
549;39;35;40;56;316;0;8;135;135;932;31;40;30;84344832;0
550;39;36;6;28;315;0;0;135;135;999;33;40;30;84344832;0
551;39;36;11;19;314;0;4;135;135;999;33;40;30;84344832;0
552;39;36;2;1;314;0;0;135;135;999;33;40;30;84344832;0
553;39;35;32;43;313;0;4;135;135;988;23;40;30;84344832;0
554;39;36;3;12;313;0;255;135;135;988;23;40;30;84344832;0
555;39;36;4;6;310;0;0;135;135;662;30;40;30;84344832;0
556;39;36;1;0;310;0;255;135;135;662;30;40;30;84344832;0
557;39;36;3;3;314;0;253;135;135;662;30;40;30;84344832;0
558;39;36;4;1;322;0;0;135;135;662;30;40;30;84344832;0
559;39;36;1;0;329;0;255;135;135;662;30;40;30;84344832;0
560;39;34;47;229;333;0;243;135;135;78;11;40;30;84344832;0
561;39;36;2;0;336;0;255;135;135;78;11;40;30;84344832;0
562;39;36;0;0;327;0;255;135;135;78;11;40;30;84344832;0
563;39;36;13;2;305;0;0;135;135;282;21;40;30;84344832;0
564;39;36;1;0;281;0;2;135;135;282;21;40;30;84344832;0
565;39;33;283;916;269;0;215;135;135;226;23;40;30;84344832;0
566;39;36;9;2;267;0;10;135;135;226;23;40;30;84344832;0
567;39;36;4;45;266;0;245;135;135;226;23;40;30;84344832;0
568;39;35;26;28;270;0;9;135;135;1315;26;40;30;84344832;0
569;39;36;4;28;278;0;2;135;135;1315;26;40;30;84344832;0
570;39;35;49;47;287;0;12;135;135;1125;29;40;30;84344832;0
571;39;36;5;20;298;0;1;135;135;1125;29;40;30;84344832;0
572;39;35;23;29;309;0;7;135;135;1425;26;40;30;84344832;0
573;39;36;4;13;318;0;0;135;135;1425;26;40;30;84344832;0
574;39;34;224;526;324;0;238;135;135;980;27;40;30;84344832;0
575;39;36;5;4;329;0;6;135;135;980;27;40;30;84344832;0
576;39;35;65;118;330;0;6;135;135;1346;25;40;30;84344832;0
577;39;36;3;2;329;0;2;135;135;1346;25;40;30;84344832;0
578;39;33;251;693;327;0;224;135;135;750;25;40;30;84344832;0
579;39;36;8;2;328;0;6;135;135;750;25;40;30;84344832;0
580;39;34;81;535;327;0;229;135;135;750;25;40;30;84344832;0
581;39;36;8;1;326;0;5;135;135;1176;26;40;30;84344832;0
582;39;34;62;241;324;0;248;135;135;546;33;40;30;84344832;0
583;39;35;17;24;320;0;5;135;135;546;33;40;30;84344832;0
584;39;36;2;2;314;0;1;135;135;546;33;40;30;84344832;0
585;39;35;79;84;309;0;4;135;135;1144;19;40;30;84344832;0
586;39;36;6;4;309;0;1;135;135;1144;19;40;30;84344832;0
587;39;36;1;0;308;0;0;135;135;1144;19;40;30;84344832;0
588;39;36;17;3;306;0;0;135;135;476;20;40;30;84344832;0
589;39;36;2;1;302;0;255;135;135;476;20;40;30;84344832;0
590;39;34;122;173;292;0;11;135;135;177;31;40;30;84344832;0
591;39;36;3;2;274;0;2;135;135;177;31;40;30;84344832;0
592;39;36;1;0;262;0;0;135;135;177;31;40;30;84344832;0
593;39;33;234;594;262;0;238;135;135;1257;17;40;30;84344832;0
594;39;36;5;1;268;0;3;135;135;1257;17;40;30;84344832;0
595;38;33;352;700;277;0;230;135;135;1257;17;40;30;84344832;0
596;39;36;10;6;286;0;5;135;135;1217;22;40;30;84344832;0
597;39;36;2;2;296;0;0;135;135;1217;22;40;30;84344832;0
598;39;36;10;1;307;0;3;135;135;805;25;40;30;84344832;0
599;39;34;176;345;319;0;254;135;135;161;47;40;30;84344832;0
600;39;36;3;0;321;0;1;135;135;161;47;40;30;84344832;0
601;39;36;3;2;319;0;253;135;135;161;47;40;30;84344832;0
602;39;35;71;89;320;0;11;135;135;923;21;40;30;84344832;0
603;39;36;3;1;322;0;3;135;135;923;21;40;30;84344832;0
604;39;36;2;25;324;0;241;135;135;923;21;40;30;84344832;0
605;39;35;23;39;327;0;4;135;135;1339;20;40;30;84344832;0
606;39;36;2;0;329;0;2;135;135;1339;20;40;30;84344832;0
607;39;33;232;637;329;0;227;135;135;856;22;40;30;84344832;0
608;39;36;6;3;331;0;7;135;135;856;22;40;30;84344832;0
609;38;33;275;753;330;0;235;135;135;1092;28;40;30;84344832;0
610;39;36;7;1;328;0;7;135;135;1092;28;40;30;84344832;0
611;39;35;6;77;325;0;252;135;135;1092;28;40;30;84344832;0
612;39;34;104;135;324;0;9;135;135;1253;23;40;30;84344832;0
613;39;36;3;1;324;0;2;135;135;1253;23;40;30;84344832;0
614;39;36;3;0;322;0;0;135;135;1033;27;40;30;84344832;0
615;39;36;10;3;321;0;1;135;135;165;55;40;30;84344832;0
616;39;36;5;5;319;0;0;135;135;165;55;40;30;84344832;0
617;39;35;55;113;315;0;7;135;135;648;24;40;30;84344832;0
618;39;36;9;33;312;0;0;135;135;648;24;40;30;84344832;0
619;39;36;3;42;309;0;254;135;135;918;37;40;30;84344832;0
620;39;36;2;43;309;0;250;135;135;918;37;40;30;84344832;0
621;39;36;11;1;311;0;4;135;135;58;27;40;30;84344832;0
622;39;34;95;214;312;0;251;135;135;327;34;40;30;84344832;0
623;39;36;8;0;304;0;4;135;135;327;34;40;30;84344832;0
624;39;36;1;4;290;0;0;135;135;327;34;40;30;84344832;0
625;39;35;37;71;280;0;9;135;135;654;23;40;30;84344832;0
626;39;36;6;9;272;0;0;135;135;654;23;40;30;84344832;0
627;39;36;10;13;271;0;1;135;135;1380;29;40;30;84344832;0
628;39;34;42;123;278;0;250;135;135;393;33;40;30;84344832;0
629;39;36;7;0;286;0;1;135;135;393;33;40;30;84344832;0
630;39;35;76;101;295;0;254;135;135;272;35;40;30;84344832;0
631;39;36;2;0;298;0;0;135;135;272;35;40;30;84344832;0
632;39;34;90;168;298;0;11;135;135;415;29;40;30;84344832;0
633;39;36;4;2;297;0;2;135;135;415;29;40;30;84344832;0
634;39;36;1;2;299;0;2;135;135;415;29;40;30;84344832;0
635;39;34;236;473;304;0;252;135;135;1161;19;40;30;84344832;0
636;39;36;8;22;312;0;2;135;135;1161;19;40;30;84344832;0
637;39;35;74;91;317;0;8;135;135;1192;37;40;30;84344832;0
638;39;36;2;2;322;0;0;135;135;1192;37;40;30;84344832;0
639;39;35;8;152;324;0;237;135;135;1192;37;40;30;84344832;0
640;39;35;45;117;328;0;2;135;135;1036;19;40;30;84344832;0
641;39;36;7;0;330;0;11;135;135;1036;19;40;30;84344832;0
642;39;35;5;121;328;0;244;135;135;1036;19;40;30;84344832;0
643;39;36;15;25;323;0;5;135;135;1633;19;40;30;84344832;0
644;39;36;2;1;318;0;0;135;135;1633;19;40;30;84344832;0
645;39;36;0;0;316;0;0;135;135;1633;19;40;30;84344832;0
646;39;35;46;22;318;0;2;135;135;1111;16;40;30;84344832;0
647;39;34;88;441;321;0;233;135;135;309;41;40;30;84344832;0
648;39;35;20;42;318;0;1;135;135;309;41;40;30;84344832;0
649;39;36;0;0;307;0;0;135;135;309;41;40;30;84344832;0
650;39;36;0;0;303;0;0;135;135;309;41;40;30;84344832;0
651;39;37;0;0;303;0;255;135;135;309;41;40;30;84344832;0
652;39;33;240;708;306;0;231;135;135;1063;12;40;30;84344832;0
653;39;36;17;9;310;0;4;135;135;1063;12;40;30;84344832;0
654;39;36;3;0;309;0;2;135;135;1186;36;40;30;84344832;0
655;39;34;118;152;310;0;11;135;135;284;40;40;30;84344832;0
656;39;36;6;10;310;0;3;135;135;284;40;40;30;84344832;0
657;39;34;21;121;309;0;250;135;135;1007;25;40;30;84344832;0
658;39;36;4;0;309;0;0;135;135;1007;25;40;30;84344832;0
659;39;33;118;704;309;0;218;135;135;1007;25;40;30;84344832;0
660;39;36;11;4;301;0;8;135;135;342;26;40;30;84344832;0
661;39;36;3;18;288;0;1;135;135;342;26;40;30;84344832;0
662;39;33;210;631;282;0;226;135;135;1127;21;40;30;84344832;0
663;39;36;12;4;284;0;12;135;135;1127;21;40;30;84344832;0
664;38;33;287;734;286;0;224;135;135;1089;29;40;30;84344832;0
665;39;35;32;73;290;0;3;135;135;1089;29;40;30;84344832;0
666;39;36;4;5;294;0;0;135;135;1089;29;40;30;84344832;0
667;39;36;0;0;298;0;0;135;135;1089;29;40;30;84344832;0
668;39;37;0;0;301;0;255;135;135;1089;29;40;30;84344832;0
669;39;34;110;299;302;0;250;135;135;1675;12;40;30;84344832;0
670;39;35;9;31;302;0;2;135;135;869;40;40;30;84344832;0
671;39;36;4;1;301;0;2;135;135;869;40;40;30;84344832;0
672;39;36;1;0;300;0;255;135;135;869;40;40;30;84344832;0
673;39;36;0;0;301;0;255;135;135;869;40;40;30;84344832;0
674;38;33;299;753;304;0;231;135;135;238;16;40;30;84344832;0
675;39;36;9;15;306;0;4;135;135;238;16;40;30;84344832;0
676;39;36;5;1;305;0;0;135;135;1474;32;40;30;84344832;0
677;39;34;139;372;305;0;241;135;135;193;39;40;30;84344832;0
678;39;36;8;10;309;0;0;135;135;193;39;40;30;84344832;0
679;39;36;2;0;310;0;0;135;135;193;39;40;30;84344832;0
680;39;33;85;637;311;0;215;135;135;193;39;40;30;84344832;0
681;39;36;13;2;314;0;14;135;135;736;17;40;30;84344832;0
682;39;34;17;412;315;0;226;135;135;1097;30;40;30;84344832;0
683;39;36;14;2;316;0;12;135;135;1097;30;40;30;84344832;0
684;38;33;248;677;315;0;221;135;135;1235;30;40;30;84344832;0
685;39;35;19;19;314;0;9;135;135;1235;30;40;30;84344832;0
686;39;33;123;828;312;0;210;135;135;1235;30;40;30;84344832;0
687;39;36;10;1;311;0;14;135;135;1430;26;40;30;84344832;0
688;38;33;233;666;309;0;237;135;135;1452;31;40;30;84344832;0
689;39;36;8;15;307;0;1;135;135;1452;31;40;30;84344832;0
690;39;36;6;0;303;0;1;135;135;960;39;40;30;84344832;0
691;39;35;65;102;299;0;7;135;135;466;42;40;30;84344832;0
692;39;36;3;1;289;0;2;135;135;466;42;40;30;84344832;0
693;39;36;1;4;280;0;0;135;135;466;42;40;30;84344832;0
694;38;33;291;859;281;0;230;135;135;998;20;40;30;84344832;0
695;39;36;6;4;285;0;6;135;135;998;20;40;30;84344832;0
696;39;36;10;9;287;0;0;135;135;1704;27;40;30;84344832;0
697;39;36;2;0;292;0;0;135;135;1704;27;40;30;84344832;0
698;39;34;180;386;303;0;255;135;135;239;29;40;30;84344832;0
699;39;36;3;1;314;0;3;135;135;239;29;40;30;84344832;0
700;39;34;118;181;319;0;6;135;135;1076;28;40;30;84344832;0
701;39;36;3;1;322;0;1;135;135;1076;28;40;30;84344832;0
702;39;34;188;529;323;0;236;135;135;854;25;40;30;84344832;0
703;39;36;3;2;325;0;3;135;135;854;25;40;30;84344832;0
704;39;34;7;267;325;0;235;135;135;854;25;40;30;84344832;0
705;39;35;25;21;323;0;13;135;135;719;24;40;30;84344832;0
706;39;36;2;4;319;0;0;135;135;719;24;40;30;84344832;0
707;39;35;4;170;315;0;243;135;135;719;24;40;30;84344832;0
708;39;36;17;9;314;0;8;135;135;1429;19;40;30;84344832;0
709;39;36;2;5;313;0;0;135;135;1429;19;40;30;84344832;0
710;39;35;2;51;310;0;252;135;135;1429;19;40;30;84344832;0
711;39;35;49;101;308;0;255;135;135;1083;19;40;30;84344832;0
712;39;36;3;2;309;0;255;135;135;1083;19;40;30;84344832;0
713;39;34;63;445;304;0;225;135;135;346;26;40;30;84344832;0
714;39;36;7;1;295;0;8;135;135;346;26;40;30;84344832;0
715;39;36;3;22;284;0;250;135;135;346;26;40;30;84344832;0
716;39;36;12;3;280;0;0;135;135;1473;19;40;30;84344832;0
717;39;33;119;613;280;0;220;135;135;1473;19;40;30;84344832;0
718;39;36;8;5;276;0;7;135;135;394;31;40;30;84344832;0
719;39;36;0;185;270;0;230;135;135;394;31;40;30;84344832;0
720;39;35;26;19;273;0;12;135;135;1418;26;40;30;84344832;0
721;39;36;4;13;282;0;1;135;135;1418;26;40;30;84344832;0
722;39;36;7;3;292;0;252;135;135;1418;26;40;30;84344832;0
723;39;35;16;33;307;0;7;135;135;1366;19;40;30;84344832;0
724;39;36;3;16;317;0;0;135;135;1366;19;40;30;84344832;0
725;39;34;143;296;324;0;5;135;135;1209;25;40;30;84344832;0
726;39;35;9;23;330;0;3;135;135;1124;40;40;30;84344832;0
727;39;36;2;3;331;0;0;135;135;1124;40;40;30;84344832;0
728;39;34;153;308;333;0;5;135;135;87;36;40;30;84344832;0
729;39;36;6;28;335;0;2;135;135;1051;36;40;30;84344832;0
730;39;35;28;20;333;0;11;135;135;1051;36;40;30;84344832;0
731;39;36;3;6;328;0;0;135;135;1051;36;40;30;84344832;0
732;38;33;265;736;322;0;227;135;135;1252;20;40;30;84344832;0
733;39;36;6;1;319;0;4;135;135;1252;20;40;30;84344832;0
734;39;33;229;689;315;0;225;135;135;846;30;40;30;84344832;0
735;39;36;10;1;312;0;12;135;135;846;30;40;30;84344832;0
736;39;35;8;323;308;0;226;135;135;846;30;40;30;84344832;0
737;39;36;13;5;306;0;10;135;135;1528;23;40;30;84344832;0
738;39;35;6;276;306;0;228;135;135;1528;23;40;30;84344832;0
739;39;35;36;33;306;0;13;135;135;1328;27;40;30;84344832;0
740;39;36;3;2;307;0;2;135;135;1328;27;40;30;84344832;0
741;39;35;54;83;308;0;7;135;135;1441;26;40;30;84344832;0
742;39;36;5;16;311;0;1;135;135;1441;26;40;30;84344832;0
743;39;34;118;277;312;0;254;135;135;855;27;40;30;84344832;0
744;39;37;2;1;312;0;1;135;135;855;27;40;30;84344832;0
745;39;34;159;398;310;0;1;135;135;1040;27;40;30;84344832;0
746;39;36;5;11;308;0;2;135;135;1040;27;40;30;84344832;0
747;39;36;1;0;306;0;1;135;135;1040;27;40;30;84344832;0
748;39;34;90;550;307;0;226;135;135;1040;27;40;30;84344832;0
749;39;36;8;2;310;0;5;135;135;1180;16;40;30;84344832;0
750;38;33;227;734;312;0;218;135;135;933;30;40;30;84344832;0
751;39;36;9;2;312;0;11;135;135;933;30;40;30;84344832;0
752;39;36;7;20;310;0;0;135;135;1278;32;40;30;84344832;0
753;39;36;2;0;308;0;255;135;135;1278;32;40;30;84344832;0
754;39;36;11;39;309;0;240;135;135;170;33;40;30;84344832;0
755;39;36;23;7;311;0;18;135;135;338;70;40;30;84344832;0
756;39;35;10;103;304;0;249;135;135;1287;39;40;30;84344832;0
757;39;36;23;15;296;0;12;135;135;1287;39;40;30;84344832;0
758;39;33;233;684;292;0;229;135;135;1179;27;40;30;84344832;0
759;39;36;8;10;290;0;8;135;135;1179;27;40;30;84344832;0
760;39;34;167;402;289;0;0;135;135;1586;31;40;30;84344832;0
761;39;36;5;3;290;0;7;135;135;1586;31;40;30;84344832;0
762;39;34;128;270;292;0;5;135;135;1341;31;40;30;84344832;0
763;39;36;5;22;296;0;4;135;135;1341;31;40;30;84344832;0
764;39;35;31;26;299;0;13;135;135;1205;31;40;30;84344832;0
765;39;34;55;523;301;0;227;135;135;1142;33;40;30;84344832;0
766;39;35;42;80;304;0;7;135;135;1142;33;40;30;84344832;0
767;39;35;7;52;307;0;0;135;135;1224;27;40;30;84344832;0
768;39;36;20;11;308;0;8;135;135;1224;27;40;30;84344832;0
769;39;36;2;6;308;0;0;135;135;1224;27;40;30;84344832;0
770;39;36;15;3;307;0;5;135;135;1084;24;40;30;84344832;0
771;39;36;2;30;307;0;239;135;135;1084;24;40;30;84344832;0
772;39;36;21;30;306;0;3;135;135;619;28;40;30;84344832;0
773;39;36;5;9;306;0;1;135;135;619;28;40;30;84344832;0
774;39;34;85;172;304;0;251;135;135;844;22;40;30;84344832;0
775;39;36;4;2;305;0;255;135;135;844;22;40;30;84344832;0
776;39;36;5;0;303;0;0;135;135;354;37;40;30;84344832;0
777;39;37;5;2;301;0;255;135;135;354;37;40;30;84344832;0
778;39;34;104;231;301;0;248;135;135;135;22;40;30;84344832;0
779;39;36;11;5;303;0;0;135;135;135;22;40;30;84344832;0
780;39;37;0;0;301;0;0;135;135;135;22;40;30;84344832;0
781;39;37;0;9;298;0;250;135;135;135;22;40;30;84344832;0
782;39;36;11;9;297;0;249;135;135;282;16;40;30;84344832;0
783;39;36;2;0;298;0;255;135;135;118;66;40;30;84344832;0
784;39;37;0;0;297;0;0;135;135;118;66;40;30;84344832;0
785;39;35;13;52;294;0;253;135;135;38;23;40;30;84344832;0
786;39;35;7;50;290;0;251;135;135;38;23;40;30;84344832;0
787;39;36;8;0;286;0;4;135;135;88;39;40;30;84344832;0
788;39;36;15;1;284;0;2;135;135;178;40;40;30;84344832;0
789;39;37;2;0;282;0;0;135;135;178;40;40;30;84344832;0
790;39;37;0;0;275;0;255;135;135;178;40;40;30;84344832;0
791;39;37;0;2;265;0;245;135;135;178;40;40;30;84344832;0
792;39;35;45;20;256;0;13;135;135;175;15;40;30;84344832;0
793;39;36;10;39;251;0;0;135;135;1015;35;40;30;84344832;0
794;39;36;19;2;255;0;17;135;135;1015;35;40;30;84344832;0
795;39;34;46;197;269;0;245;135;135;1380;36;40;30;84344832;0
796;39;36;25;23;285;0;3;135;135;1380;36;40;30;84344832;0
797;39;36;4;13;302;0;0;135;135;1380;36;40;30;84344832;0
798;39;35;102;101;318;0;8;135;135;876;18;40;30;84344832;0
799;39;36;5;16;330;0;1;135;135;876;18;40;30;84344832;0
800;38;34;275;545;337;0;242;135;135;987;29;40;30;84344832;0
801;39;36;12;30;344;0;4;135;135;1298;41;40;30;84344832;0
802;39;34;114;137;347;0;9;135;135;1298;41;40;30;84344832;0
803;39;36;3;9;347;0;2;135;135;1298;41;40;30;84344832;0
804;39;35;43;27;345;0;13;135;135;1147;22;40;30;84344832;0
805;39;36;5;11;345;0;2;135;135;1147;22;40;30;84344832;0
806;38;33;265;681;342;0;225;135;135;1343;23;40;30;84344832;0
807;39;36;6;4;339;0;5;135;135;1343;23;40;30;84344832;0
808;39;36;3;14;335;0;246;135;135;1343;23;40;30;84344832;0
809;39;36;22;17;332;0;8;135;135;1188;23;40;30;84344832;0
810;39;36;10;247;329;0;244;135;135;1188;23;40;30;84344832;0
811;39;36;13;3;326;0;8;135;135;1159;28;40;30;84344832;0
812;39;36;3;3;323;0;0;135;135;1159;28;40;30;84344832;0
813;39;34;171;431;322;0;248;135;135;794;27;40;30;84344832;0
814;39;36;5;13;323;0;5;135;135;794;27;40;30;84344832;0
815;39;34;145;307;321;0;0;135;135;1264;27;40;30;84344832;0
816;39;37;3;0;320;0;7;135;135;1264;27;40;30;84344832;0
817;38;33;242;642;318;0;235;135;135;1109;26;40;30;84344832;0
818;39;36;8;1;318;0;8;135;135;1109;26;40;30;84344832;0
819;39;34;75;536;318;0;225;135;135;1483;31;40;30;84344832;0
820;39;36;30;29;317;0;7;135;135;178;79;40;30;84344832;0
821;39;36;10;13;315;0;0;135;135;890;38;40;30;84344832;0
822;39;37;1;0;312;0;255;135;135;890;38;40;30;84344832;0
823;39;37;0;0;309;0;255;135;135;890;38;40;30;84344832;0
824;39;37;0;0;329;0;255;135;135;0;0;40;30;84279296;0
