# time;P_O2, atm;P_He, atm;Flow O2, l/min;Flow He, l/min;FiO2 Env, %;FiO2 sens2, %;P mask, cm H2O;Tmask, gradC;Tnagr, gradC;V, ml;f, 1/min;Tzad, gradC;FiO2 zad, %;Flags;
# POWERON 30.11.2018 11:03:27
1;0;0;0;5;0;0;255;28;28;0;0;40;30;84279808;0
50;0;0;0;6;632;0;248;28;28;0;0;40;30;84279301;0
55;40;0;0;6;213;0;255;28;28;0;0;40;30;84279300;0
67;40;36;0;6;211;0;255;28;28;0;0;40;30;84279296;0
94;40;36;0;6;192;0;255;28;28;0;0;40;30;84344832;0
95;40;36;0;6;192;0;255;28;28;0;0;40;30;84344832;0
96;40;33;192;429;191;0;237;28;30;0;0;40;30;84344832;0
97;40;33;172;398;193;0;251;28;31;0;0;40;30;84344832;0
98;40;35;4;0;207;0;9;28;33;0;0;40;30;84344832;0
99;40;33;185;274;231;0;246;28;35;2273;18;40;30;84344832;0
100;40;34;51;52;258;0;5;29;38;2273;18;40;30;84344832;0
101;40;35;2;0;287;0;8;29;40;2273;18;40;30;84344832;0
102;40;33;157;280;308;0;243;29;42;1320;17;40;30;84344832;0
103;40;34;82;100;330;0;7;30;43;1320;17;40;30;84344832;0
104;40;35;3;0;343;0;9;30;45;1320;17;40;30;84344832;0
105;40;33;127;281;353;0;246;30;47;1255;19;40;30;84344832;0
106;40;33;106;259;361;0;254;32;49;1255;19;40;30;84344832;0
107;40;35;5;26;363;0;0;32;51;1255;19;40;40;84344832;0
108;40;35;20;20;360;0;255;33;52;1258;24;40;40;84344832;0
109;40;33;86;357;353;0;234;32;53;1258;24;40;40;84344832;0
110;40;33;219;372;347;0;246;34;53;299;30;40;40;84344832;0
111;40;35;5;0;343;0;10;35;54;299;30;40;40;84344832;0
112;40;34;12;177;344;0;233;34;55;299;30;40;40;84344832;0
113;39;33;279;299;355;0;243;36;55;1498;19;40;40;84344832;0
114;40;35;19;8;370;0;10;37;56;1498;19;40;40;84344832;0
115;40;35;1;0;386;0;6;37;57;1498;19;40;40;84344832;0
116;39;33;293;307;402;0;239;37;57;1707;17;40;40;84344832;0
117;40;34;43;27;419;0;13;39;58;1707;17;40;40;84344832;0
118;40;35;2;1;430;0;9;39;59;1707;17;40;40;84344832;0
119;39;33;209;281;440;0;242;39;59;1749;18;40;40;84344832;0
120;40;34;56;44;449;0;8;40;59;1749;18;40;40;84344832;0
121;40;35;2;0;453;0;7;40;60;1749;18;40;40;84344832;0
122;40;33;202;301;453;0;242;40;60;1420;19;40;40;84344832;0
123;40;33;108;108;452;0;7;42;59;1420;19;40;40;84344832;0
124;40;35;2;0;449;0;7;41;59;1420;19;40;40;84344832;0
125;40;33;174;270;445;0;243;41;59;1500;19;40;40;84344832;0
126;40;33;178;272;444;0;250;43;58;1500;19;40;40;84344832;0
127;40;35;3;0;441;0;10;43;58;1500;19;40;40;84344832;0
128;40;33;197;307;436;0;242;42;57;1484;18;40;40;84344832;0
129;40;33;129;147;432;0;7;43;57;1484;18;40;40;84344832;0
130;40;35;2;0;429;0;8;43;56;1484;18;40;40;84344832;0
131;40;32;170;269;425;0;244;43;56;1450;19;40;40;84344832;0
132;40;33;95;96;424;0;6;44;55;1450;19;40;40;84344832;0
133;40;35;2;0;423;0;6;43;55;1450;19;40;40;84344832;0
134;40;32;186;298;423;0;242;43;55;1357;20;40;40;84344832;0
135;40;33;83;73;424;0;7;44;54;1357;20;40;40;84344832;0
136;40;34;2;0;424;0;6;44;54;1357;20;40;40;84344832;0
137;40;32;159;252;422;0;245;44;53;1322;19;40;40;84344832;0
138;40;33;49;26;421;0;8;44;53;1322;19;40;40;84344832;0
139;40;34;2;0;419;0;6;44;53;1322;19;40;40;84344832;0
140;40;32;181;294;417;0;244;44;53;1226;20;40;40;84344832;0
141;40;33;14;2;417;0;10;44;52;1226;20;40;40;84344832;0
142;40;34;1;1;416;0;2;44;52;1226;20;40;40;84344832;0
143;40;31;178;281;415;0;248;44;51;1273;20;40;40;84344832;0
144;40;33;8;0;414;0;9;44;51;1273;20;40;40;84344832;0
145;40;32;16;254;413;0;239;44;51;1273;20;40;40;84344832;0
146;40;31;188;289;412;0;248;44;51;1276;21;40;40;84344832;0
147;40;32;5;0;412;0;7;44;50;1276;21;40;40;84344832;0
148;40;31;67;290;411;0;241;44;50;1276;21;40;40;84344832;0
149;40;30;173;256;412;0;255;44;50;1250;19;40;40;84344832;0
150;40;32;4;0;413;0;8;44;49;1250;19;40;40;84344832;0
151;40;30;159;280;413;0;243;44;49;1271;20;40;40;84344832;0
152;40;30;133;167;413;0;2;44;49;1271;20;40;40;84344832;0
153;40;31;3;0;412;0;7;44;49;1271;20;40;40;84344832;0
154;39;29;179;299;410;0;242;44;48;1245;20;40;40;84344832;0
155;40;30;66;56;409;0;8;44;48;1245;20;40;40;84344832;0
156;40;30;2;0;408;0;6;44;48;1245;20;40;40;84344832;0
157;40;29;154;258;408;0;245;44;48;1301;20;40;40;84344832;0
158;40;29;64;55;409;0;7;44;48;1301;20;40;40;84344832;0
159;40;30;2;0;409;0;6;44;47;1301;20;40;40;84344832;0
160;40;28;160;276;409;0;245;44;47;1226;19;40;40;84344832;0
161;40;29;71;73;409;0;6;44;47;1226;19;40;40;84344832;0
162;40;29;2;0;408;0;5;44;47;1226;19;40;40;84344832;0
163;40;27;191;323;407;0;243;44;46;1256;20;40;40;84344832;0
164;40;28;18;6;408;0;8;43;46;1256;20;40;40;84344832;0
165;40;28;2;0;408;0;5;43;46;1256;20;40;40;84344832;0
166;40;27;183;306;408;0;245;43;46;1257;20;40;40;84344832;0
167;40;27;14;4;409;0;8;43;46;1257;20;40;40;84344832;0
168;40;28;1;1;409;0;3;43;45;1257;20;40;40;84344832;0
169;40;26;179;312;408;0;243;43;45;1324;18;40;40;84344832;0
170;40;27;23;9;409;0;8;43;45;1324;18;40;40;84344832;0
171;40;27;2;0;409;0;5;43;45;1324;18;40;40;84344832;0
172;40;25;174;313;409;0;243;43;45;1273;19;40;40;84344832;0
173;40;26;48;39;410;0;7;43;44;1273;19;40;40;84344832;0
174;40;26;2;0;409;0;5;43;44;1273;19;40;40;84344832;0
175;40;25;194;328;408;0;242;43;44;1318;19;40;40;84344832;0
176;40;25;59;41;409;0;8;43;44;1318;19;40;40;84344832;0
177;40;25;2;0;407;0;8;42;44;1318;19;40;40;84344832;0
178;40;24;200;336;405;0;244;42;44;1448;18;40;40;84344832;0
179;40;24;109;126;406;0;8;42;43;1448;18;40;40;84344832;0
180;40;24;2;0;406;0;8;42;43;1448;18;40;40;84344832;0
181;40;23;176;303;404;0;243;42;43;1574;19;40;40;84344832;0
182;40;23;62;97;402;0;2;42;43;1574;19;40;40;84344832;0
183;40;23;47;78;399;0;0;42;43;1574;19;40;40;84344832;0
184;40;23;17;19;397;0;255;42;43;1574;19;40;40;84344832;0
185;40;24;2;0;394;0;255;42;42;1574;19;40;40;84344832;0
186;40;24;0;0;388;0;255;42;42;1574;19;40;40;84344832;0
187;40;24;0;0;381;0;255;42;42;1574;19;40;40;84344832;0
188;40;23;46;334;376;0;233;42;42;1574;19;40;40;84344832;0
189;40;23;70;99;371;0;4;42;42;1895;8;40;40;84344832;0
190;40;23;5;0;368;0;6;42;42;1895;8;40;40;84344832;0
191;40;22;158;200;370;0;250;42;42;1185;22;40;40;84344832;0
192;40;22;39;31;376;0;7;42;42;1185;22;40;40;84344832;0
193;40;22;2;0;383;0;6;42;42;1185;22;40;40;84344832;0
194;40;21;207;281;390;0;244;42;41;1174;20;40;40;84344832;0
195;40;21;83;132;396;0;0;41;41;1174;20;40;40;84344832;0
196;40;21;155;224;402;0;245;41;41;1174;20;40;40;84344832;0
197;40;21;6;1;407;0;10;41;41;1174;20;45;40;84344832;0
198;40;21;1;0;408;0;7;41;42;1174;20;45;40;84344832;0
199;39;19;225;341;410;0;244;41;43;2223;12;45;40;84344832;0
200;40;20;12;2;413;0;9;41;45;2223;12;45;40;84344832;0
201;40;20;11;72;414;0;245;41;47;2223;12;45;40;84344832;0
202;40;19;185;290;413;0;247;42;49;1353;21;45;40;84344832;0
203;40;20;3;0;412;0;9;42;50;1353;21;45;40;84344832;0
204;39;19;187;274;412;0;241;42;51;1042;21;45;40;84344832;0
205;40;19;115;123;413;0;7;42;52;1042;21;45;40;84344832;0
206;40;19;4;5;414;0;4;43;53;1042;21;45;40;84344832;0
207;40;18;179;283;414;0;244;43;53;1349;22;45;40;84344832;0
208;40;19;13;2;416;0;9;44;54;1349;22;45;40;84344832;0
209;40;19;1;0;416;0;3;43;55;1349;22;45;40;84344832;0
210;40;17;212;337;415;0;244;44;55;1091;21;45;40;84344832;0
211;40;18;6;1;415;0;8;44;56;1091;21;45;40;84344832;0
212;39;17;158;224;413;0;244;44;57;1251;21;45;40;84344832;0
213;40;17;109;124;412;0;6;45;58;1251;21;45;40;84344832;0
214;40;17;2;0;411;0;6;45;58;1251;21;45;40;84344832;0
215;40;16;156;255;410;0;245;45;58;1214;20;45;40;84344832;0
216;40;16;119;155;411;0;1;46;58;1214;20;45;40;84344832;0
217;40;17;2;1;411;0;6;46;58;1214;20;45;40;84344832;0
218;40;15;144;252;410;0;244;46;58;1271;19;45;40;84344832;0
219;40;16;75;77;409;0;5;47;57;1271;19;45;40;84344832;0
220;40;16;2;1;407;0;5;46;57;1271;19;45;40;84344832;0
221;40;15;151;261;406;0;242;46;57;1146;18;45;40;84344832;0
222;40;14;159;275;405;0;249;47;56;1146;18;45;40;84344832;0
223;40;15;4;1;405;0;8;47;56;1146;18;45;40;84344832;0
224;40;14;42;259;405;0;240;47;55;1146;18;45;40;84344832;0
225;40;13;165;274;405;0;247;47;55;1413;18;45;40;84344836;0
226;40;15;4;1;406;0;8;47;55;1413;18;45;40;84344836;0
227;40;13;170;289;406;0;242;47;54;1246;19;45;40;84344836;0
228;40;13;137;162;406;0;2;47;54;1246;19;45;40;84344836;0
229;40;14;3;0;406;0;6;47;54;1246;19;45;40;84344836;0
230;40;12;166;282;406;0;243;47;53;1125;22;45;40;84344836;0
231;40;13;23;11;406;0;6;47;53;1125;22;45;40;84344836;0
232;40;14;2;0;406;0;4;47;53;1125;22;45;40;84344836;0
233;40;12;158;270;405;0;246;47;52;1127;20;45;40;84344836;0
234;40;13;6;1;404;0;6;47;52;1127;20;45;40;84344836;0
235;40;12;110;181;403;0;247;47;52;904;23;45;40;84344836;0
236;40;12;54;41;403;0;4;48;52;904;23;45;40;84344836;0
237;40;12;21;41;403;0;255;47;51;797;29;45;40;84344836;0
238;40;12;6;1;401;0;255;48;51;797;29;45;40;84344836;0
239;40;13;1;0;400;0;255;47;51;797;29;45;40;84344836;0
240;40;13;0;0;398;0;255;47;51;797;29;45;40;84344836;0
241;40;13;0;1;394;0;255;47;51;797;29;45;40;84279300;0
302;40;13;0;4;401;0;255;43;47;0;0;45;40;84279300;0
363;40;0;0;4;268;0;255;42;45;0;0;45;40;84279300;0
401;40;35;0;5;237;0;255;41;44;0;0;45;40;84279296;0
408;40;35;0;5;233;0;255;41;43;0;0;45;40;84344832;0
409;40;35;0;5;213;0;255;41;43;0;0;45;40;84344832;0
410;40;35;0;5;212;0;255;41;44;0;0;45;40;84344832;0
411;40;35;0;5;212;0;253;41;46;0;0;45;40;84344832;0
412;40;35;0;5;211;0;0;41;47;0;0;45;40;84344832;0
413;40;35;0;5;210;0;246;41;49;0;0;45;40;84344832;0
414;40;33;116;184;210;0;246;41;51;0;0;45;40;84344832;0
415;40;33;46;63;213;0;0;42;52;0;0;45;40;84344832;0
416;40;32;146;225;233;0;243;42;54;1120;21;45;40;84344832;0
417;40;33;210;180;258;0;249;43;56;1120;21;45;40;84344832;0
418;40;34;6;0;285;0;8;44;57;1120;21;45;40;84344832;0
419;40;33;177;147;315;0;243;43;58;1229;19;45;40;84344832;0
420;39;33;225;189;341;0;249;44;59;1229;19;45;40;84344832;0
421;40;34;5;0;375;0;6;45;60;1229;19;45;40;84344832;0
422;40;33;118;136;400;0;246;44;61;1109;19;45;40;84344832;0
423;40;33;156;169;420;0;254;46;61;1109;19;45;40;84344832;0
424;40;34;6;72;433;0;254;46;60;1109;19;45;40;84344832;0
425;40;32;128;269;442;0;241;46;60;857;26;45;40;84344832;0
426;40;33;101;106;449;0;5;47;60;857;26;45;40;84344832;0
427;40;34;9;1;451;0;7;47;60;1250;23;45;40;84344832;0
428;40;32;143;256;446;0;245;47;59;90;47;45;40;84344832;0
429;40;32;138;229;442;0;251;48;59;90;47;45;40;84344832;0
430;40;34;3;0;437;0;8;48;59;90;47;45;40;84344832;0
431;40;33;7;173;431;0;242;47;58;90;47;45;40;84344832;0
432;40;32;158;256;425;0;250;48;58;1276;17;45;40;84344832;0
433;40;34;7;0;420;0;9;48;57;1276;17;45;40;84344832;0
434;40;34;1;2;415;0;1;48;57;1276;17;45;40;84344832;0
435;40;32;159;274;412;0;247;48;57;1338;17;45;40;84344832;0
436;40;34;15;2;411;0;8;48;56;1338;17;45;40;84344832;0
437;40;34;1;0;409;0;4;48;56;1338;17;45;40;84344832;0
438;40;32;168;268;408;0;244;48;56;1256;17;45;40;84344832;0
439;40;33;37;21;409;0;8;49;55;1256;17;45;40;84344832;0
440;40;34;2;0;408;0;5;48;55;1256;17;45;40;84344832;0
441;40;32;158;261;406;0;244;48;55;1297;18;45;40;84344832;0
442;40;32;139;221;406;0;250;49;55;1297;18;45;40;84344832;0
443;40;34;3;0;405;0;7;48;54;1297;18;45;40;84344832;0
444;40;32;104;241;405;0;244;48;54;1297;18;45;40;84344832;0
445;40;32;164;257;406;0;248;48;54;1204;18;45;40;84344832;0
446;40;34;5;0;405;0;8;49;54;1204;18;45;40;84344832;0
447;40;34;2;12;405;0;0;48;53;1204;18;45;40;84344832;0
448;40;32;181;289;405;0;246;48;53;1229;18;45;40;84344832;0
449;40;34;6;1;405;0;7;49;53;1229;18;45;40;84344832;0
450;40;34;2;12;405;0;0;48;53;1229;18;45;40;84344832;0
451;40;32;156;249;405;0;247;48;52;1178;19;45;40;84344832;0
452;40;34;6;0;405;0;7;49;52;1178;19;45;40;84344832;0
453;40;34;2;10;404;0;255;48;52;1178;19;45;40;84344832;0
454;40;32;184;294;404;0;246;48;52;1052;19;45;40;84344832;0
455;40;34;15;2;404;0;10;48;52;1052;19;45;40;84344832;0
456;40;34;1;0;402;0;3;48;51;1052;19;45;40;84344832;0
457;40;32;141;230;400;0;246;48;51;1405;17;45;40;84344832;0
458;40;33;28;12;400;0;7;48;51;1405;17;45;40;84344832;0
459;40;34;2;0;399;0;3;48;51;1405;17;45;40;84344832;0
460;40;32;133;225;399;0;245;48;51;1122;18;45;40;84344832;0
461;40;33;60;40;399;0;5;48;50;1122;18;45;40;84344832;0
462;40;34;2;0;399;0;3;48;50;1122;18;45;40;84344832;0
463;40;32;147;180;399;0;248;48;50;1052;18;45;40;84344832;0
464;40;33;75;64;401;0;4;48;50;1052;18;45;40;84344832;0
465;40;34;2;1;402;0;2;48;50;1052;18;45;40;84344832;0
466;40;32;133;219;402;0;245;48;49;916;20;45;40;84344832;0
467;40;33;25;9;402;0;6;48;49;916;20;45;40;84344832;0
468;40;34;2;1;401;0;1;48;49;916;20;45;40;84344832;0
469;40;32;134;220;399;0;246;48;49;925;19;45;40;84344832;0
470;40;33;37;17;399;0;6;48;49;925;19;45;40;84344832;0
471;40;34;2;0;398;0;4;48;49;925;19;45;40;84344832;0
472;40;32;144;217;397;0;248;48;48;1041;19;45;40;84344832;0
473;40;34;12;1;397;0;8;47;48;1041;19;45;40;84344832;0
474;40;34;1;1;396;0;1;47;48;1041;19;45;40;84344832;0
475;40;32;146;234;397;0;246;47;48;934;20;45;40;84344832;0
476;40;34;8;1;398;0;7;47;48;934;20;45;40;84344832;0
477;40;32;78;231;398;0;243;47;48;934;20;45;40;84344832;0
478;40;32;160;256;399;0;247;47;47;967;21;45;40;84344832;0
479;40;34;4;0;401;0;6;47;47;967;21;45;40;84344832;0
480;40;32;18;247;402;0;237;47;47;967;21;45;40;84344832;0
481;40;32;124;161;404;0;0;47;47;1057;19;45;40;84344832;0
482;40;34;3;0;405;0;5;47;47;1057;19;45;40;84344832;0
483;40;33;11;192;405;0;240;47;47;1057;19;45;40;84344832;0
484;40;32;146;233;406;0;249;47;47;957;19;45;40;84344832;0
485;40;34;4;0;407;0;6;47;46;957;19;45;40;84344832;0
486;40;32;18;249;406;0;237;47;46;957;19;45;40;84344832;0
487;40;32;140;233;405;0;249;46;46;1039;19;45;40;84344832;0
488;40;34;5;0;405;0;7;46;46;1039;19;45;40;84344832;0
489;40;33;7;181;404;0;240;46;46;1039;19;45;40;84344832;0
490;40;32;139;218;403;0;252;46;46;1126;19;45;40;84344832;0
491;40;34;3;0;401;0;4;46;46;1126;19;45;40;84344832;0
492;39;32;176;241;400;0;242;46;46;979;19;45;40;84344832;0
493;40;32;95;94;401;0;4;46;45;979;19;45;40;84344832;0
494;40;34;3;0;402;0;4;46;45;979;19;45;40;84344832;0
495;40;32;213;328;402;0;242;46;45;1072;20;45;40;84344832;0
496;40;33;34;52;405;0;255;46;45;1072;20;45;40;84344832;0
497;40;34;7;2;407;0;255;46;45;1072;20;45;40;84344832;0
498;40;34;1;0;407;0;255;46;45;1072;20;45;40;84344832;0
499;40;34;0;0;404;0;254;46;45;1072;20;45;40;84344832;0
500;40;32;157;252;398;0;246;46;45;771;13;45;40;84344832;0
501;40;34;5;0;393;0;5;46;44;771;13;45;40;84344832;0
502;40;32;145;241;390;0;244;46;44;943;22;45;40;84344832;0
503;40;33;41;21;392;0;7;45;44;943;22;45;40;84344832;0
504;40;34;2;0;394;0;5;45;44;943;22;45;40;84344832;0
505;40;32;158;247;396;0;245;45;44;1040;20;45;40;84344832;0
506;40;33;19;5;401;0;8;45;44;1040;20;45;40;84344832;0
507;40;34;2;1;404;0;2;45;44;1040;20;45;40;84344832;0
508;40;32;152;245;406;0;246;45;44;1076;20;45;40;84344832;0
509;40;33;10;1;409;0;7;45;45;1076;20;45;40;84344832;0
510;40;33;27;39;410;0;255;45;46;903;26;45;40;84344832;0
511;40;33;13;121;411;0;245;45;46;903;26;45;40;84344832;0
512;40;31;153;274;411;0;245;45;46;205;36;45;40;84344832;0
513;40;33;15;5;408;0;3;45;46;205;36;45;40;84344832;0
514;39;31;185;312;404;0;243;45;46;1056;24;45;40;84344832;0
515;40;32;66;102;402;0;0;45;46;1056;24;45;40;84344832;0
516;40;31;151;193;400;0;0;45;46;1056;24;45;40;84344832;0
517;40;32;35;44;397;0;255;45;46;1056;24;45;40;84344832;0
518;40;31;131;216;394;0;244;45;46;2074;14;45;40;84344832;0
519;40;33;12;2;392;0;7;45;45;2074;14;45;40;84344832;0
520;40;32;5;159;389;0;239;45;45;2074;14;45;40;84344832;0
521;40;31;159;248;388;0;252;45;45;803;24;45;40;84344832;0
522;40;33;5;0;389;0;9;45;45;803;24;45;40;84344832;0
523;39;30;240;274;391;0;243;44;45;803;24;45;40;84344832;0
524;40;30;190;277;395;0;251;44;45;1163;20;45;40;84344832;0
525;40;32;3;0;399;0;8;44;44;1163;20;45;40;84344832;0
526;39;30;187;283;402;0;243;44;44;1340;20;45;40;84344832;0
527;40;31;44;21;407;0;8;44;45;1340;20;45;40;84344832;0
528;40;32;2;0;410;0;5;44;47;1340;20;45;40;84344832;0
529;39;30;177;275;412;0;245;44;47;1144;20;45;40;84344832;0
530;40;31;25;7;414;0;8;44;47;1144;20;45;40;84344832;0
531;40;31;2;1;414;0;4;44;47;1144;20;45;40;84344832;0
532;39;29;168;267;414;0;246;44;47;1160;20;45;40;84344832;0
533;40;30;11;2;415;0;8;45;47;1160;20;45;40;84344832;0
534;40;30;1;0;414;0;2;45;46;1160;20;45;40;84344832;0
535;40;29;160;254;414;0;249;44;46;1135;20;45;40;84344832;0
536;40;30;8;0;413;0;9;45;46;1135;20;45;40;84344832;0
537;40;30;3;151;412;0;239;44;46;1135;20;45;40;84344832;0
538;40;28;163;261;411;0;250;44;46;1101;21;45;40;84344832;0
539;40;29;3;0;410;0;6;44;45;1101;21;45;40;84344832;0
540;39;28;188;277;408;0;241;45;46;1182;20;45;40;84344832;0
541;40;28;105;130;409;0;4;44;45;1182;20;45;40;84344832;0
542;40;29;2;0;410;0;5;44;45;1182;20;45;40;84344832;0
543;40;27;183;292;410;0;243;44;45;1154;20;45;40;84344832;0
544;40;28;29;12;409;0;8;44;45;1154;20;45;40;84344832;0
545;40;28;2;0;407;0;4;44;45;1154;20;45;40;84344832;0
546;39;27;165;276;405;0;246;44;46;1144;20;45;40;84344832;0
547;40;27;13;2;403;0;9;44;47;1144;20;45;40;84344832;0
548;40;27;2;0;402;0;3;44;48;1144;20;45;40;84344832;0
549;40;26;163;269;400;0;248;44;49;1137;20;45;40;84344832;0
550;40;27;7;1;400;0;8;45;49;1137;20;45;40;84344832;0
551;40;27;2;10;399;0;255;45;48;1137;20;45;40;84344832;0
552;40;25;176;289;398;0;248;45;48;1150;20;45;40;84344832;0
553;40;26;5;0;398;0;7;45;48;1150;20;45;40;84344832;0
554;40;25;157;245;398;0;243;45;48;1148;21;45;40;84344832;0
555;40;25;87;100;400;0;4;45;48;1148;21;45;40;84344832;0
556;40;26;2;0;403;0;4;45;48;1148;21;45;40;84344832;0
557;39;24;179;292;404;0;244;45;48;1092;21;45;40;84344832;0
558;40;25;22;8;405;0;8;45;47;1092;21;45;40;84344832;0
559;40;25;3;17;406;0;0;45;47;1092;21;45;40;84344832;0
560;39;23;187;299;407;0;245;45;47;1134;20;45;40;84344832;0
561;40;24;7;1;407;0;8;45;47;1134;20;45;40;84344832;0
562;40;24;6;177;406;0;241;45;47;1134;20;45;40;84344832;0
563;40;23;145;242;405;0;248;45;46;1111;21;45;40;84344832;0
564;40;24;5;1;405;0;7;45;46;1111;21;45;40;84344832;0
565;40;23;29;318;405;0;234;45;46;1111;21;45;40;84344832;0
566;40;22;129;170;406;0;0;45;46;1082;20;45;40;84344832;0
567;40;23;3;0;406;0;6;45;46;1082;20;45;40;84344832;0
568;39;22;159;232;405;0;243;45;46;1056;20;45;40;84344832;0
569;40;22;113;145;404;0;1;45;45;1056;20;45;40;84344832;0
570;40;23;3;1;404;0;5;45;45;1056;20;45;40;84344832;0
571;40;21;142;233;403;0;247;44;45;996;21;45;40;84344832;0
572;40;22;15;4;403;0;7;44;45;996;21;45;40;84344832;0
573;40;21;21;247;402;0;240;44;45;996;21;45;40;84344832;0
574;40;21;128;161;400;0;0;44;45;918;22;45;40;84344832;0
575;40;22;3;0;398;0;4;44;45;918;22;45;40;84344832;0
576;40;20;153;254;397;0;244;44;45;864;22;45;40;84344832;0
577;40;21;12;2;397;0;8;44;47;864;22;45;40;84344832;0
578;40;21;2;1;396;0;1;44;47;864;22;45;40;84344832;0
579;40;20;154;243;396;0;248;44;48;947;21;45;40;84344832;0
580;40;20;9;2;397;0;8;44;48;947;21;45;40;84344832;0
581;40;20;3;91;397;0;245;44;48;947;21;45;40;84344832;0
582;40;19;128;182;399;0;255;45;48;1042;21;45;40;84344832;0
583;40;20;6;2;400;0;4;45;47;1042;21;45;40;84344832;0
584;40;20;2;9;401;0;0;45;47;1042;21;45;40;84344832;0
585;40;19;117;207;403;0;244;45;47;949;15;45;40;84344832;0
586;40;20;18;4;405;0;7;45;47;949;15;45;40;84344832;0
587;40;19;11;201;405;0;241;45;47;949;15;45;40;84344832;0
588;40;18;126;185;404;0;0;45;47;689;26;45;40;84344832;0
589;40;19;15;54;403;0;255;45;47;773;31;45;40;84344832;0
590;40;19;11;4;401;0;255;45;46;773;31;45;40;84344832;0
591;40;18;153;261;400;0;242;45;46;209;30;45;40;84344832;0
592;40;19;18;4;398;0;7;45;46;209;30;45;40;84344832;0
593;40;19;2;1;394;0;4;45;46;209;30;45;40;84344832;0
594;40;17;157;262;392;0;248;45;46;865;22;45;40;84344832;0
595;40;18;5;1;393;0;7;45;46;865;22;45;40;84344832;0
596;40;18;2;73;394;0;243;45;45;865;22;45;40;84344832;0
597;40;16;151;196;396;0;0;44;45;1107;20;45;40;84344832;0
598;40;17;4;0;399;0;6;44;45;1107;20;45;40;84344832;0
599;40;16;177;278;401;0;243;44;45;1039;21;45;40;84344832;0
600;40;17;51;33;404;0;6;44;45;1039;21;45;40;84344832;0
601;40;17;2;0;407;0;3;44;45;1039;21;45;40;84344832;0
602;39;15;165;265;408;0;247;44;45;1027;21;45;40;84344832;0
603;40;16;8;1;408;0;8;44;45;1027;21;45;40;84344832;0
604;40;16;4;72;407;0;245;44;45;1027;21;45;40;84344832;0
605;40;15;149;248;407;0;248;44;47;1025;21;45;40;84344832;0
606;40;16;4;1;407;0;7;44;48;1025;21;45;40;84344832;0
607;40;15;23;212;407;0;242;44;49;1025;21;45;40;84344832;0
608;40;14;131;201;406;0;253;45;49;978;20;45;40;84344832;0
609;40;15;3;0;405;0;5;45;49;978;20;45;40;84344832;0
610;40;14;139;232;402;0;246;45;49;929;21;45;40;84344832;0
611;40;14;42;19;399;0;6;45;49;929;21;45;40;84344836;0
612;40;15;2;0;396;0;3;45;49;929;21;45;40;84344836;0
613;40;14;82;97;394;0;0;45;48;931;21;45;40;84344836;0
614;40;14;19;21;395;0;255;45;48;931;21;45;40;84344836;0
615;40;14;2;0;395;0;255;45;48;931;21;45;40;84344836;0
616;40;14;0;0;394;0;255;45;48;931;21;45;40;84344836;0
617;40;15;0;0;392;0;255;45;48;931;21;45;40;84344836;0
618;40;14;0;1;388;0;255;45;48;931;21;45;40;84344836;0
619;40;14;0;1;386;0;255;45;48;931;21;45;40;84344836;0
620;40;14;0;1;385;0;255;45;48;931;21;45;40;84344836;0
621;40;14;0;2;386;0;255;45;47;931;21;45;40;84344836;0
# POWERON 30.11.2018 12:16:54
1;0;0;0;5;0;0;255;24;24;0;0;45;40;84279808;0
2;0;0;0;6;121;0;255;24;25;0;0;45;40;84279301;0
# POWERON 30.11.2018 12:17:39
1;0;0;0;6;0;0;255;24;24;0;0;45;40;84279808;0
2;0;0;0;5;118;0;255;24;24;0;0;45;40;84279301;0
21;40;0;0;5;220;0;255;24;24;0;0;45;40;84279300;0
34;40;24;0;6;220;0;255;24;24;0;0;45;40;84279296;0
88;40;37;0;6;219;0;255;24;24;0;0;45;30;84344832;0
89;40;37;0;6;199;0;255;24;24;0;0;45;30;84344832;0
90;40;37;0;7;199;0;255;24;25;0;0;45;30;84344832;0
91;40;37;1;6;199;0;255;24;27;0;0;45;30;84344832;0
92;40;34;153;356;199;0;244;24;29;0;0;45;30;84344832;0
93;40;35;9;1;201;0;8;25;31;0;0;45;30;84344832;0
94;40;34;33;305;213;0;243;24;34;0;0;45;30;84344832;0
95;40;34;165;354;233;0;0;26;36;1378;21;45;30;84344832;0
96;40;35;4;0;255;0;9;26;37;1378;21;45;30;84344832;0
97;40;34;143;257;274;0;246;26;40;1265;20;45;30;84344832;0
98;40;34;70;77;292;0;7;27;42;1265;20;45;30;84344832;0
99;40;34;24;74;309;0;0;27;43;1141;28;45;30;84344832;0
100;40;34;164;358;325;0;242;28;45;213;73;45;30;84344832;0
101;40;35;14;4;340;0;12;30;47;213;73;45;30;84344832;0
102;40;35;1;0;348;0;6;29;49;213;73;45;30;84344832;0
103;40;34;151;392;353;0;246;30;51;1282;20;45;30;84344832;0
104;40;35;20;8;356;0;10;32;52;1282;20;45;30;84344832;0
105;40;35;1;0;354;0;6;31;54;1282;20;45;30;84344832;0
106;40;34;137;412;350;0;244;33;55;1585;19;45;30;84344832;0
107;40;35;9;1;346;0;11;35;57;1585;19;45;30;84344832;0
108;40;35;2;31;340;0;0;34;58;1585;19;45;30;84344832;0
109;40;34;138;417;334;0;246;36;58;1447;21;45;30;84344832;0
110;40;35;6;0;328;0;12;37;59;1447;21;45;30;84344832;0
111;40;34;21;356;321;0;241;36;59;1447;21;45;30;84344832;0
112;40;34;137;387;317;0;249;38;59;1443;20;45;30;84344832;0
113;40;35;3;0;314;0;7;38;60;1443;20;45;30;84344832;0
114;40;34;150;441;310;0;242;38;60;1317;21;45;30;84344832;0
115;40;35;27;16;309;0;11;40;61;1317;21;45;30;84344832;0
116;40;35;2;0;309;0;4;39;62;1317;21;45;30;84344832;0
117;40;34;124;372;310;0;243;40;62;1330;20;45;30;84344832;0
118;40;35;15;4;311;0;9;41;62;1330;20;45;30;84344832;0
119;40;35;3;26;310;0;1;41;63;1330;20;45;30;84344832;0
120;40;34;139;429;309;0;243;42;63;1187;22;45;30;84344832;0
121;40;35;6;1;309;0;5;43;64;1187;22;45;30;84344832;0
122;40;34;135;336;308;0;244;42;64;1382;21;45;30;84344832;0
123;40;34;64;188;309;0;0;44;64;1382;21;45;30;84344832;0
124;40;34;36;96;309;0;0;45;65;1382;21;45;30;84344832;0
125;40;34;137;392;307;0;243;46;66;1382;21;45;30;84344832;0
126;40;35;7;1;302;0;5;46;65;1382;21;45;30;84344832;0
127;40;35;3;13;297;0;244;45;65;1382;21;45;30;84344832;0
128;40;34;62;91;297;0;5;47;65;2575;11;45;30;84344832;0
129;40;34;11;41;301;0;0;47;64;2575;11;45;30;84344832;0
130;40;35;3;0;303;0;255;47;64;914;30;45;30;84344832;0
131;40;35;1;27;307;0;228;46;63;914;30;45;30;84344832;0
132;40;34;147;367;311;0;252;47;63;210;27;45;30;84344832;0
133;40;35;3;0;314;0;9;47;62;210;27;45;30;84344832;0
134;40;34;129;408;315;0;243;47;61;1135;22;45;30;84344832;0
135;40;34;31;22;317;0;10;48;61;1135;22;45;30;84344832;0
136;40;35;2;1;317;0;4;48;60;1135;22;45;30;84344832;0
137;40;34;142;429;317;0;247;48;60;1396;22;45;30;84344832;0
138;40;35;6;0;317;0;9;48;59;1396;22;45;30;84344832;0
139;40;35;6;30;315;0;251;48;59;1396;22;45;30;84344832;0
140;40;34;143;456;314;0;244;48;59;1344;20;45;30;84344832;0
141;40;35;4;0;313;0;7;48;58;1344;20;45;30;84344832;0
142;40;34;58;347;310;0;241;48;58;1352;21;45;30;84344832;0
143;40;34;45;54;309;0;9;48;57;1352;21;45;30;84344832;0
144;40;35;3;1;309;0;4;48;57;1352;21;45;30;84344832;0
145;40;34;128;404;307;0;242;48;56;1295;21;45;30;84344832;0
146;40;35;17;5;306;0;10;49;56;1295;21;45;30;84344832;0
147;40;35;1;1;304;0;2;48;56;1295;21;45;30;84344832;0
148;40;34;143;434;302;0;244;48;55;1367;20;45;30;84344832;0
149;40;35;5;0;302;0;29;48;55;1367;20;45;30;84344832;0
150;40;34;30;423;301;0;242;48;54;1367;20;45;30;84344832;0
151;40;34;121;289;300;0;4;48;54;1375;21;45;30;84344832;0
152;40;35;3;1;300;0;7;48;54;1375;21;45;30;84344832;0
153;40;34;122;347;300;0;243;48;53;1412;21;45;30;84344832;0
154;40;35;21;9;302;0;9;48;53;1412;21;45;30;84344832;0
155;40;35;2;4;302;0;1;48;53;1412;21;45;30;84344832;0
156;40;34;135;402;301;0;245;48;52;1223;22;45;30;84344832;0
157;40;35;5;0;300;0;7;48;52;1223;22;45;30;84344832;0
158;40;34;112;334;298;0;241;48;52;1199;22;45;30;84344832;0
159;40;35;18;6;297;0;9;48;51;1199;22;45;30;84344832;0
160;40;35;2;3;296;0;1;48;51;1199;22;45;30;84344832;0
161;40;34;84;148;295;0;4;48;51;1154;23;45;30;84344832;0
162;40;35;8;5;295;0;255;48;51;1154;23;45;30;84344832;0
163;40;34;56;84;296;0;6;48;50;1141;28;45;30;84344832;0
164;40;35;2;0;298;0;6;48;50;1141;28;45;30;84344832;0
165;40;34;148;431;300;0;242;47;50;895;25;45;30;84344832;0
166;40;35;11;2;303;0;20;47;49;895;25;45;30;84344832;0
167;40;35;2;5;304;0;2;47;49;895;25;45;30;84344832;0
168;40;34;141;417;305;0;244;47;49;1366;21;45;30;84344832;0
169;40;35;7;1;306;0;7;47;49;1366;21;45;30;84344832;0
170;40;34;4;238;305;0;240;47;48;1366;21;45;30;84344832;0
171;40;34;150;479;306;0;242;47;48;1374;20;45;30;84344832;0
172;40;35;4;1;308;0;7;47;48;1374;20;45;30;84344832;0
173;40;34;42;406;307;0;236;47;48;1301;21;45;30;84344832;0
174;40;34;142;441;308;0;246;46;47;1301;21;45;30;84344832;0
175;40;35;4;0;307;0;8;46;47;1301;21;45;30;84344832;0
176;40;34;125;398;305;0;241;46;47;1578;19;45;30;84344832;0
177;40;34;99;188;305;0;7;46;47;1578;19;45;30;84344832;0
178;40;35;3;0;303;0;9;46;47;1578;19;45;30;84344832;0
179;40;34;125;381;301;0;245;46;46;1455;21;45;30;84344832;0
180;40;35;20;6;302;0;12;46;46;1455;21;45;30;84344832;0
181;40;35;2;3;300;0;1;46;46;1455;21;45;30;84344832;0
182;40;34;110;341;299;0;245;46;45;1310;20;45;30;84344832;0
183;40;35;7;1;299;0;7;45;45;1310;20;45;30;84344832;0
184;40;35;2;15;297;0;0;45;45;1310;20;45;30;84344832;0
185;40;34;131;405;295;0;244;45;45;1172;19;45;30;84344832;0
186;40;35;10;1;294;0;10;45;45;1172;19;45;30;84344832;0
187;40;34;1;147;292;0;244;45;44;1172;19;45;30;84344832;0
188;40;34;150;445;292;0;243;45;44;1432;20;45;30;84344832;0
189;40;35;4;0;295;0;6;45;44;1432;20;45;30;84344832;0
190;40;35;6;20;296;0;255;45;44;1150;24;45;30;84344832;0
191;40;34;162;472;299;0;242;45;44;248;76;45;30;84344832;0
192;40;35;5;0;303;0;8;45;46;248;76;45;30;84344832;0
193;40;34;21;345;304;0;239;44;46;1272;22;45;30;84344832;0
194;40;34;141;356;306;0;254;44;46;1272;22;45;30;84344832;0
195;40;35;3;0;307;0;5;45;46;1272;22;45;30;84344832;0
196;40;34;121;377;306;0;241;44;46;1391;20;45;30;84344832;0
197;40;35;18;6;306;0;10;44;46;1391;20;45;30;84344832;0
198;40;35;2;5;305;0;2;44;46;1391;20;45;30;84344832;0
199;40;34;109;341;305;0;242;44;46;1323;20;45;30;84344832;0
200;40;35;9;1;307;0;8;44;45;1323;20;45;30;84344832;0
201;40;35;2;4;307;0;0;44;45;1323;20;45;30;84344832;0
202;40;34;137;433;307;0;242;44;45;1006;21;45;30;84344832;0
203;40;35;5;1;308;0;5;44;45;1006;21;45;30;84344832;0
204;40;34;150;442;306;0;242;44;45;1040;25;45;30;84344832;0
205;40;35;17;9;305;0;8;44;45;1040;25;45;30;84344832;0
206;40;35;1;2;304;0;3;44;46;1040;25;45;30;84344832;0
207;40;34;138;429;303;0;242;44;47;1545;19;45;30;84344832;0
208;40;35;17;7;305;0;8;44;49;1545;19;45;30;84344832;0
209;40;35;2;1;304;0;4;44;50;1545;19;45;30;84344832;0
210;40;34;153;465;303;0;240;44;50;1579;18;45;30;84344832;0
211;40;34;36;52;303;0;8;45;51;1579;18;45;30;84344832;0
212;40;35;2;1;302;0;5;45;52;1579;18;45;30;84344832;0
213;40;34;112;318;301;0;244;45;52;1488;19;45;30;84344832;0
214;40;34;49;76;301;0;6;45;52;1488;19;45;30;84344832;0
215;40;35;2;0;299;0;2;45;52;1488;19;45;30;84344832;0
216;40;34;117;334;296;0;243;45;52;1272;19;45;30;84344832;0
217;40;35;23;15;293;0;8;46;51;1272;19;45;30;84344832;0
218;40;35;2;1;290;0;3;45;51;1272;19;45;30;84344832;0
219;40;34;116;337;289;0;243;46;51;1273;20;45;30;84344832;0
220;40;35;16;7;290;0;7;46;51;1273;20;45;30;84344832;0
221;40;35;1;1;290;0;1;46;50;1273;20;45;30;84344832;0
222;40;34;106;277;291;0;246;46;50;1178;19;45;30;84344832;0
223;40;35;26;14;293;0;5;46;50;1178;19;45;30;84344832;0
224;40;35;2;1;294;0;2;46;49;1178;19;45;30;84344832;0
225;40;34;121;342;294;0;244;46;49;1139;19;45;30;84344832;0
226;40;35;5;1;294;0;4;46;49;1139;19;45;30;84344832;0
227;40;35;1;9;293;0;247;46;49;1139;19;45;30;84344832;0
228;40;34;151;426;294;0;244;46;49;973;21;45;30;84344832;0
229;40;35;9;1;297;0;10;46;48;973;21;45;30;84344832;0
230;40;35;3;26;298;0;0;46;48;973;21;45;30;84344832;0
231;40;34;125;365;303;0;245;46;48;1693;19;45;30;84344832;0
232;40;34;31;83;308;0;0;46;47;1693;19;45;30;84344832;0
233;40;35;2;0;310;0;5;46;47;1693;19;45;30;84344832;0
234;40;34;120;327;310;0;245;46;47;1316;16;45;30;84344832;0
235;40;34;58;95;309;0;7;45;47;1316;16;45;30;84344832;0
236;40;35;2;0;305;0;5;45;47;1316;16;45;30;84344832;0
237;40;34;112;327;303;0;243;45;46;1365;19;45;30;84344832;0
238;40;35;28;24;303;0;6;45;46;1365;19;45;30;84344832;0
239;40;35;2;0;303;0;4;45;46;1365;19;45;30;84344832;0
240;40;34;125;343;301;0;242;45;46;1184;19;45;30;84344832;0
241;40;35;30;22;301;0;7;45;45;1184;19;45;30;84344832;0
242;40;35;2;1;299;0;3;45;45;1184;19;45;30;84344832;0
243;40;34;120;320;299;0;245;45;45;1235;19;45;30;84344832;0
244;40;34;36;28;301;0;8;45;45;1235;19;45;30;84344832;0
245;40;35;2;0;302;0;5;45;45;1235;19;45;30;84344832;0
246;40;34;112;324;302;0;244;45;45;1363;19;45;30;84344832;0
247;40;35;17;6;303;0;7;44;45;1363;19;45;30;84344832;0
248;40;35;1;0;303;0;1;45;44;1363;19;45;30;84344832;0
249;40;34;109;295;303;0;246;44;45;1180;20;45;30;84344832;0
250;40;35;12;2;304;0;6;45;46;1180;20;45;30;84344832;0
251;40;35;1;1;302;0;0;44;47;1180;20;45;30;84344832;0
252;40;34;123;344;301;0;247;44;47;1053;20;45;30;84344832;0
253;40;35;7;1;300;0;7;45;47;1053;20;45;30;84344832;0
254;40;35;1;7;299;0;0;44;47;1053;20;45;30;84344832;0
255;40;34;120;324;300;0;252;44;47;1281;19;45;30;84344832;0
256;40;35;4;0;301;0;11;45;47;1281;19;45;30;84344832;0
257;40;34;32;363;302;0;239;45;47;969;21;45;30;84344832;0
258;40;34;121;327;304;0;250;45;47;969;21;45;30;84344832;0
259;40;35;4;0;306;0;8;45;46;969;21;45;30;84344832;0
260;40;34;1;162;305;0;242;45;46;969;21;45;30;84344832;0
261;40;34;133;383;304;0;245;44;46;1312;18;45;30;84344832;0
262;40;35;13;11;303;0;5;44;46;1312;18;45;30;84344832;0
263;40;35;1;0;301;0;3;44;46;1312;18;45;30;84344832;0
264;40;34;174;519;303;0;240;44;45;1512;17;45;30;84344832;0
265;40;35;9;1;306;0;9;44;45;1512;17;45;30;84344832;0
266;40;34;13;325;307;0;238;44;45;1512;17;45;30;84344832;0
267;40;34;95;164;309;0;5;44;45;1232;23;45;30;84344832;0
268;40;35;18;7;311;0;6;44;46;1232;23;45;30;84344832;0
269;40;35;2;0;311;0;4;44;47;1232;23;45;30;84344832;0
270;40;34;121;362;308;0;245;44;47;1420;17;45;30;84344832;0
271;40;35;9;1;303;0;8;44;48;1420;17;45;30;84344832;0
272;40;35;1;5;297;0;0;44;49;1420;17;45;30;84344832;0
273;40;34;123;382;294;0;243;45;49;1219;19;45;30;84344832;0
274;40;35;6;1;295;0;6;45;49;1219;19;45;30;84344832;0
275;40;34;120;294;295;0;245;45;49;1136;21;45;30;84344832;0
276;40;34;58;89;296;0;5;45;49;1136;21;45;30;84344832;0
277;40;35;2;0;297;0;4;45;49;1136;21;45;30;84344832;0
278;40;34;126;348;299;0;243;45;48;1113;21;45;30;84344832;0
279;40;35;17;6;303;0;8;45;48;1113;21;45;30;84344832;0
280;40;35;2;0;304;0;2;45;48;1113;21;45;30;84344832;0
281;40;34;130;364;304;0;245;45;48;1157;20;45;30;84344832;0
282;40;35;12;3;304;0;6;45;48;1157;20;45;30;84344832;0
283;40;35;1;1;302;0;1;45;47;1157;20;45;30;84344832;0
284;40;34;100;292;301;0;246;45;47;1191;19;45;30;84344832;0
285;40;35;13;3;301;0;7;45;47;1191;19;45;30;84344832;0
286;40;35;1;1;300;0;2;45;47;1191;19;45;30;84344832;0
287;40;34;113;327;299;0;243;45;47;1126;18;45;30;84344832;0
288;40;35;19;8;300;0;7;45;46;1126;18;45;30;84344832;0
289;40;35;2;1;300;0;1;45;46;1126;18;45;30;84344832;0
290;40;34;108;267;299;0;245;45;46;1164;18;45;30;84344832;0
291;40;34;76;138;301;0;4;45;46;1164;18;45;30;84344832;0
292;40;35;3;0;301;0;4;45;45;1164;18;45;30;84344832;0
293;40;34;64;289;299;0;243;45;45;1274;18;45;30;84344832;0
294;40;34;109;316;300;0;248;44;45;1274;18;45;30;84344832;0
295;40;35;4;0;299;0;5;44;45;1274;18;45;30;84344832;0
296;40;34;1;165;297;0;246;44;45;1274;18;45;30;84344832;0
297;40;34;107;291;296;0;248;44;45;1133;18;45;30;84344832;0
298;40;35;4;0;295;0;4;44;45;1133;18;45;30;84344832;0
299;40;34;6;165;293;0;244;44;45;1133;18;45;30;84344832;0
300;40;34;106;278;293;0;249;44;46;993;19;45;30;84344832;0
301;40;35;10;2;293;0;6;44;48;993;19;45;30;84344832;0
302;40;35;1;4;292;0;0;44;49;993;19;45;30;84344832;0
303;40;34;108;292;293;0;245;44;49;1203;17;45;30;84344832;0
304;40;35;20;9;295;0;8;45;49;1203;17;45;30;84344832;0
305;40;35;2;0;295;0;2;45;49;1203;17;45;30;84344832;0
306;40;34;101;258;296;0;244;45;49;1250;16;45;30;84344832;0
307;40;34;126;351;300;0;245;45;48;1250;16;45;30;84344832;0
308;40;35;5;0;303;0;6;45;48;1250;16;45;30;84344832;0
309;40;35;1;6;304;0;255;45;48;1250;16;45;30;84344832;0
310;40;34;114;319;306;0;246;45;48;1314;17;45;30;84344832;0
311;40;35;9;1;309;0;7;45;47;1314;17;45;30;84344832;0
312;40;35;1;1;309;0;1;45;47;1314;17;45;30;84344832;0
313;40;34;112;296;309;0;246;45;47;1298;17;45;30;84344832;0
314;40;35;8;1;308;0;7;45;47;1298;17;45;30;84344832;0
315;40;35;1;2;307;0;1;45;47;1298;17;45;30;84344832;0
316;40;34;124;375;305;0;244;45;47;996;20;45;30;84344832;0
317;40;35;7;1;306;0;7;45;46;996;20;45;30;84344832;0
318;40;35;2;5;305;0;254;45;46;996;20;45;30;84344832;0
319;40;34;119;338;305;0;245;45;46;1083;20;45;30;84344832;0
320;40;35;5;0;304;0;5;45;46;1083;20;45;30;84344832;0
321;40;34;1;161;302;0;247;45;46;1083;20;45;30;84344832;0
322;40;34;108;301;301;0;247;45;45;1035;19;45;30;84344832;0
323;40;35;5;0;302;0;5;45;45;1035;19;45;30;84344832;0
324;40;34;5;250;300;0;238;45;45;1035;19;45;30;84344832;0
325;40;34;157;443;299;0;244;44;45;1151;19;45;30;84344832;0
326;40;35;10;5;299;0;2;44;45;1151;19;45;30;84344832;0
327;40;35;2;2;299;0;3;44;45;1151;19;45;30;84344832;0
328;40;34;159;422;300;0;243;44;45;1513;17;45;30;84344832;0
329;40;35;12;3;299;0;8;44;46;1513;17;45;30;84344832;0
330;40;35;2;4;299;0;1;44;46;1513;17;45;30;84344832;0
331;40;34;121;325;301;0;247;44;47;1272;21;45;30;84344832;0
332;40;35;6;0;306;0;7;44;48;1272;21;45;30;84344832;0
333;40;34;3;41;307;0;0;44;49;1272;21;45;30;84344832;0
334;40;34;116;316;307;0;244;44;49;136;104;45;30;84344832;0
335;40;35;8;1;306;0;8;45;49;136;104;45;30;84344832;0
336;40;35;1;4;303;0;0;45;49;136;104;45;30;84344832;0
337;40;34;106;301;301;0;246;45;49;993;20;45;30;84344832;0
338;40;35;7;1;299;0;5;45;49;993;20;45;30;84344832;0
339;40;35;2;9;296;0;254;45;48;993;20;45;30;84344832;0
340;40;34;108;289;294;0;246;45;48;1031;19;45;30;84344832;0
341;40;35;7;1;293;0;6;45;48;1031;19;45;30;84344832;0
342;40;35;1;4;291;0;0;45;48;1031;19;45;30;84344832;0
343;40;34;111;303;290;0;246;45;48;1035;19;45;30;84344832;0
344;40;35;9;1;291;0;7;45;47;1035;19;45;30;84344832;0
345;40;35;1;2;292;0;0;45;47;1035;19;45;30;84344832;0
346;40;34;120;307;292;0;244;45;47;1080;18;45;30;84344832;0
347;40;35;9;1;295;0;7;45;47;1080;18;45;30;84344832;0
348;40;35;2;4;296;0;0;45;47;1080;18;45;30;84344832;0
349;40;34;121;301;298;0;244;45;46;1086;18;45;30;84344832;0
350;40;35;13;4;302;0;6;45;46;1086;18;45;30;84344832;0
351;40;35;1;1;305;0;0;45;46;1086;18;45;30;84344832;0
352;40;34;113;301;307;0;245;45;46;970;20;45;30;84344832;0
353;40;35;13;3;309;0;6;45;46;970;20;45;30;84344832;0
354;40;35;1;1;309;0;0;45;46;970;20;45;30;84344832;0
355;40;34;101;266;309;0;245;45;45;1051;18;45;30;84344832;0
356;40;34;81;177;311;0;0;44;45;1051;18;45;30;84344832;0
357;40;35;2;0;310;0;3;45;45;1051;18;45;30;84344832;0
358;40;34;12;288;308;0;239;45;45;1051;18;45;30;84344832;0
359;40;34;104;237;305;0;255;44;45;1132;17;45;30;84344832;0
360;40;35;3;0;302;0;4;44;45;1132;17;45;30;84344832;0
361;40;34;10;272;299;0;241;44;44;1132;17;45;30;84344832;0
362;40;34;125;347;299;0;246;44;44;1069;19;45;30;84344832;0
363;40;35;5;0;299;0;4;44;44;1069;19;45;30;84344832;0
364;40;35;2;22;298;0;254;44;45;1069;19;45;30;84344832;0
365;40;34;125;369;299;0;242;44;47;1087;19;45;30;84344832;0
366;40;35;5;0;302;0;4;44;48;1087;19;45;30;84344832;0
367;40;34;149;323;303;0;244;44;49;848;21;45;30;84344832;0
368;40;34;80;137;302;0;5;45;49;848;21;45;30;84344832;0
369;40;35;2;1;301;0;4;45;49;848;21;45;30;84344832;0
370;40;34;138;361;301;0;242;45;49;1311;20;45;30;84344832;0
371;40;34;68;110;305;0;5;45;49;1311;20;45;30;84344832;0
372;40;35;3;0;308;0;6;45;49;1311;20;45;30;84344832;0
373;40;34;53;371;309;0;239;45;49;1311;20;45;30;84344832;0
374;40;34;118;288;311;0;254;45;48;1510;17;45;30;84344832;0
375;40;35;5;0;313;0;6;45;48;1510;17;45;30;84344832;0
376;40;34;3;42;312;0;0;45;48;1510;17;45;30;84344832;0
377;40;34;127;356;311;0;243;45;48;1217;19;45;30;84344832;0
378;40;35;14;7;311;0;6;45;47;1217;19;45;30;84344832;0
379;40;35;1;1;310;0;2;45;47;1217;19;45;30;84344832;0
380;40;34;118;341;308;0;244;45;47;1257;15;45;30;84344832;0
381;40;34;31;28;308;0;6;45;47;1257;15;45;30;84344832;0
382;40;35;2;0;306;0;2;45;47;1257;15;45;30;84344832;0
383;40;34;10;238;304;0;240;45;46;1257;15;45;30;84344832;0
384;40;34;113;319;304;0;247;45;46;1207;17;45;30;84344832;0
385;40;35;5;0;303;0;5;45;46;1207;17;45;30;84344832;0
386;40;34;4;183;299;0;244;45;46;1207;17;45;30;84344832;0
387;40;34;123;350;298;0;245;45;46;1118;18;45;30;84344832;0
388;40;35;7;0;297;0;6;45;46;1118;18;45;30;84344832;0
389;40;35;1;1;294;0;0;45;46;1118;18;45;30;84344832;0
390;40;34;108;294;293;0;246;45;45;1192;18;45;30;84344832;0
391;40;35;11;2;294;0;7;45;45;1192;18;45;30;84344832;0
392;40;35;1;1;293;0;0;45;45;1192;18;45;30;84344832;0
393;40;34;110;286;293;0;246;45;45;1123;18;45;30;84344832;0
394;40;35;10;1;295;0;6;45;45;1123;18;45;30;84344832;0
395;40;35;1;3;296;0;0;44;45;1123;18;45;30;84344832;0
396;40;34;109;285;297;0;246;44;44;979;20;45;30;84344832;0
397;40;35;7;1;299;0;6;44;44;979;20;45;30;84344832;0
398;40;35;1;1;299;0;0;44;45;979;20;45;30;84344832;0
399;40;34;114;310;298;0;246;44;47;1086;19;45;30;84344832;0
400;40;35;7;1;298;0;6;44;48;1086;19;45;30;84344832;0
401;40;34;2;173;297;0;244;44;49;1086;19;45;30;84344832;0
402;40;34;111;293;298;0;246;45;49;1035;19;45;30;84344832;0
403;40;35;8;1;298;0;6;45;49;1035;19;45;30;84344832;0
404;40;35;1;6;297;0;255;45;49;1035;19;45;30;84344832;0
405;40;34;121;327;298;0;246;45;49;1092;19;45;30;84344832;0
406;40;35;6;0;299;0;6;45;49;1092;19;45;30;84344832;0
407;40;35;2;6;298;0;254;45;49;1092;19;45;30;84344832;0
408;40;34;114;299;299;0;247;45;48;1169;19;45;30;84344832;0
409;40;35;5;0;301;0;6;45;48;1169;19;45;30;84344832;0
410;40;35;1;1;300;0;0;45;48;1169;19;45;30;84344832;0
411;40;34;102;262;300;0;246;45;48;1046;18;45;30;84344832;0
412;40;35;12;2;301;0;5;45;48;1046;18;45;30;84344832;0
413;40;35;1;1;300;0;0;45;47;1046;18;45;30;84344832;0
414;40;34;115;303;299;0;244;45;47;965;18;45;30;84344832;0
415;40;35;18;9;300;0;6;45;47;965;18;45;30;84344832;0
416;40;35;1;1;300;0;1;45;47;965;18;45;30;84344832;0
417;40;34;101;240;301;0;245;45;47;1089;18;45;30;84344832;0
418;40;34;68;111;304;0;3;45;46;1089;18;45;30;84344832;0
419;40;35;2;0;305;0;3;45;46;1089;18;45;30;84344832;0
420;40;34;34;267;305;0;242;45;46;1089;18;45;30;84344832;0
421;40;34;115;308;305;0;247;45;46;1082;17;45;30;84344832;0
422;40;35;4;0;304;0;4;45;46;1082;17;45;30;84344832;0
423;40;35;1;1;303;0;255;45;46;1082;17;45;30;84344832;0
424;40;34;96;247;303;0;248;45;46;1017;18;45;30;84344832;0
425;40;35;5;0;305;0;4;45;45;1017;18;45;30;84344832;0
426;40;35;1;6;304;0;242;45;45;1017;18;45;30;84344832;0
427;40;34;98;265;302;0;246;45;45;883;18;45;30;84344832;0
428;40;35;7;1;299;0;5;45;45;883;18;45;30;84344832;0
429;40;35;1;1;296;0;0;45;45;883;18;45;30;84344832;0
430;40;34;137;388;294;0;243;45;45;1063;19;45;30;84344832;0
431;40;35;19;30;295;0;5;44;45;1063;19;45;30;84344832;0
432;40;34;14;29;296;0;255;45;44;1456;25;45;30;84344832;0
433;40;35;3;0;300;0;255;45;44;1456;25;45;30;84344832;0
434;40;34;111;277;306;0;243;45;45;150;27;45;30;84344832;0
435;40;35;13;3;312;0;8;45;46;150;27;45;30;84344832;0
436;40;34;5;41;312;0;0;44;47;863;25;45;30;84344832;0
437;40;34;122;298;311;0;242;44;47;180;59;45;30;84344832;0
438;40;34;22;26;312;0;5;45;47;180;59;45;30;84344832;0
439;40;35;2;0;311;0;4;45;47;180;59;45;30;84344832;0
440;40;34;115;298;311;0;243;45;47;1100;19;45;30;84344832;0
441;40;34;53;77;313;0;4;45;47;1100;19;45;30;84344832;0
442;40;35;2;1;314;0;3;45;47;1100;19;45;30;84344832;0
443;40;34;78;305;312;0;241;45;47;1172;18;45;30;84344832;0
444;40;34;130;356;310;0;252;45;46;1172;18;45;30;84344832;0
445;40;35;3;0;308;0;6;45;46;1172;18;45;30;84344832;0
446;40;34;98;285;305;0;244;44;46;1276;20;45;30;84344832;0
447;40;35;26;24;305;0;5;44;46;1276;20;45;30;84344832;0
448;40;35;2;0;304;0;2;44;46;1276;20;45;30;84344832;0
449;40;34;94;255;301;0;244;44;46;984;19;45;30;84344832;0
450;40;34;44;61;299;0;3;44;45;984;19;45;30;84344832;0
451;40;35;3;0;297;0;3;44;45;984;19;45;30;84344832;0
452;40;34;6;215;294;0;243;44;45;984;19;45;30;84344832;0
453;40;34;103;278;292;0;249;44;45;1013;18;45;30;84344832;0
454;40;35;4;0;290;0;5;44;45;1013;18;45;30;84344832;0
455;40;35;1;1;287;0;0;44;45;1013;18;45;30;84344832;0
456;40;34;121;324;287;0;244;44;45;1010;18;45;30;84344832;0
457;40;35;7;1;287;0;5;44;45;1010;18;45;30;84344832;0
458;40;35;1;0;288;0;0;44;46;1010;18;45;30;84344832;0
459;40;34;97;229;290;0;249;44;47;1089;18;45;30;84344832;0
460;40;35;8;1;294;0;5;44;48;1089;18;45;30;84344832;0
461;40;35;1;1;298;0;0;44;49;1089;18;45;30;84344832;0
462;40;34;117;262;302;0;249;44;49;974;19;45;30;84344832;0
463;40;35;8;1;306;0;5;45;49;974;19;45;30;84344832;0
464;40;35;1;1;307;0;1;45;49;974;19;45;30;84344832;0
465;40;34;131;334;308;0;245;45;49;1084;19;45;30;84344832;0
466;40;35;7;1;311;0;5;45;49;1084;19;45;30;84344832;0
467;40;35;1;2;311;0;0;45;49;1084;19;45;30;84344832;0
468;40;34;136;370;312;0;241;45;49;1019;19;45;30;84344832;0
469;40;35;16;4;314;0;8;45;48;1019;19;45;30;84344832;0
470;40;35;1;0;313;0;2;45;48;1019;19;45;30;84344832;0
471;40;34;116;312;312;0;244;45;48;1278;19;45;30;84344832;0
472;40;35;22;13;314;0;7;45;48;1278;19;45;30;84344832;0
473;40;35;2;1;313;0;2;45;48;1278;19;45;30;84344832;0
474;40;34;88;232;311;0;245;45;47;1141;17;45;30;84344832;0
475;40;34;72;136;312;0;2;45;47;1141;17;45;30;84344832;0
476;40;35;3;0;312;0;4;45;47;1141;17;45;30;84344832;0
477;40;34;6;176;310;0;244;45;47;1141;17;45;30;84344832;0
478;40;34;105;290;308;0;247;45;47;1060;17;45;30;84344832;0
479;40;35;6;0;306;0;5;45;46;1060;17;45;30;84344832;0
480;40;35;1;2;302;0;0;45;46;1060;17;45;30;84344832;0
481;40;34;93;257;299;0;246;45;46;1100;17;45;30;84344832;0
482;40;35;9;2;298;0;4;45;46;1100;17;45;30;84344832;0
483;40;35;1;2;296;0;255;45;46;1100;17;45;30;84344832;0
484;40;34;114;320;293;0;242;45;46;872;17;45;30;84344832;0
485;40;35;23;19;292;0;6;45;46;872;17;45;30;84344832;0
486;40;35;2;0;290;0;1;45;45;872;17;45;30;84344832;0
487;40;34;60;238;289;0;244;45;45;929;18;45;30;84344832;0
488;40;34;100;261;291;0;250;45;45;929;18;45;30;84344832;0
489;40;35;3;0;292;0;4;45;45;929;18;45;30;84344832;0
490;40;34;109;236;292;0;246;45;45;996;20;45;30;84344832;0
491;40;35;24;19;293;0;4;44;45;996;20;45;30;84344832;0
492;40;35;1;1;293;0;1;44;45;996;20;45;30;84344832;0
493;40;34;107;245;293;0;245;45;45;776;19;45;30;84344832;0
494;40;34;62;82;294;0;7;44;44;776;19;45;30;84344832;0
495;40;35;2;1;296;0;3;44;45;776;19;45;30;84344832;0
496;40;34;71;228;299;0;246;44;46;1219;18;45;30;84344832;0
497;40;34;75;121;306;0;2;44;46;1219;18;45;30;84344832;0
498;40;35;2;0;311;0;4;44;46;1219;18;45;30;84344832;0
499;40;35;3;192;312;0;252;44;47;1219;18;45;30;84344832;0
500;40;34;119;296;314;0;248;44;46;983;17;45;30;84344832;0
501;40;35;5;0;315;0;5;44;46;983;17;45;30;84344832;0
502;40;35;1;1;314;0;0;44;46;983;17;45;30;84344832;0
503;40;34;103;280;313;0;246;44;46;1075;18;45;30;84344832;0
504;40;35;15;5;313;0;5;44;46;1075;18;45;30;84344832;0
505;40;35;1;0;311;0;2;44;46;1075;18;45;30;84344832;0
506;40;34;73;197;308;0;247;44;46;1142;17;45;30;84344832;0
507;40;34;72;128;307;0;1;44;45;1142;17;45;30;84344832;0
508;40;35;3;0;306;0;5;44;45;1142;17;45;30;84344832;0
509;40;34;10;258;301;0;240;44;45;1142;17;45;30;84344832;0
510;40;34;159;421;299;0;244;44;45;1123;16;45;30;84344832;0
511;40;35;7;1;298;0;5;44;45;1123;16;45;30;84344832;0
512;40;35;1;1;299;0;2;44;45;1123;16;45;30;84344832;0
513;40;34;143;370;302;0;244;44;45;1241;18;45;30;84344832;0
514;40;35;8;1;307;0;5;44;46;1241;18;45;30;84344832;0
515;40;35;1;2;310;0;0;44;47;1241;18;45;30;84344832;0
516;40;34;121;318;313;0;246;44;47;1127;19;45;30;84344832;0
517;40;35;5;0;316;0;5;44;49;1127;19;45;30;84344832;0
518;40;35;1;5;316;0;255;44;49;1127;19;45;30;84344832;0
519;40;34;129;337;314;0;251;45;50;1102;20;45;30;84344832;0
520;40;35;5;0;312;0;6;45;51;1102;20;45;30;84344832;0
521;40;34;3;34;309;0;0;45;51;1037;20;45;30;84344832;0
522;40;34;121;340;307;0;243;45;51;126;100;45;30;84344832;0
523;40;35;6;1;307;0;6;45;51;126;100;45;30;84344832;0
524;40;35;1;2;305;0;0;45;51;126;100;45;30;84344832;0
525;40;34;91;248;304;0;248;45;51;893;19;45;30;84344832;0
526;40;35;10;2;303;0;6;45;51;893;19;45;30;84344832;0
527;40;35;1;3;301;0;0;45;51;893;19;45;30;84344832;0
528;40;34;87;232;298;0;246;45;50;955;17;45;30;84344832;0
529;40;35;23;9;297;0;6;46;50;955;17;45;30;84344832;0
530;40;35;2;1;296;0;0;46;50;955;17;45;30;84344832;0
531;40;34;115;288;294;0;244;46;50;942;19;45;30;84344832;0
532;40;35;18;9;296;0;6;46;49;942;19;45;30;84344832;0
533;40;35;2;1;298;0;0;46;49;942;19;45;30;84344832;0
534;40;34;110;267;298;0;243;46;49;967;18;45;30;84344832;0
535;40;35;33;29;299;0;5;46;49;967;18;45;30;84344832;0
536;40;35;2;2;298;0;0;46;49;967;18;45;30;84344832;0
537;40;34;90;233;298;0;245;46;48;923;19;45;30;84344832;0
538;40;34;82;154;299;0;0;46;48;923;19;45;30;84344832;0
539;40;35;2;0;299;0;3;46;48;923;19;45;30;84344832;0
540;40;34;7;217;299;0;243;45;48;923;19;45;30;84344832;0
541;40;34;99;255;299;0;249;46;48;1082;17;45;30;84344832;0
542;40;35;3;0;300;0;4;46;48;1082;17;45;30;84344832;0
543;40;35;1;38;299;0;242;46;47;1082;17;45;30;84344832;0
544;40;34;110;304;298;0;245;46;47;948;18;45;30;84344832;0
545;40;35;5;0;298;0;5;45;47;948;18;45;30;84344832;0
546;40;34;0;151;296;0;244;45;47;948;18;45;30;84344832;0
547;40;34;93;254;296;0;248;45;47;965;19;45;30;84344832;0
548;40;35;4;0;297;0;4;45;47;965;19;45;30;84344832;0
549;40;34;118;291;296;0;244;45;46;858;21;45;30;84344832;0
550;40;34;41;53;297;0;4;45;46;858;21;45;30;84344832;0
551;40;35;2;0;296;0;3;45;46;858;21;45;30;84344832;0
552;40;34;24;275;297;0;241;45;46;858;21;45;30;84344832;0
553;40;34;46;62;299;0;3;45;46;1006;18;45;30;84344832;0
554;40;35;2;0;301;0;2;45;46;1006;18;45;30;84344832;0
555;40;34;84;215;303;0;247;45;46;827;21;45;30;84344832;0
556;40;35;12;3;306;0;4;45;45;827;21;45;30;84344832;0
557;40;35;1;0;307;0;0;45;45;827;21;45;30;84344832;0
558;40;34;72;190;306;0;248;45;45;738;20;45;30;84344832;0
559;40;35;10;2;306;0;5;45;45;738;20;45;30;84344832;0
560;40;35;1;1;303;0;0;45;45;738;20;45;30;84344832;0
561;40;34;118;316;300;0;246;45;45;807;20;45;30;84344832;0
562;40;35;4;0;299;0;3;45;45;807;20;45;30;84344832;0
563;40;34;4;137;297;0;247;45;45;807;20;45;30;84344832;0
564;40;34;115;292;298;0;248;45;44;849;20;45;30;84344832;0
565;40;35;4;0;299;0;3;45;44;849;20;45;30;84344832;0
566;40;34;4;143;298;0;245;45;44;849;20;45;30;84344832;0
567;40;34;41;46;299;0;1;45;45;909;19;45;30;84344832;0
568;40;35;2;0;299;0;1;44;46;909;19;45;30;84344832;0
569;40;34;7;193;297;0;243;44;46;909;19;45;30;84344832;0
570;40;34;81;132;294;0;0;45;46;655;19;45;30;84344832;0
571;40;35;2;0;292;0;1;45;46;655;19;45;30;84344832;0
572;40;34;9;203;290;0;243;44;46;655;19;45;30;84344832;0
573;40;34;50;66;291;0;2;44;46;784;19;45;30;84344832;0
574;40;35;3;0;293;0;2;45;46;784;19;45;30;84344832;0
575;40;34;94;234;294;0;245;45;46;764;20;45;30;84344832;0
576;40;35;12;2;295;0;5;45;46;764;20;45;30;84344832;0
577;40;35;1;1;297;0;0;45;46;764;20;45;30;84344832;0
578;40;34;88;203;298;0;247;45;46;606;21;45;30;84344832;0
579;40;35;12;2;302;0;5;45;45;606;21;45;30;84344832;0
580;40;35;1;1;304;0;0;44;45;606;21;45;30;84344832;0
581;40;34;104;264;305;0;245;44;45;837;19;45;30;84344832;0
582;40;35;7;1;308;0;4;44;45;837;19;45;30;84344832;0
583;40;35;1;1;310;0;0;44;45;837;19;45;30;84344832;0
584;40;34;117;288;311;0;245;44;45;721;20;45;30;84344832;0
585;40;35;6;1;312;0;4;44;45;721;20;45;30;84344832;0
586;40;35;1;1;311;0;0;44;45;721;20;45;30;84344832;0
587;40;34;95;267;311;0;247;44;46;898;19;45;30;84344832;0
588;40;35;4;0;311;0;3;44;47;898;19;45;30;84344832;0
589;40;35;2;2;309;0;253;44;48;898;19;45;30;84344832;0
590;40;34;78;119;307;0;0;44;48;714;20;45;30;84344832;0
591;40;35;3;0;306;0;2;44;48;714;20;45;30;84344832;0
592;40;34;13;214;302;0;243;44;48;714;20;45;30;84344832;0
593;40;34;75;108;297;0;1;45;48;704;20;45;30;84344832;0
594;40;35;2;1;292;0;1;45;48;704;20;45;30;84344832;0
595;40;34;89;220;289;0;247;45;48;773;22;45;30;84344832;0
596;40;35;7;1;287;0;3;45;47;773;22;45;30;84344832;0
597;40;35;1;0;287;0;0;45;47;773;22;45;30;84344832;0
598;40;34;91;214;287;0;247;45;47;638;20;45;30;84344832;0
599;40;35;7;0;288;0;4;45;47;638;20;45;30;84344832;0
600;40;35;1;0;291;0;0;45;47;638;20;45;30;84344832;0
601;40;34;102;222;293;0;246;45;47;771;19;45;30;84344832;0
602;40;35;6;0;296;0;3;45;47;771;19;45;30;84344832;0
603;40;35;1;1;299;0;0;45;46;771;19;45;30;84344832;0
604;40;34;102;223;302;0;249;45;46;749;20;45;30;84344832;0
605;40;35;5;1;306;0;4;45;46;749;20;45;30;84344832;0
606;40;35;1;0;308;0;0;45;46;749;20;45;30;84344832;0
607;40;34;110;269;309;0;245;45;46;799;18;45;30;84344832;0
608;40;35;8;1;308;0;5;45;46;799;18;45;30;84344832;0
609;40;35;1;1;308;0;0;45;45;799;18;45;30;84344832;0
610;40;34;105;261;308;0;246;45;45;915;19;45;30;84344832;0
611;40;35;6;1;310;0;4;45;45;915;19;45;30;84344832;0
612;40;35;1;1;311;0;0;45;45;915;19;45;30;84344832;0
613;40;34;97;254;311;0;245;45;45;817;20;45;30;84344832;0
614;40;35;12;2;311;0;6;44;45;817;20;45;30;84344832;0
615;40;35;1;2;310;0;0;44;45;817;20;45;30;84344832;0
616;40;34;121;304;310;0;245;44;45;1028;18;45;30;84344832;0
617;40;35;8;1;310;0;6;44;44;1028;18;45;30;84344832;0
618;40;35;2;9;311;0;255;44;45;1028;18;45;30;84344832;0
619;40;34;100;236;312;0;245;44;46;998;17;45;30;84344832;0
620;40;35;29;24;314;0;4;44;47;998;17;45;30;84344832;0
621;40;35;2;0;314;0;4;44;47;998;17;45;30;84344832;0
622;40;34;114;299;313;0;244;44;47;914;19;45;30;84344832;0
623;40;34;44;57;312;0;5;44;47;914;19;45;30;84344832;0
624;40;35;2;0;312;0;3;44;46;914;19;45;30;84344832;0
625;40;34;43;326;312;0;238;44;46;914;19;45;30;84344832;0
626;40;34;66;105;314;0;4;44;46;1154;18;45;30;84344832;0
627;40;35;3;0;315;0;4;44;46;1154;18;45;30;84344832;0
628;40;34;10;214;315;0;241;44;46;1154;18;45;30;84344832;0
629;40;34;74;119;316;0;1;44;46;1080;18;45;30;84344832;0
630;40;35;2;1;317;0;2;44;45;1080;18;45;30;84344832;0
631;40;34;99;271;316;0;243;44;45;804;21;45;30;84344832;0
632;40;34;30;33;314;0;4;44;45;804;21;45;30;84344832;0
633;40;35;1;0;311;0;1;44;45;804;21;45;30;84344832;0
634;40;34;106;291;308;0;244;44;45;974;20;45;30;84344832;0
635;40;35;20;16;305;0;5;44;45;974;20;45;30;84344832;0
636;40;35;1;0;303;0;1;44;45;974;20;45;30;84344832;0
637;40;34;79;229;300;0;245;44;45;946;18;45;30;84344832;0
638;40;34;64;82;300;0;3;44;46;946;18;45;30;84344832;0
639;40;35;2;0;299;0;2;44;47;946;18;45;30;84344832;0
640;40;34;94;241;296;0;245;44;47;897;19;45;30;84344832;0
641;40;34;36;38;296;0;4;44;48;897;19;45;30;84344832;0
642;40;35;2;0;295;0;2;44;49;897;19;45;30;84344832;0
643;40;34;97;232;294;0;246;44;49;898;19;45;30;84344832;0
644;40;34;52;63;295;0;3;45;49;898;19;45;30;84344832;0
645;40;35;2;0;295;0;2;45;49;898;19;45;30;84344832;0
646;40;34;8;173;295;0;244;45;49;898;19;45;30;84344832;0
647;40;34;95;242;296;0;248;45;49;879;18;45;30;84344832;0
648;40;35;4;0;297;0;4;45;49;879;18;45;30;84344832;0
649;40;35;1;36;297;0;242;45;49;879;18;45;30;84344832;0
650;40;34;96;243;298;0;248;45;49;887;18;45;30;84344832;0
651;40;35;7;1;301;0;6;45;48;887;18;45;30;84344832;0
652;40;35;1;2;301;0;0;45;48;887;18;45;30;84344832;0
653;40;34;126;319;301;0;244;45;48;931;18;45;30;84344832;0
654;40;35;11;2;301;0;5;45;48;931;18;45;30;84344832;0
655;40;35;2;0;301;0;1;45;48;931;18;45;30;84344832;0
656;40;34;83;198;302;0;250;45;47;1289;19;45;30;84344832;0
657;40;35;11;3;304;0;5;45;47;1289;19;45;30;84344832;0
658;40;35;1;0;304;0;3;45;47;1289;19;45;30;84344832;0
659;40;34;137;363;302;0;243;45;47;837;18;45;30;84344832;0
660;40;35;26;23;302;0;7;45;47;837;18;45;30;84344832;0
661;40;35;1;0;303;0;3;45;47;837;18;45;30;84344832;0
662;40;34;109;267;304;0;244;45;46;1251;18;45;30;84344832;0
663;40;34;52;70;309;0;6;45;46;1251;18;45;30;84344832;0
664;40;35;3;0;311;0;5;45;46;1251;18;45;30;84344832;0
665;40;34;12;307;312;0;237;45;46;1251;18;45;30;84344832;0
666;40;34;146;371;315;0;246;45;46;1309;17;45;30;84344832;0
667;40;35;5;0;317;0;7;45;46;1309;17;45;30;84344832;0
668;40;35;1;1;317;0;0;45;46;1309;17;45;30;84344832;0
669;40;34;134;367;318;0;244;45;45;1313;17;45;30;84344832;0
670;40;35;26;31;320;0;6;45;45;1313;17;45;30;84344832;0
671;40;35;1;0;318;0;3;45;45;1313;17;45;30;84344832;0
672;40;34;119;296;317;0;244;45;45;1456;16;45;30;84344832;0
673;40;34;54;83;318;0;3;44;45;1456;16;45;30;84344832;0
674;40;35;2;1;317;0;3;44;45;1456;16;45;30;84344832;0
675;39;34;139;396;313;0;240;44;45;1085;19;45;30;84344832;0
676;40;34;105;237;309;0;0;44;44;1085;19;45;30;84344832;0
677;40;35;3;0;303;0;6;44;44;1085;19;45;30;84344832;0
678;40;34;12;41;299;0;0;44;46;1285;20;45;30;84344832;0
679;40;34;133;376;296;0;247;44;47;1285;20;45;30;84344832;0
680;40;35;6;0;296;0;9;45;49;1285;20;45;30;84344832;0
681;40;35;1;4;296;0;0;44;50;1285;20;45;30;84344832;0
682;40;34;130;366;298;0;243;45;50;1364;16;45;30;84344832;0
683;40;35;8;1;301;0;6;45;50;1364;16;45;30;84344832;0
684;40;35;1;2;303;0;0;45;50;1364;16;45;30;84344832;0
685;40;34;98;261;306;0;247;45;49;1115;19;45;30;84344832;0
686;40;35;6;0;310;0;9;45;49;1115;19;45;30;84344832;0
687;40;34;112;300;311;0;244;45;49;882;24;45;30;84344832;0
688;40;35;18;17;310;0;4;45;49;882;24;45;30;84344832;0
689;40;35;1;0;306;0;1;45;49;882;24;45;30;84344832;0
690;40;34;120;321;302;0;243;45;49;950;19;45;30;84344832;0
691;40;34;35;50;300;0;4;45;48;950;19;45;30;84344832;0
692;40;35;2;0;299;0;2;45;48;950;19;45;30;84344832;0
693;40;34;99;265;297;0;244;45;48;1047;19;45;30;84344832;0
694;40;35;31;26;296;0;5;45;48;1047;19;45;30;84344832;0
695;40;35;2;4;294;0;1;45;48;1047;19;45;30;84344832;0
696;40;34;107;300;293;0;241;45;47;958;19;45;30;84344832;0
697;40;34;59;88;295;0;4;45;47;958;19;45;30;84344832;0
698;40;35;3;2;297;0;2;45;47;958;19;45;30;84344832;0
699;40;34;33;328;299;0;236;45;47;958;19;45;30;84344832;0
700;40;34;40;43;304;0;5;45;47;1162;18;45;30;84344832;0
701;40;35;2;1;307;0;2;45;47;1162;18;45;30;84344832;0
702;40;34;101;261;308;0;244;45;46;989;21;45;30;84344832;0
703;40;35;14;5;310;0;5;45;46;989;21;45;30;84344832;0
704;40;35;2;1;309;0;0;45;46;989;21;45;30;84344832;0
705;40;34;113;307;306;0;242;45;46;822;19;45;30;84344832;0
706;40;35;20;14;305;0;4;45;46;822;19;45;30;84344832;0
707;40;35;1;1;301;0;0;45;46;822;19;45;30;84344832;0
708;40;34;96;258;299;0;245;45;45;913;19;45;30;84344832;0
709;40;34;40;60;297;0;4;45;45;913;19;45;30;84344832;0
710;40;35;2;0;295;0;3;45;45;913;19;45;30;84344832;0
711;39;34;167;318;293;0;244;45;45;1190;17;45;30;84344832;0
712;40;34;81;140;294;0;6;45;45;1190;17;45;30;84344832;0
713;40;35;3;1;296;0;6;45;45;1190;17;45;30;84344832;0
714;40;35;1;4;297;0;255;45;45;1190;17;45;30;84344832;0
715;40;34;109;254;301;0;250;44;45;1356;17;45;30;84344832;0
716;40;35;11;4;303;0;5;44;44;1356;17;45;30;84344832;0
717;40;35;1;0;303;0;2;44;45;1356;17;45;30;84344832;0
718;40;34;85;229;300;0;245;44;46;1122;16;45;30;84344832;0
719;40;34;97;238;298;0;252;45;46;1122;16;45;30;84344832;0
720;40;35;3;0;295;0;4;45;46;1122;16;45;30;84344832;0
721;40;35;1;0;292;0;255;44;46;1122;16;45;30;84344832;0
722;40;34;93;267;291;0;246;45;46;1055;16;45;30;84344832;0
723;40;35;24;30;292;0;3;45;46;1055;16;45;30;84344832;0
724;40;35;2;0;291;0;2;45;46;1055;16;45;30;84344832;0
725;40;34;69;305;291;0;241;45;46;1087;16;45;30;84344832;0
726;40;34;139;339;292;0;249;44;46;1087;16;45;30;84344832;0
727;40;34;39;85;293;0;1;44;46;1087;16;45;30;84344832;0
728;40;35;2;0;295;0;5;44;45;1087;16;45;30;84344832;0
729;40;35;1;6;296;0;255;44;45;1087;16;45;30;84344832;0
730;40;34;125;300;297;0;248;44;45;1710;14;45;30;84344832;0
731;40;35;4;0;298;0;5;44;45;1710;14;45;30;84344832;0
732;40;35;7;16;299;0;255;44;45;973;22;45;30;84344832;0
733;40;34;142;347;303;0;245;44;45;176;87;45;30;84344832;0
734;40;35;8;1;308;0;7;44;45;176;87;45;30;84344832;0
735;40;35;1;1;310;0;1;44;45;176;87;45;30;84344832;0
736;40;34;124;321;312;0;243;44;46;1205;17;45;30;84344832;0
737;40;35;34;27;315;0;7;44;48;1205;17;45;30;84344832;0
738;40;35;2;0;316;0;2;44;49;1205;17;45;30;84344832;0
739;40;34;93;246;315;0;244;44;49;1167;18;45;30;84344832;0
740;40;34;54;64;315;0;4;45;49;1167;18;45;30;84344832;0
741;40;35;2;0;314;0;2;45;49;1167;18;45;30;84344832;0
742;40;34;23;283;312;0;239;45;49;1167;18;45;30;84344832;0
743;40;34;43;59;310;0;3;45;49;1000;18;45;30;84344832;0
744;40;35;3;0;308;0;3;45;49;1000;18;45;30;84344832;0
745;40;34;97;258;305;0;244;45;49;987;19;45;30;84344832;0
746;40;34;106;240;303;0;0;45;48;987;19;45;30;84344832;0
747;40;35;3;0;301;0;5;45;48;987;19;45;30;84344832;0
748;40;35;1;7;299;0;244;45;48;987;19;45;30;84344832;0
749;40;34;116;305;297;0;246;45;48;1078;17;45;30;84344832;0
750;40;35;5;0;297;0;4;45;48;1078;17;45;30;84344832;0
751;40;34;20;270;295;0;241;45;47;1078;17;45;30;84344832;0
752;40;34;96;173;295;0;0;45;47;959;20;45;30;84344832;0
753;40;35;3;0;296;0;4;45;47;959;20;45;30;84344832;0
754;40;34;101;246;296;0;246;45;47;1014;20;45;30;84344832;0
755;40;34;57;79;297;0;3;45;47;1014;20;45;30;84344832;0
756;40;35;2;0;298;0;3;45;47;1014;20;45;30;84344832;0
757;40;34;106;272;298;0;243;45;46;945;19;45;30;84344832;0
758;40;34;69;85;300;0;5;45;46;945;19;45;30;84344832;0
759;40;35;2;1;302;0;3;45;46;945;19;45;30;84344832;0
760;39;34;133;359;303;0;241;45;46;1130;20;45;30;84344832;0
761;40;34;36;48;305;0;6;45;46;1130;20;45;30;84344832;0
762;40;35;2;0;307;0;3;45;46;1130;20;45;30;84344832;0
763;40;34;121;275;308;0;245;45;46;1194;19;45;30;84344832;0
764;40;35;27;23;311;0;6;45;45;1194;19;45;30;84344832;0
765;40;35;2;0;311;0;3;45;45;1194;19;45;30;84344832;0
766;40;34;97;263;310;0;245;45;45;1075;18;45;30;84344832;0
767;40;34;58;93;309;0;3;45;45;1075;18;45;30;84344832;0
768;40;35;2;0;307;0;3;45;45;1075;18;45;30;84344832;0
769;40;34;9;240;304;0;240;44;45;1075;18;45;30;84344832;0
770;40;34;102;270;304;0;250;44;45;987;18;45;30;84344832;0
771;40;35;4;0;303;0;4;44;45;987;18;45;30;84344832;0
772;40;35;2;9;301;0;245;44;45;987;18;45;30;84344832;0
773;40;34;86;159;298;0;1;44;46;1081;18;45;30;84344832;0
774;40;35;4;0;297;0;4;44;47;1081;18;45;30;84344832;0
775;40;34;9;225;296;0;241;44;47;1081;18;45;30;84344832;0
776;40;34;103;254;295;0;252;44;47;944;20;45;30;84344832;0
777;40;35;3;0;295;0;4;44;46;944;20;45;30;84344832;0
778;40;35;0;0;295;0;0;44;46;944;20;45;30;84344832;0
779;40;34;117;301;296;0;245;44;46;957;17;45;30;84344832;0
780;40;35;19;9;297;0;6;44;46;957;17;45;30;84344832;0
781;40;35;2;1;297;0;2;44;46;957;17;45;30;84344832;0
782;40;34;114;256;298;0;244;44;46;1213;16;45;30;84344832;0
783;40;34;101;221;299;0;254;44;46;1213;16;45;30;84344832;0
784;40;35;4;0;300;0;5;44;45;1213;16;45;30;84344832;0
785;40;34;8;186;300;0;243;44;45;1213;16;45;30;84344832;0
786;40;34;121;317;301;0;246;44;45;1089;18;45;30;84344832;0
787;40;35;9;1;303;0;5;44;45;1089;18;45;30;84344832;0
788;40;35;1;1;304;0;1;44;46;1089;18;45;30;84344832;0
789;39;34;124;316;304;0;244;44;46;1333;16;45;30;84344832;0
790;40;35;22;19;306;0;6;44;47;1333;16;45;30;84344832;0
791;40;35;1;0;305;0;2;44;48;1333;16;45;30;84344832;0
792;40;34;90;245;305;0;244;44;49;1144;18;45;30;84344832;0
793;40;34;89;164;307;0;1;45;50;1144;18;45;30;84344832;0
794;40;35;3;0;306;0;4;45;51;1144;18;45;30;84344832;0
795;40;34;0;133;305;0;245;44;51;1144;18;45;30;84344832;0
796;39;34;124;291;305;0;248;45;51;1108;17;45;30;84344832;0
797;40;35;4;0;306;0;5;45;51;1108;17;45;30;84344832;0
798;40;35;1;3;304;0;254;45;51;1108;17;45;30;84344832;0
799;40;34;100;273;303;0;248;45;51;979;19;45;30;84344832;0
800;40;35;4;0;302;0;3;45;51;979;19;45;30;84344832;0
801;39;34;114;288;299;0;243;45;51;795;21;45;30;84344832;0
802;40;35;35;29;298;0;6;46;50;795;21;45;30;84344832;0
803;40;35;2;5;297;0;1;45;50;795;21;45;30;84344832;0
804;40;34;93;239;297;0;244;46;50;979;19;45;30;84344832;0
805;40;34;43;54;299;0;3;46;50;979;19;45;30;84344832;0
806;40;35;2;0;301;0;2;46;49;979;19;45;30;84344832;0
807;39;34;88;243;301;0;245;46;49;944;19;45;30;84344832;0
808;40;34;75;129;303;0;3;46;49;944;19;45;30;84344832;0
809;40;35;3;1;304;0;3;46;49;944;19;45;30;84344832;0
810;40;35;0;1;304;0;0;46;49;944;19;45;30;84344832;0
811;39;34;123;326;306;0;245;46;48;1126;16;45;30;84344832;0
812;40;35;8;1;309;0;6;46;48;1126;16;45;30;84344832;0
813;40;35;1;1;310;0;0;46;48;1126;16;45;30;84344832;0
814;39;34;108;283;309;0;243;46;48;1065;17;45;30;84344832;0
815;40;35;30;28;309;0;5;46;48;1065;17;45;30;84344832;0
816;40;35;3;23;307;0;0;46;48;1065;17;45;30;84344832;0
817;40;35;4;1;305;0;0;46;47;1045;22;45;30;84344832;0
818;40;34;106;326;304;0;243;46;47;143;48;45;30;84344832;0
819;40;35;5;0;303;0;6;46;47;143;48;45;30;84344832;0
820;40;35;3;12;301;0;255;46;47;143;48;45;30;84344832;0
821;40;34;116;299;301;0;248;46;47;864;19;45;30;84344832;0
822;40;35;7;1;302;0;7;45;47;864;19;45;30;84344832;0
823;40;35;2;17;301;0;255;45;46;864;19;45;30;84344832;0
824;40;34;116;218;300;0;0;45;46;994;21;45;30;84344832;0
825;40;35;3;1;299;0;3;46;46;994;21;45;30;84344832;0
826;40;34;30;311;298;0;239;45;46;994;21;45;30;84344832;0
827;40;34;67;136;300;0;0;45;46;967;20;45;30;84344832;0
828;40;35;3;0;301;0;2;45;46;967;20;45;30;84344832;0
829;39;34;102;325;299;0;241;45;46;808;20;45;30;84344832;0
830;40;35;37;44;297;0;6;45;46;808;20;45;30;84344832;0
831;40;35;2;1;294;0;2;45;45;808;20;45;30;84344832;0
832;39;34;99;245;294;0;244;45;45;1103;20;45;30;84344832;0
833;40;35;16;8;298;0;5;45;45;1103;20;45;30;84344832;0
834;40;35;2;1;301;0;0;45;45;1103;20;45;30;84344832;0
835;39;34;95;256;302;0;244;45;45;876;18;45;30;84344832;0
836;40;35;23;19;304;0;3;45;45;876;18;45;30;84344832;0
837;40;35;2;1;304;0;0;45;45;876;18;45;30;84344832;0
838;40;35;0;0;303;0;0;45;45;876;18;45;30;84344832;0
839;39;34;123;309;300;0;241;45;45;739;15;45;30;84344832;0
840;40;35;19;8;299;0;7;45;44;739;15;45;30;84344832;0
841;40;35;2;5;298;0;0;45;44;739;15;45;30;84344832;0
842;40;35;0;0;298;0;255;45;44;739;15;45;30;84344832;0
843;39;34;114;289;302;0;245;45;45;1118;15;45;30;84344832;0
844;40;35;5;1;307;0;4;45;47;1118;15;45;30;84344832;0
845;40;35;1;0;307;0;0;45;48;1118;15;45;30;84344832;0
846;39;34;81;193;307;0;247;45;48;927;17;45;30;84344832;0
847;40;35;18;10;308;0;2;45;48;927;17;45;30;84344832;0
848;40;35;1;0;306;0;0;45;48;927;17;45;30;84344832;0
849;39;34;85;212;301;0;247;45;48;642;20;45;30;84344832;0
850;40;35;19;9;295;0;4;45;48;642;20;45;30;84344832;0
851;40;35;2;1;290;0;0;45;48;642;20;45;30;84344832;0
852;39;34;96;249;288;0;245;45;48;846;19;45;30;84344832;0
853;40;35;10;2;289;0;4;45;47;846;19;45;30;84344832;0
854;40;35;1;0;290;0;0;45;47;846;19;45;30;84344832;0
855;39;34;61;248;290;0;243;45;47;756;17;45;30;84344832;0
856;40;34;71;107;291;0;2;45;47;756;17;45;30;84344832;0
857;40;35;2;1;292;0;2;45;47;756;17;45;30;84344832;0
858;40;35;0;0;294;0;0;45;47;756;17;45;30;84344832;0
859;40;35;0;1;298;0;255;45;47;756;17;45;30;84344832;0
860;40;34;80;195;304;0;248;45;46;900;13;45;30;84344832;0
861;40;35;6;0;309;0;2;45;46;900;13;45;30;84344832;0
862;40;35;1;0;311;0;0;45;46;900;13;45;30;84344832;0
863;39;34;93;237;310;0;246;45;46;653;18;45;30;84344832;0
864;40;35;7;1;307;0;3;45;46;653;18;45;30;84344832;0
865;40;34;0;181;304;0;242;45;46;653;18;45;30;84344832;0
866;40;35;39;45;301;0;1;45;46;725;22;45;30;84344832;0
867;40;35;2;1;298;0;0;45;46;725;22;45;30;84344832;0
868;39;34;79;210;296;0;246;45;45;572;20;45;30;84344832;0
869;40;34;64;78;294;0;2;45;45;572;20;45;30;84344832;0
870;40;35;2;0;293;0;1;45;45;572;20;45;30;84344832;0
871;40;35;0;0;291;0;255;45;45;572;20;45;30;84344832;0
872;39;34;102;246;292;0;246;45;45;846;16;45;30;84344832;0
873;40;35;11;2;296;0;6;45;45;846;16;45;30;84344832;0
874;40;35;1;1;298;0;0;45;45;846;16;45;30;84344832;0
875;39;34;94;224;300;0;245;45;45;898;17;45;30;84344832;0
876;40;35;13;3;305;0;5;45;45;898;17;45;30;84344832;0
877;40;35;2;1;307;0;0;45;44;898;17;45;30;84344832;0
878;39;34;93;213;306;0;247;45;44;712;20;45;30;84344832;0
879;40;35;10;1;306;0;4;45;44;712;20;45;30;84344832;0
880;40;35;1;0;304;0;0;44;45;712;20;45;30;84344832;0
881;39;34;99;248;303;0;246;44;46;703;19;45;30;84344832;0
882;40;35;13;2;304;0;6;45;46;703;19;45;30;84344832;0
883;40;35;1;1;303;0;0;45;46;703;19;45;30;84344832;0
884;39;34;96;236;302;0;245;45;46;807;18;45;30;84344832;0
885;40;35;12;3;300;0;5;45;46;807;18;45;30;84344832;0
886;40;35;2;3;299;0;0;45;46;807;18;45;30;84344832;0
887;40;35;0;0;297;0;255;45;46;807;18;45;30;84344832;0
888;39;34;92;236;298;0;248;45;46;787;16;45;30;84344832;0
889;40;35;4;6;300;0;0;45;46;787;16;45;30;84344832;0
890;39;34;70;252;301;0;243;45;46;695;22;45;30;84344832;0
891;40;35;11;2;301;0;3;45;46;695;22;45;30;84344832;0
892;40;35;1;0;300;0;0;45;45;695;22;45;30;84344832;0
893;40;34;3;151;300;0;249;45;45;695;22;45;30;84344832;0
894;40;35;32;23;299;0;2;44;45;457;18;45;30;84344832;0
895;40;35;2;2;300;0;0;44;45;457;18;45;30;84344832;0
896;40;35;0;0;299;0;255;44;45;457;18;45;30;84344832;0
897;39;34;97;221;298;0;247;44;45;578;16;45;30;84344832;0
898;40;35;5;2;299;0;1;44;45;578;16;45;30;84344832;0
899;39;34;111;257;298;0;244;44;45;630;24;45;30;84344832;0
900;40;34;53;63;298;0;4;44;45;630;24;45;30;84344832;0
901;40;35;2;1;297;0;1;44;45;630;24;45;30;84344832;0
902;39;34;51;252;298;0;243;44;46;882;19;45;30;84344832;0
903;40;34;63;76;300;0;4;44;46;882;19;45;30;84344832;0
904;39;35;2;0;302;0;2;44;47;882;19;45;30;84344832;0
905;39;34;96;238;303;0;245;44;47;964;19;45;30;84344832;0
906;40;35;25;17;307;0;5;44;46;964;19;45;30;84344832;0
907;40;35;2;1;309;0;0;44;46;964;19;45;30;84344832;0
908;39;34;99;236;310;0;245;44;46;903;20;45;30;84344832;0
909;40;35;9;1;312;0;5;44;46;903;20;45;30;84344832;0
910;40;35;2;2;313;0;0;44;46;903;20;45;30;84344832;0
911;39;34;86;214;312;0;248;44;46;726;20;45;30;84344832;0
912;40;35;8;1;312;0;4;44;46;726;20;45;30;84344832;0
913;40;35;1;0;309;0;0;44;46;726;20;45;30;84344832;0
914;39;34;64;261;306;0;243;44;45;738;17;45;30;84344832;0
915;40;35;13;2;304;0;5;44;45;738;17;45;30;84344832;0
916;40;35;2;19;302;0;238;44;45;738;17;45;30;84344832;0
917;40;35;26;20;298;0;5;44;45;621;25;45;30;84344832;0
918;40;35;3;8;295;0;0;44;45;621;25;45;30;84344832;0
919;39;34;114;287;293;0;246;44;45;794;23;45;30;84344832;0
920;40;35;7;1;294;0;4;44;45;794;23;45;30;84344832;0
921;40;35;1;2;296;0;0;44;45;794;23;45;30;84344832;0
922;39;34;132;315;298;0;243;44;45;835;20;45;30;84344832;0
923;39;35;4;1;301;0;3;44;46;835;20;45;30;84344832;0
924;40;35;2;1;303;0;0;44;46;835;20;45;30;84344832;0
925;39;34;116;294;307;0;244;44;47;896;19;45;30;84344832;0
926;40;35;4;2;312;0;2;44;47;896;19;45;30;84344832;0
927;40;35;4;3;314;0;253;44;47;896;19;45;30;84344832;0
928;39;34;131;270;315;0;254;44;46;745;20;45;30;84344832;0
929;39;35;3;2;315;0;1;44;46;745;20;45;30;84344832;0
930;40;35;1;15;314;0;240;44;46;745;20;45;30;84344832;0
931;40;34;79;119;315;0;1;44;46;826;19;45;30;84344832;0
932;39;35;3;1;316;0;1;44;46;826;19;45;30;84344832;0
933;39;34;133;293;314;0;244;44;46;814;21;45;30;84344832;0
934;40;35;23;26;312;0;4;44;46;814;21;45;30;84344832;0
935;39;35;2;0;309;0;1;44;45;814;21;45;30;84344832;0
936;39;34;116;275;306;0;243;44;45;930;20;45;30;84344832;0
937;40;35;13;3;305;0;5;44;45;930;20;45;30;84344832;0
938;40;35;1;1;305;0;0;44;45;930;20;45;30;84344832;0
939;39;34;109;301;304;0;244;44;45;832;20;45;30;84344832;0
940;40;35;14;6;304;0;5;44;45;832;20;45;30;84344832;0
941;39;35;1;2;304;0;0;44;45;832;20;45;30;84344832;0
942;39;34;107;295;305;0;244;44;45;1018;19;45;30;84344832;0
943;40;35;11;2;307;0;5;44;45;1018;19;45;30;84344832;0
944;39;35;0;0;327;0;0;44;46;0;0;45;30;84279296;0
