# time;P_O2, atm;P_He, atm;Flow O2, l/min;Flow He, l/min;FiO2 Env, %;FiO2 sens2, %;P mask, cm H2O;Tmask, gradC;Tnagr, gradC;V, ml;f, 1/min;Tzad, gradC;FiO2 zad, %;Flags;
# POWERON 21.11.2018 17:32:38
1;0;0;0;5;0;0;255;23;24;0;0;50;30;84279808;0
50;0;0;0;6;633;0;247;24;24;0;0;50;30;84279301;0
111;0;0;0;5;210;0;255;24;24;0;0;50;30;84279301;0
136;42;0;0;5;211;0;255;24;24;0;0;50;30;84279300;0
197;41;31;0;6;211;0;255;24;24;0;0;50;30;84279296;0
258;41;30;0;6;211;0;255;24;24;0;0;50;30;84279296;0
319;41;30;0;5;211;0;255;24;24;0;0;50;30;84279296;0
380;41;30;0;5;211;0;255;24;24;0;0;50;30;84279296;0
441;41;30;0;6;192;0;255;24;24;0;0;50;30;84344832;0
442;41;30;0;5;192;0;255;24;24;0;0;50;30;84344832;0
443;40;28;254;207;192;0;250;24;24;0;0;50;30;84344832;0
444;41;28;110;243;192;0;253;24;23;0;0;50;30;84344832;0
445;41;29;11;4;197;0;3;24;23;0;0;50;30;84344832;0
446;41;29;1;0;214;0;5;24;23;0;0;50;30;84344832;0
447;41;28;36;248;236;0;245;24;23;0;0;50;30;84344832;0
448;41;28;126;303;252;0;246;23;23;1578;14;50;30;84344832;0
449;41;28;18;15;265;0;4;23;23;1578;14;50;30;84344832;0
450;41;29;1;0;274;0;6;23;23;1578;14;50;30;84344832;0
451;41;28;36;281;283;0;242;23;23;1578;14;50;30;84344832;0
452;41;28;141;265;294;0;249;22;22;1306;15;50;30;84344832;0
453;41;28;17;9;305;0;6;22;22;1306;15;50;30;84344832;0
454;41;29;1;0;311;0;7;22;22;1306;15;50;30;84344832;0
455;41;28;7;238;316;0;243;23;22;1306;15;50;30;84344832;0
456;41;28;110;252;319;0;249;22;22;1542;14;50;30;84344832;0
457;41;28;20;11;320;0;6;22;22;1542;14;50;30;84344832;0
458;41;29;1;0;318;0;7;22;22;1542;14;50;30;84344832;0
459;41;29;1;6;316;0;255;22;22;1542;14;50;30;84344832;0
460;41;28;102;265;315;0;246;22;22;1328;14;50;30;84344832;0
461;41;28;19;12;314;0;5;21;22;1328;14;50;30;84344832;0
462;41;29;1;0;310;0;5;21;22;1328;14;50;30;84344832;0
463;41;28;7;238;306;0;242;21;22;1328;14;50;30;84344832;0
464;41;28;99;221;306;0;249;21;22;1284;15;50;30;84344832;0
465;41;29;6;1;306;0;6;21;22;1284;15;50;30;84344832;0
466;41;29;1;0;304;0;2;21;22;1284;15;50;30;84344832;0
467;41;28;115;285;302;0;245;21;22;1053;17;50;30;84344832;0
468;41;28;116;256;301;0;253;21;22;1053;17;50;30;84344832;0
469;41;29;4;18;300;0;0;21;22;1053;17;50;30;84344832;0
470;41;29;3;144;301;0;240;20;22;1053;17;50;30;84344832;0
471;41;28;94;243;303;0;247;20;22;1513;16;50;30;84344832;0
472;41;29;4;0;305;0;5;20;22;1513;16;50;30;84344832;0
473;41;28;4;26;305;0;0;20;22;768;21;50;30;84344832;0
474;41;28;123;309;306;0;243;20;22;160;62;50;30;84344832;0
475;41;28;33;30;308;0;5;20;22;160;62;50;30;84344832;0
476;41;29;2;0;308;0;9;20;22;160;62;50;30;84344832;0
477;41;28;4;201;308;0;242;20;22;160;62;50;30;84344832;0
478;41;28;137;323;308;0;248;20;22;976;17;50;30;84344832;0
479;41;29;16;7;307;0;8;20;22;976;17;50;30;84344832;0
480;41;29;1;0;306;0;5;20;22;976;17;50;30;84344832;0
481;41;28;129;312;308;0;242;19;22;1700;15;50;30;84344832;0
482;41;28;137;337;312;0;249;19;21;1700;15;50;30;84344832;0
483;41;29;7;2;313;0;7;19;21;1700;15;50;30;84344832;0
484;41;29;1;0;313;0;4;19;22;1700;15;50;30;84344832;0
485;41;28;112;298;315;0;244;19;22;1616;15;50;30;84344832;0
486;41;28;117;315;318;0;249;19;21;1616;15;50;30;84344832;0
487;41;29;5;1;317;0;7;19;21;1616;15;50;30;84344832;0
488;41;29;1;0;314;0;4;19;21;1616;15;50;30;84344832;0
489;41;28;115;314;311;0;244;19;21;1584;14;50;30;84344832;0
490;41;28;117;292;309;0;251;19;21;1584;14;50;30;84344832;0
491;41;29;6;1;305;0;7;19;21;1584;14;50;30;84344832;0
492;41;29;1;0;301;0;4;19;21;1584;14;50;30;84344832;0
493;41;28;119;294;302;0;245;19;21;1633;14;50;30;84344832;0
494;41;28;109;241;305;0;1;19;21;1633;14;50;30;84344832;0
495;41;29;3;0;305;0;6;18;21;1633;14;50;30;84344832;0
496;41;29;1;9;305;0;1;19;21;1633;14;50;30;84344832;0
497;41;28;123;329;306;0;245;18;21;1521;15;50;30;84344832;0
498;41;28;35;38;308;0;6;18;21;1521;15;50;30;84344832;0
499;41;29;2;0;306;0;5;18;21;1521;15;50;30;84344832;0
500;41;28;82;274;305;0;244;18;21;1436;15;50;30;84344832;0
501;41;28;129;329;305;0;248;18;21;1436;15;50;30;84344832;0
502;41;29;8;2;304;0;7;18;21;1436;15;50;30;84344832;0
503;41;29;1;0;303;0;3;18;21;1436;15;50;30;84344832;0
504;41;28;125;319;303;0;243;18;21;1411;16;50;30;84344832;0
505;41;28;112;287;305;0;251;18;21;1411;16;50;30;84344832;0
506;41;29;3;0;304;0;6;18;21;1411;16;50;30;84344832;0
507;41;29;1;12;303;0;0;18;21;1411;16;50;30;84344832;0
508;41;28;126;334;304;0;244;18;21;1455;15;50;30;84344832;0
509;41;28;31;34;304;0;6;18;21;1455;15;50;30;84344832;0
510;41;29;2;0;303;0;5;18;21;1455;15;50;30;84344832;0
511;41;28;21;273;301;0;241;18;21;1455;15;50;30;84344832;0
512;41;28;130;341;302;0;247;18;21;1404;16;50;30;84344832;0
513;41;29;6;1;301;0;8;18;21;1404;16;50;30;84344832;0
514;41;29;1;0;299;0;4;18;21;1404;16;50;30;84344832;0
515;41;28;126;329;300;0;243;18;21;1540;16;50;30;84344832;0
516;41;28;90;166;303;0;4;18;21;1540;16;50;30;84344832;0
517;41;29;2;0;302;0;6;18;21;1540;16;50;30;84344832;0
518;41;29;1;16;302;0;0;18;21;1540;16;50;30;84344832;0
519;41;28;132;349;304;0;245;17;21;1547;15;50;30;84344832;0
520;41;29;28;22;308;0;7;18;21;1547;15;50;30;84344832;0
521;41;29;2;0;307;0;5;17;21;1547;15;50;30;84344832;0
522;41;28;10;227;306;0;242;17;21;1547;15;50;30;84344832;0
523;41;28;125;340;306;0;246;17;21;1486;15;50;30;84344832;0
524;41;29;18;9;305;0;7;17;21;1486;15;50;30;84344832;0
525;41;29;1;0;302;0;5;17;21;1486;15;50;30;84344832;0
526;41;28;65;301;300;0;242;17;21;1486;15;50;30;84344832;0
527;41;28;121;326;300;0;250;17;21;1605;15;50;30;84344832;0
528;41;29;6;1;299;0;6;17;21;1605;15;50;30;84344832;0
529;41;29;1;1;297;0;1;17;21;1605;15;50;30;84344832;0
530;41;28;117;314;297;0;245;17;21;1462;15;50;30;84344832;0
531;41;28;92;169;299;0;3;17;21;1462;15;50;30;84344832;0
532;41;29;3;0;298;0;7;17;21;1462;15;50;30;84344832;0
533;41;29;1;3;298;0;0;17;21;1462;15;50;30;84344832;0
534;41;28;105;296;300;0;244;17;21;1457;15;50;30;84344832;0
535;41;28;100;238;304;0;255;17;21;1457;15;50;30;84344832;0
536;41;29;4;0;304;0;5;17;21;1457;15;50;30;84344832;0
537;41;29;1;2;302;0;1;17;21;1457;15;50;30;84344832;0
538;41;28;114;293;303;0;245;17;21;1450;14;50;30;84344832;0
539;41;28;108;269;303;0;254;17;21;1450;14;50;30;84344832;0
540;41;29;3;0;301;0;6;17;21;1450;14;50;30;84344832;0
541;41;29;0;1;298;0;1;17;21;1450;14;50;30;84344832;0
542;41;28;122;327;297;0;245;17;21;1496;14;50;30;84344832;0
543;41;29;68;111;296;0;5;17;21;1496;14;50;30;84344832;0
544;41;29;2;0;293;0;5;17;21;1496;14;50;30;84344832;0
545;41;29;1;7;293;0;0;17;21;1496;14;50;30;84344832;0
546;41;28;112;286;295;0;247;17;21;1468;15;50;30;84344832;0
547;41;29;10;2;298;0;7;17;21;1468;15;50;30;84344832;0
548;41;29;1;0;297;0;2;17;21;1468;15;50;30;84344832;0
549;41;28;101;266;298;0;245;17;21;1168;17;50;30;84344832;0
550;41;29;17;51;299;0;5;17;21;1168;17;50;30;84344832;0
551;41;29;2;0;299;0;1;17;21;1168;17;50;30;84344832;0
552;41;28;90;239;301;0;244;17;21;973;18;50;30;84344832;0
553;41;28;85;185;305;0;0;17;21;973;18;50;30;84344832;0
554;41;29;3;0;307;0;4;17;21;973;18;50;30;84344832;0
555;41;29;1;2;306;0;255;17;21;973;18;50;30;84344832;0
556;41;28;110;292;305;0;246;17;21;1045;17;50;30;84344832;0
557;41;29;22;12;304;0;5;17;21;1045;17;50;30;84344832;0
558;41;29;1;0;301;0;3;17;21;1045;17;50;30;84344832;0
559;41;28;34;245;299;0;242;17;21;1045;17;50;30;84344832;0
560;41;28;114;304;298;0;248;17;21;1280;16;50;30;84344832;0
561;41;29;6;1;297;0;6;17;21;1280;16;50;30;84344832;0
562;41;29;1;2;294;0;0;17;21;1280;16;50;30;84344832;0
563;41;28;125;304;294;0;245;17;21;1221;16;50;30;84344832;0
564;41;29;53;63;295;0;5;17;21;1221;16;50;30;84344832;0
565;41;29;2;0;294;0;4;17;21;1221;16;50;30;84344832;0
566;41;29;0;0;294;0;255;17;21;1221;16;50;30;84344832;0
567;41;28;119;312;295;0;245;17;21;1262;15;50;30;84344832;0
568;41;29;16;6;297;0;6;17;21;1262;15;50;30;84344832;0
569;41;29;1;0;298;0;2;17;21;1262;15;50;30;84344832;0
570;41;28;100;240;298;0;244;17;21;1248;16;50;30;84344832;0
571;41;28;111;274;299;0;251;17;21;1248;16;50;30;84344832;0
572;41;29;3;0;298;0;5;17;21;1248;16;50;30;84344832;0
573;41;29;1;1;298;0;0;17;21;1248;16;50;30;84344832;0
574;41;28;124;312;298;0;245;17;21;1203;16;50;30;84344832;0
575;41;29;15;5;299;0;7;17;21;1203;16;50;30;84344832;0
576;41;29;1;1;298;0;3;17;21;1203;16;50;30;84344832;0
577;41;28;54;273;299;0;242;17;21;1203;16;50;30;84344832;0
578;41;28;115;298;302;0;247;17;21;1209;16;50;30;84344832;0
579;41;29;7;1;304;0;7;17;21;1209;16;50;30;84344832;0
580;41;29;1;1;302;0;1;17;21;1209;16;50;30;84344832;0
581;41;28;111;283;301;0;245;17;21;1279;16;50;30;84344832;0
582;41;29;26;18;300;0;4;17;21;1279;16;50;30;84344832;0
583;41;29;2;0;299;0;4;17;21;1279;16;50;30;84344832;0
584;41;29;0;1;298;0;255;17;21;1279;16;50;30;84344832;0
585;41;28;120;301;297;0;246;17;21;1237;15;50;30;84344832;0
586;41;29;57;66;297;0;0;17;21;1237;15;50;30;84344832;0
587;41;29;2;0;294;0;6;17;21;1237;15;50;30;84344832;0
588;41;29;0;2;293;0;0;17;21;1237;15;50;30;84344832;0
589;41;28;104;273;295;0;245;17;21;1546;13;50;30;84344832;0
590;41;28;114;276;297;0;249;17;21;1546;13;50;30;84344832;0
591;41;29;4;0;297;0;7;17;21;1546;13;50;30;84344832;0
592;41;29;1;0;298;0;1;17;21;1546;13;50;30;84344832;0
593;41;28;94;241;299;0;246;17;21;1547;14;50;30;84344832;0
594;41;29;78;163;302;0;0;17;21;1547;14;50;30;84344832;0
595;41;29;3;0;303;0;5;17;21;1547;14;50;30;84344832;0
596;41;29;0;1;301;0;0;17;21;1547;14;50;30;84344832;0
597;41;28;104;262;302;0;247;17;21;1118;15;50;30;84344832;0
598;41;29;34;27;302;0;5;17;21;1118;15;50;30;84344832;0
599;41;29;2;0;300;0;4;17;21;1118;15;50;30;84344832;0
600;41;28;5;189;298;0;244;17;21;1118;15;50;30;84344832;0
601;41;28;112;288;297;0;247;17;21;1229;15;50;30;84344832;0
602;41;29;14;4;297;0;7;17;21;1229;15;50;30;84344832;0
603;41;29;1;1;296;0;2;17;21;1229;15;50;30;84344832;0
604;41;28;97;229;296;0;245;17;21;1248;16;50;30;84344832;0
605;41;28;101;245;296;0;250;17;21;1248;16;50;30;84344832;0
606;41;29;6;1;296;0;7;17;21;1248;16;50;30;84344832;0
607;41;29;1;1;296;0;1;17;21;1248;16;50;30;84344832;0
608;41;29;87;203;297;0;248;17;21;1299;15;50;30;84344832;0
609;41;28;103;243;298;0;250;17;21;1299;15;50;30;84344832;0
610;41;29;4;0;298;0;6;17;21;1299;15;50;30;84344832;0
611;41;29;0;1;297;0;0;17;21;1299;15;50;30;84344832;0
612;41;28;100;238;298;0;247;17;21;1234;15;50;30;84344832;0
613;41;29;53;64;299;0;4;17;21;1234;15;50;30;84344832;0
614;41;29;2;0;298;0;3;17;21;1234;15;50;30;84344832;0
615;41;28;2;177;298;0;245;17;21;1234;15;50;30;84344832;0
616;41;28;105;258;298;0;247;17;21;1158;15;50;30;84344832;0
617;41;29;27;18;298;0;5;17;21;1158;15;50;30;84344832;0
618;41;29;2;0;298;0;3;17;21;1158;15;50;30;84344832;0
619;41;29;2;183;298;0;245;17;21;1158;15;50;30;84344832;0
620;41;28;105;256;299;0;249;17;21;1237;15;50;30;84344832;0
621;41;29;9;2;301;0;6;17;21;1237;15;50;30;84344832;0
622;41;29;1;0;300;0;1;17;21;1237;15;50;30;84344832;0
623;41;28;102;241;300;0;245;17;21;1199;16;50;30;84344832;0
624;41;28;84;205;301;0;252;17;21;1199;16;50;30;84344832;0
625;41;29;3;0;301;0;5;17;21;1199;16;50;30;84344832;0
626;41;29;0;1;301;0;0;17;21;1199;16;50;30;84344832;0
627;41;29;105;252;299;0;246;17;21;1106;15;50;30;84344832;0
628;41;29;78;148;299;0;0;17;21;1106;15;50;30;84344832;0
629;41;29;3;0;297;0;5;17;21;1106;15;50;30;84344832;0
630;41;29;0;1;296;0;0;17;21;1106;15;50;30;84344832;0
631;41;29;95;239;297;0;247;17;21;1204;15;50;30;84344832;0
632;41;29;13;3;298;0;7;17;21;1204;15;50;30;84344832;0
633;41;29;1;1;298;0;2;17;21;1204;15;50;30;84344832;0
634;41;29;92;229;298;0;246;17;21;1104;16;50;30;84344832;0
635;41;29;100;236;300;0;249;17;21;1104;16;50;30;84344832;0
636;41;29;4;1;301;0;5;17;21;1104;16;50;30;84344832;0
637;41;29;1;0;301;0;0;17;21;1104;16;50;30;84344832;0
638;41;29;118;276;301;0;245;18;21;1095;16;50;30;84344832;0
639;41;29;19;7;300;0;7;17;21;1095;16;50;30;84344832;0
640;41;29;1;0;299;0;2;17;21;1095;16;50;30;84344832;0
641;41;29;97;252;299;0;244;17;21;1151;16;50;30;84344832;0
642;41;29;100;236;300;0;250;18;21;1151;16;50;30;84344832;0
643;41;29;3;0;301;0;5;17;21;1151;16;50;30;84344832;0
644;41;29;1;1;301;0;255;17;21;1151;16;50;30;84344832;0
645;41;29;108;252;301;0;248;17;21;1096;17;50;30;84344832;0
646;41;29;12;3;300;0;6;17;21;1096;17;50;30;84344832;0
647;41;29;1;0;299;0;3;18;21;1096;17;50;30;84344832;0
648;41;29;83;214;298;0;246;18;21;1115;16;50;30;84344832;0
649;41;29;103;238;299;0;250;17;21;1115;16;50;30;84344832;0
650;41;29;7;1;300;0;7;18;21;1115;16;50;30;84344832;0
651;41;29;1;1;299;0;1;17;21;1115;16;50;30;84344832;0
652;41;29;89;227;298;0;245;17;21;1176;15;50;30;84344832;0
653;41;29;99;234;298;0;250;18;21;1176;15;50;30;84344832;0
654;41;29;3;0;297;0;5;18;21;1176;15;50;30;84344832;0
655;41;29;1;1;297;0;0;18;21;1176;15;50;30;84344832;0
656;41;29;114;267;298;0;245;18;21;1191;15;50;30;84344832;0
657;41;29;69;112;300;0;3;18;21;1191;15;50;30;84344832;0
658;41;29;3;0;300;0;6;18;21;1191;15;50;30;84344832;0
659;41;29;0;0;301;0;0;18;21;1191;15;50;30;84344832;0
660;41;29;100;241;302;0;248;18;21;1218;15;50;30;84344832;0
661;41;29;68;110;304;0;3;18;21;1218;15;50;30;84344832;0
662;41;29;2;0;304;0;4;18;21;1218;15;50;30;84344832;0
663;41;29;0;1;304;0;0;18;21;1218;15;50;30;84344832;0
664;41;29;109;267;306;0;248;18;21;1276;15;50;30;84344832;0
665;41;29;46;46;308;0;4;18;21;1276;15;50;30;84344832;0
666;41;29;2;0;307;0;4;18;21;1276;15;50;30;84344832;0
667;41;29;3;3;305;0;252;18;21;1276;15;50;30;84344832;0
668;41;29;106;261;303;0;248;18;21;1253;14;50;30;84344832;0
669;41;29;32;24;301;0;5;18;21;1253;14;50;30;84344832;0
670;41;29;2;0;299;0;4;18;21;1253;14;50;30;84344832;0
671;41;29;0;0;297;0;0;18;21;1253;14;50;30;84344832;0
672;41;29;106;254;297;0;247;18;21;1269;14;50;30;84344832;0
673;41;29;63;96;297;0;3;18;21;1269;14;50;30;84344832;0
674;41;29;2;0;296;0;4;18;21;1269;14;50;30;84344832;0
675;41;29;0;2;296;0;255;18;21;1269;14;50;30;84344832;0
676;41;29;117;272;297;0;247;18;21;1271;15;50;30;84344832;0
677;41;29;14;5;299;0;6;18;21;1271;15;50;30;84344832;0
678;41;29;2;1;300;0;2;18;21;1271;15;50;30;84344832;0
679;41;29;45;225;302;0;244;18;21;1271;15;50;30;84344832;0
680;41;29;110;245;305;0;250;18;21;1149;15;50;30;84344832;0
681;41;29;4;0;307;0;4;18;21;1149;15;50;30;84344832;0
682;41;29;1;5;306;0;244;18;21;1149;15;50;30;84344832;0
683;41;29;98;242;306;0;248;18;21;987;17;50;30;84344832;0
684;41;29;16;5;306;0;6;18;21;987;17;50;30;84344832;0
685;41;29;1;0;305;0;2;18;21;987;17;50;30;84344832;0
686;41;29;1;3;303;0;244;18;21;987;17;50;30;84344832;0
687;41;29;104;246;304;0;248;18;21;1053;15;50;30;84344832;0
688;41;29;19;7;303;0;7;18;21;1053;15;50;30;84344832;0
689;41;29;2;0;301;0;2;18;21;1053;15;50;30;84344832;0
690;41;29;17;229;299;0;243;18;21;1053;15;50;30;84344832;0
691;41;29;106;253;299;0;250;18;21;1161;15;50;30;84344832;0
692;41;29;6;1;299;0;6;18;21;1161;15;50;30;84344832;0
693;41;29;1;0;298;0;1;18;21;1161;15;50;30;84344832;0
694;41;29;99;207;298;0;246;18;21;1205;16;50;30;84344832;0
695;41;29;81;149;299;0;0;18;21;1205;16;50;30;84344832;0
696;41;29;3;1;299;0;5;18;21;1205;16;50;30;84344832;0
697;41;29;1;1;300;0;0;18;21;1205;16;50;30;84344832;0
698;41;29;127;308;302;0;245;18;21;1192;15;50;30;84344832;0
699;41;29;53;67;305;0;5;18;21;1192;15;50;30;84344832;0
700;41;29;2;0;306;0;5;18;21;1192;15;50;30;84344832;0
701;41;29;0;2;306;0;0;18;21;1192;15;50;30;84344832;0
702;41;29;119;293;309;0;246;18;21;1388;15;50;30;84344832;0
703;41;29;18;6;312;0;7;18;21;1388;15;50;30;84344832;0
704;41;29;1;0;312;0;3;18;21;1388;15;50;30;84344832;0
705;41;29;15;229;311;0;243;18;21;1388;15;50;30;84344832;0
706;41;29;105;255;310;0;248;18;21;1276;15;50;30;84344832;0
707;41;29;6;1;307;0;6;18;21;1276;15;50;30;84344832;0
708;41;29;1;0;304;0;0;18;21;1276;15;50;30;84344832;0
709;41;29;94;244;302;0;245;18;21;1099;16;50;30;84344832;0
710;41;29;96;221;302;0;251;18;21;1099;16;50;30;84344832;0
711;41;29;3;0;300;0;5;18;21;1099;16;50;30;84344832;0
712;41;29;0;1;298;0;0;18;21;1099;16;50;30;84344832;0
713;41;29;103;256;298;0;246;18;21;1187;15;50;30;84344832;0
714;41;29;32;27;300;0;4;18;21;1187;15;50;30;84344832;0
715;41;29;1;0;300;0;3;18;21;1187;15;50;30;84344832;0
716;41;29;92;252;299;0;244;18;21;1170;16;50;30;84344832;0
717;41;29;110;272;300;0;249;18;21;1170;16;50;30;84344832;0
718;41;29;7;1;300;0;6;18;21;1170;16;50;30;84344832;0
719;41;29;1;1;300;0;1;18;22;1170;16;50;30;84344832;0
720;41;29;49;246;301;0;242;18;21;1233;14;50;30;84344832;0
721;41;29;117;294;304;0;247;18;21;1233;14;50;30;84344832;0
722;41;29;10;2;305;0;7;18;21;1233;14;50;30;84344832;0
723;41;29;1;1;305;0;3;18;21;1233;14;50;30;84344832;0
724;41;29;0;1;305;0;255;18;22;1233;14;50;30;84344832;0
725;41;29;118;302;307;0;247;18;21;1523;14;50;30;84344832;0
726;41;29;12;3;308;0;7;18;21;1523;14;50;30;84344832;0
727;41;29;1;1;308;0;2;18;21;1523;14;50;30;84344832;0
728;41;29;21;250;308;0;242;18;22;1523;14;50;30;84344832;0
729;41;29;114;289;310;0;248;18;22;1267;15;50;30;84344832;0
730;41;29;9;2;310;0;7;18;21;1267;15;50;30;84344832;0
731;41;29;1;1;308;0;1;18;21;1267;15;50;30;84344832;0
732;41;29;84;229;306;0;245;18;22;1291;15;50;30;84344832;0
733;41;29;108;278;307;0;249;18;22;1291;15;50;30;84344832;0
734;41;29;5;0;307;0;5;18;21;1291;15;50;30;84344832;0
735;41;29;1;0;304;0;0;18;22;1291;15;50;30;84344832;0
736;41;29;108;292;304;0;243;18;22;1172;15;50;30;84344832;0
737;41;29;29;22;306;0;5;18;22;1172;15;50;30;84344832;0
738;41;29;2;0;305;0;3;18;22;1172;15;50;30;84344832;0
739;41;29;11;219;304;0;242;18;21;1172;15;50;30;84344832;0
740;41;29;99;223;304;0;245;18;22;1137;16;50;30;84344832;0
741;41;29;7;1;304;0;7;18;22;1137;16;50;30;84344832;0
742;41;29;1;0;301;0;0;18;22;1137;16;50;30;84344832;0
743;41;29;110;296;301;0;244;18;22;1187;16;50;30;84344832;0
744;41;29;31;29;302;0;5;18;22;1187;16;50;30;84344832;0
745;41;29;1;0;301;0;1;18;22;1187;16;50;30;84344832;0
746;41;28;7;203;299;0;244;18;22;1187;16;50;30;84344832;0
747;41;29;111;285;298;0;248;18;22;1068;17;50;30;84344832;0
748;41;29;8;2;298;0;7;18;22;1068;17;50;30;84344832;0
749;41;29;1;1;295;0;0;18;22;1068;17;50;30;84344832;0
750;41;29;92;237;295;0;244;18;22;1166;15;50;30;84344832;0
751;41;29;103;258;296;0;249;18;22;1166;15;50;30;84344832;0
752;41;29;4;0;297;0;6;18;22;1166;15;50;30;84344832;0
753;41;29;1;0;296;0;0;18;22;1166;15;50;30;84344832;0
754;41;29;104;259;297;0;245;18;22;1278;15;50;30;84344832;0
755;41;29;54;70;298;0;4;18;22;1278;15;50;30;84344832;0
756;41;29;2;0;298;0;4;18;22;1278;15;50;30;84344832;0
757;41;29;1;1;298;0;0;18;22;1278;15;50;30;84344832;0
758;41;29;111;279;299;0;246;18;22;1195;15;50;30;84344832;0
759;41;29;30;18;301;0;5;18;22;1195;15;50;30;84344832;0
760;41;29;1;0;300;0;3;18;22;1195;15;50;30;84344832;0
761;41;29;10;227;299;0;241;18;22;1195;15;50;30;84344832;0
762;41;29;97;237;299;0;249;18;22;1187;15;50;30;84344832;0
763;41;29;7;1;299;0;6;18;22;1187;15;50;30;84344832;0
764;41;29;1;1;297;0;0;18;22;1187;15;50;30;84344832;0
765;41;29;103;205;297;0;255;18;22;1105;17;50;30;84344832;0
766;41;29;17;35;297;0;0;18;22;1105;17;50;30;84344832;0
767;41;29;2;0;296;0;3;18;22;1105;17;50;30;84344832;0
768;41;29;132;313;299;0;246;18;22;873;18;50;30;84344832;0
769;41;29;27;18;303;0;6;18;22;873;18;50;30;84344832;0
770;41;30;1;1;304;0;4;18;22;873;18;50;30;84344832;0
771;41;30;0;4;306;0;246;18;22;873;18;50;30;84344832;0
772;41;29;118;296;308;0;247;18;22;1277;15;50;30;84344832;0
773;41;29;10;2;310;0;7;18;22;1277;15;50;30;84344832;0
774;41;30;1;0;309;0;2;18;22;1277;15;50;30;84344832;0
775;41;29;88;235;307;0;245;18;22;1247;15;50;30;84344832;0
776;41;29;104;255;307;0;250;18;22;1247;15;50;30;84344832;0
777;41;29;4;0;306;0;5;18;22;1247;15;50;30;84344832;0
778;41;30;1;1;303;0;0;18;22;1247;15;50;30;84344832;0
779;41;29;133;336;302;0;243;18;22;1236;16;50;30;84344832;0
780;41;29;32;33;302;0;6;19;22;1236;16;50;30;84344832;0
781;41;30;2;0;301;0;4;19;22;1236;16;50;30;84344832;0
782;41;30;0;1;301;0;255;18;22;1236;16;50;30;84344832;0
783;41;29;116;294;302;0;246;19;22;1319;15;50;30;84344832;0
784;41;29;16;5;304;0;7;18;22;1319;15;50;30;84344832;0
785;41;30;1;0;302;0;2;18;22;1319;15;50;30;84344832;0
786;41;29;33;249;301;0;242;18;22;1319;15;50;30;84344832;0
787;41;29;102;239;301;0;251;19;22;1288;15;50;30;84344832;0
788;41;29;8;1;301;0;7;18;22;1288;15;50;30;84344832;0
789;41;30;1;0;299;0;1;18;22;1288;15;50;30;84344832;0
790;41;29;69;254;298;0;244;18;22;1205;15;50;30;84344832;0
791;41;29;115;298;299;0;248;19;22;1205;15;50;30;84344832;0
792;41;29;6;1;300;0;7;19;22;1205;15;50;30;84344832;0
793;41;30;1;1;299;0;0;19;22;1205;15;50;30;84344832;0
794;41;29;101;263;298;0;245;19;22;1258;16;50;30;84344832;0
795;41;29;42;39;298;0;4;19;22;1258;16;50;30;84344832;0
796;41;30;2;0;298;0;3;19;22;1258;16;50;30;84344832;0
797;41;30;1;14;297;0;240;19;22;1258;16;50;30;84344832;0
798;41;29;104;256;298;0;248;19;22;1120;16;50;30;84344832;0
799;41;29;11;3;299;0;6;19;22;1120;16;50;30;84344832;0
800;41;30;1;0;298;0;2;19;22;1120;16;50;30;84344832;0
801;41;29;70;232;296;0;244;19;22;1185;15;50;30;84344832;0
802;41;29;98;240;295;0;250;19;22;1185;15;50;30;84344832;0
803;41;29;10;2;294;0;7;19;22;1185;15;50;30;84344832;0
804;41;30;1;0;293;0;2;19;22;1185;15;50;30;84344832;0
805;41;29;8;195;293;0;243;19;22;1185;15;50;30;84344832;0
806;41;29;112;266;295;0;247;19;22;1199;14;50;30;84344832;0
807;41;29;15;4;297;0;7;19;22;1199;14;50;30;84344832;0
808;41;30;1;0;298;0;3;19;22;1199;14;50;30;84344832;0
809;41;29;1;159;298;0;245;19;22;1199;14;50;30;84344832;0
810;41;29;113;259;301;0;248;19;22;1380;14;50;30;84344832;0
811;41;29;22;12;303;0;6;19;22;1380;14;50;30;84344832;0
812;41;30;2;0;302;0;4;19;22;1380;14;50;30;84344832;0
813;41;30;0;0;302;0;0;19;22;1380;14;50;30;84344832;0
814;41;29;138;313;303;0;245;19;22;1284;14;50;30;84344832;0
815;41;29;78;132;304;0;3;19;22;1284;14;50;30;84344832;0
816;41;30;3;0;304;0;6;19;22;1284;14;50;30;84344832;0
817;41;30;0;1;303;0;0;19;22;1284;14;50;30;84344832;0
818;41;29;116;287;304;0;245;19;22;1444;14;50;30;84344832;0
819;41;29;47;56;305;0;4;19;22;1444;14;50;30;84344832;0
820;41;30;2;0;305;0;4;19;22;1444;14;50;30;84344832;0
821;41;29;8;212;302;0;243;19;22;1444;14;50;30;84344832;0
822;41;29;105;243;300;0;250;19;22;1298;15;50;30;84344832;0
823;41;29;10;2;298;0;7;19;22;1298;15;50;30;84344832;0
824;41;30;1;0;296;0;1;19;22;1298;15;50;30;84344832;0
825;41;29;41;204;295;0;245;19;22;1178;15;50;30;84344832;0
826;41;29;106;256;296;0;248;19;22;1178;15;50;30;84344832;0
827;41;29;9;2;297;0;6;19;22;1178;15;50;30;84344832;0
828;41;30;1;0;296;0;1;19;22;1178;15;50;30;84344832;0
829;41;29;5;162;296;0;244;19;22;1178;15;50;30;84344832;0
830;41;29;100;238;298;0;249;19;22;1154;14;50;30;84344832;0
831;41;29;14;4;298;0;6;19;22;1154;14;50;30;84344832;0
832;41;30;1;0;298;0;2;19;22;1154;14;50;30;84344832;0
833;41;29;3;143;297;0;247;19;22;1154;14;50;30;84344832;0
834;41;29;111;253;297;0;248;19;22;1189;14;50;30;84344832;0
835;41;29;9;1;297;0;6;19;22;1189;14;50;30;84344832;0
836;41;30;1;1;297;0;0;19;22;1189;14;50;30;84344832;0
837;41;29;73;195;297;0;246;19;22;1051;15;50;30;84344832;0
838;41;29;97;238;298;0;249;19;22;1051;15;50;30;84344832;0
839;41;30;6;1;298;0;7;19;22;1051;15;50;30;84344832;0
840;41;30;1;1;298;0;0;19;22;1051;15;50;30;84344832;0
841;41;29;109;249;299;0;244;19;22;1121;15;50;30;84344832;0
842;41;29;90;165;302;0;0;19;22;1121;15;50;30;84344832;0
843;41;30;3;0;304;0;4;19;22;1121;15;50;30;84344832;0
844;41;30;0;1;304;0;0;19;22;1121;15;50;30;84344832;0
845;41;29;113;276;307;0;244;19;22;1167;15;50;30;84344832;0
846;41;29;61;93;310;0;3;19;22;1167;15;50;30;84344832;0
847;41;30;2;0;310;0;4;19;22;1167;15;50;30;84344832;0
848;41;30;0;2;310;0;247;19;22;1167;15;50;30;84344832;0
849;41;29;105;247;309;0;248;19;22;1142;16;50;30;84344832;0
850;41;29;10;2;309;0;6;19;22;1142;16;50;30;84344832;0
851;41;30;1;2;306;0;0;19;22;1142;16;50;30;84344832;0
852;41;29;90;238;304;0;245;19;22;1018;17;50;30;84344832;0
853;41;29;62;99;303;0;2;19;22;1018;17;50;30;84344832;0
854;41;30;2;0;302;0;3;19;22;1018;17;50;30;84344832;0
855;41;29;3;150;301;0;249;19;22;1018;17;50;30;84344832;0
856;41;29;107;279;302;0;246;19;22;1025;16;50;30;84344832;0
857;41;29;13;4;303;0;6;19;22;1025;16;50;30;84344832;0
858;41;30;1;1;303;0;1;19;22;1025;16;50;30;84344832;0
859;41;29;92;245;302;0;244;19;22;1095;16;50;30;84344832;0
860;41;29;80;170;303;0;255;20;22;1095;16;50;30;84344832;0
861;41;30;3;0;304;0;4;20;22;1095;16;50;30;84344832;0
862;41;30;1;1;304;0;0;20;22;1095;16;50;30;84344832;0
863;41;29;103;258;304;0;247;20;22;1023;16;50;30;84344832;0
864;41;29;21;9;304;0;6;20;22;1023;16;50;30;84344832;0
865;41;30;1;0;303;0;1;20;22;1023;16;50;30;84344832;0
866;41;29;37;211;302;0;245;20;22;1017;16;50;30;84344832;0
867;41;29;93;241;304;0;249;20;22;1017;16;50;30;84344832;0
868;41;30;4;0;306;0;4;20;22;1017;16;50;30;84344832;0
869;41;30;0;0;305;0;0;20;22;1017;16;50;30;84344832;0
870;41;29;86;232;303;0;247;20;22;928;17;50;30;84344832;0
871;41;29;18;8;302;0;6;20;22;928;17;50;30;84344832;0
872;41;30;2;1;300;0;1;20;22;928;17;50;30;84344832;0
873;41;29;18;190;298;0;245;20;22;928;17;50;30;84344832;0
874;41;29;98;234;298;0;247;20;22;980;16;50;30;84344832;0
875;41;30;3;0;297;0;3;20;22;980;16;50;30;84344832;0
876;41;30;1;0;296;0;0;20;22;980;16;50;30;84344832;0
877;41;29;91;239;297;0;246;20;22;904;17;50;30;84344832;0
878;41;30;6;1;299;0;5;20;22;904;17;50;30;84344832;0
879;41;30;1;1;300;0;0;20;22;904;17;50;30;84344832;0
880;41;29;86;216;299;0;246;20;22;795;18;50;30;84344832;0
881;41;29;17;8;299;0;4;20;22;795;18;50;30;84344832;0
882;41;30;1;1;298;0;0;20;22;795;18;50;30;84344832;0
883;41;29;75;225;298;0;244;20;22;858;17;50;30;84344832;0
884;41;29;82;155;300;0;0;20;22;858;17;50;30;84344832;0
885;41;30;3;1;302;0;2;20;22;858;17;50;30;84344832;0
886;41;30;1;1;300;0;255;20;22;858;17;50;30;84344832;0
887;41;29;82;206;298;0;247;20;22;849;16;50;30;84344832;0
888;41;29;28;17;296;0;4;20;22;849;16;50;30;84344832;0
889;41;30;2;2;294;0;1;20;22;849;16;50;30;84344832;0
890;41;29;91;223;292;0;245;20;22;979;16;50;30;84344832;0
891;41;29;75;147;292;0;255;20;22;979;16;50;30;84344832;0
892;41;30;3;0;291;0;2;20;22;979;16;50;30;84344832;0
893;41;30;1;4;292;0;244;20;22;979;16;50;30;84344832;0
894;41;29;96;222;293;0;249;20;22;807;17;50;30;84344832;0
895;41;30;7;1;294;0;5;20;22;807;17;50;30;84344832;0
896;41;30;1;1;295;0;0;20;22;807;17;50;30;84344832;0
897;41;29;65;195;296;0;246;20;22;870;16;50;30;84344832;0
898;41;29;74;173;300;0;251;20;22;870;16;50;30;84344832;0
899;41;30;5;0;302;0;5;20;22;870;16;50;30;84344832;0
900;41;30;2;1;303;0;0;20;22;870;16;50;30;84344832;0
901;41;29;109;247;302;0;247;20;22;897;16;50;30;84344832;0
902;41;30;10;2;302;0;6;20;22;897;16;50;30;84344832;0
903;41;30;1;1;300;0;0;20;22;897;16;50;30;84344832;0
904;41;29;95;203;301;0;246;20;22;945;16;50;30;84344832;0
905;41;29;94;231;303;0;250;20;22;945;16;50;30;84344832;0
906;41;30;5;1;304;0;4;20;22;945;16;50;30;84344832;0
907;41;30;2;2;304;0;1;20;22;945;16;50;30;84344832;0
908;41;29;97;211;305;0;246;20;22;1014;15;50;30;84344832;0
909;41;29;96;245;307;0;249;20;22;1014;15;50;30;84344832;0
910;41;30;6;1;307;0;6;20;22;1014;15;50;30;84344832;0
911;41;30;1;0;306;0;1;20;22;1014;15;50;30;84344832;0
912;41;29;101;247;306;0;248;20;22;1181;15;50;30;84344832;0
913;41;29;40;36;309;0;3;20;22;1181;15;50;30;84344832;0
914;41;30;2;0;309;0;3;20;22;1181;15;50;30;84344832;0
915;41;29;66;222;308;0;244;20;22;1007;17;50;30;84344832;0
916;41;29;99;227;307;0;250;20;22;1007;17;50;30;84344832;0
917;41;30;5;0;305;0;6;20;22;1007;17;50;30;84344832;0
918;41;30;1;1;304;0;0;20;22;1007;17;50;30;84344832;0
919;41;29;94;229;304;0;246;20;22;1105;15;50;30;84344832;0
920;41;29;82;199;304;0;251;20;22;1105;15;50;30;84344832;0
921;41;30;4;0;304;0;6;20;22;1105;15;50;30;84344832;0
922;41;30;0;1;302;0;0;20;22;1105;15;50;30;84344832;0
923;41;29;94;214;301;0;247;20;22;1083;15;50;30;84344832;0
924;41;29;39;33;302;0;3;21;22;1083;15;50;30;84344832;0
925;41;30;2;1;300;0;3;21;22;1083;15;50;30;84344832;0
926;41;30;1;13;299;0;242;20;22;1083;15;50;30;84344832;0
927;41;29;74;178;302;0;250;21;22;972;16;50;30;84344832;0
928;41;30;7;2;304;0;1;20;22;972;16;50;30;84344832;0
929;41;30;1;0;304;0;0;21;22;972;16;50;30;84344832;0
930;41;30;0;0;301;0;254;20;22;972;16;50;30;84344832;0
931;41;29;26;58;298;0;1;21;22;809;14;50;30;84344832;0
932;41;30;3;0;297;0;1;20;22;809;14;50;30;84344832;0
933;41;30;0;0;299;0;0;21;22;809;14;50;30;84344832;0
934;41;29;109;258;306;0;247;21;22;714;19;50;30;84344832;0
935;41;29;12;16;314;0;1;21;22;714;19;50;30;84344832;0
936;41;30;1;0;315;0;4;21;22;714;19;50;30;84344832;0
937;41;29;6;189;316;0;244;21;22;714;19;50;30;84344832;0
938;41;29;99;240;318;0;250;21;22;1104;15;50;30;84344832;0
939;41;30;5;1;319;0;5;21;22;1104;15;50;30;84344832;0
940;41;30;1;1;317;0;0;21;22;1104;15;50;30;84344832;0
941;41;29;98;246;313;0;245;21;22;1065;16;50;30;84344832;0
942;41;29;27;37;311;0;3;21;22;1065;16;50;30;84344832;0
943;41;30;4;2;307;0;2;21;22;1065;16;50;30;84344832;0
944;41;30;1;0;304;0;0;21;22;1065;16;50;30;84344832;0
945;40;29;123;328;305;0;245;21;22;1076;16;50;30;84344832;0
946;41;30;7;2;306;0;4;21;22;1076;16;50;30;84344832;0
947;41;30;1;1;305;0;0;21;22;1076;16;50;30;84344832;0
948;40;29;110;288;305;0;244;21;22;987;18;50;30;84344832;0
949;41;29;32;35;307;0;4;21;22;987;18;50;30;84344832;0
950;41;30;2;0;307;0;3;21;22;987;18;50;30;84344832;0
951;41;30;0;2;305;0;248;21;22;987;18;50;30;84344832;0
952;41;29;116;301;304;0;247;21;22;1093;16;50;30;84344832;0
953;41;30;11;4;304;0;6;21;22;1093;16;50;30;84344832;0
954;41;30;1;0;301;0;2;21;22;1093;16;50;30;84344832;0
955;41;29;9;196;300;0;244;21;22;1093;16;50;30;84344832;0
956;41;29;107;257;301;0;248;21;22;1223;15;50;30;84344832;0
957;41;30;10;2;302;0;6;21;22;1223;15;50;30;84344832;0
958;41;30;1;0;299;0;2;21;22;1223;15;50;30;84344832;0
959;41;29;20;195;298;0;245;21;22;1223;15;50;30;84344832;0
960;41;29;99;228;300;0;251;21;22;1162;14;50;30;84344832;0
961;41;30;8;2;302;0;5;21;22;1162;14;50;30;84344832;0
962;41;30;1;1;301;0;1;21;22;1162;14;50;30;84344832;0
963;40;29;95;240;300;0;245;21;22;1135;16;50;30;84344832;0
964;41;29;51;81;300;0;2;21;22;1135;16;50;30;84344832;0
965;41;30;2;0;299;0;2;21;22;1135;16;50;30;84344832;0
966;41;30;0;0;298;0;0;21;22;1135;16;50;30;84344832;0
967;41;30;0;0;298;0;255;21;22;1135;16;50;30;84344832;0
968;41;29;80;177;298;0;251;21;22;1046;13;50;30;84344832;0
969;41;30;11;7;299;0;0;21;22;1046;13;50;30;84344832;0
970;41;30;2;2;297;0;0;21;22;1046;13;50;30;84344832;0
971;41;30;0;0;291;0;1;21;22;1046;13;50;30;84344832;0
972;41;29;82;201;287;0;248;21;22;831;13;50;30;84344832;0
973;41;29;20;12;285;0;3;21;22;831;13;50;30;84344832;0
974;41;30;0;6;283;0;1;21;22;831;13;50;30;84344832;0
975;41;30;1;2;281;0;255;21;22;831;13;50;30;84344832;0
976;41;29;101;212;282;0;249;21;22;837;15;50;30;84344832;0
977;41;30;11;4;283;0;3;21;22;837;15;50;30;84344832;0
978;41;30;2;7;284;0;1;21;22;837;15;50;30;84344832;0
979;41;29;84;208;287;0;246;21;22;988;16;50;30;84344832;0
980;41;29;84;178;292;0;253;21;22;988;16;50;30;84344832;0
981;41;30;3;0;296;0;4;21;22;988;16;50;30;84344832;0
982;41;30;0;1;301;0;0;21;22;988;16;50;30;84344832;0
983;41;29;97;221;305;0;246;21;22;929;15;50;30;84344832;0
984;41;29;93;166;308;0;0;21;22;929;15;50;30;84344832;0
985;41;30;3;0;310;0;4;21;22;929;15;50;30;84344832;0
986;41;30;0;1;310;0;0;21;22;929;15;50;30;84344832;0
987;41;29;97;230;311;0;246;21;22;1020;15;50;30;84344832;0
988;41;30;18;11;312;0;3;21;22;1020;15;50;30;84344832;0
989;41;30;1;0;311;0;2;21;22;1020;15;50;30;84344832;0
990;41;29;22;188;309;0;245;21;22;1020;15;50;30;84344832;0
991;41;29;88;202;306;0;250;21;22;927;16;50;30;84344832;0
992;41;30;2;0;303;0;2;21;22;927;16;50;30;84344832;0
993;41;29;7;156;300;0;245;21;22;927;16;50;30;84344832;0
994;41;29;98;221;298;0;248;21;22;773;18;50;30;84344832;0
995;41;30;5;1;298;0;3;21;22;773;18;50;30;84344832;0
996;41;30;1;1;298;0;0;21;22;773;18;50;30;84344832;0
997;41;29;44;96;299;0;250;21;22;844;16;50;30;84344832;0
998;41;29;95;227;303;0;246;21;22;844;16;50;30;84344832;0
999;41;30;3;0;305;0;6;21;22;844;16;50;30;84344832;0
1000;41;30;1;1;305;0;0;21;22;844;16;50;30;84344832;0
1001;41;29;103;260;305;0;246;21;22;812;15;50;30;84344832;0
1002;41;29;37;33;307;0;4;21;22;812;15;50;30;84344832;0
1003;41;30;2;0;308;0;3;21;22;812;15;50;30;84344832;0
1004;41;30;0;1;308;0;255;21;22;812;15;50;30;84344832;0
1005;40;29;132;294;308;0;246;21;22;1037;15;50;30;84344832;0
1006;41;30;10;2;308;0;6;21;22;1037;15;50;30;84344832;0
1007;41;30;1;0;307;0;2;21;22;1037;15;50;30;84344832;0
1008;41;29;7;183;307;0;244;21;22;1037;15;50;30;84344832;0
1009;41;29;95;215;308;0;249;21;22;1138;15;50;30;84344832;0
1010;41;30;8;2;308;0;6;21;22;1138;15;50;30;84344832;0
1011;41;30;1;1;305;0;0;21;22;1138;15;50;30;84344832;0
1012;41;29;25;203;304;0;244;21;22;1138;15;50;30;84344832;0
1013;41;29;83;165;305;0;255;21;22;1021;15;50;30;84344832;0
1014;41;30;4;0;305;0;4;21;22;1021;15;50;30;84344832;0
1015;41;30;1;0;303;0;0;21;22;1021;15;50;30;84344832;0
1016;41;29;76;184;302;0;247;21;22;841;15;50;30;84344832;0
1017;41;29;41;39;302;0;2;21;22;841;15;50;30;84344832;0
1018;41;30;2;0;301;0;1;21;22;841;15;50;30;84344832;0
1019;41;30;6;143;299;0;251;21;22;841;15;50;30;84344832;0
1020;41;29;76;191;298;0;248;21;22;813;16;50;30;84344832;0
1021;41;30;7;1;298;0;4;21;22;813;16;50;30;84344832;0
1022;41;30;1;1;297;0;0;21;22;813;16;50;30;84344832;0
1023;41;29;100;235;297;0;246;21;22;814;17;50;30;84344832;0
1024;41;29;26;19;298;0;4;21;22;814;17;50;30;84344832;0
1025;41;30;2;1;299;0;2;21;22;814;17;50;30;84344832;0
1026;41;30;0;0;300;0;0;21;22;814;17;50;30;84344832;0
1027;41;29;96;233;304;0;247;21;22;971;15;50;30;84344832;0
1028;41;30;19;10;307;0;5;21;22;971;15;50;30;84344832;0
1029;41;30;1;0;308;0;1;21;22;971;15;50;30;84344832;0
1030;41;29;12;191;308;0;243;21;22;971;15;50;30;84344832;0
1031;41;29;102;249;309;0;248;21;22;935;15;50;30;84344832;0
1032;41;30;6;1;311;0;5;21;22;935;15;50;30;84344832;0
1033;41;30;1;1;310;0;0;21;22;935;15;50;30;84344832;0
1034;41;29;100;243;311;0;245;21;22;963;16;50;30;84344832;0
1035;41;29;27;25;312;0;3;21;22;963;16;50;30;84344832;0
1036;41;30;2;1;312;0;1;21;22;963;16;50;30;84344832;0
1037;41;29;79;150;311;0;253;21;22;849;20;50;30;84344832;0
1038;41;30;3;0;311;0;1;21;22;849;20;50;30;84344832;0
1039;41;29;4;141;309;0;247;21;22;849;20;50;30;84344832;0
1040;41;29;93;222;306;0;248;21;22;359;22;50;30;84344832;0
1041;41;30;5;1;305;0;3;21;22;359;22;50;30;84344832;0
1042;41;30;1;1;302;0;255;21;22;359;22;50;30;84344832;0
1043;41;29;79;194;300;0;249;21;22;845;18;50;30;84344832;0
1044;41;30;4;0;300;0;2;21;22;845;18;50;30;84344832;0
1045;41;29;11;159;299;0;246;21;22;845;18;50;30;84344832;0
1046;41;29;71;108;297;0;0;21;22;596;21;50;30;84344832;0
1047;41;30;2;0;296;0;1;22;22;596;21;50;30;84344832;0
1048;41;29;32;194;294;0;245;21;22;641;19;50;30;84344832;0
1049;41;29;99;236;294;0;250;21;22;641;19;50;30;84344832;0
1050;41;30;6;1;295;0;5;21;22;641;19;50;30;84344832;0
1051;41;30;1;1;295;0;1;22;22;641;19;50;30;84344832;0
1052;41;29;89;209;296;0;246;21;22;1073;15;50;30;84344832;0
1053;41;29;64;101;297;0;0;22;22;1073;15;50;30;84344832;0
1054;41;30;2;0;298;0;3;22;22;1073;15;50;30;84344832;0
1055;41;29;7;164;298;0;244;22;22;1073;15;50;30;84344832;0
1056;41;29;73;99;300;0;2;22;22;843;17;50;30;84344832;0
1057;41;30;2;1;303;0;1;22;22;843;17;50;30;84344832;0
1058;41;29;10;155;304;0;246;22;22;843;17;50;30;84344832;0
1059;41;29;71;116;307;0;0;22;22;762;19;50;30;84344832;0
1060;41;30;2;1;310;0;0;22;22;762;19;50;30;84344832;0
1061;41;29;3;145;309;0;247;22;22;762;19;50;30;84344832;0
1062;41;29;87;224;306;0;248;22;22;590;18;50;30;84344832;0
1063;41;30;17;6;303;0;4;22;22;590;18;50;30;84344832;0
1064;41;30;1;0;299;0;1;22;22;590;18;50;30;84344832;0
1065;41;30;0;0;297;0;255;22;22;590;18;50;30;84344832;0
1066;41;29;82;196;298;0;249;22;22;1003;14;50;30;84344832;0
1067;41;30;17;8;300;0;3;22;22;1003;14;50;30;84344832;0
1068;41;30;1;0;300;0;0;22;22;1003;14;50;30;84344832;0
1069;41;29;125;289;298;0;243;22;22;859;16;50;30;84344832;0
1070;41;29;94;219;297;0;252;22;22;859;16;50;30;84344832;0
1071;41;30;3;0;297;0;5;22;22;859;16;50;30;84344832;0
1072;41;30;1;1;297;0;0;22;22;859;16;50;30;84344832;0
1073;41;29;83;192;298;0;247;22;22;1141;15;50;30;84344832;0
1074;41;29;66;105;299;0;0;22;22;1141;15;50;30;84344832;0
1075;41;30;3;0;300;0;3;22;22;1141;15;50;30;84344832;0
1076;41;30;0;0;300;0;0;22;22;1141;15;50;30;84344832;0
1077;41;29;78;181;302;0;248;22;22;832;15;50;30;84344832;0
1078;41;30;18;6;305;0;3;22;22;832;15;50;30;84344832;0
1079;41;30;1;0;304;0;0;22;22;832;15;50;30;84344832;0
1080;41;29;18;182;302;0;246;22;22;832;15;50;30;84344832;0
1081;41;29;81;200;300;0;249;22;22;801;16;50;30;84344832;0
1082;41;30;10;2;298;0;4;22;23;801;16;50;30;84344832;0
1083;41;30;1;0;296;0;1;22;25;801;16;50;30;84344832;0
1084;41;30;1;23;294;0;243;21;26;801;16;50;30;84344832;0
1085;41;29;74;192;293;0;249;22;28;924;14;50;30;84344832;0
1086;41;30;4;0;293;0;3;22;31;924;14;50;30;84344832;0
1087;41;30;1;0;293;0;0;22;32;924;14;50;30;84344832;0
1088;41;30;0;0;312;0;239;22;34;0;0;50;30;84279296;0
