# time;P_O2, atm;P_He, atm;Flow O2, l/min;Flow He, l/min;FiO2 Env, %;FiO2 sens2, %;P mask, cm H2O;Tmask, gradC;Tnagr, gradC;V, ml;f, 1/min;Tzad, gradC;FiO2 zad, %;Flags;
# POWERON 22.11.2018 15:27:09
1;0;0;0;4;0;0;0;23;23;0;0;50;30;84279808;0
50;0;0;0;2;631;0;248;23;22;0;0;50;30;84279301;0
111;0;0;0;5;211;0;255;23;22;0;0;50;30;84279301;0
116;41;0;0;5;210;0;255;23;22;0;0;50;30;84279300;0
131;40;32;0;5;211;0;255;23;22;0;0;50;30;84279296;0
192;41;32;0;6;210;0;255;23;22;0;0;50;30;84279296;0
204;40;32;0;0;210;0;1;23;22;0;0;50;30;84344832;0
205;40;32;0;5;191;0;7;23;22;0;0;50;30;84344832;0
206;40;32;0;6;190;0;3;23;22;0;0;50;30;84344832;0
207;40;29;198;445;190;0;243;23;22;0;0;50;30;84344832;0
208;40;30;65;107;192;0;7;23;22;0;0;50;30;84344832;0
209;40;30;3;0;201;0;9;23;22;0;0;50;30;84344832;0
210;40;30;0;1;218;0;6;23;22;0;0;50;30;84344832;0
211;40;29;135;335;240;0;240;23;22;2170;13;50;30;84344832;0
212;40;30;151;298;261;0;251;23;22;2170;13;50;30;84344832;0
213;40;30;10;2;277;0;7;23;22;2170;13;50;30;84344832;0
214;40;30;2;13;289;0;1;23;22;2170;13;50;30;84344832;0
215;40;30;5;8;299;0;250;23;22;2170;13;50;30;84344832;0
216;40;29;198;413;308;0;243;23;22;1778;13;50;30;84344832;0
217;40;30;18;16;316;0;7;23;22;1778;13;50;30;84344832;0
218;40;30;1;0;321;0;8;23;22;1778;13;50;30;84344832;0
219;40;29;3;142;324;0;246;23;22;1778;13;50;30;84344832;0
220;40;29;159;388;328;0;243;23;22;1686;14;50;30;84344832;0
221;40;30;41;74;332;0;6;23;22;1686;14;50;30;84344832;0
222;40;30;2;0;333;0;8;23;22;1686;14;50;30;84344832;0
223;40;30;1;46;332;0;247;23;22;1686;14;50;30;84344832;0
224;40;29;180;474;332;0;243;23;22;1825;14;50;30;84344832;0
225;40;30;23;28;332;0;8;23;22;1825;14;50;30;84344832;0
226;40;30;2;0;330;0;8;23;22;1825;14;50;30;84344832;0
227;40;29;24;385;327;0;238;23;22;2071;15;50;30;84344832;0
228;40;29;181;481;327;0;244;23;22;2071;15;50;30;84344832;0
229;40;30;16;16;327;0;7;23;22;2071;15;50;30;84344832;0
230;40;30;2;0;324;0;8;23;22;2071;15;50;30;84344832;0
231;40;30;1;11;322;0;0;23;22;2071;15;50;30;84344832;0
232;40;29;172;481;321;0;245;23;22;2167;13;50;30;84344832;0
233;40;30;24;42;321;0;3;23;22;2167;13;50;30;84344832;0
234;40;30;2;0;318;0;1;23;23;2167;13;50;30;84344832;0
235;40;30;0;0;314;0;0;23;23;2167;13;50;30;84344832;0
236;40;31;0;0;311;0;255;23;23;2167;13;50;30;84344832;0
237;40;29;116;348;307;0;244;23;22;1488;12;50;30;84344832;0
238;40;30;26;58;304;0;0;23;22;1488;12;50;30;84344832;0
239;40;30;3;0;300;0;4;23;22;1488;12;50;30;84344832;0
240;40;30;0;0;296;0;2;23;22;1488;12;50;30;84344832;0
241;40;29;162;426;294;0;240;23;22;1251;14;50;30;84344832;0
242;40;30;36;41;293;0;9;23;23;1251;14;50;30;84344832;0
243;40;30;2;0;291;0;5;23;23;1251;14;50;30;84344832;0
244;40;29;5;196;292;0;242;23;23;1251;14;50;30;84344832;0
245;40;29;179;445;298;0;245;23;23;1736;15;50;30;84344832;0
246;40;30;15;10;305;0;6;23;23;1736;15;50;30;84344832;0
247;40;31;1;0;309;0;6;23;23;1736;15;50;30;84344832;0
248;40;30;88;301;312;0;243;23;23;1826;15;50;30;84344832;0
249;40;30;106;252;317;0;253;23;23;1826;15;50;30;84344832;0
250;40;30;32;81;321;0;0;23;23;1826;15;50;30;84344832;0
251;40;30;6;3;320;0;0;23;23;1826;15;50;30;84344832;0
252;40;31;1;0;318;0;2;23;23;1826;15;50;30;84344832;0
253;40;31;0;0;314;0;255;23;23;1826;15;50;30;84344832;0
254;40;30;120;332;311;0;240;23;22;1774;10;50;30;84344832;0
255;40;30;40;64;307;0;7;23;23;1774;10;50;30;84344832;0
256;40;30;2;0;302;0;5;23;23;1774;10;50;30;84344832;0
257;40;30;1;4;300;0;0;23;23;1774;10;50;30;84344832;0
258;40;30;0;0;303;0;0;23;23;1774;10;50;30;84344832;0
259;40;29;164;457;309;0;239;23;23;1450;12;50;30;84344832;0
260;40;30;56;113;316;0;9;23;23;1450;12;50;30;84344832;0
261;40;30;3;0;319;0;8;23;23;1450;12;50;30;84344832;0
262;40;30;1;26;319;0;255;23;23;1450;12;50;30;84344832;0
263;40;29;191;517;321;0;244;23;23;2090;15;50;30;84344832;0
264;40;30;19;16;322;0;9;23;23;2090;15;50;30;84344832;0
265;40;31;2;0;320;0;8;23;23;2090;15;50;30;84344832;0
266;40;30;13;193;318;0;246;23;23;2090;15;50;30;84344832;0
267;40;29;166;491;317;0;241;23;23;2110;15;50;30;84344832;0
268;40;30;24;35;317;0;9;23;23;2110;15;50;30;84344832;0
269;40;31;1;0;313;0;6;23;23;2110;15;50;30;84344832;0
270;40;30;143;368;311;0;240;23;23;1995;15;50;30;84344832;0
271;40;29;171;486;312;0;247;23;23;1995;15;50;30;84344832;0
272;40;31;5;1;311;0;8;23;23;1995;15;50;30;84344832;0
273;40;31;1;0;310;0;5;23;23;1995;15;50;30;84344832;0
274;40;30;125;334;309;0;242;23;23;2078;14;50;30;84344832;0
275;40;30;155;437;310;0;248;23;23;2078;14;50;30;84344832;0
276;40;31;4;1;309;0;9;23;23;2078;14;50;30;84344832;0
277;40;30;2;24;307;0;0;23;23;2078;14;50;30;84344832;0
278;40;29;153;457;306;0;239;23;23;1822;15;50;30;84344832;0
279;40;30;74;132;307;0;8;23;23;1822;15;50;30;84344832;0
280;40;31;2;0;305;0;7;23;23;1822;15;50;30;84344832;0
281;40;31;1;8;304;0;0;23;23;1822;15;50;30;84344832;0
282;40;30;129;345;305;0;244;23;23;1911;14;50;30;84344832;0
283;40;30;138;392;307;0;248;23;23;1911;14;50;30;84344832;0
284;40;31;4;0;307;0;8;23;23;1911;14;50;30;84344832;0
285;40;31;1;4;305;0;1;23;23;1911;14;50;30;84344832;0
286;40;29;195;557;304;0;240;23;23;1820;16;50;30;84344832;0
287;40;30;20;20;303;0;9;23;23;1820;16;50;30;84344832;0
288;40;31;2;0;301;0;6;23;23;1820;16;50;30;84344832;0
289;40;30;1;2;301;0;255;23;23;1820;16;50;30;84344832;0
290;40;30;146;402;304;0;244;23;23;1973;15;50;30;84344832;0
291;40;30;39;63;307;0;8;23;23;1973;15;50;30;84344832;0
292;40;31;2;0;306;0;6;23;23;1973;15;50;30;84344832;0
293;40;30;2;12;305;0;0;23;23;1973;15;50;30;84344832;0
294;40;29;167;459;307;0;245;23;23;1973;14;50;30;84344832;0
295;40;30;25;39;309;0;9;23;23;1973;14;50;30;84344832;0
296;40;31;2;0;308;0;8;23;23;1973;14;50;30;84344832;0
297;40;31;1;9;306;0;0;23;23;1973;14;50;30;84344832;0
298;40;29;164;471;306;0;243;23;23;2157;14;50;30;84344832;0
299;40;30;32;44;306;0;10;23;23;2157;14;50;30;84344832;0
300;40;31;2;0;305;0;7;23;23;2157;14;50;30;84344832;0
301;40;30;141;417;304;0;240;23;23;2037;16;50;30;84344832;0
302;40;30;161;502;304;0;244;23;23;2037;16;50;30;84344832;0
303;40;31;4;0;304;0;8;23;23;2037;16;50;30;84344832;0
304;40;30;2;46;304;0;0;23;23;2037;16;50;30;84344832;0
305;40;29;155;435;305;0;246;23;23;1798;17;50;30;84344832;0
306;40;30;15;8;306;0;8;23;23;1798;17;50;30;84344832;0
307;40;31;1;0;305;0;5;23;23;1798;17;50;30;84344832;0
308;40;30;141;367;305;0;241;23;23;1982;15;50;30;84344832;0
309;40;30;143;426;307;0;248;23;23;1982;15;50;30;84344832;0
310;40;31;7;2;308;0;7;23;23;1982;15;50;30;84344832;0
311;40;31;1;0;307;0;4;24;23;1982;15;50;30;84344832;0
312;40;30;148;454;306;0;241;23;23;1830;15;50;30;84344832;0
313;40;30;45;86;306;0;7;23;23;1830;15;50;30;84344832;0
314;40;31;3;0;305;0;6;23;23;1830;15;50;30;84344832;0
315;40;31;1;12;303;0;0;24;23;1830;15;50;30;84344832;0
316;40;30;123;362;303;0;244;23;23;1766;15;50;30;84344832;0
317;40;30;36;63;304;0;6;23;23;1766;15;50;30;84344832;0
318;40;31;2;0;303;0;7;23;23;1766;15;50;30;84344832;0
319;40;30;20;282;300;0;241;23;23;1766;15;50;30;84344832;0
320;40;30;115;318;298;0;248;24;23;1586;16;50;30;84344832;0
321;40;31;8;1;298;0;8;23;23;1586;16;50;30;84344832;0
322;40;31;1;2;295;0;1;24;23;1586;16;50;30;84344832;0
323;40;30;131;385;293;0;239;23;23;1445;16;50;30;84344832;0
324;40;30;84;173;294;0;6;23;23;1445;16;50;30;84344832;0
325;40;31;5;0;294;0;8;23;23;1445;16;50;30;84344832;0
326;40;31;1;1;293;0;2;24;23;1445;16;50;30;84344832;0
327;40;30;144;422;293;0;242;24;23;1884;15;50;30;84344832;0
328;40;30;32;38;292;0;7;24;23;1884;15;50;30;84344832;0
329;40;31;2;0;292;0;5;24;23;1884;15;50;30;84344832;0
330;40;30;98;355;291;0;239;24;23;1884;15;50;30;84344832;0
331;40;30;126;338;292;0;250;24;23;1564;16;50;30;84344832;0
332;40;31;7;1;293;0;9;24;23;1564;16;50;30;84344832;0
333;40;31;2;5;294;0;3;24;23;1564;16;50;30;84344832;0
334;40;30;159;384;295;0;237;24;23;1473;17;50;30;84344832;0
335;40;30;155;388;296;0;248;24;23;218;83;50;30;84344832;0
336;40;31;4;0;297;0;10;24;23;218;83;50;30;84344832;0
337;40;31;1;4;298;0;0;24;23;218;83;50;30;84344832;0
338;40;30;125;304;299;0;242;24;23;1626;15;50;30;84344832;0
339;40;30;137;345;304;0;250;24;23;1626;15;50;30;84344832;0
340;40;31;4;0;307;0;8;24;23;1626;15;50;30;84344832;0
341;40;31;1;2;307;0;0;24;23;1626;15;50;30;84344832;0
342;40;30;113;324;307;0;243;24;23;1623;15;50;30;84344832;0
343;40;30;122;326;308;0;252;24;23;1623;15;50;30;84344832;0
344;40;31;5;0;307;0;9;24;23;1623;15;50;30;84344832;0
345;40;31;1;0;305;0;3;24;23;1623;15;50;30;84344832;0
346;40;30;124;298;303;0;242;24;23;1834;14;50;30;84344832;0
347;40;30;126;314;303;0;253;24;23;1834;14;50;30;84344832;0
348;40;31;4;0;302;0;7;24;23;1834;14;50;30;84344832;0
349;40;31;1;4;299;0;0;24;23;1834;14;50;30;84344832;0
350;40;30;143;396;299;0;243;24;23;1425;16;50;30;84344832;0
351;40;30;36;55;300;0;7;24;23;1425;16;50;30;84344832;0
352;40;31;2;0;299;0;5;24;23;1425;16;50;30;84344832;0
353;40;31;0;4;299;0;249;24;23;1425;16;50;30;84344832;0
354;40;30;149;391;301;0;243;24;23;1592;15;50;30;84344832;0
355;40;31;13;4;305;0;9;24;23;1592;15;50;30;84344832;0
356;40;31;2;8;307;0;3;24;23;1592;15;50;30;84344832;0
357;40;31;3;2;306;0;254;24;23;1592;15;50;30;84344832;0
358;40;30;165;460;305;0;243;24;23;1568;14;50;30;84344832;0
359;40;30;19;19;304;0;8;24;24;1568;14;50;30;84344832;0
360;40;31;1;0;302;0;5;24;24;1568;14;50;30;84344832;0
361;40;30;129;356;302;0;242;24;23;1827;16;50;30;84344832;0
362;40;30;140;402;304;0;246;24;24;1827;16;50;30;84344832;0
363;40;31;6;1;306;0;9;24;23;1827;16;50;30;84344832;0
364;40;31;2;16;305;0;1;24;24;1827;16;50;30;84344832;0
365;40;30;163;450;305;0;239;24;24;1676;15;50;30;84344832;0
366;40;30;69;118;306;0;7;24;23;1676;15;50;30;84344832;0
367;40;31;2;0;306;0;7;24;24;1676;15;50;30;84344832;0
368;40;31;0;2;305;0;0;24;24;1676;15;50;30;84344832;0
369;40;30;144;415;306;0;240;24;24;1763;14;50;30;84344832;0
370;40;30;35;38;307;0;9;24;24;1763;14;50;30;84344832;0
371;40;31;2;0;307;0;6;24;24;1763;14;50;30;84344832;0
372;40;30;6;163;306;0;248;24;24;1763;14;50;30;84344832;0
373;40;30;130;361;306;0;247;24;24;1587;16;50;30;84344832;0
374;40;31;7;1;306;0;8;24;24;1587;16;50;30;84344832;0
375;40;31;2;11;304;0;0;24;24;1587;16;50;30;84344832;0
376;40;30;163;469;301;0;240;24;24;1504;17;50;30;84344832;0
377;40;30;43;67;300;0;9;24;24;1504;17;50;30;84344832;0
378;40;31;2;0;298;0;7;24;24;1504;17;50;30;84344832;0
379;40;31;2;4;298;0;254;24;24;1504;17;50;30;84344832;0
380;40;30;137;400;300;0;243;24;24;1785;16;50;30;84344832;0
381;40;30;33;41;303;0;7;24;24;1785;16;50;30;84344832;0
382;40;31;2;0;303;0;7;24;24;1785;16;50;30;84344832;0
383;40;31;1;2;302;0;0;24;24;1785;16;50;30;84344832;0
384;40;30;142;407;301;0;244;24;24;1735;14;50;30;84344832;0
385;40;31;15;7;300;0;8;24;24;1735;14;50;30;84344832;0
386;40;31;1;1;298;0;2;24;24;1735;14;50;30;84344832;0
387;40;30;137;327;296;0;240;24;24;1478;16;50;30;84344832;0
388;40;30;75;138;296;0;5;24;24;1478;16;50;30;84344832;0
389;40;31;3;1;296;0;5;24;24;1478;16;50;30;84344832;0
390;40;31;1;1;296;0;255;24;24;1478;16;50;30;84344832;0
391;40;30;116;314;297;0;246;24;24;1381;17;50;30;84344832;0
392;40;31;15;5;298;0;8;24;24;1381;17;50;30;84344832;0
393;40;31;1;2;298;0;2;24;24;1381;17;50;30;84344832;0
394;40;30;122;345;297;0;240;24;24;1419;16;50;30;84344832;0
395;40;30;72;111;298;0;5;24;24;1419;16;50;30;84344832;0
396;40;31;2;1;298;0;4;24;24;1419;16;50;30;84344832;0
397;40;30;37;323;298;0;237;24;24;1419;16;50;30;84344832;0
398;40;30;120;312;300;0;248;24;24;1326;18;50;30;84344832;0
399;40;31;12;4;302;0;10;24;24;1326;18;50;30;84344832;0
400;40;31;1;2;302;0;2;24;24;1326;18;50;30;84344832;0
401;40;30;147;417;299;0;241;24;24;1617;16;50;30;84344832;0
402;40;30;81;150;298;0;5;24;24;1617;16;50;30;84344832;0
403;40;30;30;76;297;0;3;24;24;1617;16;50;30;84344832;0
404;40;31;2;0;296;0;8;24;24;1617;16;50;30;84344832;0
405;40;30;43;332;294;0;240;24;24;1617;16;50;30;84344832;0
406;40;30;183;476;291;0;245;24;24;1805;13;50;30;84344832;0
407;40;31;8;1;287;0;9;24;24;1805;13;50;30;84344832;0
408;40;31;1;3;284;0;0;24;24;1805;13;50;30;84344832;0
409;40;30;163;428;287;0;240;24;24;1588;16;50;30;84344832;0
410;40;31;19;10;293;0;9;24;24;1588;16;50;30;84344832;0
411;40;31;2;4;298;0;3;24;24;1588;16;50;30;84344832;0
412;40;30;93;244;303;0;245;24;24;1495;17;50;30;84344832;0
413;40;30;121;292;307;0;249;24;24;1495;17;50;30;84344832;0
414;40;31;6;1;310;0;9;24;24;1495;17;50;30;84344832;0
415;40;31;2;5;310;0;0;24;24;1495;17;50;30;84344832;0
416;40;30;128;344;310;0;243;24;24;1325;16;50;30;84344832;0
417;40;31;22;14;309;0;7;24;24;1325;16;50;30;84344832;0
418;40;31;3;13;308;0;0;24;24;1325;16;50;30;84344832;0
419;40;30;102;261;306;0;244;24;24;1227;17;50;30;84344832;0
420;40;30;31;42;305;0;2;24;24;1227;17;50;30;84344832;0
421;40;31;2;0;305;0;1;24;24;1227;17;50;30;84344832;0
422;40;30;142;339;301;0;240;24;24;899;19;50;30;84344832;0
423;40;30;143;367;299;0;249;24;24;899;19;50;30;84344832;0
424;40;31;5;0;296;0;8;24;24;899;19;50;30;84344832;0
425;40;31;1;1;295;0;1;24;24;899;19;50;30;84344832;0
426;40;31;0;1;298;0;0;24;24;899;19;50;30;84344832;0
427;40;30;143;378;303;0;243;24;24;1607;13;50;30;84344832;0
428;40;30;40;56;308;0;8;24;24;1607;13;50;30;84344832;0
429;40;31;2;0;309;0;7;24;24;1607;13;50;30;84344832;0
430;40;31;2;4;309;0;0;24;24;1607;13;50;30;84344832;0
431;40;30;120;323;309;0;245;24;24;1743;14;50;30;84344832;0
432;40;31;10;2;309;0;8;24;24;1743;14;50;30;84344832;0
433;40;31;2;9;306;0;0;24;24;1743;14;50;30;84344832;0
434;40;30;92;252;303;0;245;24;24;1256;16;50;30;84344832;0
435;40;30;111;312;302;0;247;24;24;1256;16;50;30;84344832;0
436;40;31;4;0;300;0;7;24;24;1256;16;50;30;84344832;0
437;40;31;1;2;297;0;0;24;24;1256;16;50;30;84344832;0
438;40;30;42;269;295;0;241;24;24;1256;16;50;30;84344832;0
439;40;30;106;287;296;0;250;24;24;1234;14;50;30;84344832;0
440;40;31;10;2;296;0;6;24;24;1234;14;50;30;84344832;0
441;40;31;1;1;295;0;1;24;24;1234;14;50;30;84344832;0
442;40;31;0;1;294;0;255;24;24;1234;14;50;30;84344832;0
443;40;30;149;381;294;0;244;24;24;1472;14;50;30;84344832;0
444;40;31;5;0;295;0;6;24;24;1472;14;50;30;84344832;0
445;40;31;2;2;296;0;0;24;24;1472;14;50;30;84344832;0
446;40;30;130;338;299;0;244;24;24;1254;17;50;30;84344832;0
447;40;30;119;309;303;0;250;24;24;1254;17;50;30;84344832;0
448;40;31;3;0;305;0;9;24;24;1254;17;50;30;84344832;0
449;40;31;2;12;304;0;0;24;24;1254;17;50;30;84344832;0
450;40;30;75;308;304;0;241;24;24;1254;17;50;30;84344832;0
451;40;30;56;71;305;0;4;24;24;1702;13;50;30;84344832;0
452;40;31;2;2;305;0;1;24;24;1702;13;50;30;84344832;0
453;40;30;94;262;303;0;243;24;24;899;19;50;30;84344832;0
454;40;30;121;321;301;0;247;24;24;899;19;50;30;84344832;0
455;40;31;7;1;299;0;7;24;24;899;19;50;30;84344832;0
456;40;31;2;5;296;0;0;24;24;899;19;50;30;84344832;0
457;40;30;120;326;295;0;243;24;24;1445;16;50;30;84344832;0
458;40;30;36;88;295;0;2;24;24;1445;16;50;30;84344832;0
459;40;31;9;2;293;0;7;24;24;1445;16;50;30;84344832;0
460;40;31;1;0;294;0;3;24;24;1445;16;50;30;84344832;0
461;40;30;148;379;295;0;242;24;24;1508;14;50;30;84344832;0
462;40;30;51;68;297;0;7;24;24;1508;14;50;30;84344832;0
463;40;31;2;0;296;0;6;24;24;1508;14;50;30;84344832;0
464;40;31;1;2;297;0;0;24;24;1508;14;50;30;84344832;0
465;40;30;142;385;300;0;243;24;24;1480;15;50;30;84344832;0
466;40;31;29;30;303;0;8;24;24;1480;15;50;30;84344832;0
467;40;31;2;1;306;0;1;24;24;1480;15;50;30;84344832;0
468;40;31;1;1;308;0;0;24;24;1480;15;50;30;84344832;0
469;40;30;135;360;312;0;245;24;24;1484;15;50;30;84344832;0
470;40;31;7;1;318;0;8;24;24;1484;15;50;30;84344832;0
471;40;31;2;3;320;0;0;24;24;1484;15;50;30;84344832;0
472;40;30;116;295;320;0;243;24;24;1143;17;50;30;84344832;0
473;40;31;12;2;319;0;7;24;24;1143;17;50;30;84344832;0
474;40;31;2;2;316;0;0;24;24;1143;17;50;30;84344832;0
475;40;30;129;365;313;0;244;24;24;909;21;50;30;84344832;0
476;40;31;12;4;311;0;8;24;24;909;21;50;30;84344832;0
477;40;31;3;21;309;0;1;24;24;909;21;50;30;84344832;0
478;40;31;1;0;306;0;0;24;24;909;21;50;30;84344832;0
479;40;30;136;384;306;0;243;24;24;1299;14;50;30;84344832;0
480;40;31;8;1;306;0;6;24;24;1299;14;50;30;84344832;0
481;40;31;2;5;305;0;0;24;24;1299;14;50;30;84344832;0
482;40;30;86;308;303;0;242;24;24;1205;16;50;30;84344832;0
483;40;30;127;327;301;0;250;24;24;1205;16;50;30;84344832;0
484;40;31;3;0;300;0;6;24;24;1205;16;50;30;84344832;0
485;40;31;2;6;298;0;255;24;24;1205;16;50;30;84344832;0
486;40;30;166;466;298;0;240;24;24;1349;17;50;30;84344832;0
487;40;31;6;1;298;0;8;24;24;1349;17;50;30;84344832;0
488;40;31;2;11;298;0;0;25;24;1349;17;50;30;84344832;0
489;40;30;128;342;300;0;246;24;24;1522;19;50;30;84344832;0
490;40;31;5;0;304;0;7;24;24;1522;19;50;30;84344832;0
491;40;31;2;2;305;0;255;25;24;1522;19;50;30;84344832;0
492;40;30;117;303;306;0;246;24;24;1141;18;50;30;84344832;0
493;40;31;28;27;306;0;6;25;24;1141;18;50;30;84344832;0
494;40;31;2;0;305;0;6;25;24;1141;18;50;30;84344832;0
495;40;31;1;2;301;0;255;25;24;1141;18;50;30;84344832;0
496;40;30;131;360;298;0;244;25;24;1471;14;50;30;84344832;0
497;40;31;25;23;295;0;6;25;24;1471;14;50;30;84344832;0
498;40;31;2;0;292;0;4;25;24;1471;14;50;30;84344832;0
499;40;31;1;185;290;0;243;25;24;1471;14;50;30;84344832;0
500;40;30;119;295;290;0;250;25;24;1453;15;50;30;84344832;0
501;40;31;8;1;291;0;9;25;24;1453;15;50;30;84344832;0
502;40;31;3;14;291;0;0;25;24;1453;15;50;30;84344832;0
503;40;30;135;346;292;0;243;25;24;1360;16;50;30;84344832;0
504;40;30;114;278;294;0;252;25;25;1360;16;50;30;84344832;0
505;40;31;4;0;296;0;8;25;25;1360;16;50;30;84344832;0
506;40;31;1;1;297;0;0;25;24;1360;16;50;30;84344832;0
507;40;30;116;303;298;0;246;25;24;1539;15;50;30;84344832;0
508;40;31;21;11;300;0;7;25;24;1539;15;50;30;84344832;0
509;40;31;2;0;300;0;2;25;24;1539;15;50;30;84344832;0
510;40;30;66;338;300;0;239;25;25;1539;15;50;30;84344832;0
511;40;30;116;301;301;0;248;25;24;1174;16;50;30;84344832;0
512;40;31;5;0;302;0;6;25;25;1174;16;50;30;84344832;0
513;40;31;1;2;301;0;0;25;24;1174;16;50;30;84344832;0
514;40;30;122;317;301;0;244;25;25;1225;16;50;30;84344832;0
515;40;31;20;14;303;0;5;25;24;1225;16;50;30;84344832;0
516;40;31;1;1;303;0;1;25;25;1225;16;50;30;84344832;0
517;40;30;153;302;301;0;243;25;25;1088;17;50;30;84344832;0
518;40;30;86;169;300;0;1;25;25;1088;17;50;30;84344832;0
519;40;31;6;1;299;0;8;25;24;1088;17;50;30;84344832;0
520;40;31;1;9;298;0;0;25;25;1088;17;50;30;84344832;0
521;40;30;129;347;298;0;243;25;24;1357;16;50;30;84344832;0
522;40;31;23;16;297;0;7;25;25;1357;16;50;30;84344832;0
523;40;31;2;0;294;0;4;25;24;1357;16;50;30;84344832;0
524;40;30;121;289;294;0;243;25;25;1410;17;50;30;84344832;0
525;40;30;115;274;297;0;252;25;25;1410;17;50;30;84344832;0
526;40;31;4;0;299;0;6;25;25;1410;17;50;30;84344832;0
527;40;31;1;26;300;0;247;25;25;1410;17;50;30;84344832;0
528;40;30;121;301;301;0;246;25;25;1333;17;50;30;84344832;0
529;40;31;6;1;302;0;7;25;25;1333;17;50;30;84344832;0
530;40;31;1;1;302;0;0;25;25;1333;17;50;30;84344832;0
531;40;30;126;325;301;0;244;25;25;1076;17;50;30;84344832;0
532;40;31;9;1;303;0;8;25;25;1076;17;50;30;84344832;0
533;40;31;3;34;303;0;0;25;25;1076;17;50;30;84344832;0
534;40;30;147;388;303;0;243;25;25;1186;19;50;30;84344832;0
535;40;30;44;110;304;0;1;25;25;1186;19;50;30;84344832;0
536;40;31;5;0;304;0;6;25;25;1186;19;50;30;84344832;0
537;40;30;11;308;304;0;239;25;25;1186;19;50;30;84344832;0
538;40;30;124;323;303;0;247;25;25;1504;15;50;30;84344832;0
539;40;31;10;2;299;0;8;25;25;1504;15;50;30;84344832;0
540;40;32;1;1;296;0;2;25;25;1504;15;50;30;84344832;0
541;40;30;119;300;296;0;245;25;25;1394;17;50;30;84344832;0
542;40;31;48;55;298;0;6;25;25;1394;17;50;30;84344832;0
543;40;31;2;0;298;0;5;25;25;1394;17;50;30;84344832;0
544;40;30;98;249;298;0;245;25;25;1291;17;50;30;84344832;0
545;40;30;83;162;298;0;0;25;25;1291;17;50;30;84344832;0
546;40;31;4;0;298;0;6;25;25;1291;17;50;30;84344832;0
547;40;31;1;1;298;0;0;25;25;1291;17;50;30;84344832;0
548;40;30;125;321;299;0;245;25;25;1153;16;50;30;84344832;0
549;40;31;7;1;302;0;6;25;25;1153;16;50;30;84344832;0
550;40;31;1;5;303;0;0;25;25;1153;16;50;30;84344832;0
551;40;30;119;304;303;0;244;25;25;1131;18;50;30;84344832;0
552;40;31;16;6;302;0;6;25;25;1131;18;50;30;84344832;0
553;40;32;2;3;300;0;1;25;25;1131;18;50;30;84344832;0
554;40;30;100;261;299;0;245;25;25;1160;18;50;30;84344832;0
555;40;31;54;56;299;0;6;25;25;1160;18;50;30;84344832;0
556;40;32;2;1;299;0;2;25;25;1160;18;50;30;84344832;0
557;40;30;12;241;299;0;241;25;25;1160;18;50;30;84344832;0
558;40;30;119;289;299;0;248;25;25;1156;17;50;30;84344832;0
559;40;31;5;0;301;0;6;25;25;1156;17;50;30;84344832;0
560;40;32;1;2;301;0;0;25;25;1156;17;50;30;84344832;0
561;40;30;109;293;302;0;245;25;25;1161;18;50;30;84344832;0
562;40;31;6;0;304;0;7;25;25;1161;18;50;30;84344832;0
563;40;31;2;4;304;0;0;25;25;1161;18;50;30;84344832;0
564;40;30;109;293;304;0;245;25;25;1093;18;50;30;84344832;0
565;40;31;5;0;303;0;4;25;25;1093;18;50;30;84344832;0
566;40;32;1;1;301;0;0;25;25;1093;18;50;30;84344832;0
567;40;30;130;356;300;0;242;25;25;855;18;50;30;84344832;0
568;40;31;32;26;300;0;7;25;25;855;18;50;30;84344832;0
569;40;32;2;1;300;0;3;25;25;855;18;50;30;84344832;0
570;40;30;109;274;302;0;246;25;25;1267;19;50;30;84344832;0
571;40;31;25;13;304;0;7;25;25;1267;19;50;30;84344832;0
572;40;31;2;5;305;0;1;25;25;1267;19;50;30;84344832;0
573;40;30;115;301;305;0;243;25;25;1047;19;50;30;84344832;0
574;40;31;90;155;305;0;4;25;25;1047;19;50;30;84344832;0
575;40;32;3;0;305;0;8;25;25;1047;19;50;30;84344832;0
576;40;30;8;198;304;0;244;25;25;1047;19;50;30;84344832;0
577;40;30;121;311;305;0;246;25;25;1413;17;50;30;84344832;0
578;40;31;5;0;305;0;5;25;25;1413;17;50;30;84344832;0
579;40;31;2;7;304;0;243;25;25;1413;17;50;30;84344832;0
580;40;30;120;318;302;0;246;25;25;1064;18;50;30;84344832;0
581;40;31;7;1;302;0;7;25;25;1064;18;50;30;84344832;0
582;40;32;1;3;300;0;0;25;25;1064;18;50;30;84344832;0
583;40;30;121;304;299;0;246;25;25;1113;18;50;30;84344832;0
584;40;31;12;2;299;0;7;25;25;1113;18;50;30;84344832;0
585;40;31;2;6;299;0;2;25;25;1113;18;50;30;84344832;0
586;40;30;143;355;299;0;247;25;25;1310;17;50;30;84344832;0
587;40;31;18;18;299;0;4;25;25;1310;17;50;30;84344832;0
588;40;32;2;4;300;0;1;25;25;1310;17;50;30;84344832;0
589;40;30;39;291;301;0;239;25;25;1002;17;50;30;84344832;0
590;40;30;120;269;303;0;255;25;25;1002;17;50;30;84344832;0
591;40;32;4;0;303;0;5;25;25;1002;17;50;30;84344832;0
592;40;31;1;10;302;0;255;25;25;1002;17;50;30;84344832;0
593;40;30;136;361;303;0;244;25;25;1286;17;50;30;84344832;0
594;40;31;9;2;305;0;8;25;25;1286;17;50;30;84344832;0
595;40;32;1;1;305;0;1;25;25;1286;17;50;30;84344832;0
596;40;30;131;335;306;0;243;25;25;1371;17;50;30;84344832;0
597;40;31;36;33;308;0;6;25;25;1371;17;50;30;84344832;0
598;40;32;2;0;307;0;4;25;25;1371;17;50;30;84344832;0
599;40;32;0;1;306;0;255;25;25;1371;17;50;30;84344832;0
600;40;30;103;263;306;0;249;25;25;1281;16;50;30;84344832;0
601;40;31;8;1;305;0;7;25;25;1281;16;50;30;84344832;0
602;40;32;1;4;304;0;0;25;25;1281;16;50;30;84344832;0
603;40;30;117;312;301;0;243;25;25;1099;17;50;30;84344832;0
604;40;31;21;10;300;0;7;25;25;1099;17;50;30;84344832;0
605;40;32;2;2;299;0;1;25;25;1099;17;50;30;84344832;0
606;40;30;111;295;298;0;243;25;25;1071;19;50;30;84344832;0
608;40;32;2;0;298;0;2;25;25;1071;19;50;30;84344832;0
609;40;30;105;267;298;0;243;25;25;1057;18;50;30;84344832;0
610;40;30;105;245;299;0;253;25;25;1057;18;50;30;84344832;0
611;40;32;3;0;299;0;6;25;25;1057;18;50;30;84344832;0
612;40;30;5;215;298;0;242;25;25;1057;18;50;30;84344832;0
613;40;30;124;316;297;0;247;25;25;1273;17;50;30;84344832;0
614;40;32;4;0;297;0;6;25;25;1273;17;50;30;84344832;0
615;40;30;144;311;296;0;243;25;25;1015;22;50;30;84344832;0
616;40;31;53;77;296;0;4;25;25;1015;22;50;30;84344832;0
617;40;32;2;0;297;0;5;25;25;1015;22;50;30;84344832;0
618;40;30;139;341;298;0;243;25;25;1223;19;50;30;84344832;0
619;40;31;54;81;299;0;6;25;25;1223;19;50;30;84344832;0
620;40;32;2;0;300;0;6;25;25;1223;19;50;30;84344832;0
621;40;30;105;275;301;0;243;25;25;1356;18;50;30;84344832;0
622;40;31;79;140;303;0;3;25;25;1356;18;50;30;84344832;0
623;40;32;3;0;303;0;6;25;25;1356;18;50;30;84344832;0
624;40;30;7;223;303;0;242;25;25;1356;18;50;30;84344832;0
625;40;30;118;308;302;0;247;25;25;1207;17;50;30;84344832;0
626;40;32;5;0;302;0;6;25;25;1207;17;50;30;84344832;0
627;40;32;1;2;301;0;0;25;25;1207;17;50;30;84344832;0
628;40;30;116;284;301;0;246;25;25;1263;17;50;30;84344832;0
629;40;31;68;106;302;0;3;25;25;1263;17;50;30;84344832;0
630;40;32;2;0;302;0;4;25;25;1263;17;50;30;84344832;0
631;40;32;1;1;300;0;255;25;25;1263;17;50;30;84344832;0
632;40;30;120;306;300;0;246;25;25;1281;15;50;30;84344832;0
633;40;31;8;1;300;0;7;25;25;1281;15;50;30;84344832;0
634;40;32;1;4;299;0;0;25;25;1281;15;50;30;84344832;0
635;40;30;127;340;299;0;244;25;25;1170;18;50;30;84344832;0
636;40;31;27;26;300;0;5;25;25;1170;18;50;30;84344832;0
637;40;32;2;0;300;0;4;25;25;1170;18;50;30;84344832;0
638;40;30;95;227;300;0;248;25;25;1225;18;50;30;84344832;0
639;40;31;61;83;300;0;3;25;25;1225;18;50;30;84344832;0
640;40;32;2;0;299;0;3;25;25;1225;18;50;30;84344832;0
641;40;30;62;326;297;0;239;25;25;1225;18;50;30;84344832;0
642;40;31;80;147;297;0;0;25;25;1079;17;50;30;84344832;0
643;40;32;2;1;299;0;1;25;25;1079;17;50;30;84344832;0
644;40;30;119;275;299;0;244;25;25;874;20;50;30;84344832;0
645;40;31;78;149;300;0;1;25;25;874;20;50;30;84344832;0
646;40;32;3;0;300;0;5;25;25;874;20;50;30;84344832;0
647;40;31;6;148;300;0;250;25;25;874;20;50;30;84344832;0
648;40;31;89;209;300;0;252;25;25;1068;18;50;30;84344832;0
649;40;32;3;0;300;0;3;25;25;1068;18;50;30;84344832;0
650;40;30;8;214;299;0;242;25;25;1068;18;50;30;84344832;0
651;40;31;99;249;298;0;249;25;25;842;19;50;30;84344832;0
652;40;32;4;0;298;0;4;25;25;842;19;50;30;84344832;0
653;40;32;1;0;296;0;0;25;25;842;19;50;30;84344832;0
654;40;30;178;457;295;0;240;25;25;966;18;50;30;84344832;0
655;40;32;7;1;295;0;7;25;25;966;18;50;30;84344832;0
656;40;32;2;5;295;0;0;25;25;966;18;50;30;84344832;0
657;40;30;167;399;299;0;245;25;25;1332;19;50;30;84344832;0
658;40;31;8;2;304;0;7;25;25;1332;19;50;30;84344832;0
659;40;32;1;1;308;0;1;25;25;1332;19;50;30;84344832;0
660;40;30;120;298;312;0;243;25;25;1404;17;50;30;84344832;0
661;40;31;68;106;318;0;5;25;25;1404;17;50;30;84344832;0
662;40;32;2;0;321;0;5;25;25;1404;17;50;30;84344832;0
663;40;32;0;1;322;0;0;25;25;1404;17;50;30;84344832;0
664;40;30;139;361;322;0;245;25;25;1332;16;50;30;84344832;0
665;40;31;47;79;323;0;6;25;25;1332;16;50;30;84344832;0
666;40;32;2;0;320;0;6;25;25;1332;16;50;30;84344832;0
667;40;30;31;423;317;0;233;25;25;1332;16;50;30;84344832;0
668;40;30;158;425;314;0;249;25;25;1605;15;50;30;84344832;0
669;40;32;5;0;311;0;8;25;25;1605;15;50;30;84344832;0
670;40;31;2;12;308;0;0;25;25;1605;15;50;30;84344832;0
671;40;30;127;380;309;0;241;25;25;1452;16;50;30;84344832;0
672;40;31;36;56;311;0;8;25;25;1452;16;50;30;84344832;0
673;40;32;2;0;312;0;5;25;25;1452;16;50;30;84344832;0
674;40;30;143;416;312;0;241;25;25;1524;18;50;30;84344832;0
675;40;31;57;96;313;0;8;25;25;1524;18;50;30;84344832;0
676;40;32;2;0;313;0;6;25;25;1524;18;50;30;84344832;0
677;40;32;1;2;312;0;0;25;25;1524;18;50;30;84344832;0
678;40;30;225;625;313;0;234;25;25;1640;16;50;30;84344832;0
679;40;31;17;15;315;0;8;25;25;1640;16;50;30;84344832;0
680;40;32;1;0;313;0;5;25;25;1640;16;50;30;84344832;0
681;40;30;148;414;313;0;242;25;25;1923;17;50;30;84344832;0
682;40;31;26;31;314;0;8;25;25;1923;17;50;30;84344832;0
683;40;32;2;1;313;0;4;25;25;1923;17;50;30;84344832;0
684;40;31;112;328;312;0;244;25;25;1544;19;50;30;84344832;0
685;40;30;142;365;313;0;251;25;25;1544;19;50;30;84344832;0
686;40;32;3;0;312;0;7;25;25;1544;19;50;30;84344832;0
687;40;31;1;8;309;0;0;25;25;1544;19;50;30;84344832;0
688;40;31;102;306;308;0;243;25;25;1634;15;50;30;84344832;0
689;40;31;87;183;307;0;1;25;25;1634;15;50;30;84344832;0
690;40;32;3;0;305;0;7;25;25;1634;15;50;30;84344832;0
691;40;32;5;11;300;0;252;25;25;1634;15;50;30;84344832;0
692;40;31;117;319;296;0;247;25;25;1496;15;50;30;84344832;0
693;40;31;10;2;293;0;7;25;25;1496;15;50;30;84344832;0
694;40;32;1;6;289;0;0;25;25;1496;15;50;30;84344832;0
695;40;31;119;302;288;0;248;25;25;1307;19;50;30;84344832;0
696;40;32;6;1;290;0;7;25;25;1307;19;50;30;84344832;0
697;40;32;1;2;291;0;1;25;25;1307;19;50;30;84344832;0
698;40;30;139;374;292;0;240;25;25;1215;17;50;30;84344832;0
699;41;31;43;57;293;0;6;25;25;1215;17;50;30;84344832;0
700;40;32;2;0;295;0;5;25;25;1215;17;50;30;84344832;0
701;40;30;170;423;297;0;239;25;25;1381;19;50;30;84344832;0
702;41;31;28;31;301;0;8;25;25;1381;19;50;30;84344832;0
703;40;32;2;0;304;0;4;25;25;1381;19;50;30;84344832;0
704;40;30;47;366;306;0;235;25;25;1348;20;50;30;84344832;0
705;40;31;95;155;310;0;5;25;25;1348;20;50;30;84344832;0
706;40;32;3;0;314;0;7;25;25;1348;20;50;30;84344832;0
707;40;31;2;88;315;0;248;25;25;1348;20;50;30;84344832;0
708;40;31;92;178;316;0;2;25;25;1355;16;50;30;84344832;0
709;40;32;3;1;317;0;3;25;25;1355;16;50;30;84344832;0
710;40;30;103;420;316;0;236;26;25;1060;20;50;30;84344832;0
711;40;31;96;160;315;0;5;25;25;1060;20;50;30;84344832;0
712;40;32;3;0;313;0;5;25;25;1060;20;50;30;84344832;0
713;40;30;10;274;310;0;239;25;25;1060;20;50;30;84344832;0
714;40;31;117;308;309;0;253;25;25;1311;18;50;30;84344832;0
715;40;32;5;0;309;0;6;25;25;1311;18;50;30;84344832;0
716;41;32;1;2;307;0;0;25;25;1311;18;50;30;84344832;0
717;40;30;138;405;305;0;243;25;25;1315;17;50;30;84344832;0
718;41;32;8;1;304;0;5;25;25;1315;17;50;30;84344832;0
719;41;32;1;0;301;0;0;25;25;1315;17;50;30;84344832;0
720;40;30;140;422;299;0;240;25;25;1166;18;50;30;84344832;0
721;41;31;29;42;300;0;6;25;25;1166;18;50;30;84344832;0
722;41;32;2;0;299;0;3;26;25;1166;18;50;30;84344832;0
723;40;30;149;394;299;0;236;25;25;1347;17;50;30;84344832;0
724;41;31;40;67;301;0;7;25;25;1347;17;50;30;84344832;0
725;41;32;3;0;303;0;5;25;25;1347;17;50;30;84344832;0
726;40;30;155;369;303;0;240;25;25;1486;19;50;30;84344832;0
727;41;31;66;126;305;0;7;25;25;1486;19;50;30;84344832;0
728;40;32;3;0;306;0;6;25;25;1486;19;50;30;84344832;0
729;40;30;9;255;306;0;241;25;25;1486;19;50;30;84344832;0
730;40;31;101;194;308;0;2;25;25;1525;18;50;30;84344832;0
731;40;32;4;1;308;0;4;26;25;1525;18;50;30;84344832;0
732;40;31;102;343;306;0;240;25;25;1148;20;50;30;84344832;0
733;41;31;53;80;305;0;6;25;25;1148;20;50;30;84344832;0
734;41;32;2;0;303;0;4;25;25;1148;20;50;30;84344832;0
735;40;30;128;361;300;0;243;25;25;1236;20;50;30;84344832;0
736;41;31;31;38;299;0;7;25;25;1236;20;50;30;84344832;0
737;41;32;2;0;298;0;5;25;25;1236;20;50;30;84344832;0
738;40;30;137;401;297;0;242;26;25;1387;19;50;30;84344832;0
739;41;31;26;30;298;0;8;25;25;1387;19;50;30;84344832;0
740;41;32;2;1;298;0;4;25;25;1387;19;50;30;84344832;0
741;40;31;123;333;298;0;244;25;25;1428;18;50;30;84344832;0
742;41;31;30;39;301;0;6;26;25;1428;18;50;30;84344832;0
743;41;32;2;1;303;0;3;26;25;1428;18;50;30;84344832;0
744;40;31;103;278;302;0;245;26;25;1254;19;50;30;84344832;0
745;41;31;55;74;303;0;5;26;25;1254;19;50;30;84344832;0
746;41;32;2;0;301;0;3;25;25;1254;19;50;30;84344832;0
747;40;30;123;361;297;0;242;25;25;1188;19;50;30;84344832;0
748;41;31;16;7;295;0;6;26;25;1188;19;50;30;84344832;0
749;41;32;1;1;293;0;1;26;25;1188;19;50;30;84344832;0
750;40;31;138;362;291;0;242;26;25;1145;18;50;30;84344832;0
751;41;32;12;4;292;0;7;26;26;1145;18;50;30;84344832;0
752;41;32;2;6;292;0;0;26;25;1145;18;50;30;84344832;0
753;40;31;141;365;293;0;244;26;25;987;20;50;30;84344832;0
754;41;32;15;4;295;0;9;26;26;987;20;50;30;84344832;0
755;41;32;2;9;297;0;1;26;25;987;20;50;30;84344832;0
756;40;30;186;481;297;0;239;26;25;1296;18;50;30;84344832;0
757;41;31;21;22;297;0;6;25;25;1296;18;50;30;84344832;0
758;41;32;2;0;298;0;3;26;25;1296;18;50;30;84344832;0
759;40;31;136;363;299;0;239;26;26;1300;18;50;30;84344832;0
760;41;31;29;27;303;0;7;25;26;1300;18;50;30;84344832;0
761;41;32;2;0;305;0;4;26;25;1300;18;50;30;84344832;0
762;41;31;30;308;305;0;238;26;25;1300;18;50;30;84344832;0
763;40;31;113;294;306;0;249;26;25;1408;17;50;30;84344832;0
764;41;32;4;0;306;0;6;26;25;1408;17;50;30;84344832;0
765;41;32;1;1;305;0;0;26;25;1408;17;50;30;84344832;0
766;40;31;122;319;304;0;245;26;25;1264;17;50;30;84344832;0
767;41;31;23;17;303;0;7;26;26;1264;17;50;30;84344832;0
768;41;32;1;1;300;0;2;26;25;1264;17;50;30;84344832;0
769;40;31;111;298;298;0;245;26;26;1333;18;50;30;84344832;0
770;41;31;28;35;297;0;4;26;25;1333;18;50;30;84344832;0
771;41;32;2;1;296;0;3;26;25;1333;18;50;30;84344832;0
772;40;31;51;267;294;0;242;26;26;1095;17;50;30;84344832;0
773;40;30;155;411;293;0;244;26;26;1095;17;50;30;84344832;0
774;41;32;5;0;291;0;7;26;26;1095;17;50;30;84344832;0
775;40;30;68;377;289;0;241;26;25;1095;17;50;30;84344832;0
776;41;31;95;161;292;0;4;26;25;1375;19;50;30;84344832;0
777;41;32;3;0;295;0;4;26;26;1375;19;50;30;84344832;0
778;40;30;155;393;298;0;239;26;26;1306;20;50;30;84344832;0
779;41;31;54;81;302;0;7;26;26;1306;20;50;30;84344832;0
780;41;32;2;1;306;0;5;26;26;1306;20;50;30;84344832;0
781;40;31;148;367;308;0;240;26;26;1319;20;50;30;84344832;0
782;41;31;48;113;311;0;2;26;26;1319;20;50;30;84344832;0
783;41;32;7;1;313;0;7;26;26;1319;20;50;30;84344832;0
784;41;32;2;12;312;0;0;26;25;1319;20;50;30;84344832;0
785;40;30;191;509;311;0;242;26;26;1464;16;50;30;84344832;0
786;41;32;15;8;306;0;10;26;26;1464;16;50;30;84344832;0
787;41;32;2;1;301;0;4;26;26;1464;16;50;30;84344832;0
788;40;31;142;352;299;0;240;26;26;1852;16;50;30;84344832;0
789;41;31;49;72;300;0;6;26;25;1852;16;50;30;84344832;0
790;41;32;3;1;300;0;5;26;26;1852;16;50;30;84344832;0
791;40;31;148;339;301;0;241;26;26;1310;19;50;30;84344832;0
792;41;31;37;50;302;0;5;26;26;1310;19;50;30;84344832;0
793;41;32;2;0;304;0;3;26;26;1310;19;50;30;84344832;0
794;40;31;141;369;305;0;242;26;26;1165;20;50;30;84344832;0
795;41;31;39;65;307;0;5;26;26;1165;20;50;30;84344832;0
796;41;32;2;0;307;0;5;26;26;1165;20;50;30;84344832;0
797;41;32;0;1;307;0;255;26;26;1165;20;50;30;84344832;0
798;40;31;137;353;308;0;246;26;26;1389;16;50;30;84344832;0
799;41;32;11;2;308;0;7;26;26;1389;16;50;30;84344832;0
800;41;32;1;3;307;0;1;26;26;1389;16;50;30;84344832;0
801;40;31;89;323;306;0;241;26;26;1432;16;50;30;84344832;0
802;40;31;102;265;307;0;251;26;26;1432;16;50;30;84344832;0
803;41;32;3;0;307;0;5;26;26;1432;16;50;30;84344832;0
804;40;31;50;258;306;0;243;26;26;1432;16;50;30;84344832;0
805;41;31;108;223;304;0;1;26;26;1182;19;50;30;84344832;0
806;41;32;3;0;302;0;5;26;26;1182;19;50;30;84344832;0
807;41;31;5;168;299;0;245;26;26;1182;19;50;30;84344832;0
808;40;31;134;361;300;0;245;26;26;1303;17;50;30;84344832;0
809;41;32;10;2;301;0;6;26;26;1303;17;50;30;84344832;0
810;41;32;1;1;301;0;2;26;26;1303;17;50;30;84344832;0
811;40;31;146;380;301;0;237;26;26;1356;16;50;30;84344832;0
812;40;31;134;274;303;0;3;26;26;1356;16;50;30;84344832;0
813;41;31;25;42;304;0;3;26;26;1356;16;50;30;84344832;0
814;41;32;2;0;304;0;5;26;26;1356;16;50;30;84344832;0
815;40;31;161;431;301;0;241;26;26;2293;14;50;30;84344832;0
816;41;31;28;30;298;0;7;26;26;2293;14;50;30;84344832;0
817;41;32;2;0;294;0;6;26;26;2293;14;50;30;84344832;0
818;40;31;144;406;294;0;239;26;26;1218;19;50;30;84344832;0
819;41;31;37;71;296;0;4;26;26;1218;19;50;30;84344832;0
820;41;31;9;72;298;0;0;26;26;1218;19;50;30;84344832;0
821;40;30;159;412;301;0;241;26;26;1168;26;50;30;84344832;0
822;41;32;8;1;305;0;7;26;26;1168;26;50;30;84344832;0
823;41;32;1;0;307;0;4;26;26;1168;26;50;30;84344832;0
824;40;30;154;413;310;0;243;26;26;1352;16;50;30;84344832;0
825;41;31;24;29;313;0;6;26;26;1352;16;50;30;84344832;0
826;41;32;2;0;315;0;5;26;26;1352;16;50;30;84344832;0
827;40;31;131;335;315;0;244;26;26;1434;18;50;30;84344832;0
828;41;31;55;93;315;0;5;26;26;1434;18;50;30;84344832;0
829;41;32;2;1;313;0;4;26;26;1434;18;50;30;84344832;0
830;41;31;2;168;310;0;244;26;26;1434;18;50;30;84344832;0
831;40;31;105;285;308;0;249;26;26;1244;16;50;30;84344832;0
832;41;32;5;1;306;0;6;26;26;1244;16;50;30;84344832;0
833;41;32;2;2;302;0;0;26;26;1244;16;50;30;84344832;0
834;40;31;109;292;299;0;247;26;26;1092;17;50;30;84344832;0
835;41;32;10;2;298;0;8;26;26;1092;17;50;30;84344832;0
836;41;32;2;6;296;0;0;26;26;1092;17;50;30;84344832;0
837;40;31;135;301;294;0;244;26;26;1096;17;50;30;84344832;0
838;41;32;9;2;293;0;6;26;26;1096;17;50;30;84344832;0
839;40;31;87;307;293;0;242;26;26;702;26;50;30;84344832;0
840;41;31;63;93;293;0;4;26;26;702;26;50;30;84344832;0
841;40;32;2;1;293;0;2;26;26;702;26;50;30;84344832;0
842;40;31;93;235;293;0;245;26;26;1017;19;50;30;84344832;0
843;41;32;11;2;295;0;5;26;26;1017;19;50;30;84344832;0
844;40;31;94;299;296;0;242;26;26;632;27;50;30;84344832;0
845;40;31;117;292;297;0;248;26;26;632;27;50;30;84344832;0
846;40;32;4;0;297;0;6;26;26;632;27;50;30;84344832;0
847;40;32;1;5;297;0;254;26;26;632;27;50;30;84344832;0
848;40;31;168;413;298;0;242;26;26;1201;18;50;30;84344832;0
849;40;32;5;0;302;0;7;26;26;1201;18;50;30;84344832;0
850;40;32;1;3;303;0;0;26;26;1201;18;50;30;84344832;0
851;40;31;148;383;306;0;242;26;26;1388;17;50;30;84344832;0
852;40;32;16;5;310;0;7;26;26;1388;17;50;30;84344832;0
853;40;32;1;1;313;0;2;26;26;1388;17;50;30;84344832;0
854;40;31;131;318;312;0;240;26;26;1218;17;50;30;84344832;0
855;40;31;111;234;312;0;0;26;26;1218;17;50;30;84344832;0
856;40;32;3;0;311;0;6;26;26;1218;17;50;30;84344832;0
857;40;32;7;144;309;0;250;26;26;1218;17;50;30;84344832;0
858;40;31;132;360;308;0;244;26;26;1343;17;50;30;84344832;0
859;40;32;8;1;307;0;9;26;26;1343;17;50;30;84344832;0
860;40;31;15;35;305;0;0;26;26;1360;22;50;30;84344832;0
861;40;30;166;445;305;0;240;26;26;1360;22;50;30;84344832;0
862;40;32;10;2;308;0;9;26;26;1360;22;50;30;84344832;0
863;40;32;2;3;311;0;4;26;26;1360;22;50;30;84344832;0
864;40;31;152;407;312;0;243;26;26;1304;15;50;30;84344832;0
865;40;32;10;2;314;0;9;26;26;1304;15;50;30;84344832;0
866;40;32;2;5;314;0;2;26;26;1304;15;50;30;84344832;0
867;40;31;134;368;313;0;244;26;26;1410;18;50;30;84344832;0
868;40;32;19;12;311;0;7;26;26;1410;18;50;30;84344832;0
869;40;32;2;1;308;0;3;26;26;1410;18;50;30;84344832;0
870;40;31;127;349;305;0;243;26;26;1262;19;50;30;84344832;0
871;40;32;24;20;301;0;6;26;26;1262;19;50;30;84344832;0
872;40;32;2;1;297;0;2;26;26;1262;19;50;30;84344832;0
873;40;31;124;336;293;0;243;26;26;1188;19;50;30;84344832;0
874;40;31;35;48;292;0;6;26;26;1188;19;50;30;84344832;0
875;40;32;2;1;291;0;2;26;26;1188;19;50;30;84344832;0
876;40;31;123;303;291;0;245;26;26;1225;19;50;30;84344832;0
877;40;32;17;8;293;0;7;26;26;1225;19;50;30;84344832;0
878;40;32;2;1;294;0;1;26;26;1225;19;50;30;84344832;0
879;40;31;127;309;294;0;243;26;26;1005;19;50;30;84344832;0
880;40;32;26;17;296;0;7;26;26;1005;19;50;30;84344832;0
881;40;32;2;1;297;0;1;26;26;1005;19;50;30;84344832;0
882;40;31;128;325;298;0;242;26;26;1130;19;50;30;84344832;0
883;40;31;45;50;300;0;5;26;26;1130;19;50;30;84344832;0
884;40;32;2;0;302;0;5;26;26;1130;19;50;30;84344832;0
885;40;31;67;248;302;0;242;26;26;1098;20;50;30;84344832;0
886;40;32;4;1;302;0;0;26;26;1098;20;50;30;84344832;0
887;40;31;151;335;300;0;242;26;26;547;23;50;30;84344832;0
888;40;31;33;45;296;0;5;26;26;547;23;50;30;84344832;0
889;40;32;2;0;294;0;3;26;26;547;23;50;30;84344832;0
890;40;31;133;338;294;0;243;26;26;1046;21;50;30;84344832;0
891;40;32;20;22;296;0;5;26;26;1046;21;50;30;84344832;0
892;40;32;5;6;299;0;0;26;26;1046;21;50;30;84344832;0
893;40;31;168;426;302;0;241;26;26;1179;20;50;30;84344832;0
894;40;32;6;1;306;0;5;26;26;1179;20;50;30;84344832;0
895;40;32;7;158;308;0;246;26;26;1179;20;50;30;84344832;0
896;40;31;67;112;310;0;4;26;26;1028;22;50;30;84344832;0
897;40;32;3;0;314;0;4;26;26;1028;22;50;30;84344832;0
898;40;31;31;327;315;0;238;26;26;1028;22;50;30;84344832;0
899;40;31;61;91;317;0;4;26;26;1046;20;50;30;84344832;0
900;40;32;3;0;318;0;2;26;26;1046;20;50;30;84344832;0
901;40;32;2;5;318;0;241;26;26;1046;20;50;30;84344832;0
902;40;31;24;50;319;0;2;26;26;1206;18;50;30;84344832;0
903;40;31;157;341;321;0;244;26;26;673;33;50;30;84344832;0
904;40;31;31;39;321;0;6;26;26;673;33;50;30;84344832;0
905;40;31;8;33;319;0;1;26;26;673;33;50;30;84344832;0
906;40;31;135;423;315;0;241;26;26;1106;21;50;30;84344832;0
907;40;32;9;1;313;0;7;26;26;1106;21;50;30;84344832;0
908;40;32;1;1;310;0;3;26;26;1106;21;50;30;84344832;0
909;40;31;132;390;307;0;244;26;26;987;20;50;30;84344832;0
910;40;32;15;6;306;0;8;26;26;987;20;50;30;84344832;0
911;40;32;1;0;303;0;2;26;26;987;20;50;30;84344832;0
912;40;31;124;352;300;0;243;26;26;1200;19;50;30;84344832;0
913;40;32;10;5;299;0;3;26;26;1200;19;50;30;84344832;0
914;40;32;1;1;298;0;0;26;26;1200;19;50;30;84344832;0
915;40;31;108;185;298;0;5;26;26;1215;20;50;30;84344832;0
916;40;32;7;2;300;0;2;26;26;1215;20;50;30;84344832;0
917;40;32;0;2;302;0;0;26;26;1215;20;50;30;84344832;0
918;40;33;0;0;305;0;0;26;26;1215;20;50;30;84344832;0
919;40;30;165;458;309;0;236;26;26;1202;13;50;30;84344832;0
920;40;32;17;12;313;0;6;26;26;1202;13;50;30;84344832;0
921;40;32;2;16;313;0;0;26;26;1202;13;50;30;84344832;0
922;40;31;92;450;314;0;236;26;26;1202;13;50;30;84344832;0
923;40;31;129;326;315;0;254;26;26;1338;17;50;30;84344832;0
924;40;32;4;0;315;0;7;26;26;1338;17;50;30;84344832;0
925;40;31;138;384;312;0;242;26;26;1371;20;50;30;84344832;0
926;40;31;69;118;311;0;5;26;26;1371;20;50;30;84344832;0
927;40;32;3;0;309;0;6;26;26;1371;20;50;30;84344832;0
928;40;31;80;364;305;0;239;26;26;1277;19;50;30;84344832;0
929;40;31;52;109;303;0;5;26;26;1277;19;50;30;84344832;0
930;40;32;10;4;301;0;4;26;26;1277;19;50;30;84344832;0
931;40;31;12;361;298;0;236;26;26;1277;19;50;30;84344832;0
932;40;31;136;287;298;0;2;26;26;1516;18;50;30;84344832;0
933;40;32;5;0;297;0;6;26;26;1516;18;50;30;84344832;0
934;40;32;1;3;295;0;0;26;26;1516;18;50;30;84344832;0
935;40;32;10;0;296;0;0;26;26;1357;16;50;30;84344832;0
936;40;32;29;17;299;0;0;26;26;90;42;50;30;84344832;0
937;40;31;163;486;301;0;235;26;26;141;82;50;30;84344832;0
938;40;32;21;28;298;0;5;26;26;141;82;50;30;84344832;0
939;40;33;2;0;293;0;2;26;26;141;82;50;30;84344832;0
940;40;31;123;325;292;0;244;26;26;1447;18;50;30;84344832;0
941;40;32;15;12;293;0;5;26;26;1447;18;50;30;84344832;0
942;40;33;2;1;293;0;1;26;26;1447;18;50;30;84344832;0
943;40;31;124;377;294;0;241;26;26;1106;21;50;30;84344832;0
944;40;32;19;15;297;0;3;26;26;1106;21;50;30;84344832;0
945;40;33;2;0;298;0;1;26;26;1106;21;50;30;84344832;0
946;40;31;120;297;299;0;249;26;26;1171;20;50;30;84344832;0
947;40;32;6;1;302;0;5;26;26;1171;20;50;30;84344832;0
948;40;32;2;207;302;0;238;26;26;1171;20;50;30;84344832;0
949;40;31;157;410;303;0;248;26;26;1118;20;50;30;84344832;0
950;40;32;8;2;303;0;5;26;26;1118;20;50;30;84344832;0
951;40;33;1;0;303;0;2;26;26;1118;20;50;30;84344832;0
952;40;31;122;349;305;0;245;26;26;1388;17;50;30;84344832;0
953;40;32;13;7;307;0;5;26;26;1388;17;50;30;84344832;0
954;40;31;8;231;306;0;246;26;26;1388;17;50;30;84344832;0
955;40;31;113;329;303;0;248;26;26;1125;21;50;30;84344832;0
956;40;32;9;3;300;0;2;26;26;1125;21;50;30;84344832;0
957;40;33;1;0;296;0;0;26;26;1125;21;50;30;84344832;0
958;40;31;108;293;295;0;248;26;26;1074;17;50;30;84344832;0
959;40;32;15;7;296;0;6;26;26;1074;17;50;30;84344832;0
960;40;33;1;0;295;0;4;26;26;1074;17;50;30;84344832;0
961;40;31;128;354;293;0;243;26;26;1204;18;50;30;84344832;0
962;40;32;25;26;294;0;5;26;26;1204;18;50;30;84344832;0
963;40;32;2;0;293;0;6;26;26;1204;18;50;30;84344832;0
964;40;31;10;225;293;0;238;26;26;1113;19;50;30;84344832;0
965;40;31;136;344;294;0;246;26;26;167;86;50;30;84344832;0
966;40;32;7;1;296;0;7;26;26;167;86;50;30;84344832;0
967;40;31;11;285;297;0;240;26;26;167;86;50;30;84344832;0
968;40;31;102;261;300;0;250;26;26;1210;20;50;30;84344832;0
969;40;32;4;0;304;0;5;26;26;1210;20;50;30;84344832;0
970;40;32;0;99;304;0;244;26;26;1210;20;50;30;84344832;0
971;40;31;107;245;304;0;253;26;26;1079;18;50;30;84344832;0
972;40;32;4;0;304;0;3;26;26;1079;18;50;30;84344832;0
973;40;31;5;197;304;0;246;26;26;1079;18;50;30;84344832;0
974;40;31;114;184;304;0;1;26;26;935;20;50;30;84344832;0
975;40;32;10;21;303;0;0;26;26;935;20;50;30;84344832;0
976;40;33;1;0;302;0;0;26;26;935;20;50;30;84344832;0
977;40;31;140;370;304;0;240;26;26;983;15;50;30;84344832;0
978;40;32;38;60;308;0;3;26;26;983;15;50;30;84344832;0
979;40;32;2;4;310;0;0;26;26;983;15;50;30;84344832;0
980;40;31;7;337;311;0;232;26;26;983;15;50;30;84344832;0
981;40;32;39;62;311;0;4;26;26;1187;18;50;30;84344832;0
982;40;33;2;0;312;0;7;26;26;1187;18;50;30;84344832;0
983;40;31;45;292;311;0;243;26;26;874;20;50;30;84344832;0
984;40;31;99;214;312;0;0;26;26;874;20;50;30;84344832;0
985;40;33;3;0;311;0;4;26;26;874;20;50;30;84344832;0
986;40;31;17;211;309;0;244;26;26;874;20;50;30;84344832;0
987;40;31;101;252;307;0;251;26;26;1140;19;50;30;84344832;0
988;40;33;3;0;303;0;4;26;26;1140;19;50;30;84344832;0
989;40;32;1;4;297;0;0;26;26;1140;19;50;30;84344832;0
990;40;31;115;287;294;0;243;26;26;957;15;50;30;84344832;0
991;40;32;14;7;292;0;5;26;26;957;15;50;30;84344832;0
992;40;33;2;2;292;0;0;26;26;957;15;50;30;84344832;0
993;40;31;125;294;291;0;242;26;26;1009;19;50;30;84344832;0
994;40;32;28;34;292;0;4;26;26;1009;19;50;30;84344832;0
995;40;32;2;5;293;0;0;26;26;1009;19;50;30;84344832;0
996;40;31;150;306;295;0;245;26;26;1082;19;50;30;84344832;0
997;40;32;39;44;300;0;3;26;26;1082;19;50;30;84344832;0
998;40;33;2;0;304;0;4;26;26;1082;19;50;30;84344832;0
999;40;31;46;276;305;0;242;26;26;958;18;50;30;84344832;0
1000;40;31;110;277;305;0;247;26;26;958;18;50;30;84344832;0
1001;40;32;5;1;305;0;4;26;26;958;18;50;30;84344832;0
1002;40;33;1;1;302;0;0;26;26;958;18;50;30;84344832;0
1003;40;31;89;212;301;0;251;26;26;1124;18;50;30;84344832;0
1004;40;32;15;20;300;0;1;26;26;1124;18;50;30;84344832;0
1005;40;33;1;0;298;0;0;26;26;1124;18;50;30;84344832;0
1006;40;33;0;0;296;0;0;26;26;1124;18;50;30;84344832;0
1007;40;31;79;329;297;0;240;26;26;1124;18;50;30;84344832;0
1008;40;32;52;63;299;0;7;26;26;898;12;50;30;84344832;0
1009;40;32;4;76;301;0;2;26;26;898;12;50;30;84344832;0
1010;40;32;3;2;301;0;255;26;26;854;26;50;30;84344832;0
1011;40;31;123;237;302;0;0;26;26;181;53;50;30;84344832;0
1012;40;33;4;0;303;0;4;26;26;181;53;50;30;84344832;0
1013;40;31;18;230;303;0;243;26;26;181;53;50;30;84344832;0
1014;40;31;168;454;304;0;242;26;26;978;21;50;30;84344832;0
1015;40;32;5;1;307;0;6;26;26;978;21;50;30;84344832;0
1016;40;32;2;137;307;0;245;26;26;978;21;50;30;84344832;0
1017;40;31;137;346;309;0;248;26;26;1230;18;50;30;84344832;0
1018;40;32;6;1;312;0;6;26;26;1230;18;50;30;84344832;0
1019;40;33;1;2;311;0;0;26;26;1230;18;50;30;84344832;0
1020;40;31;121;317;310;0;246;26;26;1229;18;50;30;84344832;0
1021;40;32;12;5;309;0;5;26;26;1229;18;50;30;84344832;0
1022;40;33;1;0;306;0;3;26;26;1229;18;50;30;84344832;0
1023;40;31;108;276;305;0;246;26;26;1198;18;50;30;84344832;0
1024;40;32;11;4;305;0;4;26;26;1198;18;50;30;84344832;0
1025;40;33;2;8;304;0;1;26;26;1198;18;50;30;84344832;0
1026;40;31;69;120;302;0;1;26;26;1095;19;50;30;84344832;0
1027;40;32;13;28;299;0;0;26;26;1095;19;50;30;84344832;0
1028;40;33;0;0;298;0;0;26;26;1095;19;50;30;84344832;0
1029;40;31;106;159;300;0;0;26;26;824;17;50;30;84344832;0
1030;40;32;10;6;303;0;0;26;26;824;17;50;30;84344832;0
1031;40;33;3;2;305;0;0;26;26;824;17;50;30;84344832;0
1032;40;32;27;16;307;0;0;26;26;536;18;50;30;84344832;0
1033;40;31;78;366;309;0;235;26;26;536;18;50;30;84344832;0
1034;40;32;40;60;305;0;7;26;26;198;49;50;30;84344832;0
1035;40;33;3;0;295;0;4;26;26;198;49;50;30;84344832;0
1036;40;31;23;189;288;0;246;26;26;1169;20;50;30;84344832;0
1037;40;32;22;42;290;0;1;26;26;1169;20;50;30;84344832;0
1038;40;33;3;0;295;0;1;26;26;1169;20;50;30;84344832;0
1039;40;31;95;255;298;0;242;26;26;749;19;50;30;84344832;0
1040;40;32;25;20;303;0;6;26;26;749;19;50;30;84344832;0
1041;40;32;1;95;306;0;247;26;26;749;19;50;30;84344832;0
1042;40;32;20;46;309;0;0;26;26;1111;23;50;30;84344832;0
1043;40;32;4;1;312;0;255;26;26;1111;23;50;30;84344832;0
1044;40;33;1;0;315;0;2;26;26;1111;23;50;30;84344832;0
1045;40;31;196;521;320;0;234;26;26;697;16;50;30;84344832;0
1046;40;32;37;61;325;0;6;26;26;697;16;50;30;84344832;0
1047;40;32;33;83;326;0;0;26;26;697;16;50;30;84344832;0
1048;40;32;7;8;324;0;0;26;26;697;16;50;30;84344832;0
1049;40;33;0;3;321;0;0;26;26;697;16;50;30;84344832;0
1050;40;33;0;0;320;0;0;26;26;697;16;50;30;84344832;0
1051;40;33;2;2;321;0;0;26;26;697;16;50;30;84344832;0
1052;40;33;0;0;323;0;0;26;26;697;16;50;30;84344832;0
1053;40;32;27;47;325;0;0;26;26;1787;8;50;30;84344832;0
1054;40;32;5;2;329;0;255;26;26;1787;8;50;30;84344832;0
1055;40;31;107;422;328;0;236;26;26;1787;8;50;30;84344832;0
1056;40;31;106;209;327;0;6;26;26;430;23;50;30;84344832;0
1057;40;33;4;0;324;0;6;26;26;430;23;50;30;84344832;0
1058;40;31;40;324;320;0;241;26;26;1576;20;50;30;84344832;0
1059;40;31;102;287;315;0;0;26;26;1576;20;50;30;84344832;0
1060;40;33;0;0;331;0;2;26;26;0;0;50;30;84279296;0
