# time;P_O2, atm;P_He, atm;Flow O2, l/min;Flow He, l/min;FiO2 Env, %;FiO2 sens2, %;P mask, cm H2O;Tmask, gradC;Tnagr, gradC;V, ml;f, 1/min;Tzad, gradC;FiO2 zad, %;Flags;
# POWERON 11.12.2018 14:55:23
1;0;20;0;4;0;0;255;135;135;0;0;40;30;84279808;0
5;0;20;0;4;0;0;255;135;135;0;0;40;30;84279840;0
# POWERON 11.12.2018 14:56:18
1;0;19;0;4;0;0;255;135;135;0;0;40;30;84279808;0
5;0;19;0;4;0;0;255;135;135;0;0;40;30;84279840;0
16;0;0;0;0;334;0;255;135;135;0;0;40;30;84279808;0
77;0;0;0;6;1000;0;241;135;135;0;0;40;30;84279808;0
108;0;0;0;11;780;0;248;135;135;0;0;40;30;84279312;0
# POWERON 11.12.2018 15:00:15
1;0;0;0;4;0;0;255;135;135;0;0;40;30;84279808;0
62;0;0;0;4;1000;0;241;135;135;0;0;40;30;84279808;0
96;0;0;0;5;709;0;249;135;135;0;0;40;30;84279312;0
# POWERON 11.12.2018 15:03:58
1;0;0;0;5;0;0;255;135;135;0;0;40;30;84279808;0
62;0;0;0;7;1000;0;242;135;135;0;0;40;30;84279808;0
96;0;0;0;5;690;0;249;135;135;0;0;40;30;84279312;0
# POWERON 11.12.2018 15:06:16
1;0;0;0;5;0;0;255;135;135;0;0;40;30;84279808;0
50;0;0;0;5;664;0;246;135;135;0;0;40;30;84279301;0
111;0;0;0;5;210;0;255;135;135;0;0;40;30;84279301;0
158;41;0;0;5;210;0;255;135;135;0;0;40;30;84279300;0
182;41;36;0;5;210;0;255;135;135;0;0;40;30;84279296;0
201;41;35;0;6;190;0;255;135;135;0;0;40;30;84344832;0
202;41;35;0;6;190;0;255;135;135;0;0;40;30;84344832;0
203;41;35;0;6;190;0;255;135;135;0;0;40;30;84344832;0
204;41;35;0;5;190;0;255;135;135;0;0;40;30;84344832;0
205;41;35;1;5;190;0;255;135;135;0;0;40;30;84344832;0
206;41;35;1;5;190;0;255;135;135;0;0;40;30;84344832;0
207;41;35;0;0;190;0;0;135;135;0;0;40;30;84344832;0
208;41;35;0;5;190;0;255;135;135;0;0;40;30;84344832;0
209;41;33;132;291;190;0;244;135;135;0;0;40;30;84344832;0
210;41;34;6;0;191;0;8;135;135;0;0;40;30;84344832;0
211;41;33;88;200;198;0;247;135;135;823;25;40;30;84344832;0
212;41;33;103;121;217;0;0;135;135;823;25;40;30;84344832;0
213;41;34;0;12;237;0;0;135;135;823;25;40;30;84344832;0
214;41;34;1;0;254;0;5;135;135;823;25;40;30;84344832;0
215;41;33;26;111;273;0;249;135;135;835;14;40;30;84344832;0
216;41;34;15;4;292;0;4;135;135;835;14;40;30;84344832;0
217;41;34;1;0;308;0;255;135;135;835;14;40;30;84344832;0
218;41;33;75;123;320;0;250;135;135;313;20;40;30;84344832;0
219;41;34;4;0;329;0;0;135;135;313;20;40;30;84344832;0
220;41;34;1;0;332;0;4;135;135;313;20;40;30;84344832;0
221;41;34;0;17;331;0;250;135;135;313;20;40;30;84344832;0
222;41;34;30;23;329;0;0;135;135;314;16;40;30;84344832;0
223;41;34;2;0;328;0;0;135;135;314;16;40;30;84344832;0
224;41;33;48;70;325;0;255;135;135;423;27;40;30;84344832;0
225;41;34;2;0;320;0;3;135;135;423;27;40;30;84344832;0
226;41;33;77;166;315;0;250;135;135;381;25;40;30;84344832;0
227;41;34;8;1;311;0;12;135;135;381;25;40;30;84344832;0
228;41;34;3;81;306;0;250;135;135;381;25;40;30;84344832;0
229;41;34;11;1;303;0;1;135;135;427;23;40;30;84344832;0
230;41;34;1;0;301;0;0;135;135;427;23;40;30;84344832;0
231;41;34;0;0;292;0;255;135;135;427;23;40;30;84344832;0
232;41;34;0;2;277;0;0;135;135;427;23;40;30;84344832;0
233;41;34;0;0;264;0;255;135;135;427;23;40;30;84344832;0
234;41;34;0;0;255;0;255;135;135;427;23;40;30;84344832;0
235;41;34;0;0;252;0;255;135;135;427;23;40;30;84344832;0
236;41;34;2;1;254;0;0;135;135;158;8;40;30;84344832;0
237;41;34;3;1;262;0;0;135;135;158;8;40;30;84344832;0
238;41;33;221;443;273;0;247;135;135;189;26;40;30;84344832;0
239;41;34;9;1;286;0;9;135;135;189;26;40;30;84344832;0
240;41;34;7;10;300;0;0;135;135;1058;26;40;30;84344832;0
241;41;34;1;0;314;0;0;135;135;1058;26;40;30;84344832;0
242;41;33;42;75;327;0;0;135;135;89;34;40;30;84344832;0
243;41;34;3;0;337;0;1;135;135;89;34;40;30;84344832;0
244;41;34;0;2;343;0;252;135;135;89;34;40;30;84344832;0
245;41;34;50;87;349;0;0;135;135;520;20;40;30;84344832;0
246;41;34;2;0;353;0;2;135;135;520;20;40;30;84344832;0
247;41;33;45;180;351;0;247;135;135;572;21;40;30;84344832;0
248;41;34;12;1;345;0;8;135;135;572;21;40;30;84344832;0
249;41;34;1;1;336;0;0;135;135;572;21;40;30;84344832;0
250;41;34;42;52;327;0;2;135;135;534;23;40;30;84344832;0
251;41;34;2;3;317;0;0;135;135;534;23;40;30;84344832;0
252;41;33;112;278;313;0;247;135;135;582;25;40;30;84344832;0
253;41;34;6;0;312;0;10;135;135;582;25;40;30;84344832;0
254;41;33;15;216;310;0;242;135;135;582;25;40;30;84344832;0
255;41;34;30;22;309;0;4;135;135;736;23;40;30;84344832;0
256;41;34;2;4;307;0;0;135;135;736;23;40;30;84344832;0
257;41;33;63;130;305;0;254;135;135;600;25;40;30;84344832;0
258;41;34;3;0;304;0;2;135;135;600;25;40;30;84344832;0
259;41;33;28;341;303;0;234;135;135;600;25;40;30;84344832;0
260;41;34;19;10;303;0;6;135;135;638;21;40;30;84344832;0
261;41;34;2;9;302;0;0;135;135;638;21;40;30;84344832;0
262;41;33;101;223;303;0;249;135;135;637;22;40;30;84344832;0
263;41;34;6;0;305;0;8;135;135;637;22;40;30;84344832;0
264;41;34;1;1;306;0;255;135;135;637;22;40;30;84344832;0
265;41;33;85;242;306;0;247;135;135;624;20;40;30;84344832;0
266;41;34;3;0;306;0;5;135;135;624;20;40;30;84344832;0
267;41;34;3;2;304;0;0;135;135;624;20;40;30;84344832;0
268;41;33;151;378;304;0;239;135;135;774;16;40;30;84344832;0
269;41;34;11;2;305;0;10;135;135;774;16;40;30;84344832;0
270;41;34;2;8;306;0;0;135;135;774;16;40;30;84344832;0
271;41;33;56;118;307;0;254;135;135;702;23;40;30;84344832;0
272;41;34;2;0;308;0;1;135;135;702;23;40;30;84344832;0
273;41;33;40;272;308;0;241;135;135;702;23;40;30;84344832;0
274;41;34;15;5;309;0;7;135;135;538;22;40;30;84344832;0
275;41;34;2;2;308;0;0;135;135;538;22;40;30;84344832;0
276;41;33;55;118;306;0;254;135;135;514;23;40;30;84344832;0
277;41;35;3;0;306;0;3;135;135;514;23;40;30;84344832;0
278;41;34;3;94;304;0;246;135;135;514;23;40;30;84344832;0
279;41;34;29;27;303;0;1;135;135;448;21;40;30;84344832;0
280;41;35;2;1;302;0;0;135;135;448;21;40;30;84344832;0
281;41;33;67;262;301;0;242;135;135;465;21;40;30;84344832;0
282;41;34;11;2;300;0;9;135;135;465;21;40;30;84344832;0
283;41;35;1;0;300;0;0;135;135;465;21;40;30;84344832;0
284;41;33;105;228;301;0;247;135;135;482;20;40;30;84344832;0
285;41;34;5;0;301;0;10;135;135;482;20;40;30;84344832;0
286;41;34;1;2;301;0;255;135;135;482;20;40;30;84344832;0
287;41;34;47;66;303;0;1;135;135;528;22;40;30;84344832;0
288;41;35;2;1;305;0;0;135;135;528;22;40;30;84344832;0
289;41;33;133;381;304;0;239;135;135;439;21;40;30;84344832;0
290;41;34;12;6;301;0;1;135;135;439;21;40;30;84344832;0
291;41;35;1;1;299;0;0;135;135;439;21;40;30;84344832;0
292;41;33;117;301;298;0;243;135;135;654;20;40;30;84344832;0
293;41;34;5;0;299;0;8;135;135;654;20;40;30;84344832;0
294;41;34;2;8;298;0;0;135;135;654;20;40;30;84344832;0
295;41;33;55;115;299;0;254;135;135;690;22;40;30;84344832;0
296;41;34;3;0;301;0;4;135;135;690;22;40;30;84344832;0
297;41;33;103;281;301;0;244;135;135;592;22;40;30;84344832;0
298;41;34;10;1;302;0;11;135;135;592;22;40;30;84344832;0
299;41;35;1;1;301;0;0;135;135;592;22;40;30;84344832;0
300;41;33;79;151;299;0;252;135;135;585;21;40;30;84344832;0
301;41;34;4;0;297;0;6;135;135;585;21;40;30;84344832;0
302;41;34;1;2;296;0;0;135;135;585;21;40;30;84344832;0
303;41;34;50;82;298;0;0;135;135;544;20;40;30;84344832;0
304;41;34;2;0;301;0;1;135;135;544;20;40;30;84344832;0
305;41;34;1;1;302;0;255;135;135;544;20;40;30;84344832;0
306;41;33;55;112;305;0;254;135;135;536;20;40;30;84344832;0
307;41;34;2;0;306;0;3;135;135;536;20;40;30;84344832;0
308;41;33;11;179;307;0;244;135;135;536;20;40;30;84344832;0
309;41;34;17;5;307;0;5;135;135;523;21;40;30;84344832;0
310;41;34;2;3;306;0;0;135;135;523;21;40;30;84344832;0
311;41;34;0;1;305;0;0;135;135;523;21;40;30;84344832;0
312;41;33;74;168;303;0;251;135;135;593;16;40;30;84344832;0
313;41;34;5;0;302;0;7;135;135;593;16;40;30;84344832;0
314;41;34;1;1;301;0;255;135;135;593;16;40;30;84344832;0
315;41;33;53;111;298;0;254;135;135;568;21;40;30;84344832;0
316;41;34;3;0;296;0;4;135;135;568;21;40;30;84344832;0
317;41;33;23;283;294;0;239;135;135;568;21;40;30;84344832;0
318;41;34;24;17;294;0;2;135;135;593;20;40;30;84344832;0
319;41;35;2;2;295;0;0;135;135;593;20;40;30;84344832;0
320;41;33;85;274;295;0;242;135;135;517;21;40;30;84344832;0
321;41;34;12;2;296;0;10;135;135;517;21;40;30;84344832;0
322;41;34;1;2;295;0;0;135;135;517;21;40;30;84344832;0
323;41;33;75;162;295;0;249;135;135;497;21;40;30;84344832;0
324;41;34;5;0;295;0;7;135;135;497;21;40;30;84344832;0
325;41;34;1;1;294;0;255;135;135;497;21;40;30;84344832;0
326;41;33;48;310;293;0;237;135;135;542;16;40;30;84344832;0
327;41;34;18;5;293;0;7;135;135;542;16;40;30;84344832;0
328;41;34;2;5;293;0;0;135;135;542;16;40;30;84344832;0
329;41;33;123;255;295;0;244;135;135;613;19;40;30;84344832;0
330;41;34;20;6;297;0;10;135;135;613;19;40;30;84344832;0
331;41;34;2;9;298;0;0;135;135;613;19;40;30;84344832;0
332;41;33;87;167;300;0;250;135;135;595;22;40;30;84344832;0
333;41;34;4;0;302;0;6;135;135;595;22;40;30;84344832;0
334;41;34;1;1;302;0;255;135;135;595;22;40;30;84344832;0
335;41;33;141;291;304;0;245;135;135;554;17;40;30;84344832;0
336;41;34;7;0;308;0;10;135;135;554;17;40;30;84344832;0
337;41;34;2;2;310;0;252;135;135;554;17;40;30;84344832;0
338;41;34;39;50;312;0;1;135;135;607;23;40;30;84344832;0
339;41;35;2;0;313;0;1;135;135;607;23;40;30;84344832;0
340;41;34;1;0;313;0;255;135;135;607;23;40;30;84344832;0
341;41;34;32;37;316;0;2;135;135;573;19;40;30;84344832;0
342;41;34;2;4;319;0;0;135;135;573;19;40;30;84344832;0
343;41;34;1;8;321;0;253;135;135;573;19;40;30;84344832;0
344;41;33;76;125;324;0;253;135;135;467;19;40;30;84344832;0
345;41;35;2;0;326;0;1;135;135;467;19;40;30;84344832;0
346;41;34;2;110;326;0;245;135;135;467;19;40;30;84344832;0
347;41;34;15;4;326;0;6;135;135;460;21;40;30;84344832;0
348;41;34;2;7;326;0;0;135;135;460;21;40;30;84344832;0
349;41;33;103;258;325;0;246;135;135;540;22;40;30;84344832;0
350;41;34;5;0;322;0;6;135;135;540;22;40;30;84344832;0
351;41;34;1;4;316;0;253;135;135;540;22;40;30;84344832;0
352;41;33;47;110;312;0;253;135;135;498;22;40;30;84344832;0
353;41;35;3;0;309;0;3;135;135;498;22;40;30;84344832;0
354;41;33;37;220;304;0;244;135;135;451;22;40;30;84344832;0
355;41;34;9;1;301;0;8;135;135;451;22;40;30;84344832;0
356;41;34;1;2;298;0;0;135;135;451;22;40;30;84344832;0
357;41;33;98;221;298;0;248;135;135;484;21;40;30;84344832;0
358;41;34;4;0;299;0;5;135;135;484;21;40;30;84344832;0
359;41;34;1;1;300;0;0;135;135;484;21;40;30;84344832;0
360;41;33;115;225;300;0;248;135;135;600;17;40;30;84344832;0
361;41;34;8;1;300;0;9;135;135;600;17;40;30;84344832;0
362;41;34;2;2;299;0;0;135;135;600;17;40;30;84344832;0
363;41;33;64;132;297;0;253;135;135;515;21;40;30;84344832;0
364;41;35;3;0;296;0;4;135;135;515;21;40;30;84344832;0
365;41;34;0;62;295;0;248;135;135;515;21;40;30;84344832;0
366;41;33;40;94;296;0;0;135;135;512;21;40;30;84344832;0
367;41;35;2;3;298;0;0;135;135;512;21;40;30;84344832;0
368;41;33;62;230;297;0;243;135;135;484;21;40;30;84344832;0
369;41;34;10;3;297;0;0;135;135;484;21;40;30;84344832;0
370;41;35;1;0;295;0;0;135;135;484;21;40;30;84344832;0
371;41;33;129;283;295;0;245;135;135;463;20;40;30;84344832;0
372;41;34;4;0;296;0;6;135;135;463;20;40;30;84344832;0
373;41;34;1;1;297;0;0;135;135;463;20;40;30;84344832;0
374;41;33;101;218;301;0;249;135;135;552;20;40;30;84344832;0
375;41;34;5;0;304;0;7;135;135;552;20;40;30;84344832;0
376;41;34;3;86;306;0;247;135;135;552;20;40;30;84344832;0
377;41;34;23;10;308;0;4;135;135;584;23;40;30;84344832;0
378;41;35;2;0;308;0;0;135;135;584;23;40;30;84344832;0
379;41;33;130;279;305;0;244;135;135;486;21;40;30;84344832;0
380;41;34;7;1;301;0;8;135;135;486;21;40;30;84344832;0
381;41;34;1;2;298;0;0;135;135;486;21;40;30;84344832;0
382;41;33;79;165;298;0;250;135;135;566;20;40;30;84344832;0
383;41;35;4;0;299;0;5;135;135;566;20;40;30;84344832;0
384;41;34;2;20;299;0;249;135;135;566;20;40;30;84344832;0
385;41;34;17;6;298;0;4;135;135;522;21;40;30;84344832;0
386;41;35;2;1;296;0;0;135;135;522;21;40;30;84344832;0
387;41;33;4;212;294;0;241;135;135;522;21;40;30;84344832;0
388;41;34;12;2;294;0;6;135;135;487;19;40;30;84344832;0
389;41;34;2;2;296;0;0;135;135;487;19;40;30;84344832;0
390;41;33;66;133;299;0;250;135;135;442;23;40;30;84344832;0
391;41;35;3;0;304;0;3;135;135;442;23;40;30;84344832;0
392;41;33;5;185;304;0;242;135;135;442;23;40;30;84344832;0
393;41;34;12;2;304;0;9;135;135;428;22;40;30;84344832;0
394;41;35;2;4;303;0;0;135;135;428;22;40;30;84344832;0
395;41;33;107;211;302;0;248;135;135;471;21;40;30;84344832;0
396;41;34;6;0;302;0;9;135;135;471;21;40;30;84344832;0
397;41;35;1;1;301;0;255;135;135;471;21;40;30;84344832;0
398;41;34;37;43;303;0;2;135;135;505;23;40;30;84344832;0
399;41;35;2;0;305;0;2;135;135;505;23;40;30;84344832;0
400;41;33;6;125;306;0;246;135;135;505;23;40;30;84344832;0
401;41;34;21;12;305;0;5;135;135;637;20;40;30;84344832;0
402;41;35;2;3;304;0;0;135;135;637;20;40;30;84344832;0
403;41;33;30;243;302;0;244;135;135;550;20;40;30;84344832;0
404;41;34;12;3;303;0;9;135;135;550;20;40;30;84344832;0
405;41;35;1;1;303;0;0;135;135;550;20;40;30;84344832;0
406;41;33;113;273;304;0;246;135;135;531;21;40;30;84344832;0
407;41;34;4;0;306;0;5;135;135;531;21;40;30;84344832;0
408;41;34;1;1;307;0;0;135;135;531;21;40;30;84344832;0
409;41;33;67;125;308;0;254;135;135;537;20;40;30;84344832;0
410;41;35;2;0;310;0;1;135;135;537;20;40;30;84344832;0
411;41;33;37;189;311;0;246;135;135;424;23;40;30;84344832;0
412;41;34;20;4;312;0;6;135;135;424;23;40;30;84344832;0
413;41;35;2;2;312;0;0;135;135;424;23;40;30;84344832;0
414;41;33;71;165;308;0;249;135;135;476;21;40;30;84344832;0
415;41;34;6;1;303;0;10;135;135;476;21;40;30;84344832;0
416;41;33;63;210;298;0;248;135;135;467;25;40;30;84344832;0
417;41;34;12;2;294;0;7;135;135;467;25;40;30;84344832;0
418;41;35;1;1;291;0;0;135;135;467;25;40;30;84344832;0
419;41;33;71;133;287;0;0;135;135;450;22;40;30;84344832;0
420;41;35;3;2;284;0;2;135;135;450;22;40;30;84344832;0
421;41;33;107;265;285;0;243;135;135;671;24;40;30;84344832;0
422;41;34;10;1;289;0;10;135;135;671;24;40;30;84344832;0
423;41;34;2;3;293;0;0;135;135;671;24;40;30;84344832;0
424;41;33;60;108;296;0;0;135;135;559;22;40;30;84344832;0
425;41;35;2;1;299;0;1;135;135;559;22;40;30;84344832;0
426;41;33;34;132;303;0;249;135;135;484;24;40;30;84344832;0
427;41;34;14;2;309;0;7;135;135;484;24;40;30;84344832;0
428;41;35;1;1;311;0;0;135;135;484;24;40;30;84344832;0
429;41;33;51;329;306;0;235;135;135;426;18;40;30;84344832;0
430;41;34;14;2;297;0;9;135;135;426;18;40;30;84344832;0
431;41;34;3;12;292;0;0;135;135;426;18;40;30;84344832;0
432;41;33;138;297;292;0;244;135;135;702;20;40;30;84344832;0
433;41;34;6;0;294;0;6;135;135;702;20;40;30;84344832;0
434;41;34;1;1;296;0;0;135;135;702;20;40;30;84344832;0
435;41;33;55;78;298;0;2;135;135;592;22;40;30;84344832;0
436;41;35;2;1;302;0;2;135;135;592;22;40;30;84344832;0
437;41;35;1;0;306;0;255;135;135;592;22;40;30;84344832;0
438;41;34;47;67;312;0;1;135;135;607;19;40;30;84344832;0
439;41;35;2;1;317;0;1;135;135;607;19;40;30;84344832;0
440;41;33;112;332;318;0;239;135;135;594;23;40;30;84344832;0
441;41;34;7;1;318;0;8;135;135;594;23;40;30;84344832;0
442;41;35;1;2;316;0;0;135;135;594;23;40;30;84344832;0
443;41;33;111;260;317;0;247;135;135;539;20;40;30;84344832;0
444;41;35;4;0;320;0;7;135;135;539;20;40;30;84344832;0
445;41;34;1;1;320;0;0;135;135;539;20;40;30;84344832;0
446;41;34;56;101;319;0;0;135;135;567;21;40;30;84344832;0
447;41;35;2;0;318;0;3;135;135;567;21;40;30;84344832;0
448;41;34;0;112;317;0;249;135;135;567;21;40;30;84344832;0
449;41;33;79;208;316;0;250;135;135;530;21;40;30;84344832;0
450;41;35;3;0;315;0;3;135;135;530;21;40;30;84344832;0
451;41;34;1;1;308;0;255;135;135;530;21;40;30;84344832;0
452;41;33;163;452;301;0;237;135;135;580;17;40;30;84344832;0
453;41;35;4;0;295;0;6;135;135;580;17;40;30;84344832;0
454;41;34;3;2;292;0;255;135;135;580;17;40;30;84344832;0
455;41;34;29;14;294;0;6;135;135;847;20;40;30;84344832;0
456;41;34;3;12;298;0;1;135;135;847;20;40;30;84344832;0
457;41;33;11;149;300;0;244;135;135;644;21;40;30;84344832;0
458;41;34;14;3;303;0;8;135;135;644;21;40;30;84344832;0
459;41;34;2;6;304;0;0;135;135;644;21;40;30;84344832;0
460;41;33;61;112;305;0;255;135;135;615;22;40;30;84344832;0
461;41;35;2;0;306;0;1;135;135;615;22;40;30;84344832;0
462;41;35;1;1;307;0;255;135;135;615;22;40;30;84344832;0
463;41;33;111;225;309;0;252;135;135;503;18;40;30;84344832;0
464;41;35;3;0;311;0;4;135;135;503;18;40;30;84344832;0
465;41;34;0;139;312;0;253;135;135;503;18;40;30;84344832;0
466;41;34;21;12;314;0;5;135;135;691;21;40;30;84344832;0
467;41;34;3;11;315;0;0;135;135;691;21;40;30;84344832;0
468;41;33;99;233;316;0;246;135;135;556;23;40;30;84344832;0
469;41;35;3;0;317;0;3;135;135;556;23;40;30;84344832;0
470;41;35;1;2;315;0;253;135;135;556;23;40;30;84344832;0
471;41;33;71;176;313;0;249;135;135;387;22;40;30;84344832;0
472;41;35;4;0;311;0;5;135;135;387;22;40;30;84344832;0
473;41;34;3;86;306;0;248;135;135;387;22;40;30;84344832;0
474;41;34;10;2;300;0;10;135;135;454;20;40;30;84344832;0
475;41;34;2;15;295;0;250;135;135;454;20;40;30;84344832;0
476;41;34;23;10;295;0;4;135;135;517;25;40;30;84344832;0
477;41;35;2;6;297;0;0;135;135;517;25;40;30;84344832;0
478;41;33;53;142;299;0;251;135;135;474;26;40;30;84344832;0
479;41;35;4;0;301;0;3;135;135;474;26;40;30;84344832;0
480;41;33;214;439;300;0;235;135;135;475;23;40;30;84344832;0
481;41;34;6;0;294;0;7;135;135;475;23;40;30;84344832;0
482;41;33;10;185;291;0;243;135;135;475;23;40;30;84344832;0
483;41;34;9;1;291;0;9;135;135;651;26;40;30;84344832;0
484;41;35;1;1;293;0;0;135;135;651;26;40;30;84344832;0
485;41;34;33;25;296;0;0;135;135;364;25;40;30;84344832;0
486;41;35;2;0;300;0;0;135;135;364;25;40;30;84344832;0
487;41;33;7;158;304;0;243;135;135;364;25;40;30;84344832;0
488;41;34;15;3;309;0;9;135;135;344;21;40;30;84344832;0
489;41;34;3;11;313;0;0;135;135;344;21;40;30;84344832;0
490;41;33;51;135;315;0;239;135;135;558;23;40;30;84344832;0
491;41;34;7;0;318;0;8;135;135;558;23;40;30;84344832;0
492;41;35;1;1;317;0;255;135;135;558;23;40;30;84344832;0
493;41;33;78;178;312;0;250;135;135;429;20;40;30;84344832;0
494;41;35;3;0;307;0;3;135;135;429;20;40;30;84344832;0
495;41;33;26;334;300;0;236;135;135;429;20;40;30;84344832;0
496;41;34;9;1;296;0;8;135;135;581;21;40;30;84344832;0
497;41;34;2;3;293;0;0;135;135;581;21;40;30;84344832;0
498;41;34;29;31;295;0;1;135;135;490;23;40;30;84344832;0
499;41;35;2;0;300;0;1;135;135;490;23;40;30;84344832;0
500;41;33;109;210;304;0;248;135;135;468;24;40;30;84344832;0
501;41;35;5;0;309;0;6;135;135;468;24;40;30;84344832;0
502;41;34;2;24;311;0;249;135;135;468;24;40;30;84344832;0
503;41;34;17;6;313;0;4;135;135;447;23;40;30;84344832;0
504;41;35;2;4;315;0;0;135;135;447;23;40;30;84344832;0
505;41;35;0;0;314;0;255;135;135;447;23;40;30;84344832;0
506;41;33;125;327;315;0;244;135;135;411;17;40;30;84344832;0
507;41;35;7;0;316;0;7;135;135;411;17;40;30;84344832;0
508;41;33;6;99;315;0;250;135;135;411;17;40;30;84344832;0
509;41;34;37;26;313;0;3;135;135;871;22;40;30;84344832;0
510;41;34;2;10;309;0;0;135;135;871;22;40;30;84344832;0
511;41;33;80;158;307;0;0;135;135;687;22;40;30;84344832;0
512;41;35;3;3;308;0;1;135;135;687;22;40;30;84344832;0
513;41;33;69;351;308;0;237;135;135;565;24;40;30;84344832;0
514;41;34;7;0;308;0;9;135;135;565;24;40;30;84344832;0
515;41;34;2;18;307;0;254;135;135;565;24;40;30;84344832;0
516;41;34;7;2;307;0;2;135;135;416;24;40;30;84344832;0
517;41;33;16;263;307;0;237;135;135;416;24;40;30;84344832;0
518;41;35;5;0;310;0;3;135;135;139;33;40;30;84344832;0
519;41;35;0;1;309;0;253;135;135;139;33;40;30;84344832;0
520;41;34;16;2;307;0;3;135;135;266;24;40;30;84344832;0
521;41;35;2;5;305;0;252;135;135;266;24;40;30;84344832;0
522;41;34;14;6;302;0;5;135;135;179;30;40;30;84344832;0
523;41;35;2;2;295;0;0;135;135;179;30;40;30;84344832;0
524;41;33;53;88;291;0;255;135;135;427;25;40;30;84344832;0
525;41;35;2;0;294;0;1;135;135;427;25;40;30;84344832;0
526;41;33;44;276;297;0;240;135;135;395;24;40;30;84344832;0
527;41;35;5;0;302;0;5;135;135;395;24;40;30;84344832;0
528;41;34;2;26;304;0;252;135;135;395;24;40;30;84344832;0
529;41;33;68;129;305;0;254;135;135;280;25;40;30;84344832;0
530;41;35;2;0;305;0;2;135;135;280;25;40;30;84344832;0
531;41;33;37;231;306;0;244;135;135;526;21;40;30;84344832;0
532;41;34;7;0;306;0;8;135;135;526;21;40;30;84344832;0
533;41;34;2;20;306;0;253;135;135;526;21;40;30;84344832;0
534;41;33;188;417;303;0;236;135;135;419;19;40;30;84344832;0
535;41;35;6;0;300;0;8;135;135;419;19;40;30;84344832;0
536;41;34;3;5;297;0;255;135;135;419;19;40;30;84344832;0
537;41;34;29;11;297;0;7;135;135;718;23;40;30;84344832;0
538;41;34;4;9;298;0;0;135;135;718;23;40;30;84344832;0
539;41;33;114;347;298;0;238;135;135;563;24;40;30;84344832;0
540;41;34;8;0;298;0;12;135;135;563;24;40;30;84344832;0
541;41;34;5;42;297;0;251;135;135;563;24;40;30;84344832;0
542;41;33;90;192;297;0;251;135;135;782;23;40;30;84344832;0
543;41;35;3;0;297;0;1;135;135;782;23;40;30;84344832;0
544;41;35;1;0;295;0;255;135;135;782;23;40;30;84344832;0
545;41;34;38;37;296;0;4;135;135;633;18;40;30;84344832;0
546;41;34;4;13;298;0;0;135;135;633;18;40;30;84344832;0
547;41;33;148;360;300;0;244;135;135;633;25;40;30;84344832;0
548;41;35;4;0;302;0;5;135;135;633;25;40;30;84344832;0
549;41;33;13;283;303;0;237;135;135;633;25;40;30;84344832;0
550;41;34;10;1;305;0;9;135;135;821;23;40;30;84344832;0
551;41;34;3;8;305;0;0;135;135;821;23;40;30;84344832;0
552;41;33;122;295;304;0;246;135;135;560;24;40;30;84344832;0
553;41;35;4;0;303;0;5;135;135;560;24;40;30;84344832;0
554;41;33;30;347;300;0;234;135;135;560;24;40;30;84344832;0
555;41;34;18;8;301;0;4;135;135;752;21;40;30;84344832;0
556;41;34;2;6;301;0;0;135;135;752;21;40;30;84344832;0
557;41;34;3;142;301;0;243;135;135;752;21;40;30;84344832;0
558;41;34;21;8;300;0;10;135;135;651;19;40;30;84344832;0
559;41;34;6;21;299;0;0;135;135;853;33;40;30;84344832;0
560;41;33;140;358;301;0;247;135;135;104;70;40;30;84344832;0
561;41;34;10;4;305;0;9;135;135;104;70;40;30;84344832;0
562;41;35;1;3;306;0;0;135;135;104;70;40;30;84344832;0
563;41;33;150;401;306;0;241;135;135;860;19;40;30;84344832;0
564;41;35;7;0;306;0;10;135;135;860;19;40;30;84344832;0
565;41;34;9;109;305;0;249;135;135;846;31;40;30;84344832;0
566;41;33;115;259;302;0;0;135;135;98;86;40;30;84344832;0
567;41;34;6;44;299;0;2;135;135;98;86;40;30;84344832;0
568;41;35;6;1;297;0;1;135;135;1066;30;40;30;84344832;0
569;41;33;94;212;299;0;254;135;135;243;36;40;30;84344832;0
570;41;35;4;15;305;0;2;135;135;243;36;40;30;84344832;0
571;41;33;143;356;307;0;246;135;135;729;27;40;30;84344832;0
572;41;35;4;2;307;0;4;135;135;729;27;40;30;84344832;0
573;41;33;127;446;304;0;235;135;135;143;84;40;30;84344832;0
574;41;34;13;2;304;0;12;135;135;143;84;40;30;84344832;0
575;41;34;5;34;303;0;251;135;135;143;84;40;30;84344832;0
576;41;34;47;72;302;0;3;135;135;840;24;40;30;84344832;0
577;41;34;3;16;301;0;1;135;135;840;24;40;30;84344832;0
578;41;33;129;331;299;0;244;135;135;749;23;40;30;84344832;0
579;41;35;7;1;299;0;9;135;135;749;23;40;30;84344832;0
580;41;34;5;107;298;0;249;135;135;749;23;40;30;84344832;0
581;41;34;17;5;297;0;5;135;135;793;22;40;30;84344832;0
582;41;34;3;8;296;0;0;135;135;793;22;40;30;84344832;0
583;41;33;101;199;296;0;252;135;135;513;23;40;30;84344832;0
584;41;35;3;0;297;0;2;135;135;513;23;40;30;84344832;0
585;41;34;4;90;298;0;250;135;135;513;23;40;30;84344832;0
586;41;34;22;15;300;0;0;135;135;475;23;40;30;84344832;0
587;41;35;2;0;304;0;0;135;135;475;23;40;30;84344832;0
588;41;33;119;252;300;0;251;135;135;316;23;40;30;84344832;0
589;41;35;4;4;292;0;2;135;135;316;23;40;30;84344832;0
590;41;33;149;426;286;0;236;135;135;623;25;40;30;84344832;0
591;41;35;7;1;286;0;8;135;135;623;25;40;30;84344832;0
592;41;34;2;48;289;0;247;135;135;623;25;40;30;84344832;0
593;41;34;17;9;294;0;6;135;135;600;24;40;30;84344832;0
594;41;35;2;8;298;0;0;135;135;600;24;40;30;84344832;0
595;41;33;78;140;303;0;254;135;135;546;25;40;30;84344832;0
596;41;35;3;9;307;0;0;135;135;546;25;40;30;84344832;0
597;41;33;148;341;310;0;243;135;135;558;25;40;30;84344832;0
598;41;35;5;0;313;0;7;135;135;558;25;40;30;84344832;0
599;41;33;18;317;314;0;234;135;135;558;25;40;30;84344832;0
600;41;34;17;4;314;0;10;135;135;739;24;40;30;84344832;0
601;41;35;3;9;313;0;0;135;135;739;24;40;30;84344832;0
602;41;33;135;341;312;0;244;135;135;729;22;40;30;84344832;0
603;41;35;4;0;310;0;6;135;135;729;22;40;30;84344832;0
604;41;33;146;366;308;0;243;135;135;727;27;40;30;84344832;0
605;41;35;5;0;307;0;6;135;135;727;27;40;30;84344832;0
606;41;33;220;410;307;0;243;135;135;865;24;40;30;84344832;0
607;41;34;13;2;307;0;10;135;135;865;24;40;30;84344832;0
608;41;34;3;13;306;0;0;135;135;865;24;40;30;84344832;0
609;41;33;75;147;305;0;0;135;135;770;23;40;30;84344832;0
610;41;35;3;0;304;0;4;135;135;770;23;40;30;84344832;0
611;41;33;130;484;301;0;231;135;135;713;23;40;30;84344832;0
612;41;34;9;1;300;0;9;135;135;713;23;40;30;84344832;0
613;41;34;3;8;300;0;0;135;135;713;23;40;30;84344832;0
614;41;33;126;300;301;0;247;135;135;709;21;40;30;84344832;0
615;41;34;8;10;303;0;0;135;135;709;21;40;30;84344832;0
616;41;35;1;0;303;0;4;135;135;709;21;40;30;84344832;0
617;41;35;0;0;304;0;255;135;135;709;21;40;30;84344832;0
618;41;34;69;110;307;0;0;135;135;730;15;40;30;84344832;0
619;41;35;3;9;310;0;0;135;135;730;15;40;30;84344832;0
620;41;33;81;179;311;0;253;135;135;589;26;40;30;84344832;0
621;41;35;3;1;311;0;1;135;135;589;26;40;30;84344832;0
622;41;33;132;315;311;0;248;135;135;467;28;40;30;84344832;0
623;41;35;4;0;310;0;4;135;135;467;28;40;30;84344832;0
624;41;33;27;268;307;0;240;135;135;671;24;40;30;84344832;0
625;41;34;41;20;307;0;8;135;135;671;24;40;30;84344832;0
626;41;34;3;14;307;0;1;135;135;671;24;40;30;84344832;0
627;41;33;113;287;304;0;246;135;135;771;22;40;30;84344832;0
628;41;35;4;1;303;0;2;135;135;771;22;40;30;84344832;0
629;41;33;20;336;302;0;234;135;135;771;22;40;30;84344832;0
630;41;35;9;1;301;0;9;135;135;659;23;40;30;84344832;0
631;41;34;6;101;299;0;0;135;135;659;23;40;30;84344832;0
632;41;34;19;4;299;0;6;135;135;485;26;40;30;84344832;0
633;41;35;3;9;300;0;0;135;135;485;26;40;30;84344832;0
634;41;33;86;186;298;0;250;135;135;448;25;40;30;84344832;0
635;41;35;3;0;297;0;2;135;135;448;25;40;30;84344832;0
636;41;33;5;187;295;0;243;135;135;448;25;40;30;84344832;0
637;41;34;10;1;296;0;7;135;135;499;22;40;30;84344832;0
638;41;35;2;2;297;0;255;135;135;499;22;40;30;84344832;0
639;41;34;28;24;299;0;2;135;135;521;25;40;30;84344832;0
640;41;35;2;2;300;0;0;135;135;521;25;40;30;84344832;0
641;41;34;6;123;301;0;255;135;135;521;25;40;30;84344832;0
642;41;34;18;8;304;0;6;135;135;511;20;40;30;84344832;0
643;41;35;2;6;306;0;0;135;135;511;20;40;30;84344832;0
644;41;33;106;248;306;0;250;135;135;612;23;40;30;84344832;0
645;41;35;4;1;306;0;4;135;135;612;23;40;30;84344832;0
646;41;35;0;1;305;0;252;135;135;612;23;40;30;84344832;0
647;41;34;48;51;306;0;4;135;135;583;22;40;30;84344832;0
648;41;35;3;9;306;0;1;135;135;583;22;40;30;84344832;0
649;41;33;121;296;305;0;245;135;135;739;23;40;30;84344832;0
650;41;35;4;0;303;0;3;135;135;739;23;40;30;84344832;0
651;41;33;114;426;300;0;233;135;135;571;25;40;30;84344832;0
652;41;34;12;2;300;0;11;135;135;571;25;40;30;84344832;0
653;41;34;5;72;300;0;255;135;135;571;25;40;30;84344832;0
654;41;34;19;9;300;0;5;135;135;686;25;40;30;84344832;0
655;41;35;2;2;299;0;0;135;135;686;25;40;30;84344832;0
656;41;33;146;361;297;0;246;135;135;531;23;40;30;84344832;0
657;41;35;4;3;297;0;3;135;135;531;23;40;30;84344832;0
658;41;33;13;169;297;0;245;135;135;531;23;40;30;84344832;0
659;41;35;8;0;299;0;8;135;135;795;23;40;30;84344832;0
660;41;34;3;11;300;0;0;135;135;795;23;40;30;84344832;0
661;41;33;131;475;301;0;232;135;135;602;20;40;30;84344832;0
662;41;35;7;0;304;0;9;135;135;602;20;40;30;84344832;0
663;41;34;6;103;305;0;248;135;135;602;20;40;30;84344832;0
664;41;34;13;2;306;0;9;135;135;767;25;40;30;84344832;0
665;41;35;3;9;306;0;0;135;135;767;25;40;30;84344832;0
666;41;34;30;27;306;0;4;135;135;757;25;40;30;84344832;0
667;41;35;3;11;306;0;0;135;135;757;25;40;30;84344832;0
668;41;33;164;436;305;0;240;135;135;642;25;40;30;84344832;0
669;41;35;5;0;304;0;6;135;135;642;25;40;30;84344832;0
670;41;33;20;249;302;0;240;135;135;835;25;40;30;84344832;0
671;41;35;6;0;301;0;6;135;135;835;25;40;30;84344832;0
672;41;35;2;4;300;0;0;135;135;835;25;40;30;84344832;0
673;41;33;133;337;298;0;246;135;135;572;21;40;30;84344832;0
674;41;35;4;2;298;0;3;135;135;572;21;40;30;84344832;0
675;41;33;204;398;299;0;240;135;135;759;25;40;30;84344832;0
676;41;35;7;0;302;0;9;135;135;759;25;40;30;84344832;0
677;41;33;93;414;303;0;236;135;135;709;28;40;30;84344832;0
678;41;34;11;2;303;0;10;135;135;709;28;40;30;84344832;0
679;41;34;10;131;301;0;250;135;135;709;28;40;30;84344832;0
680;41;34;13;3;300;0;10;135;135;777;24;40;30;84344832;0
681;41;35;3;6;300;0;0;135;135;777;24;40;30;84344832;0
682;41;33;258;500;299;0;238;135;135;546;21;40;30;84344832;0
683;41;35;8;0;299;0;9;135;135;546;21;40;30;84344832;0
684;41;33;18;227;298;0;241;135;135;546;21;40;30;84344832;0
685;41;34;9;13;301;0;0;135;135;782;27;40;30;84344832;0
686;41;35;1;0;303;0;4;135;135;782;27;40;30;84344832;0
687;41;34;3;202;306;0;238;135;135;782;27;40;30;84344832;0
688;41;35;11;1;311;0;8;135;135;609;18;40;30;84344832;0
689;41;34;3;15;314;0;0;135;135;609;18;40;30;84344832;0
690;41;34;36;28;316;0;2;135;135;650;24;40;30;84344832;0
691;41;35;2;2;315;0;0;135;135;650;24;40;30;84344832;0
692;41;33;18;145;313;0;247;135;135;300;25;40;30;84344832;0
693;41;34;13;2;314;0;12;135;135;300;25;40;30;84344832;0
694;41;34;4;13;313;0;0;135;135;300;25;40;30;84344832;0
695;41;33;89;183;311;0;0;135;135;892;21;40;30;84344832;0
696;41;35;3;11;310;0;2;135;135;892;21;40;30;84344832;0
697;41;33;35;370;307;0;235;135;135;892;21;40;30;84344832;0
698;41;35;8;1;305;0;7;135;135;706;22;40;30;84344832;0
699;41;35;2;6;302;0;0;135;135;706;22;40;30;84344832;0
700;41;34;53;75;298;0;3;135;135;622;24;40;30;84344832;0
701;41;35;2;1;294;0;2;135;135;622;24;40;30;84344832;0
702;41;35;1;0;291;0;255;135;135;622;24;40;30;84344832;0
703;41;34;45;38;289;0;5;135;135;683;19;40;30;84344832;0
704;41;34;3;19;288;0;1;135;135;683;19;40;30;84344832;0
705;41;33;129;348;288;0;239;135;135;708;24;40;30;84344832;0
706;41;35;4;0;290;0;5;135;135;708;24;40;30;84344832;0
707;41;34;5;107;292;0;245;135;135;708;24;40;30;84344832;0
708;41;35;12;1;292;0;8;135;135;735;23;40;30;84344832;0
709;41;35;3;8;294;0;0;135;135;735;23;40;30;84344832;0
710;41;34;67;114;296;0;2;135;135;693;24;40;30;84344832;0
711;41;35;3;5;299;0;1;135;135;693;24;40;30;84344832;0
712;41;33;151;376;301;0;238;135;135;557;25;40;30;84344832;0
713;41;35;8;0;303;0;10;135;135;557;25;40;30;84344832;0
714;41;34;3;12;304;0;0;135;135;557;25;40;30;84344832;0
715;41;34;69;95;306;0;5;135;135;1059;21;40;30;84344832;0
716;41;35;3;6;310;0;1;135;135;1059;21;40;30;84344832;0
717;41;33;34;305;312;0;237;135;135;782;22;40;30;84344832;0
718;41;35;9;1;314;0;8;135;135;782;22;40;30;84344832;0
719;41;35;2;2;314;0;0;135;135;782;22;40;30;84344832;0
720;41;34;63;106;312;0;3;135;135;630;22;40;30;84344832;0
721;41;35;3;4;310;0;1;135;135;630;22;40;30;84344832;0
722;41;33;86;212;308;0;249;135;135;618;25;40;30;84344832;0
723;41;35;10;1;307;0;8;135;135;618;25;40;30;84344832;0
724;41;34;3;16;305;0;0;135;135;618;25;40;30;84344832;0
725;41;34;70;134;304;0;0;135;135;796;21;40;30;84344832;0
726;41;35;2;2;304;0;1;135;135;796;21;40;30;84344832;0
727;41;33;27;336;303;0;235;135;135;546;23;40;30;84344832;0
728;41;35;6;0;302;0;5;135;135;546;23;40;30;84344832;0
729;41;35;2;4;301;0;252;135;135;546;23;40;30;84344832;0
730;41;34;34;24;302;0;3;135;135;512;25;40;30;84344832;0
731;41;35;2;5;304;0;0;135;135;512;25;40;30;84344832;0
732;41;33;100;257;303;0;247;135;135;608;23;40;30;84344832;0
733;41;35;4;0;302;0;5;135;135;608;23;40;30;84344832;0
734;41;33;19;278;299;0;237;135;135;608;23;40;30;84344832;0
735;41;35;7;0;296;0;6;135;135;630;24;40;30;84344832;0
736;41;35;2;3;293;0;0;135;135;630;24;40;30;84344832;0
737;41;34;65;101;293;0;4;135;135;542;24;40;30;84344832;0
738;41;35;2;10;295;0;0;135;135;542;24;40;30;84344832;0
739;41;34;39;97;296;0;245;135;135;529;27;40;30;84344832;0
740;41;35;5;0;297;0;5;135;135;529;27;40;30;84344832;0
741;41;35;1;3;297;0;255;135;135;529;27;40;30;84344832;0
742;41;34;13;2;297;0;8;135;135;525;20;40;30;84344832;0
743;41;35;2;8;298;0;0;135;135;525;20;40;30;84344832;0
744;41;35;2;33;302;0;247;135;135;525;20;40;30;84344832;0
745;41;34;12;2;307;0;6;135;135;584;19;40;30;84344832;0
746;41;35;2;3;312;0;0;135;135;584;19;40;30;84344832;0
747;41;33;122;272;314;0;247;135;135;524;23;40;30;84344832;0
748;41;35;5;0;317;0;5;135;135;524;23;40;30;84344832;0
749;41;33;6;224;317;0;239;135;135;524;23;40;30;84344832;0
750;41;35;10;1;317;0;6;135;135;626;24;40;30;84344832;0
751;41;35;2;6;316;0;0;135;135;626;24;40;30;84344832;0
752;41;34;40;53;314;0;2;135;135;568;25;40;30;84344832;0
753;41;35;2;5;313;0;0;135;135;568;25;40;30;84344832;0
754;41;33;125;286;310;0;245;135;135;576;24;40;30;84344832;0
755;41;35;3;0;306;0;1;135;135;576;24;40;30;84344832;0
756;41;34;2;38;303;0;254;135;135;576;24;40;30;84344832;0
757;41;33;111;270;302;0;248;135;135;426;23;40;30;84344832;0
758;41;35;3;2;302;0;1;135;135;426;23;40;30;84344832;0
759;41;35;1;0;301;0;255;135;135;426;23;40;30;84344832;0
760;41;34;52;61;301;0;5;135;135;663;18;40;30;84344832;0
761;41;35;2;3;302;0;1;135;135;663;18;40;30;84344832;0
762;41;33;92;207;301;0;252;135;135;794;25;40;30;84344832;0
763;41;35;3;2;301;0;2;135;135;794;25;40;30;84344832;0
764;41;33;96;193;300;0;250;135;135;599;25;40;30;84344832;0
765;41;35;4;0;299;0;2;135;135;599;25;40;30;84344832;0
766;41;33;59;336;298;0;238;135;135;403;26;40;30;84344832;0
767;41;35;8;1;297;0;6;135;135;403;26;40;30;84344832;0
768;41;34;8;143;295;0;0;135;135;403;26;40;30;84344832;0
769;41;34;14;3;295;0;8;135;135;555;25;40;30;84344832;0
770;41;35;3;7;296;0;0;135;135;555;25;40;30;84344832;0
771;41;33;106;261;298;0;247;135;135;557;25;40;30;84344832;0
772;41;35;3;0;302;0;3;135;135;557;25;40;30;84344832;0
773;41;34;2;16;301;0;255;135;135;557;25;40;30;84344832;0
774;41;34;58;85;299;0;1;135;135;627;19;40;30;84344832;0
775;41;35;2;2;297;0;0;135;135;627;19;40;30;84344832;0
776;41;33;137;433;296;0;236;135;135;525;23;40;30;84344832;0
777;41;35;6;0;297;0;5;135;135;525;23;40;30;84344832;0
778;41;35;1;2;298;0;255;135;135;525;23;40;30;84344832;0
779;41;33;184;491;301;0;236;135;135;436;23;40;30;84344832;0
780;41;34;10;2;303;0;14;135;135;436;23;40;30;84344832;0
781;41;34;7;17;304;0;0;135;135;970;24;40;30;84344832;0
782;41;35;2;0;310;0;0;135;135;970;24;40;30;84344832;0
783;41;33;143;367;319;0;242;135;135;124;29;40;30;84344832;0
784;41;35;4;0;327;0;4;135;135;124;29;40;30;84344832;0
785;41;33;145;321;329;0;244;135;135;751;27;40;30;84344832;0
786;41;35;6;0;327;0;5;135;135;751;27;40;30;84344832;0
787;41;33;128;312;321;0;244;135;135;628;28;40;30;84344832;0
788;41;35;5;0;314;0;4;135;135;628;28;40;30;84344832;0
789;41;33;27;358;307;0;234;135;135;455;26;40;30;84344832;0
790;41;35;9;1;302;0;6;135;135;455;26;40;30;84344832;0
791;41;35;2;11;297;0;253;135;135;455;26;40;30;84344832;0
792;41;34;24;9;293;0;6;135;135;585;25;40;30;84344832;0
793;41;35;2;2;290;0;0;135;135;585;25;40;30;84344832;0
794;41;33;118;347;288;0;240;135;135;541;22;40;30;84344832;0
795;41;35;7;0;291;0;6;135;135;541;22;40;30;84344832;0
796;41;35;2;2;293;0;0;135;135;541;22;40;30;84344832;0
797;41;34;21;6;294;0;6;135;135;668;23;40;30;84344832;0
798;41;35;2;4;295;0;0;135;135;668;23;40;30;84344832;0
799;41;34;74;114;296;0;2;135;135;426;27;40;30;84344832;0
800;41;35;3;6;299;0;0;135;135;426;27;40;30;84344832;0
801;41;33;144;287;301;0;245;135;135;478;23;40;30;84344832;0
802;41;35;5;0;301;0;2;135;135;478;23;40;30;84344832;0
803;41;34;3;6;302;0;0;135;135;478;23;40;30;84344832;0
804;41;33;20;299;304;0;236;135;135;478;23;40;30;84344832;0
805;41;35;7;0;309;0;7;135;135;476;18;40;30;84344832;0
806;41;34;5;99;313;0;248;135;135;476;18;40;30;84344832;0
807;41;35;8;1;313;0;5;135;135;506;27;40;30;84344832;0
808;41;35;2;2;310;0;0;135;135;506;27;40;30;84344832;0
809;41;33;176;465;307;0;235;135;135;443;20;40;30;84344832;0
810;41;35;5;0;305;0;3;135;135;443;20;40;30;84344832;0
811;41;33;20;243;304;0;240;135;135;564;27;40;30;84344832;0
812;41;35;11;1;303;0;8;135;135;564;27;40;30;84344832;0
813;41;35;2;11;302;0;255;135;135;564;27;40;30;84344832;0
814;41;34;18;4;299;0;7;135;135;644;24;40;30;84344832;0
815;41;35;2;8;298;0;0;135;135;644;24;40;30;84344832;0
816;41;34;70;141;297;0;255;135;135;513;26;40;30;84344832;0
817;41;35;3;5;297;0;1;135;135;513;26;40;30;84344832;0
818;41;34;5;42;298;0;251;135;135;549;23;40;30;84344832;0
819;41;35;13;2;299;0;11;135;135;549;23;40;30;84344832;0
820;41;35;3;15;299;0;0;135;135;549;23;40;30;84344832;0
821;41;34;39;35;299;0;5;135;135;675;24;40;30;84344832;0
822;41;35;3;8;301;0;1;135;135;675;24;40;30;84344832;0
823;41;33;177;341;303;0;244;135;135;726;23;40;30;84344832;0
824;41;35;3;0;305;0;3;135;135;726;23;40;30;84344832;0
825;41;33;16;306;305;0;236;135;135;726;23;40;30;84344832;0
826;41;34;16;4;305;0;7;135;135;616;23;40;30;84344832;0
827;41;35;2;5;304;0;0;135;135;616;23;40;30;84344832;0
828;41;33;90;198;303;0;252;135;135;682;23;40;30;84344832;0
829;41;35;3;2;302;0;2;135;135;682;23;40;30;84344832;0
830;41;33;96;377;301;0;236;135;135;574;25;40;30;84344832;0
831;41;35;7;1;300;0;9;135;135;574;25;40;30;84344832;0
832;41;34;3;40;299;0;253;135;135;574;25;40;30;84344832;0
833;41;34;15;3;300;0;7;135;135;585;25;40;30;84344832;0
834;41;35;3;11;302;0;0;135;135;585;25;40;30;84344832;0
835;41;33;39;325;303;0;235;135;135;503;22;40;30;84344832;0
836;41;35;9;1;305;0;10;135;135;503;22;40;30;84344832;0
837;41;33;14;254;305;0;239;135;135;503;22;40;30;84344832;0
838;41;35;13;2;306;0;12;135;135;682;25;40;30;84344832;0
839;41;34;4;17;305;0;0;135;135;682;25;40;30;84344832;0
840;41;33;202;403;304;0;238;135;135;1000;20;40;30;84344832;0
841;41;35;7;0;304;0;8;135;135;1000;20;40;30;84344832;0
842;41;34;86;147;303;0;254;135;135;728;30;40;30;84344832;0
843;41;35;6;4;303;0;2;135;135;728;30;40;30;84344832;0
844;41;35;2;1;300;0;255;135;135;728;30;40;30;84344832;0
845;41;34;69;95;290;0;6;135;135;489;23;40;30;84344832;0
846;41;34;5;24;278;0;1;135;135;489;23;40;30;84344832;0
847;41;33;93;205;275;0;250;135;135;158;87;40;30;84344832;0
848;41;35;4;11;279;0;2;135;135;158;87;40;30;84344832;0
849;41;34;92;153;285;0;1;135;135;542;28;40;30;84344832;0
850;41;35;4;9;289;0;2;135;135;542;28;40;30;84344832;0
851;41;33;159;356;295;0;241;135;135;796;25;40;30;84344832;0
852;41;35;5;0;305;0;5;135;135;796;25;40;30;84344832;0
853;41;33;65;361;311;0;236;135;135;796;25;40;30;84344832;0
854;41;35;9;1;317;0;7;135;135;757;25;40;30;84344832;0
855;41;34;5;12;320;0;0;135;135;533;35;40;30;84344832;0
856;41;33;9;265;322;0;232;135;135;533;35;40;30;84344832;0
857;41;34;12;2;324;0;9;135;135;197;38;40;30;84344832;0
858;41;34;9;69;325;0;252;135;135;841;42;40;30;84344832;0
859;41;33;86;173;326;0;254;135;135;42;97;40;30;84344832;0
860;41;35;4;15;326;0;0;135;135;42;97;40;30;84344832;0
861;41;33;218;576;323;0;234;135;135;867;20;40;30;84344832;0
862;41;35;5;8;320;0;2;135;135;867;20;40;30;84344832;0
863;41;33;212;608;317;0;229;135;135;750;28;40;30;84344832;0
864;41;35;6;1;316;0;5;135;135;750;28;40;30;84344832;0
865;41;33;19;432;315;0;225;135;135;750;28;40;30;84344832;0
866;41;34;26;10;316;0;11;135;135;942;24;40;30;84344832;0
867;41;34;5;16;317;0;1;135;135;942;24;40;30;84344832;0
868;41;34;85;155;315;0;2;135;135;937;24;40;30;84344832;0
869;41;35;3;12;312;0;2;135;135;937;24;40;30;84344832;0
870;41;33;153;397;308;0;244;135;135;797;25;40;30;84344832;0
871;41;35;5;0;307;0;6;135;135;797;25;40;30;84344832;0
872;41;33;91;448;304;0;231;135;135;710;27;40;30;84344832;0
873;41;35;7;1;301;0;7;135;135;710;27;40;30;84344832;0
874;41;35;1;2;298;0;0;135;135;710;27;40;30;84344832;0
875;41;34;41;64;298;0;2;135;135;573;21;40;30;84344832;0
876;41;35;3;8;300;0;0;135;135;573;21;40;30;84344832;0
877;41;33;53;467;301;0;229;135;135;573;21;40;30;84344832;0
878;41;35;9;1;304;0;8;135;135;665;21;40;30;84344832;0
879;41;35;2;2;306;0;0;135;135;665;21;40;30;84344832;0
880;41;34;87;168;305;0;1;135;135;576;25;40;30;84344832;0
881;41;35;3;1;303;0;4;135;135;576;25;40;30;84344832;0
882;41;33;183;403;299;0;238;135;135;848;23;40;30;84344832;0
883;41;35;4;0;298;0;4;135;135;848;23;40;30;84344832;0
884;41;33;104;458;298;0;231;135;135;530;27;40;30;84344832;0
885;41;35;6;0;299;0;6;135;135;530;27;40;30;84344832;0
886;41;33;143;464;299;0;235;135;135;647;28;40;30;84344832;0
887;41;35;8;0;300;0;9;135;135;647;28;40;30;84344832;0
888;41;35;2;3;301;0;0;135;135;647;28;40;30;84344832;0
889;41;34;30;12;300;0;5;135;135;701;22;40;30;84344832;0
890;41;35;2;2;300;0;0;135;135;701;22;40;30;84344832;0
891;41;33;49;134;300;0;248;135;135;401;27;40;30;84344832;0
892;41;35;8;0;302;0;8;135;135;401;27;40;30;84344832;0
893;41;33;159;417;302;0;239;135;135;647;24;40;30;84344832;0
894;41;35;9;1;300;0;7;135;135;647;24;40;30;84344832;0
895;41;35;3;20;299;0;253;135;135;647;24;40;30;84344832;0
896;41;34;24;8;299;0;6;135;135;508;25;40;30;84344832;0
897;41;35;3;15;299;0;249;135;135;508;25;40;30;84344832;0
898;41;34;16;4;299;0;8;135;135;603;29;40;30;84344832;0
899;41;35;4;9;300;0;0;135;135;603;29;40;30;84344832;0
900;41;34;28;20;301;0;4;135;135;628;26;40;30;84344832;0
901;41;35;4;8;301;0;255;135;135;628;26;40;30;84344832;0
902;41;34;30;15;300;0;8;135;135;540;29;40;30;84344832;0
903;41;34;5;16;299;0;0;135;135;540;29;40;30;84344832;0
904;41;34;48;89;298;0;0;135;135;642;27;40;30;84344832;0
905;41;35;4;2;299;0;255;135;135;642;27;40;30;84344832;0
906;41;35;0;0;301;0;255;135;135;642;27;40;30;84344832;0
907;41;35;0;0;305;0;255;135;135;642;27;40;30;84344832;0
908;41;35;0;0;310;0;255;135;135;642;27;40;30;84344832;0
909;41;35;0;0;317;0;255;135;135;642;27;40;30;84344832;0
910;41;35;0;1;324;0;255;135;135;642;27;40;30;84344832;0
911;41;35;0;0;332;0;255;135;135;642;27;40;30;84344832;0
912;41;35;0;0;339;0;255;135;135;642;27;40;30;84344832;0
913;41;35;0;0;348;0;255;135;135;642;27;40;30;84344832;0
914;41;35;0;1;357;0;255;135;135;642;27;40;30;84344832;0
915;41;35;0;2;366;0;255;135;135;642;27;40;30;84344832;0
916;41;35;0;2;373;0;255;135;135;642;27;40;30;84344832;0
917;41;36;0;3;379;0;255;135;135;642;27;40;30;84344832;0
918;41;36;0;3;385;0;255;135;135;642;27;40;30;84344832;0
919;41;36;0;4;391;0;255;135;135;642;27;40;30;84344832;0
920;41;36;0;4;396;0;255;135;135;642;27;40;30;84344832;0
921;41;36;0;4;401;0;255;135;135;642;27;40;30;84344832;0
922;41;36;0;5;407;0;255;135;135;0;0;40;30;84353024;0
923;41;36;0;5;410;0;255;135;135;0;0;40;30;84353024;0
924;41;36;0;5;415;0;255;135;135;0;0;40;30;84353024;0
925;41;36;0;6;420;0;255;135;135;0;0;40;30;84353024;0
926;41;36;0;6;425;0;255;135;135;0;0;40;30;84353024;0
927;41;33;106;210;430;0;250;135;135;0;0;40;30;84344832;0
928;41;35;3;1;434;0;2;135;135;0;0;40;30;84344832;0
929;41;34;4;109;431;0;246;135;135;0;0;40;30;84344832;0
930;41;35;11;1;419;0;7;135;135;0;0;40;30;84344832;0
931;41;35;2;16;405;0;0;135;135;0;0;40;30;84344832;0
932;41;33;149;428;390;0;250;135;135;812;23;40;30;84344832;0
933;41;35;4;16;376;0;1;135;135;812;23;40;30;84344832;0
934;41;33;124;334;360;0;245;135;135;957;25;40;30;84344832;0
935;41;35;5;2;345;0;2;135;135;957;25;40;30;84344832;0
936;41;33;80;561;331;0;228;135;135;523;27;40;30;84344832;0
937;41;35;9;1;321;0;5;135;135;523;27;40;30;84344832;0
938;41;34;6;78;312;0;250;135;135;523;27;40;30;84344832;0
939;41;35;6;0;304;0;3;135;135;678;26;40;30;84344832;0
940;41;35;2;1;299;0;0;135;135;678;26;40;30;84344832;0
941;41;34;87;199;295;0;254;135;135;419;25;40;30;84344832;0
942;41;35;4;16;296;0;0;135;135;419;25;40;30;84344832;0
943;41;33;159;393;297;0;244;135;135;761;24;40;30;84344832;0
944;41;35;5;4;297;0;2;135;135;761;24;40;30;84344832;0
945;41;33;112;323;297;0;241;135;135;755;25;40;30;84344832;0
946;41;35;7;0;299;0;5;135;135;755;25;40;30;84344832;0
947;41;35;1;1;301;0;255;135;135;755;25;40;30;84344832;0
948;41;34;41;34;300;0;1;135;135;492;23;40;30;84344832;0
949;41;35;3;2;299;0;0;135;135;492;23;40;30;84344832;0
950;41;35;1;0;299;0;255;135;135;492;23;40;30;84344832;0
951;41;35;0;0;303;0;255;135;135;492;23;40;30;84344832;0
952;41;35;0;0;311;0;255;135;135;492;23;40;30;84344832;0
953;41;35;0;0;319;0;255;135;135;492;23;40;30;84344832;0
954;41;35;0;0;329;0;255;135;135;492;23;40;30;84344832;0
955;41;35;0;0;340;0;255;135;135;492;23;40;30;84344832;0
956;41;35;0;0;352;0;255;135;135;492;23;40;30;84344832;0
957;41;35;0;0;364;0;255;135;135;492;23;40;30;84344832;0
958;41;35;0;0;376;0;255;135;135;492;23;40;30;84344832;0
959;41;35;0;1;385;0;255;135;135;492;23;40;30;84344832;0
960;41;35;0;2;394;0;255;135;135;492;23;40;30;84344832;0
961;41;35;0;2;401;0;255;135;135;492;23;40;30;84344832;0
962;41;36;0;3;409;0;255;135;135;492;23;40;30;84344832;0
963;41;36;0;4;414;0;255;135;135;492;23;40;30;84344832;0
964;41;36;0;4;420;0;255;135;135;492;23;40;30;84344832;0
965;41;36;0;4;425;0;255;135;135;492;23;40;30;84344832;0
966;41;36;0;5;430;0;255;135;135;0;0;40;30;84353024;0
967;41;36;0;5;433;0;0;135;135;0;0;40;30;84353024;0
968;41;33;100;165;439;0;250;135;135;0;0;40;30;84344832;0
969;41;35;5;0;441;0;7;135;135;0;0;40;30;84344832;0
970;41;35;1;1;440;0;255;135;135;0;0;40;30;84344832;0
971;41;34;15;3;430;0;8;135;135;0;0;40;30;84344832;0
972;41;35;2;8;416;0;0;135;135;0;0;40;30;84344832;0
973;41;34;66;67;402;0;10;135;135;559;28;40;30;84344832;0
974;41;34;5;18;387;0;1;135;135;559;28;40;30;84344832;0
975;41;33;108;354;369;0;247;135;135;1201;25;40;30;84344832;0
976;41;35;4;0;352;0;5;135;135;1201;25;40;30;84344832;0
977;41;33;132;358;334;0;244;135;135;836;25;40;30;84344832;0
978;41;35;5;5;318;0;2;135;135;836;25;40;30;84344832;0
979;41;33;142;418;305;0;242;135;135;562;28;40;30;84344832;0
980;41;35;4;0;298;0;4;135;135;562;28;40;30;84344832;0
981;41;34;7;156;294;0;244;135;135;562;28;40;30;84344832;0
982;41;35;11;1;291;0;7;135;135;711;25;40;30;84344832;0
983;41;35;3;4;290;0;255;135;135;711;25;40;30;84344832;0
984;41;34;80;147;291;0;0;135;135;602;25;40;30;84344832;0
985;41;35;3;0;292;0;1;135;135;602;25;40;30;84344832;0
986;41;33;90;201;292;0;252;135;135;706;24;40;30;84344832;0
987;41;35;4;2;293;0;2;135;135;706;24;40;30;84344832;0
988;41;35;2;1;295;0;255;135;135;706;24;40;30;84344832;0
989;41;33;133;298;299;0;246;135;135;490;20;40;30;84344832;0
990;41;35;4;0;303;0;3;135;135;490;20;40;30;84344832;0
991;41;33;11;245;306;0;239;135;135;490;20;40;30;84344832;0
992;41;35;11;2;308;0;7;135;135;761;22;40;30;84344832;0
993;41;35;2;3;309;0;0;135;135;761;22;40;30;84344832;0
994;41;34;23;22;309;0;0;135;135;569;24;40;30;84344832;0
995;41;35;2;0;308;0;255;135;135;569;24;40;30;84344832;0
996;41;35;0;0;307;0;255;135;135;569;24;40;30;84344832;0
997;41;35;0;0;308;0;255;135;135;569;24;40;30;84344832;0
998;41;35;0;0;312;0;255;135;135;569;24;40;30;84344832;0
999;41;35;0;0;318;0;255;135;135;569;24;40;30;84344832;0
1000;41;35;0;0;325;0;255;135;135;569;24;40;30;84344832;0
1001;41;35;0;1;334;0;255;135;135;569;24;40;30;84344832;0
1002;41;35;0;1;344;0;255;135;135;569;24;40;30;84344832;0
1003;41;36;0;2;354;0;255;135;135;569;24;40;30;84344832;0
1004;41;36;0;2;364;0;255;135;135;569;24;40;30;84344832;0
1005;41;36;0;3;374;0;255;135;135;569;24;40;30;84344832;0
1006;41;36;0;4;382;0;255;135;135;569;24;40;30;84344832;0
1007;41;36;0;4;391;0;255;135;135;569;24;40;30;84344832;0
1008;41;36;0;4;399;0;255;135;135;569;24;40;30;84344832;0
1009;41;36;0;5;406;0;255;135;135;569;24;40;30;84344832;0
1010;41;36;0;5;413;0;255;135;135;569;24;40;30;84344832;0
1011;41;36;0;5;419;0;255;135;135;569;24;40;30;84344832;0
1012;41;36;0;5;426;0;255;135;135;0;0;40;30;84353024;0
1013;41;36;0;5;431;0;255;135;135;0;0;40;30;84353024;0
1014;41;36;0;6;437;0;255;135;135;0;0;40;30;84353024;0
1015;41;36;0;6;442;0;255;135;135;0;0;40;30;84353024;0
1016;41;36;0;6;448;0;255;135;135;0;0;40;30;84353024;0
1017;41;36;0;6;454;0;255;135;135;0;0;40;30;84353024;0
1018;41;36;0;6;461;0;255;135;135;0;0;40;30;84353024;0
1019;41;36;0;6;467;0;255;135;135;0;0;40;30;84353024;0
1020;41;36;0;6;474;0;255;135;135;0;0;40;30;84353024;0
1021;41;36;0;6;481;0;255;135;135;0;0;40;30;84353024;0
1022;41;36;0;7;488;0;255;135;135;0;0;40;30;84353024;0
1023;41;36;0;6;496;0;255;135;135;0;0;40;30;84353024;0
1024;41;36;0;7;504;0;255;135;135;0;0;40;30;84353024;0
1025;41;36;0;7;512;0;255;135;135;0;0;40;30;84353024;0
1026;41;36;0;7;519;0;255;135;135;0;0;40;30;84353024;0
1027;41;36;0;7;527;0;255;135;135;0;0;40;30;84353024;0
1028;41;36;0;7;535;0;255;135;135;0;0;40;30;84353024;0
1029;41;36;0;7;543;0;255;135;135;0;0;40;30;84353024;0
1030;41;36;0;7;551;0;255;135;135;0;0;40;30;84353024;0
1031;41;36;0;7;559;0;255;135;135;0;0;40;30;84353024;0
1032;41;36;0;8;566;0;255;135;135;0;0;40;30;84353024;0
1033;41;36;0;7;574;0;255;135;135;0;0;40;30;84353024;0
1034;41;36;0;7;582;0;255;135;135;0;0;40;30;84353024;0
1035;41;36;0;8;590;0;255;135;135;0;0;40;30;84353024;0
1036;41;36;0;8;598;0;255;135;135;0;0;40;30;84353024;0
1037;41;36;0;7;606;0;255;135;135;0;0;40;30;84353024;0
1038;41;36;0;7;613;0;255;135;135;0;0;40;30;84353024;0
1039;41;36;0;8;620;0;255;135;135;0;0;40;30;84353024;0
1040;41;36;0;8;628;0;255;135;135;0;0;40;30;84353024;0
1041;41;36;0;8;635;0;255;135;135;0;0;40;30;84353024;0
1042;41;36;0;8;642;0;255;135;135;0;0;40;30;84353024;0
1043;41;36;0;8;649;0;255;135;135;0;0;40;30;84353024;0
1044;41;36;0;8;655;0;255;135;135;0;0;40;30;84353024;0
1045;41;36;0;8;662;0;255;135;135;0;0;40;30;84353024;0
1046;41;36;0;8;668;0;255;135;135;0;0;40;30;84353024;0
1047;41;34;22;2;675;0;1;135;135;0;0;40;30;84344832;0
1048;41;35;2;0;680;0;0;135;135;0;0;40;30;84344832;0
1049;41;33;82;329;673;0;251;135;135;0;0;40;30;84344832;0
1050;41;35;4;15;646;0;3;135;135;0;0;40;30;84344832;0
1051;41;33;94;372;598;0;244;135;135;1073;23;40;30;84344832;0
1052;41;35;5;0;540;0;4;135;135;1073;23;40;30;84344832;0
1053;41;35;1;0;476;0;255;135;135;1073;23;40;30;84344832;0
1054;41;33;80;265;428;0;248;135;135;694;19;40;30;84344832;0
1055;41;35;4;0;387;0;2;135;135;694;19;40;30;84344832;0
1056;41;34;1;0;374;0;231;135;135;0;0;40;30;84279296;0
1117;41;36;0;4;211;0;255;135;135;0;0;40;30;84279296;0
1178;41;36;0;5;211;0;255;135;135;0;0;40;30;84279296;0
1239;41;36;0;5;210;0;255;135;135;0;0;40;30;84279296;0
