# time;P_O2, atm;P_He, atm;Flow O2, l/min;Flow He, l/min;FiO2 Env, %;FiO2 sens2, %;P mask, cm H2O;Tmask, gradC;Tnagr, gradC;V, ml;f, 1/min;Tzad, gradC;FiO2 zad, %;Flags;
# POWERON 27.11.2018 15:00:27
1;0;0;0;5;0;0;0;23;23;0;0;40;30;84279808;0
50;0;0;0;6;632;0;248;24;23;0;0;40;30;84279301;0
86;40;0;0;5;208;0;255;24;23;0;0;40;30;84279300;0
100;40;32;0;5;208;0;255;24;23;0;0;40;30;84279296;0
127;40;33;0;5;188;0;255;24;23;0;0;40;30;84344832;0
128;40;33;0;5;188;0;255;24;24;0;0;40;30;84344832;0
129;40;33;0;5;188;0;255;24;26;0;0;40;30;84344832;0
130;40;33;0;5;188;0;255;24;28;0;0;40;30;84344832;0
131;40;30;180;386;188;0;246;24;30;0;0;40;30;84344832;0
132;40;31;31;21;191;0;10;25;32;0;0;40;30;84344832;0
133;40;31;1;0;207;0;6;24;34;0;0;40;30;84344832;0
134;40;30;208;314;231;0;242;25;36;1924;18;40;30;84344832;0
135;40;31;58;63;261;0;8;26;38;1924;18;40;30;84344832;0
136;40;31;2;0;287;0;8;26;40;1924;18;40;30;84344832;0
137;40;30;25;251;309;0;242;26;42;1924;18;40;30;84344832;0
138;40;30;147;254;326;0;249;27;44;1563;16;40;30;84344832;0
139;40;31;7;0;340;0;8;28;46;1563;16;40;30;84344832;0
140;40;31;1;1;348;0;3;28;48;1563;16;40;30;84344832;0
141;40;30;137;327;356;0;246;29;49;1205;17;40;30;84344832;0
142;40;30;55;144;360;0;0;31;51;1205;17;40;30;84344832;0
143;40;30;26;61;358;0;0;32;53;1205;17;40;30;84344832;0
144;40;30;32;283;351;0;238;32;54;1205;17;40;30;84344832;0
145;40;30;51;65;339;0;6;34;55;1892;15;40;30;84344832;0
146;40;31;6;1;327;0;8;34;56;1015;35;40;30;84344832;0
147;40;30;103;265;316;0;246;33;57;114;44;40;30;84344832;0
148;40;30;127;269;312;0;1;36;57;114;44;40;30;84344832;0
149;40;31;2;0;309;0;8;35;58;114;44;40;30;84344832;0
150;40;30;99;320;306;0;244;35;58;1208;19;40;30;84344832;0
151;40;30;108;188;306;0;4;37;59;1208;19;40;30;84344832;0
152;40;31;3;0;305;0;6;37;59;1208;19;40;30;84344832;0
153;40;30;119;267;306;0;244;37;60;1314;19;40;30;84344832;0
154;40;30;91;144;308;0;5;39;60;1314;19;40;30;84344832;0
155;40;31;3;0;310;0;7;39;61;1314;19;40;30;84344832;0
156;40;30;104;235;311;0;245;38;61;1214;19;37;30;84344832;0
157;40;30;125;219;313;0;3;40;61;1214;19;37;30;84344832;0
158;40;31;3;0;315;0;6;40;61;1214;19;37;30;84344832;0
159;40;30;112;281;315;0;245;40;61;1361;19;37;30;84344832;0
160;40;30;157;409;317;0;245;42;60;1361;19;37;30;84344832;0
161;40;31;4;0;320;0;8;42;60;1361;19;37;30;84344832;0
162;40;30;7;214;319;0;245;41;59;1361;19;37;30;84344832;0
163;40;30;143;388;320;0;244;42;59;1446;18;37;30;84344832;0
164;40;31;5;1;320;0;8;43;58;1446;18;37;30;84344832;0
165;40;30;5;200;319;0;242;42;58;1446;18;37;30;84344832;0
166;40;30;149;400;319;0;245;43;57;1359;18;37;30;84344832;0
167;40;31;4;0;318;0;7;43;57;1359;18;37;30;84344832;0
168;40;30;35;403;316;0;235;42;56;1381;19;37;30;84344832;0
169;40;30;103;203;316;0;2;43;56;1381;19;37;30;84344832;0
170;40;31;4;1;315;0;5;44;55;1381;19;37;30;84344832;0
171;40;30;50;287;313;0;242;43;55;1177;21;37;30;84344832;0
172;40;30;144;390;312;0;247;44;54;1177;21;37;30;84344832;0
173;40;31;5;1;311;0;9;44;54;1177;21;37;30;84344832;0
174;40;30;1;64;308;0;247;43;54;1177;21;37;30;84344832;0
175;40;30;145;407;307;0;244;44;53;1485;17;37;30;84344832;0
176;40;31;6;1;306;0;7;44;53;1485;17;37;30;84344832;0
177;40;30;4;45;305;0;255;43;53;1485;17;37;30;84344832;0
178;40;30;122;340;305;0;247;44;52;1393;19;37;30;84344832;0
179;40;31;7;1;306;0;7;44;52;1393;19;37;30;84344832;0
180;40;30;6;132;305;0;247;44;52;1393;19;37;30;84344832;0
181;40;30;132;363;303;0;246;44;51;1335;18;37;30;84344832;0
182;40;31;7;1;302;0;8;44;51;1335;18;37;30;84344832;0
183;40;30;4;156;299;0;242;44;51;1335;18;37;30;84344832;0
184;40;30;136;379;297;0;245;44;50;1274;19;37;30;84344832;0
185;40;31;6;1;295;0;7;44;50;1274;19;37;30;84344832;0
186;40;31;1;53;294;0;249;44;50;1274;19;37;30;84344832;0
187;40;30;138;365;294;0;244;44;49;1359;19;37;30;84344832;0
188;40;31;5;1;296;0;7;44;49;1359;19;37;30;84344832;0
189;40;30;2;141;297;0;242;43;49;1359;19;37;30;84344832;0
190;40;30;148;377;299;0;245;44;49;1270;19;37;30;84344832;0
191;40;31;4;0;301;0;6;44;48;1270;19;37;30;84344832;0
192;40;30;112;269;302;0;245;43;48;1172;21;37;30;84344832;0
193;40;31;19;8;303;0;8;44;48;1172;21;37;30;84344832;0
194;40;31;2;2;304;0;1;44;48;1172;21;37;30;84344832;0
195;40;30;125;345;303;0;245;44;47;1072;21;37;30;84344832;0
196;40;31;9;2;303;0;8;44;47;1072;21;37;30;84344832;0
197;40;31;2;19;302;0;0;43;47;1072;21;37;30;84344832;0
198;40;30;131;347;302;0;248;43;47;1145;21;37;30;84344832;0
199;40;31;4;0;302;0;6;43;46;1145;21;37;30;84344832;0
200;40;30;75;249;301;0;245;43;46;1139;20;37;30;84344832;0
201;40;30;118;291;302;0;252;43;46;1139;20;37;30;84344832;0
202;40;31;3;1;302;0;4;43;46;1139;20;37;30;84344832;0
203;40;30;126;271;300;0;244;43;45;1074;20;37;30;84344832;0
204;40;30;68;101;299;0;5;43;45;1074;20;37;30;84344832;0
205;40;31;2;0;298;0;5;43;45;1074;20;37;30;84344832;0
206;40;30;147;400;297;0;242;43;45;1116;22;37;30;84344832;0
207;40;31;9;2;298;0;7;43;45;1116;22;37;30;84344832;0
208;40;31;1;5;298;0;1;43;44;1116;22;37;30;84344832;0
209;40;30;129;341;300;0;246;42;44;1313;20;37;30;84344832;0
210;40;31;5;0;304;0;7;42;44;1313;20;37;30;84344832;0
211;40;30;6;270;305;0;237;42;44;1313;20;37;30;84344832;0
212;40;30;147;363;306;0;250;42;44;1155;20;37;30;84344832;0
213;40;31;4;0;307;0;7;42;43;1155;20;37;30;84344832;0
214;40;30;133;310;307;0;243;42;43;1332;20;37;30;84344832;0
215;40;30;77;130;308;0;6;42;43;1332;20;37;30;84344832;0
216;40;31;2;0;308;0;5;42;43;1332;20;37;30;84344832;0
217;40;30;127;341;307;0;243;42;43;1220;20;37;30;84344832;0
218;40;30;50;77;308;0;5;42;43;1220;20;37;30;84344832;0
219;40;31;2;0;307;0;5;42;42;1220;20;37;30;84344832;0
220;40;30;117;322;305;0;245;42;42;1234;20;37;30;84344832;0
221;40;31;14;6;303;0;7;41;42;1234;20;37;30;84344832;0
222;40;31;1;0;301;0;3;41;42;1234;20;37;30;84344832;0
223;40;30;128;354;299;0;244;41;42;1179;19;37;30;84344832;0
224;40;31;29;27;300;0;7;41;41;1179;19;37;30;84344832;0
225;40;31;2;0;299;0;4;41;41;1179;19;37;30;84344832;0
226;40;30;121;329;298;0;244;41;41;1353;18;37;30;84344832;0
227;40;31;24;14;299;0;8;41;41;1353;18;37;30;84344832;0
228;40;31;2;3;298;0;3;41;41;1353;18;37;30;84344832;0
229;40;30;66;141;299;0;0;41;41;1160;21;37;30;84344832;0
230;40;30;32;75;300;0;0;41;41;1160;21;37;30;84344832;0
231;40;31;7;4;300;0;255;41;40;1160;21;37;30;84344832;0
232;40;30;129;309;298;0;242;41;40;1206;16;37;30;84344832;0
233;40;30;57;81;293;0;6;40;40;1206;16;37;30;84344832;0
234;40;31;3;0;289;0;5;41;40;1206;16;37;30;84344832;0
235;40;30;131;333;287;0;241;40;40;1212;20;37;30;84344832;0
236;40;30;42;48;290;0;7;40;40;1212;20;37;30;84344832;0
237;40;31;2;0;294;0;4;40;40;1212;20;37;30;84344832;0
238;40;30;122;304;297;0;244;40;40;1243;19;37;30;84344832;0
239;40;30;59;76;301;0;7;40;39;1243;19;37;30;84344832;0
240;40;31;2;0;304;0;4;40;39;1243;19;37;30;84344832;0
241;40;30;120;303;306;0;245;40;39;1304;19;37;30;84344832;0
242;40;31;20;11;309;0;6;40;39;1304;19;37;30;84344832;0
243;40;31;2;0;311;0;4;40;39;1304;19;37;30;84344832;0
244;40;30;129;343;311;0;245;39;39;1062;21;37;30;84344832;0
245;40;30;21;72;310;0;1;39;39;1062;21;37;30;84344832;0
246;40;31;19;33;309;0;255;39;38;1062;21;37;30;84344832;0
247;40;31;3;19;307;0;241;39;38;1062;21;37;30;84344832;0
248;40;30;84;109;306;0;6;39;38;1595;15;37;30;84344832;0
249;40;31;12;10;301;0;2;39;38;881;38;37;30;84344832;0
250;40;31;1;0;297;0;0;39;38;881;38;37;30;84344832;0
251;40;30;63;102;297;0;3;39;38;191;33;37;30;84344832;0
252;40;31;5;1;301;0;2;39;38;191;33;37;30;84344832;0
253;40;30;128;324;303;0;243;39;38;870;26;37;30;84344832;0
254;40;30;17;39;306;0;255;39;38;870;26;37;30;84344832;0
255;40;31;4;0;307;0;255;39;38;870;26;37;30;84344832;0
256;40;31;0;0;308;0;255;39;38;870;26;37;30;84344832;0
257;40;30;169;446;310;0;238;39;37;933;14;37;30;84344832;0
258;40;31;15;6;311;0;8;39;37;933;14;37;30;84344832;0
259;40;31;1;0;310;0;4;39;37;933;14;37;30;84344832;0
260;40;30;154;405;310;0;247;38;37;1295;21;37;30;84344832;0
261;40;31;8;1;310;0;8;38;37;1295;21;37;30;84344832;0
262;40;31;1;0;309;0;3;38;37;1295;21;37;30;84344832;0
263;40;30;143;414;308;0;244;38;37;1394;19;37;30;84344832;0
264;40;31;7;1;307;0;8;38;37;1394;19;37;30;84344832;0
265;40;31;1;6;305;0;0;38;37;1394;19;37;30;84344832;0
266;40;30;122;349;304;0;244;38;37;1268;19;37;30;84344832;0
267;40;31;9;1;304;0;6;38;36;1268;19;37;30;84344832;0
268;40;30;10;270;302;0;241;38;36;1268;19;37;30;84344832;0
269;40;30;110;301;300;0;247;38;36;1268;20;37;30;84344832;0
270;40;31;6;0;300;0;6;38;36;1268;20;37;30;84344832;0
271;40;31;1;10;297;0;255;38;36;1268;20;37;30;84344832;0
272;40;30;120;311;295;0;248;37;36;1194;19;37;30;84344832;0
273;40;31;7;1;294;0;6;37;36;1194;19;37;30;84344832;0
274;40;31;1;1;292;0;1;37;36;1194;19;37;30;84344832;0
275;40;30;126;330;292;0;247;37;36;1247;19;37;30;84344832;0
276;40;31;8;1;292;0;7;37;36;1247;19;37;30;84344832;0
277;40;31;1;1;292;0;1;37;36;1247;19;37;30;84344832;0
278;40;30;147;364;293;0;245;37;36;1253;19;37;30;84344832;0
279;40;31;6;0;294;0;6;37;36;1253;19;37;30;84344832;0
280;40;31;1;4;295;0;255;37;37;1253;19;37;30;84344832;0
281;40;30;119;296;298;0;248;37;38;1225;19;37;30;84344832;0
282;40;31;4;0;301;0;5;37;38;1225;19;37;30;84344832;0
283;40;30;137;343;303;0;243;37;38;1087;20;37;30;84344832;0
284;40;30;102;192;303;0;3;37;38;1087;20;37;30;84344832;0
285;40;31;3;0;304;0;5;37;38;1087;20;37;30;84344832;0
286;40;30;140;292;304;0;244;37;38;1273;19;37;30;84344832;0
287;40;30;94;177;305;0;1;37;38;1273;19;37;30;84344832;0
288;40;31;3;0;305;0;5;37;38;1273;19;37;30;84344832;0
289;40;30;132;353;304;0;244;37;38;1172;20;37;30;84344832;0
290;40;31;19;14;304;0;7;37;37;1172;20;37;30;84344832;0
291;40;31;2;17;303;0;0;37;37;986;26;37;30;84344832;0
292;40;30;147;410;303;0;237;37;37;155;61;37;30;84344832;0
293;40;31;31;70;303;0;0;37;37;155;61;37;30;84344832;0
294;40;31;6;2;302;0;255;37;37;155;61;37;30;84344832;0
295;40;30;129;341;302;0;243;37;37;934;20;37;30;84344832;0
296;40;31;8;2;300;0;6;37;37;934;20;37;30;84344832;0
297;40;30;13;62;298;0;0;37;37;921;25;37;30;84344832;0
298;40;30;132;347;297;0;247;37;37;921;25;37;30;84344832;0
299;40;31;5;1;299;0;5;37;36;921;25;37;30;84344832;0
300;40;31;11;13;301;0;255;37;36;1190;22;37;30;84344832;0
301;40;31;2;0;302;0;255;37;36;1190;22;37;30;84344832;0
302;40;30;129;353;306;0;241;37;36;191;25;37;30;84344832;0
303;40;31;11;2;310;0;7;37;36;191;25;37;30;84344832;0
304;40;31;7;152;310;0;251;37;37;191;25;37;30;84344832;0
305;40;30;76;123;311;0;3;37;38;1040;21;37;30;84344832;0
306;40;31;23;38;311;0;0;37;40;1040;21;37;30;84344832;0
307;40;30;140;381;310;0;245;37;41;1025;26;37;30;84344832;0
308;40;31;31;71;308;0;0;37;42;1025;26;37;30;84344832;0
309;40;30;12;320;304;0;233;37;42;1025;26;37;30;84344832;0
310;40;31;59;80;301;0;5;38;42;1170;21;40;30;84344832;0
311;40;31;2;0;297;0;6;38;42;1170;21;40;30;84344832;0
312;40;30;122;340;294;0;244;38;42;959;22;40;30;84344832;0
313;40;31;36;35;294;0;6;38;44;959;22;40;30;84344832;0
314;40;31;2;0;294;0;5;38;45;959;22;40;30;84344832;0
315;40;30;126;317;295;0;246;38;45;1150;21;40;30;84344832;0
316;40;31;13;4;295;0;8;39;47;1150;21;40;30;84344832;0
317;40;31;1;1;296;0;3;39;48;1150;21;40;30;84344832;0
318;40;30;126;309;297;0;248;39;48;1281;20;40;30;84344832;0
319;40;31;7;1;299;0;7;40;49;1281;20;40;30;84344832;0
320;40;31;2;13;299;0;255;39;50;1281;20;40;30;84344832;0
321;40;30;123;306;299;0;248;40;50;1129;20;40;30;84344832;0
322;40;31;7;1;299;0;6;40;50;1129;20;40;30;84344832;0
323;40;30;4;202;298;0;242;40;50;1129;20;40;30;84344832;0
324;40;30;121;287;298;0;250;41;50;1190;19;40;30;84344832;0
325;40;31;5;1;298;0;5;41;49;1190;19;40;30;84344832;0
326;40;30;112;247;298;0;247;41;49;1055;21;40;30;84344832;0
327;40;31;53;118;299;0;0;41;49;1055;21;40;30;84344832;0
328;40;31;23;52;300;0;0;41;48;1055;21;40;30;84344832;0
329;40;31;4;1;299;0;255;41;48;1055;21;40;30;84344832;0
330;40;31;1;0;299;0;255;41;48;1055;21;40;30;84344832;0
331;40;30;46;367;298;0;234;41;48;1055;21;40;30;84344832;0
332;40;31;55;90;296;0;3;41;47;1416;11;40;30;84344832;0
333;40;31;8;16;294;0;0;42;47;1416;11;40;30;84344832;0
334;40;30;156;365;294;0;244;42;47;1243;22;40;30;84344832;0
335;40;31;10;2;297;0;6;42;46;1243;22;40;30;84344832;0
336;40;31;2;2;300;0;1;42;46;1243;22;40;30;84344832;0
337;40;30;139;335;303;0;247;42;46;1031;22;40;30;84344832;0
338;40;31;5;2;307;0;1;42;46;1031;22;40;30;84344832;0
339;40;30;138;357;309;0;242;42;46;1097;21;40;30;84344832;0
340;40;31;10;2;311;0;6;42;45;1097;21;40;30;84344832;0
341;40;31;1;0;312;0;3;42;45;1097;21;40;30;84344832;0
342;40;30;144;391;312;0;245;42;45;906;22;40;30;84344832;0
343;40;31;12;8;312;0;5;42;45;906;22;40;30;84344832;0
344;40;31;2;0;312;0;4;41;45;906;22;40;30;84344832;0
345;40;30;145;381;312;0;244;42;44;1145;19;40;30;84344832;0
346;40;31;9;1;313;0;6;42;44;1145;19;40;30;84344832;0
347;40;31;1;9;312;0;255;41;44;1145;19;40;30;84344832;0
348;40;30;137;356;311;0;247;41;44;1245;20;40;30;84344832;0
349;40;31;6;1;311;0;6;41;44;1245;20;40;30;84344832;0
350;40;30;117;390;310;0;240;41;43;1269;21;40;30;84344832;0
351;40;31;50;68;309;0;6;41;43;1269;21;40;30;84344832;0
352;40;31;2;0;309;0;6;41;43;1269;21;40;30;84344832;0
353;40;30;131;369;306;0;244;41;43;1133;20;40;30;84344832;0
354;40;31;22;16;305;0;6;41;43;1133;20;40;30;84344832;0
355;40;31;12;25;302;0;255;41;43;1055;36;40;30;84344832;0
356;40;30;8;370;300;0;229;41;42;1055;36;40;30;84344832;0
357;40;31;44;58;302;0;4;41;42;286;30;40;30;84344832;0
358;40;31;9;4;303;0;2;41;42;286;30;40;30;84344832;0
359;40;30;140;369;303;0;241;41;42;991;21;40;30;84344832;0
360;40;31;29;22;303;0;7;41;42;991;21;40;30;84344832;0
361;40;31;2;1;304;0;5;41;42;991;21;40;30;84344832;0
362;40;30;131;345;303;0;246;41;42;978;21;40;30;84344832;0
363;40;31;13;3;303;0;8;41;41;978;21;40;30;84344832;0
364;40;31;2;1;302;0;3;41;41;978;21;40;30;84344832;0
365;40;30;111;298;301;0;247;41;41;1297;19;40;30;84344832;0
366;40;31;8;1;302;0;6;41;41;1297;19;40;30;84344832;0
367;40;30;9;198;301;0;239;41;41;865;29;40;30;84344832;0
368;40;30;97;238;299;0;252;41;41;170;88;40;30;84344832;0
369;40;31;4;0;296;0;7;41;41;170;88;40;30;84344832;0
370;40;30;10;328;294;0;235;40;40;170;88;40;30;84344832;0
371;40;30;116;279;292;0;252;40;40;1041;19;40;30;84344832;0
372;40;31;3;0;292;0;4;40;40;1041;19;40;30;84344832;0
373;40;30;140;346;291;0;240;40;40;1085;21;40;30;84344832;0
374;40;31;44;49;292;0;7;40;40;1085;21;40;30;84344832;0
375;40;31;2;1;294;0;4;40;40;1085;21;40;30;84344832;0
376;40;30;143;367;297;0;242;40;40;1219;20;40;30;84344832;0
377;40;31;23;50;302;0;0;40;40;1219;20;40;30;84344832;0
378;40;32;2;0;306;0;2;40;40;1219;20;40;30;84344832;0
379;40;30;140;351;309;0;243;40;39;783;19;40;30;84344832;0
380;40;31;8;2;312;0;5;40;39;783;19;40;30;84344832;0
381;40;30;135;292;312;0;244;40;39;938;25;40;30;84344832;0
382;40;31;10;2;312;0;6;40;39;938;25;40;30;84344832;0
383;40;31;2;148;311;0;241;40;40;938;25;40;30;84344832;0
384;40;30;121;311;310;0;249;40;41;865;25;40;30;84344832;0
385;40;31;4;0;307;0;4;40;42;865;25;40;30;84344832;0
386;40;30;108;303;304;0;243;40;43;1000;20;40;30;84344832;0
387;40;31;56;78;303;0;5;40;43;1000;20;40;30;84344832;0
388;40;31;2;0;302;0;3;40;43;1000;20;40;30;84344832;0
389;40;30;129;334;300;0;244;40;43;1084;21;40;30;84344832;0
390;40;31;12;2;300;0;8;40;43;1084;21;40;30;84344832;0
391;40;32;1;2;300;0;0;40;43;1084;21;40;30;84344832;0
392;40;30;122;315;300;0;247;40;43;1054;21;40;30;84344832;0
393;40;31;5;0;300;0;5;40;42;1054;21;40;30;84344832;0
394;40;30;71;267;299;0;243;40;42;955;22;40;30;84344832;0
395;40;31;64;94;298;0;4;40;42;955;22;40;30;84344832;0
396;40;31;3;1;298;0;3;40;42;955;22;40;30;84344832;0
397;40;30;113;302;298;0;247;40;42;1142;23;40;30;84344832;0
398;40;31;4;0;300;0;6;40;42;1142;23;40;30;84344832;0
399;40;30;136;321;302;0;244;40;41;1025;21;40;30;84344832;0
400;40;31;59;96;304;0;5;40;41;1025;21;40;30;84344832;0
401;40;32;2;1;306;0;4;40;41;1025;21;40;30;84344832;0
402;40;30;141;372;307;0;245;40;41;1123;22;40;30;84344832;0
403;40;31;6;1;309;0;6;40;41;1123;22;40;30;84344832;0
404;40;30;124;307;310;0;244;40;41;1007;24;40;30;84344832;0
405;40;31;14;4;310;0;6;40;41;1007;24;40;30;84344832;0
406;40;32;2;2;310;0;1;40;40;1007;24;40;30;84344832;0
407;40;30;94;252;308;0;248;40;40;935;22;40;30;84344832;0
408;40;31;6;0;307;0;5;40;40;935;22;40;30;84344832;0
409;40;30;8;245;304;0;242;40;40;935;22;40;30;84344832;0
410;40;31;68;119;300;0;1;40;40;925;21;40;30;84344832;0
411;40;32;3;1;298;0;3;40;40;925;21;40;30;84344832;0
412;40;30;122;276;295;0;245;40;40;882;20;40;30;84344832;0
413;40;31;50;64;292;0;4;40;40;882;20;40;30;84344832;0
414;40;32;2;0;289;0;4;40;39;882;20;40;30;84344832;0
415;40;30;121;274;287;0;251;39;39;1067;22;40;30;84344832;0
416;40;31;7;1;286;0;6;39;39;1067;22;40;30;84344832;0
417;40;32;1;1;287;0;1;39;40;1067;22;40;30;84344832;0
418;40;30;150;365;290;0;242;39;41;924;19;40;30;84344832;0
419;40;31;12;3;295;0;6;39;41;924;19;40;30;84344832;0
420;40;32;2;0;297;0;4;39;41;924;19;40;30;84344832;0
421;40;30;103;289;301;0;243;39;41;924;19;40;30;84344832;0
422;40;30;112;181;307;0;3;39;41;1386;16;40;30;84344832;0
423;40;32;3;0;312;0;5;39;41;1386;16;40;30;84344832;0
424;40;30;123;313;315;0;246;39;41;1304;21;40;30;84344832;0
425;40;31;18;9;318;0;7;39;41;1304;21;40;30;84344832;0
426;40;32;2;0;319;0;3;39;41;1304;21;40;30;84344832;0
427;40;30;3;189;318;0;241;40;41;1304;21;40;30;84344832;0
428;40;30;131;358;317;0;245;40;41;1095;16;40;30;84344832;0
429;40;31;6;1;317;0;5;39;40;1095;16;40;30;84344832;0
430;40;30;90;383;314;0;239;40;40;1240;21;40;30;84344832;0
431;40;31;56;86;313;0;6;39;40;1240;21;40;30;84344832;0
432;40;32;2;0;312;0;4;39;40;1240;21;40;30;84344832;0
433;40;30;105;256;310;0;246;39;40;1146;20;40;30;84344832;0
434;40;31;91;154;310;0;3;39;40;1146;20;40;30;84344832;0
435;40;32;2;0;310;0;4;39;40;1146;20;40;30;84344832;0
436;40;30;119;273;308;0;245;39;40;1152;19;40;30;84344832;0
437;40;31;79;148;308;0;2;39;40;1152;19;40;30;84344832;0
438;40;32;3;0;308;0;5;39;40;1152;19;40;30;84344832;0
439;40;30;124;336;306;0;245;39;41;1171;19;40;30;84344832;0
440;40;31;48;73;304;0;5;40;42;1171;19;40;30;84344832;0
441;40;32;2;0;302;0;3;39;44;1171;19;40;30;84344832;0
442;40;30;94;315;299;0;242;39;44;1144;18;40;30;84344832;0
443;40;30;101;245;298;0;254;40;44;1144;18;40;30;84344832;0
444;40;32;3;0;296;0;4;40;44;1144;18;40;30;84344832;0
445;40;32;1;8;294;0;248;40;44;1144;18;40;30;84344832;0
446;40;30;106;286;294;0;247;40;44;1169;17;40;30;84344832;0
447;40;32;5;0;295;0;5;40;44;1169;17;40;30;84344832;0
448;40;32;1;1;294;0;0;40;44;1169;17;40;30;84344832;0
449;40;30;110;281;293;0;247;40;44;1023;18;40;30;84344832;0
450;40;32;5;0;294;0;5;40;44;1023;18;40;30;84344832;0
451;40;32;1;1;295;0;0;40;43;1023;18;40;30;84344832;0
452;40;30;123;300;295;0;247;40;43;1019;19;40;30;84344832;0
453;40;31;6;1;297;0;5;40;43;1019;19;40;30;84344832;0
454;40;32;1;1;298;0;0;40;43;1019;19;40;30;84344832;0
455;40;30;112;273;299;0;248;40;43;1084;19;40;30;84344832;0
456;40;32;6;0;301;0;6;40;42;1084;19;40;30;84344832;0
457;40;31;7;33;300;0;0;40;42;1002;22;40;30;84344832;0
458;40;30;124;316;301;0;247;40;42;1002;22;40;30;84344832;0
459;40;32;6;0;303;0;7;40;42;1002;22;40;30;84344832;0
460;40;32;1;2;303;0;0;40;42;1002;22;40;30;84344832;0
461;40;30;119;289;304;0;249;40;42;1260;16;40;30;84344832;0
462;40;31;8;1;305;0;6;40;41;1260;16;40;30;84344832;0
463;40;32;1;2;304;0;0;40;41;1260;16;40;30;84344832;0
464;40;30;113;289;303;0;247;40;41;1087;19;40;30;84344832;0
465;40;32;6;0;302;0;5;40;41;1087;19;40;30;84344832;0
466;40;31;5;207;300;0;241;40;41;1087;19;40;30;84344832;0
467;40;31;106;203;299;0;0;40;41;1007;21;40;30;84344832;0
468;40;32;3;1;297;0;3;40;41;1007;21;40;30;84344832;0
469;40;30;111;272;296;0;245;40;41;897;22;40;30;84344832;0
470;40;31;9;1;296;0;6;40;40;897;22;40;30;84344832;0
471;40;30;34;335;296;0;238;40;40;897;22;40;30;84344832;0
472;40;31;92;163;297;0;0;40;40;812;24;40;30;84344832;0
473;40;32;3;0;296;0;4;40;40;812;24;40;30;84344832;0
474;40;31;5;183;297;0;244;40;40;812;24;40;30;84344832;0
475;40;31;95;226;298;0;249;40;40;995;18;40;30;84344832;0
476;40;32;4;0;300;0;4;40;40;995;18;40;30;84344832;0
477;40;32;1;8;299;0;244;40;40;995;18;40;30;84344832;0
478;40;31;97;225;299;0;250;40;40;867;19;40;30;84344832;0
479;40;32;4;0;298;0;3;40;39;867;19;40;30;84344832;0
480;40;30;118;320;296;0;242;40;39;853;20;40;30;84344832;0
481;40;31;77;141;295;0;0;39;39;853;20;40;30;84344832;0
482;40;32;3;0;295;0;4;39;39;853;20;40;30;84344832;0
483;40;30;45;315;295;0;239;39;40;853;20;40;30;84344832;0
484;40;31;50;65;296;0;4;39;41;986;19;40;30;84344832;0
485;40;32;2;0;297;0;3;40;41;986;19;40;30;84344832;0
486;40;31;97;205;297;0;248;40;41;930;20;40;30;84344832;0
487;40;31;64;95;298;0;2;40;41;930;20;40;30;84344832;0
488;40;32;2;0;298;0;2;40;41;930;20;40;30;84344832;0
489;40;30;119;273;298;0;244;40;41;872;20;40;30;84344832;0
490;40;31;30;24;299;0;5;40;41;872;20;40;30;84344832;0
491;40;32;1;0;299;0;2;40;41;872;20;40;30;84344832;0
492;40;31;114;268;300;0;245;40;41;989;19;40;30;84344832;0
493;40;31;18;9;301;0;6;40;41;989;19;40;30;84344832;0
494;40;32;2;0;302;0;2;40;41;989;19;40;30;84344832;0
495;40;31;106;218;302;0;246;39;40;978;17;40;30;84344832;0
496;40;31;64;100;303;0;2;39;40;978;17;40;30;84344832;0
497;40;32;3;0;304;0;3;39;40;978;17;40;30;84344832;0
498;40;30;21;244;303;0;243;39;40;978;17;40;30;84344832;0
499;40;31;94;222;302;0;248;39;40;934;18;40;30;84344832;0
500;40;32;4;0;302;0;4;39;40;934;18;40;30;84344832;0
501;40;30;31;330;300;0;237;39;40;934;18;40;30;84344832;0
502;40;31;90;167;299;0;0;39;40;965;19;40;30;84344832;0
503;40;32;3;1;298;0;4;39;40;965;19;40;30;84344832;0
504;40;30;126;264;299;0;245;39;40;1026;20;40;30;84344832;0
505;40;31;48;57;300;0;4;39;39;1026;20;40;30;84344832;0
506;40;32;2;0;302;0;2;39;40;1026;20;40;30;84344832;0
507;40;31;117;248;302;0;245;39;41;976;19;40;30;84344832;0
508;40;31;50;59;303;0;4;39;42;976;19;40;30;84344832;0
509;40;32;2;1;304;0;2;39;42;976;19;40;30;84344832;0
510;40;30;130;279;303;0;244;39;42;927;19;40;30;84344832;0
511;40;31;58;79;301;0;3;39;42;927;19;40;30;84344832;0
512;40;32;2;0;300;0;2;39;42;927;19;40;30;84344832;0
513;40;31;117;241;299;0;246;39;42;952;20;40;30;84344832;0
514;40;31;15;6;299;0;5;39;41;952;20;40;30;84344832;0
515;40;32;1;1;300;0;1;39;41;952;20;40;30;84344832;0
516;40;31;105;235;300;0;246;39;41;872;19;40;30;84344832;0
517;40;31;33;35;300;0;3;39;41;872;19;40;30;84344832;0
518;40;32;2;0;300;0;2;39;41;872;19;40;30;84344832;0
519;40;31;6;185;300;0;243;39;41;872;19;40;30;84344832;0
520;40;31;103;232;301;0;248;39;41;880;17;40;30;84344832;0
521;40;32;5;0;303;0;4;39;41;880;17;40;30;84344832;0
522;40;32;1;0;303;0;0;39;40;880;17;40;30;84344832;0
523;40;31;110;270;303;0;247;39;40;928;17;40;30;84344832;0
524;40;32;8;1;304;0;5;39;40;928;17;40;30;84344832;0
525;40;32;1;1;304;0;0;39;40;928;17;40;30;84344832;0
526;40;31;94;227;304;0;249;39;40;964;19;40;30;84344832;0
527;40;32;6;1;304;0;5;39;40;964;19;40;30;84344832;0
528;40;31;4;18;303;0;255;39;40;964;19;40;30;84344832;0
529;40;30;123;301;301;0;245;39;40;842;18;40;30;84344832;0
530;40;32;6;1;299;0;7;39;40;842;18;40;30;84344832;0
531;40;32;1;2;298;0;0;39;40;842;18;40;30;84344832;0
532;40;31;125;301;298;0;246;39;39;982;19;40;30;84344832;0
533;40;32;8;1;301;0;7;39;39;982;19;40;30;84344832;0
534;40;32;1;0;303;0;0;39;41;982;19;40;30;84344832;0
535;40;31;100;238;304;0;247;39;42;1059;18;40;30;84344832;0
536;40;31;16;7;306;0;6;39;43;1059;18;40;30;84344832;0
537;40;32;2;2;306;0;0;39;44;1059;18;40;30;84344832;0
538;40;31;117;263;305;0;249;39;45;962;19;40;30;84344832;0
539;40;31;13;2;304;0;8;40;45;962;19;40;30;84344832;0
540;40;32;2;1;302;0;1;40;45;962;19;40;30;84344832;0
541;40;31;111;278;301;0;246;40;45;1112;18;40;30;84344832;0
542;40;31;20;9;301;0;7;40;44;1112;18;40;30;84344832;0
543;40;32;2;0;300;0;1;40;44;1112;18;40;30;84344832;0
544;40;31;105;234;299;0;246;40;44;965;18;40;30;84344832;0
545;40;31;74;118;300;0;1;40;44;965;18;40;30;84344832;0
546;40;32;3;0;300;0;3;40;44;965;18;40;30;84344832;0
547;40;30;31;254;298;0;241;40;44;965;18;40;30;84344832;0
548;40;31;87;196;298;0;252;40;44;937;18;40;30;84344832;0
549;40;32;3;0;298;0;3;40;43;937;18;40;30;84344832;0
550;40;30;22;250;297;0;242;40;43;937;18;40;30;84344832;0
551;40;31;92;202;296;0;252;40;43;844;18;40;30;84344832;0
552;40;32;4;0;295;0;3;40;43;844;18;40;30;84344832;0
553;40;30;30;309;294;0;238;40;43;844;18;40;30;84344832;0
554;40;31;80;141;296;0;0;40;42;941;19;40;30;84344832;0
555;40;32;4;0;298;0;4;40;42;941;19;40;30;84344832;0
556;40;31;4;176;299;0;243;40;42;941;19;40;30;84344832;0
557;40;31;97;216;302;0;250;40;42;980;18;40;30;84344832;0
558;40;32;4;0;304;0;4;40;42;980;18;40;30;84344832;0
559;40;31;8;205;304;0;243;40;42;980;18;40;30;84344832;0
560;40;31;94;208;304;0;251;40;42;855;19;40;30;84344832;0
561;40;32;3;0;304;0;3;40;42;855;19;40;30;84344832;0
562;40;30;26;287;303;0;239;40;41;855;19;40;30;84344832;0
563;40;31;98;232;302;0;250;40;41;850;19;40;30;84344832;0
564;40;32;4;0;301;0;4;40;41;850;19;40;30;84344832;0
565;40;31;3;166;300;0;243;40;41;850;19;40;30;84344832;0
566;40;31;102;238;300;0;249;40;41;956;18;40;30;84344832;0
567;40;32;5;0;301;0;4;40;41;956;18;40;30;84344832;0
568;40;32;1;1;300;0;0;40;41;956;18;40;30;84344832;0
569;40;31;95;234;301;0;247;40;41;894;18;40;30;84344832;0
570;40;32;10;1;303;0;4;40;40;894;18;40;30;84344832;0
571;40;32;1;0;304;0;1;40;40;894;18;40;30;84344832;0
572;40;31;105;254;304;0;247;40;40;912;19;40;30;84344832;0
573;40;32;8;2;304;0;5;40;40;912;19;40;30;84344832;0
574;40;32;1;0;303;0;2;40;40;912;19;40;30;84344832;0
575;40;30;65;304;301;0;240;40;40;912;19;40;30;84344832;0
576;40;31;124;301;299;0;247;40;40;1016;16;40;30;84344832;0
577;40;32;8;1;297;0;4;40;40;1016;16;40;30;84344832;0
578;40;32;1;0;296;0;3;40;40;1016;16;40;30;84344832;0
579;40;31;119;253;296;0;245;40;40;1320;15;40;30;84344832;0
580;40;31;22;23;299;0;3;40;40;1320;15;40;30;84344832;0
581;40;32;2;0;301;0;3;40;39;1320;15;40;30;84344832;0
582;40;32;0;0;302;0;0;40;39;1320;15;40;30;84344832;0
583;40;30;142;337;306;0;245;40;39;882;16;40;30;84344832;0
584;40;31;22;13;311;0;7;39;39;882;16;40;30;84344832;0
585;40;32;1;0;314;0;2;39;40;882;16;40;30;84344832;0
586;40;31;107;256;315;0;246;39;41;1321;18;40;30;84344832;0
587;40;31;26;23;318;0;5;40;41;1321;18;40;30;84344832;0
588;40;32;2;0;318;0;2;40;42;1321;18;40;30;84344832;0
589;40;31;117;315;317;0;244;40;42;1005;19;40;30;84344832;0
590;40;31;44;65;314;0;5;40;42;1005;19;40;30;84344832;0
591;40;32;2;0;312;0;4;40;41;1005;19;40;30;84344832;0
592;40;30;107;295;309;0;244;40;41;1275;17;40;30;84344832;0
593;40;31;83;150;309;0;1;40;41;1275;17;40;30;84344832;0
594;40;32;3;0;308;0;4;40;41;1275;17;40;30;84344832;0
595;40;31;9;258;306;0;239;40;41;1275;17;40;30;84344832;0
596;40;31;97;242;303;0;251;40;41;1071;18;40;30;84344832;0
597;40;32;3;0;301;0;4;40;41;1071;18;40;30;84344832;0
598;40;32;1;1;299;0;0;40;41;1071;18;40;30;84344832;0
599;40;30;123;327;297;0;246;40;41;1098;18;40;30;84344832;0
600;40;32;6;1;297;0;5;40;40;1098;18;40;30;84344832;0
601;40;32;1;1;296;0;0;39;40;1098;18;40;30;84344832;0
602;40;31;120;287;297;0;246;40;40;1140;17;40;30;84344832;0
603;40;32;12;2;299;0;6;40;40;1140;17;40;30;84344832;0
604;40;32;1;2;300;0;0;39;40;1140;17;40;30;84344832;0
605;40;31;63;161;300;0;251;40;40;965;20;40;30;84344832;0
606;40;32;12;2;300;0;6;39;40;965;20;40;30;84344832;0
607;40;32;1;0;298;0;4;39;40;965;20;40;30;84344832;0
608;40;31;150;282;297;0;244;39;40;788;16;40;30;84344832;0
609;40;31;88;155;298;0;1;39;39;788;16;40;30;84344832;0
610;40;32;3;0;301;0;5;39;40;788;16;40;30;84344832;0
611;40;32;0;1;303;0;0;39;41;788;16;40;30;84344832;0
612;40;31;110;258;304;0;248;39;42;1224;16;40;30;84344832;0
613;40;32;5;0;306;0;4;39;42;1224;16;40;30;84344832;0
614;40;32;1;0;306;0;0;39;42;1224;16;40;30;84344832;0
615;40;31;119;288;305;0;245;39;42;875;18;40;30;84344832;0
616;40;31;18;9;305;0;6;39;42;875;18;40;30;84344832;0
617;40;32;2;0;304;0;3;39;42;875;18;40;30;84344832;0
618;40;31;12;229;302;0;242;39;41;875;18;40;30;84344832;0
619;40;31;94;221;303;0;250;39;41;1135;16;40;30;84344832;0
620;40;32;3;0;303;0;4;40;41;1135;16;40;30;84344832;0
621;40;31;139;280;301;0;245;40;41;970;20;40;30;84344832;0
622;40;31;35;42;300;0;5;39;41;970;20;40;30;84344832;0
623;40;32;2;1;298;0;3;39;41;970;20;40;30;84344832;0
624;40;31;143;305;298;0;243;40;41;940;23;40;30;84344832;0
625;40;31;41;67;300;0;3;39;41;940;23;40;30;84344832;0
626;40;32;3;6;303;0;2;39;40;940;23;40;30;84344832;0
627;40;32;1;1;304;0;255;40;40;940;23;40;30;84344832;0
628;40;31;138;348;306;0;247;39;40;1184;15;40;30;84344832;0
629;40;32;6;0;308;0;7;39;40;1184;15;40;30;84344832;0
630;40;32;2;4;309;0;253;39;40;1184;15;40;30;84344832;0
631;40;31;110;292;310;0;246;39;40;1212;18;40;30;84344832;0
632;40;32;7;1;312;0;6;39;40;1212;18;40;30;84344832;0
633;40;32;1;0;311;0;1;39;40;1212;18;40;30;84344832;0
634;40;31;140;352;309;0;247;39;40;1093;18;40;30;84344832;0
635;40;32;8;1;307;0;7;39;40;1093;18;40;30;84344832;0
636;40;32;2;49;305;0;243;39;40;1093;18;40;30;84344832;0
637;40;31;81;154;306;0;0;39;42;1200;21;40;30;84344832;0
638;40;32;3;0;307;0;4;39;43;1200;21;40;30;84344832;0
639;40;31;6;226;306;0;241;39;44;1200;21;40;30;84344832;0
640;40;31;88;239;304;0;250;40;44;863;19;40;30;84344832;0
641;40;32;3;0;303;0;3;40;44;863;19;40;30;84344832;0
642;40;32;1;1;300;0;255;40;44;863;19;40;30;84344832;0
643;40;31;111;269;298;0;250;40;44;810;18;40;30;84344832;0
644;40;32;3;0;297;0;3;40;44;810;18;40;30;84344832;0
645;40;30;100;352;296;0;241;40;44;810;18;40;30;84344832;0
646;40;31;94;225;297;0;252;40;43;924;20;40;30;84344832;0
647;40;32;3;0;298;0;4;40;43;924;20;40;30;84344832;0
648;40;31;15;274;297;0;239;40;43;924;20;40;30;84344832;0
649;40;31;106;257;296;0;248;40;43;923;19;40;30;84344832;0
650;40;32;4;0;295;0;5;40;43;923;19;40;30;84344832;0
651;40;32;1;1;293;0;0;40;43;923;19;40;30;84344832;0
652;40;31;98;237;294;0;248;40;42;1008;18;40;30;84344832;0
653;40;32;5;0;295;0;5;40;42;1008;18;40;30;84344832;0
654;40;32;1;0;295;0;0;40;42;1008;18;40;30;84344832;0
655;40;31;109;262;296;0;246;40;42;878;18;40;30;84344832;0
656;40;32;7;1;297;0;5;40;42;878;18;40;30;84344832;0
657;40;32;1;1;298;0;0;40;42;878;18;40;30;84344832;0
658;40;31;98;238;298;0;246;40;42;904;19;40;30;84344832;0
659;40;32;13;4;299;0;5;40;41;904;19;40;30;84344832;0
660;40;32;1;0;299;0;0;40;41;904;19;40;30;84344832;0
661;40;32;0;0;298;0;255;40;41;904;19;40;30;84344832;0
662;40;31;111;244;299;0;241;40;41;941;14;40;30;84344832;0
663;40;32;8;1;301;0;6;40;41;941;14;40;30;84344832;0
664;40;32;1;1;301;0;0;40;41;941;14;40;30;84344832;0
665;40;31;117;248;302;0;245;40;41;911;17;40;30;84344832;0
666;40;32;18;8;305;0;5;40;41;911;17;40;30;84344832;0
667;40;32;2;1;307;0;0;40;41;911;17;40;30;84344832;0
668;40;31;120;253;306;0;244;40;40;874;19;40;30;84344832;0
669;40;31;28;25;305;0;4;40;40;874;19;40;30;84344832;0
670;40;32;2;1;305;0;1;40;40;874;19;40;30;84344832;0
671;40;31;111;263;304;0;246;40;40;877;20;40;30;84344832;0
672;40;32;10;2;303;0;6;40;40;877;20;40;30;84344832;0
673;40;32;1;1;302;0;0;40;40;877;20;40;30;84344832;0
674;40;31;123;305;300;0;246;40;40;882;20;40;30;84344832;0
675;40;32;11;3;300;0;5;40;40;882;20;40;30;84344832;0
676;40;32;1;1;299;0;2;40;40;882;20;40;30;84344832;0
677;40;31;104;263;300;0;246;40;40;1102;18;40;30;84344832;0
678;40;32;20;10;301;0;6;40;40;1102;18;40;30;84344832;0
679;40;32;2;1;300;0;2;40;39;1102;18;40;30;84344832;0
680;40;31;101;243;301;0;249;39;39;1044;21;40;30;84344832;0
681;40;32;7;1;302;0;4;39;39;1044;21;40;30;84344832;0
682;40;32;1;2;302;0;1;39;40;1044;21;40;30;84344832;0
683;40;31;121;302;301;0;244;39;41;956;18;40;30;84344832;0
684;40;32;8;1;300;0;4;39;41;956;18;40;30;84344832;0
685;40;32;2;6;300;0;0;39;41;956;18;40;30;84344832;0
686;40;30;159;405;301;0;242;40;42;921;20;40;30;84344832;0
687;40;32;6;1;303;0;5;40;41;921;20;40;30;84344832;0
688;40;32;1;2;305;0;255;40;41;921;20;40;30;84344832;0
689;40;31;96;222;307;0;245;40;41;997;20;40;30;84344832;0
690;40;32;4;0;310;0;4;40;41;997;20;40;30;84344832;0
691;40;32;1;8;310;0;244;40;41;997;20;40;30;84344832;0
692;40;32;21;12;308;0;3;40;41;887;19;40;30;84344832;0
693;40;32;2;1;307;0;0;40;41;887;19;40;30;84344832;0
694;40;31;111;293;304;0;247;40;41;591;27;40;30;84344832;0
695;40;32;8;1;300;0;7;40;41;591;27;40;30;84344832;0
696;40;32;1;1;296;0;0;40;40;591;27;40;30;84344832;0
697;40;31;99;263;296;0;246;40;40;1076;17;40;30;84344832;0
698;40;32;15;6;297;0;6;40;40;1076;17;40;30;84344832;0
699;40;32;2;3;298;0;0;40;40;1076;17;40;30;84344832;0
700;40;31;92;263;298;0;244;40;40;930;20;40;30;84344832;0
701;40;32;5;0;299;0;4;40;40;930;20;40;30;84344832;0
702;40;31;5;184;299;0;244;40;40;930;20;40;30;84344832;0
703;40;31;72;96;300;0;3;39;40;745;21;40;30;84344832;0
704;40;32;3;0;301;0;3;40;40;745;21;40;30;84344832;0
705;40;31;42;304;302;0;240;39;39;745;21;40;30;84344832;0
706;40;31;57;65;305;0;6;39;39;945;19;40;30;84344832;0
707;40;32;3;2;308;0;2;39;40;945;19;40;30;84344832;0
708;40;31;94;233;307;0;246;39;41;828;22;40;30;84344832;0
709;40;31;35;28;306;0;5;40;42;828;22;40;30;84344832;0
710;40;32;2;0;303;0;2;40;44;828;22;40;30;84344832;0
711;40;31;120;292;300;0;248;40;44;1050;20;40;30;84344832;0
712;40;32;7;1;299;0;6;40;44;1050;20;40;30;84344832;0
713;40;31;5;226;298;0;239;40;44;1050;20;40;30;84344832;0
714;40;31;134;325;298;0;247;40;44;983;21;40;30;84344832;0
715;40;32;5;1;299;0;6;40;44;983;21;40;30;84344832;0
716;40;31;7;191;300;0;244;40;44;983;21;40;30;84344832;0
717;40;31;114;274;302;0;248;40;44;1174;19;40;30;84344832;0
718;40;32;4;0;304;0;5;40;44;1174;19;40;30;84344832;0
719;40;31;112;267;303;0;245;40;43;1005;20;40;30;84344832;0
720;40;31;54;71;302;0;3;40;43;1005;20;40;30;84344832;0
721;40;32;2;0;301;0;3;40;43;1005;20;40;30;84344832;0
722;40;31;113;247;299;0;246;40;43;900;20;40;30;84344832;0
723;40;32;28;21;297;0;5;40;43;900;20;40;30;84344832;0
724;40;32;2;2;295;0;1;40;42;900;20;40;30;84344832;0
725;40;31;133;329;293;0;242;40;42;927;19;40;30;84344832;0
726;40;31;31;33;295;0;5;40;42;927;19;40;30;84344832;0
727;40;32;2;0;296;0;4;40;42;927;19;40;30;84344832;0
728;40;31;108;246;297;0;247;40;42;1032;20;40;30;84344832;0
729;40;32;17;9;299;0;5;40;42;1032;20;40;30;84344832;0
730;40;32;1;0;300;0;2;40;42;1032;20;40;30;84344832;0
731;40;31;95;205;301;0;247;40;41;921;19;40;30;84344832;0
732;40;31;29;37;304;0;1;40;41;921;19;40;30;84344832;0
733;40;32;3;13;305;0;255;40;41;921;19;40;30;84344832;0
734;40;31;35;58;303;0;3;40;41;867;22;40;30;84344832;0
735;40;32;2;0;301;0;3;40;41;867;22;40;30;84344832;0
736;40;31;32;256;301;0;241;40;41;867;22;40;30;84344832;0
737;40;31;38;42;304;0;3;40;41;702;20;40;30;84344832;0
738;40;32;2;0;308;0;1;40;41;702;20;40;30;84344832;0
739;40;31;4;210;308;0;240;40;40;702;20;40;30;84344832;0
740;40;31;27;30;308;0;2;40;40;849;18;40;30;84344832;0
741;40;32;2;0;307;0;0;40;40;849;18;40;30;84344832;0
742;40;32;0;1;305;0;255;40;40;849;18;40;30;84344832;0
743;40;31;111;280;304;0;247;40;40;654;18;40;30;84344832;0
744;40;32;6;0;304;0;3;40;40;654;18;40;30;84344832;0
745;40;32;1;0;304;0;0;40;40;654;18;40;30;84344832;0
746;40;31;113;269;303;0;248;40;40;1081;19;40;30;84344832;0
747;40;32;7;1;304;0;5;40;40;1081;19;40;30;84344832;0
748;40;32;1;5;303;0;255;40;40;1081;19;40;30;84344832;0
749;40;31;113;277;304;0;249;40;40;868;20;40;30;84344832;0
750;40;32;4;0;304;0;4;40;40;868;20;40;30;84344832;0
751;40;31;12;249;303;0;240;40;39;868;20;40;30;84344832;0
752;40;32;27;24;303;0;3;40;39;906;20;40;30;84344832;0
753;40;32;2;1;303;0;1;40;39;906;20;40;30;84344832;0
754;40;31;107;268;300;0;245;40;39;727;21;40;30;84344832;0
755;40;32;11;2;298;0;5;40;39;727;21;40;30;84344832;0
756;40;31;8;268;295;0;237;40;40;727;21;40;30;84344832;0
757;40;32;25;24;294;0;4;40;41;846;24;40;30;84344832;0
758;40;32;2;1;294;0;1;40;42;846;24;40;30;84344832;0
759;40;31;90;229;295;0;247;40;43;657;25;40;30;84344832;0
760;40;32;6;0;296;0;4;40;43;657;25;40;30;84344832;0
761;40;31;115;243;297;0;247;40;43;839;22;40;30;84344832;0
762;40;32;20;17;297;0;3;40;43;839;22;40;30;84344832;0
763;40;32;2;0;298;0;1;40;43;839;22;40;30;84344832;0
764;40;31;97;222;299;0;247;40;43;757;20;40;30;84344832;0
765;40;32;13;3;300;0;5;40;42;757;20;40;30;84344832;0
766;40;32;1;0;301;0;0;40;42;757;20;40;30;84344832;0
767;40;31;27;298;301;0;238;40;42;757;20;40;30;84344832;0
768;40;31;118;298;303;0;246;40;42;840;17;40;30;84344832;0
769;40;32;5;1;307;0;4;40;42;840;17;40;30;84344832;0
770;40;32;3;14;307;0;0;40;42;840;17;40;30;84344832;0
771;40;31;74;145;309;0;0;40;41;1473;18;40;30;84344832;0
772;40;32;2;0;312;0;6;40;41;1473;18;40;30;84344832;0
773;40;31;130;320;311;0;245;40;41;771;21;40;30;84344832;0
774;40;32;15;9;310;0;4;40;41;771;21;40;30;84344832;0
775;40;32;2;1;308;0;0;40;41;771;21;40;30;84344832;0
776;40;31;90;229;307;0;248;40;41;797;23;40;30;84344832;0
777;40;32;7;1;306;0;4;40;41;797;23;40;30;84344832;0
778;40;32;1;1;304;0;0;40;41;797;23;40;30;84344832;0
779;40;31;96;242;302;0;247;40;40;901;18;40;30;84344832;0
780;40;31;38;45;301;0;3;40;40;901;18;40;30;84344832;0
781;40;32;2;0;300;0;3;40;40;901;18;40;30;84344832;0
782;40;31;122;258;298;0;245;40;40;1024;17;40;30;84344832;0
783;40;32;32;31;298;0;4;40;40;1024;17;40;30;84344832;0
784;40;32;2;0;298;0;1;40;40;1024;17;40;30;84344832;0
785;40;31;57;266;299;0;242;40;40;911;18;40;30;84344832;0
786;40;32;9;1;300;0;4;40;40;911;18;40;30;84344832;0
787;40;32;4;6;301;0;255;40;40;911;18;40;30;84344832;0
788;40;32;1;0;301;0;0;40;40;911;18;40;30;84344832;0
789;40;31;116;266;299;0;245;40;40;486;16;40;30;84344832;0
790;40;32;26;17;300;0;7;40;40;486;16;40;30;84344832;0
791;40;32;2;0;299;0;3;40;39;486;16;40;30;84344832;0
792;40;32;1;1;301;0;0;40;39;486;16;40;30;84344832;0
793;40;31;51;275;304;0;240;40;39;1211;13;40;30;84344832;0
794;40;31;129;299;309;0;252;40;39;1211;13;40;30;84344832;0
795;40;32;3;1;313;0;2;40;39;1211;13;40;30;84344832;0
796;40;31;89;244;314;0;244;40;40;1106;19;40;30;84344832;0
797;40;31;70;94;315;0;3;40;41;1106;19;40;30;84344832;0
798;40;32;2;0;315;0;2;40;41;1106;19;40;30;84344832;0
799;40;31;95;229;312;0;246;40;41;904;19;40;30;84344832;0
800;40;32;32;34;310;0;3;40;41;904;19;40;30;84344832;0
801;40;32;2;1;307;0;1;40;41;904;19;40;30;84344832;0
802;40;31;117;292;303;0;244;40;41;751;20;40;30;84344832;0
803;40;31;48;66;298;0;4;40;41;751;20;40;30;84344832;0
804;40;32;2;0;294;0;3;40;41;751;20;40;30;84344832;0
805;40;31;92;241;292;0;245;40;41;1112;18;40;30;84344832;0
806;40;31;84;187;293;0;254;40;41;1112;18;40;30;84344832;0
807;40;32;3;0;293;0;3;40;41;1112;18;40;30;84344832;0
808;40;31;9;245;293;0;240;40;40;1112;18;40;30;84344832;0
809;40;31;104;232;293;0;252;40;40;1014;17;40;30;84344832;0
810;40;32;4;0;295;0;5;40;40;1014;17;40;30;84344832;0
811;40;32;1;1;297;0;0;40;40;1014;17;40;30;84344832;0
812;40;31;111;253;298;0;248;40;40;1098;17;40;30;84344832;0
813;40;32;7;1;300;0;4;40;40;1098;17;40;30;84344832;0
814;40;32;1;0;301;0;0;40;40;1098;17;40;30;84344832;0
815;40;31;95;238;302;0;247;39;40;891;19;40;30;84344832;0
816;40;32;12;2;302;0;6;40;40;891;19;40;30;84344832;0
817;40;32;1;1;301;0;255;39;39;891;19;40;30;84344832;0
818;40;31;113;272;299;0;248;39;39;916;20;40;30;84344832;0
819;40;32;4;0;299;0;5;39;39;916;20;40;30;84344832;0
820;40;32;1;1;298;0;0;39;40;916;20;40;30;84344832;0
821;40;31;120;300;298;0;245;39;41;833;19;40;30;84344832;0
822;40;32;10;1;299;0;5;39;41;833;19;40;30;84344832;0
823;40;32;1;1;299;0;2;40;42;833;19;40;30;84344832;0
824;40;31;106;251;298;0;246;40;41;1153;17;40;30;84344832;0
825;40;32;42;54;299;0;3;40;41;1153;17;40;30;84344832;0
826;40;32;3;0;299;0;3;40;41;1153;17;40;30;84344832;0
827;40;31;11;234;299;0;241;40;41;1153;17;40;30;84344832;0
828;40;31;104;241;299;0;249;40;41;1056;17;40;30;84344832;0
829;40;32;4;0;300;0;4;40;41;1056;17;40;30;84344832;0
830;40;31;19;210;299;0;244;40;41;1056;17;40;30;84344832;0
831;40;31;79;126;300;0;1;40;41;905;19;40;30;84344832;0
832;40;32;3;0;300;0;3;40;41;905;19;40;30;84344832;0
833;40;32;2;168;300;0;253;40;40;905;19;40;30;84344832;0
834;40;31;109;252;301;0;249;40;40;906;18;40;30;84344832;0
835;40;32;16;8;303;0;4;40;40;906;18;40;30;84344832;0
836;40;32;1;0;302;0;3;40;40;906;18;40;30;84344832;0
837;40;32;0;1;301;0;0;40;40;906;18;40;30;84344832;0
838;40;31;123;299;303;0;246;40;40;1252;13;40;30;84344832;0
839;40;32;10;2;304;0;5;39;40;1252;13;40;30;84344832;0
840;40;32;2;0;304;0;2;40;40;1252;13;40;30;84344832;0
841;40;31;84;210;305;0;246;40;40;1046;17;40;30;84344832;0
842;40;31;93;206;307;0;253;39;40;1046;17;40;30;84344832;0
843;40;32;3;0;307;0;4;39;39;1046;17;40;30;84344832;0
844;40;32;1;3;305;0;255;40;40;1046;17;40;30;84344832;0
845;40;31;91;243;304;0;247;39;39;983;17;40;30;84344832;0
846;40;32;4;0;303;0;3;39;39;983;17;40;30;84344832;0
847;40;31;29;242;300;0;243;39;40;983;17;40;30;84344832;0
848;40;31;96;226;297;0;250;39;42;742;21;40;30;84344832;0
849;40;32;4;0;296;0;4;40;44;742;21;40;30;84344832;0
850;40;31;7;205;294;0;244;39;45;742;21;40;30;84344832;0
851;40;31;103;246;293;0;249;40;45;986;18;40;30;84344832;0
852;40;32;6;0;293;0;4;40;45;986;18;40;30;84344832;0
853;40;32;1;0;293;0;0;40;45;986;18;40;30;84344832;0
854;40;31;100;243;293;0;247;40;45;1020;18;40;30;84344832;0
855;40;32;10;2;296;0;6;40;44;1020;18;40;30;84344832;0
856;40;32;1;1;297;0;0;40;44;1020;18;40;30;84344832;0
857;40;31;104;240;298;0;247;40;44;959;18;40;30;84344832;0
858;40;32;8;1;300;0;4;41;44;959;18;40;30;84344832;0
859;40;32;1;0;300;0;0;40;44;959;18;40;30;84344832;0
860;40;31;91;193;301;0;248;40;44;787;18;40;30;84344832;0
861;40;32;25;22;301;0;3;41;43;787;18;40;30;84344832;0
862;40;32;2;0;301;0;1;41;43;787;18;40;30;84344832;0
863;40;32;0;1;300;0;255;41;43;787;18;40;30;84344832;0
864;40;32;6;2;299;0;0;41;43;792;16;40;30;84344832;0
865;40;32;3;0;300;0;0;41;43;792;16;40;30;84344832;0
866;40;31;116;272;298;0;247;41;43;185;27;40;30;84344832;0
867;40;32;5;0;294;0;4;41;43;185;27;40;30;84344832;0
868;40;32;2;2;291;0;250;41;43;185;27;40;30;84344832;0
869;40;31;101;222;292;0;249;41;42;881;20;40;30;84344832;0
870;40;32;4;0;295;0;4;41;42;881;20;40;30;84344832;0
871;40;31;51;324;297;0;237;41;42;881;20;40;30;84344832;0
872;40;31;92;167;298;0;0;40;42;869;20;40;30;84344832;0
873;40;32;3;0;300;0;4;40;42;869;20;40;30;84344832;0
874;40;31;38;283;301;0;240;40;42;869;20;40;30;84344832;0
875;40;31;76;111;303;0;3;40;42;953;20;40;30;84344832;0
876;40;32;3;0;305;0;4;40;42;953;20;40;30;84344832;0
877;39;31;139;322;305;0;242;40;41;1048;20;40;30;84344832;0
878;40;32;19;15;306;0;5;40;41;1048;20;40;30;84344832;0
879;40;32;1;1;306;0;0;40;41;1048;20;40;30;84344832;0
880;40;32;0;0;308;0;0;40;41;1048;20;40;30;84344832;0
881;40;31;104;217;312;0;251;40;41;862;16;40;30;84344832;0
882;40;32;4;1;316;0;3;40;41;862;16;40;30;84344832;0
883;40;31;51;341;317;0;237;40;41;862;16;40;30;84344832;0
884;40;31;92;148;316;0;2;40;41;800;21;40;30;84344832;0
885;40;32;2;0;315;0;4;40;41;800;21;40;30;84344832;0
886;39;31;119;283;313;0;244;40;41;1059;21;40;30;84344832;0
887;40;32;14;5;313;0;5;40;40;1059;21;40;30;84344832;0
888;40;31;11;301;312;0;238;40;40;1059;21;40;30;84344832;0
889;39;31;135;349;311;0;247;40;40;870;23;40;30;84344832;0
890;40;32;4;0;309;0;5;40;40;870;23;40;30;84344832;0
891;39;31;121;258;308;0;246;40;40;1110;21;40;30;84344832;0
892;40;32;35;35;308;0;5;40;40;1110;21;40;30;84344832;0
893;40;32;2;1;308;0;3;40;40;1110;21;40;30;84344832;0
894;39;31;110;266;307;0;247;40;40;876;21;40;30;84344832;0
895;40;32;5;1;308;0;4;40;40;876;21;40;30;84344832;0
896;39;31;102;247;308;0;245;40;40;664;24;40;30;84344832;0
897;40;32;18;9;308;0;6;40;40;664;24;40;30;84344832;0
898;40;32;2;3;306;0;0;40;39;664;24;40;30;84344832;0
899;39;31;107;261;303;0;246;40;39;799;21;40;30;84344832;0
900;40;32;10;2;301;0;5;39;39;799;21;40;30;84344832;0
901;40;31;6;229;299;0;242;40;39;799;21;40;30;84344832;0
902;39;31;114;266;298;0;249;39;40;934;21;40;30;84344832;0
903;40;32;4;0;298;0;5;39;41;934;21;40;30;84344832;0
904;40;31;21;242;298;0;242;40;42;934;21;40;30;84344832;0
905;40;31;75;123;298;0;1;40;42;951;20;40;30;84344832;0
906;40;32;3;0;299;0;3;40;42;951;20;40;30;84344832;0
907;40;33;0;2;299;0;255;40;42;951;20;40;30;84344832;0
908;39;31;91;207;298;0;249;40;42;861;18;40;30;84344832;0
909;40;32;15;28;298;0;255;40;41;861;18;40;30;84344832;0
910;40;32;2;0;295;0;1;40;41;861;18;40;30;84344832;0
911;39;31;91;214;294;0;246;40;41;880;16;40;30;84344832;0
912;40;32;49;106;296;0;4;40;41;880;16;40;30;84344832;0
913;40;32;13;22;295;0;0;40;41;880;16;40;30;84344832;0
914;40;32;4;0;297;0;255;40;41;1433;23;40;30;84344832;0
915;40;33;1;0;300;0;255;40;41;1433;23;40;30;84344832;0
916;39;31;114;271;303;0;244;40;41;67;26;40;30;84344832;0
917;40;32;18;12;304;0;4;40;41;67;26;40;30;84344832;0
918;40;33;2;0;303;0;4;40;40;67;26;40;30;84344832;0
919;39;31;123;264;301;0;246;40;40;1070;17;40;30;84344832;0
920;40;32;14;4;303;0;6;40;40;1070;17;40;30;84344832;0
921;40;32;2;3;302;0;0;40;40;1070;17;40;30;84344832;0
922;40;31;41;99;302;0;252;40;40;916;19;40;30;84344832;0
923;40;32;3;1;302;0;252;40;40;916;19;40;30;84344832;0
924;40;32;2;0;301;0;255;40;40;916;19;40;30;84344832;0
925;39;31;110;260;295;0;246;40;40;207;21;40;30;84344832;0
926;40;32;11;3;285;0;4;40;40;207;21;40;30;84344832;0
927;40;33;1;0;277;0;5;40;40;207;21;40;30;84344832;0
928;40;32;5;145;276;0;246;40;40;207;21;40;30;84344832;0
929;40;31;78;113;280;0;3;39;39;937;15;40;30;84344832;0
930;40;32;3;0;285;0;4;40;39;937;15;40;30;84344832;0
931;40;33;1;1;291;0;255;40;39;937;15;40;30;84344832;0
932;39;31;100;192;299;0;251;39;39;958;18;40;30;84344832;0
933;40;32;8;2;305;0;1;39;39;958;18;40;30;84344832;0
934;40;33;1;0;311;0;1;39;40;958;18;40;30;84344832;0
935;39;31;110;226;314;0;248;39;41;920;16;40;30;84344832;0
936;40;32;9;2;318;0;4;40;42;920;16;40;30;84344832;0
937;40;33;1;1;318;0;0;39;42;920;16;40;30;84344832;0
938;40;33;0;0;318;0;255;40;42;920;16;40;30;84344832;0
939;40;32;8;1;317;0;0;40;42;613;16;40;30;84344832;0
940;39;31;86;229;317;0;245;40;42;163;49;40;30;84344832;0
941;40;32;7;1;313;0;4;40;41;163;49;40;30;84344832;0
942;40;32;5;178;306;0;243;40;41;163;49;40;30;84344832;0
943;39;31;99;229;302;0;252;40;41;732;22;40;30;84344832;0
944;40;32;4;1;300;0;3;40;41;732;22;40;30;84344832;0
945;39;31;55;227;299;0;244;40;41;802;20;40;30;84344832;0
946;40;32;41;50;299;0;1;40;41;802;20;40;30;84344832;0
947;40;32;2;0;300;0;1;40;41;802;20;40;30;84344832;0
948;39;31;114;227;299;0;246;40;41;679;20;40;30;84344832;0
949;40;32;51;74;298;0;1;40;41;679;20;40;30;84344832;0
950;40;32;2;0;297;0;2;40;40;679;20;40;30;84344832;0
951;40;32;1;6;295;0;255;40;40;679;20;40;30;84344832;0
952;39;31;114;254;295;0;244;40;40;841;15;40;30;84344832;0
953;40;32;42;49;296;0;4;40;40;841;15;40;30;84344832;0
954;40;32;3;26;296;0;255;40;40;841;15;40;30;84344832;0
955;40;32;2;0;297;0;255;40;40;921;24;40;30;84344832;0
956;39;31;37;245;299;0;242;40;40;921;24;40;30;84344832;0
957;39;31;136;314;303;0;245;40;40;118;30;40;30;84344832;0
958;40;32;5;0;307;0;5;40;40;118;30;40;30;84344832;0
959;40;33;1;1;307;0;0;40;40;118;30;40;30;84344832;0
960;39;31;102;241;308;0;247;40;40;1161;17;40;30;84344832;0
961;39;32;4;0;311;0;3;40;39;1161;17;40;30;84344832;0
962;40;33;1;0;311;0;255;40;39;1161;17;40;30;84344832;0
963;39;31;100;245;310;0;249;39;39;730;20;40;30;84344832;0
964;40;32;5;0;309;0;4;39;39;730;20;40;30;84344832;0
965;40;33;1;1;307;0;0;39;40;730;20;40;30;84344832;0
966;40;33;0;0;306;0;255;39;41;730;20;40;30;84344832;0
967;39;31;113;269;306;0;248;39;42;797;14;40;30;84344832;0
968;39;32;5;0;308;0;3;40;42;797;14;40;30;84344832;0
969;40;33;1;0;308;0;0;40;42;797;14;40;30;84344832;0
970;39;31;94;222;309;0;249;40;42;845;19;40;30;84344832;0
971;39;32;4;0;311;0;3;40;41;845;19;40;30;84344832;0
972;39;33;1;0;310;0;0;40;41;845;19;40;30;84344832;0
973;39;32;57;56;309;0;1;40;41;712;18;40;30;84344832;0
974;39;31;106;235;307;0;247;40;41;408;43;40;30;84344832;0
975;40;32;23;27;306;0;3;40;41;408;43;40;30;84344832;0
976;40;33;2;0;305;0;1;40;41;408;43;40;30;84344832;0
977;40;33;0;1;303;0;254;40;41;408;43;40;30;84344832;0
978;39;31;95;223;302;0;251;40;41;792;17;40;30;84344832;0
979;39;32;4;1;302;0;4;40;41;792;17;40;30;84344832;0
980;39;31;30;273;300;0;240;40;41;792;17;40;30;84344832;0
981;39;31;87;170;299;0;0;40;40;831;20;40;30;84344832;0
982;39;33;0;0;319;0;2;40;40;0;0;40;30;84279296;0
1043;40;34;0;3;304;0;255;38;39;0;0;40;30;84279296;0
1104;40;34;0;4;245;0;255;38;38;0;0;40;30;84279296;0
1165;40;34;0;4;216;0;255;37;37;0;0;40;30;84279296;0
1226;40;34;0;4;211;0;255;37;37;0;0;40;30;84279296;0
1287;40;34;0;4;210;0;255;36;36;0;0;40;30;84279296;0
1348;40;34;0;4;208;0;255;36;36;0;0;40;30;84279296;0
1409;40;34;0;4;206;0;255;35;35;0;0;40;30;84279296;0
1470;40;34;0;4;208;0;255;35;35;0;0;40;30;84279296;0
1531;40;34;0;5;206;0;255;34;34;0;0;40;30;84279296;0
