# time;P_O2, atm;P_He, atm;Flow O2, l/min;Flow He, l/min;FiO2 Env, %;FiO2 sens2, %;P mask, cm H2O;Tmask, gradC;Tnagr, gradC;V, ml;f, 1/min;Tzad, gradC;FiO2 zad, %;Flags;
# POWERON 07.11.2018 16:15:24
1;0;0;0;5;0;0;0;26;26;0;0;0;25;84148736;0
50;0;0;0;5;633;0;249;27;26;0;0;0;25;84148229;0
57;40;0;0;5;211;0;255;27;26;0;0;0;25;84148228;0
63;40;32;0;6;210;0;255;27;26;0;0;0;25;84148224;0
107;40;30;0;5;190;0;252;27;26;0;0;0;25;84213760;0
108;40;30;0;6;191;0;252;27;26;0;0;0;25;84213760;0
109;40;27;60;143;190;0;251;27;26;0;0;0;25;84213760;0
110;40;28;5;4;191;0;0;27;26;0;0;0;25;84213760;0
111;40;28;0;3;195;0;6;27;26;0;0;0;25;84213760;0
112;40;28;1;29;210;0;251;28;26;0;0;0;25;84213760;0
113;40;27;46;123;232;0;251;27;26;589;15;0;25;84213760;0
114;40;27;31;82;255;0;253;27;26;589;15;0;25;84213760;0
115;40;28;3;0;273;0;7;27;26;589;15;0;25;84213760;0
116;40;28;0;0;281;0;8;27;26;589;15;0;25;84213760;0
117;40;28;0;0;283;0;255;28;26;589;15;0;25;84213760;0
118;40;27;49;122;281;0;251;27;26;654;11;0;25;84213760;0
119;40;27;6;1;278;0;3;27;26;654;11;0;25;84213760;0
120;40;28;1;0;274;0;5;27;26;654;11;0;25;84213760;0
121;40;28;0;0;270;0;255;28;26;654;11;0;25;84213760;0
122;40;27;33;104;269;0;252;27;26;499;14;0;25;84213760;0
123;40;27;5;0;270;0;4;27;26;499;14;0;25;84213760;0
124;40;28;1;0;268;0;5;27;26;499;14;0;25;84213760;0
125;40;27;46;167;261;0;248;27;26;344;17;0;25;84213760;0
126;40;27;30;38;254;0;0;27;26;344;17;0;25;84213760;0
127;40;28;2;0;247;0;14;27;26;344;17;0;25;84213760;0
128;40;28;0;0;242;0;5;28;26;344;17;0;25;84213760;0
129;40;27;41;123;240;0;251;28;26;587;15;0;25;84213760;0
130;40;27;13;5;242;0;2;27;26;587;15;0;25;84213760;0
131;40;28;1;0;243;0;6;28;26;587;15;0;25;84213760;0
132;40;27;2;52;241;0;252;28;26;587;15;0;25;84213760;0
133;40;27;36;99;240;0;251;27;27;457;15;0;25;84213760;0
134;40;28;5;1;240;0;8;27;26;457;15;0;25;84213760;0
135;40;28;1;0;241;0;5;28;26;457;15;0;25;84213760;0
136;40;27;34;119;240;0;250;28;27;353;17;0;25;84213760;0
137;40;27;21;25;240;0;255;27;27;353;17;0;25;84213760;0
138;40;28;2;0;241;0;8;27;26;353;17;0;25;84213760;0
139;40;28;0;0;242;0;0;28;27;353;17;0;25;84213760;0
140;40;27;35;91;242;0;251;28;27;381;15;0;25;84213760;0
141;40;27;8;2;245;0;5;27;27;381;15;0;25;84213760;0
142;40;28;1;0;247;0;4;28;27;381;15;0;25;84213760;0
143;40;27;24;130;247;0;249;28;27;334;17;0;25;84213760;0
144;40;27;33;72;247;0;253;27;27;334;17;0;25;84213760;0
145;40;28;3;0;247;0;8;27;27;334;17;0;25;84213760;0
146;40;28;0;0;247;0;2;28;27;334;17;0;25;84213760;0
147;40;27;35;100;247;0;250;28;27;411;15;0;25;84213760;0
148;40;27;16;8;248;0;0;27;27;411;15;0;25;84213760;0
149;40;28;1;0;250;0;8;28;26;411;15;0;25;84213760;0
150;40;28;0;1;249;0;254;29;27;411;15;0;25;84213760;0
151;40;27;41;108;247;0;251;28;27;349;15;0;25;84213760;0
152;40;28;5;1;246;0;10;27;27;349;15;0;25;84213760;0
153;40;28;1;0;246;0;2;29;27;349;15;0;25;84213760;0
154;40;27;16;101;244;0;250;29;27;333;16;0;25;84213760;0
155;40;27;34;75;243;0;253;27;27;333;16;0;25;84213760;0
156;40;28;3;0;244;0;11;28;27;333;16;0;25;84213760;0
157;40;28;0;0;245;0;2;29;27;333;16;0;25;84213760;0
158;40;27;41;120;245;0;249;28;27;403;15;0;25;84213760;0
159;40;27;21;26;247;0;255;27;27;403;15;0;25;84213760;0
160;40;28;2;0;249;0;10;28;27;403;15;0;25;84213760;0
161;40;28;0;0;250;0;1;29;27;403;15;0;25;84213760;0
162;40;27;51;145;251;0;249;28;27;454;14;0;25;84213760;0
163;40;27;29;31;254;0;0;28;27;454;14;0;25;84213760;0
164;40;28;2;0;255;0;255;27;27;454;14;0;25;84213760;0
165;40;28;0;0;256;0;255;27;27;454;14;0;25;84213760;0
166;40;27;59;162;260;0;248;28;27;609;13;0;25;84213760;0
167;40;27;38;50;265;0;0;27;27;609;13;0;25;84213760;0
168;40;28;2;0;268;0;2;28;27;609;13;0;25;84213760;0
169;40;28;0;0;267;0;0;28;27;609;13;0;25;84213760;0
170;40;27;44;123;268;0;251;28;27;615;16;0;25;84213760;0
171;40;27;7;1;268;0;2;27;27;615;16;0;25;84213760;0
172;40;28;1;0;268;0;5;28;27;615;16;0;25;84213760;0
173;40;27;12;137;267;0;248;28;27;418;17;0;25;84213760;0
174;40;27;43;104;266;0;253;28;27;418;17;0;25;84213760;0
175;40;28;3;0;265;0;0;27;27;418;17;0;25;84213760;0
176;40;28;0;0;262;0;1;28;27;418;17;0;25;84213760;0
177;40;27;22;112;258;0;250;28;27;503;15;0;25;84213760;0
178;40;27;28;64;256;0;253;27;27;503;15;0;25;84213760;0
179;40;28;3;0;256;0;8;28;27;503;15;0;25;84213760;0
180;40;28;0;0;254;0;255;28;27;503;15;0;25;84213760;0
181;40;27;31;94;252;0;251;28;27;402;15;0;25;84213760;0
182;40;27;21;35;250;0;254;28;27;402;15;0;25;84213760;0
183;40;28;2;0;250;0;3;28;27;402;15;0;25;84213760;0
184;40;28;0;0;249;0;255;28;27;402;15;0;25;84213760;0
185;40;27;30;82;248;0;251;28;27;346;15;0;25;84213760;0
186;40;27;12;3;249;0;1;28;27;346;15;0;25;84213760;0
187;40;28;1;0;250;0;2;28;27;346;15;0;25;84213760;0
188;40;27;16;109;249;0;249;28;27;330;16;0;25;84213760;0
189;40;27;30;60;247;0;253;28;27;330;16;0;25;84213760;0
190;40;28;3;0;247;0;9;28;27;330;16;0;25;84213760;0
191;40;28;0;0;245;0;1;29;27;330;16;0;25;84213760;0
192;40;27;22;121;244;0;248;29;27;336;15;0;25;84213760;0
193;40;27;31;44;242;0;254;28;27;336;15;0;25;84213760;0
194;40;28;2;0;242;0;8;28;27;336;15;0;25;84213760;0
195;40;28;0;0;241;0;2;29;27;336;15;0;25;84213760;0
196;40;27;34;110;240;0;250;29;27;385;15;0;25;84213760;0
197;40;27;21;15;240;0;0;28;27;385;15;0;25;84213760;0
198;40;28;2;0;242;0;0;28;27;385;15;0;25;84213760;0
199;40;28;0;4;243;0;253;28;27;385;15;0;25;84213760;0
200;40;27;40;99;244;0;251;28;27;353;16;0;25;84213760;0
201;40;27;8;1;246;0;1;28;27;353;16;0;25;84213760;0
202;40;28;1;0;248;0;0;28;27;353;16;0;25;84213760;0
203;40;27;4;90;250;0;249;28;27;353;16;0;25;84213760;0
204;40;27;35;75;252;0;253;28;27;376;15;0;25;84213760;0
205;40;28;3;1;255;0;8;28;27;376;15;0;25;84213760;0
206;40;28;0;0;256;0;0;29;27;376;15;0;25;84213760;0
207;40;27;42;117;256;0;250;28;27;337;17;0;25;84213760;0
208;40;27;10;2;257;0;3;28;27;337;17;0;25;84213760;0
209;40;28;1;0;257;0;4;28;27;337;17;0;25;84213760;0
210;40;28;0;0;256;0;0;29;27;337;17;0;25;84213760;0
211;40;27;53;133;256;0;251;29;27;372;13;0;25;84213760;0
212;40;27;44;85;256;0;254;28;27;372;13;0;25;84213760;0
213;40;28;4;1;256;0;4;28;27;372;13;0;25;84213760;0
214;40;28;0;0;254;0;2;29;27;372;13;0;25;84213760;0
215;40;27;31;104;255;0;250;29;27;594;15;0;25;84213760;0
216;40;27;35;71;257;0;254;28;27;594;15;0;25;84213760;0
217;40;28;3;0;260;0;8;28;27;594;15;0;25;84213760;0
218;40;28;0;0;260;0;1;29;27;594;15;0;25;84213760;0
219;40;27;45;133;259;0;249;28;27;444;15;0;25;84213760;0
220;40;27;13;7;259;0;1;28;28;444;15;0;25;84213760;0
221;40;28;1;0;259;0;5;28;27;444;15;0;25;84213760;0
222;40;28;0;0;258;0;2;29;27;444;15;0;25;84213760;0
223;40;27;44;118;258;0;251;29;28;446;14;0;25;84213760;0
224;40;27;20;13;258;0;0;28;27;446;14;0;25;84213760;0
225;40;28;2;0;259;0;5;29;27;446;14;0;25;84213760;0
226;40;28;0;3;258;0;255;29;27;446;14;0;25;84213760;0
227;40;27;45;122;256;0;250;28;28;485;14;0;25;84213760;0
228;40;27;7;2;256;0;6;28;27;485;14;0;25;84213760;0
229;40;28;1;0;255;0;4;29;27;485;14;0;25;84213760;0
230;40;28;0;10;252;0;252;29;28;485;14;0;25;84213760;0
231;40;27;40;111;251;0;251;29;28;372;15;0;25;84213760;0
232;40;27;7;1;251;0;5;28;28;372;15;0;25;84213760;0
233;40;28;1;0;251;0;4;29;28;372;15;0;25;84213760;0
234;40;27;2;76;250;0;251;29;28;372;15;0;25;84213760;0
235;40;27;37;89;249;0;252;28;28;406;15;0;25;84213760;0
236;40;27;5;1;248;0;7;28;28;406;15;0;25;84213760;0
237;40;28;1;0;248;0;3;29;28;406;15;0;25;84213760;0
238;40;27;9;114;249;0;248;30;28;413;15;0;25;84213760;0
239;40;27;31;60;251;0;254;28;28;413;15;0;25;84213760;0
240;40;28;3;0;254;0;10;28;28;413;15;0;25;84213760;0
241;40;28;0;0;254;0;2;29;28;413;15;0;25;84213760;0
242;40;27;36;126;253;0;249;29;28;409;15;0;25;84213760;0
243;40;27;22;28;253;0;255;28;28;409;15;0;25;84213760;0
244;40;28;1;0;253;0;6;29;28;409;15;0;25;84213760;0
245;40;28;0;0;252;0;2;30;28;409;15;0;25;84213760;0
246;40;27;45;129;253;0;250;29;28;412;15;0;25;84213760;0
247;40;27;6;1;254;0;2;28;28;412;15;0;25;84213760;0
248;40;28;1;0;254;0;8;29;28;412;15;0;25;84213760;0
249;40;28;0;1;254;0;255;30;28;412;15;0;25;84213760;0
250;40;27;40;105;254;0;251;29;28;396;15;0;25;84213760;0
251;40;27;7;1;255;0;3;29;28;396;15;0;25;84213760;0
252;40;28;1;0;256;0;9;29;28;396;15;0;25;84213760;0
253;40;28;0;1;255;0;254;30;28;396;15;0;25;84213760;0
254;40;27;42;110;255;0;251;29;28;412;14;0;25;84213760;0
255;40;27;8;2;256;0;3;29;28;412;14;0;25;84213760;0
256;40;28;1;0;255;0;7;29;28;412;14;0;25;84213760;0
257;40;27;3;85;254;0;249;30;28;412;14;0;25;84213760;0
258;40;27;38;103;254;0;252;29;28;405;15;0;25;84213760;0
259;40;28;4;0;254;0;6;29;28;405;15;0;25;84213760;0
260;40;28;1;0;253;0;4;30;28;405;15;0;25;84213760;0
261;40;27;11;108;252;0;249;30;28;428;15;0;25;84213760;0
262;40;27;29;44;252;0;255;29;28;428;15;0;25;84213760;0
263;40;28;2;0;254;0;8;29;28;428;15;0;25;84213760;0
264;40;28;0;0;253;0;1;30;28;428;15;0;25;84213760;0
265;40;27;40;114;251;0;250;29;28;343;16;0;25;84213760;0
266;40;27;9;3;249;0;1;29;28;343;16;0;25;84213760;0
267;40;28;1;0;248;0;6;29;28;343;16;0;25;84213760;0
268;40;28;0;0;247;0;255;30;28;343;16;0;25;84213760;0
269;40;27;38;110;247;0;250;29;28;379;15;0;25;84213760;0
270;40;27;8;2;248;0;0;29;28;379;15;0;25;84213760;0
271;40;28;1;0;250;0;6;29;28;379;15;0;25;84213760;0
272;40;28;0;16;250;0;252;30;28;379;15;0;25;84213760;0
273;40;27;38;101;250;0;251;29;28;371;14;0;25;84213760;0
274;40;27;8;2;250;0;1;29;28;371;14;0;25;84213760;0
275;40;28;1;0;250;0;6;29;28;371;14;0;25;84213760;0
276;40;27;1;41;249;0;252;30;28;371;14;0;25;84213760;0
277;40;27;35;93;248;0;251;29;28;362;15;0;25;84213760;0
278;40;27;7;1;249;0;2;29;28;362;15;0;25;84213760;0
279;40;28;1;0;249;0;5;29;28;362;15;0;25;84213760;0
280;40;27;3;57;248;0;251;30;28;362;15;0;25;84213760;0
281;40;27;38;102;247;0;251;29;28;362;14;0;25;84213760;0
282;40;28;5;1;247;0;5;29;28;362;14;0;25;84213760;0
283;40;28;1;0;246;0;5;30;28;362;14;0;25;84213760;0
284;40;27;5;88;245;0;250;30;28;346;15;0;25;84213760;0
285;40;27;35;81;243;0;252;29;28;346;15;0;25;84213760;0
286;40;28;3;0;244;0;8;29;28;346;15;0;25;84213760;0
287;40;28;0;0;243;0;2;30;28;346;15;0;25;84213760;0
288;40;27;28;109;243;0;249;30;28;339;15;0;25;84213760;0
289;40;27;20;17;244;0;0;29;28;339;15;0;25;84213760;0
290;40;28;2;0;246;0;7;29;28;339;15;0;25;84213760;0
291;40;28;0;1;249;0;254;30;28;339;15;0;25;84213760;0
292;40;27;45;108;254;0;251;29;28;380;16;0;25;84213760;0
293;40;28;4;0;259;0;8;29;28;380;16;0;25;84213760;0
294;40;28;1;0;263;0;5;30;28;380;16;0;25;84213760;0
295;40;27;32;118;265;0;249;30;28;375;17;0;25;84213760;0
296;40;27;17;8;266;0;1;29;28;375;17;0;25;84213760;0
297;40;28;1;0;267;0;7;30;28;375;17;0;25;84213760;0
298;40;27;36;139;265;0;249;30;28;361;18;0;25;84213760;0
299;40;27;13;5;262;0;0;29;28;361;18;0;25;84213760;0
300;40;28;1;0;259;0;8;29;28;361;18;0;25;84213760;0
301;40;27;29;118;255;0;250;30;28;375;19;0;25;84213760;0
302;40;27;20;17;253;0;0;29;28;375;19;0;25;84213760;0
303;40;28;1;0;252;0;6;30;28;375;19;0;25;84213760;0
304;40;27;33;106;251;0;250;30;28;329;19;0;25;84213760;0
305;40;27;18;8;250;0;1;29;28;329;19;0;25;84213760;0
306;40;28;2;0;250;0;7;30;28;329;19;0;25;84213760;0
307;40;27;17;105;248;0;250;30;29;315;19;0;25;84213760;0
308;40;27;34;74;246;0;253;29;29;315;19;0;25;84213760;0
309;40;28;3;0;245;0;9;29;28;315;19;0;25;84213760;0
310;40;28;0;0;244;0;0;30;29;315;19;0;25;84213760;0
311;40;27;42;106;245;0;251;30;29;402;16;0;25;84213760;0
312;40;27;9;2;248;0;4;29;29;402;16;0;25;84213760;0
313;40;28;1;0;250;0;7;30;28;402;16;0;25;84213760;0
314;40;27;28;105;250;0;250;30;29;403;17;0;25;84213760;0
315;40;27;27;39;251;0;255;29;29;403;17;0;25;84213760;0
316;40;28;2;0;251;0;8;30;29;403;17;0;25;84213760;0
317;40;27;10;102;251;0;250;30;29;341;18;0;25;84213760;0
318;40;27;21;9;250;0;2;29;29;341;18;0;25;84213760;0
319;40;28;2;0;250;0;7;30;29;341;18;0;25;84213760;0
320;40;27;39;117;250;0;250;30;29;282;21;0;25;84213760;0
321;40;27;17;12;248;0;0;29;29;282;21;0;25;84213760;0
322;40;28;1;0;248;0;9;29;29;282;21;0;25;84213760;0
323;40;28;1;15;248;0;252;30;29;282;21;0;25;84213760;0
324;40;27;34;92;249;0;251;29;29;375;16;0;25;84213760;0
325;40;28;6;1;251;0;5;29;29;375;16;0;25;84213760;0
326;40;28;1;0;252;0;5;30;29;375;16;0;25;84213760;0
327;40;27;2;59;251;0;251;30;29;375;16;0;25;84213760;0
328;40;27;37;98;251;0;251;29;29;353;15;0;25;84213760;0
329;40;28;5;1;251;0;255;29;29;353;15;0;25;84213760;0
330;40;28;1;0;251;0;8;29;29;353;15;0;25;84213760;0
331;40;27;0;80;251;0;246;30;29;353;15;0;25;84213760;0
332;40;27;49;123;252;0;252;29;29;435;14;0;25;84213760;0
333;40;27;7;2;254;0;3;29;29;435;14;0;25;84213760;0
334;40;28;1;0;255;0;4;30;29;435;14;0;25;84213760;0
335;40;27;10;91;257;0;251;30;29;519;15;0;25;84213760;0
336;40;27;39;97;260;0;252;29;29;519;15;0;25;84213760;0
337;40;28;3;0;265;0;7;29;29;519;15;0;25;84213760;0
338;40;28;0;0;266;0;1;30;29;519;15;0;25;84213760;0
339;40;27;50;145;264;0;249;30;29;414;16;0;25;84213760;0
340;40;27;15;9;263;0;3;29;29;414;16;0;25;84213760;0
341;40;28;1;0;262;0;17;30;29;414;16;0;25;84213760;0
342;40;28;0;0;261;0;0;31;29;414;16;0;25;84213760;0
343;40;27;47;137;262;0;250;30;29;503;15;0;25;84213760;0
344;40;28;4;0;263;0;9;30;29;503;15;0;25;84213760;0
345;40;28;1;0;262;0;5;30;29;503;15;0;25;84213760;0
346;40;27;44;121;258;0;251;30;29;377;18;0;25;84213760;0
347;40;28;5;1;255;0;7;30;29;377;18;0;25;84213760;0
348;40;28;1;0;252;0;255;30;29;377;18;0;25;84213760;0
349;40;27;43;116;249;0;251;30;29;335;21;0;25;84213760;0
350;40;28;5;1;247;0;10;29;29;335;21;0;25;84213760;0
351;40;28;1;0;246;0;2;30;29;335;21;0;25;84213760;0
352;40;27;44;115;246;0;251;30;29;405;18;0;25;84213760;0
353;40;27;8;2;247;0;5;29;29;405;18;0;25;84213760;0
354;40;28;1;0;247;0;4;30;29;405;18;0;25;84213760;0
355;40;27;27;112;246;0;250;30;29;377;17;0;25;84213760;0
356;40;27;24;27;247;0;255;29;29;377;17;0;25;84213760;0
357;40;28;2;0;249;0;8;30;29;377;17;0;25;84213760;0
358;40;28;0;0;249;0;0;30;29;377;17;0;25;84213760;0
359;40;27;34;97;249;0;251;30;29;385;16;0;25;84213760;0
360;40;27;11;2;249;0;2;29;29;385;16;0;25;84213760;0
361;40;28;1;0;250;0;5;30;29;385;16;0;25;84213760;0
362;40;27;11;112;250;0;249;30;29;336;16;0;25;84213760;0
363;40;27;32;44;249;0;254;29;29;336;16;0;25;84213760;0
364;40;28;2;0;249;0;9;30;29;336;16;0;25;84213760;0
365;40;27;60;153;248;0;249;30;29;415;19;0;25;84213760;0
366;40;27;33;105;248;0;253;29;29;415;19;0;25;84213760;0
367;40;27;7;4;248;0;255;29;29;415;19;0;25;84213760;0
368;40;28;1;8;250;0;248;29;29;415;19;0;25;84213760;0
369;40;28;2;0;253;0;255;29;29;662;17;0;25;84213760;0
370;40;27;10;92;256;0;249;29;29;29;33;0;25;84213760;0
371;40;27;45;163;259;0;248;29;29;29;33;0;25;84213760;0
372;40;28;3;0;263;0;3;29;29;29;33;0;25;84213760;0
373;40;28;1;1;263;0;7;30;29;29;33;0;25;84213760;0
374;40;28;0;1;258;0;10;31;29;29;33;0;25;84213760;0
375;40;27;46;138;252;0;249;30;29;457;12;0;25;84213760;0
376;40;27;8;2;247;0;2;29;29;457;12;0;25;84213760;0
377;40;28;1;0;245;0;12;30;29;457;12;0;25;84213760;0
378;40;28;0;2;247;0;255;31;29;457;12;0;25;84213760;0
379;40;27;7;117;251;0;248;31;29;457;12;0;25;84213760;0
380;40;27;36;47;256;0;254;30;29;394;13;0;25;84213760;0
381;40;28;2;0;261;0;9;30;29;394;13;0;25;84213760;0
382;40;28;0;0;263;0;4;31;29;394;13;0;25;84213760;0
383;40;27;35;112;264;0;250;30;29;380;16;0;25;84213760;0
384;40;27;28;58;266;0;254;29;29;380;16;0;25;84213760;0
385;40;28;2;0;267;0;9;30;29;380;16;0;25;84213760;0
386;40;28;0;0;266;0;1;31;29;380;16;0;25;84213760;0
387;40;27;33;99;263;0;251;30;29;437;14;0;25;84213760;0
388;40;27;15;9;261;0;0;29;29;437;14;0;25;84213760;0
389;40;28;1;0;260;0;7;30;29;437;14;0;25;84213760;0
390;40;28;0;0;256;0;2;31;29;437;14;0;25;84213760;0
391;40;27;23;108;252;0;249;30;29;342;14;0;25;84213760;0
392;40;27;23;28;249;0;255;30;29;342;14;0;25;84213760;0
393;40;28;2;0;248;0;5;30;29;342;14;0;25;84213760;0
394;40;28;0;0;246;0;255;31;29;342;14;0;25;84213760;0
395;40;27;40;125;244;0;250;30;29;354;15;0;25;84213760;0
396;40;27;8;2;244;0;1;30;29;354;15;0;25;84213760;0
397;40;28;1;0;244;0;7;30;29;354;15;0;25;84213760;0
398;40;27;7;86;244;0;250;31;29;365;16;0;25;84213760;0
399;40;27;44;90;245;0;252;30;29;365;16;0;25;84213760;0
400;40;28;3;0;247;0;8;30;29;365;16;0;25;84213760;0
401;40;28;0;0;248;0;2;30;29;365;16;0;25;84213760;0
402;40;27;30;94;248;0;250;30;29;358;16;0;25;84213760;0
403;40;27;20;17;248;0;255;30;29;358;16;0;25;84213760;0
404;40;28;2;0;250;0;7;30;29;358;16;0;25;84213760;0
405;40;28;0;0;250;0;0;31;29;358;16;0;25;84213760;0
406;40;27;35;103;251;0;250;30;29;333;15;0;25;84213760;0
407;40;27;9;2;251;0;2;30;29;333;15;0;25;84213760;0
408;40;28;1;0;252;0;5;30;29;333;15;0;25;84213760;0
409;40;27;8;89;251;0;250;31;29;340;16;0;25;84213760;0
410;40;27;36;50;250;0;254;30;29;340;16;0;25;84213760;0
411;40;28;2;0;251;0;8;30;29;340;16;0;25;84213760;0
412;40;27;14;88;252;0;251;30;29;358;19;0;25;84213760;0
413;40;27;37;77;252;0;253;30;29;358;19;0;25;84213760;0
414;40;28;2;0;252;0;10;30;29;358;19;0;25;84213760;0
415;40;27;7;108;253;0;249;31;29;358;19;0;25;84213760;0
416;40;27;36;55;252;0;254;30;29;380;18;0;25;84213760;0
417;40;28;2;0;253;0;10;30;29;380;18;0;25;84213760;0
418;40;27;2;83;252;0;250;31;29;380;18;0;25;84213760;0
419;40;27;41;89;252;0;253;30;29;370;18;0;25;84213760;0
420;40;28;3;0;252;0;7;30;29;370;18;0;25;84213760;0
421;40;27;34;119;252;0;250;30;29;351;21;0;25;84213760;0
422;40;27;31;56;252;0;255;30;29;351;21;0;25;84213760;0
423;40;28;2;0;251;0;8;30;29;351;21;0;25;84213760;0
424;40;27;8;101;251;0;249;31;29;389;18;0;25;84213760;0
425;40;27;25;22;251;0;0;30;29;389;18;0;25;84213760;0
426;40;28;2;0;252;0;7;30;29;389;18;0;25;84213760;0
427;40;27;22;114;251;0;250;30;29;337;20;0;25;84213760;0
428;40;27;20;8;249;0;1;30;29;337;20;0;25;84213760;0
429;40;28;2;0;248;0;5;30;29;337;20;0;25;84213760;0
430;40;27;9;78;247;0;251;31;29;343;18;0;25;84213760;0
431;40;27;39;100;246;0;251;30;29;343;18;0;25;84213760;0
432;40;28;4;0;247;0;1;30;29;343;18;0;25;84213760;0
433;40;28;1;0;248;0;4;31;29;343;18;0;25;84213760;0
434;40;27;32;97;249;0;250;30;29;402;16;0;25;84213760;0
435;40;27;29;52;250;0;254;30;29;402;16;0;25;84213760;0
436;40;28;2;0;251;0;6;30;29;402;16;0;25;84213760;0
437;40;28;1;6;252;0;252;31;29;402;16;0;25;84213760;0
438;40;27;41;112;254;0;250;30;29;425;15;0;25;84213760;0
439;40;28;7;1;257;0;2;30;29;425;15;0;25;84213760;0
440;40;28;1;0;258;0;6;30;29;425;15;0;25;84213760;0
441;40;28;0;1;257;0;255;31;29;425;15;0;25;84213760;0
442;40;27;34;97;257;0;250;30;30;408;14;0;25;84213760;0
443;40;27;14;5;259;0;0;30;29;408;14;0;25;84213760;0
444;40;28;1;0;261;0;6;30;29;408;14;0;25;84213760;0
445;40;28;0;0;259;0;255;31;30;408;14;0;25;84213760;0
446;40;27;37;99;257;0;251;30;30;370;14;0;25;84213760;0
447;40;28;7;1;257;0;4;30;29;370;14;0;25;84213760;0
448;40;28;1;0;256;0;4;30;29;370;14;0;25;84213760;0
449;40;27;9;82;254;0;250;31;29;331;16;0;25;84213760;0
450;40;27;48;100;251;0;253;30;30;331;16;0;25;84213760;0
451;40;28;3;0;250;0;6;30;29;331;16;0;25;84213760;0
452;40;28;0;0;250;0;3;31;29;331;16;0;25;84213760;0
453;40;27;38;108;250;0;250;30;30;441;16;0;25;84213760;0
454;40;28;8;2;252;0;2;30;30;441;16;0;25;84213760;0
455;40;28;1;0;255;0;4;30;29;441;16;0;25;84213760;0
456;40;27;37;115;254;0;250;30;30;335;18;0;25;84213760;0
457;40;27;21;27;253;0;255;30;30;335;18;0;25;84213760;0
458;40;28;2;0;252;0;6;30;29;335;18;0;25;84213760;0
459;40;28;1;1;251;0;254;31;29;335;18;0;25;84213760;0
460;40;27;23;134;251;0;248;31;30;401;14;0;25;84213760;0
461;40;27;22;34;252;0;255;30;30;401;14;0;25;84213760;0
462;40;28;2;0;254;0;8;30;29;401;14;0;25;84213760;0
463;40;28;0;0;254;0;0;31;30;401;14;0;25;84213760;0
464;40;27;40;109;255;0;250;30;30;343;16;0;25;84213760;0
465;40;27;12;4;256;0;1;30;30;343;16;0;25;84213760;0
466;40;28;1;0;257;0;7;30;30;343;16;0;25;84213760;0
467;40;27;3;61;255;0;252;31;29;343;16;0;25;84213760;0
468;40;27;31;81;255;0;252;30;30;387;15;0;25;84213760;0
469;40;28;3;0;255;0;6;30;30;387;15;0;25;84213760;0
470;40;28;0;0;255;0;1;31;29;387;15;0;25;84213760;0
471;40;27;23;82;253;0;250;30;30;290;16;0;25;84213760;0
472;40;27;18;20;252;0;255;30;30;290;16;0;25;84213760;0
473;40;28;2;0;251;0;7;30;30;290;16;0;25;84213760;0
474;40;28;0;0;251;0;255;31;30;290;16;0;25;84213760;0
475;40;27;22;73;249;0;251;30;30;266;15;0;25;84213760;0
476;40;27;12;4;247;0;0;30;30;266;15;0;25;84213760;0
477;40;28;1;0;246;0;6;30;30;266;15;0;25;84213760;0
478;40;28;0;0;245;0;255;31;29;266;15;0;25;84213760;0
479;40;27;37;112;242;0;249;30;30;248;14;0;25;84213760;0
480;40;27;10;3;240;0;1;30;30;248;14;0;25;84213760;0
481;40;28;1;0;239;0;5;30;30;248;14;0;25;84213760;0
482;40;28;0;0;239;0;255;31;30;248;14;0;25;84213760;0
483;40;27;36;87;240;0;250;30;30;352;14;0;25;84213760;0
484;40;27;10;5;243;0;0;30;30;352;14;0;25;84213760;0
485;40;28;1;0;247;0;6;30;30;352;14;0;25;84213760;0
486;40;28;0;0;249;0;0;31;30;352;14;0;25;84213760;0
487;40;27;28;86;251;0;250;30;30;330;14;0;25;84213760;0
488;40;27;15;11;254;0;255;30;30;330;14;0;25;84213760;0
489;40;28;1;0;258;0;6;30;30;330;14;0;25;84213760;0
490;40;28;0;0;260;0;255;31;30;330;14;0;25;84213760;0
491;40;27;37;99;261;0;250;30;30;314;15;0;25;84213760;0
492;40;28;6;1;262;0;2;30;30;314;15;0;25;84213760;0
493;40;28;1;0;263;0;4;31;30;314;15;0;25;84213760;0
494;40;27;7;85;261;0;250;31;30;312;16;0;25;84213760;0
495;40;27;31;49;258;0;254;30;30;312;16;0;25;84213760;0
496;40;28;2;0;256;0;7;30;30;312;16;0;25;84213760;0
497;40;28;0;0;254;0;2;31;30;312;16;0;25;84213760;0
498;40;27;7;82;251;0;250;31;30;322;15;0;25;84213760;0
499;40;27;30;62;250;0;253;30;30;322;15;0;25;84213760;0
500;40;28;2;0;250;0;5;30;30;322;15;0;25;84213760;0
501;40;28;0;0;249;0;1;31;30;322;15;0;25;84213760;0
502;40;27;42;117;248;0;249;30;30;315;16;0;25;84213760;0
503;40;27;26;35;247;0;255;30;30;315;16;0;25;84213760;0
504;40;28;2;0;247;0;6;30;30;315;16;0;25;84213760;0
505;40;28;0;0;248;0;2;31;30;315;16;0;25;84213760;0
506;40;27;30;101;250;0;250;31;30;448;14;0;25;84213760;0
507;40;27;18;9;254;0;0;30;30;448;14;0;25;84213760;0
508;40;28;1;0;258;0;6;30;30;448;14;0;25;84213760;0
509;40;28;0;0;258;0;0;31;30;448;14;0;25;84213760;0
510;40;27;36;114;256;0;249;31;30;337;14;0;25;84213760;0
511;40;27;17;9;256;0;0;30;30;337;14;0;25;84213760;0
512;40;28;1;0;256;0;6;30;30;337;14;0;25;84213760;0
513;40;28;0;0;255;0;0;31;30;337;14;0;25;84213760;0
514;40;27;35;97;254;0;250;30;30;348;15;0;25;84213760;0
515;40;27;8;2;254;0;2;30;30;348;15;0;25;84213760;0
516;40;28;1;0;255;0;5;30;30;348;15;0;25;84213760;0
517;40;27;1;33;254;0;252;31;30;348;15;0;25;84213760;0
518;40;27;41;110;252;0;250;30;30;332;15;0;25;84213760;0
519;40;28;5;1;252;0;3;30;30;332;15;0;25;84213760;0
520;40;28;1;0;251;0;3;31;30;332;15;0;25;84213760;0
521;40;27;3;75;250;0;250;31;30;332;15;0;25;84213760;0
522;40;27;36;85;247;0;252;30;30;339;15;0;25;84213760;0
523;40;28;3;1;247;0;6;30;30;339;15;0;25;84213760;0
524;40;28;0;0;246;0;3;31;30;339;15;0;25;84213760;0
525;40;27;24;113;246;0;249;31;30;351;15;0;25;84213760;0
526;40;27;14;5;247;0;0;30;30;351;15;0;25;84213760;0
527;40;28;1;0;249;0;7;30;30;351;15;0;25;84213760;0
528;40;28;1;9;249;0;253;31;30;351;15;0;25;84213760;0
529;40;27;36;98;249;0;250;30;30;298;16;0;25;84213760;0
530;40;28;6;1;250;0;3;30;30;298;16;0;25;84213760;0
531;40;28;1;0;250;0;4;31;30;298;16;0;25;84213760;0
532;40;28;1;14;250;0;252;31;30;298;16;0;25;84213760;0
533;40;27;32;86;250;0;250;30;30;296;15;0;25;84213760;0
534;40;28;5;1;251;0;5;30;30;296;15;0;25;84213760;0
535;40;28;1;0;253;0;3;31;30;296;15;0;25;84213760;0
536;40;27;10;97;252;0;249;31;30;280;16;0;25;84213760;0
537;40;27;23;18;253;0;0;30;30;280;16;0;25;84213760;0
538;40;28;1;0;254;0;5;30;30;280;16;0;25;84213760;0
539;40;27;3;45;254;0;251;31;30;280;16;0;25;84213760;0
540;40;27;26;38;253;0;254;30;30;261;18;0;25;84213760;0
541;40;28;2;0;254;0;5;30;30;261;18;0;25;84213760;0
542;40;28;0;0;254;0;255;31;30;261;18;0;25;84213760;0
543;40;27;19;63;252;0;251;30;30;248;17;0;25;84213760;0
544;40;28;9;2;250;0;1;30;30;248;17;0;25;84213760;0
545;40;28;1;0;249;0;4;30;30;248;17;0;25;84213760;0
546;40;27;4;52;248;0;250;31;30;213;16;0;25;84213760;0
547;40;27;25;65;245;0;252;30;30;213;16;0;25;84213760;0
548;40;28;3;0;242;0;4;30;30;213;16;0;25;84213760;0
549;40;28;0;0;240;0;255;31;30;213;16;0;25;84213760;0
550;40;28;0;0;238;0;254;31;30;213;16;0;25;84213760;0
551;40;27;34;82;236;0;251;30;30;243;13;0;25;84213760;0
552;40;28;4;0;236;0;6;30;30;243;13;0;25;84213760;0
553;40;28;1;0;237;0;3;31;30;243;13;0;25;84213760;0
554;40;27;2;44;239;0;252;31;30;243;13;0;25;84213760;0
555;40;27;36;84;241;0;251;30;30;284;15;0;25;84213760;0
556;40;28;5;0;244;0;3;30;30;284;15;0;25;84213760;0
557;40;28;1;0;248;0;4;31;30;284;15;0;25;84213760;0
558;40;27;5;74;250;0;251;31;30;284;15;0;25;84213760;0
559;40;27;38;88;253;0;251;30;30;331;15;0;25;84213760;0
560;40;28;5;1;258;0;3;30;30;331;15;0;25;84213760;0
561;40;28;1;0;262;0;3;31;30;331;15;0;25;84213760;0
562;40;28;1;17;265;0;252;31;30;331;15;0;25;84213760;0
563;40;27;40;94;267;0;251;30;30;366;14;0;25;84213760;0
564;40;28;4;1;270;0;5;30;30;366;14;0;25;84213760;0
565;40;28;1;0;272;0;3;31;30;366;14;0;25;84213760;0
566;40;27;26;119;272;0;249;31;30;335;16;0;25;84213760;0
567;40;27;20;23;271;0;255;30;30;335;16;0;25;84213760;0
568;40;28;2;0;271;0;7;30;30;335;16;0;25;84213760;0
569;40;28;0;1;269;0;253;31;30;335;16;0;25;84213760;0
570;40;27;35;96;268;0;251;30;30;348;16;0;25;84213760;0
571;40;28;5;1;268;0;6;30;30;348;16;0;25;84213760;0
572;40;28;1;0;267;0;3;31;30;348;16;0;25;84213760;0
573;40;27;13;89;263;0;250;31;30;305;16;0;25;84213760;0
574;40;27;24;23;259;0;255;30;30;305;16;0;25;84213760;0
575;40;28;1;0;256;0;5;30;30;305;16;0;25;84213760;0
576;40;28;0;2;254;0;253;31;30;305;16;0;25;84213760;0
577;40;27;32;89;251;0;250;30;30;293;16;0;25;84213760;0
578;40;28;7;2;249;0;2;30;30;293;16;0;25;84213760;0
579;40;28;1;0;248;0;6;31;30;293;16;0;25;84213760;0
580;40;28;1;16;246;0;252;31;30;293;16;0;25;84213760;0
581;40;27;35;94;245;0;251;30;30;294;15;0;25;84213760;0
582;40;28;5;1;245;0;5;30;30;294;15;0;25;84213760;0
583;40;28;1;0;246;0;4;31;30;294;15;0;25;84213760;0
584;40;27;29;88;246;0;250;31;30;308;16;0;25;84213760;0
585;40;27;21;16;246;0;255;30;30;308;16;0;25;84213760;0
586;40;28;2;0;248;0;6;30;30;308;16;0;25;84213760;0
587;40;27;2;47;250;0;251;31;30;308;16;0;25;84213760;0
588;40;27;37;78;251;0;252;30;30;295;17;0;25;84213760;0
589;40;28;3;0;252;0;5;30;30;295;17;0;25;84213760;0
590;40;28;0;0;253;0;0;31;30;295;17;0;25;84213760;0
591;40;27;36;92;253;0;251;30;30;307;17;0;25;84213760;0
592;40;28;7;2;253;0;3;30;30;307;17;0;25;84213760;0
593;40;28;1;0;254;0;4;31;30;307;17;0;25;84213760;0
594;40;28;0;0;254;0;2;31;30;307;17;0;25;84213760;0
595;40;27;44;108;254;0;250;31;30;307;14;0;25;84213760;0
596;40;27;11;4;254;0;0;30;30;307;14;0;25;84213760;0
597;40;28;1;0;255;0;5;31;30;307;14;0;25;84213760;0
598;40;27;2;74;257;0;0;31;30;307;14;0;25;84213760;0
599;40;27;36;93;260;0;251;30;30;388;16;0;25;84213760;0
600;40;28;3;0;263;0;6;30;30;388;16;0;25;84213760;0
601;40;28;1;0;265;0;0;31;30;388;16;0;25;84213760;0
602;40;27;35;96;264;0;251;31;30;310;17;0;25;84213760;0
603;40;28;7;1;261;0;2;30;30;310;17;0;25;84213760;0
604;40;28;1;0;259;0;4;31;30;310;17;0;25;84213760;0
605;40;27;4;82;256;0;250;31;30;301;16;0;25;84213760;0
606;40;27;36;82;253;0;252;30;30;301;16;0;25;84213760;0
607;40;28;3;0;251;0;9;30;30;301;16;0;25;84213760;0
608;40;28;1;8;250;0;252;31;30;301;16;0;25;84213760;0
609;40;27;42;113;248;0;250;30;30;323;18;0;25;84213760;0
610;40;28;4;1;247;0;8;30;30;323;18;0;25;84213760;0
611;40;28;1;0;246;0;2;31;30;323;18;0;25;84213760;0
612;40;27;41;103;246;0;251;31;30;353;18;0;25;84213760;0
613;40;28;6;1;247;0;7;30;30;353;18;0;25;84213760;0
614;40;28;1;0;248;0;0;31;30;353;18;0;25;84213760;0
615;40;27;45;110;249;0;251;31;30;325;19;0;25;84213760;0
616;40;28;7;1;250;0;1;30;30;325;19;0;25;84213760;0
617;40;28;1;0;251;0;3;31;30;325;19;0;25;84213760;0
618;40;27;2;42;252;0;252;31;30;325;19;0;25;84213760;0
619;40;27;34;71;253;0;252;30;30;339;16;0;25;84213760;0
620;40;28;4;1;255;0;6;30;30;339;16;0;25;84213760;0
621;40;28;0;0;256;0;2;31;30;339;16;0;25;84213760;0
622;40;27;10;92;256;0;249;31;30;318;15;0;25;84213760;0
623;40;27;27;45;256;0;254;30;30;318;15;0;25;84213760;0
624;40;28;2;0;257;0;6;30;30;318;15;0;25;84213760;0
625;40;28;0;0;256;0;0;31;30;318;15;0;25;84213760;0
626;40;27;36;95;256;0;250;31;30;325;16;0;25;84213760;0
627;40;27;11;4;257;0;0;30;30;325;16;0;25;84213760;0
628;40;28;1;0;259;0;5;31;30;325;16;0;25;84213760;0
629;40;28;1;29;258;0;252;31;30;325;16;0;25;84213760;0
630;40;27;33;88;258;0;251;30;30;339;15;0;25;84213760;0
631;40;28;4;0;260;0;8;30;30;339;15;0;25;84213760;0
632;40;27;1;71;260;0;255;31;30;339;15;0;25;84213760;0
633;40;27;32;88;260;0;251;30;30;284;19;0;25;84213760;0
634;40;28;3;0;259;0;6;30;30;284;19;0;25;84213760;0
635;40;28;1;0;258;0;2;31;30;284;19;0;25;84213760;0
636;40;27;18;74;255;0;251;31;30;259;17;0;25;84213760;0
637;40;27;13;4;252;0;1;30;30;259;17;0;25;84213760;0
638;40;28;1;0;251;0;5;31;30;259;17;0;25;84213760;0
639;40;27;24;92;249;0;250;31;30;247;18;0;25;84213760;0
640;40;28;13;2;246;0;2;30;30;247;18;0;25;84213760;0
641;40;28;1;0;244;0;3;31;30;247;18;0;25;84213760;0
642;40;27;34;92;241;0;251;31;30;261;20;0;25;84213760;0
643;40;28;7;1;237;0;4;30;30;261;20;0;25;84213760;0
644;40;28;1;0;235;0;3;31;30;261;20;0;25;84213760;0
645;40;27;35;93;236;0;250;31;30;268;19;0;25;84213760;0
646;40;28;8;1;237;0;3;30;30;268;19;0;25;84213760;0
647;40;28;1;0;240;0;5;31;30;268;19;0;25;84213760;0
648;40;27;30;93;242;0;250;31;30;276;18;0;25;84213760;0
649;40;27;10;3;244;0;1;30;30;276;18;0;25;84213760;0
650;40;28;1;0;247;0;6;31;30;276;18;0;25;84213760;0
651;40;27;41;102;250;0;250;31;30;281;19;0;25;84213760;0
652;40;27;12;3;252;0;2;30;30;281;19;0;25;84213760;0
653;40;28;1;0;256;0;4;31;30;281;19;0;25;84213760;0
654;40;27;19;90;258;0;250;31;30;296;19;0;25;84213760;0
655;40;28;10;2;260;0;2;30;30;296;19;0;25;84213760;0
656;40;28;1;0;263;0;4;31;30;296;19;0;25;84213760;0
657;40;27;25;93;263;0;250;31;30;261;19;0;25;84213760;0
658;40;27;20;14;261;0;0;30;30;261;19;0;25;84213760;0
659;40;28;2;0;260;0;7;31;30;261;19;0;25;84213760;0
660;40;27;3;64;258;0;251;31;30;261;19;0;25;84213760;0
661;40;27;30;71;257;0;253;30;30;298;17;0;25;84213760;0
662;40;28;3;0;258;0;6;30;30;298;17;0;25;84213760;0
663;40;28;0;0;258;0;2;31;30;298;17;0;25;84213760;0
664;40;27;14;67;256;0;250;31;30;246;16;0;25;84213760;0
665;40;27;21;18;255;0;255;30;30;246;16;0;25;84213760;0
666;40;28;2;0;255;0;5;31;30;246;16;0;25;84213760;0
667;40;28;0;0;255;0;254;31;30;246;16;0;25;84213760;0
668;40;27;35;89;254;0;250;31;30;251;15;0;25;84213760;0
669;40;28;7;1;253;0;1;30;30;251;15;0;25;84213760;0
670;40;28;1;0;253;0;4;31;30;251;15;0;25;84213760;0
671;40;27;5;77;252;0;250;31;30;285;16;0;25;84213760;0
672;40;27;31;58;251;0;254;30;30;285;16;0;25;84213760;0
673;40;28;2;0;252;0;5;31;30;285;16;0;25;84213760;0
674;40;28;0;0;253;0;0;31;30;285;16;0;25;84213760;0
675;40;27;38;93;252;0;251;31;30;286;17;0;25;84213760;0
676;40;28;7;1;252;0;5;30;30;286;17;0;25;84213760;0
677;40;28;1;0;252;0;2;31;30;286;17;0;25;84213760;0
678;40;27;15;98;252;0;250;31;30;294;17;0;25;84213760;0
679;40;27;23;24;252;0;255;30;30;294;17;0;25;84213760;0
680;40;28;2;0;253;0;6;31;30;294;17;0;25;84213760;0
681;40;28;1;5;253;0;252;31;30;294;17;0;25;84213760;0
682;40;27;37;91;254;0;251;30;30;297;17;0;25;84213760;0
683;40;27;13;5;254;0;0;30;30;297;17;0;25;84213760;0
684;40;28;1;0;255;0;3;31;30;297;17;0;25;84213760;0
685;40;28;0;0;256;0;3;31;30;297;17;0;25;84213760;0
686;40;27;37;97;258;0;250;31;30;428;13;0;25;84213760;0
687;40;28;8;2;261;0;2;30;30;428;13;0;25;84213760;0
688;40;28;1;0;264;0;3;31;30;428;13;0;25;84213760;0
689;40;27;8;72;264;0;250;31;30;265;18;0;25;84213760;0
690;40;27;24;21;262;0;255;30;30;265;18;0;25;84213760;0
691;40;28;2;0;261;0;3;31;30;265;18;0;25;84213760;0
692;40;27;3;79;260;0;250;31;30;265;18;0;25;84213760;0
693;40;27;30;60;258;0;253;31;30;280;17;0;25;84213760;0
694;40;28;3;0;259;0;4;30;30;280;17;0;25;84213760;0
695;40;28;0;0;258;0;254;31;30;280;17;0;25;84213760;0
696;40;27;32;87;258;0;251;31;30;255;17;0;25;84213760;0
697;40;28;5;1;257;0;6;31;30;255;17;0;25;84213760;0
698;40;28;1;0;256;0;1;31;30;255;17;0;25;84213760;0
699;40;27;28;86;256;0;250;31;30;263;18;0;25;84213760;0
700;40;28;10;2;254;0;3;30;30;263;18;0;25;84213760;0
701;40;28;1;0;255;0;2;31;30;263;18;0;25;84213760;0
702;40;27;20;77;253;0;250;31;30;255;18;0;25;84213760;0
703;40;27;17;8;252;0;0;30;30;255;18;0;25;84213760;0
704;40;28;1;0;252;0;4;31;30;255;18;0;25;84213760;0
705;40;28;0;1;251;0;252;31;30;255;18;0;25;84213760;0
706;40;27;32;84;250;0;250;31;30;256;16;0;25;84213760;0
707;40;28;4;0;249;0;7;31;30;256;16;0;25;84213760;0
708;40;28;1;0;249;0;255;31;30;256;16;0;25;84213760;0
709;40;27;35;95;249;0;250;31;30;257;19;0;25;84213760;0
710;40;27;15;9;249;0;0;30;30;257;19;0;25;84213760;0
711;40;28;1;0;250;0;4;31;30;257;19;0;25;84213760;0
712;40;28;0;0;251;0;255;31;30;257;19;0;25;84213760;0
713;40;28;0;12;251;0;251;31;30;257;19;0;25;84213760;0
714;40;27;39;90;251;0;252;31;30;368;12;0;25;84213760;0
715;40;28;3;0;254;0;6;31;30;368;12;0;25;84213760;0
716;40;27;4;71;256;0;251;31;30;368;12;0;25;84213760;0
717;40;27;32;49;256;0;253;31;30;290;20;0;25;84213760;0
718;40;28;2;0;255;0;7;31;30;290;20;0;25;84213760;0
719;40;27;2;52;255;0;251;31;30;290;20;0;25;84213760;0
720;40;27;35;44;253;0;255;31;30;287;19;0;25;84213760;0
721;40;28;2;0;252;0;8;31;30;287;19;0;25;84213760;0
722;40;27;11;90;251;0;250;31;30;302;20;0;25;84213760;0
723;40;27;17;5;251;0;2;31;30;302;20;0;25;84213760;0
724;40;28;2;0;251;0;5;31;30;302;20;0;25;84213760;0
725;40;27;38;106;250;0;250;31;30;286;21;0;25;84213760;0
726;40;28;7;1;249;0;6;30;30;286;21;0;25;84213760;0
727;40;28;1;0;249;0;254;31;30;286;21;0;25;84213760;0
728;40;27;37;93;249;0;251;31;30;302;21;0;25;84213760;0
729;40;28;3;0;250;0;4;31;30;302;21;0;25;84213760;0
730;40;28;1;0;250;0;0;31;30;302;21;0;25;84213760;0
731;40;27;29;75;250;0;251;31;30;297;18;0;25;84213760;0
732;40;28;6;1;250;0;5;31;30;297;18;0;25;84213760;0
733;40;28;1;0;251;0;1;31;30;297;18;0;25;84213760;0
734;40;27;31;89;251;0;251;31;30;241;18;0;25;84213760;0
735;40;28;9;2;250;0;5;31;30;241;18;0;25;84213760;0
736;40;28;1;0;250;0;1;31;30;241;18;0;25;84213760;0
737;40;27;28;78;250;0;251;31;30;265;19;0;25;84213760;0
738;40;28;7;1;251;0;4;31;30;265;19;0;25;84213760;0
739;40;28;1;0;251;0;0;31;30;265;19;0;25;84213760;0
740;40;27;29;71;251;0;251;31;30;246;20;0;25;84213760;0
741;40;28;4;1;251;0;3;31;30;246;20;0;25;84213760;0
742;40;28;1;0;252;0;3;31;30;246;20;0;25;84213760;0
743;40;27;15;81;251;0;250;31;30;211;17;0;25;84213760;0
744;40;27;17;5;250;0;1;31;30;211;17;70;25;84344832;0
745;40;28;1;0;250;0;4;31;33;211;17;70;25;84344832;0
746;40;27;18;94;249;0;250;31;36;245;19;70;25;84344832;0
747;40;27;29;44;248;0;254;30;40;245;19;70;25;84344832;0
748;40;28;2;0;247;0;7;31;44;245;19;70;25;84344832;0
749;40;28;0;0;247;0;0;31;47;245;19;70;25;84344832;0
750;40;27;30;93;247;0;250;31;50;349;15;70;25;84344832;0
751;40;27;19;33;249;0;254;31;52;349;15;70;25;84344832;0
752;40;28;2;0;251;0;6;32;55;349;15;70;25;84344832;0
753;40;28;0;0;253;0;2;32;58;349;15;70;25;84344832;0
754;40;27;20;68;253;0;250;32;60;313;14;70;25;84344832;0
755;40;27;14;6;254;0;0;33;62;313;14;70;25;84344832;0
756;40;28;2;0;256;0;6;33;65;313;14;70;25;84344832;0
757;40;28;0;0;256;0;1;33;67;313;14;70;25;84344832;0
758;40;27;21;91;254;0;249;33;69;230;14;70;25;84344832;0
759;40;27;27;48;252;0;254;35;71;230;14;70;25;84344832;0
760;40;28;2;0;250;0;7;36;73;230;14;70;25;84344832;0
761;40;28;0;0;250;0;3;35;75;230;14;70;25;84344832;0
762;40;27;8;64;251;0;251;36;77;357;14;70;25;84344832;0
763;40;27;21;44;254;0;253;37;79;357;14;70;25;84344832;0
764;40;28;3;0;259;0;6;38;81;357;14;70;25;84344832;0
765;40;28;0;0;261;0;0;38;82;357;14;70;25;84344832;0
766;40;27;25;75;260;0;250;39;84;258;15;70;25;84344832;0
767;40;28;7;1;257;0;4;41;86;258;15;70;25;84344832;0
768;40;28;1;0;256;0;6;40;87;258;15;70;25;84344832;0
769;40;27;2;45;255;0;251;40;89;258;15;70;25;84344832;0
770;40;27;25;45;252;0;253;42;90;239;16;70;25;84344832;0
771;40;28;3;0;251;0;6;43;92;239;16;70;25;84344832;0
772;40;28;0;0;250;0;1;42;94;239;16;70;25;84344832;0
773;40;27;21;77;247;0;252;43;95;220;15;70;25;84344832;0
774;40;27;17;11;244;0;255;45;97;220;15;70;25;84344832;0
775;40;28;2;0;243;0;5;45;97;220;15;70;25;84344832;0
776;40;28;0;0;242;0;255;45;96;220;15;70;25;84344832;0
777;40;27;32;92;241;0;249;46;95;239;16;70;25;84344832;0
778;40;28;6;1;241;0;6;48;96;239;16;70;25;84344832;0
779;40;28;1;0;241;0;3;47;96;239;16;70;25;84344832;0
780;40;27;68;57;240;0;1;48;95;279;18;70;25;84344832;0
781;40;28;2;0;239;0;3;48;95;279;18;70;25;84344832;0
782;40;27;13;70;237;0;251;48;94;259;25;70;25;84344832;0
783;40;27;16;6;234;0;0;50;95;259;25;70;25;84344832;0
784;40;28;1;0;236;0;1;50;95;259;25;70;25;84344832;0
785;40;27;12;70;240;0;250;50;95;228;18;70;25;84344832;0
786;40;28;6;1;245;0;0;51;96;228;18;70;25;84344832;0
787;40;28;1;0;248;0;1;51;95;228;18;70;25;84344832;0
788;40;27;43;101;247;0;251;51;95;240;22;70;25;84344832;0
789;40;28;3;0;242;0;5;53;96;240;22;70;25;84344832;0
790;40;28;1;2;241;0;253;52;96;240;22;70;25;84344832;0
791;40;27;35;75;243;0;251;53;96;261;20;70;25;84344832;0
792;40;28;5;1;247;0;4;54;97;261;20;70;25;84344832;0
793;40;28;1;0;252;0;4;53;97;261;20;70;25;84344832;0
794;40;27;16;89;255;0;250;53;96;301;16;70;25;84344832;0
795;40;27;29;44;259;0;253;55;97;301;16;70;25;84344832;0
796;40;28;2;0;263;0;4;55;98;301;16;70;25;84344832;0
797;40;28;0;0;266;0;0;54;97;301;16;70;25;84344832;0
798;40;27;28;63;268;0;252;55;97;306;16;70;25;84344832;0
799;40;28;5;1;271;0;3;56;98;306;16;70;25;84344832;0
800;40;28;1;0;273;0;4;55;98;306;16;70;25;84344832;0
801;40;27;6;80;273;0;249;55;97;197;17;70;25;84344832;0
802;40;27;26;42;270;0;253;56;97;197;17;70;25;84344832;0
803;40;28;2;0;268;0;8;57;98;197;17;70;25;84344832;0
804;40;28;0;0;266;0;3;55;97;197;17;70;25;84344832;0
805;40;27;23;78;264;0;251;56;97;256;16;70;25;84344832;0
806;40;28;14;4;263;0;1;57;98;256;16;70;25;84344832;0
807;40;28;1;0;263;0;5;56;98;256;16;70;25;84344832;0
808;40;27;2;52;263;0;251;56;97;256;16;70;25;84344832;0
809;40;27;32;75;261;0;251;57;98;248;16;70;25;84344832;0
810;40;28;5;1;260;0;7;58;99;248;16;70;25;84344832;0
811;40;28;1;0;260;0;4;57;99;248;16;70;25;84344832;0
812;40;27;8;85;260;0;249;57;98;287;15;70;25;84344832;0
813;40;27;31;74;261;0;252;58;98;287;15;70;25;84344832;0
814;40;28;3;0;262;0;8;58;99;287;15;70;25;84344832;0
815;40;28;0;0;262;0;0;57;99;287;15;70;25;84344832;0
816;40;27;30;82;261;0;250;58;99;313;16;70;25;84344832;0
817;40;27;16;7;261;0;0;60;100;313;16;70;25;84344832;0
818;40;28;1;0;262;0;6;59;100;313;16;70;25;84344832;0
819;40;28;0;2;262;0;252;58;100;313;16;70;25;84344832;0
820;40;27;32;79;261;0;251;59;100;313;15;70;25;84344832;0
821;40;28;7;1;262;0;4;60;101;313;15;70;25;84344832;0
822;40;28;1;0;263;0;5;60;101;313;15;70;25;84344832;0
823;40;27;20;89;262;0;250;59;100;305;16;70;25;84344832;0
824;40;27;22;43;262;0;253;60;101;305;16;70;25;84344832;0
825;40;28;2;0;263;0;7;61;102;305;16;70;25;84344832;0
826;40;28;0;0;262;0;2;60;101;305;16;70;25;84344832;0
827;40;27;12;82;262;0;250;60;100;276;15;70;25;84344832;0
828;40;27;30;65;262;0;252;61;101;276;15;70;25;84344832;0
829;40;28;3;0;263;0;9;62;102;276;15;70;25;84344832;0
830;40;28;0;0;263;0;2;60;102;276;15;70;25;84344832;0
831;40;27;25;93;262;0;250;60;101;341;14;70;25;84344832;0
832;40;27;24;28;261;0;254;62;102;341;14;70;25;84344832;0
833;40;28;2;0;261;0;8;62;103;341;14;70;25;84344832;0
834;40;28;0;0;260;0;0;61;102;341;14;50;25;84344832;0
835;40;27;31;83;257;0;251;62;101;319;15;50;25;84344832;0
836;40;28;13;5;256;0;0;63;100;319;15;50;25;84344832;0
837;40;28;1;0;257;0;6;62;99;319;15;50;25;84344832;0
838;40;28;0;0;256;0;254;61;98;319;15;50;25;84344832;0
839;40;27;33;90;256;0;250;62;97;300;15;50;25;84344832;0
840;40;27;14;13;257;0;255;63;97;300;15;50;25;84344832;0
841;40;28;1;0;257;0;7;63;96;300;15;50;25;84344832;0
842;40;28;0;1;257;0;253;62;95;300;15;50;25;84344832;0
843;40;27;39;115;256;0;249;62;94;353;14;50;25;84344832;0
844;40;28;8;3;257;0;1;64;94;353;14;50;25;84344832;0
845;40;28;1;0;258;0;8;63;93;353;14;50;25;84344832;0
846;40;28;0;4;257;0;253;62;92;353;14;50;25;84344832;0
847;40;27;33;89;257;0;251;62;92;367;14;50;25;84344832;0
848;40;28;8;2;258;0;3;63;91;367;14;50;25;84344832;0
849;40;28;1;0;259;0;6;62;90;367;14;50;25;84344832;0
850;40;28;1;13;258;0;252;61;90;367;14;50;25;84344832;0
851;40;27;33;87;256;0;251;62;89;314;15;50;25;84344832;0
852;40;28;7;1;255;0;3;63;89;314;15;50;25;84344832;0
853;40;28;1;0;255;0;3;62;88;314;15;50;25;84344832;0
854;40;27;4;52;253;0;251;61;87;316;15;50;25;84344832;0
855;40;27;27;44;251;0;253;62;87;316;15;50;25;84344832;0
856;40;28;2;0;251;0;5;62;86;316;15;50;25;84344832;0
857;40;28;0;1;251;0;253;61;86;316;15;50;25;84344832;0
858;40;27;34;93;250;0;250;61;85;259;17;50;25;84344832;0
859;40;28;5;1;248;0;6;62;85;259;17;50;25;84344832;0
860;40;28;1;0;248;0;3;61;84;259;17;50;25;84344832;0
861;40;27;23;90;248;0;250;61;84;318;16;50;25;84344832;0
862;40;27;27;48;248;0;254;62;83;318;16;50;25;84344832;0
863;40;28;2;0;250;0;7;62;83;318;16;50;25;84344832;0
864;40;28;0;0;251;0;255;61;82;318;16;50;25;84344832;0
865;40;27;32;83;251;0;251;61;82;302;16;50;25;84344832;0
866;40;28;9;2;251;0;1;62;81;302;16;50;25;84344832;0
867;40;28;1;0;253;0;5;61;81;302;16;50;25;84344832;0
868;40;28;0;0;253;0;254;60;81;302;16;50;25;84344832;0
869;40;27;32;82;253;0;251;60;80;301;14;50;25;84344832;0
870;40;28;8;2;254;0;3;61;80;301;14;50;25;84344832;0
871;40;28;1;0;256;0;4;60;79;301;14;50;25;84344832;0
872;40;28;1;19;255;0;252;60;79;301;14;50;25;84344832;0
873;40;27;32;78;255;0;251;60;78;285;15;50;25;84344832;0
874;40;28;4;1;256;0;7;60;78;285;15;50;25;84344832;0
875;40;28;1;0;256;0;3;60;78;285;15;50;25;84344832;0
876;40;27;4;55;256;0;251;59;77;312;15;50;25;84344832;0
877;40;27;20;32;255;0;253;60;77;312;15;50;25;84344832;0
878;40;28;2;0;256;0;8;60;76;312;15;50;25;84344832;0
879;40;28;0;0;255;0;2;59;76;312;15;50;25;84344832;0
880;40;27;18;81;253;0;250;59;76;236;15;50;25;84344832;0
881;40;27;17;9;251;0;0;59;75;236;15;50;25;84344832;0
882;40;28;1;0;250;0;6;59;75;236;15;50;25;84344832;0
883;40;28;0;0;248;0;254;58;74;236;15;50;25;84344832;0
884;40;27;26;79;247;0;250;58;74;253;15;50;25;84344832;0
885;40;28;13;5;245;0;0;59;74;253;15;50;25;84344832;0
886;40;28;1;0;246;0;7;59;73;253;15;50;25;84344832;0
887;40;28;0;0;245;0;254;58;73;253;15;50;25;84344832;0
888;40;27;31;81;246;0;251;58;73;279;15;50;30;84344832;0
889;40;28;5;1;246;0;255;58;72;279;15;50;30;84344832;0
890;40;28;1;0;248;0;0;58;72;279;15;50;30;84344832;0
891;40;27;37;75;249;0;250;58;72;265;17;50;30;84344832;0
892;40;28;17;6;249;0;0;59;72;265;17;50;30;84344832;0
893;40;28;1;0;250;0;5;58;71;265;17;50;30;84344832;0
894;40;28;0;1;252;0;253;58;71;265;17;50;30;84344832;0
895;40;27;44;72;254;0;251;58;71;241;15;50;30;84279296;0
