# time;P_O2, atm;P_He, atm;Flow O2, l/min;Flow He, l/min;FiO2 Env, %;FiO2 sens2, %;P mask, cm H2O;Tmask, gradC;Tnagr, gradC;V, ml;f, 1/min;Tzad, gradC;FiO2 zad, %;Flags;
# POWERON 26.11.2018 14:04:04
1;0;0;0;5;0;0;255;31;30;0;0;37;30;84279808;0
50;0;0;0;7;633;0;248;30;29;0;0;37;30;84279301;0
55;41;0;0;5;213;0;255;30;29;0;0;37;30;84279300;0
62;41;35;0;5;211;0;255;30;29;0;0;37;30;84279296;0
84;41;36;0;5;211;0;6;30;29;0;0;37;30;84344832;0
85;41;36;0;5;191;0;3;30;29;0;0;37;30;84344832;0
86;41;34;302;671;192;0;236;30;29;0;0;37;30;84344832;0
87;41;34;101;191;193;0;5;30;29;0;0;37;30;84344832;0
88;41;35;3;0;210;0;9;30;29;0;0;37;30;84344832;0
89;41;34;4;113;232;0;249;30;29;0;0;37;30;84344832;0
90;41;33;140;322;255;0;248;30;29;2278;16;37;30;84344832;0
91;41;34;26;18;273;0;8;30;29;2278;16;37;30;84344832;0
92;41;35;2;0;285;0;10;30;29;2278;16;37;30;84344832;0
93;41;33;136;241;296;0;245;30;29;1519;16;37;30;84344832;0
94;41;33;150;283;306;0;250;30;29;1519;16;37;30;84344832;0
95;41;35;6;0;317;0;10;30;29;1519;16;37;30;84344832;0
96;41;35;1;0;322;0;5;30;29;1519;16;37;30;84344832;0
97;41;33;138;334;325;0;243;30;29;1552;15;37;30;84344832;0
98;41;34;67;95;326;0;5;30;29;1552;15;37;30;84344832;0
99;41;35;3;0;325;0;9;30;29;1552;15;37;30;84344832;0
100;41;34;2;23;324;0;0;30;29;1552;15;37;30;84344832;0
101;41;33;143;374;325;0;244;30;29;1517;16;37;30;84344832;0
102;41;34;22;12;324;0;9;30;29;1517;16;37;30;84344832;0
103;41;35;2;1;321;0;6;30;29;1517;16;37;30;84344832;0
104;41;33;157;345;319;0;247;30;29;1577;16;37;30;84344832;0
105;41;33;140;381;319;0;246;30;29;1577;16;37;30;84344832;0
106;41;35;5;0;318;0;8;30;29;1577;16;37;30;84344832;0
107;41;34;2;22;317;0;0;30;29;1577;16;37;30;84344832;0
108;41;33;138;371;317;0;245;30;29;1620;16;37;30;84344832;0
109;41;34;23;11;318;0;8;30;29;1620;16;37;30;84344832;0
110;41;35;1;0;317;0;6;30;29;1620;16;37;30;84344832;0
111;41;33;134;341;315;0;243;30;29;1539;17;37;30;84344832;0
112;41;33;127;322;313;0;251;30;29;1539;17;37;30;84344832;0
113;41;35;4;0;310;0;8;30;29;1539;17;37;30;84344832;0
114;41;35;1;11;308;0;0;30;29;1539;17;37;30;84344832;0
115;41;33;135;362;308;0;244;30;29;1675;16;37;30;84344832;0
116;41;34;33;31;309;0;8;30;29;1675;16;37;30;84344832;0
117;41;35;2;0;308;0;6;30;29;1675;16;37;30;84344832;0
118;41;33;127;334;307;0;245;30;29;1533;18;37;30;84344832;0
119;41;34;36;44;308;0;7;30;29;1533;18;37;30;84344832;0
120;41;35;2;0;307;0;6;30;29;1533;18;37;30;84344832;0
121;41;33;122;319;307;0;244;30;29;1392;18;37;30;84344832;0
122;41;34;103;271;309;0;252;30;29;1392;18;37;30;84344832;0
123;41;35;4;0;309;0;8;30;29;1392;18;37;30;84344832;0
124;41;34;2;20;307;0;0;30;29;1392;18;37;30;84344832;0
125;41;33;131;350;306;0;245;30;29;1470;16;37;30;84344832;0
126;41;34;25;52;305;0;3;30;29;1470;16;37;30;84344832;0
127;41;34;8;23;303;0;255;30;29;1470;16;37;30;84344832;0
128;41;35;1;0;303;0;255;30;29;1470;16;37;30;84344832;0
129;41;33;138;361;304;0;244;30;29;1583;13;37;30;84344832;0
130;41;34;15;50;305;0;0;30;29;1583;13;37;30;84344832;0
131;41;33;131;350;304;0;242;30;29;231;70;37;30;84344832;0
132;41;35;5;0;306;0;8;30;29;231;70;37;30;84344832;0
133;41;34;3;31;306;0;0;30;29;493;27;37;30;84344832;0
134;41;33;92;363;307;0;238;30;29;493;27;37;30;84344832;0
135;41;34;48;122;309;0;0;30;29;154;53;37;30;84344832;0
136;41;34;21;46;310;0;0;30;29;154;53;37;30;84344832;0
137;41;33;136;374;309;0;244;30;29;1254;22;37;30;84344832;0
138;41;35;15;5;304;0;9;30;29;1254;22;37;30;84344832;0
139;41;35;1;0;299;0;7;30;29;1254;22;37;30;84344832;0
140;41;33;133;370;298;0;243;30;29;1142;19;37;30;84344832;0
141;41;34;86;176;301;0;5;30;29;1142;19;37;30;84344832;0
142;41;35;3;1;303;0;6;30;29;1142;19;37;30;84344832;0
143;41;33;28;397;302;0;235;30;29;1142;19;37;30;84344832;0
144;41;33;152;422;303;0;247;30;29;1649;17;37;30;84344832;0
145;41;35;5;0;303;0;7;29;29;1649;17;37;30;84344832;0
146;41;33;169;464;304;0;241;29;29;1521;22;37;30;84344832;0
147;41;35;12;4;306;0;7;29;29;1521;22;37;30;84344832;0
148;41;34;19;41;307;0;255;29;29;1146;31;37;30;84344832;0
149;41;33;43;428;309;0;233;30;29;1146;31;37;30;84344832;0
150;41;34;84;125;312;0;7;29;29;341;33;37;30;84344832;0
151;41;35;3;0;310;0;9;29;29;341;33;37;30;84344832;0
152;41;35;1;35;307;0;255;30;29;341;33;37;30;84344832;0
153;41;33;138;397;308;0;248;29;29;1146;19;37;30;84344832;0
154;41;35;10;2;308;0;8;29;29;1146;19;37;30;84344832;0
155;41;35;1;0;307;0;5;29;29;1146;19;37;30;84344832;0
156;41;33;142;396;306;0;246;29;29;1716;17;37;30;84344832;0
157;41;34;45;78;306;0;7;29;29;1716;17;37;30;84344832;0
158;41;35;2;0;305;0;7;29;29;1716;17;37;30;84344832;0
159;41;33;149;425;304;0;240;29;29;1654;17;37;30;84344832;0
160;41;33;120;296;305;0;1;29;29;1654;17;37;30;84344832;0
161;41;35;3;0;305;0;9;29;29;1654;17;37;30;84344832;0
162;41;33;151;422;304;0;240;29;29;1611;19;37;30;84344832;0
163;41;34;53;128;304;0;3;29;29;1611;19;37;30;84344832;0
164;41;34;23;72;303;0;7;29;29;1611;19;37;30;84344832;0
165;41;33;132;377;301;0;246;29;29;1853;20;37;30;84344832;0
166;41;35;8;1;297;0;10;29;29;1853;20;37;30;84344832;0
167;41;35;1;1;293;0;2;29;29;1853;20;37;30;84344832;0
168;41;33;137;387;291;0;244;29;29;999;21;37;30;84344832;0
169;41;34;31;58;291;0;4;29;29;999;21;37;30;84344832;0
170;41;34;30;63;291;0;0;29;29;999;21;40;30;84344832;0
171;41;35;6;2;292;0;255;29;29;999;21;40;30;84344832;0
172;41;33;155;335;290;0;240;29;29;1969;13;40;30;84344832;0
173;41;34;28;26;286;0;6;29;29;1969;13;40;30;84344832;0
174;41;34;21;44;283;0;0;29;29;1088;32;40;30;84344832;0
175;41;33;166;367;284;0;238;29;29;293;44;40;30;84344832;0
176;41;35;22;13;291;0;9;29;29;293;44;40;30;84344832;0
177;41;35;0;0;297;0;6;29;29;293;44;40;30;84344832;0
178;41;33;194;471;301;0;240;29;29;1073;22;40;30;84344832;0
179;41;35;19;17;308;0;8;29;29;1073;22;40;30;84344832;0
180;41;35;1;1;312;0;4;29;29;1073;22;40;30;84344832;0
181;41;33;172;470;315;0;239;29;29;1665;18;40;30;84344832;0
182;41;34;84;152;320;0;7;29;29;1665;18;40;30;84344832;0
183;41;35;3;0;321;0;8;29;29;1665;18;40;30;84344832;0
184;41;33;173;374;319;0;242;29;29;1728;18;40;30;84344832;0
185;41;33;110;307;317;0;251;29;29;1728;18;40;30;84344832;0
186;41;35;5;0;314;0;9;29;29;1728;18;40;30;84344832;0
187;41;33;11;303;310;0;239;29;29;1728;18;40;30;84344832;0
188;41;33;119;322;307;0;251;29;29;1577;17;40;30;84344832;0
189;41;35;7;0;304;0;8;29;29;1577;17;40;30;84344832;0
190;41;35;2;23;301;0;0;29;29;1577;17;40;30;84344832;0
191;41;33;124;340;299;0;248;29;29;1458;18;40;30;84344832;0
192;41;35;9;1;299;0;9;29;29;1458;18;40;30;84344832;0
193;41;33;21;354;298;0;238;29;29;1458;18;40;30;84344832;0
194;41;35;20;9;298;0;6;29;29;1398;20;40;30;84344832;0
195;41;34;8;222;299;0;240;29;29;1398;20;40;30;84344832;0
196;41;33;138;370;299;0;249;29;29;718;29;40;30;84344832;0
197;41;35;5;0;300;0;9;29;29;718;29;40;30;84344832;0
198;41;34;6;239;301;0;241;29;29;718;29;40;30;84344832;0
199;41;33;126;323;304;0;250;29;29;1581;19;40;30;84344832;0
200;41;35;11;2;307;0;9;29;29;1581;19;40;30;84344832;0
201;41;35;1;1;307;0;4;29;28;1581;19;40;30;84344832;0
202;41;33;146;401;306;0;245;29;29;1640;17;40;30;84344832;0
203;41;35;26;17;303;0;9;29;29;1640;17;40;30;84344832;0
204;41;35;2;1;300;0;5;29;28;1640;17;40;30;84344832;0
205;41;33;145;392;299;0;244;29;28;1597;18;40;30;84344832;0
206;41;34;68;122;301;0;5;29;29;1597;18;40;30;84344832;0
207;41;35;3;0;301;0;7;29;29;1597;18;40;30;84344832;0
208;41;33;141;384;300;0;242;29;29;1539;18;40;30;84344832;0
209;41;34;116;242;300;0;1;29;28;1539;18;40;30;84344832;0
210;41;35;3;0;299;0;8;29;28;1539;18;40;30;84344832;0
211;41;33;145;375;299;0;241;29;29;1546;17;40;30;84344832;0
212;41;34;114;309;301;0;251;29;28;1546;17;40;30;84344832;0
213;41;35;5;0;302;0;9;29;28;1546;17;40;30;84344832;0
214;41;33;174;488;301;0;236;29;29;1531;19;40;30;84344832;0
215;41;34;50;112;302;0;5;29;28;1531;19;40;30;84344832;0
216;41;35;3;0;301;0;5;29;29;1531;19;40;30;84344832;0
217;41;33;146;383;302;0;247;29;29;1356;22;40;30;84344832;0
218;41;35;11;2;303;0;7;29;28;1356;22;40;30;84344832;0
219;41;35;9;22;302;0;255;29;28;1195;28;40;30;84344832;0
220;41;33;47;508;303;0;227;29;28;1195;28;40;30;84344832;0
221;41;34;123;269;306;0;1;29;29;268;34;40;30;84344832;0
222;41;35;3;0;309;0;9;29;28;268;34;40;30;84344832;0
223;41;33;167;468;310;0;236;29;28;1162;21;40;30;84344832;0
224;41;34;57;139;312;0;5;29;28;1162;21;40;30;84344832;0
225;41;35;5;0;311;0;8;29;29;1162;21;40;30;84344832;0
226;41;33;186;520;309;0;239;29;29;1894;19;40;30;84344832;0
227;41;34;60;112;307;0;9;29;28;1894;19;40;30;84344832;0
228;41;35;2;0;304;0;8;29;28;1894;19;40;30;84344832;0
229;41;33;177;506;302;0;239;29;28;1643;19;40;30;84344832;0
230;41;34;75;140;303;0;6;29;28;1643;19;40;30;84344832;0
231;41;35;3;0;304;0;8;29;28;1643;19;40;30;84344832;0
232;41;33;158;440;304;0;243;29;28;1675;19;40;30;84344832;0
233;41;34;43;60;305;0;7;29;28;1675;19;40;30;84344832;0
234;41;35;2;0;305;0;7;29;28;1675;19;40;30;84344832;0
235;41;33;170;465;304;0;241;29;28;1481;20;40;30;84344832;0
236;41;34;41;56;304;0;8;29;28;1481;20;40;30;84344832;0
237;41;35;2;0;303;0;6;29;28;1481;20;40;30;84344832;0
238;41;33;137;390;302;0;244;29;28;1549;19;40;30;84344832;0
239;41;35;18;8;303;0;9;29;28;1549;19;40;30;84344832;0
240;41;35;2;8;302;0;2;29;28;1549;19;40;30;84344832;0
241;41;33;137;371;301;0;248;29;28;1328;21;40;30;84344832;0
242;41;35;7;1;301;0;9;29;28;1328;21;40;30;84344832;0
243;41;34;6;234;300;0;241;29;28;1328;21;40;30;84344832;0
244;41;34;116;321;299;0;250;29;28;1359;20;40;30;84344832;0
245;41;35;4;0;299;0;6;29;28;1359;20;40;30;84344832;0
246;41;33;156;435;297;0;241;29;28;1202;22;40;30;84344832;0
247;41;34;29;68;296;0;4;29;28;1202;22;40;30;84344832;0
248;41;35;4;0;295;0;5;29;28;1202;22;40;30;84344832;0
249;41;33;140;368;296;0;245;29;28;1370;19;40;30;84344832;0
250;41;35;9;1;296;0;11;29;28;1370;19;40;30;84344832;0
251;41;35;2;3;295;0;1;29;28;1370;19;40;30;84344832;0
252;41;33;148;392;296;0;245;29;28;1281;21;40;30;84344832;0
253;41;35;9;1;298;0;11;29;28;1281;21;40;30;84344832;0
254;41;34;7;60;300;0;0;29;28;1403;21;40;30;84344832;0
255;41;33;155;418;302;0;244;29;28;1403;21;40;30;84344832;0
256;41;35;11;2;306;0;11;29;28;1403;21;40;30;84344832;0
257;41;35;2;27;307;0;0;29;28;1403;21;40;30;84344832;0
258;41;34;118;320;309;0;252;29;28;1501;18;40;30;84344832;0
259;41;35;5;0;311;0;9;29;28;1501;18;40;30;84344832;0
260;41;34;4;140;309;0;245;29;28;1501;18;40;30;84344832;0
261;41;34;118;336;307;0;248;29;28;1431;19;40;30;84344832;0
262;41;35;6;0;305;0;9;29;28;1431;19;40;30;84344832;0
263;41;33;36;445;301;0;230;29;28;1431;19;40;30;84344832;0
264;41;33;141;366;298;0;0;29;28;1374;20;40;30;84344832;0
265;41;35;4;0;295;0;10;29;28;1374;20;40;30;84344832;0
266;41;33;181;484;294;0;238;29;28;1734;20;40;30;84344832;0
267;41;34;125;245;296;0;4;29;28;1734;20;40;30;84344832;0
268;41;35;3;0;298;0;8;29;28;1734;20;40;30;84344832;0
269;41;33;175;467;300;0;239;29;28;1740;19;40;30;84344832;0
270;41;34;64;97;304;0;8;29;28;1740;19;40;30;84344832;0
271;41;35;2;0;307;0;6;29;28;1740;19;40;30;84344832;0
272;41;33;159;434;309;0;242;29;28;1552;20;40;30;84344832;0
273;41;35;19;17;311;0;7;29;28;1552;20;40;30;84344832;0
274;41;35;2;5;312;0;2;29;28;1552;20;40;30;84344832;0
275;41;33;139;377;312;0;240;29;28;1370;18;40;30;84344832;0
276;41;34;44;53;313;0;8;29;28;1370;18;40;30;84344832;0
277;41;35;2;0;311;0;5;29;28;1370;18;40;30;84344832;0
278;41;33;142;388;308;0;240;29;28;1432;19;40;30;84344832;0
279;41;34;108;271;307;0;1;29;28;1432;19;40;30;84344832;0
280;41;35;3;0;305;0;8;29;28;1432;19;40;30;84344832;0
281;41;33;144;424;302;0;237;29;28;1591;18;40;30;84344832;0
282;41;34;83;151;301;0;6;29;28;1591;18;40;30;84344832;0
283;41;35;3;0;299;0;8;29;28;1591;18;40;30;84344832;0
284;41;34;11;269;298;0;240;29;28;1591;18;40;30;84344832;0
285;41;33;133;358;298;0;250;29;28;1515;18;40;30;84344832;0
286;41;35;7;1;298;0;9;29;28;1515;18;40;30;84344832;0
287;41;35;1;3;297;0;0;29;28;1515;18;40;30;84344832;0
288;41;33;148;412;297;0;243;29;28;1557;17;40;30;84344832;0
289;41;35;16;5;297;0;9;29;28;1557;17;40;30;84344832;0
290;41;35;2;1;297;0;3;29;28;1557;17;40;30;84344832;0
291;41;33;162;476;296;0;239;29;28;1458;19;40;30;84344832;0
292;41;35;14;4;295;0;9;29;28;1458;19;40;30;84344832;0
293;41;35;1;1;295;0;1;29;28;1458;19;40;30;84344832;0
294;41;34;140;351;297;0;246;29;28;1500;19;40;30;84344832;0
295;41;35;6;0;302;0;7;29;28;1500;19;40;30;84344832;0
296;41;34;19;321;305;0;237;29;28;1500;19;40;30;84344832;0
297;41;34;124;334;305;0;249;29;28;1153;21;40;30;84344832;0
298;41;35;5;0;304;0;7;29;28;1153;21;40;30;84344832;0
299;41;33;97;408;302;0;238;29;28;1153;21;40;30;84344832;0
300;41;34;76;141;301;0;5;29;28;1357;20;40;30;84344832;0
301;41;35;2;0;300;0;4;29;28;1357;20;40;30;84344832;0
302;41;33;175;467;299;0;238;29;28;1300;20;40;30;84344832;0
303;41;34;40;64;299;0;7;29;28;1300;20;40;30;84344832;0
304;41;35;2;0;298;0;5;29;28;1300;20;40;30;84344832;0
305;41;34;12;212;298;0;237;29;28;1324;21;40;30;84344832;0
306;41;34;132;359;299;0;250;29;28;1324;21;40;30;84344832;0
307;41;35;4;0;300;0;8;29;28;1324;21;40;30;84344832;0
308;41;33;24;393;300;0;233;29;28;1324;21;40;30;84344832;0
309;41;34;128;327;301;0;251;29;28;1547;16;40;30;84344832;0
310;41;35;4;0;304;0;7;29;28;1547;16;40;30;84344832;0
311;41;35;0;148;304;0;244;29;28;1547;16;40;30;84344832;0
312;41;34;130;344;303;0;249;29;28;1372;19;40;30;84344832;0
313;41;35;6;0;302;0;8;29;28;1372;19;40;30;84344832;0
314;41;34;3;151;301;0;244;29;28;1372;19;40;30;84344832;0
315;41;34;117;302;300;0;252;29;28;1394;19;40;30;84344832;0
316;41;35;2;0;298;0;4;29;28;1394;19;40;30;84344832;0
317;41;33;78;424;296;0;234;29;28;1394;19;40;30;84344832;0
318;41;34;95;187;296;0;3;29;28;1238;20;40;30;84344832;0
319;41;35;3;0;295;0;5;29;28;1238;20;40;30;84344832;0
320;41;33;169;452;295;0;238;29;28;1332;20;40;30;84344832;0
321;41;35;22;12;297;0;8;29;28;1332;20;40;30;84344832;0
322;41;35;2;0;299;0;2;29;28;1332;20;40;30;84344832;0
323;41;33;144;372;301;0;243;29;28;1176;21;40;30;84344832;0
324;41;35;15;4;304;0;8;29;28;1176;21;40;30;84344832;0
325;41;35;1;4;306;0;1;29;28;1176;21;40;30;84344832;0
326;41;34;142;363;306;0;246;29;28;1369;18;40;30;84344832;0
327;41;35;20;7;305;0;9;29;28;1369;18;40;30;84344832;0
328;41;35;1;1;304;0;2;29;28;1369;18;40;30;84344832;0
329;41;33;148;412;301;0;242;29;28;1334;18;40;30;84344832;0
330;41;35;22;11;300;0;8;29;28;1334;18;40;30;84344832;0
331;41;35;2;1;299;0;4;29;28;1334;18;40;30;84344832;0
332;41;34;155;347;299;0;240;29;28;1420;18;40;30;84344832;0
333;41;34;104;259;299;0;254;29;28;1420;18;40;30;84344832;0
334;41;35;4;0;299;0;6;29;28;1420;18;40;30;84344832;0
335;41;34;5;279;298;0;236;29;28;1420;18;40;30;84344832;0
336;41;34;127;334;299;0;250;29;28;1446;17;40;30;84344832;0
337;41;35;5;0;298;0;7;29;28;1446;17;40;30;84344832;0
338;41;34;56;343;298;0;239;29;28;1295;20;40;30;84344832;0
339;41;34;130;346;299;0;248;29;28;1295;20;40;30;84344832;0
340;41;35;3;0;298;0;8;29;28;1295;20;40;30;84344832;0
341;41;34;19;330;298;0;237;29;28;1295;20;40;30;84344832;0
342;41;34;103;218;300;0;0;29;28;1406;19;40;30;84344832;0
343;41;35;3;0;301;0;6;29;28;1406;19;40;30;84344832;0
344;41;33;166;452;302;0;240;29;28;1326;21;40;30;84344832;0
345;41;34;51;135;303;0;2;29;28;1326;21;40;30;84344832;0
346;41;35;6;0;304;0;8;29;28;1326;21;40;30;84344832;0
347;41;34;5;220;303;0;241;29;28;1326;21;40;30;84344832;0
348;41;34;87;140;300;0;6;29;28;1511;17;40;30;84344832;0
349;41;35;4;0;296;0;7;29;28;1511;17;40;30;84344832;0
350;41;33;128;423;293;0;238;29;28;1300;20;40;30;84344832;0
351;41;34;58;94;295;0;5;29;28;1300;20;40;30;84344832;0
352;41;35;2;0;297;0;4;29;28;1300;20;40;30;84344832;0
353;41;33;142;388;298;0;240;29;28;1253;20;40;30;84344832;0
354;41;35;17;6;299;0;8;29;28;1253;20;40;30;84344832;0
355;41;35;1;0;299;0;2;29;28;1253;20;40;30;84344832;0
356;41;34;138;361;301;0;240;29;28;1251;19;40;30;84344832;0
357;41;35;40;42;305;0;6;29;28;1251;19;40;30;84344832;0
358;41;35;2;1;308;0;3;29;28;1251;19;40;30;84344832;0
359;41;33;146;392;308;0;241;29;28;1196;19;40;30;84344832;0
360;41;35;36;48;307;0;6;29;28;1196;19;40;30;84344832;0
361;41;35;2;0;307;0;3;29;28;1196;19;40;30;84344832;0
362;41;33;158;427;306;0;240;29;28;1278;19;40;30;84344832;0
363;41;35;14;5;306;0;6;29;28;1278;19;40;30;84344832;0
364;41;35;1;1;306;0;1;29;28;1278;19;40;30;84344832;0
365;41;34;129;341;306;0;243;29;28;1137;19;40;30;84344832;0
366;41;35;22;18;307;0;6;29;28;1137;19;40;30;84344832;0
367;41;35;2;0;306;0;2;29;28;1137;19;40;30;84344832;0
368;41;34;137;369;305;0;245;29;28;1161;20;40;30;84344832;0
369;41;35;11;2;303;0;7;29;28;1161;20;40;30;84344832;0
370;41;35;1;1;301;0;1;29;28;1161;20;40;30;84344832;0
371;41;34;126;338;301;0;245;29;28;1258;19;40;30;84344832;0
372;41;35;12;2;302;0;8;29;28;1258;19;40;30;84344832;0
373;41;35;1;1;302;0;1;29;28;1258;19;40;30;84344832;0
374;41;34;123;338;301;0;245;29;28;1199;19;40;30;84344832;0
375;41;35;7;1;301;0;6;29;28;1199;19;40;30;84344832;0
376;41;34;31;379;300;0;235;29;28;1199;19;40;30;84344832;0
377;41;34;71;108;300;0;4;29;28;1097;21;40;30;84344832;0
378;41;35;2;1;300;0;1;29;28;1097;21;40;30;84344832;0
379;41;34;132;363;300;0;243;29;28;934;23;40;30;84344832;0
380;41;35;17;6;301;0;7;29;28;934;23;40;30;84344832;0
381;41;35;2;1;300;0;2;29;28;934;23;40;30;84344832;0
382;41;34;116;297;300;0;245;29;28;1127;19;40;30;84344832;0
383;41;34;59;93;299;0;4;29;28;1127;19;40;30;84344832;0
384;41;35;2;0;297;0;3;29;28;1127;19;40;30;84344832;0
385;41;34;125;327;294;0;245;29;28;1211;19;40;30;84344832;0
386;41;35;21;9;291;0;7;29;28;1211;19;40;30;84344832;0
387;41;35;1;0;289;0;2;29;28;1211;19;40;30;84344832;0
388;41;34;116;293;289;0;246;29;28;1125;20;40;30;84344832;0
389;41;35;12;2;290;0;9;28;28;1125;20;40;30;84344832;0
390;41;35;3;18;291;0;255;29;28;1125;20;40;30;84344832;0
391;41;34;151;367;292;0;237;29;28;1045;18;40;30;84344832;0
392;41;35;35;33;295;0;8;29;28;1045;18;40;30;84344832;0
393;41;35;2;0;296;0;4;29;28;1045;18;40;30;84344832;0
394;41;34;134;347;300;0;240;29;28;1245;20;40;30;84344832;0
395;41;34;61;90;306;0;5;29;28;1245;20;40;30;84344832;0
396;41;35;2;0;311;0;5;29;28;1245;20;40;30;84344832;0
397;41;34;131;343;314;0;242;29;28;1366;19;40;30;84344832;0
398;41;35;16;5;315;0;7;29;28;1366;19;40;30;84344832;0
399;41;35;1;1;314;0;1;29;28;1366;19;40;30;84344832;0
400;41;34;109;285;312;0;244;29;28;1043;18;40;30;84344832;0
401;41;34;64;99;311;0;4;29;28;1043;18;40;30;84344832;0
402;41;35;3;0;307;0;4;29;28;1043;18;40;30;84344832;0
403;41;34;70;245;303;0;245;29;28;1136;18;40;30;84344832;0
404;41;34;62;81;303;0;4;29;28;1136;18;40;30;84344832;0
405;41;35;2;0;302;0;2;29;28;1136;18;40;30;84344832;0
406;41;34;87;216;300;0;247;29;28;949;21;40;30;84344832;0
407;41;34;84;170;300;0;0;28;28;949;21;40;30;84344832;0
408;41;35;17;3;300;0;8;29;28;949;21;40;30;84344832;0
409;41;35;2;16;297;0;0;29;28;949;21;40;30;84344832;0
410;41;34;65;128;296;0;1;29;28;1559;16;40;30;84344832;0
411;41;35;7;0;298;0;3;29;28;1559;16;40;30;84344832;0
412;41;35;10;28;300;0;255;29;28;1083;22;40;30;84344832;0
413;41;35;3;0;299;0;255;29;28;1083;22;40;30;84344832;0
414;41;34;137;387;299;0;240;29;28;204;30;40;30;84344832;0
415;41;35;24;16;300;0;9;29;28;204;30;40;30;84344832;0
416;41;35;2;1;301;0;5;29;28;204;30;40;30;84344832;0
417;41;34;48;100;303;0;0;29;28;1376;20;40;30;84344832;0
418;41;35;16;30;308;0;255;29;28;1376;20;40;30;84344832;0
419;41;34;125;317;313;0;248;28;28;662;27;40;30;84344832;0
420;41;35;5;0;314;0;8;28;28;662;27;40;30;84344832;0
421;41;34;56;322;312;0;242;29;28;653;24;40;30;84344832;0
422;41;34;117;329;311;0;249;28;28;653;24;40;30;84344832;0
423;41;35;4;0;310;0;6;28;28;653;24;40;30;84344832;0
424;41;34;60;75;308;0;4;29;28;1299;21;40;30;84344832;0
425;41;35;13;42;307;0;0;28;28;400;51;40;30;84344832;0
426;41;35;3;0;307;0;0;28;28;400;51;40;30;84344832;0
427;41;34;106;214;309;0;0;29;28;173;34;40;30;84344832;0
428;41;35;3;1;313;0;2;29;28;173;34;40;30;84344832;0
429;41;34;142;337;313;0;241;28;28;657;25;40;30;84344832;0
430;41;35;34;27;311;0;7;28;28;657;25;40;30;84344832;0
431;41;35;2;1;308;0;2;29;28;657;25;40;30;84344832;0
432;41;34;127;371;305;0;244;29;28;1182;21;40;30;84344832;0
433;41;35;11;2;303;0;8;28;28;1182;21;40;30;84344832;0
434;41;35;1;1;300;0;1;28;28;1182;21;40;30;84344832;0
435;41;34;132;362;298;0;245;28;28;1264;19;40;30;84344832;0
436;41;35;11;2;298;0;7;28;28;1264;19;40;30;84344832;0
437;41;35;1;1;297;0;0;29;28;1264;19;40;30;84344832;0
438;41;34;128;355;295;0;244;28;28;1212;19;40;30;84344832;0
439;41;35;7;1;295;0;5;28;28;1212;19;40;30;84344832;0
440;41;35;1;1;294;0;0;29;28;1212;19;40;30;84344832;0
441;41;34;121;313;295;0;246;29;28;1121;19;40;30;84344832;0
442;41;35;11;2;298;0;6;28;28;1121;19;40;30;84344832;0
443;41;35;1;1;299;0;0;28;28;1121;19;40;30;84344832;0
444;41;34;129;336;300;0;243;28;28;1122;18;40;30;84344832;0
445;41;35;42;93;304;0;3;28;28;1122;18;40;30;84344832;0
446;41;35;5;0;304;0;2;28;28;1122;18;40;30;84344832;0
447;41;35;1;1;305;0;0;28;28;1122;18;40;30;84344832;0
448;41;34;129;325;305;0;242;28;28;1662;13;40;30;84344832;0
449;41;35;9;1;304;0;8;28;28;1662;13;40;30;84344832;0
450;41;35;1;1;301;0;2;29;28;1662;13;40;30;84344832;0
451;41;34;115;292;299;0;253;29;28;797;23;40;30;84344832;0
452;41;35;3;0;299;0;5;29;28;797;23;40;30;84344832;0
453;41;35;5;22;299;0;255;29;28;949;23;40;30;84344832;0
454;41;34;128;332;300;0;246;29;28;197;76;40;30;84344832;0
455;41;35;6;0;300;0;6;28;28;197;76;40;30;84344832;0
456;41;34;95;320;300;0;242;29;28;982;23;40;30;84344832;0
457;41;35;43;47;301;0;6;28;28;982;23;40;30;84344832;0
458;41;35;2;1;303;0;2;29;28;982;23;40;30;84344832;0
459;41;34;141;386;304;0;243;28;28;1078;21;40;30;84344832;0
460;41;35;21;15;306;0;7;28;28;1078;21;40;30;84344832;0
461;41;35;1;0;307;0;3;28;28;1078;21;40;30;84344832;0
462;41;34;129;355;307;0;245;29;28;1327;19;40;30;84344832;0
463;41;35;13;4;309;0;8;28;28;1327;19;40;30;84344832;0
464;41;35;2;1;309;0;2;28;28;1327;19;40;30;84344832;0
465;41;34;8;205;307;0;243;29;28;1327;19;40;30;84344832;0
466;41;34;123;356;307;0;245;28;28;1245;16;40;30;84344832;0
467;41;35;7;1;307;0;6;29;28;1245;16;40;30;84344832;0
468;41;35;1;1;306;0;0;29;28;1245;16;40;30;84344832;0
469;41;34;132;379;305;0;240;29;28;1267;16;40;30;84344832;0
470;41;35;17;5;306;0;6;28;28;1267;16;40;30;84344832;0
471;41;35;2;0;305;0;1;28;28;1267;16;40;30;84344832;0
472;41;34;132;384;304;0;242;28;28;1207;19;40;30;84344832;0
473;41;35;12;2;304;0;7;28;28;1207;19;40;30;84344832;0
474;41;35;1;2;303;0;0;28;28;1207;19;40;30;84344832;0
475;41;34;125;349;302;0;244;28;28;1136;20;40;30;84344832;0
476;41;35;6;0;303;0;5;29;28;1136;20;40;30;84344832;0
477;41;35;1;6;301;0;255;29;28;1136;20;40;30;84344832;0
478;41;34;118;353;301;0;244;28;28;1009;20;40;30;84344832;0
479;41;35;6;0;300;0;6;28;28;1009;20;40;30;84344832;0
480;41;34;12;201;299;0;244;28;28;1022;21;40;30;84344832;0
481;41;34;66;96;300;0;4;28;28;1022;21;40;30;84344832;0
482;41;35;3;0;300;0;3;28;28;1022;21;40;30;84344832;0
483;41;34;136;393;299;0;241;28;28;1131;20;40;30;84344832;0
484;41;35;24;13;299;0;8;28;28;1131;20;40;30;84344832;0
485;41;36;2;1;299;0;2;28;28;1131;20;40;30;84344832;0
486;41;34;137;379;299;0;242;28;28;1227;19;40;30;84344832;0
487;41;35;60;79;299;0;7;28;28;1227;19;40;30;84344832;0
488;41;35;2;0;298;0;4;28;28;1227;19;40;30;84344832;0
489;41;34;139;316;297;0;242;28;28;1395;18;40;30;84344832;0
490;41;34;81;161;298;0;2;28;28;1395;18;40;30;84344832;0
491;41;35;2;0;298;0;5;28;28;1395;18;40;30;84344832;0
492;41;34;153;363;298;0;239;28;28;1295;18;40;30;84344832;0
493;41;34;63;107;299;0;5;28;28;1295;18;40;30;84344832;0
494;41;35;3;0;299;0;4;29;28;1295;18;40;30;84344832;0
495;41;34;54;384;299;0;235;29;28;1295;18;40;30;84344832;0
496;41;34;116;319;300;0;249;28;28;1305;18;40;30;84344832;0
497;41;35;4;0;299;0;7;28;28;1305;18;40;30;84344832;0
498;41;35;1;6;299;0;246;28;28;1305;18;40;30;84344832;0
499;41;34;132;346;299;0;248;28;28;1382;18;40;30;84344832;0
500;41;35;5;1;299;0;6;28;28;1382;18;40;30;84344832;0
501;41;34;168;368;299;0;241;28;28;1266;20;40;30;84344832;0
502;41;34;122;285;300;0;0;28;28;1266;20;40;30;84344832;0
503;41;36;3;1;301;0;5;28;28;1266;20;40;30;84344832;0
504;41;34;151;334;302;0;243;28;28;1306;19;40;30;84344832;0
505;41;34;79;133;303;0;5;28;28;1306;19;40;30;84344832;0
506;41;36;3;0;303;0;5;28;28;1306;19;40;30;84344832;0
507;41;34;140;403;303;0;242;28;28;1299;20;40;30;84344832;0
508;41;35;44;72;304;0;6;28;28;1299;20;40;30;84344832;0
509;41;36;2;1;304;0;4;28;28;1299;20;40;30;84344832;0
510;41;34;121;318;303;0;242;28;28;1325;19;40;30;84344832;0
511;41;35;20;17;304;0;5;28;28;1325;19;40;30;84344832;0
512;41;36;2;1;303;0;1;28;28;1325;19;40;30;84344832;0
513;41;34;144;413;303;0;241;28;28;1108;20;40;30;84344832;0
514;41;35;12;2;304;0;7;28;28;1108;20;40;30;84344832;0
515;41;36;1;1;304;0;0;28;28;1108;20;40;30;84344832;0
516;41;34;124;353;305;0;247;28;28;1161;21;40;30;84344832;0
517;41;35;5;0;308;0;7;28;28;1161;21;40;30;84344832;0
518;41;36;1;1;307;0;0;28;28;1161;21;40;30;84344832;0
519;41;34;138;396;306;0;246;28;28;1203;19;40;30;84344832;0
520;41;35;5;0;303;0;5;28;28;1203;19;40;30;84344832;0
521;41;34;9;351;301;0;234;28;28;1203;19;40;30;84344832;0
522;41;34;122;355;301;0;248;28;28;1286;20;40;30;84344832;0
523;41;35;5;0;300;0;7;28;28;1286;20;40;30;84344832;0
524;41;35;6;39;299;0;0;28;28;1209;20;40;30;84344832;0
525;41;33;155;440;300;0;242;28;28;1209;20;40;30;84344832;0
526;41;35;6;0;301;0;8;28;28;1209;20;40;30;84344832;0
527;41;34;7;249;300;0;239;28;28;1209;20;40;30;84344832;0
528;41;35;62;104;302;0;5;28;28;1409;17;40;30;84344832;0
529;41;36;3;2;303;0;2;28;28;1409;17;40;30;84344832;0
530;41;33;146;440;303;0;238;28;28;1051;22;40;30;84344832;0
531;41;35;19;6;305;0;11;28;28;1051;22;40;30;84344832;0
532;41;35;2;6;305;0;1;28;28;1051;22;40;30;84344832;0
533;41;35;1;1;305;0;0;28;28;1051;22;40;30;84344832;0
534;41;34;130;358;306;0;243;28;28;1372;15;40;30;84344832;0
535;41;35;5;1;307;0;3;28;28;1372;15;40;30;84344832;0
536;41;35;1;0;306;0;0;28;28;1372;15;40;30;84344832;0
537;41;33;159;446;306;0;241;28;28;815;21;40;30;84344832;0
538;41;35;7;0;308;0;8;28;28;815;21;40;30;84344832;0
539;41;36;1;1;307;0;0;28;28;815;21;40;30;84344832;0
540;41;33;166;491;308;0;236;28;28;1378;17;40;30;84344832;0
541;41;35;8;2;310;0;3;28;28;1378;17;40;30;84344832;0
542;41;36;1;1;310;0;0;28;28;1378;17;40;30;84344832;0
543;41;34;146;436;311;0;239;28;28;995;19;40;30;84344832;0
544;41;35;17;13;315;0;6;28;28;995;19;40;30;84344832;0
545;41;36;2;1;315;0;2;28;28;995;19;40;30;84344832;0
546;41;34;129;393;314;0;241;28;28;1395;19;40;30;84344832;0
547;41;34;67;148;313;0;5;28;28;1395;19;40;30;84344832;0
548;41;35;6;0;310;0;8;28;28;1395;19;40;30;84344832;0
549;41;35;1;2;306;0;1;28;28;1395;19;40;30;84344832;0
550;41;34;124;261;303;0;2;28;28;1818;16;40;30;84344832;0
551;41;36;3;0;301;0;4;28;28;1818;16;40;30;84344832;0
552;41;34;141;329;298;0;242;28;28;1220;22;40;30;84344832;0
553;41;35;35;108;299;0;1;28;28;1220;22;40;30;84344832;0
554;41;35;6;0;299;0;5;28;28;1220;22;40;30;84344832;0
555;41;34;113;398;298;0;239;28;28;1218;18;40;30;84344832;0
556;41;35;25;19;295;0;8;28;28;1218;18;40;30;84344832;0
557;41;36;2;0;292;0;3;28;28;1218;18;40;30;84344832;0
558;41;34;118;312;290;0;242;28;28;1175;20;40;30;84344832;0
559;41;35;45;58;291;0;6;28;28;1175;20;40;30;84344832;0
560;41;36;2;1;290;0;3;28;28;1175;20;40;30;84344832;0
561;41;34;108;277;291;0;244;28;28;1212;19;40;30;84344832;0
562;41;35;25;15;292;0;8;28;28;1212;19;40;30;84344832;0
563;41;36;2;1;292;0;2;28;28;1212;19;40;30;84344832;0
564;41;34;112;283;293;0;244;28;28;1175;19;40;30;84344832;0
565;41;35;33;26;297;0;7;28;28;1175;19;40;30;84344832;0
566;41;36;2;0;298;0;2;28;28;1175;19;40;30;84344832;0
567;41;34;106;284;299;0;243;28;28;1142;19;40;30;84344832;0
568;41;35;38;39;303;0;6;28;28;1142;19;40;30;84344832;0
569;41;36;2;2;305;0;2;28;28;1142;19;40;30;84344832;0
570;41;34;134;378;305;0;243;28;28;1171;20;40;30;84344832;0
571;41;35;9;2;306;0;7;28;28;1171;20;40;30;84344832;0
572;41;36;2;8;305;0;0;28;28;1171;20;40;30;84344832;0
573;41;34;116;301;305;0;250;28;28;1098;21;40;30;84344832;0
574;41;36;4;0;305;0;4;28;28;1098;21;40;30;84344832;0
575;41;36;1;2;302;0;255;28;28;1098;21;40;30;84344832;0
576;41;34;107;336;301;0;245;28;28;1092;18;40;30;84344832;0
577;41;36;8;1;299;0;6;28;28;1092;18;40;30;84344832;0
578;41;34;7;262;296;0;240;28;28;1092;18;40;30;84344832;0
579;41;34;105;252;293;0;254;28;28;1153;20;40;30;84344832;0
580;41;36;3;0;291;0;4;28;28;1153;20;40;30;84344832;0
581;41;34;72;332;290;0;240;28;28;1067;20;40;30;84344832;0
582;41;35;21;9;291;0;6;28;28;1067;20;40;30;84344832;0
583;41;36;2;1;294;0;0;28;28;1067;20;40;30;84344832;0
584;41;34;124;320;296;0;244;28;28;820;22;40;30;84344832;0
585;41;36;8;1;299;0;5;28;28;820;22;40;30;84344832;0
586;41;36;1;0;300;0;1;28;28;820;22;40;30;84344832;0
587;41;34;117;304;302;0;245;28;28;1128;18;40;30;84344832;0
588;41;35;10;1;305;0;6;28;28;1128;18;40;30;84344832;0
589;41;36;1;0;305;0;1;28;28;1128;18;40;30;84344832;0
590;41;34;125;320;304;0;246;28;28;1019;20;40;30;84344832;0
591;41;36;7;0;302;0;6;28;28;1019;20;40;30;84344832;0
592;41;36;1;1;299;0;0;28;28;1019;20;40;30;84344832;0
593;41;34;133;347;299;0;241;28;28;972;18;40;30;84344832;0
594;41;35;9;2;300;0;5;28;28;972;18;40;30;84344832;0
595;41;36;1;0;300;0;0;28;28;972;18;40;30;84344832;0
596;41;34;124;318;300;0;245;28;28;1022;20;40;30;84344832;0
597;41;36;4;0;299;0;3;28;28;1022;20;40;30;84344832;0
598;41;34;115;279;299;0;244;28;28;809;24;40;30;84344832;0
599;41;35;18;10;299;0;5;28;28;809;24;40;30;84344832;0
600;41;36;1;1;299;0;0;28;28;809;24;40;30;84344832;0
601;41;36;0;0;299;0;255;28;28;809;24;40;30;84344832;0
602;41;34;4;236;300;0;239;28;28;809;24;40;30;84344832;0
603;41;35;53;66;304;0;5;28;28;908;13;40;30;84344832;0
604;41;36;2;0;306;0;3;28;28;908;13;40;30;84344832;0
605;41;34;81;289;307;0;242;28;28;1026;20;40;30;84344832;0
606;41;35;67;98;309;0;4;28;28;1026;20;40;30;84344832;0
607;41;36;2;0;310;0;3;28;28;1026;20;40;30;84344832;0
608;41;33;174;461;308;0;239;28;28;1096;20;40;30;84344832;0
609;41;35;15;7;307;0;7;28;28;1096;20;40;30;84344832;0
610;41;36;1;1;307;0;2;28;28;1096;20;40;30;84344832;0
611;41;34;115;321;307;0;245;28;28;1271;20;40;30;84344832;0
612;41;36;6;0;308;0;4;28;28;1271;20;40;30;84344832;0
613;41;36;1;2;307;0;255;28;28;1271;20;40;30;84344832;0
614;41;34;106;291;304;0;248;28;28;855;21;40;30;84344832;0
615;41;35;12;9;302;0;3;28;28;855;21;40;30;84344832;0
616;41;36;1;0;299;0;2;28;28;855;21;40;30;84344832;0
617;41;33;163;448;298;0;244;28;28;1347;18;40;30;84344832;0
618;41;35;19;32;300;0;4;28;28;1347;18;40;30;84344832;0
619;41;35;3;4;300;0;8;28;28;1347;18;40;30;84344832;0
620;41;34;144;358;303;0;240;28;28;1473;16;40;30;84344832;0
621;41;35;30;43;307;0;5;28;28;1473;16;40;30;84344832;0
622;41;36;2;0;309;0;3;28;28;1473;16;40;30;84344832;0
623;41;34;118;341;311;0;242;28;28;1140;20;40;30;84344832;0
624;41;35;16;5;314;0;6;28;28;1140;20;40;30;84344832;0
625;41;36;2;1;314;0;1;28;28;1140;20;40;30;84344832;0
626;41;34;128;361;312;0;247;28;28;1163;20;40;30;84344832;0
627;41;36;6;1;311;0;5;28;28;1163;20;40;30;84344832;0
628;41;34;56;432;309;0;235;28;28;1163;20;40;30;84344832;0
629;41;34;94;210;307;0;1;28;28;1079;22;40;30;84344832;0
630;41;36;3;0;305;0;5;28;28;1079;22;40;30;84344832;0
631;41;34;10;302;301;0;238;28;28;1079;22;40;30;84344832;0
632;41;34;89;187;298;0;1;28;28;1235;19;40;30;84344832;0
633;41;36;4;0;295;0;5;28;28;1235;19;40;30;84344832;0
634;41;34;108;327;292;0;242;28;28;1233;20;40;30;84344832;0
635;41;34;93;194;293;0;0;28;28;1233;20;40;30;84344832;0
636;41;36;3;0;293;0;5;28;28;1233;20;40;30;84344832;0
637;41;35;9;36;292;0;255;28;28;1145;20;40;30;84344832;0
638;41;35;59;73;293;0;7;28;28;1145;20;40;30;84344832;0
639;41;36;3;0;294;0;4;28;28;1145;20;40;30;84344832;0
640;41;34;142;318;297;0;241;28;28;1209;18;40;30;84344832;0
641;41;35;63;90;304;0;5;28;28;1209;18;40;30;84344832;0
642;41;36;2;0;311;0;4;28;28;1209;18;40;30;84344832;0
643;41;34;113;292;313;0;244;28;28;1188;19;40;30;84344832;0
644;41;35;14;3;315;0;6;28;28;1188;19;40;30;84344832;0
645;41;35;2;15;313;0;255;28;28;1188;19;40;30;84344832;0
646;41;34;119;319;310;0;250;28;28;965;22;40;30;84344832;0
647;41;36;9;1;308;0;7;28;28;965;22;40;30;84344832;0
648;41;36;1;1;304;0;1;28;28;965;22;40;30;84344832;0
649;41;34;145;401;301;0;243;28;28;1341;18;40;30;84344832;0
650;41;36;10;2;301;0;6;28;28;1341;18;40;30;84344832;0
651;41;36;1;3;300;0;0;28;28;1341;18;40;30;84344832;0
652;41;34;133;358;300;0;245;28;28;1189;20;40;30;84344832;0
653;41;36;10;1;299;0;6;28;28;1189;20;40;30;84344832;0
654;41;36;1;2;298;0;0;28;28;1189;20;40;30;84344832;0
655;41;34;149;412;298;0;245;28;28;1230;19;40;30;84344832;0
656;41;36;5;0;298;0;5;28;28;1230;19;40;30;84344832;0
657;41;34;192;381;299;0;242;28;28;1211;21;40;30;84344832;0
658;41;34;86;158;303;0;4;28;28;1211;21;40;30;84344832;0
659;41;36;3;0;306;0;4;28;28;1211;21;40;30;84344832;0
660;41;34;112;354;308;0;240;28;28;1193;20;40;30;84344832;0
661;41;35;66;118;310;0;4;28;28;1193;20;40;30;84344832;0
662;41;36;5;0;311;0;6;28;28;1193;20;40;30;84344832;0
663;41;35;8;138;311;0;250;28;28;1193;20;40;30;84344832;0
664;41;34;85;185;312;0;1;28;28;1324;18;40;30;84344832;0
665;41;36;4;1;311;0;5;28;28;1324;18;40;30;84344832;0
666;41;34;25;364;308;0;236;28;28;1324;18;40;30;84344832;0
667;41;34;119;298;307;0;254;28;28;1200;20;40;30;84344832;0
668;41;36;3;0;306;0;5;28;28;1200;20;40;30;84344832;0
669;41;36;1;1;303;0;0;28;28;1200;20;40;30;84344832;0
670;41;34;146;408;302;0;242;28;28;1315;17;40;30;84344832;0
671;41;36;10;2;302;0;6;28;28;1315;17;40;30;84344832;0
672;41;36;1;0;302;0;1;28;28;1315;17;40;30;84344832;0
673;41;34;119;329;303;0;241;28;28;1240;17;40;30;84344832;0
674;41;35;30;30;305;0;4;28;28;1240;17;40;30;84344832;0
675;41;36;2;1;305;0;1;28;28;1240;17;40;30;84344832;0
676;41;34;13;239;304;0;241;28;28;1240;17;40;30;84344832;0
677;41;35;29;20;303;0;5;28;28;1009;18;40;30;84344832;0
678;41;36;2;1;302;0;0;28;28;1009;18;40;30;84344832;0
679;41;34;145;305;299;0;1;28;28;792;24;40;30;84344832;0
680;41;35;19;60;297;0;0;28;28;792;24;40;30;84344832;0
681;41;36;4;0;297;0;3;28;28;792;24;40;30;84344832;0
682;41;34;137;386;299;0;242;28;28;1302;17;40;30;84344832;0
683;41;36;10;2;303;0;6;28;28;1302;17;40;30;84344832;0
684;41;36;1;2;305;0;0;28;28;1302;17;40;30;84344832;0
685;41;34;135;333;307;0;253;28;28;1034;22;40;30;84344832;0
686;41;36;4;0;309;0;4;28;28;1034;22;40;30;84344832;0
687;41;36;1;1;309;0;0;28;28;1034;22;40;30;84344832;0
688;41;34;130;360;311;0;246;28;28;1133;19;40;30;84344832;0
689;41;36;3;0;314;0;3;28;28;1133;19;40;30;84344832;0
690;41;34;7;228;312;0;242;28;28;1133;19;40;30;84344832;0
691;41;34;121;342;309;0;249;28;28;1071;20;40;30;84344832;0
692;41;36;5;0;307;0;6;28;28;1071;20;40;30;84344832;0
693;41;36;1;1;302;0;0;28;28;1071;20;40;30;84344832;0
694;41;34;9;205;299;0;243;28;28;1071;20;40;30;84344832;0
695;41;34;78;140;300;0;2;28;28;1158;15;40;30;84344832;0
696;41;36;3;0;300;0;2;28;28;1158;15;40;30;84344832;0
697;41;34;51;299;298;0;240;28;28;980;20;40;30;84344832;0
698;41;35;43;61;297;0;4;28;28;980;20;40;30;84344832;0
699;41;36;2;0;295;0;2;28;28;980;20;40;30;84344832;0
700;41;34;103;267;294;0;245;28;28;997;20;40;30;84344832;0
701;41;35;45;56;295;0;4;28;28;997;20;40;30;84344832;0
702;41;36;2;0;294;0;2;28;28;997;20;40;30;84344832;0
703;41;34;100;256;292;0;244;28;28;1004;19;40;30;84344832;0
704;41;36;16;5;293;0;5;28;28;1004;19;40;30;84344832;0
705;41;36;2;1;293;0;0;28;28;1004;19;40;30;84344832;0
706;41;34;90;218;292;0;247;28;28;779;20;40;30;84344832;0
707;41;34;114;301;292;0;249;28;28;779;20;40;30;84344832;0
708;41;36;8;1;292;0;6;28;28;779;20;40;30;84344832;0
709;41;36;2;12;292;0;255;28;28;779;20;40;30;84344832;0
710;41;34;86;148;294;0;3;28;28;1467;16;40;30;84344832;0
711;41;36;6;2;297;0;7;28;28;1467;16;40;30;84344832;0
712;41;35;4;195;300;0;241;28;28;1467;16;40;30;84344832;0
713;41;35;52;86;305;0;4;28;28;1128;19;40;30;84344832;0
714;41;36;2;1;309;0;1;28;28;1128;19;40;30;84344832;0
715;41;36;2;2;312;0;255;28;28;1128;19;40;30;84344832;0
716;41;34;143;343;317;0;240;28;28;1043;15;40;30;84344832;0
717;41;35;29;36;322;0;6;28;28;1043;15;40;30;84344832;0
718;41;36;2;0;322;0;2;28;28;1043;15;40;30;84344832;0
719;41;34;116;297;320;0;244;28;28;1140;19;40;30;84344832;0
720;41;35;24;23;319;0;6;28;28;1140;19;40;30;84344832;0
721;41;36;2;0;317;0;2;28;28;1140;19;40;30;84344832;0
722;41;34;103;299;312;0;246;28;28;1070;21;40;30;84344832;0
723;41;36;8;2;310;0;3;28;28;1070;21;40;30;84344832;0
724;41;36;1;50;306;0;243;28;28;1070;21;40;30;84344832;0
725;41;34;125;349;301;0;250;28;28;867;21;40;30;84344832;0
726;41;36;4;0;297;0;5;28;28;867;21;40;30;84344832;0
727;41;34;75;305;293;0;242;28;28;1185;20;40;30;84344832;0
728;41;36;9;1;292;0;3;28;28;1185;20;40;30;84344832;0
729;41;36;1;1;291;0;0;28;28;1185;20;40;30;84344832;0
730;41;34;103;277;290;0;243;28;28;571;22;40;30;84344832;0
731;41;36;11;2;291;0;6;28;28;571;22;40;30;84344832;0
732;41;36;1;1;291;0;0;28;28;571;22;40;30;84344832;0
733;41;34;134;358;292;0;244;28;28;1067;20;40;30;84344832;0
734;41;36;9;1;294;0;6;28;28;1067;20;40;30;84344832;0
735;41;36;1;2;295;0;0;28;28;1067;20;40;30;84344832;0
736;41;36;0;1;297;0;247;28;28;1067;20;40;30;84344832;0
737;41;34;132;308;302;0;251;28;28;1103;15;40;30;84344832;0
738;41;36;4;0;305;0;4;28;28;1103;15;40;30;84344832;0
739;41;34;36;287;308;0;241;28;28;1153;20;40;30;84344832;0
740;41;34;95;179;311;0;0;28;28;1153;20;40;30;84344832;0
741;41;36;3;0;312;0;4;28;28;1153;20;40;30;84344832;0
742;41;34;149;398;309;0;238;28;28;1005;20;40;30;84344832;0
743;41;35;42;68;308;0;5;28;28;1005;20;40;30;84344832;0
744;41;36;3;0;306;0;4;28;28;1005;20;40;30;84344832;0
745;41;34;110;315;304;0;242;28;28;1277;19;40;30;84344832;0
746;41;34;87;176;305;0;2;28;28;1277;19;40;30;84344832;0
747;41;36;2;0;303;0;4;28;28;1277;19;40;30;84344832;0
748;41;36;1;1;301;0;0;28;28;1277;19;40;30;84344832;0
749;41;34;139;400;300;0;243;28;28;1234;16;40;30;84344832;0
750;41;35;50;64;299;0;8;28;28;1234;16;40;30;84344832;0
751;41;36;2;0;297;0;4;28;28;1234;16;40;30;84344832;0
752;41;36;1;6;297;0;255;28;28;1234;16;40;30;84344832;0
753;41;34;123;338;300;0;244;28;28;1704;14;40;30;84344832;0
754;41;36;5;0;305;0;4;28;28;1704;14;40;30;84344832;0
755;41;35;0;109;305;0;249;28;28;1704;14;40;30;84344832;0
756;41;34;122;335;305;0;245;28;28;884;21;40;30;84344832;0
757;41;35;35;70;304;0;2;28;28;884;21;40;30;84344832;0
758;41;36;3;2;301;0;0;28;28;884;21;40;30;84344832;0
759;41;34;86;151;298;0;0;28;28;1463;16;40;30;84344832;0
760;41;36;2;0;296;0;3;28;28;1463;16;40;30;84344832;0
761;41;34;103;155;292;0;1;28;28;463;27;40;30;84344832;0
762;41;36;3;1;289;0;0;28;28;463;27;40;30;84344832;0
763;41;36;1;2;289;0;255;28;28;463;27;40;30;84344832;0
764;41;36;0;0;295;0;255;28;28;463;27;40;30;84344832;0
765;41;34;118;272;304;0;249;28;28;607;15;40;30;84344832;0
766;41;36;8;1;312;0;6;28;28;607;15;40;30;84344832;0
767;41;36;1;1;315;0;0;28;28;607;15;40;30;84344832;0
768;41;35;40;27;317;0;2;28;28;1192;19;40;30;84344832;0
769;41;34;127;352;319;0;241;28;28;409;43;40;30;84344832;0
770;41;36;11;2;319;0;6;28;28;409;43;40;30;84344832;0
771;41;36;1;1;316;0;1;28;28;409;43;40;30;84344832;0
772;41;34;124;366;313;0;243;28;28;989;21;40;30;84344832;0
773;41;36;4;0;311;0;3;28;28;989;21;40;30;84344832;0
774;41;34;41;347;308;0;238;28;28;989;21;40;30;84344832;0
775;41;36;15;5;307;0;4;28;28;870;22;40;30;84344832;0
776;41;35;4;243;305;0;239;28;28;870;22;40;30;84344832;0
777;41;34;126;349;302;0;248;28;28;775;25;40;30;84344832;0
778;41;36;4;0;300;0;5;28;28;775;25;40;30;84344832;0
779;41;34;25;281;297;0;241;28;28;775;25;40;30;84344832;0
780;41;35;47;52;297;0;4;28;28;1149;20;40;30;84344832;0
781;41;36;2;1;296;0;1;28;28;1149;20;40;30;84344832;0
782;41;34;136;396;295;0;241;28;28;859;22;40;30;84344832;0
783;41;36;7;1;295;0;5;28;28;859;22;40;30;84344832;0
784;41;34;119;293;295;0;244;28;28;978;24;40;30;84344832;0
785;41;36;10;2;296;0;5;28;28;978;24;40;30;84344832;0
786;41;35;5;172;296;0;244;28;28;978;24;40;30;84344832;0
787;41;34;78;140;297;0;2;28;28;737;25;40;30;84344832;0
788;41;36;3;0;297;0;3;28;28;737;25;40;30;84344832;0
789;41;34;29;314;297;0;238;28;28;737;25;40;30;84344832;0
790;41;36;16;4;299;0;5;28;28;960;20;40;30;84344832;0
791;41;35;4;172;300;0;243;28;28;960;20;40;30;84344832;0
792;41;35;26;22;300;0;4;28;28;680;27;40;30;84344832;0
793;41;36;2;1;300;0;0;28;28;680;27;40;30;84344832;0
794;41;34;118;292;299;0;243;28;28;734;22;40;30;84344832;0
795;41;36;10;1;300;0;5;28;28;734;22;40;30;84344832;0
796;41;35;5;209;300;0;1;28;28;734;22;40;30;84344832;0
797;41;35;47;68;300;0;4;28;28;878;23;40;30;84344832;0
798;41;36;3;1;299;0;2;28;28;878;23;40;30;84344832;0
799;41;34;101;274;299;0;243;28;28;840;22;40;30;84344832;0
800;41;36;11;1;300;0;5;28;28;840;22;40;30;84344832;0
801;41;35;4;22;299;0;255;28;28;840;22;40;30;84344832;0
802;41;34;141;379;296;0;243;28;28;839;20;40;30;84344832;0
803;41;36;7;0;293;0;6;28;28;839;20;40;30;84344832;0
804;41;36;1;5;292;0;0;28;28;839;20;40;30;84344832;0
805;41;34;144;371;294;0;242;28;28;1019;19;40;30;84344832;0
806;41;36;12;4;301;0;6;28;28;1019;19;40;30;84344832;0
807;41;36;1;0;304;0;2;28;28;1019;19;40;30;84344832;0
808;41;34;111;285;307;0;245;28;28;1296;18;40;30;84344832;0
809;41;36;12;2;312;0;6;28;28;1296;18;40;30;84344832;0
810;41;36;2;7;312;0;0;28;28;1296;18;40;30;84344832;0
811;41;34;116;305;310;0;247;28;28;970;21;40;30;84344832;0
812;41;36;5;0;308;0;4;28;28;970;21;40;30;84344832;0
813;41;36;1;0;304;0;0;28;28;970;21;40;30;84344832;0
814;41;34;115;315;302;0;247;28;28;957;19;40;30;84344832;0
815;41;36;10;1;301;0;5;28;28;957;19;40;30;84344832;0
816;41;36;1;0;299;0;1;28;28;957;19;40;30;84344832;0
817;41;34;111;287;298;0;246;28;28;1210;18;40;30;84344832;0
818;41;36;16;5;298;0;6;28;28;1210;18;40;30;84344832;0
819;41;36;1;4;296;0;1;28;28;1210;18;40;30;84344832;0
820;41;34;110;302;293;0;243;28;28;1047;18;40;30;84344832;0
821;41;35;34;39;291;0;5;28;28;1047;18;40;30;84344832;0
822;41;36;2;0;289;0;3;28;28;1047;18;40;30;84344832;0
823;41;34;135;336;289;0;244;28;28;1157;19;40;30;84344832;0
824;41;35;61;124;294;0;6;28;28;1157;19;40;30;84344832;0
825;41;36;5;1;298;0;7;28;28;1157;19;40;30;84344832;0
826;41;34;150;359;303;0;242;28;28;1747;17;40;30;84344832;0
827;41;35;62;100;306;0;4;28;28;1747;17;40;30;84344832;0
828;41;36;4;0;309;0;4;28;28;1747;17;40;30;84344832;0
829;41;34;121;302;311;0;246;28;28;1055;22;40;30;84344832;0
830;41;35;21;22;314;0;5;28;28;1055;22;40;30;84344832;0
831;41;36;2;0;314;0;2;28;28;1055;22;40;30;84344832;0
832;41;35;34;21;313;0;0;28;28;1186;18;40;30;84344832;0
833;41;36;5;6;313;0;252;28;28;1186;18;40;30;84344832;0
834;41;34;138;403;306;0;244;28;28;291;38;40;30;84344832;0
835;41;36;5;0;295;0;7;28;28;291;38;40;30;84344832;0
836;41;36;1;1;288;0;1;28;28;291;38;40;30;84344832;0
837;41;34;133;362;288;0;243;28;28;1152;18;40;30;84344832;0
838;41;36;11;2;291;0;5;28;28;1152;18;40;30;84344832;0
839;41;36;1;1;292;0;1;28;28;1152;18;40;30;84344832;0
840;41;34;104;272;295;0;246;28;28;1209;19;40;30;84344832;0
841;41;36;7;0;299;0;5;28;28;1209;19;40;30;84344832;0
842;41;35;9;151;300;0;254;28;28;1209;19;40;30;84344832;0
843;41;34;103;245;302;0;251;28;28;845;20;40;30;84344832;0
844;41;36;4;0;305;0;3;28;28;845;20;40;30;84344832;0
845;41;34;104;340;306;0;241;28;28;955;20;40;30;84344832;0
846;41;35;21;18;306;0;4;28;28;955;20;40;30;84344832;0
847;41;36;2;0;306;0;1;28;28;955;20;40;30;84344832;0
848;41;34;116;298;306;0;245;28;28;840;23;40;30;84344832;0
849;41;36;9;1;305;0;6;28;28;840;23;40;30;84344832;0
850;41;36;1;5;302;0;0;28;28;840;23;40;30;84344832;0
851;41;34;113;294;301;0;247;28;28;1031;20;40;30;84344832;0
852;41;36;9;1;301;0;6;28;28;1031;20;40;30;84344832;0
853;41;36;1;2;299;0;0;28;28;1031;20;40;30;84344832;0
854;41;34;117;295;299;0;249;28;28;1103;19;40;30;84344832;0
855;41;36;7;1;299;0;6;28;28;1103;19;40;30;84344832;0
856;41;36;1;0;299;0;0;28;28;1103;19;40;30;84344832;0
857;41;34;130;335;299;0;246;28;28;1136;19;40;30;84344832;0
858;41;36;7;0;300;0;7;28;28;1136;19;40;30;84344832;0
859;41;36;1;2;301;0;0;28;28;1136;19;40;30;84344832;0
860;41;34;136;345;303;0;246;28;28;1196;19;40;30;84344832;0
861;41;36;4;0;307;0;3;28;28;1196;19;40;30;84344832;0
862;41;34;18;278;308;0;239;28;28;1196;19;40;30;84344832;0
863;41;34;122;310;310;0;249;28;28;874;22;40;30;84344832;0
864;41;36;3;0;312;0;4;28;28;874;22;40;30;84344832;0
865;41;34;40;365;310;0;238;28;28;874;22;40;30;84344832;0
866;41;35;68;107;309;0;3;28;28;1218;19;40;30;84344832;0
867;41;36;3;0;307;0;3;28;28;1218;19;40;30;84344832;0
868;41;34;72;257;303;0;244;28;28;987;19;40;30;84344832;0
869;41;34;91;247;302;0;250;28;28;987;19;40;30;84344832;0
870;41;36;3;0;300;0;4;28;28;987;19;40;30;84344832;0
871;41;34;28;347;296;0;237;28;28;987;19;40;30;84344832;0
872;41;34;108;267;293;0;251;28;28;1057;18;40;30;84344832;0
873;41;36;7;1;291;0;7;28;28;1057;18;40;30;84344832;0
874;41;36;1;0;290;0;1;28;28;1057;18;40;30;84344832;0
875;41;34;129;305;291;0;243;28;28;1317;16;40;30;84344832;0
876;41;35;36;46;294;0;4;28;28;1317;16;40;30;84344832;0
877;41;36;2;0;296;0;4;28;28;1317;16;40;30;84344832;0
878;41;34;52;336;297;0;238;28;28;1317;16;40;30;84344832;0
879;41;34;102;236;299;0;252;28;28;1242;17;40;30;84344832;0
880;41;36;5;0;300;0;5;28;28;1242;17;40;30;84344832;0
881;41;36;1;25;300;0;241;28;28;1242;17;40;30;84344832;0
882;41;34;107;258;300;0;251;28;28;1128;18;40;30;84344832;0
883;41;36;5;0;300;0;5;28;28;1128;18;40;30;84344832;0
884;41;36;1;2;300;0;0;28;28;1128;18;40;30;84344832;0
885;41;34;114;285;301;0;247;28;28;1113;18;40;30;84344832;0
886;41;36;6;0;301;0;5;28;28;1113;18;40;30;84344832;0
887;41;36;1;1;300;0;0;28;28;1113;18;40;30;84344832;0
888;41;34;129;341;300;0;244;28;28;1054;19;40;30;84344832;0
889;41;36;7;0;300;0;5;28;28;1054;19;40;30;84344832;0
890;41;36;1;0;300;0;0;28;28;1054;19;40;30;84344832;0
891;41;34;118;310;301;0;245;28;28;1104;18;40;30;84344832;0
892;41;35;26;23;304;0;5;28;28;1104;18;40;30;84344832;0
893;41;36;2;0;305;0;2;28;28;1104;18;40;30;84344832;0
894;41;34;137;356;305;0;242;28;28;1123;18;40;30;84344832;0
895;41;34;71;122;306;0;5;28;28;1123;18;40;30;84344832;0
896;41;36;4;0;306;0;6;28;28;1123;18;40;30;84344832;0
897;41;34;7;225;306;0;241;28;28;1123;18;40;30;84344832;0
898;41;34;104;221;309;0;0;28;28;1491;17;40;30;84344832;0
899;41;36;4;1;310;0;5;28;28;1491;17;40;30;84344832;0
900;41;34;68;390;310;0;238;28;28;1491;17;40;30;84344832;0
901;41;35;33;97;310;0;0;28;28;1235;19;40;30;84344832;0
902;41;36;7;0;308;0;5;28;28;1235;19;40;30;84344832;0
903;41;35;2;151;307;0;243;28;28;1235;19;40;30;84344832;0
904;41;34;116;316;306;0;248;28;28;1121;18;40;30;84344832;0
905;41;36;5;0;302;0;5;28;28;1121;18;40;30;84344832;0
906;41;36;1;1;296;0;255;28;28;1121;18;40;30;84344832;0
907;41;34;111;289;295;0;249;28;28;1114;18;40;30;84344832;0
908;41;36;7;0;295;0;6;28;28;1114;18;40;30;84344832;0
909;41;36;1;1;294;0;0;28;28;1114;18;40;30;84344832;0
910;41;34;103;272;293;0;247;28;28;1110;19;40;30;84344832;0
911;41;36;13;3;293;0;6;28;28;1110;19;40;30;84344832;0
912;41;36;1;0;292;0;1;28;28;1110;19;40;30;84344832;0
913;41;34;100;249;292;0;247;28;28;1087;17;40;30;84344832;0
914;41;36;18;5;295;0;5;28;28;1087;17;40;30;84344832;0
915;41;36;1;1;297;0;1;28;28;1087;17;40;30;84344832;0
916;41;34;107;246;297;0;245;28;28;937;18;40;30;84344832;0
917;41;36;6;0;299;0;3;28;28;937;18;40;30;84344832;0
918;41;34;141;363;300;0;240;28;28;621;28;40;30;84344832;0
919;41;35;39;39;301;0;5;28;28;621;28;40;30;84344832;0
920;41;36;2;1;302;0;3;28;28;621;28;40;30;84344832;0
921;41;34;95;273;303;0;242;28;28;1140;17;40;30;84344832;0
922;41;34;84;149;305;0;2;28;28;1140;17;40;30;84344832;0
923;41;36;3;0;306;0;2;28;28;1140;17;40;30;84344832;0
924;41;34;120;364;306;0;238;28;28;1019;19;40;30;84344832;0
925;41;34;73;117;308;0;3;28;28;1019;19;40;30;84344832;0
926;41;36;4;0;311;0;4;28;28;1019;19;40;30;84344832;0
927;41;34;134;334;313;0;244;28;28;1147;21;40;30;84344832;0
928;41;36;10;2;314;0;7;28;28;1147;21;40;30;84344832;0
929;41;36;1;1;314;0;0;28;28;1147;21;40;30;84344832;0
930;41;34;138;375;315;0;241;28;28;956;20;40;30;84344832;0
931;41;36;13;3;315;0;5;28;28;956;20;40;30;84344832;0
932;41;36;1;1;313;0;0;28;28;956;20;40;30;84344832;0
933;41;34;118;332;311;0;244;28;28;1108;19;40;30;84344832;0
934;41;35;15;6;311;0;5;28;28;1108;19;40;30;84344832;0
935;41;36;1;1;307;0;0;28;28;1108;19;40;30;84344832;0
936;41;34;111;298;305;0;244;28;28;1028;18;40;30;84344832;0
937;41;35;29;30;304;0;5;28;28;1028;18;40;30;84344832;0
938;41;36;2;1;302;0;2;28;28;1028;18;40;30;84344832;0
939;41;34;117;305;300;0;243;28;28;1135;18;40;30;84344832;0
940;41;35;0;0;321;0;3;28;28;0;0;40;30;84279296;0
1001;41;37;0;5;213;0;255;29;28;0;0;40;30;84279296;0
1062;41;37;0;5;221;0;255;29;28;0;0;40;30;84279296;0
1123;41;37;0;4;224;0;255;29;28;0;0;40;30;84279296;0
1184;41;37;0;4;222;0;255;29;28;0;0;40;30;84279296;0
1245;41;37;0;4;217;0;255;29;28;0;0;40;30;84279296;0
1306;41;37;0;4;213;0;255;29;28;0;0;40;30;84279296;0
1367;41;37;0;5;216;0;255;29;28;0;0;40;30;84279296;0
1428;41;37;0;4;215;0;255;29;28;0;0;40;30;84279296;0
