# time;P_O2, atm;P_He, atm;Flow O2, l/min;Flow He, l/min;FiO2 Env, %;FiO2 sens2, %;P mask, cm H2O;Tmask, gradC;Tnagr, gradC;V, ml;f, 1/min;Tzad, gradC;FiO2 zad, %;Flags;
# POWERON 06.12.2018 12:59:50
1;0;0;0;5;0;0;0;135;135;0;0;45;30;84279808;0
50;0;0;0;5;632;0;248;135;135;0;0;45;30;84279301;0
87;39;0;0;5;210;0;255;135;135;0;0;45;30;84279300;0
89;2;0;0;5;210;0;255;135;135;0;0;45;30;84279301;0
90;40;0;0;5;210;0;255;135;135;0;0;45;30;84279300;0
101;40;40;0;5;210;0;255;135;135;0;0;45;30;84279296;0
162;40;39;0;5;210;0;255;135;135;0;0;45;30;84279296;0
194;40;39;0;5;210;0;5;135;135;0;0;45;30;84344832;0
195;40;39;0;1;190;0;255;135;135;0;0;45;30;84344832;0
196;40;39;0;5;190;0;255;135;135;0;0;45;30;84344832;0
197;40;39;0;7;190;0;245;135;135;0;0;45;30;84344832;0
198;40;35;107;141;190;0;253;135;135;0;0;45;30;84344832;0
199;40;36;6;0;191;0;5;135;135;0;0;45;30;84344832;0
200;40;35;135;204;203;0;246;135;135;891;24;45;30;84344832;0
201;40;36;11;1;228;0;6;135;135;891;24;45;30;84344832;0
202;40;36;2;1;256;0;0;135;135;891;24;45;30;84344832;0
203;40;35;83;153;282;0;251;135;135;730;22;45;30;84344832;0
204;40;36;4;0;302;0;3;135;135;730;22;45;30;84344832;0
205;40;36;1;1;317;0;0;135;135;730;22;45;30;84344832;0
206;40;35;81;135;330;0;251;135;135;640;19;45;30;84344832;0
207;40;36;5;0;336;0;1;135;135;640;19;45;30;84344832;0
208;40;36;1;2;341;0;0;135;135;640;19;45;30;84344832;0
209;40;35;79;176;344;0;249;135;135;546;19;45;30;84344832;0
210;40;36;4;0;345;0;5;135;135;546;19;45;30;84344832;0
211;40;35;112;241;342;0;245;135;135;639;21;45;30;84344832;0
212;40;35;25;26;337;0;1;135;135;639;21;45;30;84344832;0
213;40;36;2;0;332;0;1;135;135;639;21;45;30;84344832;0
214;40;35;85;158;327;0;249;135;135;585;20;45;30;84344832;0
215;40;35;40;72;324;0;255;135;135;585;20;45;30;84344832;0
216;40;36;2;0;321;0;2;135;135;585;20;45;30;84344832;0
217;40;36;0;0;318;0;255;135;135;585;20;45;30;84344832;0
218;40;35;92;173;316;0;250;135;135;576;15;45;30;84344832;0
219;40;36;8;0;314;0;5;135;135;576;15;45;30;84344832;0
220;40;36;1;3;311;0;0;135;135;576;15;45;30;84344832;0
221;40;35;57;107;307;0;252;135;135;678;19;45;30;84344832;0
222;40;36;5;0;302;0;3;135;135;678;19;45;30;84344832;0
223;40;36;1;0;298;0;0;135;135;678;19;45;30;84344832;0
224;40;35;65;136;296;0;249;135;135;453;18;45;30;84344832;0
225;40;35;17;2;295;0;4;135;135;453;18;45;30;84344832;0
226;40;36;1;0;295;0;1;135;135;453;18;45;30;84344832;0
227;40;35;72;141;293;0;250;135;135;659;18;45;30;84344832;0
228;40;35;27;13;293;0;2;135;135;659;18;45;30;84344832;0
229;40;36;2;0;294;0;1;135;135;659;18;45;30;84344832;0
230;40;35;76;154;295;0;249;135;135;625;19;45;30;84344832;0
231;40;36;8;1;299;0;2;135;135;625;19;45;30;84344832;0
232;40;36;1;0;302;0;0;135;135;625;19;45;30;84344832;0
233;40;35;79;169;307;0;249;135;135;408;20;45;30;84344832;0
234;40;36;10;2;312;0;6;135;135;408;20;45;30;84344832;0
235;40;36;1;0;315;0;0;135;135;408;20;45;30;84344832;0
236;40;35;82;133;317;0;250;135;135;578;17;45;30;84344832;0
237;40;35;40;49;318;0;0;135;135;578;17;45;30;84344832;0
238;40;36;2;0;318;0;1;135;135;578;17;45;30;84344832;0
239;40;35;13;189;316;0;244;135;135;578;17;45;30;84344832;0
240;40;35;39;74;314;0;254;135;135;512;18;45;30;84344832;0
241;40;36;2;0;311;0;1;135;135;512;18;45;30;84344832;0
242;40;35;2;97;309;0;251;135;135;512;18;45;30;84344832;0
243;40;35;30;50;309;0;253;135;135;481;18;45;30;84344832;0
244;40;36;3;0;310;0;2;135;135;481;18;45;30;84344832;0
245;40;35;8;106;309;0;248;135;135;311;20;45;30;84344832;0
246;40;36;6;0;308;0;1;135;135;311;20;45;30;84344832;0
247;40;35;66;196;307;0;244;135;135;182;32;45;30;84344832;0
248;40;35;8;5;304;0;1;135;135;182;32;45;30;84344832;0
249;40;36;1;0;299;0;255;135;135;182;32;45;30;84344832;0
250;40;36;0;0;299;0;255;135;135;182;32;45;30;84344832;0
251;40;35;7;132;304;0;249;135;135;182;32;45;30;84344832;0
252;40;36;7;0;312;0;3;135;135;449;13;45;30;84344832;0
253;40;36;2;12;320;0;247;135;135;449;13;45;30;84344832;0
254;40;35;64;150;325;0;252;135;135;184;27;45;30;84344832;0
255;40;36;3;0;323;0;1;135;135;184;27;45;30;84344832;0
256;40;35;5;91;319;0;249;135;135;184;27;45;30;84344832;0
257;40;35;44;45;314;0;1;135;135;557;20;45;30;84344832;0
258;40;36;2;0;310;0;0;135;135;557;20;45;30;84344832;0
259;40;36;1;4;305;0;250;135;135;557;20;45;30;84344832;0
260;40;36;5;0;303;0;2;135;135;402;17;45;30;84344832;0
261;40;35;10;85;302;0;250;135;135;52;31;45;30;84344832;0
262;40;35;131;276;306;0;249;135;135;52;31;45;30;84344832;0
263;40;36;4;0;314;0;3;135;135;52;31;45;30;84344832;0
264;40;35;87;198;319;0;246;135;135;913;21;45;30;84344832;0
265;40;35;47;48;323;0;1;135;135;913;21;45;30;84344832;0
266;40;36;2;1;327;0;1;135;135;913;21;45;30;84344832;0
267;40;35;60;139;325;0;249;135;135;788;20;45;30;84344832;0
268;40;36;5;0;320;0;3;135;135;788;20;45;30;84344832;0
269;40;36;1;2;313;0;255;135;135;788;20;45;30;84344832;0
270;40;35;77;148;307;0;251;135;135;413;21;45;30;84344832;0
271;40;36;3;0;303;0;1;135;135;413;21;45;30;84344832;0
272;40;36;1;37;299;0;251;135;135;413;21;45;30;84344832;0
273;40;35;64;109;297;0;252;135;135;492;20;45;30;84344832;0
274;40;36;3;0;298;0;1;135;135;492;20;45;30;84344832;0
275;40;35;5;81;298;0;250;135;135;492;20;45;30;84344832;0
276;40;35;66;144;299;0;251;135;135;393;20;45;30;84344832;0
277;40;36;3;0;302;0;2;135;135;393;20;45;30;84344832;0
278;40;36;0;50;302;0;249;135;135;393;20;45;30;84344832;0
279;40;35;52;139;302;0;250;135;135;459;18;45;30;84344832;0
280;40;36;4;0;300;0;2;135;135;459;18;45;30;84344832;0
281;40;35;7;121;297;0;247;135;135;459;18;45;30;84344832;0
282;40;35;14;6;292;0;3;135;135;539;19;45;30;84344832;0
283;40;36;1;0;287;0;0;135;135;539;19;45;30;84344832;0
284;40;35;63;127;283;0;251;135;135;308;23;45;30;84344832;0
285;40;36;10;1;280;0;2;135;135;308;23;45;30;84344832;0
286;40;36;1;0;278;0;0;135;135;308;23;45;30;84344832;0
287;40;35;42;105;278;0;248;135;135;495;18;45;30;84344832;0
288;40;35;36;53;279;0;0;135;135;495;18;45;30;84344832;0
289;40;36;2;0;282;0;1;135;135;495;18;45;30;84344832;0
290;40;35;5;110;287;0;246;135;135;495;18;45;30;84344832;0
291;40;35;65;132;294;0;251;135;135;526;17;45;30;84344832;0
292;40;36;3;0;301;0;3;135;135;526;17;45;30;84344832;0
293;40;35;4;55;307;0;251;135;135;526;17;45;30;84344832;0
294;40;35;52;83;313;0;253;135;135;565;19;45;30;84344832;0
295;40;36;3;0;319;0;4;135;135;565;19;45;30;84344832;0
296;40;36;0;0;324;0;0;135;135;565;19;45;30;84344832;0
297;40;35;0;64;328;0;248;135;135;565;19;45;30;84344832;0
298;40;35;52;99;332;0;253;135;135;432;14;45;30;84344832;0
299;40;36;3;0;336;0;2;135;135;432;14;45;30;84344832;0
300;40;35;34;38;335;0;255;135;135;286;24;45;30;84344832;0
301;40;36;3;0;328;0;1;135;135;286;24;45;30;84344832;0
302;40;35;2;23;319;0;255;135;135;286;24;45;30;84344832;0
303;40;35;25;24;307;0;0;135;135;245;19;45;30;84344832;0
304;40;36;2;0;295;0;1;135;135;245;19;45;30;84344832;0
305;40;35;123;267;285;0;244;135;135;259;26;45;30;84344832;0
306;40;35;11;3;279;0;3;135;135;259;26;45;30;84344832;0
307;40;36;1;2;278;0;0;135;135;259;26;45;30;84344832;0
308;40;35;18;94;284;0;247;135;135;504;22;45;30;84344832;0
309;40;36;8;1;293;0;7;135;135;59;82;45;30;84344832;0
310;40;36;1;0;302;0;0;135;135;59;82;45;30;84344832;0
311;40;35;42;55;307;0;253;135;135;243;23;45;30;84344832;0
312;40;36;7;1;309;0;6;135;135;243;23;45;30;84344832;0
313;40;35;2;63;311;0;250;135;135;243;23;45;30;84344832;0
314;40;35;16;12;310;0;0;135;135;294;21;45;30;84344832;0
315;40;36;2;0;307;0;0;135;135;294;21;45;30;84344832;0
316;40;35;58;85;300;0;253;135;135;278;23;45;30;84344832;0
317;40;36;3;0;294;0;2;135;135;278;23;45;30;84344832;0
318;40;35;2;67;290;0;249;135;135;278;23;45;30;84344832;0
319;40;35;92;155;289;0;250;135;135;263;23;45;30;84344832;0
320;40;36;3;0;292;0;1;135;135;263;23;45;30;84344832;0
321;40;35;65;175;295;0;246;135;135;435;20;45;30;84344832;0
322;40;36;8;1;299;0;6;135;135;435;20;45;30;84344832;0
323;40;36;1;1;303;0;0;135;135;435;20;45;30;84344832;0
324;40;35;34;26;308;0;250;135;135;352;23;45;30;84344832;0
325;40;36;7;1;314;0;6;135;135;352;23;45;30;84344832;0
326;40;36;1;0;316;0;0;135;135;352;23;45;30;84344832;0
327;40;35;92;196;315;0;246;135;135;290;19;45;30;84344832;0
328;40;36;5;0;314;0;4;135;135;290;19;45;30;84344832;0
329;40;36;1;0;313;0;0;135;135;290;19;45;30;84344832;0
330;40;35;90;201;313;0;248;135;135;540;18;45;30;84344832;0
331;40;36;12;1;315;0;6;135;135;540;18;45;30;84344832;0
332;40;35;4;11;316;0;0;135;135;540;18;45;30;84344832;0
333;40;36;1;0;316;0;255;135;135;540;18;45;30;84344832;0
334;40;35;7;6;314;0;0;135;135;754;14;45;30;84344832;0
335;40;36;2;0;312;0;255;135;135;754;14;45;30;84344832;0
336;40;35;71;162;313;0;249;135;135;106;31;45;30;84344832;0
337;40;36;3;0;316;0;1;135;135;106;31;45;30;84344832;0
338;40;35;5;110;316;0;247;135;135;106;31;40;30;84344832;0
339;40;35;48;66;314;0;2;135;135;385;21;40;30;84344832;0
340;40;36;2;0;311;0;1;135;135;385;21;40;30;84344832;0
341;40;35;70;150;311;0;249;135;135;794;20;40;30;84344832;0
342;40;36;8;1;314;0;6;135;135;794;20;40;30;84344832;0
343;40;36;1;0;317;0;0;135;135;794;20;40;30;84344832;0
344;40;35;104;201;317;0;248;135;135;383;21;40;30;84344832;0
345;40;36;4;0;316;0;2;135;135;383;21;40;30;84344832;0
346;40;36;1;1;315;0;0;135;135;383;21;40;30;84344832;0
347;40;35;61;87;315;0;255;135;135;480;20;40;30;84344832;0
348;40;36;3;0;317;0;1;135;135;480;20;40;30;84344832;0
349;40;36;1;10;317;0;252;135;135;480;20;40;30;84344832;0
350;40;35;58;97;317;0;252;135;135;373;20;40;30;84344832;0
351;40;36;3;0;318;0;2;135;135;373;20;40;30;84344832;0
352;40;36;1;6;318;0;252;135;135;373;20;40;30;84344832;0
353;40;35;53;78;317;0;253;135;135;361;18;40;30;84344832;0
354;40;36;2;0;317;0;1;135;135;361;18;40;30;84344832;0
355;40;35;10;106;315;0;250;135;135;307;21;40;30;84344832;0
356;40;35;19;6;310;0;255;135;135;307;21;40;30;84344832;0
357;40;36;2;0;305;0;0;135;135;307;21;40;30;84344832;0
358;40;35;71;154;300;0;251;135;135;293;22;40;30;84344832;0
359;40;36;4;0;294;0;7;135;135;293;22;40;30;84344832;0
360;40;36;1;6;289;0;251;135;135;293;22;40;30;84344832;0
361;40;35;40;28;287;0;0;135;135;395;22;40;30;84344832;0
362;40;36;2;0;288;0;0;135;135;395;22;40;30;84344832;0
363;40;36;2;1;289;0;0;135;135;395;22;40;30;84344832;0
364;40;36;0;0;288;0;0;135;135;395;22;40;30;84344832;0
365;40;36;0;0;289;0;0;135;135;395;22;40;30;84344832;0
366;40;35;1;2;289;0;0;135;135;395;22;40;30;84344832;0
367;40;36;1;0;293;0;0;135;135;395;22;40;30;84344832;0
368;40;35;13;41;299;0;252;135;135;338;8;40;30;84344832;0
369;40;36;3;0;308;0;0;135;135;338;8;40;30;84344832;0
370;40;35;15;86;319;0;251;135;135;64;25;40;30;84344832;0
371;40;36;5;0;327;0;0;135;135;64;25;40;30;84344832;0
372;40;36;2;14;335;0;252;135;135;64;25;40;30;84344832;0
373;40;36;1;0;338;0;254;135;135;64;25;40;30;84344832;0
374;40;35;22;8;336;0;0;135;135;91;16;40;30;84344832;0
375;40;36;2;0;331;0;1;135;135;91;16;40;30;84344832;0
376;40;36;1;4;322;0;0;135;135;91;16;40;30;84344832;0
377;40;35;10;8;306;0;255;135;135;134;19;40;30;84344832;0
378;40;36;2;0;289;0;0;135;135;134;19;40;30;84344832;0
379;40;36;1;2;276;0;255;135;135;134;19;40;30;84344832;0
380;40;36;0;0;269;0;255;135;135;134;19;40;30;84344832;0
381;40;35;11;123;268;0;246;135;135;86;13;40;30;84344832;0
382;40;36;5;0;268;0;2;135;135;86;13;40;30;84344832;0
383;40;36;1;0;267;0;255;135;135;86;13;40;30;84344832;0
384;40;35;18;24;264;0;254;135;135;163;20;40;30;84344832;0
385;40;36;3;0;254;0;1;135;135;163;20;40;30;84344832;0
386;40;36;1;0;250;0;255;135;135;163;20;40;30;84344832;0
387;40;35;21;58;254;0;252;135;135;76;18;40;30;84344832;0
388;40;36;3;0;265;0;0;135;135;76;18;40;30;84344832;0
389;40;35;52;60;278;0;253;135;135;81;28;40;30;84344832;0
390;40;36;4;0;291;0;1;135;135;81;28;40;30;84344832;0
391;40;35;7;88;302;0;246;135;135;81;28;40;30;84344832;0
392;40;36;6;0;307;0;3;135;135;135;26;40;30;84344832;0
393;40;36;1;0;308;0;0;135;135;135;26;40;30;84344832;0
394;40;36;0;1;306;0;255;135;135;135;26;40;30;84344832;0
395;40;36;7;0;302;0;0;135;135;146;17;40;30;84344832;0
396;40;36;1;0;298;0;0;135;135;146;17;40;30;84344832;0
397;40;35;15;4;301;0;0;135;135;47;24;40;30;84344832;0
398;40;36;2;0;311;0;255;135;135;47;24;40;30;84344832;0
399;40;35;67;72;323;0;254;135;135;61;30;40;30;84344832;0
400;40;36;2;0;336;0;1;135;135;61;30;40;30;84344832;0
401;40;35;54;71;343;0;254;135;135;319;32;40;30;84344832;0
402;40;36;3;1;348;0;0;135;135;319;32;40;30;84344832;0
403;40;35;87;262;351;0;241;135;135;387;25;40;30;84344832;0
404;40;35;40;31;353;0;6;135;135;387;25;40;30;84344832;0
405;40;36;3;5;352;0;0;135;135;387;25;40;30;84344832;0
406;40;35;52;67;350;0;255;135;135;1127;20;40;30;84344832;0
407;40;36;3;0;347;0;5;135;135;1127;20;40;30;84344832;0
408;40;35;138;334;343;0;240;135;135;373;25;40;30;84344832;0
409;40;36;5;0;336;0;2;135;135;373;25;40;30;84344832;0
410;40;36;1;1;330;0;0;135;135;373;25;40;30;84344832;0
411;40;35;89;183;327;0;252;135;135;611;20;40;30;84344832;0
412;40;36;4;0;327;0;4;135;135;611;20;40;30;84344832;0
413;40;35;10;241;326;0;239;135;135;611;20;40;30;84344832;0
414;40;35;14;6;323;0;1;135;135;611;22;40;30;84344832;0
415;40;36;2;2;320;0;0;135;135;611;22;40;30;84344832;0
416;40;35;105;243;319;0;246;135;135;456;22;40;30;84344832;0
417;40;36;4;0;319;0;2;135;135;456;22;40;30;84344832;0
418;40;36;1;1;318;0;255;135;135;456;22;40;30;84344832;0
419;40;35;106;212;318;0;248;135;135;456;19;40;30;84344832;0
420;40;36;3;0;317;0;0;135;135;456;19;40;30;84344832;0
421;40;35;88;386;316;0;237;135;135;457;24;40;30;84344832;0
422;40;36;8;1;316;0;7;135;135;457;24;40;30;84344832;0
423;40;35;8;101;316;0;0;135;135;457;24;40;30;84344832;0
424;40;35;56;91;316;0;0;135;135;521;26;40;30;84344832;0
425;40;36;2;0;316;0;2;135;135;521;26;40;30;84344832;0
426;40;35;119;215;312;0;249;135;135;526;22;40;30;84344832;0
427;40;35;16;2;307;0;10;135;135;526;22;40;30;84344832;0
428;40;36;2;8;301;0;0;135;135;526;22;40;30;84344832;0
429;40;35;64;117;298;0;0;135;135;1019;22;40;30;84344832;0
430;40;36;2;0;298;0;2;135;135;1019;22;40;30;84344832;0
431;40;35;140;308;299;0;243;135;135;691;22;40;30;84344832;0
432;40;36;8;1;303;0;6;135;135;691;22;40;30;84344832;0
433;40;36;3;6;305;0;254;135;135;691;22;40;30;84344832;0
434;40;35;75;185;306;0;251;135;135;686;23;40;30;84344832;0
435;40;36;5;0;305;0;4;135;135;686;23;40;30;84344832;0
436;40;35;5;117;303;0;247;135;135;686;23;40;30;84344832;0
437;40;35;113;247;301;0;249;135;135;880;19;40;30;84344832;0
438;40;36;3;1;298;0;2;135;135;880;19;40;30;84344832;0
439;40;35;183;328;296;0;246;135;135;651;21;40;30;84344832;0
440;40;36;7;0;296;0;4;135;135;651;21;40;30;84344832;0
441;40;36;1;1;299;0;0;135;135;651;21;40;30;84344832;0
442;40;35;68;115;303;0;254;135;135;708;20;40;30;84344832;0
443;40;36;6;0;306;0;1;135;135;708;20;40;30;84344832;0
444;40;36;1;0;309;0;255;135;135;708;20;40;30;84344832;0
445;40;35;138;312;312;0;243;135;135;377;21;40;30;84344832;0
446;40;36;7;1;315;0;7;135;135;377;21;40;30;84344832;0
447;40;36;2;9;316;0;251;135;135;377;21;40;30;84344832;0
448;40;35;75;159;316;0;253;135;135;830;20;40;30;84344832;0
449;40;36;3;0;315;0;2;135;135;830;20;40;30;84344832;0
450;40;35;10;96;312;0;249;135;135;830;20;40;30;84344832;0
451;40;35;30;75;309;0;253;135;135;619;21;40;30;84344832;0
452;40;36;2;0;307;0;0;135;135;619;21;40;30;84344832;0
453;40;35;3;117;305;0;245;135;135;619;21;40;30;84344832;0
454;40;35;21;17;304;0;2;135;135;480;18;40;30;84344832;0
455;40;36;2;1;305;0;0;135;135;480;18;40;30;84344832;0
456;40;35;5;4;305;0;1;135;135;524;21;40;30;84344832;0
457;40;35;51;332;306;0;235;135;135;66;48;40;30;84344832;0
458;40;35;27;23;308;0;2;135;135;66;48;40;30;84344832;0
459;40;36;2;2;311;0;0;135;135;66;48;40;30;84344832;0
460;40;35;86;188;310;0;250;135;135;698;22;40;30;84344832;0
461;40;36;5;0;307;0;5;135;135;698;22;40;30;84344832;0
462;40;36;3;5;303;0;254;135;135;698;22;40;30;84344832;0
463;40;35;48;65;300;0;2;135;135;716;21;40;30;84344832;0
464;40;36;3;1;297;0;0;135;135;716;21;40;30;84344832;0
465;40;35;116;263;296;0;247;135;135;664;24;40;30;84344832;0
466;40;36;7;1;296;0;5;135;135;664;24;40;30;84344832;0
467;40;36;1;1;297;0;0;135;135;664;24;40;30;84344832;0
468;40;35;106;266;298;0;247;135;135;707;20;40;30;84344832;0
469;40;36;7;1;300;0;2;135;135;707;20;40;30;84344832;0
470;40;36;1;1;300;0;0;135;135;707;20;40;30;84344832;0
471;40;35;61;89;298;0;255;135;135;899;19;40;30;84344832;0
472;40;36;3;0;297;0;1;135;135;899;19;40;30;84344832;0
473;40;35;4;92;295;0;248;135;135;899;19;40;30;84344832;0
474;40;35;18;16;296;0;0;135;135;451;21;40;30;84344832;0
475;40;36;2;0;299;0;0;135;135;451;21;40;30;84344832;0
476;40;35;46;173;301;0;247;135;135;413;21;40;30;84344832;0
477;40;36;5;0;305;0;2;135;135;413;21;40;30;84344832;0
478;40;36;1;0;306;0;255;135;135;413;21;40;30;84344832;0
479;40;35;114;230;304;0;248;135;135;300;23;40;30;84344832;0
480;40;35;28;26;301;0;1;135;135;300;23;40;30;84344832;0
481;40;36;2;0;298;0;2;135;135;300;23;40;30;84344832;0
482;40;35;97;213;295;0;249;135;135;944;17;40;30;84344832;0
483;40;36;5;0;292;0;5;135;135;944;17;40;30;84344832;0
484;40;35;21;204;291;0;245;135;135;944;17;40;30;84344832;0
485;40;36;7;1;292;0;4;135;135;491;24;40;30;84344832;0
486;40;36;1;0;293;0;255;135;135;491;24;40;30;84344832;0
487;40;35;19;11;292;0;1;135;135;263;25;40;30;84344832;0
488;40;36;2;0;292;0;252;135;135;263;25;40;30;84344832;0
489;40;35;75;156;292;0;253;135;135;242;29;40;30;84344832;0
490;40;36;3;0;291;0;2;135;135;242;29;40;30;84344832;0
491;40;35;58;194;290;0;246;135;135;719;21;40;30;84344832;0
492;40;35;19;16;292;0;1;135;135;719;21;40;30;84344832;0
493;40;36;2;0;295;0;0;135;135;719;21;40;30;84344832;0
494;40;35;130;243;297;0;245;135;135;494;20;40;30;84344832;0
495;40;36;6;1;301;0;4;135;135;494;20;40;30;84344832;0
496;40;36;1;0;304;0;0;135;135;494;20;40;30;84344832;0
497;40;35;117;241;308;0;245;135;135;485;20;40;30;84344832;0
498;40;36;6;0;312;0;5;135;135;485;20;40;30;84344832;0
499;40;36;1;1;315;0;0;135;135;485;20;40;30;84344832;0
500;40;35;55;45;316;0;255;135;135;574;19;40;30;84344832;0
501;40;36;2;0;316;0;0;135;135;574;19;40;30;84344832;0
502;40;35;32;139;312;0;248;135;135;262;24;40;30;84344832;0
503;40;35;70;100;301;0;8;135;135;262;24;40;30;84344832;0
504;40;36;3;0;291;0;2;135;135;262;24;40;30;84344832;0
505;40;35;100;271;283;0;243;135;135;715;19;40;30;84344832;0
506;40;35;100;176;284;0;255;135;135;715;19;40;30;84344832;0
507;40;36;3;12;287;0;1;135;135;715;19;40;30;84344832;0
508;40;35;105;198;291;0;247;135;135;866;20;40;30;84344832;0
509;40;35;16;13;295;0;2;135;135;866;20;40;30;84344832;0
510;40;36;1;1;299;0;0;135;135;866;20;40;30;84344832;0
511;40;35;91;189;302;0;249;135;135;580;21;40;30;84344832;0
512;40;36;5;0;306;0;5;135;135;580;21;40;30;84344832;0
513;40;36;1;1;309;0;255;135;135;580;21;40;30;84344832;0
514;40;35;47;91;312;0;254;135;135;631;21;40;30;84344832;0
515;40;36;3;0;314;0;1;135;135;631;21;40;30;84344832;0
516;40;35;78;247;316;0;242;135;135;446;21;40;30;84344832;0
517;40;35;12;4;317;0;3;135;135;446;21;40;30;84344832;0
518;40;36;1;2;319;0;255;135;135;446;21;40;30;84344832;0
519;40;36;0;0;319;0;255;135;135;446;21;40;30;84344832;0
520;40;35;93;193;318;0;248;135;135;548;15;40;30;84344832;0
521;40;36;7;1;319;0;4;135;135;548;15;40;30;84344832;0
522;40;36;1;0;318;0;0;135;135;548;15;40;30;84344832;0
523;40;35;85;149;317;0;251;135;135;492;20;40;30;84344832;0
524;40;36;4;0;316;0;2;135;135;492;20;40;30;84344832;0
525;40;36;1;1;314;0;254;135;135;492;20;40;30;84344832;0
526;40;35;51;66;314;0;0;135;135;426;21;40;30;84344832;0
527;40;36;2;0;314;0;0;135;135;426;21;40;30;84344832;0
528;40;36;1;4;312;0;252;135;135;426;21;40;30;84344832;0
529;40;35;46;128;310;0;251;135;135;448;19;40;30;84344832;0
530;40;36;2;0;307;0;1;135;135;448;19;40;30;84344832;0
531;40;35;85;182;305;0;248;135;135;507;21;40;30;84344832;0
532;40;35;11;3;304;0;0;135;135;507;21;40;30;84344832;0
533;40;36;1;0;302;0;0;135;135;507;21;40;30;84344832;0
534;40;35;3;62;300;0;251;135;135;507;21;40;30;84344832;0
535;40;35;39;134;300;0;248;135;135;394;18;40;30;84344832;0
536;40;36;3;0;301;0;2;135;135;394;18;40;30;84344832;0
537;40;35;5;90;301;0;249;135;135;394;18;40;30;84344832;0
538;40;36;7;0;296;0;0;135;135;331;19;40;30;84344832;0
539;40;36;1;0;290;0;255;135;135;331;19;40;30;84344832;0
540;40;36;0;0;289;0;255;135;135;331;19;40;30;84344832;0
541;40;36;0;0;310;0;255;135;135;0;0;40;30;84279296;0
