# time;P_O2, atm;P_He, atm;Flow O2, l/min;Flow He, l/min;FiO2 Env, %;FiO2 sens2, %;P mask, cm H2O;Tmask, gradC;Tnagr, gradC;V, ml;f, 1/min;Tzad, gradC;FiO2 zad, %;Flags;
# POWERON 10.12.2018 12:33:59
1;0;0;0;5;0;0;0;135;135;0;0;40;30;84279808;0
50;0;0;0;6;634;0;249;135;135;0;0;40;30;84279301;0
72;37;0;0;5;211;0;255;135;135;0;0;40;30;84279300;0
103;38;41;0;4;211;0;255;135;135;0;0;40;30;84279296;0
141;38;39;0;5;191;0;5;135;135;0;0;40;30;84344832;0
142;38;39;0;5;191;0;0;135;135;0;0;40;30;84344832;0
143;38;39;1;5;191;0;254;135;135;0;0;40;30;84344832;0
144;38;39;3;5;191;0;0;135;135;0;0;40;30;84344832;0
145;38;39;1;5;191;0;255;135;135;0;0;40;30;84344832;0
146;38;38;26;9;191;0;11;135;135;0;0;40;30;84344832;0
147;38;35;96;117;191;0;0;135;135;149;47;40;30;84344832;0
148;38;35;135;205;191;0;245;135;135;307;49;40;30;84344832;0
149;38;35;141;165;195;0;1;135;135;307;49;40;30;84344832;0
150;38;36;2;0;205;0;7;135;135;307;49;40;30;84344832;0
151;38;35;196;234;228;0;244;135;135;1124;21;40;30;84344832;0
152;38;36;21;8;256;0;9;135;135;1124;21;40;30;84344832;0
153;38;36;4;16;285;0;2;135;135;1124;21;40;30;84344832;0
154;38;35;183;233;312;0;244;135;135;1019;20;40;30;84344832;0
155;38;36;28;11;332;0;6;135;135;1019;20;40;30;84344832;0
156;38;36;1;0;349;0;4;135;135;1019;20;40;30;84344832;0
157;38;35;159;256;362;0;247;135;135;1213;18;40;30;84344832;0
158;38;35;36;45;369;0;2;135;135;1213;18;40;30;84344832;0
159;38;36;2;0;373;0;5;135;135;1213;18;40;30;84344832;0
160;38;35;40;309;373;0;237;135;135;1213;18;40;30;84344832;0
161;38;35;130;291;369;0;247;135;135;954;17;40;30;84344832;0
162;38;36;3;0;364;0;6;135;135;954;17;40;30;84344832;0
163;38;36;5;3;358;0;253;135;135;954;17;40;30;84344832;0
164;38;35;61;55;353;0;3;135;135;963;18;40;30;84344832;0
165;38;36;2;1;349;0;0;135;135;963;18;40;30;84344832;0
166;38;36;1;1;345;0;253;135;135;963;18;40;30;84344832;0
167;38;35;98;141;340;0;6;135;135;593;19;40;30;84344832;0
168;38;36;2;0;337;0;3;135;135;593;19;40;30;84344832;0
169;38;35;66;110;333;0;0;135;135;661;27;40;30;84344832;0
170;38;36;3;0;331;0;1;135;135;661;27;40;30;84344832;0
171;38;36;0;0;329;0;0;135;135;661;27;40;30;84344832;0
172;38;35;130;270;326;0;240;135;135;523;16;40;30;84344832;0
173;38;35;97;184;323;0;254;135;135;523;16;40;30;84344832;0
174;38;36;3;2;321;0;4;135;135;523;16;40;30;84344832;0
175;38;36;2;59;320;0;242;135;135;523;16;40;30;84344832;0
176;38;35;66;117;321;0;255;135;135;1181;17;40;30;84344832;0
177;38;36;5;0;322;0;9;135;135;1181;17;40;30;84344832;0
178;38;36;1;1;321;0;0;135;135;1181;17;40;30;84344832;0
179;38;35;110;259;316;0;247;135;135;894;18;40;30;84344832;0
180;38;36;16;8;307;0;7;135;135;894;18;40;30;84344832;0
181;38;36;2;0;302;0;2;135;135;894;18;40;30;84344832;0
182;38;35;101;196;299;0;246;135;135;1023;17;40;30;84344832;0
183;38;35;62;140;298;0;253;135;135;1023;17;40;30;84344832;0
184;38;36;3;1;296;0;3;135;135;1023;17;40;30;84344832;0
185;38;35;31;323;297;0;237;135;135;1023;17;40;30;84344832;0
186;38;35;106;201;299;0;255;135;135;961;17;40;30;84344832;0
187;38;36;2;0;302;0;4;135;135;961;17;40;30;84344832;0
188;38;35;105;298;306;0;241;135;135;937;19;40;30;84344832;0
189;38;35;133;291;310;0;255;135;135;937;19;40;30;84344832;0
190;38;36;7;1;314;0;14;135;135;937;19;40;30;84344832;0
191;38;35;87;254;317;0;245;135;135;1482;20;40;30;84344832;0
192;38;35;63;133;320;0;0;135;135;1482;20;40;30;84344832;0
193;38;36;3;0;321;0;6;135;135;1482;20;40;30;84344832;0
194;38;35;24;298;322;0;234;135;135;1482;20;40;30;84344832;0
195;38;35;75;175;321;0;254;135;135;1021;19;40;30;84344832;0
196;38;36;4;0;318;0;8;135;135;1021;19;40;30;84344832;0
197;38;36;2;5;316;0;0;135;135;1021;19;40;30;84344832;0
198;38;35;159;398;311;0;244;135;135;1224;17;40;30;84344832;0
199;38;35;78;159;306;0;0;135;135;1224;17;40;30;84344832;0
200;38;36;6;1;303;0;13;135;135;1224;17;40;30;84344832;0
201;38;36;4;16;302;0;247;135;135;1224;17;40;30;84344832;0
202;38;35;159;362;301;0;247;135;135;2084;14;40;30;84344832;0
203;38;36;13;4;300;0;14;135;135;2084;14;40;30;84344832;0
204;38;36;3;10;299;0;0;135;135;2084;14;40;30;84344832;0
205;38;35;70;264;300;0;241;135;135;1147;16;40;30;84344832;0
206;38;36;31;27;303;0;9;135;135;1147;16;40;30;84344832;0
207;38;36;12;27;305;0;0;135;135;1153;32;40;30;84344832;0
208;38;35;6;102;308;0;247;135;135;1153;32;40;30;84344832;0
209;38;35;143;294;313;0;250;135;135;125;38;40;30;84344832;0
210;38;36;4;13;320;0;3;135;135;125;38;40;30;84344832;0
211;38;35;92;410;323;0;237;135;135;125;38;40;30;84344832;0
212;38;35;78;201;325;0;253;135;135;1256;19;40;30;84344832;0
213;38;36;4;0;324;0;4;135;135;1256;19;40;30;84344832;0
214;38;35;34;240;322;0;241;135;135;970;19;40;30;84344832;0
215;38;35;114;304;319;0;248;135;135;970;19;40;30;84344832;0
216;38;36;8;2;314;0;11;135;135;970;19;40;30;84344832;0
217;38;36;2;5;309;0;0;135;135;970;19;40;30;84344832;0
218;38;35;133;328;306;0;248;135;135;1362;16;40;30;84344832;0
219;38;36;15;6;305;0;8;135;135;1362;16;40;30;84344832;0
220;38;36;3;9;305;0;0;135;135;1362;16;40;30;84344832;0
221;38;35;130;314;304;0;241;135;135;1138;17;40;30;84344832;0
222;38;35;45;54;304;0;5;135;135;1138;17;40;30;84344832;0
223;38;36;3;6;304;0;1;135;135;1138;17;40;30;84344832;0
224;38;35;112;281;304;0;241;135;135;1156;19;40;30;84344832;0
225;38;35;30;53;304;0;2;135;135;1156;19;40;30;84344832;0
226;38;36;2;9;304;0;1;135;135;1156;19;40;30;84344832;0
227;38;35;146;361;305;0;242;135;135;922;19;40;30;84344832;0
228;38;35;41;66;307;0;3;135;135;922;19;40;30;84344832;0
229;38;36;3;4;309;0;2;135;135;922;19;40;30;84344832;0
230;38;35;14;263;308;0;239;135;135;922;19;40;30;84344832;0
231;38;35;69;159;306;0;255;135;135;1127;17;40;30;84344832;0
232;38;36;3;4;304;0;1;135;135;1127;17;40;30;84344832;0
233;38;36;2;0;302;0;0;135;135;1127;17;40;30;84344832;0
234;38;35;133;357;300;0;246;135;135;1106;17;40;30;84344832;0
235;38;36;8;1;298;0;9;135;135;1106;17;40;30;84344832;0
236;38;36;3;4;297;0;0;135;135;1106;17;40;30;84344832;0
237;38;35;131;358;297;0;241;135;135;1240;18;40;30;84344832;0
238;38;36;11;3;298;0;10;135;135;1240;18;40;30;84344832;0
239;38;36;3;13;298;0;0;135;135;1240;18;40;30;84344832;0
240;38;35;158;426;300;0;234;135;135;1034;17;40;30;84344832;0
241;38;35;59;148;302;0;255;135;135;1034;17;40;30;84344832;0
242;38;36;3;6;303;0;2;135;135;1034;17;40;30;84344832;0
243;38;35;11;165;304;0;246;135;135;1034;17;40;30;84344832;0
244;38;35;118;293;303;0;251;135;135;1216;18;40;30;84344832;0
245;38;36;3;2;300;0;4;135;135;1216;18;40;30;84344832;0
246;38;36;4;2;300;0;254;135;135;1216;18;40;30;84344832;0
247;38;35;95;218;301;0;254;135;135;1274;18;40;30;84344832;0
248;38;36;10;1;304;0;11;135;135;1274;18;40;30;84344832;0
249;38;36;3;14;306;0;0;135;135;1274;18;40;30;84344832;0
250;38;35;141;337;304;0;245;135;135;1301;17;40;30;84344832;0
251;38;36;24;17;301;0;8;135;135;1301;17;40;30;84344832;0
252;38;36;5;21;297;0;1;135;135;1069;25;40;30;84344832;0
253;38;35;145;282;296;0;246;135;135;101;71;40;30;84344832;0
254;38;35;28;34;295;0;1;135;135;101;71;40;30;84344832;0
255;38;36;2;4;295;0;0;135;135;101;71;40;30;84344832;0
256;38;35;5;164;296;0;242;135;135;101;71;40;30;84344832;0
257;38;35;50;114;298;0;255;135;135;917;16;40;30;84344832;0
258;38;36;4;0;300;0;7;135;135;917;16;40;30;84344832;0
259;38;36;7;106;301;0;254;135;135;917;16;40;30;84344832;0
260;38;35;159;345;301;0;247;135;135;914;18;40;30;84344832;0
261;38;36;4;0;298;0;6;135;135;914;18;40;30;84344832;0
262;38;35;156;373;296;0;236;135;135;999;21;40;30;84344832;0
263;38;35;44;64;297;0;8;135;135;999;21;40;30;84344832;0
264;38;36;5;34;300;0;3;135;135;999;21;40;30;84344832;0
265;38;35;212;499;302;0;233;135;135;232;68;40;30;84344832;0
266;38;35;57;106;305;0;4;135;135;232;68;40;30;84344832;0
267;38;36;4;23;309;0;2;135;135;232;68;40;30;84344832;0
268;38;35;8;229;310;0;236;135;135;232;68;40;30;84344832;0
269;38;35;43;89;310;0;2;135;135;1321;17;40;30;84344832;0
270;38;36;4;9;308;0;2;135;135;1321;17;40;30;84344832;0
271;38;36;2;1;307;0;253;135;135;1321;17;40;30;84344832;0
272;38;35;64;113;308;0;3;135;135;991;18;40;30;84344832;0
273;38;36;4;0;309;0;6;135;135;991;18;40;30;84344832;0
274;38;35;18;304;310;0;235;135;135;991;18;40;30;84344832;0
275;38;35;66;137;311;0;3;135;135;1151;20;40;30;84344832;0
276;38;36;4;0;312;0;5;135;135;1151;20;40;30;84344832;0
277;38;35;175;410;312;0;237;135;135;1151;20;40;30;84344832;0
278;38;35;56;65;311;0;6;135;135;1288;20;40;30;84344832;0
279;38;36;5;23;308;0;1;135;135;937;30;40;30;84344832;0
280;38;35;146;332;306;0;241;135;135;101;60;40;30;84344832;0
281;38;35;48;62;306;0;3;135;135;101;60;40;30;84344832;0
282;38;36;4;13;305;0;0;135;135;101;60;40;30;84344832;0
283;38;35;149;388;304;0;242;135;135;1071;20;40;30;84344832;0
284;38;36;13;4;303;0;10;135;135;1071;20;40;30;84344832;0
285;38;36;4;13;303;0;0;135;135;1071;20;40;30;84344832;0
286;38;35;121;302;304;0;244;135;135;1002;20;40;30;84344832;0
287;38;35;39;75;305;0;5;135;135;1002;20;40;30;84344832;0
288;38;35;12;39;306;0;1;135;135;1248;26;40;30;84344832;0
289;38;36;5;1;306;0;0;135;135;1248;26;40;30;84344832;0
290;38;35;172;429;308;0;243;135;135;277;30;40;30;84344832;0
291;38;36;6;1;312;0;10;135;135;277;30;40;30;84344832;0
292;38;36;3;9;314;0;0;135;135;277;30;40;30;84344832;0
293;38;35;214;572;315;0;230;135;135;901;19;40;30;84344832;0
294;38;36;14;5;314;0;9;135;135;901;19;40;30;84344832;0
295;38;36;3;5;313;0;0;135;135;901;19;40;30;84344832;0
296;38;35;106;242;312;0;250;135;135;1217;19;40;30;84344832;0
297;38;36;17;6;312;0;7;135;135;1217;19;40;30;84344832;0
298;38;36;3;11;311;0;0;135;135;1217;19;40;30;84344832;0
299;38;35;50;192;306;0;243;135;135;792;18;40;30;84344832;0
300;38;36;15;3;298;0;9;135;135;792;18;40;30;84344832;0
301;38;36;4;13;289;0;0;135;135;690;29;40;30;84344832;0
302;38;35;165;467;283;0;235;135;135;65;64;40;30;84344832;0
303;38;36;8;1;282;0;7;135;135;65;64;40;30;84344832;0
304;38;36;3;3;282;0;0;135;135;65;64;40;30;84344832;0
305;38;35;175;400;286;0;243;135;135;899;19;40;30;84344832;0
306;38;36;7;1;291;0;13;135;135;899;19;40;30;84344832;0
307;38;36;8;21;297;0;247;135;135;1104;30;40;30;84344832;0
308;38;35;112;234;301;0;1;135;135;175;73;40;30;84344832;0
309;38;36;4;0;305;0;7;135;135;175;73;40;30;84344832;0
310;38;36;20;22;308;0;0;135;135;1238;27;40;30;84344832;0
311;38;36;2;0;310;0;5;135;135;1238;27;40;30;84344832;0
312;38;35;224;595;305;0;232;135;135;421;22;40;30;84344832;0
313;38;36;13;3;292;0;14;135;135;421;22;40;30;84344832;0
314;38;36;8;19;278;0;0;135;135;1082;32;40;30;84344832;0
315;38;35;94;170;273;0;0;135;135;192;65;40;30;84344832;0
316;38;36;4;2;276;0;3;135;135;192;65;40;30;84344832;0
317;38;35;9;135;281;0;243;135;135;192;65;40;30;84344832;0
318;38;35;38;42;288;0;6;135;135;951;21;40;30;84344832;0
319;38;36;5;20;294;0;1;135;135;951;21;40;30;84344832;0
320;38;35;182;421;301;0;234;135;135;1077;21;40;30;84344832;0
321;38;36;16;5;309;0;12;135;135;1077;21;40;30;84344832;0
322;38;36;5;13;315;0;0;135;135;1077;21;40;30;84344832;0
323;38;35;194;426;320;0;241;135;135;1054;22;40;30;84344832;0
324;38;36;5;0;323;0;6;135;135;1054;22;40;30;84344832;0
325;38;35;21;232;324;0;238;135;135;1037;30;40;30;84344832;0
326;39;35;37;54;325;0;6;135;135;145;70;40;30;84344832;0
327;38;36;4;22;325;0;1;135;135;145;70;40;30;84344832;0
328;38;35;239;598;325;0;230;135;135;1200;21;40;30;84344832;0
329;38;36;11;3;324;0;11;135;135;1200;21;40;30;84344832;0
330;38;36;6;15;322;0;0;135;135;1278;28;40;30;84344832;0
331;38;35;218;472;320;0;230;135;135;1278;28;40;30;84344832;0
332;39;35;53;101;320;0;5;135;135;211;45;40;30;84344832;0
333;38;36;5;24;319;0;3;135;135;211;45;40;30;84344832;0
334;38;35;202;482;316;0;244;135;135;64;131;40;30;84344832;0
335;38;36;12;2;315;0;13;135;135;64;131;40;30;84344832;0
336;39;36;6;16;313;0;0;135;135;1249;26;40;30;84344832;0
337;38;35;121;303;311;0;251;135;135;207;67;40;30;84344832;0
338;38;36;6;0;308;0;11;135;135;207;67;40;30;84344832;0
339;39;35;7;98;305;0;252;135;135;1193;28;40;30;84344832;0
340;39;35;87;207;304;0;0;135;135;177;72;40;30;84344832;0
341;38;36;5;0;303;0;4;135;135;177;72;40;30;84344832;0
342;39;36;4;1;303;0;0;135;135;177;72;40;30;84344832;0
343;38;35;204;490;303;0;231;135;135;1411;15;40;30;84344832;0
344;39;36;16;9;303;0;7;135;135;1411;15;40;30;84344832;0
345;39;36;6;8;303;0;0;135;135;752;34;40;30;84344832;0
346;38;35;138;335;304;0;244;135;135;136;59;40;30;84344832;0
347;39;36;11;1;305;0;12;135;135;136;59;40;30;84344832;0
348;39;36;7;8;305;0;0;135;135;1053;31;40;30;84344832;0
349;38;35;148;347;305;0;249;135;135;80;56;40;30;84344832;0
350;39;36;4;2;306;0;3;135;135;80;56;40;30;84344832;0
351;39;36;3;1;305;0;0;135;135;80;56;40;30;84344832;0
352;38;35;98;215;306;0;250;135;135;1132;17;40;30;84344832;0
353;38;36;7;0;306;0;10;135;135;1132;17;40;30;84344832;0
354;38;36;1;1;306;0;0;135;135;1132;17;40;30;84344832;0
355;38;36;3;9;307;0;251;135;135;1132;17;40;30;84344832;0
356;38;35;60;80;307;0;3;135;135;503;17;40;30;84344832;0
357;38;36;5;26;307;0;2;135;135;503;17;40;30;84344832;0
358;38;35;93;377;305;0;233;135;135;86;71;40;30;84344832;0
359;38;36;11;1;305;0;12;135;135;86;71;40;30;84344832;0
360;38;36;7;16;305;0;0;135;135;900;33;40;30;84344832;0
361;38;36;13;9;305;0;0;135;135;53;67;40;30;84344832;0
362;38;35;24;197;308;0;243;135;135;138;33;40;30;84344832;0
363;38;35;32;42;310;0;7;135;135;138;33;40;30;84344832;0
364;37;36;3;20;308;0;1;135;135;138;33;40;30;84344832;0
365;37;35;200;543;306;0;235;135;135;1124;22;40;30;84344832;0
366;37;36;7;1;307;0;10;135;135;1124;22;40;30;84344832;0
367;37;36;6;8;307;0;0;135;135;1037;32;40;30;84344832;0
368;37;35;204;567;307;0;233;135;135;162;44;40;30;84344832;0
369;38;36;13;4;308;0;14;135;135;162;44;40;30;84344832;0
370;38;36;10;56;307;0;250;135;135;1395;30;40;30;84344832;0
371;38;35;103;251;306;0;253;135;135;1395;30;40;30;84344832;0
372;38;36;15;3;306;0;13;135;135;1395;30;40;30;84344832;0
373;38;36;3;8;305;0;0;135;135;1395;30;40;30;84344832;0
374;38;35;181;464;300;0;242;135;135;1280;15;40;30;84344832;0
375;38;36;8;1;292;0;12;135;135;1280;15;40;30;84344832;0
376;38;35;29;290;284;0;237;135;135;1188;27;40;30;84344832;0
377;38;35;88;161;282;0;2;135;135;103;106;40;30;84344832;0
378;38;36;4;16;283;0;2;135;135;103;106;40;30;84344832;0
379;39;35;9;185;285;0;238;135;135;103;106;40;30;84344832;0
380;39;35;30;69;289;0;255;135;135;1206;19;40;30;84344832;0
381;39;36;4;4;293;0;2;135;135;1206;19;40;30;84344832;0
382;38;35;175;390;297;0;245;135;135;971;22;40;30;84344832;0
383;39;36;15;8;298;0;9;135;135;971;22;40;30;84344832;0
384;39;36;3;10;299;0;0;135;135;971;22;40;30;84344832;0
385;39;35;140;301;301;0;250;135;135;1033;20;40;30;84344832;0
386;39;36;9;1;303;0;11;135;135;1033;20;40;30;84344832;0
387;39;35;6;121;305;0;247;135;135;1033;20;40;30;84344832;0
388;39;35;105;252;305;0;255;135;135;1120;21;40;30;84344832;0
389;39;36;5;0;305;0;7;135;135;1120;21;40;30;84344832;0
390;39;36;5;3;303;0;0;135;135;1211;27;40;30;84344832;0
391;39;35;205;531;303;0;231;135;135;92;40;40;30;84344832;0
392;39;36;20;15;303;0;10;135;135;92;40;40;30;84344832;0
393;39;36;3;8;304;0;0;135;135;92;40;40;30;84344832;0
394;39;35;124;289;304;0;251;135;135;1178;21;40;30;84344832;0
395;39;36;5;0;307;0;7;135;135;1178;21;40;30;84344832;0
396;39;35;4;110;310;0;249;135;135;1178;21;40;30;84344832;0
397;39;35;101;214;312;0;0;135;135;1024;20;40;30;84344832;0
398;39;36;5;18;314;0;3;135;135;1024;20;40;30;84344832;0
399;39;36;2;1;314;0;252;135;135;1024;20;40;30;84344832;0
400;39;35;115;245;315;0;0;135;135;1204;18;40;30;84344832;0
401;39;36;4;1;315;0;5;135;135;1204;18;40;30;84344832;0
402;39;35;20;227;314;0;241;135;135;1204;18;40;30;84344832;0
403;39;35;76;181;314;0;3;135;135;1137;21;40;30;84344832;0
404;39;36;5;28;313;0;3;135;135;1137;21;40;30;84344832;0
405;39;36;4;18;312;0;249;135;135;1239;27;40;30;84344832;0
406;39;35;92;189;310;0;3;135;135;112;53;40;30;84344832;0
407;39;36;5;21;307;0;1;135;135;112;53;40;30;84344832;0
408;39;36;2;0;304;0;255;135;135;112;53;40;30;84344832;0
409;39;35;139;361;304;0;246;135;135;1205;18;40;30;84344832;0
410;39;36;5;1;305;0;7;135;135;1205;18;40;30;84344832;0
411;39;35;7;141;305;0;244;135;135;1429;26;40;30;84344832;0
412;39;36;33;38;306;0;5;135;135;196;77;40;30;84344832;0
413;39;36;4;12;306;0;0;135;135;196;77;40;30;84344832;0
414;39;35;154;381;306;0;237;135;135;880;22;40;30;84344832;0
415;39;36;32;23;305;0;9;135;135;880;22;40;30;84344832;0
416;39;36;4;24;305;0;1;135;135;880;22;40;30;84344832;0
417;39;35;33;388;303;0;230;135;135;880;22;40;30;84344832;0
418;39;35;112;228;303;0;1;135;135;1450;17;40;30;84344832;0
419;39;36;5;24;302;0;3;135;135;1450;17;40;30;84344832;0
420;39;35;6;90;300;0;247;135;135;1060;28;40;30;84344832;0
421;39;35;110;218;301;0;1;135;135;77;55;40;30;84344832;0
422;39;36;4;1;302;0;5;135;135;77;55;40;30;84344832;0
423;39;35;172;380;303;0;238;135;135;1273;20;40;30;84344832;0
424;39;36;25;31;304;0;6;135;135;1273;20;40;30;84344832;0
425;39;36;4;19;305;0;1;135;135;1273;20;40;30;84344832;0
426;39;35;168;455;305;0;235;135;135;1085;20;40;30;84344832;0
427;39;36;15;6;306;0;12;135;135;1085;20;40;30;84344832;0
428;39;36;6;13;306;0;0;135;135;1078;29;40;30;84344832;0
429;39;35;233;635;306;0;230;135;135;173;54;40;30;84344832;0
430;39;36;11;2;307;0;12;135;135;173;54;40;30;84344832;0
431;39;36;7;20;307;0;0;135;135;1116;30;40;30;84344832;0
432;39;35;3;77;306;0;247;135;135;1116;30;40;30;84344832;0
433;39;36;50;92;304;0;0;135;135;97;36;40;30;84344832;0
434;39;36;8;1;302;0;12;135;135;97;36;40;30;84344832;0
435;39;35;11;155;299;0;248;135;135;97;36;40;30;84344832;0
436;39;35;63;139;296;0;3;135;135;1207;19;40;30;84344832;0
437;39;36;4;19;295;0;3;135;135;1207;19;40;30;84344832;0
438;39;35;15;184;294;0;243;135;135;1146;27;40;30;84344832;0
439;39;36;41;61;294;0;6;135;135;93;65;40;30;84344832;0
440;39;36;5;17;293;0;1;135;135;93;65;40;30;84344832;0
441;39;35;153;413;294;0;237;135;135;1223;21;40;30;84344832;0
442;39;36;32;57;295;0;6;135;135;1223;21;40;30;84344832;0
443;39;36;5;14;296;0;0;135;135;1223;21;40;30;84344832;0
444;39;35;165;407;298;0;246;135;135;1335;20;40;30;84344832;0
445;39;36;6;0;302;0;7;135;135;1335;20;40;30;84344832;0
446;39;36;6;5;305;0;0;135;135;1097;32;40;30;84344832;0
447;39;35;183;448;306;0;230;135;135;129;36;40;30;84344832;0
448;39;36;42;37;308;0;9;135;135;129;36;40;30;84344832;0
449;39;36;8;28;308;0;1;135;135;1221;30;40;30;84344832;0
450;39;36;3;0;307;0;0;135;135;1221;30;40;30;84344832;0
451;39;35;141;333;307;0;247;135;135;110;32;40;30;84344832;0
452;39;36;4;1;308;0;4;135;135;110;32;40;30;84344832;0
453;39;35;41;438;308;0;228;135;135;110;32;40;30;84344832;0
454;39;36;30;30;308;0;6;135;135;939;23;40;30;84344832;0
455;39;36;5;12;306;0;0;135;135;939;23;40;30;84344832;0
456;39;35;160;436;305;0;239;135;135;1033;21;40;30;84344832;0
457;39;36;24;18;304;0;7;135;135;1033;21;40;30;84344832;0
458;39;36;4;19;303;0;0;135;135;1033;21;40;30;84344832;0
459;39;35;151;407;301;0;240;135;135;1130;19;40;30;84344832;0
460;39;36;26;13;301;0;13;135;135;1130;19;40;30;84344832;0
461;39;36;8;26;300;0;1;135;135;1454;27;40;30;84344832;0
462;39;36;2;0;300;0;0;135;135;1454;27;40;30;84344832;0
463;39;35;80;161;302;0;0;135;135;122;32;40;30;84344832;0
464;39;36;6;1;305;0;9;135;135;122;32;40;30;84344832;0
465;39;36;2;2;307;0;0;135;135;122;32;40;30;84344832;0
466;39;35;209;529;307;0;238;135;135;836;18;40;30;84344832;0
467;39;36;7;1;306;0;10;135;135;836;18;40;30;84344832;0
468;39;35;25;217;304;0;245;135;135;56;106;40;30;84344832;0
469;39;35;62;166;302;0;0;135;135;56;106;40;30;84344832;0
470;39;36;11;1;301;0;18;135;135;56;106;40;30;84344832;0
471;39;36;7;25;298;0;0;135;135;1629;21;40;30;84344832;0
472;39;35;140;347;296;0;251;135;135;1629;21;40;30;84344832;0
473;39;36;7;1;295;0;11;135;135;1629;21;40;30;84344832;0
474;39;36;4;12;294;0;0;135;135;1371;20;40;30;84344832;0
475;39;35;151;385;294;0;244;135;135;150;63;40;30;84344832;0
476;39;36;7;0;296;0;14;135;135;150;63;40;30;84344832;0
477;39;36;6;11;297;0;0;135;135;1322;26;40;30;84344832;0
478;39;35;182;485;299;0;236;135;135;121;54;40;30;84344832;0
479;39;36;8;1;302;0;12;135;135;121;54;40;30;84344832;0
480;39;36;7;9;303;0;0;135;135;1233;29;40;30;84344832;0
481;39;35;161;389;304;0;243;135;135;81;49;40;30;84344832;0
482;39;36;14;2;307;0;13;135;135;81;49;40;30;84344832;0
483;39;36;8;21;309;0;0;135;135;1225;28;40;30;84344832;0
484;39;35;169;440;308;0;235;135;135;57;55;40;30;84344832;0
485;39;36;8;2;306;0;5;135;135;57;55;40;30;84344832;0
486;39;36;3;1;304;0;0;135;135;57;55;40;30;84344832;0
487;39;36;52;59;304;0;2;135;135;875;20;40;30;84344832;0
488;39;36;3;5;304;0;0;135;135;875;20;40;30;84344832;0
489;39;35;210;571;303;0;232;135;135;480;24;40;30;84344832;0
490;39;36;9;1;301;0;9;135;135;480;24;40;30;84344832;0
491;39;36;5;6;300;0;0;135;135;983;33;40;30;84344832;0
492;39;35;144;349;300;0;251;135;135;134;60;40;30;84344832;0
493;39;36;4;2;301;0;3;135;135;134;60;40;30;84344832;0
494;39;35;6;54;300;0;251;135;135;1051;31;40;30;84344832;0
495;39;35;86;137;301;0;5;135;135;44;64;40;30;84344832;0
496;39;36;5;12;302;0;2;135;135;44;64;40;30;84344832;0
497;39;36;2;0;303;0;0;135;135;44;64;40;30;84344832;0
498;39;35;172;422;303;0;248;135;135;1110;17;40;30;84344832;0
499;39;36;6;9;305;0;3;135;135;1110;17;40;30;84344832;0
500;39;36;3;1;306;0;0;135;135;1110;17;40;30;84344832;0
501;39;35;203;503;307;0;240;135;135;1116;20;40;30;84344832;0
502;39;36;5;0;309;0;8;135;135;1116;20;40;30;84344832;0
503;39;36;6;11;309;0;0;135;135;1170;27;40;30;84344832;0
504;39;35;84;171;309;0;2;135;135;104;58;40;30;84344832;0
505;39;36;4;11;308;0;2;135;135;104;58;40;30;84344832;0
506;39;35;6;56;307;0;250;135;135;104;58;40;30;84344832;0
507;39;35;137;348;307;0;252;135;135;1083;20;40;30;84344832;0
508;39;36;4;18;308;0;4;135;135;1083;20;40;30;84344832;0
509;39;35;25;160;308;0;248;135;135;63;86;40;30;84344832;0
510;39;36;35;61;307;0;4;135;135;63;86;40;30;84344832;0
511;39;36;3;11;307;0;0;135;135;63;86;40;30;84344832;0
512;39;35;220;625;306;0;224;135;135;1038;19;40;30;84344832;0
513;39;36;15;6;306;0;8;135;135;1038;19;40;30;84344832;0
514;39;36;5;12;306;0;0;135;135;1036;32;40;30;84344832;0
515;39;35;178;448;305;0;246;135;135;94;62;40;30;84344832;0
516;39;36;7;0;305;0;7;135;135;94;62;40;30;84344832;0
517;39;36;5;9;304;0;0;135;135;1178;29;40;30;84344832;0
518;39;35;88;250;303;0;254;135;135;249;66;40;30;84344832;0
519;39;36;6;24;300;0;2;135;135;249;66;40;30;84344832;0
520;39;35;99;552;297;0;227;135;135;109;55;40;30;84344832;0
521;39;36;29;52;294;0;3;135;135;109;55;40;30;84344832;0
522;39;36;4;14;290;0;0;135;135;109;55;40;30;84344832;0
523;39;36;29;23;288;0;4;135;135;974;23;40;30;84344832;0
524;39;36;3;11;288;0;0;135;135;974;23;40;30;84344832;0
525;39;35;134;334;289;0;246;135;135;390;29;40;30;84344832;0
526;39;36;7;1;290;0;6;135;135;390;29;40;30;84344832;0
527;39;35;11;237;291;0;239;135;135;390;29;40;30;84344832;0
528;39;36;15;9;292;0;5;135;135;1105;21;40;30;84344832;0
529;39;36;5;18;294;0;254;135;135;1105;21;40;30;84344832;0
530;39;35;98;165;298;0;1;135;135;687;27;40;30;84344832;0
531;39;36;4;8;301;0;2;135;135;687;27;40;30;84344832;0
532;39;35;209;524;303;0;238;135;135;966;23;40;30;84344832;0
533;39;36;10;2;305;0;10;135;135;966;23;40;30;84344832;0
534;39;36;5;23;307;0;249;135;135;966;23;40;30;84344832;0
535;39;36;32;61;309;0;2;135;135;1272;23;40;30;84344832;0
536;39;36;4;13;311;0;0;135;135;1272;23;40;30;84344832;0
537;39;35;152;382;313;0;246;135;135;808;23;40;30;84344832;0
538;39;36;4;1;313;0;3;135;135;808;23;40;30;84344832;0
539;39;36;1;1;312;0;255;135;135;808;23;40;30;84344832;0
540;39;35;137;289;312;0;0;135;135;976;20;40;30;84344832;0
541;39;36;3;1;313;0;2;135;135;976;20;40;30;84344832;0
542;39;35;202;516;313;0;234;135;135;1252;23;40;30;84344832;0
543;39;36;11;3;313;0;7;135;135;1252;23;40;30;84344832;0
544;39;36;2;2;313;0;0;135;135;1252;23;40;30;84344832;0
545;39;35;178;488;313;0;242;135;135;1050;21;40;30;84344832;0
546;39;36;8;2;313;0;8;135;135;1050;21;40;30;84344832;0
547;39;36;2;4;312;0;0;135;135;1050;21;40;30;84344832;0
548;39;35;117;265;309;0;253;135;135;1532;19;40;30;84344832;0
549;39;36;4;1;308;0;2;135;135;1532;19;40;30;84344832;0
550;39;35;53;542;307;0;224;135;135;1532;19;40;30;84344832;0
551;39;36;17;12;307;0;6;135;135;998;22;40;30;84344832;0
552;39;36;2;2;306;0;0;135;135;998;22;40;30;84344832;0
553;39;35;130;344;305;0;249;135;135;901;25;40;30;84344832;0
554;39;36;11;2;304;0;11;135;135;901;25;40;30;84344832;0
555;39;36;5;16;303;0;0;135;135;901;25;40;30;84344832;0
556;39;36;33;37;299;0;4;135;135;1370;19;40;30;84344832;0
557;39;36;3;7;293;0;0;135;135;1370;19;40;30;84344832;0
558;39;35;127;291;289;0;252;135;135;735;27;40;30;84344832;0
559;39;36;14;24;288;0;0;135;135;735;27;40;30;84344832;0
560;39;36;2;0;289;0;0;135;135;735;27;40;30;84344832;0
561;39;35;124;529;293;0;230;135;135;735;27;40;30;84344832;0
562;39;36;15;6;297;0;5;135;135;1194;15;40;30;84344832;0
563;39;36;2;8;300;0;0;135;135;1194;15;40;30;84344832;0
564;39;35;105;234;303;0;254;135;135;754;23;40;30;84344832;0
565;39;36;4;10;307;0;1;135;135;754;23;40;30;84344832;0
566;39;35;6;188;309;0;240;135;135;754;23;40;30;84344832;0
567;39;35;84;187;310;0;2;135;135;863;22;40;30;84344832;0
568;39;36;3;7;311;0;1;135;135;863;22;40;30;84344832;0
569;39;36;1;1;309;0;255;135;135;863;22;40;30;84344832;0
570;39;35;126;283;306;0;252;135;135;1069;18;40;30;84344832;0
571;39;36;3;2;303;0;1;135;135;1069;18;40;30;84344832;0
572;38;35;231;504;300;0;237;135;135;1010;21;40;30;84344832;0
573;39;36;10;2;300;0;9;135;135;1010;21;40;30;84344832;0
574;38;35;183;492;301;0;232;135;135;817;29;40;30;84344832;0
575;39;36;23;22;302;0;7;135;135;817;29;40;30;84344832;0
576;39;36;4;20;303;0;0;135;135;1139;29;40;30;84344832;0
577;39;35;172;436;303;0;241;135;135;238;64;40;30;84344832;0
578;39;36;6;1;303;0;6;135;135;238;64;40;30;84344832;0
579;39;36;3;3;302;0;255;135;135;238;64;40;30;84344832;0
580;39;35;167;423;303;0;251;135;135;982;22;40;30;84344832;0
581;39;36;4;2;304;0;7;135;135;982;22;40;30;84344832;0
582;39;35;213;577;304;0;231;135;135;189;105;40;30;84344832;0
583;39;36;26;35;305;0;6;135;135;189;105;40;30;84344832;0
584;39;36;4;21;307;0;1;135;135;189;105;40;30;84344832;0
585;39;35;112;289;306;0;251;135;135;1194;22;40;30;84344832;0
586;39;36;5;3;306;0;4;135;135;1194;22;40;30;84344832;0
587;39;35;12;258;304;0;235;135;135;957;31;40;30;84344832;0
588;39;36;75;121;302;0;6;135;135;148;63;40;30;84344832;0
589;39;36;4;24;301;0;2;135;135;148;63;40;30;84344832;0
590;39;35;172;468;299;0;239;135;135;159;94;40;30;84344832;0
591;39;36;7;1;298;0;9;135;135;159;94;40;30;84344832;0
592;39;36;7;8;297;0;0;135;135;894;31;40;30;84344832;0
593;39;36;72;101;296;0;6;135;135;209;72;40;30;84344832;0
594;39;36;3;3;295;0;3;135;135;209;72;40;30;84344832;0
595;39;35;124;272;295;0;251;135;135;169;115;40;30;84344832;0
596;39;36;4;9;296;0;2;135;135;169;115;40;30;84344832;0
597;39;35;108;239;298;0;246;135;135;592;27;40;30;84344832;0
598;39;36;11;3;301;0;6;135;135;592;27;40;30;84344832;0
599;39;36;2;1;301;0;0;135;135;592;27;40;30;84344832;0
600;39;35;103;216;301;0;254;135;135;761;21;40;30;84344832;0
601;39;36;5;18;301;0;1;135;135;761;21;40;30;84344832;0
602;39;35;12;360;302;0;229;135;135;761;21;40;30;84344832;0
603;39;36;27;16;303;0;10;135;135;1050;22;40;30;84344832;0
604;39;36;8;26;304;0;1;135;135;1011;34;40;30;84344832;0
605;39;35;147;379;304;0;245;135;135;185;66;40;30;84344832;0
606;39;36;5;0;305;0;5;135;135;185;66;40;30;84344832;0
607;39;35;41;273;305;0;239;135;135;851;24;40;30;84344832;0
608;39;35;125;287;306;0;0;135;135;851;24;40;30;84344832;0
609;39;36;5;15;305;0;4;135;135;851;24;40;30;84344832;0
610;39;35;115;462;304;0;232;135;135;117;96;40;30;84344832;0
611;39;36;16;8;304;0;9;135;135;117;96;40;30;84344832;0
612;39;36;4;13;305;0;0;135;135;117;96;40;30;84344832;0
613;38;35;219;566;305;0;238;135;135;958;23;40;30;84344832;0
614;39;36;6;9;305;0;4;135;135;958;23;40;30;84344832;0
615;39;35;117;386;304;0;236;135;135;1159;30;40;30;84344832;0
616;39;36;22;15;305;0;8;135;135;1159;30;40;30;84344832;0
617;39;36;5;17;306;0;0;135;135;1159;30;40;30;84344832;0
618;39;36;80;155;307;0;5;135;135;1168;18;40;30;84344832;0
619;39;36;2;2;306;0;1;135;135;1168;18;40;30;84344832;0
620;38;35;202;597;306;0;225;135;135;892;25;40;30;84344832;0
621;39;36;13;3;306;0;10;135;135;892;25;40;30;84344832;0
622;39;36;6;15;305;0;0;135;135;1296;27;40;30;84344832;0
623;38;35;199;558;306;0;234;135;135;271;52;40;30;84344832;0
624;39;36;19;8;307;0;14;135;135;271;52;40;30;84344832;0
625;39;36;4;28;307;0;249;135;135;271;52;40;30;84344832;0
626;39;36;5;2;306;0;0;135;135;1629;24;40;30;84344832;0
627;38;35;212;622;304;0;230;135;135;150;40;40;30;84344832;0
628;39;36;14;3;293;0;12;135;135;150;40;40;30;84344832;0
629;39;36;5;15;280;0;0;135;135;150;40;40;30;84344832;0
630;39;36;92;178;274;0;1;135;135;1495;20;40;30;84344832;0
631;39;36;5;15;276;0;2;135;135;1495;20;40;30;84344832;0
632;38;35;198;438;280;0;241;135;135;1078;23;40;30;84344832;0
633;39;36;7;1;285;0;7;135;135;1078;23;40;30;84344832;0
634;39;35;9;86;291;0;250;135;135;1078;23;40;30;84344832;0
635;39;35;131;240;297;0;1;135;135;973;24;40;30;84344832;0
636;39;36;4;1;303;0;5;135;135;973;24;40;30;84344832;0
637;38;35;185;446;308;0;242;135;135;1277;26;40;30;84344832;0
638;39;36;9;1;312;0;9;135;135;1277;26;40;30;84344832;0
639;39;35;73;447;315;0;231;135;135;1211;24;40;30;84344832;0
640;39;36;10;2;317;0;9;135;135;1211;24;40;30;84344832;0
641;39;36;6;15;317;0;0;135;135;1211;24;40;30;84344832;0
642;38;35;192;506;317;0;228;135;135;1001;19;40;30;84344832;0
643;39;36;14;3;318;0;12;135;135;1001;19;40;30;84344832;0
644;39;36;5;20;318;0;1;135;135;1103;24;40;30;84344832;0
645;39;35;131;301;316;0;252;135;135;31;128;40;30;84344832;0
646;39;36;5;27;313;0;4;135;135;31;128;40;30;84344832;0
647;39;35;78;396;310;0;233;135;135;96;75;40;30;84344832;0
648;39;36;23;21;307;0;8;135;135;96;75;40;30;84344832;0
649;39;36;5;24;305;0;252;135;135;96;75;40;30;84344832;0
650;39;36;75;141;304;0;4;135;135;1107;25;40;30;84344832;0
651;39;36;5;1;304;0;6;135;135;1107;25;40;30;84344832;0
652;38;35;208;547;303;0;234;135;135;1100;26;40;30;84344832;0
653;39;36;13;6;304;0;8;135;135;1100;26;40;30;84344832;0
654;39;36;6;17;305;0;0;135;135;1100;24;40;30;84344832;0
655;39;36;38;59;305;0;5;135;135;140;83;40;30;84344832;0
656;39;36;3;4;304;0;0;135;135;140;83;40;30;84344832;0
657;39;35;142;370;304;0;241;135;135;716;24;40;30;84344832;0
658;39;36;9;2;305;0;7;135;135;716;24;40;30;84344832;0
659;39;35;22;242;307;0;243;135;135;716;24;40;30;84344832;0
660;39;36;25;35;306;0;6;135;135;949;24;40;30;84344832;0
661;39;36;6;22;305;0;0;135;135;988;32;40;30;84344832;0
662;39;35;109;245;305;0;0;135;135;229;93;40;30;84344832;0
663;39;36;4;11;306;0;2;135;135;229;93;40;30;84344832;0
664;38;35;222;607;307;0;229;135;135;1116;25;40;30;84344832;0
665;39;36;5;30;306;0;3;135;135;1116;25;40;30;84344832;0
666;38;35;160;429;305;0;236;135;135;29;123;40;30;84344832;0
667;39;36;15;6;304;0;9;135;135;29;123;40;30;84344832;0
668;39;36;7;17;304;0;0;135;135;1157;29;40;30;84344832;0
669;39;35;124;278;304;0;253;135;135;121;61;40;30;84344832;0
670;39;36;5;17;303;0;1;135;135;121;61;40;30;84344832;0
671;39;35;165;436;303;0;236;135;135;979;24;40;30;84344832;0
672;39;36;14;4;304;0;10;135;135;979;24;40;30;84344832;0
673;39;35;15;283;305;0;235;135;135;32;136;40;30;84344832;0
674;39;36;15;4;305;0;8;135;135;32;136;40;30;84344832;0
675;39;36;6;22;305;0;0;135;135;1101;31;40;30;84344832;0
676;39;36;64;88;305;0;3;135;135;141;107;40;30;84344832;0
677;39;36;5;22;303;0;1;135;135;141;107;40;30;84344832;0
678;39;35;146;387;300;0;249;135;135;1043;25;40;30;84344832;0
679;39;36;6;12;298;0;2;135;135;1043;25;40;30;84344832;0
680;39;36;2;19;296;0;253;135;135;1043;25;40;30;84344832;0
681;39;36;85;137;297;0;252;135;135;989;21;40;30;84344832;0
682;39;36;3;1;300;0;0;135;135;989;21;40;30;84344832;0
683;39;36;4;0;301;0;0;135;135;328;25;40;30;84344832;0
684;39;36;1;0;299;0;255;135;135;328;25;40;30;84344832;0
685;39;36;0;0;298;0;255;135;135;328;25;40;30;84344832;0
686;39;36;0;0;300;0;0;135;135;328;25;40;30;84344832;0
687;39;36;0;1;304;0;255;135;135;328;25;40;30;84344832;0
688;39;36;0;1;309;0;1;135;135;328;25;40;30;84344832;0
689;39;36;24;27;315;0;5;135;135;182;10;40;30;84344832;0
690;39;36;4;53;319;0;0;135;135;182;10;40;30;84344832;0
691;39;35;18;157;320;0;248;135;135;703;34;40;30;84344832;0
692;39;36;37;49;320;0;9;135;135;163;64;40;30;84344832;0
693;39;36;5;39;313;0;1;135;135;163;64;40;30;84344832;0
694;39;35;111;229;305;0;6;135;135;1200;27;40;30;84344832;0
695;39;36;5;15;299;0;2;135;135;1200;27;40;30;84344832;0
696;39;35;180;490;296;0;243;135;135;1349;24;40;30;84344832;0
697;39;36;5;1;294;0;4;135;135;1349;24;40;30;84344832;0
698;39;35;178;466;293;0;244;135;135;1167;27;40;30;84344832;0
699;39;36;6;0;293;0;10;135;135;1167;27;40;30;84344832;0
700;39;35;208;546;294;0;235;135;135;1047;31;40;30;84344832;0
701;39;36;8;1;296;0;11;135;135;1047;31;40;30;84344832;0
702;39;35;221;573;298;0;234;135;135;1085;24;40;30;84344832;0
703;39;36;7;1;300;0;9;135;135;1085;24;40;30;84344832;0
704;39;35;209;561;299;0;233;135;135;104;127;40;30;84344832;0
705;39;36;22;31;300;0;5;135;135;104;127;40;30;84344832;0
706;39;35;22;366;302;0;235;135;135;104;127;40;30;84344832;0
707;39;36;18;14;303;0;9;135;135;1200;26;40;30;84279296;0
