# time;P_O2, atm;P_He, atm;Flow O2, l/min;Flow He, l/min;FiO2 Env, %;FiO2 sens2, %;P mask, cm H2O;Tmask, gradC;Tnagr, gradC;V, ml;f, 1/min;Tzad, gradC;FiO2 zad, %;Flags;
# POWERON 06.11.2018 16:30:50
1;0;0;0;5;0;0;0;25;25;0;0;0;25;84148736;0
50;0;0;0;4;631;0;249;26;25;0;0;0;25;84148229;0
58;40;0;0;4;210;0;255;26;25;0;0;0;25;84148228;0
61;0;0;0;5;210;0;0;26;25;0;0;0;25;84148229;0
65;40;0;0;5;210;0;255;26;25;0;0;0;25;84148228;0
69;40;32;0;4;210;0;0;26;25;0;0;0;25;84148224;0
95;40;31;0;5;210;0;255;26;25;0;0;0;25;84213760;0
96;40;31;0;4;190;0;255;26;25;0;0;0;25;84213760;0
97;40;31;0;5;190;0;0;26;25;0;0;0;25;84213760;0
98;40;27;79;247;190;0;244;26;25;0;0;0;25;84213760;0
99;40;28;7;5;190;0;11;26;25;0;0;0;25;84213760;0
100;40;27;62;313;191;0;242;26;25;732;22;0;25;84213760;0
101;40;27;77;142;193;0;255;26;25;732;22;0;25;84213760;0
102;40;28;3;0;204;0;10;26;25;732;22;0;25;84213760;0
103;40;27;3;81;233;0;253;27;25;732;22;0;25;84213760;0
104;40;27;22;16;267;0;0;26;25;948;18;0;25;84213760;0
105;40;28;2;0;288;0;6;26;25;948;18;0;25;84213760;0
106;40;27;7;97;298;0;250;26;25;319;19;0;25;84213760;0
107;40;28;13;3;299;0;1;26;25;319;19;0;25;84213760;0
108;40;28;2;0;298;0;4;26;25;319;19;0;25;84213760;0
109;40;27;20;94;293;0;251;26;25;237;22;0;25;84213760;0
110;40;28;5;0;283;0;5;26;25;237;22;0;25;84213760;0
111;40;28;1;0;272;0;0;26;25;237;22;0;25;84213760;0
112;40;27;22;75;260;0;252;26;25;213;21;0;25;84213760;0
113;40;28;3;0;248;0;5;26;25;213;21;0;25;84213760;0
114;40;27;3;85;237;0;249;27;25;213;21;0;25;84213760;0
115;40;27;35;19;227;0;2;26;25;232;20;0;25;84213760;0
116;40;28;2;0;217;0;6;26;25;232;20;0;25;84213760;0
117;40;27;33;116;210;0;250;27;25;347;22;0;25;84213760;0
118;40;28;12;2;205;0;2;26;25;347;22;0;25;84213760;0
119;40;28;1;0;203;0;4;26;25;347;22;0;25;84213760;0
120;40;27;47;103;205;0;251;26;25;327;20;0;25;84213760;0
121;40;28;6;0;209;0;6;26;25;327;20;0;25;84213760;0
122;40;28;1;0;215;0;1;27;25;327;20;0;25;84213760;0
123;40;27;36;81;222;0;251;26;25;281;20;0;25;84213760;0
124;40;28;6;0;229;0;5;26;25;281;20;0;25;84213760;0
125;40;28;1;3;237;0;252;27;25;281;20;0;25;84213760;0
126;40;27;49;96;243;0;252;26;25;228;20;0;25;84213760;0
127;40;28;5;0;248;0;10;26;25;228;20;0;25;84213760;0
128;40;28;1;0;253;0;255;27;25;228;20;0;25;84213760;0
129;40;27;43;82;259;0;253;26;25;346;19;0;25;84213760;0
130;40;28;3;0;265;0;9;26;25;346;19;0;25;84213760;0
131;40;27;5;86;270;0;250;27;25;346;19;0;25;84213760;0
132;40;27;29;33;273;0;255;26;25;338;20;0;25;84213760;0
133;40;28;2;0;276;0;5;27;25;338;20;0;25;84213760;0
134;40;27;22;110;277;0;249;27;25;276;20;0;25;84213760;0
135;40;28;16;5;277;0;1;26;25;276;20;0;25;84213760;0
136;40;28;2;0;275;0;5;27;25;276;20;0;25;84213760;0
137;40;27;14;104;273;0;249;27;25;278;19;0;25;84213760;0
138;40;27;17;5;269;0;0;26;25;278;19;0;25;84213760;0
139;40;28;2;0;266;0;6;27;25;278;19;0;25;84213760;0
140;40;27;10;104;263;0;249;27;25;285;18;0;25;84213760;0
141;40;27;18;6;258;0;0;26;26;285;18;0;25;84213760;0
142;40;28;3;0;255;0;6;27;25;285;18;0;25;84213760;0
143;40;27;8;107;253;0;249;27;25;285;18;0;25;84213760;0
144;40;27;22;11;251;0;0;26;26;313;18;0;25;84213760;0
145;40;28;3;0;250;0;4;27;26;313;18;0;25;84213760;0
146;40;27;43;111;249;0;250;27;26;294;22;0;25;84213760;0
147;40;28;7;0;248;0;5;26;25;294;22;0;25;84213760;0
148;40;28;1;0;247;0;255;27;26;294;22;0;25;84213760;0
149;40;27;38;90;247;0;252;27;26;305;21;0;25;84213760;0
150;40;28;5;0;248;0;7;27;26;305;21;0;25;84213760;0
151;40;27;3;55;249;0;251;27;26;305;21;0;25;84213760;0
152;40;27;27;22;248;0;0;27;26;267;20;0;25;84213760;0
153;40;28;3;0;249;0;5;27;26;267;20;0;25;84213760;0
154;40;27;11;113;249;0;249;27;26;296;20;0;25;84213760;0
155;40;27;41;96;249;0;252;27;26;296;20;0;25;84213760;0
156;40;28;5;0;251;0;8;27;26;296;20;0;25;84213760;0
157;40;27;5;93;253;0;250;27;26;296;20;0;25;84213760;0
158;40;27;24;15;255;0;0;27;26;411;18;0;25;84213760;0
159;40;28;2;0;258;0;5;27;26;411;18;0;25;84213760;0
160;40;27;32;89;260;0;251;27;26;245;22;0;25;84213760;0
161;40;28;11;1;259;0;8;27;26;245;22;0;25;84213760;0
162;40;28;2;7;258;0;252;27;26;245;22;0;25;84213760;0
163;40;27;36;76;257;0;253;27;26;266;22;0;25;84213760;0
164;40;28;4;0;256;0;2;27;26;266;22;0;25;84213760;0
165;40;28;5;79;256;0;255;27;26;266;22;0;25;84213760;0
166;40;27;31;98;253;0;0;27;26;272;19;0;25;84213760;0
167;40;28;4;0;250;0;7;27;26;272;19;0;25;84213760;0
168;40;27;4;87;250;0;249;28;26;272;19;0;25;84213760;0
169;40;27;27;8;249;0;0;27;26;276;20;0;25;84213760;0
170;40;28;2;0;250;0;5;27;26;276;20;0;25;84213760;0
171;40;27;41;121;250;0;250;27;26;301;22;0;25;84213760;0
172;40;27;18;4;251;0;6;27;26;301;22;0;25;84213760;0
173;40;28;1;0;252;0;5;27;26;301;22;0;25;84213760;0
174;40;27;49;123;254;0;250;27;26;394;20;0;25;84213760;0
175;40;28;7;1;256;0;3;27;26;394;20;0;25;84213760;0
176;40;28;1;0;259;0;4;27;26;394;20;0;25;84213760;0
177;40;27;32;104;259;0;251;27;26;366;18;0;25;84213760;0
178;40;28;9;3;258;0;3;27;26;366;18;0;25;84213760;0
179;40;27;5;60;258;0;249;27;26;366;18;0;25;84213760;0
180;40;27;40;90;257;0;253;27;26;290;23;0;25;84213760;0
181;40;28;3;0;256;0;3;27;26;290;23;0;25;84213760;0
182;40;27;27;130;253;0;249;27;26;390;21;0;25;84213760;0
183;40;28;9;1;253;0;0;27;26;390;21;0;25;84213760;0
184;40;28;1;0;255;0;6;27;26;390;21;0;25;84213760;0
185;40;27;16;102;254;0;249;27;26;307;19;0;25;84213760;0
186;40;28;15;3;253;0;3;27;26;307;19;0;25;84213760;0
187;40;28;1;0;252;0;4;28;26;307;19;0;25;84213760;0
188;40;27;67;164;252;0;251;27;26;358;21;0;25;84213760;0
189;40;28;4;0;251;0;4;27;26;358;21;0;25;84213760;0
190;40;27;67;259;251;0;243;27;26;457;24;0;25;84213760;0
191;40;27;35;60;252;0;0;27;26;457;24;0;25;84213760;0
192;40;28;3;0;254;0;9;27;26;457;24;0;25;84213760;0
193;40;28;0;0;257;0;3;28;26;457;24;0;25;84213760;0
194;40;27;39;81;262;0;252;27;26;744;16;0;25;84213760;0
195;40;28;4;0;267;0;9;27;26;744;16;0;25;84213760;0
196;40;27;21;20;270;0;0;27;26;306;26;0;25;84213760;0
197;40;28;2;0;268;0;255;27;26;306;26;0;25;84213760;0
198;40;28;20;4;263;0;4;27;26;246;33;0;25;84213760;0
199;40;28;1;0;256;0;18;28;26;246;33;0;25;84213760;0
200;40;27;57;152;251;0;249;27;26;219;25;0;25;84213760;0
201;40;28;6;1;245;0;7;27;26;219;25;0;25;84213760;0
202;40;27;63;170;239;0;249;27;26;437;29;0;25;84213760;0
203;40;28;4;0;239;0;4;27;26;437;29;0;25;84213760;0
204;40;28;2;22;241;0;251;28;26;437;29;0;25;84213760;0
205;40;27;37;70;244;0;254;27;26;437;21;0;25;84213760;0
206;40;28;2;0;248;0;7;27;26;437;21;0;25;84213760;0
207;40;27;4;84;250;0;250;28;26;437;21;0;25;84213760;0
208;40;27;32;47;252;0;255;27;26;302;20;0;25;84213760;0
209;40;28;2;0;254;0;7;27;26;302;20;0;25;84213760;0
210;40;28;0;1;255;0;254;28;26;302;20;0;25;84213760;0
211;40;27;45;104;255;0;251;28;26;285;17;0;25;84213760;0
212;40;28;4;1;255;0;1;27;26;285;17;0;25;84213760;0
213;40;28;1;0;256;0;2;28;26;285;17;0;25;84213760;0
214;40;27;42;103;255;0;251;27;26;325;18;0;25;84213760;0
215;40;28;4;0;256;0;6;27;26;325;18;0;25;84213760;0
216;40;28;1;0;255;0;0;28;26;325;18;0;25;84213760;0
217;40;27;35;94;254;0;251;28;26;254;19;0;25;84213760;0
218;40;27;48;69;251;0;255;27;26;254;19;0;25;84213760;0
219;40;28;2;0;250;0;9;27;26;254;19;0;25;84213760;0
220;40;28;0;58;248;0;251;28;26;254;19;0;25;84213760;0
221;40;27;43;95;247;0;253;27;26;499;16;0;25;84213760;0
222;40;28;2;0;246;0;7;27;26;499;16;0;25;84213760;0
223;40;28;0;0;247;0;255;28;26;499;16;0;25;84213760;0
224;40;27;46;102;248;0;252;28;26;365;18;0;25;84213760;0
225;40;28;3;0;251;0;7;27;26;365;18;0;25;84213760;0
226;40;28;1;0;253;0;255;28;26;365;18;0;25;84213760;0
227;40;27;44;103;255;0;252;27;27;338;19;0;25;84213760;0
228;40;28;3;0;257;0;6;27;26;338;19;0;25;84213760;0
229;40;28;1;15;258;0;252;28;26;338;19;0;25;84213760;0
230;40;27;39;45;258;0;255;27;27;321;20;0;25;84213760;0
231;40;28;2;0;258;0;5;27;26;321;20;0;25;84213760;0
232;40;28;1;17;257;0;252;28;26;321;20;0;25;84213760;0
233;40;27;41;99;256;0;252;27;27;313;19;0;25;84213760;0
234;40;28;3;0;255;0;5;28;27;313;19;0;25;84213760;0
235;40;27;2;85;254;0;248;28;27;313;19;0;25;84213760;0
236;40;28;18;6;253;0;3;27;27;316;19;0;25;84213760;0
237;40;28;2;0;252;0;4;28;26;316;19;0;25;84213760;0
238;40;27;14;111;251;0;249;28;27;265;21;0;25;84213760;0
239;40;28;16;5;249;0;3;27;27;265;21;0;25;84213760;0
240;40;28;2;0;247;0;4;28;27;265;21;0;25;84213760;0
241;40;27;26;110;246;0;250;28;27;290;19;0;25;84213760;0
242;40;28;12;2;244;0;5;27;27;290;19;0;25;84213760;0
243;40;28;1;0;244;0;2;28;27;290;19;0;25;84213760;0
244;40;27;39;93;244;0;251;28;27;294;20;0;25;84213760;0
245;40;28;4;1;244;0;4;27;27;294;20;0;25;84213760;0
246;40;27;6;87;245;0;250;28;27;294;20;0;25;84213760;0
247;40;27;22;12;246;0;0;27;27;232;23;0;25;84213760;0
248;40;28;1;0;245;0;3;27;27;232;23;0;25;84213760;0
249;40;28;0;0;246;0;1;28;27;232;23;0;25;84213760;0
250;40;27;50;114;247;0;251;28;27;307;16;0;25;84213760;0
251;40;28;4;0;249;0;7;27;27;307;16;0;25;84213760;0
252;40;28;1;0;251;0;3;28;27;307;16;0;25;84213760;0
253;40;27;39;101;253;0;251;28;27;285;19;0;25;84213760;0
254;40;28;7;1;255;0;7;27;27;285;19;0;25;84213760;0
255;40;28;1;0;258;0;0;28;27;285;19;0;25;84213760;0
256;40;27;40;86;259;0;252;28;27;273;21;0;25;84213760;0
257;40;28;3;0;258;0;5;28;27;273;21;0;25;84213760;0
258;40;28;1;33;258;0;252;28;27;273;21;0;25;84213760;0
259;40;27;26;32;257;0;255;28;27;265;20;0;25;84213760;0
260;40;28;2;0;256;0;5;28;27;265;20;0;25;84213760;0
261;40;28;1;14;254;0;252;28;27;265;20;0;25;84213760;0
262;40;27;32;55;252;0;254;28;27;261;19;0;25;84213760;0
263;40;28;2;0;250;0;4;28;27;261;19;0;25;84213760;0
264;40;28;0;0;249;0;254;28;27;261;19;0;25;84213760;0
265;40;27;35;79;247;0;252;28;27;240;18;0;25;84213760;0
266;40;28;3;0;246;0;4;28;27;240;18;0;25;84213760;0
267;40;28;1;0;246;0;255;28;27;240;18;0;25;84213760;0
268;40;27;34;69;246;0;252;28;27;261;19;0;25;84213760;0
269;40;28;2;0;247;0;4;28;27;261;19;0;25;84213760;0
270;40;28;0;0;247;0;0;28;27;261;19;0;25;84213760;0
271;40;27;41;91;246;0;251;28;27;230;18;0;25;84213760;0
272;40;28;3;0;244;0;0;28;27;230;18;0;25;84213760;0
273;40;28;0;0;243;0;7;28;27;230;18;0;25;84213760;0
274;40;28;0;0;242;0;0;29;27;230;18;0;25;84213760;0
275;40;27;37;79;239;0;251;28;27;225;15;0;25;84213760;0
276;40;28;4;0;238;0;6;28;27;225;15;0;25;84213760;0
277;40;28;0;0;239;0;2;28;27;225;15;0;25;84213760;0
278;40;27;31;96;241;0;250;28;27;250;17;0;25;84213760;0
279;40;28;10;2;242;0;2;28;27;250;17;0;25;84213760;0
280;40;28;1;0;245;0;2;28;27;250;17;0;25;84213760;0
281;40;27;26;96;247;0;250;28;27;245;18;0;25;84213760;0
282;40;28;7;1;249;0;3;28;27;245;18;0;25;84213760;0
283;40;28;1;0;251;0;4;28;27;245;18;0;25;84213760;0
284;40;27;34;85;253;0;251;28;27;242;20;0;25;84213760;0
285;40;28;6;1;253;0;1;28;27;242;20;0;25;84213760;0
286;40;28;1;0;255;0;0;28;27;242;20;0;25;84213760;0
287;40;27;41;88;257;0;251;28;27;232;20;0;25;84213760;0
288;40;28;7;1;258;0;3;28;27;232;20;0;25;84213760;0
289;40;28;1;0;260;0;1;28;27;232;20;0;25;84213760;0
290;40;27;36;117;262;0;249;28;27;272;18;0;25;84213760;0
291;40;28;13;5;263;0;1;28;27;272;18;0;25;84213760;0
292;40;28;1;0;265;0;5;28;27;272;18;0;25;84213760;0
293;40;27;17;120;265;0;249;29;27;283;18;0;25;84213760;0
294;40;27;24;16;266;0;0;28;27;283;18;0;25;84213760;0
295;40;28;1;0;267;0;2;28;27;283;18;0;25;84213760;0
296;40;27;8;85;268;0;251;28;27;342;19;0;25;84213760;0
297;40;28;13;4;268;0;1;28;27;342;19;0;25;84213760;0
298;40;28;2;0;268;0;8;28;27;342;19;0;25;84213760;0
299;40;28;0;0;268;0;0;29;27;342;19;0;25;84213760;0
300;40;27;39;98;266;0;251;28;27;272;16;0;25;84213760;0
301;40;28;5;0;264;0;7;28;27;272;16;0;25;84213760;0
302;40;28;1;0;263;0;1;29;27;272;16;0;25;84213760;0
303;40;27;41;112;261;0;250;28;27;263;18;0;25;84213760;0
304;40;28;5;1;258;0;255;28;27;263;18;0;25;84213760;0
305;40;28;1;0;256;0;0;28;27;263;18;0;25;84213760;0
306;40;27;9;88;254;0;250;28;27;282;17;0;25;84213760;0
307;40;27;34;90;252;0;250;28;27;282;17;0;25;84213760;0
308;40;28;5;0;252;0;6;28;27;282;17;0;25;84213760;0
309;40;28;1;0;254;0;4;28;27;282;17;0;25;84213760;0
310;40;27;4;78;254;0;250;29;27;282;17;0;25;84213760;0
311;40;27;21;10;253;0;0;28;27;319;14;0;25;84213760;0
312;40;28;2;0;253;0;3;28;27;319;14;0;25;84213760;0
313;39;27;23;112;252;0;249;28;27;242;20;0;25;84213760;0
314;40;28;6;1;250;0;4;28;27;242;20;0;25;84213760;0
315;40;28;1;0;248;0;0;29;27;242;20;0;25;84213760;0
316;39;27;40;93;244;0;251;28;27;232;21;0;25;84213760;0
317;40;28;4;1;240;0;4;28;27;232;21;0;25;84213760;0
318;40;28;1;6;239;0;253;28;27;232;21;0;25;84213760;0
319;39;27;32;77;240;0;251;28;27;278;21;0;25;84213760;0
320;40;28;3;0;244;0;3;28;27;278;21;0;25;84213760;0
321;40;27;2;42;248;0;252;28;27;278;21;0;25;84213760;0
322;40;28;12;3;250;0;2;28;27;217;19;0;25;84213760;0
323;40;28;2;0;251;0;255;28;27;217;19;0;25;84213760;0
324;40;28;0;0;251;0;255;28;27;217;19;0;25;84213760;0
325;40;28;0;0;252;0;255;28;27;217;19;0;25;84213760;0
326;40;28;0;0;252;0;255;28;27;217;19;0;25;84213760;0
327;40;28;0;0;252;0;255;28;27;217;19;0;25;84213760;0
328;40;28;0;7;252;0;250;28;27;217;19;0;25;84213760;0
329;40;27;40;60;253;0;255;28;27;122;8;0;25;84213760;0
330;40;28;2;1;256;0;3;28;27;122;8;0;25;84213760;0
331;40;28;0;0;261;0;254;28;27;122;8;0;25;84213760;0
332;40;27;21;29;261;0;253;28;27;216;19;0;25;84213760;0
333;39;28;3;0;259;0;0;28;27;216;19;0;25;84213760;0
334;40;28;0;0;258;0;255;28;27;216;19;0;25;84213760;0
335;39;27;30;23;257;0;0;28;27;167;19;0;25;84213760;0
336;39;28;2;0;254;0;3;28;27;167;19;0;25;84213760;0
337;39;27;4;71;252;0;251;29;27;167;19;0;25;84213760;0
338;40;27;17;6;247;0;0;28;27;206;21;0;25;84213760;0
339;39;28;1;0;242;0;2;28;27;206;21;0;25;84213760;0
340;39;27;8;57;238;0;251;28;27;257;20;0;25;84213760;0
341;40;28;15;4;236;0;1;28;27;257;20;0;25;84213760;0
342;39;28;1;0;236;0;2;28;27;257;20;0;25;84213760;0
343;40;27;1;38;237;0;252;29;27;257;20;0;25;84213760;0
344;40;27;18;12;237;0;255;28;27;211;17;0;25;84213760;0
345;39;28;2;0;237;0;0;28;27;211;17;0;25;84213760;0
346;39;27;1;42;238;0;251;29;27;211;17;0;25;84213760;0
347;39;27;25;26;240;0;254;28;27;143;19;0;25;84213760;0
348;40;28;2;0;240;0;4;28;27;143;19;0;25;84213760;0
349;39;28;0;0;241;0;255;29;27;143;19;0;25;84213760;0
350;39;27;34;66;240;0;252;28;27;166;18;0;25;84213760;0
351;39;28;2;0;240;0;3;28;27;166;18;0;25;84213760;0
352;39;28;0;0;241;0;255;29;27;166;18;0;25;84213760;0
353;39;27;29;54;242;0;252;28;27;180;19;0;25;84213760;0
354;39;28;3;0;243;0;4;28;27;180;19;0;25;84213760;0
355;39;28;0;0;245;0;0;29;27;180;19;0;25;84213760;0
356;39;27;32;56;247;0;251;28;27;167;18;0;25;84213760;0
357;39;28;6;1;248;0;4;28;27;167;18;0;25;84213760;0
358;39;28;1;0;249;0;1;28;27;167;18;0;25;84213760;0
359;39;27;7;55;251;0;251;29;27;176;17;0;25;84213760;0
360;39;28;10;2;253;0;2;28;27;176;17;0;25;84213760;0
361;39;28;1;0;255;0;2;28;27;176;17;0;25;84213760;0
362;39;27;7;46;257;0;251;29;27;150;19;0;25;84213760;0
363;39;28;8;1;257;0;1;28;27;150;19;0;25;84213760;0
364;39;28;1;0;257;0;1;28;27;150;19;0;25;84213760;0
365;39;28;1;5;257;0;252;29;27;150;19;0;25;84213760;0
366;39;28;8;4;260;0;255;28;27;98;17;0;25;84213760;0
367;39;28;2;0;262;0;1;28;27;98;17;0;25;84213760;0
368;39;27;2;34;264;0;251;28;27;98;17;0;25;84213760;0
369;39;28;4;1;267;0;0;28;27;60;20;0;25;84213760;0
370;39;28;1;0;272;0;255;28;27;60;20;0;25;84213760;0
371;39;28;0;0;276;0;0;28;27;60;20;0;25;84213760;0
372;39;28;0;0;280;0;1;28;27;60;20;0;25;84213760;0
373;39;27;11;31;283;0;252;28;27;41;13;0;25;84213760;0
374;39;28;3;0;286;0;3;28;27;41;13;0;25;84213760;0
375;39;28;1;0;289;0;0;29;27;41;13;0;25;84213760;0
376;39;27;10;18;293;0;253;28;27;59;19;0;25;84213760;0
377;39;28;2;0;296;0;3;28;27;59;19;0;25;84213760;0
378;39;28;1;0;299;0;0;29;27;59;19;0;25;84213760;0
379;39;27;10;17;301;0;253;28;27;62;19;0;25;84213760;0
380;39;28;2;0;302;0;7;28;27;62;19;0;25;84213760;0
381;39;28;1;0;302;0;0;29;27;62;19;0;25;84213760;0
382;39;28;0;16;302;0;251;29;27;62;19;0;25;84213760;0
383;39;28;7;1;300;0;0;28;27;63;15;0;25;84213760;0
384;39;28;2;0;297;0;2;28;27;63;15;0;25;84213760;0
385;39;27;10;123;294;0;247;28;27;91;22;0;25;84213760;0
386;39;28;4;0;290;0;7;28;27;91;22;0;25;84213760;0
387;39;27;21;167;285;0;248;29;27;232;25;0;25;84213760;0
388;39;27;31;26;274;0;0;28;27;232;25;0;25;84213760;0
389;39;28;2;0;260;0;0;28;27;232;25;0;25;84213760;0
390;39;27;5;125;250;0;247;28;27;232;25;0;25;84213760;0
391;39;28;15;4;245;0;3;28;28;382;19;0;25;84213760;0
392;39;28;1;0;242;0;9;28;27;382;19;0;25;84213760;0
393;39;28;0;1;240;0;0;29;27;382;19;0;25;84213760;0
394;39;27;24;169;237;0;247;29;28;323;14;0;25;84213760;0
395;39;28;12;4;236;0;0;28;28;323;14;0;25;84213760;0
396;39;28;1;0;236;0;2;28;28;323;14;0;25;84213760;0
397;39;27;31;99;237;0;250;28;28;290;20;0;25;84213760;0
398;39;28;9;2;239;0;4;28;28;290;20;0;25;84213760;0
399;39;28;1;0;242;0;5;29;27;290;20;0;25;84213760;0
400;39;27;25;101;245;0;249;29;28;225;20;0;25;84213760;0
401;39;28;11;3;245;0;4;28;28;225;20;0;25;84213760;0
402;39;28;1;0;246;0;3;29;28;225;20;0;25;84213760;0
403;39;28;1;15;247;0;253;29;28;225;20;0;25;84213760;0
404;39;27;49;101;248;0;251;28;28;286;16;0;25;84213760;0
405;39;28;2;0;250;0;4;28;28;286;16;0;25;84213760;0
406;39;28;1;12;252;0;253;29;28;286;16;0;25;84213760;0
407;39;27;39;78;252;0;252;28;28;311;19;0;25;84213760;0
408;39;28;3;0;254;0;4;28;28;311;19;0;25;84213760;0
409;39;28;0;2;256;0;254;29;28;311;19;0;25;84213760;0
410;39;27;40;92;256;0;251;28;28;266;18;0;25;84213760;0
411;39;28;4;0;255;0;5;28;28;266;18;0;25;84213760;0
412;39;28;0;0;254;0;1;29;28;266;18;0;25;84213760;0
413;39;27;38;111;253;0;249;29;28;264;17;0;25;84213760;0
414;39;28;5;0;251;0;5;28;28;264;17;0;25;84213760;0
415;39;28;1;0;250;0;1;29;28;264;17;0;25;84213760;0
416;39;27;32;93;248;0;250;29;28;234;19;0;25;84213760;0
417;39;28;4;1;244;0;4;28;28;234;19;0;25;84213760;0
418;39;28;1;0;243;0;2;29;28;234;19;0;25;84213760;0
419;39;27;12;78;241;0;250;29;28;216;18;0;25;84213760;0
420;39;28;11;2;239;0;3;28;28;216;18;0;25;84213760;0
421;39;28;1;0;237;0;2;29;28;216;18;0;25;84213760;0
422;39;27;10;77;237;0;250;29;28;186;18;0;25;84213760;0
423;39;28;9;1;237;0;5;28;28;186;18;0;25;84213760;0
424;39;28;1;0;237;0;1;29;28;186;18;0;25;84213760;0
425;39;27;10;65;237;0;251;29;28;165;19;0;25;84213760;0
426;39;27;22;9;237;0;0;28;28;165;19;0;25;84213760;0
427;39;28;2;0;237;0;4;29;28;165;19;0;25;84213760;0
428;39;28;1;5;238;0;252;29;28;165;19;0;25;84213760;0
429;39;27;18;6;239;0;1;28;28;233;17;0;25;84213760;0
430;39;28;2;0;241;0;2;29;28;233;17;0;25;84213760;0
431;39;28;1;8;243;0;253;29;28;233;17;0;25;84213760;0
432;39;27;27;61;245;0;252;28;28;157;18;0;25;84213760;0
433;39;28;2;0;246;0;4;29;28;157;18;0;25;84213760;0
434;39;28;0;0;246;0;255;29;28;157;18;0;25;84213760;0
435;39;27;27;30;247;0;254;29;28;138;18;0;25;84213760;0
436;39;28;2;0;247;0;5;29;28;138;18;0;25;84213760;0
437;39;27;47;98;247;0;250;29;28;133;26;0;25;84213760;0
438;39;28;4;0;247;0;3;28;28;133;26;0;25;84213760;0
439;39;28;1;0;248;0;0;29;28;133;26;0;25;84213760;0
440;39;27;34;63;249;0;253;29;28;242;20;0;25;84213760;0
441;39;28;2;0;251;0;1;28;28;242;20;0;25;84213760;0
442;39;28;0;0;255;0;255;29;28;242;20;0;25;84213760;0
443;39;28;0;0;256;0;255;29;28;242;20;0;25;84213760;0
444;39;27;22;104;256;0;249;28;28;187;13;0;25;84213760;0
445;39;28;12;4;257;0;2;28;28;187;13;0;25;84213760;0
446;39;28;1;0;258;0;4;28;28;187;13;0;25;84213760;0
447;39;27;12;69;260;0;250;29;28;262;19;0;25;84213760;0
448;39;28;9;2;261;0;3;28;28;262;19;0;25;84213760;0
449;39;28;1;0;262;0;2;29;28;262;19;0;25;84213760;0
450;39;27;26;71;264;0;251;29;28;180;21;0;25;84213760;0
451;39;28;5;0;263;0;5;28;28;180;21;0;25;84213760;0
452;39;28;1;0;262;0;1;29;28;180;21;0;25;84213760;0
453;39;27;22;49;260;0;252;29;28;160;19;0;25;84213760;0
454;39;28;3;0;258;0;5;28;28;160;19;0;25;84213760;0
455;39;28;0;0;256;0;0;29;28;160;19;0;25;84213760;0
456;39;27;26;35;255;0;254;29;28;138;20;0;25;84213760;0
457;39;28;2;0;254;0;2;29;28;138;20;0;25;84213760;0
458;39;27;12;73;253;0;250;29;28;159;23;0;25;84213760;0
459;39;28;6;1;252;0;5;28;28;159;23;0;25;84213760;0
460;39;28;1;0;250;0;0;29;28;159;23;0;25;84213760;0
461;39;27;22;46;251;0;252;29;28;132;22;0;25;84213760;0
462;39;28;3;0;251;0;3;29;28;132;22;0;25;84213760;0
463;39;27;1;37;251;0;251;29;28;132;22;0;25;84213760;0
464;39;28;12;5;252;0;0;28;28;119;22;0;25;84213760;0
465;39;28;2;0;251;0;1;29;28;119;22;0;25;84213760;0
466;39;27;9;49;252;0;251;29;28;104;21;0;25;84213760;0
467;39;28;6;0;253;0;4;28;28;104;21;0;25;84213760;0
468;39;28;1;0;254;0;252;29;28;104;21;0;25;84213760;0
469;39;27;15;20;255;0;254;29;28;95;22;0;25;84213760;0
470;39;28;3;0;256;0;3;29;28;95;22;0;25;84213760;0
471;39;27;6;45;258;0;251;29;28;94;21;0;25;84213760;0
472;39;28;8;1;259;0;4;28;28;94;21;0;25;84213760;0
473;39;28;2;0;260;0;0;29;28;94;21;0;25;84213760;0
474;39;27;15;28;262;0;252;29;28;95;22;0;25;84213760;0
475;39;28;3;0;262;0;4;29;28;95;22;0;25;84213760;0
476;39;28;1;9;263;0;252;29;28;95;22;0;25;84213760;0
477;39;28;10;5;264;0;0;29;28;93;21;0;25;84213760;0
478;39;28;2;0;263;0;1;29;28;93;21;0;25;84213760;0
479;39;27;16;64;264;0;251;29;28;81;22;0;25;84213760;0
480;39;28;6;0;264;0;5;28;28;81;22;0;25;84213760;0
481;39;28;2;4;265;0;250;29;28;81;22;0;25;84213760;0
482;39;27;36;57;265;0;254;28;28;140;23;0;25;84213760;0
483;39;28;2;0;263;0;6;29;28;140;23;0;25;84213760;0
484;39;28;1;5;259;0;254;29;28;140;23;0;25;84213760;0
485;39;27;33;63;255;0;252;29;28;248;19;0;25;84213760;0
486;39;28;3;0;253;0;5;29;28;248;19;0;25;84213760;0
487;39;28;1;9;252;0;253;29;28;248;19;0;25;84213760;0
488;39;27;16;6;250;0;1;29;28;192;20;0;25;84213760;0
489;39;28;2;0;246;0;2;29;28;192;20;0;25;84213760;0
490;39;27;14;87;244;0;250;29;28;132;22;0;25;84213760;0
491;39;28;7;1;243;0;5;29;28;132;22;0;25;84213760;0
492;39;28;1;0;243;0;0;29;28;132;22;0;25;84213760;0
493;39;27;38;80;242;0;252;29;28;189;22;0;25;84213760;0
494;39;28;2;0;241;0;3;29;28;189;22;0;25;84213760;0
495;39;27;3;52;240;0;251;29;28;189;22;0;25;84213760;0
496;39;28;16;6;239;0;1;29;28;220;21;0;25;84213760;0
497;39;28;2;0;240;0;3;29;28;220;21;0;25;84213760;0
498;39;27;29;70;242;0;252;29;28;162;22;0;25;84213760;0
499;39;28;4;0;244;0;5;29;28;162;22;0;25;84213760;0
500;39;27;3;43;246;0;252;29;28;162;22;0;25;84213760;0
501;39;27;18;6;247;0;1;29;28;136;22;0;25;84213760;0
502;39;28;1;0;248;0;2;29;28;136;22;0;25;84213760;0
503;39;27;13;64;248;0;250;29;28;130;22;0;25;84213760;0
504;39;28;8;1;247;0;6;29;28;130;22;0;25;84213760;0
505;39;28;1;0;247;0;255;29;28;130;22;0;25;84213760;0
506;39;27;31;70;246;0;251;29;28;154;22;0;25;84213760;0
507;39;28;3;0;244;0;5;29;28;154;22;0;25;84213760;0
508;39;27;4;83;243;0;249;29;28;154;22;0;25;84213760;0
509;39;28;17;5;244;0;0;29;28;190;21;0;25;84213760;0
510;39;28;2;0;244;0;4;29;28;190;21;0;25;84213760;0
511;39;27;18;88;247;0;250;29;28;218;21;0;25;84213760;0
512;39;28;6;1;249;0;6;29;28;218;21;0;25;84213760;0
513;39;28;1;0;252;0;255;29;28;218;21;0;25;84213760;0
514;39;27;23;57;255;0;251;29;28;180;22;0;25;84213760;0
515;39;28;4;0;256;0;5;29;28;180;22;0;25;84213760;0
516;39;27;7;67;256;0;250;29;28;142;22;0;25;84213760;0
517;39;28;10;2;256;0;4;29;28;142;22;0;25;84213760;0
518;39;28;1;0;256;0;1;29;28;142;22;0;25;84213760;0
519;39;27;13;42;255;0;252;29;28;145;22;0;25;84213760;0
520;39;28;4;0;253;0;4;29;28;145;22;0;25;84213760;0
521;39;27;5;77;252;0;249;29;28;145;22;0;25;84213760;0
522;39;28;17;6;252;0;0;29;28;104;23;0;25;84213760;0
523;39;28;1;0;254;0;1;29;28;104;23;0;25;84213760;0
524;39;27;12;69;256;0;250;29;28;187;21;0;25;84213760;0
525;39;28;10;2;254;0;2;29;28;187;21;0;25;84213760;0
526;39;28;1;0;253;0;1;29;28;187;21;0;25;84213760;0
527;39;27;17;47;253;0;251;29;28;146;20;0;25;84213760;0
528;39;28;6;1;252;0;6;29;28;146;20;0;25;84213760;0
529;39;28;1;0;251;0;2;29;28;146;20;0;25;84213760;0
530;39;27;22;76;251;0;250;29;28;155;18;0;25;84213760;0
531;39;28;7;1;249;0;6;29;28;155;18;0;25;84213760;0
532;39;28;1;0;248;0;1;29;28;155;18;0;25;84213760;0
533;39;27;29;61;247;0;251;29;28;163;20;0;25;84213760;0
534;39;28;4;0;246;0;5;29;28;163;20;0;25;84213760;0
535;39;28;1;0;247;0;254;30;28;163;20;0;25;84213760;0
536;39;27;34;64;247;0;251;29;28;172;20;0;25;84213760;0
537;39;28;2;0;247;0;4;29;28;172;20;0;25;84213760;0
538;39;27;1;37;249;0;251;29;28;172;20;0;25;84213760;0
539;39;27;29;41;249;0;253;29;28;184;20;0;25;84213760;0
540;39;28;2;0;249;0;4;29;28;184;20;0;25;84213760;0
541;39;27;3;49;249;0;251;29;28;184;20;0;25;84213760;0
542;39;28;11;2;250;0;5;29;28;192;20;0;25;84213760;0
543;39;28;1;0;251;0;1;29;28;192;20;0;25;84213760;0
544;39;27;31;68;253;0;251;29;28;136;23;0;25;84213760;0
545;39;28;5;0;253;0;6;29;28;136;23;0;25;84213760;0
546;39;27;2;48;254;0;250;29;28;136;23;0;25;84213760;0
547;39;27;18;8;253;0;0;29;28;171;22;0;25;84213760;0
548;39;28;2;0;252;0;4;29;28;171;22;0;25;84213760;0
549;39;27;28;51;253;0;252;29;28;173;22;0;25;84213760;0
550;39;28;5;1;253;0;5;29;28;173;22;0;25;84213760;0
551;39;28;1;0;253;0;0;29;28;173;22;0;25;84213760;0
552;39;27;26;48;254;0;252;29;28;156;20;0;25;84213760;0
553;39;28;4;0;253;0;5;29;28;156;20;0;25;84213760;0
554;39;28;1;3;253;0;252;30;28;156;20;0;25;84213760;0
555;39;27;32;36;252;0;254;29;28;151;20;0;25;84213760;0
556;39;28;2;1;251;0;5;29;28;151;20;0;25;84213760;0
557;39;28;0;0;250;0;0;29;28;151;20;0;25;84213760;0
558;39;27;38;81;248;0;251;29;28;192;18;0;25;84213760;0
559;39;28;2;0;247;0;4;29;28;192;18;0;25;84213760;0
560;39;27;6;60;247;0;250;29;28;192;18;0;25;84213760;0
561;39;28;12;2;247;0;5;29;28;198;22;0;25;84213760;0
562;39;28;1;0;247;0;255;29;28;198;22;0;25;84213760;0
563;39;27;37;72;248;0;252;29;28;190;23;0;25;84213760;0
564;39;28;3;0;248;0;4;29;28;190;23;0;25;84213760;0
565;39;27;8;79;249;0;250;29;28;189;23;0;25;84213760;0
566;39;28;10;2;249;0;4;29;28;189;23;0;25;84213760;0
567;39;28;1;0;249;0;0;29;28;189;23;0;25;84213760;0
568;39;27;34;59;250;0;252;29;28;167;23;0;25;84213760;0
569;39;28;3;0;250;0;5;29;28;167;23;0;25;84213760;0
570;39;27;17;81;250;0;250;29;28;178;23;0;25;84213760;0
571;39;28;9;1;251;0;5;29;28;178;23;0;25;84213760;0
572;39;28;1;0;251;0;1;29;28;178;23;0;25;84213760;0
573;39;27;34;67;252;0;252;29;28;173;22;0;25;84213760;0
574;39;28;3;0;253;0;6;29;28;173;22;0;25;84213760;0
575;39;27;10;75;254;0;250;30;28;194;22;0;25;84213760;0
576;39;28;16;6;255;0;0;29;28;194;22;0;25;84213760;0
577;39;28;1;0;256;0;3;29;28;194;22;0;25;84213760;0
578;39;27;24;71;257;0;251;29;28;177;21;0;25;84213760;0
579;39;28;6;1;258;0;5;29;29;177;21;0;25;84213760;0
580;39;28;1;0;259;0;0;29;28;177;21;0;25;84213760;0
581;39;27;26;49;260;0;252;29;29;155;21;0;25;84213760;0
582;39;28;3;1;259;0;5;29;28;155;21;0;25;84213760;0
583;39;28;1;11;258;0;251;30;29;155;21;0;25;84213760;0
584;39;27;18;13;257;0;255;29;29;158;20;0;25;84213760;0
585;39;28;2;0;256;0;4;29;29;158;20;0;25;84213760;0
586;39;27;13;89;255;0;249;29;29;153;21;0;25;84213760;0
587;39;28;8;1;253;0;6;29;28;153;21;0;25;84213760;0
588;39;28;1;0;252;0;0;30;29;153;21;0;25;84213760;0
589;39;27;31;53;250;0;253;29;29;188;23;0;25;84213760;0
590;39;28;3;0;248;0;6;29;29;188;23;0;25;84213760;0
591;39;27;0;43;248;0;247;30;29;188;23;0;25;84213760;0
592;39;27;25;41;249;0;253;29;29;198;20;0;25;84213760;0
593;39;28;2;0;251;0;5;29;29;198;20;0;25;84213760;0
594;39;28;1;22;253;0;251;30;29;198;20;0;25;84213760;0
595;39;27;25;30;255;0;253;29;29;170;19;0;25;84213760;0
596;39;28;2;0;255;0;4;29;28;170;19;0;25;84213760;0
597;39;27;4;54;255;0;251;30;29;170;19;0;25;84213760;0
598;39;28;12;3;253;0;2;29;29;164;20;0;25;84213760;0
599;39;28;1;0;252;0;2;29;29;164;20;0;25;84213760;0
600;39;27;14;58;252;0;251;29;29;153;21;0;25;84213760;0
601;39;28;9;1;251;0;7;29;29;153;21;0;25;84213760;0
602;39;28;1;0;250;0;0;30;29;153;21;0;25;84213760;0
603;39;28;0;0;251;0;255;30;29;153;21;0;25;84213760;0
604;39;28;0;0;250;0;255;30;29;153;21;0;25;84213760;0
605;39;28;0;0;249;0;255;30;29;153;21;0;25;84213760;0
606;39;27;54;110;248;0;252;29;29;153;10;0;25;84213760;0
607;39;28;2;0;248;0;3;29;29;153;10;0;25;84213760;0
608;39;27;11;79;250;0;251;30;29;266;22;0;25;84213760;0
609;39;28;14;3;253;0;1;29;29;266;22;0;25;84213760;0
610;39;28;2;0;258;0;1;29;29;266;22;0;25;84213760;0
611;39;27;36;88;262;0;250;29;29;209;21;0;25;84213760;0
612;39;28;6;1;264;0;4;29;29;209;21;0;25;84213760;0
613;39;28;1;0;266;0;255;29;29;209;21;0;25;84213760;0
614;39;28;0;0;266;0;255;29;29;209;21;0;25;84213760;0
615;39;28;0;0;266;0;255;29;29;209;21;0;25;84213760;0
616;39;28;0;16;265;0;248;29;29;209;21;0;25;84213760;0
617;39;28;16;6;266;0;0;29;29;239;11;0;25;84213760;0
618;39;28;1;0;269;0;3;29;29;239;11;0;25;84213760;0
619;39;27;8;72;271;0;250;30;29;191;21;0;25;84213760;0
620;39;28;12;2;270;0;3;29;29;191;21;0;25;84213760;0
621;39;28;1;0;268;0;2;29;29;191;21;0;25;84213760;0
622;39;27;21;81;266;0;250;29;29;193;20;0;25;84213760;0
623;39;28;7;1;263;0;4;29;29;193;20;0;25;84213760;0
624;39;28;1;0;260;0;1;30;29;193;20;0;25;84213760;0
625;39;27;20;72;258;0;251;29;29;178;20;0;25;84213760;0
626;39;28;5;0;256;0;5;29;29;178;20;0;25;84213760;0
627;39;28;1;0;254;0;0;30;29;178;20;0;25;84213760;0
628;39;27;24;48;253;0;252;29;29;141;20;0;25;84213760;0
629;39;28;4;0;252;0;4;29;29;141;20;0;25;84213760;0
630;39;28;0;0;250;0;255;30;29;141;20;0;25;84213760;0
631;39;27;32;49;249;0;253;29;29;144;20;0;25;84213760;0
632;39;28;2;0;247;0;4;29;29;144;20;0;25;84213760;0
633;39;28;1;1;245;0;253;30;29;144;20;0;25;84213760;0
634;39;27;26;24;244;0;255;29;29;197;19;0;25;84213760;0
635;39;28;2;0;243;0;3;29;29;197;19;0;25;84213760;0
636;39;27;7;78;243;0;249;30;29;191;21;0;25;84213760;0
637;39;28;11;2;243;0;5;29;29;191;21;0;25;84213760;0
638;39;28;1;0;243;0;1;30;29;191;21;0;25;84213760;0
639;39;27;19;78;243;0;249;30;29;200;21;0;25;84213760;0
640;39;28;9;1;242;0;4;29;29;200;21;0;25;84213760;0
641;39;28;1;0;243;0;0;30;29;200;21;0;25;84213760;0
642;39;27;66;144;243;0;249;29;29;272;21;0;25;84213760;0
643;39;28;7;1;245;0;7;29;29;272;21;0;25;84213760;0
644;39;28;1;0;248;0;4;30;29;272;21;0;25;84213760;0
645;39;27;7;81;254;0;251;30;29;527;16;0;25;84213760;0
646;39;28;10;2;260;0;5;29;29;527;16;0;25;84213760;0
647;39;28;1;0;267;0;0;30;29;527;16;0;25;84213760;0
648;39;27;36;48;272;0;254;29;29;187;23;0;25;84213760;0
649;39;28;2;0;272;0;1;30;29;187;23;0;25;84213760;0
650;39;27;8;75;271;0;251;30;29;173;23;0;25;84213760;0
651;39;28;9;2;267;0;5;29;29;173;23;0;25;84213760;0
652;39;28;1;0;263;0;2;30;29;173;23;0;25;84213760;0
653;39;27;42;126;258;0;248;30;29;184;20;0;25;84213760;0
654;39;28;5;1;253;0;7;29;29;184;20;0;25;84213760;0
655;39;28;1;0;248;0;0;30;29;184;20;0;25;84213760;0
656;39;27;49;101;244;0;251;29;29;268;19;0;25;84213760;0
657;39;28;4;0;242;0;6;29;29;268;19;0;25;84213760;0
658;39;28;1;0;241;0;255;30;29;268;19;0;25;84213760;0
659;39;27;34;45;241;0;254;29;29;260;20;0;25;84213760;0
660;39;28;2;0;243;0;4;29;29;260;20;0;25;84213760;0
661;39;27;12;93;246;0;249;30;29;183;22;0;25;84213760;0
662;39;28;11;3;247;0;5;29;29;183;22;0;25;84213760;0
663;39;28;1;0;248;0;2;30;29;183;22;0;25;84213760;0
664;39;27;5;44;248;0;251;30;29;210;19;0;25;84213760;0
665;39;28;11;2;250;0;3;29;29;210;19;0;25;84213760;0
666;39;28;1;0;252;0;0;30;29;210;19;0;25;84213760;0
667;39;27;32;54;255;0;253;29;29;131;21;0;25;84213760;0
668;39;28;2;0;257;0;4;29;29;131;21;0;25;84213760;0
669;39;27;4;75;258;0;250;30;29;131;21;0;25;84213760;0
670;39;28;14;4;257;0;2;29;29;168;22;0;25;84213760;0
671;39;28;1;0;255;0;2;30;29;168;22;0;25;84213760;0
672;39;27;30;71;253;0;251;30;29;174;22;0;25;84213760;0
673;39;28;4;0;252;0;5;29;29;174;22;0;25;84213760;0
674;39;27;3;43;251;0;251;30;29;174;22;0;25;84213760;0
675;39;28;16;4;251;0;2;29;29;148;23;0;25;84213760;0
676;39;28;1;0;250;0;2;30;29;148;23;0;25;84213760;0
677;39;27;16;78;249;0;250;30;29;162;21;0;25;84213760;0
678;39;28;6;1;248;0;4;29;29;162;21;0;25;84213760;0
679;39;28;1;0;248;0;0;30;29;162;21;0;25;84213760;0
680;39;27;27;46;248;0;252;29;29;158;21;0;25;84213760;0
681;39;28;3;0;247;0;5;29;29;158;21;0;25;84213760;0
682;39;27;4;53;248;0;250;30;29;158;21;0;25;84213760;0
683;39;28;12;2;248;0;6;29;29;148;22;0;25;84213760;0
684;39;28;1;0;248;0;1;30;29;148;22;0;25;84213760;0
685;39;27;35;71;247;0;252;29;29;190;23;0;25;84213760;0
686;39;28;3;0;247;0;4;29;29;190;23;0;25;84213760;0
687;39;27;4;43;248;0;252;30;29;190;23;0;25;84213760;0
688;39;28;8;2;249;0;6;29;29;175;22;0;25;84213760;0
689;39;28;2;24;250;0;248;30;29;175;22;0;25;84213760;0
690;39;28;6;1;253;0;255;29;29;120;25;0;25;84213760;0
691;39;28;1;0;259;0;255;29;29;120;25;0;25;84213760;0
692;39;27;23;124;263;0;248;29;29;93;20;0;25;84213760;0
693;39;27;25;22;263;0;1;29;29;93;20;0;25;84213760;0
694;39;28;2;0;262;0;2;29;29;93;20;0;25;84213760;0
695;39;27;0;41;262;0;250;30;29;93;20;0;25;84213760;0
696;39;27;30;29;264;0;255;29;29;299;18;0;25;84213760;0
697;39;28;2;0;267;0;6;30;29;299;18;0;25;84213760;0
698;39;28;0;0;269;0;0;30;29;299;18;0;25;84213760;0
699;39;27;37;88;268;0;250;30;29;274;17;0;25;84213760;0
700;39;28;3;0;268;0;5;30;29;274;17;0;25;84213760;0
701;39;28;1;32;268;0;253;30;29;274;17;0;25;84213760;0
702;39;27;43;57;267;0;254;29;29;191;20;0;25;84213760;0
703;39;28;2;0;264;0;5;30;29;191;20;0;25;84213760;0
704;39;28;1;16;260;0;252;30;29;191;20;0;25;84213760;0
705;39;27;34;37;258;0;255;29;29;291;19;0;25;84213760;0
706;39;28;2;0;258;0;3;30;29;291;19;0;25;84213760;0
707;39;28;1;18;260;0;253;30;29;291;19;0;25;84213760;0
708;39;27;25;15;260;0;0;29;29;243;19;0;25;84213760;0
709;39;28;2;0;260;0;3;30;29;243;19;0;25;84213760;0
710;39;28;1;28;259;0;252;30;29;243;19;0;25;84213760;0
711;39;28;18;5;256;0;2;29;29;202;19;0;25;84213760;0
712;39;28;1;0;253;0;1;30;29;202;19;0;25;84213760;0
713;39;27;39;89;251;0;251;30;29;171;22;0;25;84213760;0
714;39;28;3;0;249;0;4;30;29;171;22;0;25;84213760;0
715;39;27;4;77;248;0;250;30;29;171;22;0;25;84213760;0
716;39;27;49;100;247;0;251;29;29;174;23;0;25;84213760;0
717;39;28;3;0;245;0;7;30;29;174;23;0;25;84213760;0
718;39;27;4;33;245;0;254;30;29;174;23;0;25;84213760;0
719;39;27;37;39;247;0;255;29;29;324;19;0;25;84213760;0
720;39;28;2;0;250;0;5;30;29;324;19;0;25;84213760;0
721;39;27;2;41;253;0;252;30;29;324;19;0;25;84213760;0
722;39;28;14;4;255;0;4;29;29;288;19;0;25;84213760;0
723;39;28;1;0;258;0;2;30;29;288;19;0;25;84213760;0
724;39;27;41;103;259;0;250;30;29;207;22;0;25;84213760;0
725;39;28;4;0;258;0;6;29;29;207;22;0;25;84213760;0
726;39;28;1;0;256;0;0;30;29;207;22;0;25;84213760;0
727;39;27;39;73;254;0;252;30;29;244;21;0;25;84213760;0
728;39;28;2;0;252;0;4;29;29;244;21;0;25;84213760;0
729;39;27;0;39;251;0;248;30;29;244;21;0;25;84213760;0
730;39;27;24;33;251;0;254;29;29;234;21;0;25;84213760;0
731;39;28;2;0;251;0;4;30;29;234;21;0;25;84213760;0
732;39;27;13;82;252;0;250;30;29;186;21;0;25;84213760;0
733;39;28;8;1;252;0;3;29;29;186;21;0;25;84213760;0
734;39;28;1;0;252;0;3;30;29;186;21;0;25;84213760;0
735;39;27;31;84;251;0;251;30;29;179;20;0;25;84213760;0
736;39;28;5;1;250;0;6;29;29;179;20;0;25;84213760;0
737;39;28;1;0;249;0;0;30;29;179;20;0;25;84213760;0
738;39;27;32;72;247;0;251;30;29;184;20;0;25;84213760;0
739;39;28;4;0;246;0;6;29;29;184;20;0;25;84213760;0
740;39;28;1;0;245;0;0;30;29;184;20;0;25;84213760;0
741;39;27;32;61;245;0;252;30;29;180;19;0;25;84213760;0
742;39;28;3;0;244;0;6;29;29;180;19;0;25;84213760;0
743;39;28;1;0;245;0;254;30;29;180;19;0;25;84213760;0
744;39;27;28;45;244;0;253;30;29;189;20;0;25;84213760;0
745;39;28;2;0;245;0;4;30;29;189;20;0;25;84213760;0
746;39;27;4;74;246;0;250;30;29;189;20;0;25;84213760;0
747;39;27;19;9;246;0;0;29;29;173;21;0;25;84213760;0
748;39;28;1;0;246;0;0;30;29;173;21;0;25;84213760;0
749;39;27;46;83;247;0;252;30;29;178;22;0;25;84213760;0
750;39;28;5;1;247;0;6;30;29;178;22;0;25;84213760;0
751;39;28;1;0;249;0;254;30;29;178;22;0;25;84213760;0
752;39;27;29;70;250;0;251;30;29;250;20;0;25;84213760;0
753;39;28;3;0;253;0;6;30;29;250;20;0;25;84213760;0
754;39;27;4;52;257;0;250;30;29;250;20;0;25;84213760;0
755;39;27;23;19;259;0;254;30;29;177;21;0;25;84213760;0
756;39;28;2;0;258;0;4;30;29;177;21;0;25;84213760;0
757;39;27;8;87;257;0;249;30;29;207;20;0;25;84213760;0
758;39;28;9;2;257;0;2;30;29;207;20;0;25;84213760;0
759;39;28;1;0;257;0;2;30;29;207;20;0;25;84213760;0
760;39;27;44;101;256;0;250;30;29;218;21;0;25;84213760;0
761;39;28;6;1;257;0;6;30;29;218;21;0;25;84213760;0
762;39;28;1;0;256;0;2;30;29;218;21;0;25;84213760;0
763;39;27;39;82;256;0;252;30;29;254;20;0;25;84213760;0
764;39;28;4;0;257;0;6;30;29;254;20;0;25;84213760;0
765;39;28;1;8;257;0;252;30;29;254;20;0;25;84213760;0
766;39;27;33;46;258;0;253;30;29;222;21;0;25;84213760;0
767;39;28;2;0;258;0;4;30;29;222;21;0;25;84213760;0
768;39;27;10;81;258;0;250;30;29;210;21;0;25;84213760;0
769;39;28;13;2;257;0;5;30;29;210;21;0;25;84213760;0
770;39;28;1;0;256;0;2;30;29;210;21;0;25;84213760;0
771;39;27;39;90;254;0;251;30;29;238;21;0;25;84213760;0
772;39;28;7;1;252;0;0;30;29;238;21;0;25;84213760;0
773;39;28;1;5;251;0;251;30;29;238;21;0;25;84213760;0
774;39;27;33;36;252;0;255;30;29;281;22;0;25;84213760;0
775;39;28;2;0;253;0;6;30;29;281;22;0;25;84213760;0
776;39;27;4;60;255;0;251;30;29;281;22;0;25;84213760;0
777;39;27;24;17;257;0;255;30;29;257;20;0;25;84213760;0
778;39;28;2;0;260;0;5;30;29;257;20;0;25;84213760;0
779;39;27;12;92;262;0;250;30;29;226;20;0;25;84213760;0
780;39;28;12;2;261;0;4;30;29;226;20;0;25;84213760;0
781;39;28;1;0;260;0;3;30;29;226;20;0;25;84213760;0
782;39;27;38;82;258;0;251;30;29;227;21;0;25;84213760;0
783;39;28;4;0;257;0;7;30;29;227;21;0;25;84213760;0
784;40;28;1;61;256;0;251;30;29;227;21;0;25;84213760;0
785;39;27;28;31;255;0;255;30;29;252;21;0;25;84213760;0
786;39;28;2;0;256;0;4;30;29;252;21;0;25;84213760;0
787;39;27;17;101;255;0;249;30;29;233;21;0;25;84213760;0
788;40;28;11;3;255;0;3;29;29;233;21;0;25;84213760;0
789;40;28;1;0;254;0;3;30;29;233;21;0;25;84213760;0
790;39;27;38;86;253;0;251;30;29;237;21;0;25;84213760;0
791;39;28;5;1;252;0;5;30;29;237;21;0;25;84213760;0
792;40;28;1;0;251;0;255;30;29;237;21;0;25;84213760;0
793;39;27;40;89;251;0;251;30;29;221;20;0;25;84213760;0
794;39;28;4;0;249;0;8;30;29;221;20;0;25;84213760;0
795;40;28;1;25;248;0;251;30;29;221;20;0;25;84213760;0
796;39;27;31;44;247;0;254;30;29;242;20;0;25;84213760;0
797;39;28;2;0;246;0;6;30;29;242;20;0;25;84213760;0
798;40;27;15;118;247;0;248;30;29;248;21;0;25;84213760;0
799;40;28;13;5;247;0;1;30;29;248;21;0;25;84213760;0
800;39;28;1;0;248;0;4;30;29;248;21;0;25;84213760;0
801;39;27;33;100;249;0;250;30;29;276;20;0;25;84213760;0
802;40;28;12;4;250;0;2;30;29;276;20;0;25;84213760;0
803;40;28;1;0;252;0;4;30;29;276;20;0;25;84213760;0
804;40;27;41;111;254;0;249;30;29;274;19;0;25;84213760;0
805;40;28;7;1;256;0;6;30;29;274;19;0;25;84213760;0
806;40;28;1;0;259;0;2;30;29;274;19;0;25;84213760;0
807;39;27;50;114;260;0;250;30;29;267;20;0;25;84213760;0
808;40;28;6;1;261;0;8;30;29;267;20;0;25;84213760;0
809;40;28;1;0;262;0;2;30;29;267;20;0;25;84213760;0
810;40;27;38;86;263;0;252;30;29;349;18;0;25;84213760;0
811;40;28;6;1;266;0;5;30;29;349;18;0;25;84213760;0
812;40;28;1;0;269;0;3;30;29;349;18;0;25;84213760;0
813;39;27;25;68;269;0;251;30;29;244;19;0;25;84213760;0
814;40;28;5;0;268;0;6;30;29;244;19;0;25;84213760;0
815;40;28;1;0;266;0;255;30;29;244;19;0;25;84213760;0
816;40;27;27;59;264;0;252;30;29;178;21;0;25;84213760;0
817;40;28;3;0;260;0;6;30;29;178;21;0;25;84213760;0
818;40;27;6;77;256;0;250;30;29;194;21;0;25;84213760;0
819;40;27;19;15;253;0;255;30;29;194;21;0;25;84213760;0
820;40;28;2;0;250;0;4;30;29;194;21;0;25;84213760;0
821;40;27;3;77;248;0;249;30;29;194;21;0;25;84213760;0
822;40;27;23;24;246;0;255;30;29;228;19;0;25;84213760;0
823;40;28;2;0;245;0;5;30;29;228;19;0;25;84213760;0
824;40;28;1;24;244;0;251;30;29;228;19;0;25;84213760;0
825;40;27;26;39;244;0;253;30;29;226;18;0;25;84213760;0
826;40;28;2;0;244;0;5;30;29;226;18;0;25;84213760;0
827;39;27;2;45;245;0;251;30;29;226;18;0;25;84213760;0
828;40;27;21;12;246;0;0;30;29;195;20;0;25;84213760;0
829;40;28;2;0;246;0;4;30;29;195;20;0;25;84213760;0
830;39;27;41;103;246;0;250;30;29;182;21;0;25;84213760;0
831;40;28;7;1;246;0;7;30;29;182;21;0;25;84213760;0
832;40;28;1;0;246;0;2;30;29;182;21;0;25;84213760;0
833;39;27;43;94;246;0;251;30;29;260;21;0;25;84213760;0
834;40;28;5;1;247;0;8;30;29;260;21;0;25;84213760;0
835;40;28;1;0;250;0;0;30;29;260;21;0;25;84213760;0
836;39;27;38;79;251;0;251;30;29;273;20;0;25;84213760;0
837;40;28;4;0;254;0;8;30;29;273;20;0;25;84213760;0
838;40;28;1;0;256;0;255;30;29;273;20;0;25;84213760;0
839;39;27;39;74;258;0;252;30;29;258;19;0;25;84213760;0
840;40;28;3;0;259;0;8;30;29;258;19;0;25;84213760;0
841;40;27;1;42;260;0;251;30;29;258;19;0;25;84213760;0
842;40;27;26;37;260;0;254;30;29;253;20;0;25;84213760;0
843;40;28;2;0;260;0;6;30;29;253;20;0;25;84213760;0
844;40;27;9;92;259;0;249;30;29;250;20;0;25;84213760;0
845;40;28;20;10;259;0;0;30;29;250;20;0;25;84213760;0
846;40;28;1;0;259;0;4;30;29;250;20;0;25;84213760;0
847;40;27;6;89;258;0;250;30;29;250;20;0;25;84213760;0
848;40;28;23;11;256;0;0;30;29;246;19;0;25;84213760;0
849;40;28;2;0;255;0;4;30;29;246;19;0;25;84213760;0
850;40;27;29;89;254;0;251;30;29;263;21;0;25;84213760;0
851;40;28;8;1;252;0;5;30;29;263;21;0;25;84213760;0
852;40;28;1;0;252;0;2;30;30;263;21;0;25;84213760;0
853;40;27;34;49;252;0;252;30;29;233;20;0;25;84213760;0
854;40;28;3;0;252;0;8;30;29;233;20;0;25;84213760;0
855;40;28;1;6;252;0;252;30;29;233;20;0;25;84213760;0
856;40;27;33;67;251;0;252;30;29;227;20;0;25;84213760;0
857;40;28;2;0;252;0;6;30;29;227;20;0;25;84213760;0
858;40;27;12;97;251;0;249;30;30;226;21;0;25;84213760;0
859;40;28;10;2;251;0;6;30;30;226;21;0;25;84213760;0
860;40;28;1;0;250;0;2;30;29;226;21;0;25;84213760;0
861;40;27;32;88;249;0;250;30;30;234;21;0;25;84213760;0
862;40;28;6;1;248;0;5;30;29;234;21;0;25;84213760;0
863;40;28;1;0;247;0;0;30;29;234;21;0;25;84213760;0
864;40;27;34;71;247;0;251;30;29;225;20;0;25;84213760;0
865;40;28;3;0;246;0;7;30;29;225;20;0;25;84213760;0
866;40;27;25;109;246;0;249;30;29;212;23;0;25;84213760;0
867;40;28;11;2;246;0;8;30;30;212;23;0;25;84213760;0
868;40;28;1;0;246;0;2;30;29;212;23;0;25;84213760;0
869;40;27;40;85;247;0;252;30;29;292;22;0;25;84213760;0
870;40;28;3;0;249;0;6;30;30;292;22;0;25;84213760;0
871;40;27;14;114;252;0;249;30;30;257;22;0;25;84213760;0
872;40;28;19;8;254;0;2;30;30;257;22;0;25;84213760;0
873;40;28;1;0;256;0;4;30;29;257;22;0;25;84213760;0
874;40;27;35;99;258;0;250;30;30;285;21;0;25;84213760;0
875;40;28;7;1;259;0;7;30;30;285;21;0;25;84213760;0
876;40;28;1;0;261;0;0;30;30;285;21;0;25;84213760;0
877;40;27;40;83;261;0;252;30;30;268;21;0;25;84213760;0
878;40;28;3;0;260;0;6;30;30;268;21;0;25;84213760;0
879;40;28;0;0;260;0;255;30;30;268;21;0;25;84213760;0
880;40;27;36;71;259;0;252;30;30;273;19;0;25;84213760;0
881;40;28;3;0;259;0;7;30;30;273;19;0;25;84213760;0
882;40;28;1;11;259;0;252;30;29;273;19;0;25;84213760;0
883;40;27;25;45;258;0;253;30;30;241;20;0;25;84213760;0
884;40;28;2;0;256;0;5;30;30;241;20;0;25;84213760;0
885;40;27;2;60;255;0;250;30;30;241;20;0;25;84213760;0
886;40;27;25;19;253;0;0;30;30;178;20;0;25;84213760;0
887;40;28;2;0;251;0;5;30;30;178;20;0;25;84213760;0
888;40;27;31;90;248;0;250;30;30;231;21;0;25;84213760;0
889;40;28;7;1;246;0;6;30;30;231;21;0;25;84213760;0
890;40;28;1;0;244;0;0;30;30;231;21;0;25;84213760;0
891;40;27;41;94;244;0;251;30;30;245;20;0;25;84213760;0
892;40;28;4;1;244;0;7;30;30;245;20;0;25;84213760;0
893;40;27;19;126;245;0;249;30;30;265;23;0;25;84213760;0
894;40;28;18;6;246;0;3;30;30;265;23;0;25;84213760;0
895;40;28;1;2;248;0;254;30;30;265;23;0;25;84213760;0
896;40;27;47;90;250;0;252;30;30;359;24;0;25;84213760;0
897;40;28;3;0;254;0;8;30;29;359;24;0;25;84213760;0
898;40;28;1;23;257;0;252;30;30;359;24;0;25;84213760;0
899;40;27;36;71;261;0;253;30;30;341;20;0;25;84213760;0
900;40;28;2;0;266;0;6;30;30;341;20;0;25;84213760;0
901;40;27;10;82;270;0;250;30;30;227;20;0;25;84213760;0
902;40;28;16;4;270;0;3;30;30;227;20;0;25;84213760;0
903;40;28;1;0;269;0;255;30;30;227;20;0;25;84213760;0
904;40;27;56;99;267;0;254;30;30;242;23;0;25;84213760;0
905;40;28;2;0;264;0;6;30;29;242;23;0;25;84213760;0
906;40;27;6;79;262;0;251;31;30;370;22;0;25;84213760;0
907;40;28;19;5;265;0;4;30;30;370;22;0;25;84213760;0
908;40;28;1;1;271;0;254;30;30;370;22;0;25;84213760;0
909;40;27;38;92;274;0;252;30;30;239;24;0;25;84213760;0
910;40;28;3;0;272;0;7;30;30;239;24;0;25;84213760;0
911;40;27;39;125;267;0;249;30;30;251;23;0;25;84213760;0
912;40;28;6;1;262;0;7;30;30;251;23;0;25;84213760;0
913;40;28;3;64;257;0;0;30;30;251;23;0;25;84213760;0
914;40;27;31;36;252;0;255;30;30;267;23;0;25;84213760;0
915;40;28;2;0;249;0;4;30;30;267;23;0;25;84213760;0
916;40;27;20;84;246;0;251;30;30;235;22;0;25;84213760;0
917;40;28;7;1;243;0;7;30;30;235;22;0;25;84213760;0
918;40;27;4;82;240;0;249;30;30;235;22;0;25;84213760;0
919;40;27;27;15;239;0;0;30;30;196;24;0;25;84213760;0
920;40;28;2;0;237;0;4;30;30;196;24;0;25;84213760;0
921;40;27;40;97;237;0;250;30;30;262;22;0;25;84213760;0
922;40;28;10;2;237;0;7;30;30;262;22;0;25;84213760;0
923;40;28;1;0;240;0;0;30;30;262;22;0;25;84213760;0
924;40;27;41;77;242;0;252;30;30;306;20;0;25;84213760;0
925;40;28;3;0;246;0;7;30;30;306;20;0;25;84213760;0
926;40;27;20;101;249;0;250;30;30;264;22;0;25;84213760;0
927;40;28;12;3;253;0;2;30;30;264;22;0;25;84213760;0
928;40;28;1;0;256;0;4;30;30;264;22;0;25;84213760;0
929;40;27;53;119;259;0;250;30;30;261;21;0;25;84213760;0
930;40;28;5;1;261;0;10;30;30;261;21;0;25;84213760;0
931;40;27;10;112;261;0;249;30;30;308;24;0;25;84213760;0
932;40;27;25;22;261;0;0;30;30;308;24;0;25;84213760;0
933;40;28;2;0;262;0;5;30;30;308;24;0;25;84213760;0
934;40;27;24;91;262;0;251;30;30;320;20;0;25;84213760;0
935;40;28;9;2;262;0;5;30;30;320;20;0;25;84213760;0
936;40;28;1;0;265;0;1;30;30;320;20;0;25;84213760;0
937;40;27;31;85;265;0;251;30;30;240;20;0;25;84213760;0
938;40;28;6;1;264;0;6;30;30;240;20;0;25;84213760;0
939;40;28;1;0;262;0;2;30;30;240;20;0;25;84213760;0
940;40;27;34;84;259;0;251;30;30;223;19;0;25;84213760;0
941;40;28;6;0;256;0;7;30;30;223;19;0;25;84213760;0
942;40;28;1;0;253;0;0;30;30;223;19;0;25;84213760;0
943;40;27;35;79;251;0;252;30;30;239;20;0;25;84213760;0
944;40;28;4;0;250;0;7;30;30;239;20;0;25;84213760;0
945;40;28;2;50;249;0;252;30;30;239;20;0;25;84213760;0
946;40;27;25;28;248;0;255;30;30;242;21;0;25;84213760;0
947;40;28;2;0;248;0;6;30;30;242;21;0;25;84213760;0
948;40;27;25;99;247;0;250;30;30;243;21;0;25;84213760;0
949;40;28;11;3;247;0;2;30;30;243;21;0;25;84213760;0
950;40;28;1;0;247;0;4;30;30;243;21;0;25;84213760;0
951;40;28;0;0;267;0;251;30;30;0;0;0;25;84148224;0
