# time;P_O2, atm;P_He, atm;Flow O2, l/min;Flow He, l/min;FiO2 Env, %;FiO2 sens2, %;P mask, cm H2O;Tmask, gradC;Tnagr, gradC;V, ml;f, 1/min;Tzad, gradC;FiO2 zad, %;Flags;
# POWERON 28.11.2018 13:45:27
1;0;0;0;5;0;0;255;25;25;0;0;40;30;84279808;0
50;0;0;0;9;634;0;248;25;25;0;0;40;30;84279301;0
54;40;0;0;5;216;0;255;25;25;0;0;40;30;84279300;0
70;40;33;0;5;211;0;255;25;25;0;0;40;30;84279296;0
86;40;34;0;6;191;0;255;26;25;0;0;40;30;84344832;0
87;40;34;0;5;190;0;255;26;26;0;0;40;30;84344832;0
88;39;32;240;294;190;0;240;25;27;0;0;40;30;84344832;0
89;40;31;147;334;191;0;249;26;29;0;0;40;30;84344832;0
90;40;33;6;0;195;0;18;26;31;0;0;40;30;84344832;0
91;40;33;1;0;215;0;35;26;33;0;0;40;30;84344832;0
92;39;31;149;356;234;0;246;26;35;1856;15;40;30;84344832;0
93;40;32;148;201;254;0;11;27;37;1856;15;40;30;84344832;0
94;40;33;2;1;271;0;19;27;39;1856;15;40;30;84344832;0
95;40;32;60;103;283;0;0;27;41;1414;21;40;30;84344832;0
96;40;32;51;258;293;0;240;28;43;1414;21;40;30;84344832;0
97;39;31;191;416;303;0;242;30;45;1414;21;40;30;84344832;0
98;40;33;3;0;309;0;42;30;47;1414;21;40;30;84344832;0
99;40;32;8;200;313;0;246;29;49;1414;21;40;30;84344832;0
100;39;31;176;417;319;0;246;31;51;1906;12;40;30;84344832;0
101;40;33;4;0;324;0;12;32;52;1906;12;40;30;84344832;0
102;40;33;1;1;326;0;6;31;52;1906;12;40;30;84344832;0
103;39;31;148;367;328;0;244;32;53;1353;18;40;30;84344832;0
104;40;33;14;2;330;0;15;34;54;1353;18;40;30;84344832;0
105;40;33;1;1;330;0;5;33;54;1353;18;40;30;84344832;0
106;39;31;141;379;329;0;243;34;54;1550;17;40;30;84344832;0
107;40;33;20;6;330;0;13;36;55;1550;17;40;30;84344832;0
108;40;32;11;92;328;0;0;35;56;1372;24;40;30;84344832;0
109;40;32;14;15;326;0;0;36;56;1372;24;40;30;84344832;0
110;39;31;154;434;326;0;240;37;57;271;37;40;30;84344832;0
111;40;32;42;114;325;0;0;38;58;271;37;40;30;84344832;0
112;39;31;147;396;320;0;242;39;59;271;37;40;30;84344832;0
113;40;32;37;92;315;0;0;40;61;271;37;40;30;84344832;0
114;40;32;11;18;309;0;255;40;61;271;37;40;30;84344832;0
115;40;31;8;362;304;0;230;40;62;271;37;40;30;84344832;0
116;40;32;50;35;300;0;10;41;61;2523;10;40;30;84344832;0
117;40;33;2;0;296;0;9;41;61;2523;10;40;30;84344832;0
118;39;31;129;314;293;0;244;41;61;1012;21;40;30;84344832;0
119;40;32;101;164;294;0;7;42;60;1012;21;40;30;84344832;0
120;40;33;2;0;296;0;8;42;60;1012;21;40;30;84344832;0
121;39;31;119;297;298;0;243;42;59;1323;18;40;30;84344832;0
122;39;31;177;449;302;0;242;43;59;1323;18;40;30;84344832;0
123;40;32;32;95;306;0;0;44;58;1478;30;40;30;84344832;0
124;40;32;16;20;308;0;255;44;57;1478;30;40;30;84344832;0
125;40;33;2;0;311;0;0;43;57;1478;30;40;30;84344832;0
126;40;32;45;108;310;0;0;44;57;417;21;40;30;84344832;0
127;40;32;18;37;307;0;0;44;56;417;21;40;30;84344832;0
128;40;33;2;0;304;0;255;44;56;417;21;40;30;84344832;0
129;39;31;176;462;302;0;238;44;55;917;17;40;30;84344832;0
130;40;33;16;6;302;0;10;45;55;917;17;40;30;84344832;0
131;40;33;1;0;300;0;6;44;55;917;17;40;30;84344832;0
132;39;31;146;388;301;0;243;44;54;1461;19;40;30;84344832;0
133;40;32;23;16;307;0;9;45;54;1461;19;40;30;84344832;0
134;40;33;2;0;310;0;6;44;53;1461;19;40;30;84344832;0
135;40;31;137;356;312;0;241;44;53;1434;18;40;30;84344832;0
136;40;32;78;128;313;0;7;45;53;1434;18;40;30;84344832;0
137;40;33;2;0;313;0;6;44;52;1434;18;40;30;84344832;0
138;39;31;144;500;313;0;241;44;52;1459;19;40;30;84344832;0
139;40;32;66;174;313;0;0;45;52;1459;19;40;30;84344832;0
140;40;32;34;83;312;0;0;45;51;1459;19;40;30;84344832;0
141;40;32;9;12;309;0;255;45;51;1459;19;40;30;84344832;0
142;40;33;2;0;303;0;0;45;51;1459;19;40;30;84344832;0
143;39;31;164;452;297;0;240;45;50;1942;12;40;30;84344832;0
144;40;33;7;1;292;0;6;45;50;1942;12;40;30;84344832;0
145;40;32;4;163;289;0;243;44;50;1942;12;40;30;84344832;0
146;39;31;150;385;291;0;247;45;50;1233;23;40;30;84344832;0
147;39;33;4;1;295;0;7;45;49;1233;23;40;30;84344832;0
148;40;32;7;318;299;0;238;44;49;1233;23;40;30;84344832;0
149;40;32;63;114;303;0;8;45;49;1327;19;40;30;84344832;0
150;39;31;142;341;307;0;242;45;48;1327;19;40;30;84344832;0
151;40;33;17;3;309;0;22;45;48;1327;19;40;30;84344832;0
152;39;33;1;0;312;0;12;44;48;1327;19;40;30;84344832;0
153;39;31;146;398;314;0;248;44;48;2130;14;40;30;84344832;0
154;39;33;6;0;316;0;9;44;47;2130;14;40;30;84344832;0
155;39;33;1;0;317;0;3;44;47;2130;14;40;30;84344832;0
156;39;31;129;362;318;0;245;44;47;1332;19;40;30;84344832;0
157;40;33;15;6;318;0;8;44;47;1332;19;40;30;84344832;0
158;39;33;1;1;316;0;2;44;46;1332;19;40;30;84344832;0
159;39;31;134;387;314;0;244;44;46;1319;19;40;30;84344832;0
160;39;33;14;6;313;0;8;44;46;1319;19;40;30;84344832;0
161;39;33;1;0;310;0;4;44;46;1319;19;40;30;84344832;0
162;39;31;130;365;308;0;243;44;46;1629;17;40;30;84344832;0
163;39;32;20;22;308;0;7;44;45;1629;17;40;30;84344832;0
164;39;33;2;0;307;0;5;43;45;1629;17;40;30;84344832;0
165;39;32;110;289;306;0;246;43;45;1290;19;40;30;84344832;0
166;39;32;35;28;307;0;7;43;45;1290;19;40;30;84344832;0
167;39;33;2;0;306;0;5;43;45;1290;19;40;30;84344832;0
168;39;32;115;292;303;0;245;43;44;1294;18;40;30;84344832;0
169;39;32;99;185;302;0;3;43;44;1294;18;40;30;84344832;0
170;39;33;3;0;302;0;6;43;44;1294;18;40;30;84344832;0
171;39;33;1;16;300;0;255;43;44;1294;18;40;30;84344832;0
172;39;31;123;352;300;0;243;43;44;1253;17;40;30;84344832;0
173;39;33;6;1;301;0;5;43;43;1253;17;40;30;84344832;0
174;40;33;1;1;300;0;1;43;43;1253;17;40;30;84344832;0
175;39;31;128;360;299;0;246;43;43;1266;18;40;30;84344832;0
176;39;33;7;1;299;0;6;42;43;1266;18;40;30;84344832;0
177;40;33;1;0;298;0;1;42;43;1266;18;40;30;84344832;0
178;39;31;130;370;299;0;243;42;43;1247;18;40;30;84344832;0
179;40;33;9;1;300;0;8;42;42;1247;18;40;30;84344832;0
180;40;33;1;1;300;0;1;42;42;1247;18;40;30;84344832;0
181;39;32;124;349;301;0;243;42;42;1303;18;40;30;84344832;0
182;40;32;23;19;301;0;7;42;42;1303;18;40;30;84344832;0
183;40;33;1;0;301;0;3;42;42;1303;18;40;30;84344832;0
184;39;31;92;296;302;0;242;42;42;1318;17;40;30;84344832;0
185;40;32;64;104;303;0;5;42;42;1318;17;40;30;84344832;0
186;40;33;3;0;304;0;4;42;41;1318;17;40;30;84344832;0
187;39;32;140;304;304;0;243;42;41;1199;19;40;30;84344832;0
188;40;32;35;48;306;0;6;41;41;1199;19;40;30;84344832;0
189;40;33;3;0;307;0;4;41;41;1199;19;40;30;84344832;0
190;39;31;133;373;306;0;242;41;41;1244;20;40;30;84344832;0
191;40;32;28;34;307;0;7;41;41;1244;20;40;30;84344832;0
192;40;33;2;0;306;0;4;41;40;1244;20;40;30;84344832;0
193;39;31;140;400;304;0;244;41;40;1300;20;40;30;84344832;0
194;40;33;18;16;304;0;7;41;40;1300;20;40;30;84344832;0
195;40;33;1;1;303;0;2;41;40;1300;20;40;30;84344832;0
196;39;31;124;372;302;0;244;41;40;1294;20;40;30;84344832;0
197;40;33;17;13;302;0;6;41;40;1294;20;40;30;84344832;0
198;40;33;2;0;301;0;3;41;40;1294;20;40;30;84344832;0
199;39;31;138;395;299;0;244;40;40;1262;19;40;30;84344832;0
200;40;33;10;2;299;0;7;40;39;1262;19;40;30;84344832;0
201;40;33;1;4;298;0;0;40;39;1262;19;40;30;84344832;0
202;39;31;123;348;298;0;243;40;39;1311;18;40;30;84344832;0
203;40;33;11;3;299;0;6;40;39;1311;18;40;30;84344832;0
204;40;33;2;1;299;0;0;40;39;1311;18;40;30;84344832;0
205;39;32;112;301;299;0;245;40;39;1150;19;40;30;84344832;0
206;40;33;10;6;301;0;2;40;39;1150;19;40;30;84344832;0
207;40;33;2;4;300;0;0;40;39;1150;19;40;30;84344832;0
208;39;32;119;334;299;0;241;40;41;891;19;40;30;84344832;0
209;40;33;26;8;300;0;15;40;41;891;19;40;30;84344832;0
210;40;33;3;2;298;0;5;40;41;891;19;40;30;84344832;0
211;39;32;149;321;297;0;243;40;41;1326;17;40;30;84344832;0
212;40;32;63;103;298;0;6;40;41;1326;17;40;30;84344832;0
213;40;33;2;0;299;0;5;40;41;1326;17;40;30;84344832;0
214;40;33;4;13;299;0;255;40;41;1194;21;40;30;84344832;0
215;39;32;135;312;301;0;0;40;40;209;92;40;30;84344832;0
216;40;33;3;0;303;0;6;40;40;209;92;40;30;84344832;0
217;39;31;141;403;303;0;239;40;40;1143;22;40;30;84344832;0
218;40;32;31;31;305;0;7;40;40;1143;22;40;30;84344832;0
219;40;33;2;0;307;0;3;40;40;1143;22;40;30;84344832;0
220;39;32;126;349;307;0;244;40;40;1092;22;40;30;84344832;0
221;40;33;13;4;308;0;6;40;40;1092;22;40;30;84344832;0
222;40;33;1;1;307;0;1;40;40;1092;22;40;30;84344832;0
223;39;32;121;349;305;0;244;39;39;1193;19;40;30;84344832;0
224;40;33;6;1;305;0;6;39;39;1193;19;40;30;84344832;0
225;40;33;1;2;302;0;255;39;40;1193;19;40;30;84344832;0
226;39;31;131;386;300;0;244;40;42;1000;20;40;30;84344832;0
227;40;33;7;1;299;0;6;40;43;1000;20;40;30;84344832;0
228;40;33;1;0;297;0;0;39;44;1000;20;40;30;84344832;0
229;39;32;117;331;296;0;243;40;44;1230;17;40;30;84344832;0
230;40;32;26;34;298;0;5;40;44;1230;17;40;30;84344832;0
231;40;33;2;1;297;0;2;40;44;1230;17;40;30;84344832;0
232;39;32;121;336;296;0;245;40;44;1156;20;40;30;84344832;0
233;40;33;9;2;297;0;5;40;44;1156;20;40;30;84344832;0
234;40;33;1;4;296;0;0;40;44;1156;20;40;30;84344832;0
235;39;31;131;351;296;0;246;40;44;1086;20;40;30;84344832;0
236;40;33;5;1;297;0;4;40;44;1086;20;40;30;84344832;0
237;40;33;0;15;297;0;246;40;43;1086;20;40;30;84344832;0
238;40;32;113;292;298;0;248;40;43;1089;19;40;30;84344832;0
239;40;33;5;0;299;0;4;40;43;1089;19;40;30;84344832;0
240;40;33;1;1;299;0;1;40;43;1089;19;40;30;84344832;0
241;39;32;123;348;298;0;244;40;43;1095;18;40;30;84344832;0
242;40;33;8;1;298;0;7;40;42;1095;18;40;30;84344832;0
243;40;33;1;0;296;0;1;40;42;1095;18;40;30;84344832;0
244;39;32;123;340;295;0;243;40;42;1120;18;40;30;84344832;0
245;40;33;13;5;295;0;6;40;42;1120;18;40;30;84344832;0
246;40;33;1;1;295;0;2;40;42;1120;18;40;30;84344832;0
247;39;32;115;285;295;0;244;40;42;1237;17;40;30;84344832;0
248;40;32;30;34;298;0;4;40;41;1237;17;40;30;84344832;0
249;40;33;2;0;299;0;2;40;41;1237;17;40;30;84344832;0
250;40;32;93;241;299;0;248;40;41;996;21;40;30;84344832;0
251;40;33;7;1;300;0;4;40;41;996;21;40;30;84344832;0
252;40;33;2;5;299;0;0;40;41;996;21;40;30;84344832;0
253;40;32;128;364;296;0;241;40;41;866;17;40;30;84344832;0
254;40;32;42;76;295;0;5;40;41;866;17;40;30;84344832;0
255;40;33;2;0;294;0;5;40;40;866;17;40;30;84344832;0
256;39;32;129;347;296;0;242;40;40;1218;20;40;30;84344832;0
257;40;33;20;17;301;0;5;40;40;1218;20;40;30;84344832;0
258;40;33;2;1;306;0;1;40;40;1218;20;40;30;84344832;0
259;39;31;133;341;307;0;237;40;40;1092;19;40;30;84344832;0
260;40;33;14;5;308;0;6;40;40;1092;19;40;30;84344832;0
261;40;33;2;0;308;0;2;40;40;1092;19;40;30;84344832;0
262;40;32;3;192;309;0;242;40;40;1092;19;40;30;84344832;0
263;39;32;133;345;310;0;248;40;40;1165;17;40;30;84344832;0
264;40;33;6;1;311;0;6;39;39;1165;17;40;30;84344832;0
265;40;33;1;1;311;0;1;40;39;1165;17;40;30;84344832;0
266;39;31;133;377;311;0;246;39;40;1511;18;40;30;84344832;0
267;40;33;5;1;311;0;6;39;41;1511;18;40;30;84344832;0
268;40;33;1;1;309;0;0;39;42;1511;18;40;30;84344832;0
269;39;31;148;436;309;0;243;39;42;1210;18;40;30;84344832;0
270;40;33;7;1;308;0;5;40;42;1210;18;40;30;84344832;0
271;40;33;1;0;308;0;1;39;42;1210;18;40;30;84344832;0
272;39;32;129;384;308;0;243;40;42;1251;18;40;30;84344832;0
273;40;33;9;2;308;0;5;40;42;1251;18;40;30;84344832;0
274;40;33;1;1;307;0;0;40;41;1251;18;40;30;84344832;0
275;40;32;132;367;307;0;246;40;41;1189;20;40;30;84344832;0
276;40;33;9;2;308;0;5;40;41;1189;20;40;30;84344832;0
277;40;33;1;0;307;0;2;40;41;1189;20;40;30;84344832;0
278;40;32;117;332;304;0;246;40;41;1217;18;40;30;84344832;0
279;40;33;10;2;302;0;5;40;41;1217;18;40;30;84344832;0
280;40;33;1;1;299;0;0;40;41;1217;18;40;30;84344832;0
281;40;32;118;319;297;0;244;40;40;1103;19;40;30;84344832;0
282;40;33;7;1;297;0;5;40;40;1103;19;40;30;84344832;0
283;40;33;1;0;296;0;2;40;40;1103;19;40;30;84344832;0
284;39;32;125;343;296;0;244;39;40;1208;18;40;30;84344832;0
285;40;33;13;4;297;0;6;39;40;1208;18;40;30;84344832;0
286;40;33;1;1;297;0;0;39;40;1208;18;40;30;84344832;0
287;40;32;113;295;297;0;248;39;40;1105;20;40;30;84344832;0
288;40;33;11;4;299;0;4;39;40;1105;20;40;30;84344832;0
289;40;33;1;1;299;0;1;39;39;1105;20;40;30;84344832;0
290;40;32;131;345;299;0;241;39;40;1119;17;40;30;84344832;0
291;40;33;18;20;300;0;4;39;41;1119;17;40;30;84344832;0
292;40;33;2;0;299;0;4;39;42;1119;17;40;30;84344832;0
293;39;32;135;356;298;0;244;39;42;1105;19;40;30;84344832;0
294;40;33;17;13;299;0;6;40;42;1105;19;40;30;84344832;0
295;40;33;1;0;298;0;3;39;42;1105;19;40;30;84344832;0
296;40;32;127;344;298;0;245;40;42;1139;20;40;30;84344832;0
297;40;33;13;5;300;0;5;40;42;1139;20;40;30;84344832;0
298;40;33;1;0;299;0;2;40;42;1139;20;40;30;84344832;0
299;40;32;113;298;298;0;248;40;42;1217;20;40;30;84344832;0
300;40;33;8;1;298;0;6;40;42;1217;20;40;30;84344832;0
301;40;33;1;0;297;0;2;40;42;1217;20;40;30;84344832;0
302;40;32;119;312;296;0;245;40;41;1117;18;40;30;84344832;0
303;40;33;17;13;296;0;5;40;41;1117;18;40;30;84344832;0
304;40;33;2;0;296;0;3;40;41;1117;18;40;30;84344832;0
305;40;32;106;329;295;0;241;40;41;1145;17;40;30;84344832;0
306;40;32;85;169;297;0;0;40;41;1145;17;40;30;84344832;0
307;40;33;3;0;298;0;4;40;41;1145;17;40;30;84344832;0
308;40;32;13;254;298;0;240;40;41;1145;17;40;30;84344832;0
309;40;32;116;295;298;0;248;40;40;1102;18;40;30;84344832;0
310;40;33;5;1;299;0;4;40;40;1102;18;40;30;84344832;0
311;40;33;1;1;299;0;0;40;40;1102;18;40;30;84344832;0
312;40;32;114;301;300;0;247;40;40;1100;18;40;30;84344832;0
313;40;33;7;1;301;0;3;39;40;1100;18;40;30;84344832;0
314;40;33;1;1;300;0;0;40;40;1100;18;40;30;84344832;0
315;40;32;108;272;301;0;249;39;40;1086;19;40;30;84344832;0
316;40;33;5;0;301;0;4;39;40;1086;19;40;30;84344832;0
317;40;33;1;8;300;0;255;39;39;1086;19;40;30;84344832;0
318;40;32;106;212;299;0;0;39;39;1024;19;40;30;84344832;0
319;40;33;4;0;299;0;4;39;39;1024;19;40;30;84344832;0
320;40;33;2;11;300;0;255;39;40;1024;19;40;30;84344832;0
321;40;32;125;317;301;0;245;39;41;976;17;40;30;84344832;0
322;40;33;12;5;304;0;4;39;42;976;17;40;30;84344832;0
323;40;33;1;0;304;0;2;39;42;976;17;40;30;84344832;0
324;40;32;128;336;304;0;246;39;42;1040;19;40;30;84344832;0
325;40;33;7;1;304;0;6;39;42;1040;19;40;30;84344832;0
326;40;33;1;1;303;0;0;39;42;1040;19;40;30;84344832;0
327;40;32;118;322;301;0;245;39;41;1024;19;40;30;84344832;0
328;40;33;10;4;300;0;4;40;41;1024;19;40;30;84344832;0
329;40;33;1;0;297;0;1;40;41;1024;19;40;30;84344832;0
330;40;32;109;281;295;0;246;39;41;1050;18;40;30;84344832;0
331;40;33;15;7;296;0;4;40;41;1050;18;40;30;84344832;0
332;40;33;1;0;295;0;2;39;41;1050;18;40;30;84344832;0
333;40;32;112;287;295;0;246;39;41;1070;18;40;30;84344832;0
334;40;33;14;5;297;0;5;39;40;1070;18;40;30;84344832;0
335;40;33;1;1;298;0;1;39;40;1070;18;40;30;84344832;0
336;40;32;141;316;299;0;241;39;40;932;18;40;30;84344832;0
337;40;32;64;108;301;0;3;39;40;932;18;40;30;84344832;0
338;40;33;3;0;302;0;3;39;40;932;18;40;30;84344832;0
339;40;32;92;285;301;0;243;39;40;1073;18;40;30;84344832;0
340;40;32;70;122;301;0;2;39;40;1073;18;40;30;84344832;0
341;40;33;3;0;300;0;4;39;40;1073;18;40;30;84344832;0
342;40;33;7;149;298;0;251;39;40;1073;18;40;30;84344832;0
343;40;32;92;250;296;0;248;39;39;976;18;40;30;84344832;0
344;40;32;137;307;296;0;247;39;39;976;18;40;30;84344832;0
345;40;33;4;0;294;0;6;39;39;976;18;40;30;84344832;0
346;40;32;11;303;292;0;237;39;40;976;18;40;30;84344832;0
347;40;32;107;212;293;0;0;39;42;1434;15;40;30;84344832;0
348;40;33;3;0;296;0;5;39;43;1434;15;40;30;84344832;0
349;40;33;1;1;299;0;0;39;44;1434;15;40;30;84344832;0
350;40;32;126;296;303;0;248;39;44;1149;17;40;30;84344832;0
351;40;33;9;2;307;0;6;40;45;1149;17;40;30;84344832;0
352;40;33;1;1;308;0;1;40;44;1149;17;40;30;84344832;0
353;40;32;68;321;309;0;240;40;44;1142;16;40;30;84344832;0
354;40;32;79;151;310;0;0;40;44;1142;16;40;30;84344832;0
355;40;33;3;0;310;0;4;40;44;1142;16;40;30;84344832;0
356;40;33;2;4;309;0;254;40;44;1142;16;40;30;84344832;0
357;40;32;106;270;307;0;248;40;44;1070;18;40;30;84344832;0
358;40;33;7;1;305;0;5;40;43;1070;18;40;30;84344832;0
359;40;33;1;0;303;0;1;40;43;1070;18;40;30;84344832;0
360;40;32;101;242;302;0;247;40;43;1052;17;40;30;84344832;0
361;40;33;26;25;302;0;4;40;43;1052;17;40;30;84344832;0
362;40;33;1;0;301;0;2;40;43;1052;17;40;30;84344832;0
363;40;32;87;347;298;0;240;40;43;1052;17;40;30;84344832;0
364;40;32;92;220;296;0;251;40;42;1035;16;40;30;84344832;0
365;40;33;5;0;294;0;5;40;42;1035;16;40;30;84344832;0
366;40;33;1;0;292;0;0;40;42;1035;16;40;30;84344832;0
367;40;32;136;328;292;0;242;40;42;1177;15;40;30;84344832;0
368;40;33;36;41;293;0;4;40;42;1177;15;40;30;84344832;0
369;40;33;2;0;295;0;2;40;42;1177;15;40;30;84344832;0
370;40;32;71;308;297;0;240;40;42;1177;15;40;30;84344832;0
371;40;32;106;235;300;0;251;40;41;1088;18;40;30;84344832;0
372;40;33;4;0;302;0;4;40;41;1088;18;40;30;84344832;0
373;40;32;3;169;303;0;243;40;41;1088;18;40;30;84344832;0
374;40;32;93;178;305;0;0;40;41;1092;18;40;30;84344832;0
375;40;33;3;0;306;0;3;40;41;1092;18;40;30;84344832;0
376;40;32;5;223;306;0;239;40;41;1092;18;40;30;84344832;0
377;40;32;98;219;307;0;254;40;41;1002;19;40;30;84344832;0
378;40;33;4;0;307;0;4;40;40;1002;19;40;30;84344832;0
379;40;33;1;2;307;0;0;40;40;1002;19;40;30;84344832;0
380;40;32;99;236;308;0;250;40;40;994;18;40;30;84344832;0
381;40;33;8;1;308;0;4;40;40;994;18;40;30;84344832;0
382;40;33;1;0;307;0;1;40;40;994;18;40;30;84344832;0
383;40;32;119;311;305;0;246;40;40;989;18;40;30;84344832;0
384;40;33;11;3;304;0;3;40;40;989;18;40;30;84344832;0
385;40;33;1;0;303;0;2;40;40;989;18;40;30;84344832;0
386;40;32;121;307;303;0;246;40;40;1020;18;40;30;84344832;0
387;40;33;26;34;305;0;4;40;40;1020;18;40;30;84344832;0
388;40;33;2;0;305;0;3;40;39;1020;18;40;30;84344832;0
389;40;32;73;283;305;0;243;40;39;1132;17;40;30;84344832;0
390;40;32;99;207;305;0;0;39;39;1132;17;40;30;84344832;0
391;40;33;3;0;305;0;2;39;39;1132;17;40;30;84344832;0
392;40;33;1;8;303;0;0;39;40;1132;17;40;30;84344832;0
393;40;32;136;339;303;0;245;39;41;1030;16;40;30;84344832;0
394;40;33;10;4;304;0;5;40;42;1030;16;40;30;84344832;0
395;40;33;1;0;305;0;0;40;42;1030;16;40;30;84344832;0
396;40;32;146;368;305;0;238;40;42;167;91;40;30;84344832;0
397;40;33;16;8;308;0;6;40;42;167;91;40;30;84344832;0
398;40;33;1;0;308;0;2;40;41;167;91;40;30;84344832;0
399;40;32;125;295;307;0;243;40;41;981;19;40;30;84344832;0
400;40;33;34;39;305;0;5;40;41;981;19;40;30;84344832;0
401;40;33;2;0;303;0;4;40;41;981;19;40;30;84344832;0
402;40;32;61;366;302;0;237;40;41;981;19;40;30;84344832;0
403;40;32;108;239;302;0;255;40;41;1185;18;40;30;84344832;0
404;40;33;3;0;301;0;5;40;41;1185;18;40;30;84344832;0
405;40;32;6;231;301;0;238;40;41;1185;18;40;30;84344832;0
406;40;33;39;92;302;0;0;40;40;1163;18;40;30;84344832;0
407;40;33;5;0;302;0;5;40;40;1163;18;40;30;84344832;0
408;40;31;47;434;302;0;234;40;40;1163;18;40;30;84344832;0
409;40;33;42;19;302;0;13;39;40;842;19;40;30;84344832;0
410;40;33;2;0;302;0;17;39;40;842;19;40;30;84344832;0
411;40;32;153;388;301;0;243;39;40;113;129;40;30;84344832;0
412;40;32;70;118;301;0;6;39;40;113;129;40;30;84344832;0
413;40;33;3;0;301;0;5;39;40;113;129;40;30;84344832;0
414;40;32;102;388;301;0;238;39;40;1306;19;40;30;84344832;0
415;40;32;66;112;302;0;3;39;39;1306;19;40;30;84344832;0
416;40;33;2;0;303;0;4;39;39;1306;19;40;30;84344832;0
417;40;33;2;3;302;0;253;39;41;1306;19;40;30;84344832;0
418;40;32;140;339;303;0;247;39;42;1100;17;40;30;84344832;0
419;40;33;3;0;302;0;4;39;42;1100;17;40;30;84344832;0
420;40;33;1;1;303;0;0;39;42;1100;17;40;30;84344832;0
421;40;32;107;299;305;0;242;39;42;1123;16;40;30;84344832;0
422;40;33;29;37;308;0;4;39;42;1123;16;40;30;84344832;0
423;40;33;2;1;309;0;2;39;42;1123;16;40;30;84344832;0
424;40;32;125;326;309;0;245;39;41;1073;21;40;30;84344832;0
425;40;33;8;1;308;0;6;39;41;1073;21;40;30;84344832;0
426;40;33;1;1;304;0;0;39;41;1073;21;40;30;84344832;0
427;40;32;118;331;302;0;245;40;41;977;20;40;30;84344832;0
428;40;33;11;3;302;0;4;40;41;977;20;40;30;84344832;0
429;40;33;1;0;300;0;2;39;41;977;20;40;30;84344832;0
430;40;32;137;347;298;0;244;39;41;1161;18;40;30;84344832;0
431;40;33;25;26;299;0;5;39;41;1161;18;40;30;84344832;0
432;40;33;1;1;298;0;2;39;40;1161;18;40;30;84344832;0
433;40;32;138;354;298;0;245;39;40;1198;20;40;30;84344832;0
434;40;33;12;3;299;0;6;39;40;1198;20;40;30;84344832;0
435;40;33;1;0;298;0;2;39;40;1198;20;40;30;84344832;0
436;40;32;128;323;299;0;245;39;40;1233;19;40;30;84344832;0
437;40;33;16;7;300;0;5;39;40;1233;19;40;30;84344832;0
438;40;33;1;1;300;0;3;39;40;1233;19;40;30;84344832;0
439;40;32;124;319;300;0;245;39;40;1164;18;40;30;84344832;0
440;40;33;28;35;300;0;5;39;39;1164;18;40;30;84344832;0
441;40;33;2;0;300;0;3;39;40;1164;18;40;30;84344832;0
442;40;32;138;354;299;0;240;39;41;1145;18;40;30;84344832;0
443;40;33;37;45;299;0;5;39;43;1145;18;40;30;84344832;0
444;40;33;2;0;299;0;3;39;44;1145;18;40;30;84344832;0
445;40;32;121;314;298;0;245;39;45;1097;19;40;30;84344832;0
446;40;33;23;23;298;0;5;40;45;1097;19;40;30;84344832;0
447;40;33;2;0;297;0;2;40;45;1097;19;40;30;84344832;0
448;40;32;149;309;297;0;243;40;44;1049;18;40;30;84344832;0
449;40;32;64;115;298;0;3;40;44;1049;18;40;30;84344832;0
450;40;33;2;0;298;0;4;40;44;1049;18;40;30;84344832;0
451;40;33;0;172;298;0;250;40;44;1049;18;40;30;84344832;0
452;40;32;98;242;298;0;250;40;44;1092;17;40;30;84344832;0
453;40;33;11;2;298;0;6;40;44;1092;17;40;30;84344832;0
454;40;34;1;0;297;0;2;40;43;1092;17;40;30;84344832;0
455;40;32;127;310;295;0;245;40;43;1199;17;40;30;84344832;0
456;40;33;17;8;294;0;6;40;43;1199;17;40;30;84344832;0
457;40;34;1;1;293;0;2;40;43;1199;17;40;30;84344832;0
458;40;32;160;296;293;0;244;40;43;1122;17;40;30;84344832;0
459;40;33;49;72;295;0;4;40;43;1122;17;40;30;84344832;0
460;40;33;2;0;296;0;3;40;42;1122;17;40;30;84344832;0
461;40;32;21;301;298;0;238;40;42;1122;17;40;30;84344832;0
462;40;32;100;245;301;0;250;40;42;1039;18;40;30;84344832;0
463;40;33;4;0;304;0;3;40;42;1039;18;40;30;84344832;0
464;40;34;1;1;305;0;255;40;42;1039;18;40;30;84344832;0
465;40;32;150;370;305;0;244;40;42;1004;18;40;30;84344832;0
466;40;33;46;120;306;0;0;40;41;1004;18;40;30;84344832;0
467;40;33;19;39;306;0;255;40;41;1004;18;40;30;84344832;0
468;40;33;3;0;305;0;255;40;41;1004;18;40;30;84344832;0
469;40;34;0;0;303;0;255;40;41;1004;18;40;30;84344832;0
470;40;32;126;303;301;0;248;40;41;1697;11;40;30;84344832;0
471;40;33;5;6;299;0;1;40;41;1697;11;40;30;84344832;0
472;40;32;136;338;298;0;241;40;41;1063;21;40;30;84344832;0
473;40;33;36;49;299;0;4;40;41;1063;21;40;30;84344832;0
474;40;34;2;0;301;0;3;40;40;1063;21;40;30;84344832;0
475;40;32;22;281;301;0;236;40;40;840;23;40;30;84344832;0
476;40;33;66;108;302;0;4;40;40;179;89;40;30;84344832;0
477;40;33;3;0;303;0;5;40;40;179;89;40;30;84344832;0
478;40;32;5;267;304;0;237;40;40;179;89;40;30;84344832;0
479;40;32;132;325;307;0;249;40;40;1056;18;40;30;84344832;0
480;40;33;4;0;310;0;6;40;40;1056;18;40;30;84344832;0
481;40;33;0;145;311;0;247;40;40;1056;18;40;30;84344832;0
482;40;32;137;366;312;0;245;40;40;1146;19;40;30;84344832;0
483;40;33;8;1;312;0;4;40;39;1146;19;40;30;84344832;0
484;40;34;1;0;312;0;2;40;39;1146;19;40;30;84344832;0
485;40;32;122;281;312;0;244;40;39;1214;16;40;30;84344832;0
486;40;33;39;52;314;0;3;39;39;1214;16;40;30;84344832;0
487;40;33;2;0;314;0;2;40;39;1214;16;40;30;84344832;0
488;40;33;2;2;311;0;255;39;41;1214;16;40;30;84344832;0
489;40;34;1;0;310;0;0;40;41;1214;16;40;30;84344832;0
490;40;32;114;306;310;0;247;40;42;1075;13;40;30;84344832;0
491;40;33;5;1;311;0;6;40;42;1075;13;40;30;84344832;0
492;40;32;44;394;310;0;235;40;41;1075;13;40;30;84344832;0
493;40;33;38;66;307;0;4;40;41;975;21;40;30;84344832;0
494;40;34;2;0;304;0;3;40;41;975;21;40;30;84344832;0
495;40;32;11;264;302;0;239;40;41;975;21;40;30;84344832;0
496;40;33;50;92;302;0;2;40;41;1083;18;40;30;84344832;0
497;40;32;118;306;304;0;248;40;41;1083;18;40;30;84344832;0
498;40;33;16;45;303;0;255;40;41;1083;18;40;30;84344832;0
499;40;33;3;0;302;0;255;40;41;1083;18;40;30;84344832;0
500;40;34;0;0;302;0;255;40;40;1083;18;40;30;84344832;0
501;40;34;0;0;303;0;255;40;40;1083;18;40;30;84344832;0
502;40;34;0;0;305;0;255;40;40;1083;18;40;30;84344832;0
503;40;32;66;381;307;0;234;40;40;1083;18;40;30;84344832;0
504;40;32;144;325;308;0;0;40;40;1668;7;40;30;84344832;0
505;40;33;4;0;308;0;8;40;40;1668;7;40;30;84344832;0
506;40;33;15;39;307;0;255;40;40;33;188;40;30;84344832;0
507;40;32;137;367;308;0;247;40;40;33;188;40;30;84344832;0
508;40;33;5;1;310;0;9;39;40;33;188;40;30;84344832;0
509;40;34;1;0;310;0;4;39;40;33;188;40;30;84344832;0
510;39;32;142;386;309;0;242;39;39;1402;15;40;30;84344832;0
511;40;33;38;64;309;0;6;39;39;1402;15;40;30;84344832;0
512;40;34;2;0;307;0;6;39;40;1402;15;40;30;84344832;0
513;40;32;56;386;305;0;236;39;41;1402;15;40;30;84344832;0
514;40;32;77;154;306;0;3;39;42;1523;16;40;30;84344832;0
515;40;34;2;0;306;0;4;39;42;1523;16;40;30;84344832;0
516;40;32;112;307;305;0;242;39;42;1172;19;40;30;84344832;0
517;40;32;95;244;303;0;253;39;42;1172;19;40;30;84344832;0
518;40;33;5;1;301;0;7;40;42;1172;19;40;30;84344832;0
519;40;34;1;1;297;0;0;39;41;1172;19;40;30;84344832;0
520;40;32;119;328;294;0;246;39;41;1293;16;40;30;84344832;0
521;40;33;15;6;292;0;6;40;41;1293;16;40;30;84344832;0
522;40;34;1;0;290;0;2;40;41;1293;16;40;30;84344832;0
523;39;32;128;337;289;0;243;39;41;1210;18;40;30;84344832;0
524;40;33;9;1;289;0;7;40;41;1210;18;40;30;84344832;0
525;40;34;1;1;290;0;1;40;41;1210;18;40;30;84344832;0
526;39;32;128;314;292;0;248;39;41;1067;21;40;30;84344832;0
527;40;34;4;0;295;0;5;39;40;1067;21;40;30;84344832;0
528;39;32;82;345;298;0;239;40;40;1065;21;40;30;84344832;0
529;40;32;115;254;301;0;255;39;40;1065;21;40;30;84344832;0
530;40;34;4;0;303;0;4;39;40;1065;21;40;30;84344832;0
531;39;32;98;369;304;0;240;39;40;1150;19;40;30;84344832;0
532;40;33;23;41;305;0;2;39;40;1150;19;40;30;84344832;0
533;40;34;2;0;306;0;3;39;40;1150;19;40;30;84344832;0
534;39;32;153;410;307;0;240;39;40;937;21;40;30;84344832;0
535;40;33;41;85;309;0;5;39;39;937;21;40;30;84344832;0
536;40;33;22;68;309;0;0;39;39;1444;27;40;30;84344832;0
537;40;33;7;2;310;0;255;39;41;1444;27;40;30;84344832;0
538;40;34;1;0;312;0;255;39;41;1444;27;40;30;84344832;0
539;39;32;148;392;310;0;242;39;42;290;20;40;30;84344832;0
540;40;33;12;3;303;0;9;39;42;290;20;40;30;84344832;0
541;40;33;4;69;297;0;0;39;41;290;20;40;30;84344832;0
542;39;32;144;391;295;0;241;40;41;1074;23;40;30;84344832;0
543;40;33;36;61;298;0;5;40;41;1074;23;40;30;84344832;0
544;40;34;2;0;300;0;5;40;41;1074;23;40;30;84344832;0
545;39;32;150;406;301;0;240;40;41;1472;15;40;30;84344832;0
546;40;33;37;53;302;0;5;39;41;1472;15;40;30;84344832;0
547;40;34;2;0;303;0;5;40;41;1472;15;40;30;84344832;0
548;39;32;72;309;303;0;240;40;41;1145;19;40;30;84344832;0
549;40;32;75;155;304;0;0;40;41;1145;19;40;30;84344832;0
550;40;34;3;0;304;0;4;40;40;1145;19;40;30;84344832;0
551;39;32;59;381;303;0;236;40;40;1145;19;40;30;84344832;0
552;40;33;50;72;302;0;4;39;40;1139;18;40;30;84344832;0
553;40;34;2;0;301;0;3;39;40;1139;18;40;30;84344832;0
554;39;32;130;327;300;0;241;40;40;990;20;40;30;84344832;0
555;40;33;21;21;300;0;5;39;40;990;20;40;30;84344832;0
556;40;34;2;3;300;0;0;39;39;990;20;40;30;84344832;0
557;39;32;101;187;301;0;0;39;39;955;23;40;30;84344832;0
558;39;33;5;6;303;0;0;39;40;955;23;40;30;84344832;0
559;40;33;2;6;304;0;255;39;40;955;23;40;30;84344832;0
560;40;34;0;0;305;0;255;39;41;955;23;40;30;84344832;0
561;40;34;0;0;309;0;255;39;42;955;23;40;30;84344832;0
562;39;32;141;374;314;0;241;39;42;944;11;40;30;84344832;0
563;40;33;6;1;319;0;4;39;42;944;11;40;30;84344832;0
564;40;33;2;3;321;0;255;39;41;944;11;40;30;84344832;0
565;39;34;0;0;322;0;255;39;41;944;11;40;30;84344832;0
566;39;32;137;376;323;0;243;39;41;936;15;40;30;84344832;0
567;39;33;7;0;325;0;6;40;41;936;15;40;30;84344832;0
568;39;34;1;1;323;0;0;39;41;936;15;40;30;84344832;0
569;39;32;113;310;319;0;248;39;41;1145;19;40;30;84344832;0
570;39;34;4;1;316;0;3;40;41;1145;19;40;30;84344832;0
571;39;33;2;1;312;0;0;40;41;1145;19;40;30;84344832;0
572;39;33;46;60;305;0;4;40;41;931;19;40;30;84344832;0
573;39;34;3;5;301;0;0;40;40;931;19;40;30;84344832;0
574;39;32;104;289;296;0;248;39;40;707;28;40;30;84344832;0
575;39;34;5;0;292;0;5;40;40;707;28;40;30;84344832;0
576;39;34;1;1;288;0;0;40;40;707;28;40;30;84344832;0
577;39;32;93;226;284;0;246;40;40;876;17;40;30;84344832;0
578;39;33;6;1;283;0;3;40;40;876;17;40;30;84344832;0
579;39;32;150;361;282;0;245;39;40;612;33;40;30;84344832;0
580;39;33;8;1;281;0;7;39;40;612;33;40;30;84344832;0
581;39;34;2;6;284;0;0;39;40;612;33;40;30;84344832;0
582;39;32;136;304;288;0;246;39;39;1153;20;40;30;84344832;0
583;39;34;5;0;294;0;6;39;39;1153;20;40;30;84344832;0
584;39;33;1;6;299;0;246;39;40;1153;20;40;30;84344832;0
585;39;33;69;117;303;0;1;39;41;1070;19;40;30;84344832;0
586;39;34;2;0;307;0;3;39;42;1070;19;40;30;84344832;0
587;39;32;143;367;310;0;240;39;42;796;22;40;30;84344832;0
588;39;33;21;13;311;0;6;39;42;796;22;40;30;84344832;0
589;39;34;2;0;312;0;2;39;42;796;22;40;30;84344832;0
590;39;32;122;301;312;0;244;39;42;1010;20;40;30;84344832;0
591;39;33;12;4;312;0;5;40;41;1010;20;40;30;84344832;0
592;39;34;1;1;312;0;0;40;41;1010;20;40;30;84344832;0
593;39;32;129;321;310;0;246;40;41;922;20;40;30;84344832;0
594;39;33;8;1;309;0;6;40;41;922;20;40;30;84344832;0
595;39;34;1;2;307;0;0;40;41;922;20;40;30;84344832;0
596;39;32;131;327;307;0;246;39;41;1060;19;40;30;84344832;0
597;39;34;6;0;307;0;5;40;41;1060;19;40;30;84344832;0
598;39;34;1;1;307;0;0;40;40;1060;19;40;30;84344832;0
599;39;32;103;267;307;0;249;39;40;1002;20;40;30;84344832;0
600;39;34;3;0;308;0;3;40;40;1002;20;40;30;84344832;0
601;39;33;4;181;307;0;243;40;40;1002;20;40;30;84344832;0
602;39;32;101;245;307;0;253;39;40;884;20;40;30;84344832;0
603;39;34;3;0;306;0;3;39;40;884;20;40;30;84344832;0
604;39;34;1;1;304;0;255;39;40;884;20;40;30;84344832;0
605;39;32;112;266;302;0;252;39;40;1035;18;40;30;84344832;0
606;39;34;3;0;302;0;4;39;40;1035;18;40;30;84344832;0
607;39;34;1;0;301;0;0;39;39;1035;18;40;30;84344832;0
608;39;32;113;271;302;0;250;39;39;994;18;40;30;84344832;0
609;39;34;5;0;304;0;4;39;39;994;18;40;30;84344832;0
610;39;34;1;1;304;0;0;39;40;994;18;40;30;84344832;0
611;39;32;107;258;305;0;249;39;41;1036;18;40;30;84344832;0
612;39;34;5;0;306;0;4;39;42;1036;18;40;30;84344832;0
613;39;33;2;36;305;0;242;39;42;1036;18;40;30;84344832;0
614;39;32;117;269;304;0;253;39;42;903;20;40;30;84344832;0
615;39;34;3;0;302;0;3;40;42;903;20;40;30;84344832;0
616;39;32;130;340;302;0;241;39;42;1052;21;40;30;84344832;0
617;39;33;35;34;302;0;6;40;42;1052;21;40;30;84344832;0
618;39;34;2;1;304;0;1;40;41;1052;21;40;30;84344832;0
619;39;32;123;325;304;0;245;39;41;1047;21;40;30;84344832;0
620;39;34;7;1;305;0;5;40;41;1047;21;40;30;84344832;0
621;39;34;1;1;305;0;255;40;41;1047;21;40;30;84344832;0
622;39;33;46;66;304;0;3;40;41;955;21;40;30;84344832;0
623;39;34;2;0;304;0;2;40;41;955;21;40;30;84344832;0
624;39;32;91;246;303;0;244;40;41;779;22;40;30;84344832;0
625;39;33;22;9;304;0;5;40;40;779;22;40;30;84344832;0
626;39;32;8;293;303;0;236;40;40;779;22;40;30;84344832;0
627;39;32;112;225;302;0;0;39;40;871;24;40;30;84344832;0
628;39;34;4;1;301;0;6;39;40;871;24;40;30;84344832;0
629;39;32;250;502;300;0;239;39;40;1157;20;40;30;84344832;0
630;39;32;116;214;301;0;3;39;40;1157;20;40;30;84344832;0
631;39;34;3;0;301;0;7;39;40;1157;20;40;30;84344832;0
632;39;32;156;397;302;0;244;39;40;1310;22;40;30;84344832;0
633;39;34;8;1;305;0;7;39;39;1310;22;40;30;84344832;0
634;39;32;170;443;308;0;236;39;40;1094;25;40;30;84344832;0
635;39;33;10;2;310;0;7;39;42;1094;25;40;30;84344832;0
636;39;32;170;407;312;0;238;39;43;856;29;40;30;84344832;0
637;39;33;13;5;314;0;7;39;43;856;29;40;30;84344832;0
638;39;32;111;446;315;0;235;39;43;951;26;40;30;84344832;0
639;39;33;12;4;314;0;6;40;43;951;26;40;30;84344832;0
640;39;32;115;347;313;0;242;40;43;762;30;40;30;84344832;0
641;39;33;20;16;312;0;5;40;43;762;30;40;30;84344832;0
642;39;34;2;13;311;0;0;40;43;762;30;40;30;84344832;0
643;39;32;129;361;308;0;245;40;42;1003;20;40;30;84344832;0
644;39;34;7;1;305;0;4;40;42;1003;20;40;30;84344832;0
645;39;34;2;12;302;0;240;40;42;1003;20;40;30;84344832;0
646;39;33;59;111;300;0;4;40;42;985;21;40;30;84344832;0
647;39;34;4;13;299;0;2;40;42;985;21;40;30;84344832;0
648;39;33;65;38;299;0;1;40;42;1002;22;40;30;84344832;0
649;39;32;172;477;302;0;240;40;41;207;84;40;30;84344832;0
650;39;34;7;1;300;0;6;40;41;207;84;40;30;84344832;0
651;39;32;177;381;297;0;241;40;41;1180;23;40;30;84344832;0
652;39;33;44;70;297;0;5;40;41;1180;23;40;30;84344832;0
653;39;34;2;1;298;0;2;40;41;1180;23;40;30;84344832;0
654;39;33;52;94;299;0;5;40;41;1069;24;40;30;84344832;0
655;39;34;3;0;300;0;4;40;41;1069;24;40;30;84344832;0
656;39;32;141;392;301;0;242;40;40;993;25;40;30;84344832;0
657;39;34;6;1;303;0;5;40;40;993;25;40;30;84344832;0
658;39;32;33;343;304;0;237;40;40;993;25;40;30;84344832;0
659;39;33;40;67;307;0;5;40;40;987;23;40;30;84344832;0
660;39;34;2;0;308;0;3;40;40;987;23;40;30;84344832;0
661;39;32;136;370;308;0;243;40;40;1040;22;40;30;84344832;0
662;39;33;17;13;309;0;5;40;40;1040;22;40;30;84344832;0
663;39;34;2;2;308;0;0;40;40;1040;22;40;30;84344832;0
664;39;33;71;125;306;0;4;39;39;1107;22;40;30;84344832;0
665;39;34;2;1;304;0;2;39;39;1107;22;40;30;84344832;0
666;39;32;125;347;303;0;244;39;40;922;24;40;30;84344832;0
667;39;34;11;2;303;0;6;39;42;922;24;40;30;84344832;0
668;39;34;1;19;302;0;246;39;43;922;24;40;30;84344832;0
669;39;33;75;139;300;0;4;40;43;1073;22;40;30;84344832;0
670;39;34;3;0;299;0;4;40;43;1073;22;40;30;84344832;0
671;39;32;138;380;298;0;240;40;43;1020;22;40;30;84344832;0
672;39;34;11;3;299;0;5;40;43;1020;22;40;30;84344832;0
673;39;34;1;1;299;0;0;40;43;1020;22;40;30;84344832;0
674;39;32;126;316;300;0;250;40;43;949;22;40;30;84344832;0
675;39;34;4;0;301;0;2;40;43;949;22;40;30;84344832;0
676;39;32;123;281;301;0;254;40;43;950;26;40;30;84344832;0
677;39;34;3;0;301;0;3;40;42;950;26;40;30;84344832;0
678;39;32;72;331;301;0;240;40;42;950;26;40;30;84344832;0
679;39;33;54;83;302;0;5;40;42;719;23;40;30;84344832;0
680;39;34;2;0;302;0;3;40;42;719;23;40;30;84344832;0
681;39;32;135;345;301;0;241;40;42;1003;19;40;30;84344832;0
682;39;33;46;71;299;0;4;40;42;1003;19;40;30;84344832;0
683;39;34;2;1;297;0;2;40;41;1003;19;40;30;84344832;0
684;39;32;87;350;295;0;239;40;41;1015;19;40;30;84344832;0
685;39;33;56;93;295;0;3;40;41;1015;19;40;30;84344832;0
686;39;34;2;0;294;0;3;40;41;1015;19;40;30;84344832;0
687;39;32;135;347;293;0;240;40;41;1011;20;40;30;84344832;0
688;39;33;26;20;293;0;6;40;41;1011;20;40;30;84344832;0
689;39;34;1;1;292;0;1;40;41;1011;20;40;30;84344832;0
690;39;32;138;356;292;0;243;40;40;1026;20;40;30;84344832;0
691;39;34;8;1;293;0;6;40;40;1026;20;40;30;84344832;0
692;39;34;1;1;293;0;0;40;40;1026;20;40;30;84344832;0
693;39;32;148;368;294;0;245;40;40;1075;20;40;30;84344832;0
694;39;34;8;1;297;0;6;40;40;1075;20;40;30;84344832;0
695;39;33;3;174;299;0;240;40;40;1075;20;40;30;84344832;0
696;39;33;68;133;301;0;2;40;40;1147;21;40;30;84344832;0
697;39;34;3;0;303;0;3;40;40;1147;21;40;30;84344832;0
698;39;32;162;426;304;0;240;40;40;1014;22;40;30;84344832;0
699;39;34;10;2;306;0;6;40;39;1014;22;40;30;84344832;0
700;39;32;8;267;308;0;238;40;39;1014;22;40;30;84344832;0
701;39;33;65;104;310;0;5;39;39;1031;23;40;30;84344832;0
702;39;34;3;0;312;0;5;39;39;1031;23;40;30;84344832;0
703;39;32;143;337;312;0;242;39;40;1145;21;40;30;84344832;0
704;39;33;21;16;312;0;6;40;42;1145;21;40;30;84344832;0
705;39;34;2;1;311;0;1;40;43;1145;21;40;30;84344832;0
706;39;32;114;318;309;0;244;40;44;932;21;40;30;84344832;0
707;39;34;14;4;308;0;6;40;44;932;21;40;30;84344832;0
708;39;34;1;1;306;0;1;40;44;932;21;40;30;84344832;0
709;39;32;132;360;303;0;243;40;44;1056;19;40;30;84344832;0
710;39;34;15;7;301;0;6;40;44;1056;19;40;30;84344832;0
711;39;34;1;1;299;0;2;40;43;1056;19;40;30;84344832;0
712;39;32;129;344;298;0;245;40;43;1165;19;40;30;84344832;0
713;39;34;14;4;298;0;7;40;43;1165;19;40;30;84344832;0
714;39;34;1;1;297;0;2;40;43;1165;19;40;30;84344832;0
715;39;32;102;254;295;0;251;40;43;1191;20;40;30;84344832;0
716;39;34;9;2;295;0;6;40;43;1191;20;40;30;84344832;0
717;39;34;1;0;295;0;1;40;42;1191;20;40;30;84344832;0
718;39;32;118;303;294;0;243;40;42;1060;18;40;30;84344832;0
719;39;33;27;27;293;0;5;40;42;1060;18;40;30;84344832;0
720;39;34;2;0;293;0;2;40;42;1060;18;40;30;84344832;0
721;39;32;131;298;293;0;242;40;42;1102;18;40;30;84344832;0
722;39;34;18;8;294;0;6;40;42;1102;18;40;30;84344832;0
723;39;34;2;1;296;0;1;40;42;1102;18;40;30;84344832;0
724;39;33;12;219;298;0;242;40;41;1102;18;40;30;84344832;0
725;39;32;115;212;302;0;0;40;41;974;17;40;30;84344832;0
726;39;34;3;0;306;0;3;40;41;974;17;40;30;84344832;0
727;39;34;1;6;308;0;243;40;41;974;17;40;30;84344832;0
728;39;32;117;292;310;0;250;40;41;1082;18;40;30;84344832;0
729;39;34;4;0;312;0;4;40;41;1082;18;40;30;84344832;0
730;39;34;1;1;312;0;0;40;41;1082;18;40;30;84344832;0
731;39;32;112;301;311;0;246;40;40;1030;17;40;30;84344832;0
732;39;34;6;1;310;0;4;40;40;1030;17;40;30;84344832;0
733;39;34;1;1;307;0;0;40;40;1030;17;40;30;84344832;0
734;39;32;130;347;304;0;245;40;40;972;19;40;30;84344832;0
735;39;34;9;2;302;0;5;40;40;972;19;40;30;84344832;0
736;39;34;1;0;300;0;0;40;40;972;19;40;30;84344832;0
737;39;32;122;308;300;0;246;40;40;1042;19;40;30;84344832;0
738;39;34;10;2;301;0;5;40;40;1042;19;40;30;84344832;0
739;39;34;1;1;301;0;1;40;40;1042;19;40;30;84344832;0
740;39;32;134;330;301;0;247;40;40;1115;19;40;30;84344832;0
741;39;34;9;2;301;0;6;40;40;1115;19;40;30;84344832;0
742;39;34;1;1;300;0;0;40;39;1115;19;40;30;84344832;0
743;39;32;121;302;300;0;245;40;39;1079;18;40;30;84344832;0
744;39;34;17;9;301;0;6;39;39;1079;18;40;30;84344832;0
745;39;34;2;0;300;0;3;39;40;1079;18;40;30;84344832;0
746;39;32;137;363;298;0;240;39;41;1081;18;40;30;84344832;0
747;39;33;91;183;298;0;0;39;41;1081;18;40;30;84344832;0
748;39;34;3;0;297;0;5;39;42;1081;18;40;30;84344832;0
749;39;34;0;5;297;0;247;39;42;1081;18;40;30;84344832;0
750;39;32;109;273;297;0;249;40;42;1233;17;40;30;84344832;0
751;39;34;7;1;299;0;5;40;41;1233;17;40;30;84344832;0
752;39;34;1;1;298;0;0;40;41;1233;17;40;30;84344832;0
753;39;32;115;293;299;0;248;40;41;1149;18;40;30;84344832;0
754;39;34;6;0;299;0;5;40;41;1149;18;40;30;84344832;0
755;39;34;1;2;299;0;0;40;41;1149;18;40;30;84344832;0
756;39;32;120;294;300;0;246;40;41;1011;19;40;30;84344832;0
757;39;34;8;1;300;0;6;40;41;1011;19;40;30;84344832;0
758;39;34;1;0;299;0;0;40;41;1011;19;40;30;84344832;0
759;39;32;121;309;299;0;245;40;41;1051;18;40;30;84344832;0
760;39;34;11;2;300;0;5;40;40;1051;18;40;30;84344832;0
761;39;34;1;0;299;0;1;40;40;1051;18;40;30;84344832;0
762;39;32;128;325;298;0;244;39;40;1049;19;40;30;84344832;0
763;39;34;10;1;299;0;6;40;40;1049;19;40;30;84344832;0
764;39;34;1;1;298;0;0;39;40;1049;19;40;30;84344832;0
765;39;32;114;279;299;0;249;39;40;1038;20;40;30;84344832;0
766;39;34;7;1;300;0;5;39;40;1038;20;40;30;84344832;0
767;39;34;1;3;300;0;255;39;40;1038;20;40;30;84344832;0
768;39;32;121;314;299;0;249;39;40;1003;20;40;30;84344832;0
769;39;34;6;0;299;0;7;39;39;1003;20;40;30;84344832;0
770;39;34;1;8;298;0;255;39;40;1003;20;40;30;84344832;0
771;39;32;129;318;298;0;248;39;41;1182;19;40;30;84344832;0
772;39;34;5;0;298;0;5;39;42;1182;19;40;30;84344832;0
773;39;34;1;1;297;0;0;39;42;1182;19;40;30;84344832;0
774;39;32;120;298;299;0;247;39;42;1151;19;40;30;84344832;0
775;39;34;6;1;301;0;5;39;41;1151;19;40;30;84344832;0
776;39;34;1;148;302;0;252;39;41;1151;19;40;30;84344832;0
777;39;32;104;261;302;0;249;39;41;1043;20;40;30;84344832;0
778;39;34;4;0;302;0;4;40;41;1043;20;40;30;84344832;0
779;39;34;1;20;301;0;246;39;41;1043;20;40;30;84344832;0
780;39;33;100;236;301;0;252;39;41;1003;19;40;30;84344832;0
781;39;34;4;0;300;0;5;40;41;1003;19;40;30;84344832;0
782;39;34;2;154;300;0;253;40;41;1003;19;40;30;84344832;0
783;39;33;97;246;299;0;250;39;41;960;19;40;30;84344832;0
784;39;34;6;0;299;0;6;39;40;960;19;40;30;84344832;0
785;39;34;1;0;298;0;1;39;40;960;19;40;30;84344832;0
786;39;32;141;349;297;0;243;39;40;1161;16;40;30;84344832;0
787;39;33;27;34;296;0;5;39;40;1161;16;40;30;84344832;0
788;39;34;2;0;296;0;4;39;40;1161;16;40;30;84344832;0
789;39;33;10;223;297;0;241;39;40;1161;16;40;30;84344832;0
790;39;33;96;223;298;0;252;39;40;1177;17;40;30;84344832;0
791;39;34;4;0;299;0;5;39;40;1177;17;40;30;84344832;0
792;39;34;1;5;299;0;254;39;39;1177;17;40;30;84344832;0
793;39;32;134;307;299;0;248;39;40;1084;18;40;30;84344832;0
794;39;34;4;0;299;0;9;39;42;1084;18;40;30;84344832;0
795;39;32;157;389;299;0;240;39;42;1053;22;40;30;84344832;0
796;39;34;11;3;302;0;7;39;42;1053;22;40;30;84344832;0
797;39;34;2;8;305;0;0;39;42;1053;22;40;30;84344832;0
798;39;32;131;317;308;0;245;40;42;935;21;40;30;84344832;0
799;39;34;12;5;311;0;6;40;42;935;21;40;30;84344832;0
800;39;34;1;1;311;0;1;40;42;935;21;40;30;84344832;0
801;39;32;122;325;312;0;246;40;42;1135;19;40;30;84344832;0
802;39;34;8;1;313;0;4;40;42;1135;19;40;30;84344832;0
803;39;34;1;0;312;0;0;40;42;1135;19;40;30;84344832;0
804;39;32;139;358;311;0;243;40;42;976;19;40;30;84344832;0
805;39;34;11;2;311;0;6;40;41;976;19;40;30;84344832;0
806;39;34;1;1;309;0;0;40;41;976;19;40;30;84344832;0
807;39;32;121;293;307;0;251;40;41;1087;20;40;30;84344832;0
808;39;34;5;0;306;0;9;40;41;1087;20;40;30;84344832;0
809;39;33;12;236;304;0;242;40;41;979;22;40;30;84344832;0
810;39;32;114;299;303;0;249;40;41;979;22;40;30;84344832;0
811;39;34;5;0;301;0;7;40;40;979;22;40;30;84344832;0
812;39;34;1;2;300;0;255;40;40;979;22;40;30;84344832;0
813;39;32;141;365;300;0;247;40;40;1407;17;40;30;84344832;0
814;39;34;7;1;300;0;7;39;40;1407;17;40;30;84344832;0
815;39;34;1;4;301;0;0;39;40;1407;17;40;30;84344832;0
816;39;32;142;363;301;0;244;39;40;1313;18;40;30;84344832;0
817;39;34;12;2;303;0;15;39;40;1313;18;40;30;84344832;0
818;39;34;1;2;304;0;3;39;40;1313;18;40;30;84344832;0
819;39;32;126;333;305;0;242;39;39;1173;18;40;30;84344832;0
820;39;33;87;181;307;0;1;39;39;1173;18;40;30;84344832;0
821;39;34;3;0;307;0;9;39;39;1173;18;40;30;84344832;0
822;39;32;43;348;305;0;238;39;41;1316;17;40;30;84344832;0
823;39;33;54;70;303;0;7;39;42;1316;17;40;30;84344832;0
824;39;34;2;0;301;0;7;39;42;1316;17;40;30;84344832;0
825;39;32;149;352;300;0;240;39;42;1210;20;40;30;84344832;0
826;39;33;48;49;300;0;6;39;42;1210;20;40;30;84344832;0
827;39;34;2;0;301;0;8;39;42;1210;20;40;30;84344832;0
828;39;32;116;358;300;0;239;40;42;1101;19;40;30;84344832;0
829;39;33;61;96;300;0;5;39;41;1101;19;40;30;84344832;0
830;39;34;2;1;300;0;4;40;41;1101;19;40;30;84344832;0
831;39;32;24;306;299;0;237;40;41;1101;19;40;30;84344832;0
832;39;33;116;267;299;0;254;39;41;1050;18;40;30;84344832;0
833;39;34;4;0;299;0;6;39;41;1050;18;40;30;84344832;0
834;39;34;1;4;299;0;0;40;41;1050;18;40;30;84344832;0
835;39;32;120;315;300;0;248;39;41;1315;18;40;30;84344832;0
836;39;34;7;1;300;0;5;39;40;1315;18;40;30;84344832;0
837;39;34;1;0;299;0;1;39;40;1315;18;40;30;84344832;0
838;39;32;133;334;300;0;246;39;40;1219;18;40;30;84344832;0
839;39;34;16;9;300;0;6;39;40;1219;18;40;30;84344832;0
840;39;34;2;0;300;0;3;39;40;1219;18;40;30;84344832;0
841;39;33;121;303;299;0;250;39;40;1286;19;40;30;84344832;0
842;39;34;8;1;298;0;6;39;40;1286;19;40;30;84344832;0
843;39;33;1;154;296;0;242;39;40;1286;19;40;30;84344832;0
844;39;33;81;161;296;0;0;39;39;1083;21;40;30;84344832;0
845;39;34;3;0;297;0;4;39;39;1083;21;40;30;84344832;0
846;39;32;120;398;296;0;238;39;41;1004;20;40;30;84344832;0
847;39;33;78;158;296;0;1;39;42;1004;20;40;30;84344832;0
848;39;34;3;0;296;0;5;39;44;1004;20;40;30;84344832;0
849;39;34;1;46;297;0;242;39;44;1004;20;40;30;84344832;0
850;39;33;114;276;297;0;250;40;45;1155;18;40;30;84344832;0
851;39;34;5;0;299;0;6;40;44;1155;18;40;30;84344832;0
852;39;34;1;37;299;0;241;40;44;1155;18;40;30;84344832;0
853;39;33;88;184;300;0;0;40;44;1141;19;40;30;84344832;0
854;39;34;3;0;300;0;4;40;44;1141;19;40;30;84344832;0
855;39;32;147;363;300;0;245;40;44;983;22;40;30;84344832;0
856;39;34;24;22;300;0;7;40;44;983;22;40;30;84344832;0
857;39;34;2;1;300;0;2;40;44;983;22;40;30;84344832;0
858;39;32;148;362;300;0;243;40;43;1133;20;40;30;84344832;0
859;39;34;10;2;301;0;7;40;43;1133;20;40;30;84344832;0
860;39;34;1;1;302;0;0;40;43;1133;20;40;30;84344832;0
861;39;32;124;312;302;0;243;40;43;1165;19;40;30;84344832;0
862;39;34;25;34;306;0;4;40;43;1165;19;40;30;84344832;0
863;39;34;2;0;306;0;4;40;42;1165;19;40;30;84344832;0
864;39;32;130;360;306;0;239;40;42;1136;18;40;30;84344832;0
865;39;34;36;46;307;0;5;40;42;1136;18;40;30;84344832;0
866;39;34;2;0;308;0;4;40;42;1136;18;40;30;84344832;0
867;39;32;64;391;308;0;236;40;42;1136;18;40;30;84344832;0
868;39;33;47;77;308;0;4;40;42;1228;18;40;30;84344832;0
869;39;34;2;0;309;0;4;40;42;1228;18;40;30;84344832;0
870;39;32;150;367;309;0;239;40;41;1091;20;40;30;84344832;0
871;39;33;37;50;310;0;5;40;41;1091;20;40;30;84344832;0
872;39;34;2;0;310;0;4;40;41;1091;20;40;30;84344832;0
873;39;32;118;318;309;0;241;40;41;1133;19;40;30;84344832;0
874;39;33;86;172;308;0;0;40;41;1133;19;40;30;84344832;0
875;39;34;2;0;307;0;3;40;41;1133;19;40;30;84344832;0
876;39;32;50;312;304;0;240;40;41;1134;18;40;30;84344832;0
877;39;33;67;122;301;0;2;40;41;1134;18;40;30;84344832;0
878;39;34;2;0;298;0;3;40;40;1134;18;40;30;84344832;0
879;39;33;29;271;296;0;240;40;40;1134;18;40;30;84344832;0
880;39;33;106;276;295;0;250;40;40;994;19;40;30;84344832;0
881;39;34;5;1;294;0;6;40;40;994;19;40;30;84344832;0
882;39;34;1;6;293;0;0;40;40;994;19;40;30;84344832;0
883;39;33;119;284;292;0;248;40;40;1251;17;40;30;84344832;0
884;39;34;8;1;293;0;6;40;40;1251;17;40;30;84344832;0
885;39;34;1;1;294;0;0;40;40;1251;17;40;30;84344832;0
886;39;32;121;296;295;0;247;40;40;1111;19;40;30;84344832;0
887;39;34;6;0;297;0;5;40;39;1111;19;40;30;84344832;0
888;39;33;3;141;298;0;243;40;39;1111;19;40;30;84344832;0
889;39;32;125;301;300;0;251;39;39;924;20;40;30;84344832;0
890;39;34;3;0;302;0;6;40;39;924;20;40;30;84344832;0
891;39;33;7;248;303;0;239;39;40;924;20;40;30;84344832;0
892;39;33;121;286;304;0;252;39;41;1165;19;40;30;84344832;0
893;39;34;3;0;306;0;5;40;41;1165;19;40;30;84344832;0
894;39;34;1;57;307;0;242;40;41;1165;19;40;30;84344832;0
895;39;33;108;263;308;0;250;40;41;1250;18;40;30;84344832;0
896;39;33;25;70;309;0;255;40;41;1250;18;40;30;84344832;0
897;39;34;8;8;308;0;255;40;41;1250;18;40;30;84344832;0
898;39;34;1;0;308;0;255;40;41;1250;18;40;30;84344832;0
899;39;34;0;0;307;0;255;40;41;1250;18;40;30;84344832;0
900;39;34;0;0;305;0;255;40;41;1250;18;40;30;84344832;0
901;39;35;0;1;303;0;255;40;41;1250;18;40;30;84344832;0
902;39;35;0;1;302;0;255;40;41;1250;18;40;30;84344832;0
903;39;35;0;2;302;0;255;40;41;1250;18;40;30;84344832;0
904;39;35;0;3;304;0;255;40;41;1250;18;40;30;84344832;0
905;39;35;0;3;307;0;255;40;40;1250;18;40;30;84344832;0
906;39;35;0;4;311;0;255;40;40;1250;18;40;30;84344832;0
907;39;35;0;4;317;0;255;40;40;1250;18;40;30;84344832;0
908;39;35;0;4;323;0;255;40;40;1250;18;40;30;84344832;0
909;39;35;0;5;330;0;255;40;40;1250;18;40;30;84344832;0
910;39;35;0;5;336;0;255;40;40;1250;18;40;30;84344832;0
911;39;35;0;5;343;0;255;40;40;1250;18;40;30;84344832;0
912;39;35;0;6;351;0;255;40;40;1250;18;40;30;84344832;0
913;39;35;0;6;357;0;255;40;40;0;0;40;30;84353024;0
914;39;35;0;6;363;0;255;39;40;0;0;40;30;84353024;0
915;39;35;0;6;370;0;255;39;40;0;0;40;30;84353024;0
916;39;35;0;6;377;0;255;39;40;0;0;40;30;84353024;0
917;39;35;0;6;384;0;255;39;40;0;0;40;30;84353024;0
918;39;35;0;6;391;0;255;39;40;0;0;40;30;84353024;0
919;39;35;0;7;398;0;255;39;40;0;0;40;30;84353024;0
920;39;35;0;7;405;0;255;39;40;0;0;40;30;84353024;0
921;39;35;0;7;413;0;255;39;40;0;0;40;30;84353024;0
922;39;35;0;7;420;0;255;39;39;0;0;40;30;84353024;0
923;39;35;0;7;428;0;255;39;41;0;0;40;30;84353024;0
924;39;35;0;7;436;0;255;39;42;0;0;40;30;84353024;0
925;39;35;0;8;444;0;255;39;42;0;0;40;30;84353024;0
926;39;35;0;7;452;0;255;39;42;0;0;40;30;84353024;0
927;39;35;0;8;460;0;255;39;42;0;0;40;30;84353024;0
928;39;35;0;8;469;0;255;39;42;0;0;40;30;84353024;0
929;39;35;0;8;477;0;255;39;42;0;0;40;30;84353024;0
930;39;35;0;8;485;0;255;39;42;0;0;40;30;84353024;0
931;39;35;0;7;493;0;255;39;42;0;0;40;30;84353024;0
932;39;35;0;8;501;0;255;39;42;0;0;40;30;84353024;0
933;39;35;0;8;509;0;255;39;42;0;0;40;30;84353024;0
934;39;35;0;8;517;0;255;39;42;0;0;40;30;84353024;0
935;39;35;0;8;526;0;255;39;41;0;0;40;30;84353024;0
936;39;35;0;8;534;0;255;39;41;0;0;40;30;84353024;0
937;39;35;0;8;541;0;255;39;41;0;0;40;30;84353024;0
938;39;35;0;8;549;0;255;39;41;0;0;40;30;84353024;0
939;39;35;0;8;557;0;255;39;41;0;0;40;30;84353024;0
940;39;35;0;8;565;0;255;39;41;0;0;40;30;84353024;0
941;39;35;0;8;594;0;255;39;41;0;0;40;30;84279296;0
1002;39;35;0;4;322;0;255;38;40;0;0;40;30;84279296;0
1063;39;35;0;5;256;0;255;37;39;0;0;40;30;84279296;0
