# time;P_O2, atm;P_He, atm;Flow O2, l/min;Flow He, l/min;FiO2 Env, %;FiO2 sens2, %;P mask, cm H2O;Tmask, gradC;Tnagr, gradC;V, ml;f, 1/min;Tzad, gradC;FiO2 zad, %;Flags;
# POWERON 07.12.2018 15:01:54
1;0;0;0;5;0;0;255;135;135;0;0;40;30;84279808;0
30;0;40;0;7;1000;0;253;135;135;0;0;40;30;84279840;0
# POWERON 07.12.2018 15:03:00
1;0;38;0;5;0;0;0;135;135;0;0;40;30;84279808;0
5;0;38;0;5;0;0;255;135;135;0;0;40;30;84279840;0
20;0;0;0;0;547;0;255;135;135;0;0;40;30;84279808;0
81;0;0;0;9;1000;0;242;135;135;0;0;40;30;84279808;0
112;0;0;0;6;598;0;251;135;135;0;0;40;30;84279312;0
# POWERON 07.12.2018 15:05:36
1;0;0;0;5;0;0;0;135;135;0;0;40;30;84279808;0
62;0;0;0;9;1000;0;242;135;135;0;0;40;30;84279808;0
96;0;0;0;6;565;0;251;135;135;0;0;40;30;84279312;0
# POWERON 07.12.2018 15:11:52
1;0;0;0;4;0;0;0;135;135;0;0;40;30;84279808;0
62;0;0;0;12;1000;0;242;135;135;0;0;40;30;84279808;0
96;0;0;0;4;661;0;250;135;135;0;0;40;30;84279312;0
# POWERON 07.12.2018 15:15:18
1;0;0;0;5;0;0;0;135;135;0;0;40;30;84279808;0
50;0;0;0;6;633;0;248;135;135;0;0;40;30;84279301;0
111;0;0;0;5;210;0;255;135;135;0;0;40;30;84279301;0
120;40;0;0;5;211;0;255;135;135;0;0;40;30;84279300;0
142;40;39;0;5;210;0;255;135;135;0;0;40;30;84279296;0
203;40;38;0;9;210;0;202;135;135;0;0;40;30;84279296;0
205;40;38;0;6;209;0;249;135;135;0;0;40;30;84344832;0
206;40;36;6;13;190;0;255;135;135;0;0;40;30;84344832;0
207;40;36;1;12;189;0;255;135;135;0;0;40;30;84344832;0
208;40;36;0;11;190;0;255;135;135;0;0;40;30;84344832;0
209;40;35;39;349;189;0;243;135;135;0;0;40;30;84344832;0
210;40;36;4;0;190;0;3;135;135;0;0;40;30;84344832;0
211;40;35;37;33;189;0;1;135;135;217;40;40;30;84344832;0
212;40;36;5;0;191;0;255;135;135;217;40;40;30;84344832;0
213;40;36;1;0;205;0;0;135;135;217;40;40;30;84344832;0
214;40;35;17;6;236;0;7;135;135;554;20;40;30;84344832;0
215;40;35;158;174;267;0;242;135;135;554;20;40;30;84344832;0
216;40;35;22;6;297;0;11;135;135;623;33;40;30;84344832;0
217;40;35;11;102;323;0;246;135;135;623;33;40;30;84344832;0
218;40;35;28;13;346;0;2;135;135;660;27;40;30;84344832;0
219;40;36;2;2;364;0;1;135;135;660;27;40;30;84344832;0
220;40;35;91;145;375;0;252;135;135;597;24;40;30;84344832;0
221;40;35;31;56;382;0;252;135;135;597;24;40;30;84344832;0
222;40;36;3;0;383;0;4;135;135;597;24;40;30;84344832;0
223;40;35;29;118;376;0;251;135;135;781;16;40;30;84344832;0
224;40;36;7;0;362;0;0;135;135;781;16;40;30;84344832;0
225;40;36;1;0;346;0;255;135;135;781;16;40;30;84344832;0
226;40;36;0;0;331;0;255;135;135;781;16;40;30;84344832;0
227;40;36;0;0;317;0;255;135;135;781;16;40;30;84344832;0
228;40;36;0;0;306;0;0;135;135;781;16;40;30;84344832;0
229;40;36;0;1;298;0;255;135;135;781;16;40;30;84344832;0
230;40;36;2;2;294;0;255;135;135;781;16;40;30;84344832;0
231;40;36;0;0;294;0;255;135;135;781;16;40;30;84344832;0
232;40;36;0;0;299;0;255;135;135;781;16;40;30;84344832;0
233;40;36;0;1;304;0;255;135;135;781;16;40;30;84344832;0
234;40;35;56;89;313;0;253;135;135;265;6;40;30;84344832;0
235;40;36;3;4;322;0;0;135;135;265;6;40;30;84344832;0
236;40;36;0;0;330;0;255;135;135;265;6;40;30;84344832;0
237;40;36;0;0;337;0;255;135;135;265;6;40;30;84344832;0
238;40;36;0;0;344;0;0;135;135;265;6;40;30;84344832;0
239;40;36;0;1;351;0;255;135;135;265;6;40;30;84344832;0
240;40;35;140;264;356;0;246;135;135;462;9;40;30;84344832;0
241;40;36;4;1;362;0;2;135;135;462;9;40;30;84344832;0
242;40;35;67;144;364;0;251;135;135;718;29;40;30;84344832;0
243;40;36;4;0;364;0;5;135;135;718;29;40;30;84344832;0
244;40;35;34;307;360;0;240;135;135;718;29;40;30;84344832;0
245;40;36;8;1;352;0;5;135;135;459;23;40;30;84344832;0
246;40;35;7;234;343;0;241;135;135;459;23;40;30;84344832;0
247;40;35;14;6;332;0;2;135;135;441;26;40;30;84344832;0
248;40;36;1;1;323;0;0;135;135;441;26;40;30;84344832;0
249;40;35;47;110;316;0;252;135;135;422;24;40;30;84344832;0
250;40;36;4;0;312;0;2;135;135;422;24;40;30;84344832;0
251;40;35;7;123;307;0;247;135;135;422;24;40;30;84344832;0
252;40;35;40;81;301;0;253;135;135;334;23;40;30;84344832;0
253;40;36;2;0;295;0;0;135;135;334;23;40;30;84344832;0
254;40;35;32;90;290;0;250;135;135;326;22;40;30;84344832;0
255;40;35;19;3;284;0;4;135;135;326;22;40;30;84344832;0
256;40;36;1;0;278;0;0;135;135;326;22;40;30;84344832;0
257;40;35;43;77;275;0;252;135;135;495;19;40;30;84344832;0
258;40;36;3;0;273;0;2;135;135;495;19;40;30;84344832;0
259;40;35;82;174;273;0;246;135;135;265;26;40;30;84344832;0
260;40;36;7;1;277;0;6;135;135;265;26;40;30;84344832;0
261;40;36;1;2;282;0;0;135;135;265;26;40;30;84344832;0
262;40;35;71;114;290;0;251;135;135;518;21;40;30;84344832;0
263;40;36;3;0;299;0;3;135;135;518;21;40;30;84344832;0
264;40;35;1;100;308;0;247;135;135;518;21;40;30;84344832;0
265;40;35;44;85;313;0;254;135;135;342;21;40;30;84344832;0
266;40;36;2;0;318;0;3;135;135;342;21;40;30;84344832;0
267;40;35;19;169;322;0;245;135;135;342;21;40;30;84344832;0
268;40;35;12;2;325;0;1;135;135;489;20;40;30;84344832;0
269;40;36;1;0;326;0;1;135;135;489;20;40;30;84344832;0
270;40;35;62;147;326;0;250;135;135;433;22;40;30;84344832;0
271;40;36;5;0;328;0;5;135;135;433;22;40;30;84344832;0
272;40;36;1;17;327;0;255;135;135;433;22;40;30;84344832;0
273;40;35;59;58;323;0;0;135;135;387;20;40;30;84344832;0
274;40;36;2;0;320;0;0;135;135;387;20;40;30;84344832;0
275;40;36;0;0;317;0;255;135;135;387;20;40;30;84344832;0
276;40;35;3;34;315;0;254;135;135;387;20;40;30;84344832;0
277;40;36;2;1;315;0;250;135;135;331;16;40;30;84344832;0
278;40;35;30;11;317;0;1;135;135;48;46;40;30;84344832;0
279;40;36;2;0;322;0;0;135;135;48;46;40;30;84344832;0
280;40;35;58;124;321;0;249;135;135;221;23;40;30;84344832;0
281;40;36;4;0;313;0;4;135;135;221;23;40;30;84344832;0
282;40;35;47;107;303;0;252;135;135;297;26;40;30;84344832;0
283;40;36;8;2;296;0;5;135;135;297;26;40;30;84344832;0
284;40;36;2;0;291;0;251;135;135;297;26;40;30;84344832;0
285;40;35;24;36;284;0;254;135;135;236;24;40;30;84344832;0
286;40;36;2;0;278;0;1;135;135;236;24;40;30;84344832;0
287;40;35;36;40;275;0;255;135;135;191;24;40;30;84344832;0
288;40;36;2;0;271;0;0;135;135;191;24;40;30;84344832;0
289;40;35;31;58;269;0;252;135;135;151;25;40;30;84344832;0
290;40;36;10;1;267;0;7;135;135;151;25;40;30;84344832;0
291;40;35;7;77;265;0;250;135;135;151;25;40;30;84344832;0
292;40;36;8;0;266;0;5;135;135;169;26;40;30;84344832;0
293;40;35;5;65;270;0;249;135;135;169;26;40;30;84344832;0
294;40;35;24;10;273;0;0;135;135;167;26;40;30;84344832;0
295;40;36;2;0;276;0;1;135;135;167;26;40;30;84344832;0
296;40;35;61;85;282;0;251;135;135;219;21;40;30;84344832;0
297;40;36;4;0;289;0;5;135;135;219;21;40;30;84344832;0
298;40;35;7;68;296;0;250;135;135;219;21;40;30;84344832;0
299;40;35;55;81;301;0;252;135;135;163;26;40;30;84344832;0
300;40;36;2;0;303;0;255;135;135;163;26;40;30;84344832;0
301;40;36;1;0;307;0;255;135;135;163;26;40;30;84344832;0
302;40;35;9;85;315;0;248;135;135;339;15;40;30;84344832;0
303;40;36;8;1;324;0;0;135;135;339;15;40;30;84344832;0
304;40;36;2;6;331;0;251;135;135;339;15;40;30;84344832;0
305;40;35;23;9;336;0;1;135;135;270;24;40;30;84344832;0
306;40;36;2;0;340;0;0;135;135;270;24;40;30;84344832;0
307;40;35;40;79;341;0;251;135;135;211;22;40;30;84344832;0
308;40;36;6;0;339;0;4;135;135;211;22;40;30;84344832;0
309;40;35;4;71;335;0;251;135;135;211;22;40;30;84344832;0
310;40;35;12;3;332;0;1;135;135;236;24;40;30;84344832;0
311;40;36;1;0;327;0;0;135;135;236;24;40;30;84344832;0
312;40;35;48;108;320;0;250;135;135;226;24;40;30;84344832;0
313;40;36;4;0;315;0;3;135;135;226;24;40;30;84344832;0
314;40;35;10;98;311;0;249;135;135;226;24;40;30;84344832;0
315;40;36;6;0;307;0;5;135;135;243;22;40;30;84344832;0
316;40;36;1;0;305;0;255;135;135;243;22;40;30;84344832;0
317;40;35;17;6;304;0;0;135;135;169;24;40;30;84344832;0
318;40;36;1;0;302;0;0;135;135;169;24;40;30;84344832;0
319;40;35;48;128;299;0;248;135;135;177;23;40;30;84344832;0
320;40;36;5;0;296;0;3;135;135;177;23;40;30;84344832;0
321;40;36;1;0;292;0;255;135;135;177;23;40;30;84344832;0
322;40;35;47;81;289;0;250;135;135;234;20;40;30;84344832;0
323;40;36;5;0;287;0;3;135;135;234;20;40;30;84344832;0
324;40;36;1;0;288;0;0;135;135;234;20;40;30;84344832;0
325;40;35;44;43;290;0;254;135;135;232;20;40;30;84344832;0
326;40;36;2;0;292;0;1;135;135;232;20;40;30;84344832;0
327;40;36;1;4;295;0;251;135;135;232;20;40;30;84344832;0
328;40;35;21;11;297;0;0;135;135;179;21;40;30;84344832;0
329;40;36;2;0;297;0;0;135;135;179;21;40;30;84344832;0
330;40;35;20;115;296;0;248;135;135;219;20;40;30;84344832;0
331;40;36;7;1;297;0;3;135;135;219;20;40;30;84344832;0
332;40;36;1;0;298;0;0;135;135;219;20;40;30;84344832;0
333;40;35;52;55;298;0;253;135;135;184;21;40;30;84344832;0
334;40;36;3;0;297;0;2;135;135;184;21;40;30;84344832;0
335;40;36;1;0;294;0;255;135;135;184;21;40;30;84344832;0
336;40;35;37;34;291;0;254;135;135;180;22;40;30;84344832;0
337;40;36;2;0;289;0;0;135;135;180;22;40;30;84344832;0
338;40;35;3;64;288;0;254;135;135;180;22;40;30;84344832;0
339;40;35;11;2;288;0;3;135;135;206;20;40;30;84344832;0
340;40;36;1;0;289;0;0;135;135;206;20;40;30;84344832;0
341;40;35;9;103;290;0;246;135;135;206;20;40;30;84344832;0
342;40;36;8;1;290;0;4;135;135;173;19;40;30;84344832;0
343;40;36;1;0;290;0;0;135;135;173;19;40;30;84344832;0
344;40;35;45;95;291;0;248;135;135;206;23;40;30;84344832;0
345;40;36;7;1;297;0;1;135;135;206;23;40;30;84344832;0
346;40;36;1;0;304;0;0;135;135;206;23;40;30;84344832;0
347;40;36;0;0;312;0;0;135;135;206;23;40;30;84344832;0
348;40;35;57;56;321;0;254;135;135;332;14;40;30;84344832;0
349;40;36;3;0;329;0;2;135;135;332;14;40;30;84344832;0
350;40;35;18;109;334;0;247;135;135;201;23;40;30;84344832;0
351;40;36;9;1;335;0;4;135;135;201;23;40;30;84344832;0
352;40;36;1;0;334;0;0;135;135;201;23;40;30;84344832;0
353;40;35;36;37;332;0;254;135;135;220;23;40;30;84344832;0
354;40;36;2;0;330;0;1;135;135;220;23;40;30;84344832;0
355;40;35;34;110;328;0;248;135;135;170;23;40;30;84344832;0
356;40;36;6;0;322;0;3;135;135;170;23;40;30;84344832;0
357;40;36;1;0;315;0;0;135;135;170;23;40;30;84344832;0
358;40;35;49;82;309;0;251;135;135;187;20;40;30;84344832;0
359;40;36;6;0;303;0;5;135;135;187;20;40;30;84344832;0
360;40;36;1;0;299;0;255;135;135;187;20;40;30;84344832;0
361;40;35;14;96;295;0;249;135;135;197;18;40;30;84344832;0
362;40;36;10;1;293;0;6;135;135;197;18;40;30;84344832;0
363;40;36;1;0;293;0;0;135;135;197;18;40;30;84344832;0
364;40;35;57;58;294;0;253;135;135;182;20;40;30;84344832;0
365;40;36;3;0;296;0;1;135;135;182;20;40;30;84344832;0
366;40;36;1;1;297;0;252;135;135;182;20;40;30;84344832;0
367;40;35;25;13;299;0;0;135;135;199;22;40;30;84344832;0
368;40;36;2;0;302;0;0;135;135;199;22;40;30;84344832;0
369;40;35;5;53;305;0;250;135;135;199;22;40;30;84344832;0
370;40;35;10;2;306;0;0;135;135;192;20;40;30;84344832;0
371;40;36;1;0;306;0;0;135;135;192;20;40;30;84344832;0
372;40;35;6;40;305;0;251;135;135;176;20;40;30;84344832;0
373;40;35;16;3;302;0;3;135;135;176;20;40;30;84344832;0
374;40;36;2;0;300;0;0;135;135;176;20;40;30;84344832;0
375;40;35;61;60;300;0;253;135;135;180;20;40;30;84344832;0
376;40;36;2;0;299;0;1;135;135;180;20;40;30;84344832;0
377;40;35;7;82;299;0;249;135;135;180;20;40;30;84344832;0
378;40;36;8;1;300;0;4;135;135;184;23;40;30;84344832;0
379;40;36;1;0;302;0;0;135;135;184;23;40;30;84344832;0
380;40;35;57;83;302;0;252;135;135;198;23;40;30;84344832;0
381;40;36;3;0;300;0;3;135;135;198;23;40;30;84344832;0
382;40;36;0;0;299;0;255;135;135;198;23;40;30;84344832;0
383;40;35;15;4;292;0;0;135;135;171;21;40;30;84344832;0
384;40;36;2;0;287;0;0;135;135;171;21;40;30;84344832;0
385;40;35;9;81;282;0;248;135;135;171;21;40;30;84344832;0
386;40;35;13;2;278;0;0;135;135;178;21;40;30;84344832;0
387;40;36;1;0;277;0;0;135;135;178;21;40;30;84344832;0
388;40;35;30;119;278;0;247;135;135;185;20;40;30;84344832;0
389;40;36;5;0;281;0;3;135;135;185;20;40;30;84344832;0
390;40;36;1;0;285;0;255;135;135;185;20;40;30;84344832;0
391;40;35;68;59;291;0;253;135;135;209;21;40;30;84344832;0
392;40;36;3;0;300;0;1;135;135;209;21;40;30;84344832;0
393;40;35;5;56;309;0;250;135;135;209;21;40;30;84344832;0
394;40;35;21;9;313;0;0;135;135;172;24;40;30;84344832;0
395;40;36;2;0;316;0;0;135;135;172;24;40;30;84344832;0
396;40;35;95;132;319;0;249;135;135;203;21;40;30;84344832;0
397;40;36;4;0;320;0;2;135;135;203;21;40;30;84344832;0
398;40;36;1;0;321;0;255;135;135;203;21;40;30;84344832;0
399;40;35;46;38;326;0;255;135;135;270;21;40;30;84344832;0
400;40;36;2;0;335;0;0;135;135;270;21;40;30;84344832;0
401;40;35;9;90;340;0;248;135;135;270;21;40;30;84344832;0
402;40;36;7;1;338;0;3;135;135;185;22;40;30;84344832;0
403;40;36;1;0;334;0;0;135;135;185;22;40;30;84344832;0
404;40;35;46;110;327;0;249;135;135;148;21;40;30;84344832;0
405;40;36;6;0;318;0;3;135;135;148;21;40;30;84344832;0
406;40;36;1;0;310;0;0;135;135;148;21;40;30;84344832;0
407;40;35;56;121;303;0;248;135;135;217;19;40;30;84344832;0
408;40;36;5;0;299;0;2;135;135;217;19;40;30;84344832;0
409;40;36;1;0;296;0;255;135;135;217;19;40;30;84344832;0
410;40;35;12;2;292;0;0;135;135;239;21;40;30;84344832;0
411;40;36;1;0;289;0;0;135;135;239;21;40;30;84344832;0
412;40;35;8;79;286;0;249;135;135;239;21;40;30;84344832;0
413;40;36;6;0;283;0;1;135;135;159;21;40;30;84344832;0
414;40;36;1;0;282;0;0;135;135;159;21;40;30;84344832;0
415;40;35;14;40;281;0;252;135;135;184;20;40;30;84344832;0
416;40;36;9;1;282;0;2;135;135;184;20;40;30;84344832;0
417;40;36;1;0;286;0;0;135;135;184;20;40;30;84344832;0
418;40;35;28;15;290;0;0;135;135;178;21;40;30;84344832;0
419;40;36;2;0;292;0;0;135;135;178;21;40;30;84344832;0
420;40;35;8;100;296;0;247;135;135;178;21;40;30;84344832;0
421;40;36;6;0;299;0;3;135;135;159;23;40;30;84344832;0
422;40;36;1;0;302;0;0;135;135;159;23;40;30;84344832;0
423;40;35;55;53;303;0;252;135;135;159;22;40;30;84344832;0
424;40;36;3;0;303;0;1;135;135;159;22;40;30;84344832;0
425;40;36;2;21;305;0;252;135;135;159;22;40;30;84344832;0
426;40;36;8;1;307;0;2;135;135;151;23;40;30;84344832;0
427;40;36;1;0;309;0;0;135;135;151;23;40;30;84344832;0
428;40;35;10;67;308;0;248;135;135;165;21;40;30;84344832;0
429;40;36;7;1;304;0;4;135;135;165;21;40;30;84344832;0
430;40;36;1;0;300;0;0;135;135;165;21;40;30;84344832;0
431;40;35;79;89;297;0;252;135;135;201;20;40;30;84344832;0
432;40;36;2;0;293;0;1;135;135;201;20;40;30;84344832;0
433;40;36;1;0;293;0;255;135;135;201;20;40;30;84344832;0
434;40;35;20;7;295;0;0;135;135;193;21;40;30;84344832;0
435;40;36;2;0;300;0;0;135;135;193;21;40;30;84344832;0
436;40;35;63;102;307;0;249;135;135;220;23;40;30;84344832;0
437;40;36;3;0;318;0;1;135;135;220;23;40;30;84344832;0
438;40;35;5;51;326;0;250;135;135;220;23;40;30;84344832;0
439;40;36;4;0;329;0;0;135;135;174;25;40;30;84344832;0
440;40;36;2;16;329;0;250;135;135;174;25;40;30;84344832;0
441;40;35;26;13;332;0;0;135;135;51;25;40;30;84344832;0
442;40;36;2;0;337;0;0;135;135;51;25;40;30;84344832;0
443;40;35;42;106;341;0;249;135;135;242;23;40;30;84344832;0
444;40;36;4;0;343;0;3;135;135;242;23;40;30;84344832;0
445;40;36;2;31;346;0;250;135;135;242;23;40;30;84344832;0
446;40;35;11;2;343;0;0;135;135;177;24;40;30;84344832;0
447;40;36;1;0;337;0;255;135;135;177;24;40;30;84344832;0
448;40;36;0;0;329;0;0;135;135;177;24;40;30;84344832;0
449;40;35;44;29;321;0;255;135;135;198;17;40;30;84344832;0
450;40;36;2;0;314;0;1;135;135;198;17;40;30;84344832;0
451;40;35;58;115;307;0;249;135;135;183;24;40;30;84344832;0
452;40;36;5;0;298;0;3;135;135;183;24;40;30;84344832;0
453;40;36;1;7;290;0;251;135;135;183;24;40;30;84344832;0
454;40;35;12;3;286;0;0;135;135;206;24;40;30;84344832;0
455;40;36;1;0;285;0;0;135;135;206;24;40;30;84344832;0
456;40;35;47;76;285;0;251;135;135;151;23;40;30;84344832;0
457;40;36;3;0;284;0;0;135;135;151;23;40;30;84344832;0
458;40;36;1;5;285;0;251;135;135;151;23;40;30;84344832;0
459;40;36;7;1;285;0;1;135;135;152;23;40;30;84344832;0
460;40;36;1;0;286;0;0;135;135;152;23;40;30;84344832;0
461;40;35;52;72;287;0;252;135;135;174;22;40;30;84344832;0
462;40;36;3;0;289;0;1;135;135;174;22;40;30;84344832;0
463;40;35;11;110;296;0;245;135;135;174;22;40;30;84344832;0
464;40;35;14;4;301;0;1;135;135;123;24;40;30;84344832;0
465;40;36;1;0;305;0;0;135;135;123;24;40;30;84344832;0
466;40;35;21;122;311;0;246;135;135;224;21;40;30;84344832;0
467;40;36;4;0;322;0;1;135;135;224;21;40;30;84344832;0
468;40;36;1;0;330;0;255;135;135;224;21;40;30;84344832;0
469;40;35;30;15;330;0;0;135;135;169;22;40;30;84344832;0
470;40;36;2;0;324;0;0;135;135;169;22;40;30;84344832;0
471;40;36;0;0;318;0;255;135;135;169;22;40;30;84344832;0
472;40;35;15;4;311;0;0;135;135;162;20;40;30;84344832;0
473;40;36;1;0;307;0;0;135;135;162;20;40;30;84344832;0
474;40;36;0;0;305;0;254;135;135;162;20;40;30;84344832;0
475;40;36;7;1;301;0;1;135;135;148;20;40;30;84344832;0
476;40;36;1;0;298;0;0;135;135;148;20;40;30;84344832;0
477;40;35;6;56;296;0;250;135;135;148;20;40;30;84344832;0
478;40;36;7;1;293;0;4;135;135;148;21;40;30;84344832;0
479;40;36;1;0;290;0;255;135;135;148;21;40;30;84344832;0
480;40;35;63;64;289;0;252;135;135;135;21;40;30;84344832;0
481;40;36;2;0;287;0;0;135;135;135;21;40;30;84344832;0
482;40;36;1;1;285;0;254;135;135;135;21;40;30;84344832;0
483;40;35;28;12;282;0;0;135;135;163;22;40;30;84344832;0
484;40;36;2;0;281;0;0;135;135;163;22;40;30;84344832;0
485;40;35;18;108;282;0;244;135;135;175;21;40;30;84344832;0
486;40;36;5;1;285;0;4;135;135;175;21;40;30;84344832;0
487;40;36;1;0;289;0;255;135;135;175;21;40;30;84344832;0
488;40;35;18;6;292;0;0;135;135;176;23;40;30;84344832;0
489;40;36;1;0;295;0;0;135;135;176;23;40;30;84344832;0
490;40;35;33;79;299;0;249;135;135;165;22;40;30;84344832;0
491;40;36;6;1;305;0;5;135;135;165;22;40;30;84344832;0
492;40;36;1;0;312;0;255;135;135;165;22;40;30;84344832;0
493;40;35;27;9;319;0;0;135;135;194;22;40;30;84344832;0
494;40;36;2;0;325;0;0;135;135;194;22;40;30;84344832;0
495;40;35;61;100;330;0;249;135;135;122;24;40;30;84344832;0
496;40;36;3;0;333;0;1;135;135;122;24;40;30;84344832;0
497;40;36;0;0;333;0;254;135;135;122;24;40;30;84344832;0
498;40;35;11;1;328;0;2;135;135;149;23;40;30;84344832;0
499;40;36;1;0;321;0;0;135;135;149;23;40;30;84344832;0
500;40;35;2;72;313;0;247;135;135;149;23;40;30;84344832;0
501;40;36;6;1;306;0;3;135;135;166;20;40;30;84344832;0
502;40;36;1;0;300;0;255;135;135;166;20;40;30;84344832;0
503;40;35;19;5;295;0;0;135;135;159;24;40;30;84344832;0
504;40;36;1;0;292;0;0;135;135;159;24;40;30;84344832;0
505;40;35;66;48;289;0;254;135;135;162;23;40;30;84344832;0
506;40;36;3;0;286;0;1;135;135;162;23;40;30;84344832;0
507;40;36;1;1;286;0;254;135;135;162;23;40;30;84344832;0
508;40;35;9;1;288;0;1;135;135;132;23;40;30;84344832;0
509;40;36;1;0;291;0;0;135;135;132;23;40;30;84344832;0
510;40;35;26;116;297;0;246;135;135;89;22;40;30;84344832;0
511;40;36;6;0;304;0;2;135;135;89;22;40;30;84344832;0
512;40;36;1;0;310;0;0;135;135;89;22;40;30;84344832;0
513;40;35;62;63;315;0;252;135;135;230;20;40;30;84344832;0
514;40;36;2;0;323;0;0;135;135;230;20;40;30;84344832;0
515;40;35;22;114;329;0;247;135;135;147;24;40;30;84344832;0
516;40;36;4;0;331;0;2;135;135;147;24;40;30;84344832;0
517;40;36;1;0;331;0;255;135;135;147;24;40;30;84344832;0
518;40;35;26;6;327;0;0;135;135;126;23;40;30;84344832;0
519;40;36;2;0;322;0;0;135;135;126;23;40;30;84344832;0
520;40;35;32;78;317;0;250;135;135;123;24;40;30;84344832;0
521;40;36;5;0;312;0;1;135;135;123;24;40;30;84344832;0
522;40;36;1;0;307;0;255;135;135;123;24;40;30;84344832;0
523;40;36;0;0;304;0;255;135;135;123;24;40;30;84344832;0
524;40;35;34;15;302;0;0;135;135;164;15;40;30;84344832;0
525;40;36;2;0;300;0;0;135;135;164;15;40;30;84344832;0
526;40;35;17;101;300;0;249;135;135;162;23;40;30;84344832;0
527;40;36;5;0;301;0;1;135;135;162;23;40;30;84344832;0
528;40;36;1;0;306;0;255;135;135;162;23;40;30;84344832;0
529;40;35;47;31;310;0;255;135;135;124;21;40;30;84344832;0
530;40;36;2;0;312;0;0;135;135;124;21;40;30;84344832;0
531;40;35;3;27;312;0;253;135;135;124;21;40;30;84344832;0
532;40;35;8;1;309;0;4;135;135;160;21;40;30;84344832;0
533;40;36;1;0;306;0;0;135;135;160;21;40;30;84344832;0
534;40;35;38;26;300;0;254;135;135;164;23;40;30;84344832;0
535;40;36;3;0;297;0;0;135;135;164;23;40;30;84344832;0
536;40;35;20;110;298;0;248;135;135;119;26;40;30;84344832;0
537;40;36;4;0;302;0;2;135;135;119;26;40;30;84344832;0
538;40;36;1;0;305;0;255;135;135;119;26;40;30;84344832;0
539;40;35;24;26;306;0;0;135;135;145;21;40;30;84344832;0
540;40;36;2;0;305;0;0;135;135;145;21;40;30;84344832;0
541;40;36;1;16;305;0;251;135;135;145;21;40;30;84344832;0
542;40;36;8;1;302;0;5;135;135;134;22;40;30;84344832;0
543;40;36;1;0;301;0;255;135;135;134;22;40;30;84344832;0
544;40;35;39;143;305;0;246;135;135;117;20;40;30;84344832;0
545;40;36;4;0;309;0;2;135;135;117;20;40;30;84344832;0
546;40;36;1;0;312;0;255;135;135;117;20;40;30;84344832;0
547;40;35;37;38;311;0;253;135;135;149;21;40;30;84344832;0
548;40;36;2;0;307;0;0;135;135;149;21;40;30;84344832;0
549;40;35;41;22;305;0;255;135;135;136;27;40;30;84344832;0
550;40;36;2;0;305;0;0;135;135;136;27;40;30;84344832;0
551;40;35;34;137;305;0;246;135;135;122;24;40;30;84344832;0
552;40;36;6;1;304;0;5;135;135;122;24;40;30;84344832;0
553;40;36;1;0;301;0;255;135;135;122;24;40;30;84344832;0
554;40;35;17;3;300;0;1;135;135;205;23;40;30;84344832;0
555;40;36;2;0;301;0;0;135;135;205;23;40;30;84344832;0
556;40;35;42;27;306;0;255;135;135;97;24;40;30;84344832;0
557;40;36;3;0;312;0;0;135;135;97;24;40;30;84344832;0
558;40;36;1;4;317;0;251;135;135;97;24;40;30;84344832;0
559;40;36;7;1;320;0;3;135;135;108;24;40;30;84344832;0
560;40;36;1;0;320;0;255;135;135;108;24;40;30;84344832;0
561;40;35;13;2;319;0;0;135;135;125;25;40;30;84344832;0
562;40;36;1;0;315;0;0;135;135;125;25;40;30;84344832;0
563;40;35;24;155;314;0;246;135;135;116;22;40;30;84344832;0
564;40;36;4;0;313;0;1;135;135;116;22;40;30;84344832;0
565;40;36;1;0;312;0;255;135;135;116;22;40;30;84344832;0
566;40;35;22;6;308;0;0;135;135;154;22;40;30;84344832;0
567;40;36;2;0;303;0;0;135;135;154;22;40;30;84344832;0
568;40;35;9;106;298;0;246;135;135;154;22;40;30;84344832;0
569;40;36;4;0;293;0;1;135;135;133;23;40;30;84344832;0
570;40;36;1;0;291;0;255;135;135;133;23;40;30;84344832;0
571;40;35;62;129;291;0;248;135;135;126;20;40;30;84344832;0
572;40;36;3;0;291;0;0;135;135;126;20;40;30;84344832;0
573;40;36;1;8;291;0;253;135;135;126;20;40;30;84344832;0
574;40;36;6;0;288;0;0;135;135;131;23;40;30;84344832;0
575;40;35;55;77;285;0;251;135;135;71;36;40;30;84344832;0
576;40;36;3;0;286;0;1;135;135;71;36;40;30;84344832;0
577;40;36;0;0;293;0;254;135;135;71;36;40;30;84344832;0
578;40;36;1;0;295;0;0;135;135;71;36;40;30;84344832;0
579;40;35;87;61;295;0;255;135;135;163;14;40;30;84344832;0
580;40;36;2;0;293;0;0;135;135;163;14;40;30;84344832;0
581;40;36;1;11;294;0;252;135;135;163;14;40;30;84344832;0
582;40;35;11;2;294;0;3;135;135;107;24;40;30;84344832;0
583;40;36;1;0;295;0;0;135;135;107;24;40;30;84344832;0
584;40;35;11;2;298;0;0;135;135;146;25;40;30;84344832;0
585;40;36;1;0;300;0;0;135;135;146;25;40;30;84344832;0
586;40;35;7;50;303;0;249;135;135;120;23;40;30;84344832;0
587;40;36;5;0;304;0;2;135;135;120;23;40;30;84344832;0
588;40;36;1;0;305;0;255;135;135;120;23;40;30;84344832;0
589;40;35;58;39;303;0;255;135;135;130;21;40;30;84344832;0
590;40;36;2;0;300;0;0;135;135;130;21;40;30;84344832;0
591;40;35;1;6;296;0;254;135;135;130;21;40;30;84344832;0
592;40;36;1;0;291;0;255;135;135;130;21;40;30;84344832;0
593;40;36;0;0;287;0;255;135;135;130;21;40;30;84344832;0
594;40;36;0;0;284;0;255;135;135;130;21;40;30;84344832;0
595;40;36;0;0;285;0;254;135;135;130;21;40;30;84344832;0
596;40;35;8;1;290;0;1;135;135;157;9;40;30;84344832;0
597;40;36;1;0;299;0;0;135;135;157;9;40;30;84344832;0
598;40;35;1;1;304;0;0;135;135;157;9;40;30;84344832;0
599;40;35;63;45;303;0;254;135;135;141;16;40;30;84344832;0
600;40;36;2;0;300;0;0;135;135;141;16;40;30;84344832;0
601;40;35;4;64;299;0;249;135;135;141;16;40;30;84344832;0
602;40;35;14;4;299;0;255;135;135;100;24;40;30;84344832;0
603;40;36;2;0;299;0;2;135;135;100;24;40;30;84344832;0
604;40;36;0;0;302;0;255;135;135;100;24;40;30;84344832;0
605;40;35;8;80;309;0;248;135;135;100;24;40;30;84344832;0
606;40;36;5;1;320;0;1;135;135;246;15;40;30;84344832;0
607;40;36;1;0;331;0;255;135;135;246;15;40;30;84344832;0
608;40;35;64;35;335;0;0;135;135;193;21;40;30;84344832;0
609;40;36;2;0;334;0;0;135;135;193;21;40;30;84344832;0
610;40;35;2;44;331;0;250;135;135;193;21;40;30;84344832;0
611;40;36;8;0;325;0;4;135;135;132;23;40;30;84344832;0
612;40;36;1;0;318;0;252;135;135;132;23;40;30;84344832;0
613;40;35;10;1;317;0;5;135;135;77;28;40;30;84344832;0
614;40;36;1;0;319;0;255;135;135;77;28;40;30;84344832;0
615;40;35;8;1;322;0;2;135;135;118;28;40;30;84344832;0
616;40;36;1;0;324;0;0;135;135;118;28;40;30;84344832;0
617;40;35;23;14;321;0;254;135;135;161;23;40;30;84344832;0
618;40;36;3;0;317;0;0;135;135;161;23;40;30;84344832;0
619;40;35;19;6;317;0;0;135;135;98;30;40;30;84344832;0
620;40;35;4;27;323;0;252;135;135;98;30;40;30;84344832;0
621;40;36;3;0;331;0;0;135;135;61;36;40;30;84344832;0
622;40;35;15;145;338;0;245;135;135;61;36;40;30;84344832;0
623;40;36;5;0;340;0;1;135;135;55;29;40;30;84344832;0
624;40;36;1;4;339;0;251;135;135;55;29;40;30;84344832;0
625;40;35;7;1;333;0;4;135;135;123;27;40;30;84344832;0
626;40;36;1;0;323;0;255;135;135;123;27;40;30;84344832;0
627;40;35;3;5;315;0;254;135;135;123;27;40;30;84344832;0
628;40;35;4;88;307;0;248;135;135;123;27;40;30;84344832;0
629;40;36;4;0;299;0;0;135;135;141;15;40;30;84344832;0
630;40;35;4;69;297;0;248;135;135;141;15;40;30;84344832;0
631;40;36;6;0;298;0;0;135;135;71;27;40;30;84344832;0
632;40;36;1;0;298;0;255;135;135;71;27;40;30;84344832;0
633;40;35;23;5;293;0;0;135;135;146;23;40;30;84344832;0
634;40;36;2;0;284;0;0;135;135;146;23;40;30;84344832;0
635;40;36;0;0;278;0;255;135;135;146;23;40;30;84344832;0
636;40;35;32;11;276;0;0;135;135;131;19;40;30;84344832;0
637;40;36;2;0;275;0;0;135;135;131;19;40;30;84344832;0
638;40;35;2;37;274;0;249;135;135;131;19;40;30;84344832;0
639;40;36;6;0;272;0;2;135;135;120;23;40;30;84344832;0
640;40;36;1;0;271;0;255;135;135;120;23;40;30;84344832;0
641;40;35;44;40;276;0;254;135;135;90;22;40;30;84344832;0
642;40;36;2;0;285;0;0;135;135;90;22;40;30;84344832;0
643;40;35;23;123;293;0;246;135;135;90;22;40;30;84344832;0
644;40;36;5;0;299;0;1;135;135;122;24;40;30;84344832;0
645;40;36;1;0;303;0;255;135;135;122;24;40;30;84344832;0
646;40;36;0;1;308;0;254;135;135;122;24;40;30;84344832;0
647;40;36;0;1;314;0;255;135;135;122;24;40;30;84344832;0
648;40;35;25;9;321;0;0;135;135;196;13;40;30;84344832;0
649;40;36;1;0;330;0;0;135;135;196;13;40;30;84344832;0
650;40;35;11;107;337;0;247;135;135;196;13;40;30;84344832;0
651;40;36;5;0;342;0;2;135;135;185;21;40;30;84344832;0
652;40;36;1;0;346;0;255;135;135;185;21;40;30;84344832;0
653;40;35;27;20;344;0;255;135;135;137;24;40;30;84344832;0
654;40;36;2;0;337;0;0;135;135;137;24;40;30;84344832;0
655;40;35;10;113;332;0;246;135;135;137;24;40;30;84344832;0
656;40;36;4;0;327;0;1;135;135;125;22;40;30;84344832;0
657;40;36;1;0;323;0;255;135;135;125;22;40;30;84344832;0
658;40;35;38;20;315;0;255;135;135;143;23;40;30;84344832;0
659;40;36;2;0;304;0;0;135;135;143;23;40;30;84344832;0
660;40;35;23;114;295;0;247;135;135;127;24;40;30;84344832;0
661;40;36;4;0;286;0;2;135;135;127;24;40;30;84344832;0
662;40;36;1;0;280;0;255;135;135;127;24;40;30;84344832;0
663;40;35;23;6;274;0;0;135;135;132;21;40;30;84344832;0
664;40;36;2;0;269;0;0;135;135;132;21;40;30;84344832;0
665;40;36;1;11;269;0;251;135;135;132;21;40;30;84344832;0
666;40;36;5;0;277;0;4;135;135;80;22;40;30;84344832;0
667;40;36;1;0;285;0;255;135;135;80;22;40;30;84344832;0
668;40;35;17;5;294;0;0;135;135;124;25;40;30;84344832;0
669;40;36;1;0;301;0;0;135;135;124;25;40;30;84344832;0
670;40;35;85;90;311;0;252;135;135;229;24;40;30;84344832;0
671;40;36;3;0;326;0;1;135;135;229;24;40;30;84344832;0
672;40;35;9;113;340;0;246;135;135;229;24;40;30;84344832;0
673;40;36;5;0;347;0;2;135;135;200;25;40;30;84344832;0
674;40;36;1;0;349;0;255;135;135;200;25;40;30;84344832;0
675;40;35;2;0;345;0;0;135;135;200;25;40;30;84344832;0
676;39;35;55;104;336;0;250;135;135;158;15;40;30;84344832;0
677;40;36;3;0;327;0;0;135;135;158;15;40;30;84344832;0
678;40;35;35;96;321;0;250;135;135;115;29;40;30;84344832;0
679;40;36;4;0;313;0;1;135;135;115;29;40;30;84344832;0
680;40;36;1;0;305;0;255;135;135;115;29;40;30;84344832;0
681;40;35;16;2;300;0;0;135;135;113;22;40;30;84344832;0
682;40;36;2;0;298;0;255;135;135;113;22;40;30;84344832;0
683;40;35;7;6;296;0;252;135;135;108;28;40;30;84344832;0
684;40;36;2;0;292;0;255;135;135;108;28;40;30;84344832;0
685;40;35;14;3;288;0;1;135;135;67;30;40;30;84344832;0
686;40;36;2;1;288;0;255;135;135;67;30;40;30;84344832;0
687;40;36;2;1;289;0;255;135;135;67;30;40;30;84344832;0
688;40;36;0;0;292;0;0;135;135;67;30;40;30;84344832;0
689;39;35;110;166;299;0;247;135;135;224;13;40;30;84344832;0
690;40;36;3;0;307;0;1;135;135;224;13;40;30;84344832;0
691;40;35;16;137;314;0;246;135;135;224;13;40;30;84344832;0
692;40;36;4;0;320;0;1;135;135;191;27;40;30;84344832;0
693;40;36;1;1;323;0;253;135;135;191;27;40;30;84344832;0
694;39;35;8;1;321;0;2;135;135;162;25;40;30;84344832;0
695;39;35;2;30;315;0;250;135;135;162;25;40;30;84344832;0
696;39;35;8;1;309;0;3;135;135;143;29;40;30;84344832;0
697;39;36;1;0;304;0;0;135;135;143;29;40;30;84344832;0
698;40;35;30;22;298;0;255;135;135;160;22;40;30;84344832;0
699;40;36;2;0;290;0;1;135;135;160;22;40;30;84344832;0
700;40;35;21;148;288;0;242;135;135;160;22;40;30;84344832;0
701;40;36;4;0;296;0;1;135;135;137;25;40;30;84344832;0
702;40;36;1;0;304;0;255;135;135;137;25;40;30;84344832;0
703;40;35;9;1;315;0;0;135;135;196;24;40;30;84344832;0
704;40;36;1;0;329;0;255;135;135;196;24;40;30;84344832;0
705;40;35;21;6;341;0;1;135;135;107;26;40;30;84344832;0
706;40;36;1;0;346;0;0;135;135;107;26;40;30;84344832;0
707;40;35;49;127;344;0;248;135;135;146;26;40;30;84344832;0
708;40;36;3;0;334;0;1;135;135;146;26;40;30;84344832;0
709;40;35;3;44;323;0;251;135;135;146;26;40;30;84344832;0
710;40;35;10;1;311;0;1;135;135;149;23;40;30;84344832;0
711;40;36;1;0;295;0;255;135;135;149;23;40;30;84344832;0
712;40;35;42;30;284;0;255;135;135;158;23;40;30;84344832;0
713;40;36;2;0;273;0;1;135;135;158;23;40;30;84344832;0
714;40;36;0;4;264;0;253;135;135;158;23;40;30;84344832;0
715;40;35;8;1;258;0;3;135;135;155;21;40;30;84344832;0
716;40;36;2;0;254;0;255;135;135;155;21;40;30;84344832;0
717;40;35;10;1;258;0;3;135;135;69;29;40;30;84344832;0
718;40;36;1;0;268;0;255;135;135;69;29;40;30;84344832;0
719;40;35;15;4;279;0;0;135;135;136;28;40;30;84344832;0
720;40;36;1;0;286;0;0;135;135;136;28;40;30;84344832;0
721;40;35;38;24;296;0;0;135;135;223;25;40;30;84344832;0
722;40;36;2;0;312;0;0;135;135;223;25;40;30;84344832;0
723;40;35;77;76;327;0;252;135;135;206;26;40;30;84344832;0
724;40;36;2;0;343;0;0;135;135;206;26;40;30;84344832;0
725;40;36;1;4;352;0;251;135;135;206;26;40;30;84344832;0
726;40;35;10;1;355;0;2;135;135;159;22;40;30;84344832;0
727;40;36;1;0;355;0;255;135;135;159;22;40;30;84344832;0
728;40;35;8;6;354;0;0;135;135;117;22;40;30;84344832;0
729;40;35;16;27;350;0;253;135;135;38;49;40;30;84344832;0
730;40;36;3;0;345;0;0;135;135;38;49;40;30;84344832;0
731;40;35;90;167;344;0;248;135;135;79;29;40;30;84344832;0
732;40;36;3;0;346;0;1;135;135;79;29;40;30;84344832;0
733;40;35;9;103;345;0;248;135;135;79;29;40;30;84344832;0
734;40;36;6;0;338;0;3;135;135;171;26;40;30;84344832;0
735;40;36;1;0;329;0;255;135;135;171;26;40;30;84344832;0
736;40;35;9;1;315;0;1;135;135;157;25;40;30;84344832;0
737;40;36;1;0;303;0;0;135;135;157;25;40;30;84344832;0
738;40;35;16;3;294;0;0;135;135;147;24;40;30;84344832;0
739;40;36;2;0;289;0;0;135;135;147;24;40;30;84344832;0
740;40;35;50;46;286;0;254;135;135;123;26;40;30;84344832;0
741;40;36;2;0;282;0;0;135;135;123;26;40;30;84344832;0
742;40;36;2;26;279;0;248;135;135;123;26;40;30;84344832;0
743;40;36;6;0;278;0;2;135;135;147;23;40;30;84344832;0
744;40;36;1;0;277;0;255;135;135;147;23;40;30;84344832;0
745;40;35;19;4;280;0;0;135;135;187;25;40;30;84344832;0
746;40;36;1;0;288;0;0;135;135;187;25;40;30;84344832;0
747;40;35;52;82;294;0;250;135;135;145;24;40;30;84344832;0
748;40;36;4;0;294;0;1;135;135;145;24;40;30;84344832;0
749;40;35;9;112;295;0;246;135;135;145;24;40;30;84344832;0
750;40;36;4;0;297;0;1;135;135;161;25;40;30;84344832;0
751;40;36;1;0;300;0;255;135;135;161;25;40;30;84344832;0
752;40;35;13;63;303;0;249;135;135;78;20;40;30;84344832;0
753;40;36;6;1;304;0;3;135;135;78;20;40;30;84344832;0
754;40;35;6;96;305;0;246;135;135;78;20;40;30;84344832;0
755;40;36;6;0;307;0;2;135;135;122;26;40;30;84344832;0
756;40;36;1;0;309;0;255;135;135;122;26;40;30;84344832;0
757;40;35;19;9;309;0;0;135;135;166;25;40;30;84344832;0
758;40;36;1;0;309;0;0;135;135;166;25;40;30;84344832;0
759;40;35;25;9;308;0;0;135;135;169;24;40;30;84344832;0
760;40;36;2;0;308;0;0;135;135;169;24;40;30;84344832;0
761;40;35;31;16;311;0;0;135;135;104;29;40;30;84344832;0
762;40;36;2;0;316;0;0;135;135;104;29;40;30;84344832;0
763;40;35;66;137;318;0;248;135;135;176;24;40;30;84344832;0
764;40;36;3;0;316;0;0;135;135;176;24;40;30;84344832;0
765;40;36;0;0;313;0;255;135;135;176;24;40;30;84344832;0
766;40;36;0;0;310;0;255;135;135;176;24;40;30;84344832;0
767;40;35;29;8;307;0;0;135;135;139;16;40;30;84344832;0
768;40;36;2;0;307;0;0;135;135;139;16;40;30;84344832;0
769;40;35;24;8;309;0;0;135;135;104;29;40;30;84344832;0
770;40;36;2;0;313;0;0;135;135;104;29;40;30;84344832;0
771;40;35;34;70;317;0;251;135;135;86;25;40;30;84344832;0
772;40;36;3;0;320;0;0;135;135;86;25;40;30;84344832;0
773;40;35;59;45;322;0;254;135;135;105;27;40;30;84344832;0
774;40;36;3;0;323;0;0;135;135;105;27;40;30;84344832;0
775;40;35;4;64;323;0;249;135;135;105;27;40;30;84344832;0
776;40;36;5;0;319;0;2;135;135;120;25;40;30;84344832;0
777;40;35;2;38;312;0;250;135;135;120;25;40;30;84344832;0
778;40;35;8;1;304;0;2;135;135;157;26;40;30;84344832;0
779;40;36;0;0;294;0;254;135;135;157;26;40;30;84344832;0
780;40;35;16;3;293;0;0;135;135;94;26;40;30;84344832;0
781;40;36;1;0;297;0;0;135;135;94;26;40;30;84344832;0
782;40;35;45;24;300;0;255;135;135;123;24;40;30;84344832;0
783;40;36;2;0;300;0;0;135;135;123;24;40;30;84344832;0
784;40;35;36;115;300;0;249;135;135;111;26;40;30;84344832;0
785;40;36;3;0;300;0;1;135;135;111;26;40;30;84344832;0
786;40;36;1;3;303;0;252;135;135;111;26;40;30;84344832;0
787;40;35;7;1;307;0;2;135;135;102;25;40;30;84344832;0
788;40;36;1;0;310;0;255;135;135;102;25;40;30;84344832;0
789;40;35;15;42;314;0;251;135;135;119;21;40;30;84344832;0
790;40;36;4;0;314;0;2;135;135;119;21;40;30;84344832;0
791;40;36;1;1;314;0;251;135;135;119;21;40;30;84344832;0
792;40;35;8;1;315;0;2;135;135;76;24;40;30;84344832;0
793;40;36;1;0;314;0;0;135;135;76;24;40;30;84344832;0
794;40;35;11;2;309;0;0;135;135;145;25;40;30;84344832;0
795;40;36;1;0;300;0;0;135;135;145;25;40;30;84344832;0
796;40;35;1;0;291;0;255;135;135;145;25;40;30;84344832;0
797;40;35;13;2;284;0;0;135;135;140;19;40;30;84344832;0
798;40;36;1;0;278;0;255;135;135;140;19;40;30;84344832;0
799;40;35;8;1;277;0;0;135;135;120;28;40;30;84344832;0
800;40;36;1;0;279;0;255;135;135;120;28;40;30;84344832;0
801;40;35;42;18;282;0;0;135;135;95;26;40;30;84344832;0
802;40;36;2;0;286;0;0;135;135;95;26;40;30;84344832;0
803;40;35;15;83;289;0;249;135;135;118;24;40;30;84344832;0
804;40;36;5;0;290;0;2;135;135;118;24;40;30;84344832;0
805;40;35;6;59;292;0;249;135;135;118;24;40;30;84344832;0
806;40;36;4;0;296;0;1;135;135;101;27;40;30;84344832;0
807;40;36;1;0;300;0;0;135;135;101;27;40;30;84344832;0
808;40;35;8;1;304;0;3;135;135;146;24;40;30;84344832;0
809;40;36;1;0;306;0;255;135;135;146;24;40;30;84344832;0
810;40;35;83;111;313;0;249;135;135;234;24;40;30;84344832;0
811;40;36;4;0;326;0;1;135;135;234;24;40;30;84344832;0
812;40;35;93;169;340;0;246;135;135;256;25;40;30;84344832;0
813;40;36;4;0;347;0;2;135;135;256;25;40;30;84344832;0
814;40;36;1;4;352;0;254;135;135;256;25;40;30;84344832;0
815;40;35;12;2;353;0;1;135;135;154;25;40;30;84344832;0
816;40;36;1;0;353;0;0;135;135;154;25;40;30;84344832;0
817;40;35;47;76;345;0;252;135;135;193;22;40;30;84344832;0
818;40;36;3;0;332;0;0;135;135;193;22;40;30;84344832;0
819;40;36;1;17;323;0;250;135;135;193;22;40;30;84344832;0
820;40;35;8;1;315;0;2;135;135;142;24;40;30;84344832;0
821;40;36;1;0;308;0;0;135;135;142;24;40;30;84344832;0
822;40;35;49;72;298;0;251;135;135;153;22;40;30;84344832;0
823;40;36;4;0;289;0;0;135;135;153;22;40;30;84344832;0
824;39;35;361;583;281;0;227;135;135;249;28;40;30;84344832;0
825;40;36;6;1;274;0;9;135;135;249;28;40;30;84344832;0
826;40;35;279;410;275;0;235;135;135;199;98;40;30;84344832;0
827;40;35;11;4;289;0;5;135;135;199;98;40;30;84344832;0
828;40;35;190;234;309;0;247;135;135;957;31;40;30;84344832;0
829;40;36;7;1;327;0;11;135;135;957;31;40;30;84344832;0
830;39;35;229;395;344;0;240;135;135;857;27;40;30;84344832;0
831;40;35;10;1;357;0;11;135;135;857;27;40;30;84344832;0
832;40;35;69;352;366;0;235;135;135;926;28;40;30;84344832;0
833;40;35;22;8;373;0;12;135;135;926;28;40;30;84344832;0
834;39;35;178;305;377;0;241;135;135;1063;27;40;30;84344832;0
835;40;35;15;5;377;0;10;135;135;1063;27;40;30;84344832;0
836;40;35;70;367;374;0;239;135;135;768;30;40;30;84344832;0
837;40;36;9;2;369;0;9;135;135;768;30;40;30;84344832;0
838;40;35;4;16;364;0;0;135;135;768;30;40;30;84344832;0
839;40;35;41;37;358;0;6;135;135;1018;24;40;30;84344832;0
840;40;35;6;19;351;0;0;135;135;1018;24;40;30;84344832;0
841;40;35;16;7;344;0;6;135;135;878;28;40;30;84344832;0
842;40;35;15;244;340;0;240;135;135;878;28;40;30;84344832;0
843;40;35;18;27;335;0;1;135;135;711;29;40;30;84344832;0
844;40;36;3;0;330;0;255;135;135;711;29;40;30;84344832;0
845;40;36;0;0;326;0;255;135;135;711;29;40;30;84344832;0
846;40;36;0;0;324;0;255;135;135;711;29;40;30;84344832;0
847;40;36;0;0;343;0;255;135;135;0;0;40;30;84279296;0
