# time;P_O2, atm;P_He, atm;Flow O2, l/min;Flow He, l/min;FiO2 Env, %;FiO2 sens2, %;P mask, cm H2O;Tmask, gradC;Tnagr, gradC;V, ml;f, 1/min;Tzad, gradC;FiO2 zad, %;Flags;
# POWERON 01.12.2018 13:11:57
1;0;0;0;6;0;0;255;28;28;0;0;45;30;84279808;0
50;0;0;0;8;631;0;248;28;28;0;0;45;30;84279301;0
101;0;40;0;5;210;0;255;29;28;0;0;45;30;84279297;0
133;41;38;0;6;210;0;255;29;28;0;0;45;30;84279296;0
161;41;38;0;5;210;0;239;29;28;0;0;45;30;84344832;0
162;41;34;194;388;190;0;245;29;28;0;0;45;30;84344832;0
163;41;34;171;212;192;0;3;29;29;0;0;45;30;84344832;0
164;41;35;8;13;208;0;11;29;31;0;0;45;30;84344832;0
165;41;34;169;260;233;0;243;29;33;0;0;45;30;84344832;0
166;41;34;79;66;262;0;9;29;35;0;0;45;30;84344832;0
167;41;35;2;0;292;0;8;29;37;0;0;45;30;84344832;0
168;41;34;22;215;313;0;245;29;39;0;0;45;30;84344832;0
169;41;34;174;312;332;0;246;30;41;1254;17;45;30;84344832;0
170;41;35;4;0;347;0;10;31;43;1254;17;45;30;84344832;0
171;41;35;3;93;355;0;250;30;45;1254;17;45;30;84344832;0
172;41;34;149;354;360;0;248;32;47;1278;18;45;30;84344832;0
173;41;35;7;1;361;0;10;33;49;1278;18;45;30;84344832;0
174;41;34;2;72;357;0;0;32;50;1278;18;45;30;84344832;0
175;41;34;141;364;348;0;240;32;53;1547;15;45;30;84344832;0
176;41;35;113;209;341;0;8;35;54;1547;15;45;30;84344832;0
177;41;35;2;0;332;0;15;35;55;1547;15;45;30;84344832;0
178;41;34;139;396;324;0;246;36;56;1443;23;45;30;84344832;0
179;41;35;11;4;320;0;7;37;57;1443;23;45;30;84344832;0
180;41;34;16;45;315;0;0;37;58;1211;25;45;30;84344832;0
181;41;35;6;1;312;0;255;37;58;1211;25;45;30;84344832;0
182;41;35;1;0;312;0;255;37;59;1211;25;45;30;84344832;0
183;41;34;145;405;311;0;242;38;59;211;22;45;30;84344832;0
184;41;35;6;0;308;0;11;39;60;211;22;45;30;84344832;0
185;41;34;4;71;302;0;0;38;60;211;22;45;30;84344832;0
186;41;34;168;495;302;0;240;40;60;1080;21;45;30;84344832;0
187;41;35;4;0;302;0;8;41;61;1080;21;45;30;84344832;0
188;41;35;8;3;301;0;0;41;61;1211;26;45;30;84344832;0
189;41;35;2;1;303;0;255;40;62;1211;26;45;30;84344832;0
190;41;34;124;354;311;0;241;41;62;152;25;45;30;84344832;0
191;41;34;18;48;317;0;0;43;62;152;25;45;30;84344832;0
192;41;35;8;8;317;0;255;43;63;152;25;45;30;84344832;0
193;41;35;1;0;316;0;255;42;64;152;25;45;30;84344832;0
194;41;35;0;0;315;0;255;42;64;152;25;45;30;84344832;0
195;41;34;173;510;313;0;240;44;64;1179;12;45;30;84344832;0
196;41;34;16;52;310;0;2;44;65;1200;34;45;30;84344832;0
197;41;34;96;323;306;0;242;44;65;156;56;45;30;84344832;0
198;41;35;7;0;307;0;5;46;65;156;56;45;30;84344832;0
199;41;35;2;1;308;0;1;45;64;156;56;45;30;84344832;0
200;41;34;129;345;307;0;241;45;64;577;20;45;30;84344832;0
201;41;35;23;15;307;0;8;47;63;577;20;45;30;84344832;0
202;41;35;2;1;305;0;3;46;63;577;20;45;30;84344832;0
203;41;34;142;406;303;0;244;47;62;1223;22;45;30;84344832;0
204;41;35;11;4;303;0;6;48;62;1223;22;45;30;84344832;0
205;41;35;1;0;302;0;3;47;61;1223;22;45;30;84344832;0
206;41;34;124;345;302;0;244;48;61;1349;19;45;30;84344832;0
207;41;35;14;4;304;0;6;48;60;1349;19;45;30;84344832;0
208;41;35;2;3;302;0;1;48;60;1349;19;45;30;84344832;0
209;41;34;125;370;299;0;244;48;60;1312;20;45;30;84344832;0
210;41;34;19;84;296;0;0;49;59;1312;20;45;30;84344832;0
211;41;35;14;18;292;0;255;49;59;1219;30;45;30;84344832;0
212;41;35;2;0;291;0;255;49;59;1219;30;45;30;84344832;0
213;41;35;0;0;292;0;255;48;58;1219;30;45;30;84344832;0
214;41;35;0;1;291;0;255;48;58;1219;30;45;30;84344832;0
215;41;34;9;245;288;0;241;47;58;1219;30;45;30;84344832;0
216;41;34;87;145;286;0;4;48;57;243;12;45;30;84344832;0
217;41;35;3;0;284;0;5;48;57;243;12;45;30;84344832;0
218;41;34;107;252;283;0;245;48;57;1059;21;45;30;84344832;0
219;41;35;35;27;285;0;5;49;56;1059;21;45;30;84344832;0
220;41;34;21;37;288;0;255;49;56;1059;21;45;30;84344832;0
221;41;35;3;0;291;0;255;49;56;1059;21;45;30;84344832;0
222;41;35;0;0;296;0;255;48;56;1059;21;45;30;84344832;0
223;41;34;151;389;298;0;239;48;55;1215;12;45;30;84344832;0
224;41;35;10;10;298;0;5;49;55;1215;12;45;30;84344832;0
225;41;35;113;272;299;0;245;49;55;1093;26;45;30;84344832;0
226;41;35;40;63;302;0;5;49;54;1093;26;45;30;84344832;0
227;41;35;5;0;305;0;4;49;54;1093;26;45;30;84344832;0
228;41;34;152;418;308;0;239;49;54;1273;19;45;30;84344832;0
229;41;35;13;9;312;0;6;49;54;1273;19;45;30;84344832;0
230;41;35;3;4;314;0;1;49;53;1273;19;45;30;84344832;0
231;41;34;156;429;316;0;240;49;53;1196;19;45;30;84344832;0
232;41;35;24;11;321;0;9;49;53;1196;19;45;30;84344832;0
233;41;35;2;1;322;0;5;49;52;1196;19;45;30;84344832;0
234;41;34;143;401;322;0;242;49;52;1320;20;45;30;84344832;0
235;41;35;11;2;321;0;9;49;52;1320;20;45;30;84344832;0
236;41;35;1;3;319;0;1;48;52;1320;20;45;30;84344832;0
237;41;34;146;429;317;0;244;48;51;1302;21;45;30;84344832;0
238;41;35;6;1;314;0;8;48;51;1302;21;45;30;84344832;0
239;41;35;2;41;311;0;0;48;51;1302;21;45;30;84344832;0
240;41;34;163;478;308;0;242;48;51;1380;20;45;30;84344832;0
241;41;35;4;0;306;0;9;48;50;1380;20;45;30;84344832;0
242;41;34;7;190;304;0;244;48;50;1232;20;45;30;84344832;0
243;41;34;128;363;304;0;248;48;50;1232;20;45;30;84344832;0
244;41;35;3;3;304;0;7;48;50;1232;20;45;30;84344832;0
245;41;34;136;330;302;0;244;48;50;1174;20;45;30;84344832;0
246;41;35;34;22;300;0;9;48;49;1174;20;45;30;84344832;0
247;41;35;2;1;298;0;3;48;49;1174;20;45;30;84344832;0
248;41;34;141;393;298;0;243;48;49;1338;20;45;30;84344832;0
249;41;35;14;3;301;0;8;48;49;1338;20;45;30;84344832;0
250;41;35;2;2;302;0;1;47;48;1338;20;45;30;84344832;0
251;41;34;126;355;302;0;244;47;48;1283;20;45;30;84344832;0
252;41;35;9;1;303;0;7;47;48;1283;20;45;30;84344832;0
253;41;35;1;2;301;0;0;47;48;1283;20;45;30;84344832;0
254;41;34;122;352;299;0;244;47;48;1133;19;45;30;84344832;0
255;41;35;7;1;298;0;7;47;48;1133;19;45;30;84344832;0
256;41;35;1;2;294;0;0;47;47;1133;19;45;30;84344832;0
257;41;34;123;352;293;0;245;47;47;1113;19;45;30;84344832;0
258;41;35;5;0;294;0;5;47;47;1113;19;45;30;84344832;0
259;41;34;3;168;293;0;243;47;47;1113;19;45;30;84344832;0
260;41;34;124;321;293;0;247;47;47;1090;19;45;30;84344832;0
261;41;35;5;0;293;0;5;47;47;1090;19;45;30;84344832;0
262;41;34;3;158;293;0;243;47;46;1090;19;45;30;84344832;0
263;41;34;119;307;293;0;247;47;46;1070;19;45;30;84344832;0
264;41;35;5;0;294;0;5;46;46;1070;19;45;30;84344832;0
265;41;34;9;220;294;0;242;46;46;1070;19;45;30;84344832;0
266;41;34;120;292;295;0;250;46;46;1035;19;45;30;84344832;0
267;41;35;3;1;296;0;3;46;46;1035;19;45;30;84344832;0
268;41;34;133;274;296;0;246;46;46;1045;20;45;30;84344832;0
269;41;35;26;9;297;0;13;46;45;1045;20;45;30;84344832;0
270;41;35;2;1;298;0;9;46;45;1045;20;45;30;84344832;0
271;41;34;128;326;298;0;244;46;45;996;21;45;30;84344832;0
272;41;35;13;3;301;0;6;46;45;996;21;45;30;84344832;0
273;41;35;1;0;301;0;3;46;45;996;21;45;30;84344832;0
274;41;35;119;312;303;0;245;46;45;1334;18;45;30;84344832;0
275;41;35;26;15;306;0;8;45;45;1334;18;45;30;84344832;0
276;41;35;2;1;306;0;3;45;44;1334;18;45;30;84344832;0
277;41;34;149;408;306;0;241;45;44;1212;19;45;30;84344832;0
278;41;35;22;11;306;0;9;45;44;1212;19;45;30;84344832;0
279;41;35;2;1;306;0;3;45;44;1212;19;45;30;84344832;0
280;41;34;119;314;307;0;245;45;44;1397;19;45;30;84344832;0
281;41;35;12;2;311;0;7;45;44;1397;19;45;30;84344832;0
282;41;35;2;4;312;0;0;45;44;1397;19;45;30;84344832;0
283;41;34;117;335;311;0;245;45;46;1138;20;45;30;84344832;0
284;41;35;8;1;311;0;7;45;47;1138;20;45;30;84344832;0
285;41;35;7;156;308;0;251;45;48;1138;20;45;30;84344832;0
286;41;34;131;339;307;0;249;45;49;1124;21;45;30;84344832;0
287;41;35;5;0;307;0;5;45;49;1124;21;45;30;84344832;0
288;41;34;4;191;304;0;244;45;49;1124;21;45;30;84344832;0
289;41;34;125;343;304;0;245;45;48;1101;19;45;30;84344832;0
290;41;35;4;0;303;0;4;45;48;1101;19;45;30;84344832;0
291;41;35;1;1;299;0;0;45;48;1101;19;45;30;84344832;0
292;41;34;149;412;298;0;243;45;48;1115;17;45;30;84344832;0
293;41;35;3;0;297;0;12;45;48;1115;17;45;30;84344832;0
294;41;34;103;274;297;0;247;45;47;939;23;45;30;84344832;0
295;41;35;9;0;298;0;21;45;47;939;23;45;30;84344832;0
296;41;34;3;92;298;0;0;45;47;939;23;45;30;84344832;0
297;41;34;131;252;297;0;1;45;47;722;25;45;30;84344832;0
298;41;35;3;0;297;0;17;45;47;722;25;45;30;84344832;0
299;41;35;1;2;296;0;5;45;46;722;25;45;30;84344832;0
300;41;34;141;301;297;0;245;45;46;1019;15;45;30;84344832;0
301;41;34;53;73;298;0;6;45;46;1019;15;45;30;84344832;0
302;41;35;2;1;300;0;2;45;46;1019;15;45;30;84344832;0
303;41;34;119;296;302;0;243;45;46;1150;20;45;30;84344832;0
304;41;35;16;4;306;0;7;45;46;1150;20;45;30;84344832;0
305;41;35;1;0;307;0;1;45;46;1150;20;45;30;84344832;0
306;41;34;121;323;309;0;244;45;45;1115;19;45;30;84344832;0
307;41;35;12;4;311;0;5;45;45;1115;19;45;30;84344832;0
308;41;35;1;1;311;0;1;45;45;1115;19;45;30;84344832;0
309;41;34;99;281;311;0;243;45;45;1007;18;45;30;84344832;0
310;41;35;39;31;313;0;6;45;45;1007;18;45;30;84344832;0
311;41;35;2;0;312;0;2;45;45;1007;18;45;30;84344832;0
312;41;34;151;386;310;0;240;45;45;1118;18;45;30;84344832;0
313;41;35;29;16;309;0;8;45;44;1118;18;45;30;84344832;0
314;41;35;2;2;308;0;2;45;44;1118;18;45;30;84344832;0
315;41;35;116;326;306;0;244;45;44;1137;21;45;30;84344832;0
316;41;35;11;3;307;0;5;45;44;1137;21;45;30;84344832;0
317;41;35;1;1;305;0;2;44;45;1137;21;45;30;84344832;0
318;41;34;97;305;303;0;244;44;46;1048;17;45;30;84344832;0
319;41;34;157;377;302;0;0;45;46;1048;17;45;30;84344832;0
320;41;35;5;12;300;0;7;44;47;1048;17;45;30;84344832;0
321;41;34;76;365;298;0;239;45;47;1539;18;45;30;84344832;0
322;41;34;90;160;300;0;4;45;46;1539;18;45;30;84344832;0
323;41;35;2;0;300;0;4;45;46;1539;18;45;30;84344832;0
324;41;34;120;296;299;0;244;45;46;1063;21;45;30;84344832;0
325;41;35;34;23;298;0;7;45;46;1063;21;45;30;84344832;0
326;41;35;2;1;297;0;3;45;46;1063;21;45;30;84344832;0
327;41;34;101;271;297;0;246;45;46;1093;21;45;30;84344832;0
328;41;35;19;8;298;0;8;45;45;1093;21;45;30;84344832;0
329;41;35;1;1;297;0;2;45;45;1093;21;45;30;84344832;0
330;41;34;119;329;295;0;244;45;45;1163;18;45;30;84344832;0
331;41;35;16;3;294;0;14;44;45;1163;18;45;30;84344832;0
332;41;35;2;11;293;0;3;44;45;1163;18;45;30;84344832;0
333;41;34;159;405;293;0;246;44;45;1034;21;45;30;84344832;0
334;41;35;4;0;293;0;7;44;45;1034;21;45;30;84344832;0
335;41;34;12;280;295;0;239;44;45;1034;21;45;30;84344832;0
336;41;34;44;44;300;0;5;44;46;1081;21;45;30;84344832;0
337;41;35;2;1;304;0;1;44;47;1081;21;45;30;84344832;0
338;41;34;132;339;306;0;243;44;47;892;22;45;30;84344832;0
339;41;35;8;1;309;0;6;44;47;892;22;45;30;84344832;0
340;41;35;1;3;310;0;0;44;47;892;22;45;30;84344832;0
341;41;34;127;343;311;0;246;44;47;1021;21;45;30;84344832;0
342;41;35;4;0;310;0;4;45;47;1021;21;45;30;84344832;0
343;41;34;12;258;309;0;240;44;47;1021;21;45;30;84344832;0
344;41;35;43;42;308;0;4;45;47;892;21;45;30;84344832;0
345;41;35;2;0;307;0;2;45;47;892;21;45;30;84344832;0
346;41;34;16;236;305;0;241;44;46;892;21;45;30;84344832;0
347;41;35;42;43;303;0;3;45;46;877;19;45;30;84344832;0
348;41;35;2;1;302;0;0;45;46;877;19;45;30;84344832;0
349;41;34;113;328;298;0;242;45;46;689;23;45;30;84344832;0
350;41;35;21;6;294;0;8;45;46;689;23;45;30;84344832;0
351;41;35;1;0;291;0;1;44;46;689;23;45;30;84344832;0
352;41;34;108;261;291;0;245;44;45;1165;18;45;30;84344832;0
353;41;35;13;2;293;0;6;44;45;1165;18;45;30;84344832;0
354;41;35;1;2;294;0;0;44;45;1165;18;45;30;84344832;0
355;41;34;102;261;293;0;247;44;45;906;20;45;30;84344832;0
356;41;35;7;1;293;0;5;44;45;906;20;45;30;84344832;0
357;41;35;1;1;293;0;0;44;45;906;20;45;30;84344832;0
358;41;34;113;278;293;0;246;44;45;911;19;45;30;84344832;0
359;41;35;8;1;295;0;4;44;45;911;19;45;30;84344832;0
360;41;35;1;1;296;0;0;44;45;911;19;45;30;84344832;0
361;41;34;110;263;296;0;246;44;46;947;18;45;30;84344832;0
362;41;35;7;1;297;0;4;44;47;947;18;45;30;84344832;0
363;41;35;1;1;298;0;0;44;47;947;18;45;30;84344832;0
364;41;34;118;283;300;0;246;44;47;847;19;45;30;84344832;0
365;41;35;8;1;302;0;4;44;47;847;19;45;30;84344832;0
366;41;35;1;1;303;0;0;44;46;847;19;45;30;84344832;0
367;41;34;95;238;304;0;248;44;46;920;19;45;30;84344832;0
368;41;35;3;1;305;0;1;44;46;920;19;45;30;84344832;0
369;41;35;15;23;304;0;254;44;46;612;24;45;30;84344832;0
370;41;35;24;13;303;0;3;45;46;170;105;45;30;84344832;0
371;41;35;2;0;305;0;3;44;46;170;105;45;30;84344832;0
372;41;34;115;269;304;0;244;44;46;540;22;45;30;84344832;0
373;41;35;19;7;302;0;6;44;45;540;22;45;30;84344832;0
374;41;35;1;1;297;0;0;44;45;540;22;45;30;84344832;0
375;41;34;148;414;297;0;239;44;45;902;21;45;30;84344832;0
376;41;35;4;0;298;0;20;44;45;902;21;45;30;84344832;0
377;41;34;129;324;301;0;244;44;45;729;26;45;30;84344832;0
378;41;35;13;1;305;0;16;44;45;729;26;45;30;84344832;0
379;41;35;2;2;308;0;6;44;45;729;26;45;30;84344832;0
380;41;34;127;334;310;0;246;44;45;1067;21;45;30;84344832;0
381;41;35;7;0;314;0;15;44;46;1067;21;45;30;84344832;0
382;41;35;0;79;314;0;1;44;47;1067;21;45;30;84344832;0
383;41;35;49;23;314;0;8;44;47;991;21;45;30;84344832;0
384;41;35;2;0;313;0;8;44;48;991;21;45;30;84344832;0
385;41;34;9;219;312;0;243;44;49;991;21;45;30;84344832;0
386;41;35;28;8;312;0;15;44;49;774;20;45;30;84344832;0
387;41;35;2;5;311;0;5;45;49;774;20;45;30;84344832;0
388;41;34;98;281;309;0;244;45;48;913;22;45;30;84344832;0
389;41;35;10;1;307;0;12;45;48;913;22;45;30;84344832;0
390;41;35;1;3;303;0;2;45;48;913;22;45;30;84344832;0
391;41;34;113;304;299;0;244;45;48;844;19;45;30;84344832;0
392;41;35;10;1;298;0;11;45;48;844;19;45;30;84344832;0
393;41;35;1;0;297;0;4;45;47;844;19;45;30;84344832;0
394;41;34;98;240;297;0;248;45;47;970;19;45;30;84344832;0
395;41;35;9;1;298;0;12;45;47;970;19;45;30;84344832;0
396;41;35;1;2;298;0;2;45;47;970;19;45;30;84344832;0
397;41;34;105;284;296;0;246;45;47;804;20;45;30;84344832;0
398;41;35;5;0;295;0;12;45;47;804;20;45;30;84344832;0
399;41;34;3;53;293;0;254;45;47;804;20;45;30;84344832;0
400;41;34;97;217;293;0;253;45;46;822;21;45;30;84344832;0
401;41;35;3;0;293;0;7;45;46;822;21;45;30;84344832;0
402;41;34;52;259;291;0;243;45;46;712;20;45;30;84344832;0
403;41;34;85;132;290;0;3;45;46;712;20;45;30;84344832;0
404;41;35;2;0;291;0;9;45;46;712;20;45;30;84344832;0
405;41;34;103;246;291;0;247;45;46;892;20;45;30;84344832;0
406;41;35;23;5;292;0;10;45;45;892;20;45;30;84344832;0
407;41;35;1;0;294;0;5;45;45;892;20;45;30;84344832;0
408;41;35;116;273;296;0;246;45;45;815;20;45;30;84344832;0
409;41;35;14;2;299;0;15;45;45;815;20;45;30;84344832;0
410;41;35;1;0;302;0;5;45;45;815;20;45;30;84344832;0
411;41;34;115;268;304;0;246;45;45;1004;19;45;30;84344832;0
412;41;35;14;2;308;0;12;44;45;1004;19;45;30;84344832;0
413;41;35;3;22;309;0;4;44;45;1004;19;45;30;84344832;0
414;41;34;141;363;311;0;243;44;45;1150;19;45;30;84344832;0
415;41;35;12;2;315;0;8;44;44;1150;19;45;30;84344832;0
416;41;35;1;1;316;0;1;44;45;1150;19;45;30;84344832;0
417;41;34;138;345;318;0;246;44;46;1230;19;45;30;84344832;0
418;41;35;10;1;320;0;28;44;48;1230;19;45;30;84344832;0
419;41;35;1;0;320;0;9;44;49;1230;19;45;30;84344832;0
420;41;34;139;376;319;0;246;45;49;1255;20;45;30;84344832;0
421;41;35;6;0;318;0;8;45;49;1255;20;45;30;84344832;0
422;41;35;2;24;317;0;250;45;49;1255;20;45;30;84344832;0
423;41;34;109;288;317;0;249;45;49;1204;19;45;30;84344832;0
424;41;35;4;0;316;0;8;45;49;1204;19;45;30;84344832;0
425;41;34;67;274;313;0;244;45;49;950;21;45;30;84344832;0
426;41;34;147;349;309;0;251;45;49;950;21;45;30;84344832;0
427;41;35;3;0;303;0;7;45;48;950;21;45;30;84344832;0
428;41;34;134;289;300;0;245;45;48;1217;20;45;30;84344832;0
429;41;35;34;31;300;0;7;45;48;1217;20;45;30;84344832;0
430;41;35;5;1;300;0;5;45;48;1217;20;45;30;84344832;0
431;41;35;2;30;302;0;255;45;48;1217;20;45;30;84344832;0
432;41;35;16;7;308;0;8;45;47;1141;17;45;30;84344832;0
433;41;35;2;0;312;0;5;45;47;1141;17;45;30;84344832;0
434;41;34;126;354;315;0;244;45;47;799;23;45;30;84344832;0
435;41;35;6;0;316;0;8;45;47;799;23;45;30;84344832;0
436;41;34;5;80;315;0;255;45;47;799;23;45;30;84344832;0
437;41;34;81;133;313;0;4;45;47;1008;22;45;30;84344832;0
438;41;35;3;0;311;0;5;45;46;1008;22;45;30;84344832;0
439;41;34;111;294;307;0;246;45;46;877;23;45;30;84344832;0
440;41;35;8;1;305;0;7;45;46;877;23;45;30;84344832;0
441;41;34;7;235;301;0;242;45;46;877;23;45;30;84344832;0
442;41;35;53;59;299;0;5;45;46;816;23;45;30;84344832;0
443;41;35;2;1;298;0;3;45;46;816;23;45;30;84344832;0
444;41;34;128;349;296;0;245;45;45;827;23;45;30;84344832;0
445;41;35;6;5;295;0;5;45;45;827;23;45;30;84344832;0
446;41;34;145;276;294;0;247;45;45;1016;23;45;30;84344832;0
447;41;35;9;1;295;0;18;45;45;1016;23;45;30;84344832;0
448;41;34;12;34;297;0;0;45;45;604;33;45;30;84344832;0
449;41;34;147;374;298;0;239;45;45;229;51;45;30;84344832;0
450;41;35;4;0;299;0;25;45;45;229;51;45;30;84344832;0
451;41;34;3;39;300;0;0;45;45;229;51;45;30;84344832;0
452;41;34;146;386;303;0;247;45;44;611;24;45;30;84344832;0
453;41;35;6;0;307;0;17;45;44;611;24;45;30;84344832;0
454;41;34;8;304;308;0;240;45;45;611;24;45;30;84344832;0
455;41;34;114;245;309;0;1;45;46;1492;19;45;30;84344832;0
456;41;35;3;0;309;0;13;45;47;1492;19;45;30;84344832;0
457;41;34;127;332;307;0;245;45;48;1136;21;45;30;84344832;0
458;41;35;17;3;306;0;13;45;48;1136;21;45;30;84344832;0
459;41;35;1;0;303;0;7;45;48;1136;21;45;30;84344832;0
460;41;34;113;311;300;0;246;45;48;1003;21;45;30;84344832;0
461;41;35;10;1;299;0;13;45;48;1003;21;45;30;84344832;0
462;41;35;2;10;296;0;1;45;47;1003;21;45;30;84344832;0
463;41;34;99;253;294;0;250;45;47;1063;20;45;30;84344832;0
464;41;35;5;0;292;0;12;45;47;1063;20;45;30;84344832;0
465;41;34;23;248;290;0;245;45;47;839;21;45;30;84344832;0
466;41;34;79;132;288;0;2;45;47;839;21;45;30;84344832;0
467;41;35;2;0;286;0;8;45;47;839;21;45;30;84344832;0
468;41;34;138;339;286;0;246;45;47;926;21;45;30;84344832;0
469;41;35;5;0;288;0;11;45;46;926;21;45;30;84344832;0
470;41;34;5;141;291;0;245;45;46;926;21;45;30;84344832;0
471;41;35;55;66;297;0;4;45;46;812;23;45;30;84344832;0
472;41;35;2;3;303;0;1;45;46;812;23;45;30;84344832;0
473;41;34;115;278;306;0;245;45;46;775;23;45;30;84344832;0
474;41;35;7;1;310;0;5;45;46;775;23;45;30;84344832;0
475;41;35;1;1;310;0;0;45;46;775;23;45;30;84344832;0
476;41;34;105;254;309;0;247;45;45;874;19;45;30;84344832;0
477;41;35;9;0;309;0;4;45;45;874;19;45;30;84344832;0
478;41;35;1;1;308;0;255;45;45;874;19;45;30;84344832;0
479;41;34;106;273;308;0;247;45;45;729;20;45;30;84344832;0
480;41;35;4;0;308;0;3;45;45;729;20;45;30;84344832;0
481;41;34;5;208;306;0;242;45;45;729;20;45;30;84344832;0
482;41;34;87;150;305;0;2;45;45;888;20;45;30;84344832;0
483;41;35;3;0;305;0;16;45;45;888;20;45;30;84344832;0
484;41;34;9;67;304;0;0;45;44;837;20;45;30;84344832;0
485;41;34;145;379;306;0;243;45;44;837;20;45;30;84344832;0
486;41;35;7;1;309;0;8;44;44;837;20;45;30;84344832;0
487;41;35;2;18;310;0;255;44;45;837;20;45;30;84344832;0
488;41;34;131;341;313;0;245;45;46;1186;17;45;30;84344832;0
489;41;35;4;0;316;0;8;45;48;1186;17;45;30;84344832;0
490;41;34;108;277;314;0;246;45;49;921;23;45;30;84344832;0
491;41;35;12;2;312;0;11;45;49;921;23;45;30;84344832;0
492;41;35;2;16;310;0;0;45;49;921;23;45;30;84344832;0
493;41;34;128;348;307;0;244;45;49;918;22;45;30;84344832;0
494;41;35;5;0;305;0;8;45;49;918;22;45;30;84344832;0
495;41;34;30;274;302;0;242;45;48;918;22;45;30;84344832;0
496;41;35;55;59;302;0;5;45;48;1002;20;45;30;84344832;0
497;41;35;2;0;301;0;4;45;48;1002;20;45;30;84344832;0
498;41;34;104;285;300;0;246;45;48;847;22;45;30;84344832;0
499;41;35;11;2;300;0;9;45;48;847;22;45;30;84344832;0
500;41;35;2;9;299;0;0;45;48;847;22;45;30;84344832;0
501;41;34;111;288;298;0;247;45;47;897;21;45;30;84344832;0
502;41;35;6;0;299;0;8;45;47;897;21;45;30;84344832;0
503;41;34;97;249;298;0;247;45;47;913;22;45;30;84344832;0
504;41;35;41;30;297;0;5;45;47;913;22;45;30;84344832;0
505;41;35;2;0;296;0;4;45;47;913;22;45;30;84344832;0
506;41;34;107;276;294;0;246;45;46;843;22;45;30;84344832;0
507;41;35;8;0;292;0;9;45;46;843;22;45;30;84344832;0
508;41;35;1;1;289;0;1;45;46;843;22;45;30;84344832;0
509;41;34;136;336;290;0;244;45;46;942;19;45;30;84344832;0
510;41;35;10;2;293;0;7;45;46;942;19;45;30;84344832;0
511;41;35;1;1;295;0;1;45;46;942;19;45;30;84344832;0
512;41;34;128;298;299;0;245;45;46;930;20;45;30;84344832;0
513;41;35;6;0;303;0;7;45;45;930;20;45;30;84344832;0
514;41;35;1;2;304;0;0;45;45;930;20;45;30;84344832;0
515;41;34;87;211;308;0;248;45;45;915;19;45;30;84344832;0
516;41;35;8;1;311;0;8;45;45;915;19;45;30;84344832;0
517;41;35;1;1;310;0;1;45;45;915;19;45;30;84344832;0
518;41;34;116;288;308;0;246;45;45;846;19;45;30;84344832;0
519;41;35;12;2;306;0;8;45;45;846;19;45;30;84344832;0
520;41;35;1;1;302;0;3;45;45;846;19;45;30;84344832;0
521;41;34;102;243;299;0;246;45;45;1015;17;45;30;84344832;0
522;41;35;25;15;298;0;5;45;44;1015;17;45;30;84344832;0
523;41;35;2;0;297;0;4;45;44;1015;17;45;30;84344832;0
524;41;34;88;225;296;0;246;45;44;871;19;45;30;84344832;0
525;41;35;39;28;297;0;4;45;44;871;19;45;30;84344832;0
526;41;35;2;0;296;0;3;45;45;871;19;45;30;84344832;0
527;41;34;71;243;296;0;245;45;46;877;18;45;30;84344832;0
528;41;34;107;236;296;0;253;45;46;877;18;45;30;84344832;0
529;41;35;3;0;297;0;4;45;46;877;18;45;30;84344832;0
530;41;34;141;345;297;0;242;45;46;1017;20;45;30;84344832;0
531;41;34;124;326;299;0;248;45;46;1017;20;45;30;84344832;0
532;41;35;4;1;302;0;7;45;46;1017;20;45;30;84344832;0
533;41;35;0;38;304;0;245;45;46;1017;20;45;30;84344832;0
534;41;34;139;303;308;0;251;44;46;1482;17;45;30;84344832;0
535;41;35;6;0;312;0;9;45;46;1482;17;45;30;84344832;0
536;41;35;1;0;314;0;3;45;46;1482;17;45;30;84344832;0
537;41;34;115;284;315;0;246;45;46;1193;17;45;30;84344832;0
538;41;35;9;1;315;0;7;45;45;1193;17;45;30;84344832;0
539;41;35;1;0;312;0;1;45;45;1193;17;45;30;84344832;0
540;41;34;108;285;310;0;244;45;45;984;18;45;30;84344832;0
541;41;35;16;4;309;0;8;44;45;984;18;45;30;84344832;0
542;41;35;2;0;306;0;3;44;45;984;18;45;30;84344832;0
543;41;34;107;377;303;0;240;44;45;989;20;45;30;84344832;0
544;41;34;76;147;302;0;2;44;45;989;20;45;30;84344832;0
545;41;35;3;0;301;0;8;44;45;989;20;45;30;84344832;0
546;41;35;1;12;300;0;0;44;45;989;20;45;30;84344832;0
547;41;34;126;297;301;0;249;44;46;1349;15;45;30;84344832;0
548;41;35;8;1;303;0;10;44;46;1349;15;45;30;84344832;0
549;41;35;1;0;302;0;2;44;46;1349;15;45;30;84344832;0
550;41;34;125;307;302;0;244;44;46;1266;17;45;30;84344832;0
551;41;35;12;2;303;0;9;44;46;1266;17;45;30;84344832;0
552;41;35;1;1;302;0;1;44;46;1266;17;45;30;84344832;0
553;41;34;119;287;302;0;244;45;46;1046;18;45;30;84344832;0
554;41;35;23;13;303;0;6;44;46;1046;18;45;30;84344832;0
555;41;35;2;0;302;0;3;44;46;1046;18;45;30;84344832;0
556;41;34;112;254;301;0;246;45;46;1020;18;45;30;84344832;0
557;41;35;56;67;303;0;5;45;46;1020;18;45;30;84344832;0
558;41;35;2;1;303;0;3;44;45;1020;18;45;30;84344832;0
559;41;34;142;275;301;0;245;44;45;1038;19;45;30;84344832;0
560;41;35;39;48;299;0;6;44;45;1038;19;45;30;84344832;0
561;41;35;2;0;297;0;4;44;45;1038;19;45;30;84344832;0
562;41;34;111;263;298;0;246;44;45;1157;19;45;30;84344832;0
563;41;35;16;6;302;0;6;44;45;1157;19;45;30;84344832;0
564;41;35;2;0;303;0;3;44;44;1157;19;45;30;84344832;0
565;41;34;100;296;304;0;242;44;44;955;18;45;30;84344832;0
566;41;34;74;106;304;0;5;44;44;955;18;45;30;84344832;0
567;41;35;2;0;304;0;5;44;45;955;18;45;30;84344832;0
568;41;34;6;152;304;0;246;44;46;955;18;45;30;84344832;0
569;41;34;112;279;304;0;249;44;47;1034;18;45;30;84344832;0
570;41;35;4;0;304;0;7;44;48;1034;18;45;30;84344832;0
571;41;34;111;385;302;0;241;44;49;917;20;45;30;84344832;0
572;41;35;60;67;300;0;8;45;49;917;20;45;30;84344832;0
573;41;35;2;0;300;0;7;45;49;917;20;45;30;84344832;0
574;41;34;146;388;301;0;242;45;49;1147;21;45;30;84344832;0
575;41;35;11;3;303;0;7;45;49;1147;21;45;30;84344832;0
576;41;35;2;1;304;0;4;45;48;1147;21;45;30;84344832;0
577;41;34;104;259;306;0;246;45;48;1282;19;45;30;84344832;0
578;41;35;12;1;310;0;9;45;48;1282;19;45;30;84344832;0
579;41;35;2;3;310;0;0;45;48;1282;19;45;30;84344832;0
580;41;34;104;278;308;0;246;45;48;885;20;45;30;84344832;0
581;41;35;7;0;305;0;7;45;48;885;20;45;30;84344832;0
582;41;35;2;20;301;0;255;45;47;885;20;45;30;84344832;0
583;41;34;118;312;299;0;243;45;47;919;18;45;30;84344832;0
584;41;35;11;2;298;0;8;45;47;919;18;45;30;84344832;0
585;41;35;1;3;297;0;0;45;47;919;18;45;30;84344832;0
586;41;34;120;318;298;0;244;45;47;908;20;45;30;84344832;0
587;41;35;7;0;299;0;8;45;47;908;20;45;30;84344832;0
588;41;35;1;1;299;0;0;45;46;908;20;45;30;84344832;0
589;41;34;106;274;299;0;246;45;46;952;19;45;30;84344832;0
590;41;35;8;1;300;0;6;45;46;952;19;45;30;84344832;0
591;41;35;1;1;299;0;1;45;46;952;19;45;30;84344832;0
592;41;34;104;260;298;0;245;45;46;885;19;45;30;84344832;0
593;41;35;9;1;297;0;8;45;46;885;19;45;30;84344832;0
594;41;35;1;1;294;0;0;45;46;885;19;45;30;84344832;0
595;41;34;113;301;293;0;243;45;45;819;19;45;30;84344832;0
596;41;35;37;51;293;0;5;45;45;819;19;45;30;84344832;0
597;41;35;3;1;293;0;2;45;45;819;19;45;30;84344832;0
598;41;34;42;134;295;0;248;45;45;1256;18;45;30;84344832;0
599;41;35;8;1;301;0;8;45;45;1256;18;45;30;84344832;0
600;41;34;19;336;304;0;237;45;45;1256;18;45;30;84344832;0
601;41;35;41;34;299;0;5;45;45;437;23;45;30;84344832;0
602;41;35;2;0;292;0;3;45;45;437;23;45;30;84344832;0
603;41;34;149;391;291;0;242;45;45;827;23;45;30;84344832;0
604;41;35;25;12;296;0;10;44;44;827;23;45;30;84344832;0
605;41;35;2;0;300;0;6;45;44;827;23;45;30;84344832;0
606;41;34;150;361;305;0;240;45;45;1245;21;45;30;84344832;0
607;41;35;30;13;309;0;13;45;46;1245;21;45;30;84344832;0
608;41;35;2;0;313;0;8;45;47;1245;21;45;30;84344832;0
609;41;34;131;345;316;0;244;45;48;1326;17;45;30;84344832;0
610;41;35;25;9;320;0;11;45;48;1326;17;45;30;84344832;0
611;41;35;2;0;320;0;5;45;48;1326;17;45;30;84344832;0
612;41;34;114;274;319;0;246;45;48;1246;19;45;30;84344832;0
613;41;35;11;2;318;0;10;45;47;1246;19;45;30;84344832;0
614;41;34;3;68;315;0;255;45;47;1246;19;45;30;84344832;0
615;41;34;113;294;311;0;248;45;47;1023;22;45;30;84344832;0
616;41;35;5;0;309;0;8;45;47;1023;22;45;30;84344832;0
617;41;35;1;6;304;0;0;45;47;1023;22;45;30;84344832;0
618;41;34;113;301;301;0;246;45;47;970;18;45;30;84344832;0
619;41;35;6;0;299;0;7;45;47;970;18;45;30;84344832;0
620;41;35;1;5;295;0;255;45;46;970;18;45;30;84344832;0
621;41;34;138;359;295;0;246;45;46;998;19;45;30;84344832;0
622;41;35;5;1;296;0;7;45;46;998;19;45;30;84344832;0
623;41;35;2;20;297;0;1;45;46;998;19;45;30;84344832;0
624;41;34;117;285;301;0;245;45;46;1213;18;45;30;84344832;0
625;41;35;5;0;306;0;4;45;46;1213;18;45;30;84344832;0
626;41;35;1;22;307;0;244;45;45;1213;18;45;30;84344832;0
627;41;34;94;231;308;0;249;45;45;811;20;45;30;84344832;0
628;41;35;3;0;308;0;3;45;45;811;20;45;30;84344832;0
629;41;35;1;0;305;0;0;45;45;811;20;45;30;84344832;0
630;41;34;87;254;302;0;243;45;45;803;16;45;30;84344832;0
631;41;35;13;7;300;0;3;45;45;803;16;45;30;84344832;0
632;41;35;2;1;298;0;0;45;45;803;16;45;30;84344832;0
633;41;35;0;1;296;0;0;45;45;803;16;45;30;84344832;0
634;41;34;118;309;297;0;243;45;45;902;15;45;30;84344832;0
635;41;35;9;1;299;0;8;45;44;902;15;45;30;84344832;0
636;41;35;2;2;298;0;0;45;44;902;15;45;30;84344832;0
637;41;34;109;273;298;0;245;45;44;998;18;45;30;84344832;0
638;41;35;4;1;301;0;3;45;44;998;18;45;30;84344832;0
639;41;34;10;247;300;0;239;45;45;998;18;45;30;84344832;0
640;41;34;74;70;299;0;10;45;47;639;23;45;30;84344832;0
641;41;35;3;3;297;0;4;45;48;639;23;45;30;84344832;0
642;41;35;4;11;297;0;254;45;48;639;23;45;30;84344832;0
643;41;34;153;381;302;0;246;45;48;1037;18;45;30;84344832;0
644;41;35;3;0;306;0;16;45;48;1037;18;45;30;84344832;0
645;41;34;14;345;307;0;242;45;48;1037;18;45;30;84344832;0
646;41;34;120;276;309;0;0;45;48;1157;20;45;30;84344832;0
647;41;35;3;0;309;0;18;45;48;1157;20;45;30;84344832;0
648;41;35;2;39;308;0;0;45;48;1157;20;45;30;84344832;0
649;41;34;115;303;308;0;248;45;48;1078;18;45;30;84344832;0
650;41;35;7;0;307;0;21;45;47;1078;18;45;30;84344832;0
651;41;35;1;1;304;0;6;45;47;1078;18;45;30;84344832;0
652;41;34;96;260;301;0;247;45;47;1151;18;45;30;84344832;0
653;41;35;14;4;299;0;6;45;47;1151;18;45;30;84344832;0
654;41;35;1;1;295;0;1;45;47;1151;18;45;30;84344832;0
655;41;34;92;261;293;0;244;45;47;1047;17;45;30;84344832;0
656;41;35;52;67;295;0;4;45;47;1047;17;45;30;84344832;0
657;41;35;2;0;297;0;2;45;46;1047;17;45;30;84344832;0
658;41;34;44;276;298;0;241;45;46;1076;18;45;30;84344832;0
659;41;34;107;216;302;0;0;45;46;1076;18;45;30;84344832;0
660;41;35;3;0;304;0;4;45;46;1076;18;45;30;84344832;0
661;41;35;1;1;304;0;255;45;46;1076;18;45;30;84344832;0
662;41;34;114;308;304;0;245;45;46;1029;17;45;30;84344832;0
663;41;35;4;0;304;0;4;45;46;1029;17;45;30;84344832;0
664;41;34;3;135;301;0;247;45;45;1029;17;45;30;84344832;0
665;41;34;103;263;303;0;248;45;45;843;19;45;30;84344832;0
666;41;35;3;0;304;0;3;45;45;843;19;45;30;84344832;0
667;41;34;3;132;303;0;246;45;45;843;19;45;30;84344832;0
668;41;34;94;255;302;0;246;45;45;822;19;45;30;84344832;0
669;41;35;5;0;301;0;5;45;45;822;19;45;30;84344832;0
670;41;35;1;1;297;0;0;45;45;822;19;45;30;84344832;0
671;41;34;99;245;294;0;247;45;45;899;16;45;30;84344832;0
672;41;35;14;2;293;0;6;45;44;899;16;45;30;84344832;0
673;41;35;1;0;292;0;0;45;44;899;16;45;30;84344832;0
674;41;34;92;227;292;0;247;45;44;820;21;45;30;84344832;0
675;41;35;5;0;294;0;6;45;44;820;21;45;30;84344832;0
676;41;35;1;1;295;0;255;45;44;820;21;45;30;84344832;0
677;41;34;86;216;296;0;248;45;46;705;20;45;30;84344832;0
678;41;35;6;0;296;0;5;45;47;705;20;45;30;84344832;0
679;41;35;1;1;295;0;0;45;48;705;20;45;30;84344832;0
680;41;34;108;248;295;0;245;45;48;779;16;45;30;84344832;0
681;41;35;17;4;298;0;6;45;48;779;16;45;30;84344832;0
682;41;35;2;0;300;0;2;45;48;779;16;45;30;84344832;0
683;41;34;91;222;299;0;247;45;48;790;20;45;30;84344832;0
684;41;35;30;12;298;0;6;45;48;790;20;45;30;84344832;0
685;41;35;2;1;296;0;3;45;48;790;20;45;30;84344832;0
686;41;34;3;156;294;0;246;45;48;790;20;45;30;84344832;0
687;41;34;109;253;294;0;250;45;48;816;17;45;30;84344832;0
688;41;35;4;0;294;0;6;45;47;816;17;45;30;84344832;0
689;41;35;1;5;295;0;254;45;47;816;17;45;30;84344832;0
690;41;34;93;204;297;0;249;45;47;822;18;45;30;84344832;0
691;41;35;5;0;301;0;7;45;47;822;18;45;30;84344832;0
692;41;35;2;17;301;0;254;45;47;822;18;45;30;84344832;0
693;41;34;90;217;300;0;249;45;47;742;19;45;30;84344832;0
694;41;35;3;0;298;0;6;45;47;742;19;45;30;84344832;0
695;41;35;1;5;296;0;254;45;46;742;19;45;30;84344832;0
696;41;34;94;229;295;0;248;45;46;704;18;45;30;84344832;0
697;41;35;5;0;295;0;9;45;46;704;18;45;30;84344832;0
698;41;35;1;1;293;0;1;45;46;704;18;45;30;84344832;0
699;41;34;89;188;292;0;247;45;46;779;16;45;30;84344832;0
700;41;35;67;68;292;0;3;45;46;779;16;45;30;84344832;0
701;41;35;2;0;292;0;4;45;46;779;16;45;30;84344832;0
702;41;34;9;174;291;0;244;45;46;779;16;45;30;84344832;0
703;41;34;113;236;291;0;250;45;45;807;17;45;30;84344832;0
704;41;35;3;0;293;0;8;45;45;807;17;45;30;84344832;0
705;41;34;3;139;295;0;247;45;45;807;17;45;30;84344832;0
706;41;34;114;263;299;0;248;45;45;809;19;45;30;84344832;0
707;41;35;3;0;304;0;9;45;45;809;19;45;30;84344832;0
708;41;35;0;1;307;0;0;45;45;809;19;45;30;84344832;0
709;41;34;98;225;309;0;247;45;45;827;17;45;30;84344832;0
710;41;35;7;0;311;0;12;45;45;827;17;45;30;84344832;0
711;41;35;1;1;311;0;1;45;45;827;17;45;30;84344832;0
712;41;34;99;223;310;0;248;45;45;745;19;45;30;84344832;0
713;41;35;7;1;310;0;13;45;44;745;19;45;30;84344832;0
714;41;35;2;9;308;0;0;45;44;745;19;45;30;84344832;0
715;41;34;112;265;306;0;248;45;44;763;20;45;30;84344832;0
716;41;35;4;0;303;0;14;45;44;763;20;45;30;84344832;0
717;41;35;1;1;302;0;2;45;45;763;20;45;30;84344832;0
718;41;34;109;221;302;0;247;45;46;885;16;45;30;84344832;0
719;41;35;7;0;304;0;13;45;46;885;16;45;30;84344832;0
720;41;35;2;26;304;0;255;45;46;885;16;45;30;84344832;0
721;41;34;87;202;305;0;249;45;46;544;23;45;30;84344832;0
722;41;35;4;0;304;0;10;45;46;544;23;45;30;84344832;0
723;41;35;1;24;303;0;255;45;46;544;23;45;30;84344832;0
724;41;34;81;191;300;0;249;45;46;670;19;45;30;84344832;0
725;41;35;3;0;297;0;9;45;46;670;19;45;30;84344832;0
726;41;34;17;214;295;0;245;45;46;670;19;45;30;84344832;0
727;41;35;60;57;293;0;5;45;46;674;20;45;30;84344832;0
728;41;35;2;0;293;0;7;45;46;674;20;45;30;84344832;0
729;41;34;30;220;292;0;243;45;45;688;19;45;30;84344832;0
730;41;35;78;80;293;0;4;45;45;688;19;45;30;84344832;0
731;41;35;2;0;296;0;6;45;45;688;19;45;30;84344832;0
732;41;34;26;218;296;0;244;45;45;714;19;45;30;84344832;0
733;41;35;69;64;297;0;6;45;45;714;19;45;30;84344832;0
734;41;35;2;0;297;0;8;45;45;714;19;45;30;84344832;0
735;41;34;104;216;299;0;248;45;45;770;21;45;30;84344832;0
736;41;35;14;2;301;0;16;45;45;770;21;45;30;84344832;0
737;41;35;1;0;303;0;4;45;45;770;21;45;30;84344832;0
738;41;34;95;212;303;0;246;44;44;723;18;45;30;84344832;0
739;41;35;36;11;304;0;11;44;44;723;18;45;30;84344832;0
740;41;35;2;0;304;0;9;44;45;723;18;45;30;84344832;0
741;41;34;101;326;304;0;241;44;46;815;18;45;30;84344832;0
742;41;34;127;203;302;0;2;44;47;815;18;45;30;84344832;0
743;41;35;3;0;300;0;6;44;47;815;18;45;30;84344832;0
744;41;35;1;0;301;0;6;44;47;815;18;45;30;84344832;0
745;41;34;126;271;308;0;246;44;47;1127;16;45;30;84344832;0
746;41;35;13;1;316;0;15;45;47;1127;16;45;30;84344832;0
747;41;35;1;0;320;0;7;44;46;1127;16;45;30;84344832;0
748;41;34;92;225;322;0;246;45;46;862;20;45;30;84344832;0
749;41;35;34;10;322;0;16;45;46;862;20;45;30;84344832;0
750;41;35;2;0;319;0;13;45;46;862;20;45;30;84344832;0
751;41;34;86;207;316;0;249;45;46;1010;18;45;30;84344832;0
752;41;34;70;88;314;0;7;45;46;1010;18;45;30;84344832;0
753;41;35;2;0;312;0;15;45;46;1010;18;45;30;84344832;0
754;41;35;4;98;310;0;5;45;46;1010;18;45;30;84344832;0
755;41;34;108;261;309;0;248;45;45;934;17;45;30;84344832;0
756;41;35;4;0;309;0;18;45;45;934;17;45;30;84344832;0
757;41;35;1;19;307;0;0;44;45;934;17;45;30;84344832;0
758;41;34;102;262;307;0;247;45;45;751;19;45;30;84344832;0
759;41;35;4;0;307;0;14;44;45;751;19;45;30;84344832;0
760;41;35;1;2;304;0;2;44;45;751;19;45;30;84344832;0
761;41;34;104;245;302;0;246;44;45;758;17;45;30;84344832;0
762;41;35;15;2;301;0;18;44;45;758;17;45;30;84344832;0
763;41;35;1;0;299;0;7;44;45;758;17;45;30;84344832;0
764;41;34;94;227;297;0;247;44;45;891;17;45;30;84344832;0
765;41;35;33;11;295;0;11;44;44;891;17;45;30;84344832;0
766;41;35;2;0;294;0;8;44;45;891;17;45;30;84344832;0
767;41;35;1;3;294;0;0;44;46;891;17;45;30;84344832;0
768;41;34;115;267;297;0;246;44;47;923;15;45;30;84344832;0
769;41;35;5;0;301;0;13;44;47;923;15;45;30;84344832;0
770;41;35;1;0;303;0;3;44;47;923;15;45;30;84344832;0
771;41;34;108;250;305;0;248;44;47;749;20;45;30;84344832;0
772;41;35;5;0;306;0;12;44;47;749;20;45;30;84344832;0
773;41;35;1;2;306;0;3;44;47;749;20;45;30;84344832;0
774;41;34;102;247;306;0;247;45;46;810;18;45;30;84344832;0
775;41;35;10;1;305;0;16;45;46;810;18;45;30;84344832;0
776;41;35;1;0;304;0;5;45;46;810;18;45;30;84344832;0
777;41;34;99;244;301;0;248;45;46;832;19;45;30;84344832;0
778;41;35;10;1;299;0;17;45;46;832;19;45;30;84344832;0
779;41;35;1;0;298;0;7;45;46;832;19;45;30;84344832;0
780;41;34;97;225;298;0;248;45;46;856;18;45;30;84344832;0
781;41;35;12;1;299;0;14;45;46;856;18;45;30;84344832;0
782;41;35;1;0;298;0;6;45;45;856;18;45;30;84344832;0
783;41;34;101;227;297;0;248;44;45;732;19;45;30;84344832;0
784;41;35;15;2;297;0;16;44;45;732;19;45;30;84344832;0
785;41;35;1;0;295;0;7;44;45;732;19;45;30;84344832;0
786;41;34;108;229;293;0;248;44;45;807;19;45;30;84344832;0
787;41;35;22;5;293;0;18;44;45;807;19;45;30;84344832;0
788;41;35;2;0;293;0;7;44;45;807;19;45;30;84344832;0
789;41;35;2;38;295;0;242;44;45;807;19;45;30;84344832;0
790;41;34;110;212;297;0;255;44;45;947;16;45;30;84344832;0
791;41;35;3;0;299;0;8;44;45;947;16;45;30;84344832;0
792;41;34;93;238;302;0;246;44;46;746;22;45;30;84344832;0
793;41;35;30;11;306;0;9;44;47;746;22;45;30;84344832;0
794;41;35;2;0;309;0;5;44;49;746;22;45;30;84344832;0
795;41;34;142;321;309;0;242;44;49;802;19;45;30;84344832;0
796;41;35;26;9;309;0;9;45;49;802;19;45;30;84344832;0
797;41;35;9;30;308;0;2;45;49;1006;28;45;30;84344832;0
798;41;35;1;0;309;0;4;45;49;1006;28;45;30;84344832;0
799;41;34;122;273;313;0;249;45;49;94;31;45;30;84344832;0
800;41;35;3;0;322;0;15;45;49;94;31;45;30;84344832;0
801;41;35;5;74;325;0;3;45;49;94;31;45;30;84344832;0
802;41;34;119;296;324;0;244;45;49;600;21;45;30;84344832;0
803;41;35;13;2;324;0;13;45;48;600;21;45;30;84344832;0
804;41;35;1;0;321;0;8;45;48;600;21;45;30;84344832;0
805;41;34;61;229;316;0;247;45;48;957;16;45;30;84344832;0
806;41;35;31;9;312;0;10;45;48;957;16;45;30;84344832;0
807;41;35;2;0;306;0;8;45;48;957;16;45;30;84344832;0
808;41;34;84;237;298;0;246;45;47;885;18;45;30;84344832;0
809;41;35;64;64;294;0;6;45;47;885;18;45;30;84344832;0
810;41;35;2;0;289;0;9;45;47;885;18;45;30;84344832;0
811;41;34;11;184;286;0;247;45;47;838;18;45;30;84344832;0
812;41;34;113;291;285;0;247;45;47;838;18;45;30;84344832;0
813;41;35;3;0;283;0;12;45;47;838;18;45;30;84344832;0
814;41;35;1;22;282;0;0;45;47;838;18;45;30;84344832;0
815;41;34;106;241;285;0;247;45;47;822;18;45;30;84344832;0
816;41;35;5;0;290;0;12;45;46;822;18;45;30;84344832;0
817;41;35;1;1;293;0;1;45;46;822;18;45;30;84344832;0
818;41;34;106;237;296;0;248;45;46;821;18;45;30;84344832;0
819;41;35;6;0;300;0;14;45;46;821;18;45;30;84344832;0
820;41;35;1;0;301;0;3;45;46;821;18;45;30;84344832;0
821;41;34;102;232;303;0;247;45;46;844;17;45;30;84344832;0
822;41;35;7;0;305;0;13;45;46;844;17;45;30;84344832;0
823;41;35;1;2;305;0;2;45;46;844;17;45;30;84344832;0
824;41;34;92;207;305;0;247;45;45;690;18;45;30;84344832;0
825;41;35;26;8;304;0;8;45;45;690;18;45;30;84344832;0
826;41;35;2;0;302;0;7;45;45;690;18;45;30;84344832;0
827;41;35;0;1;300;0;0;45;45;690;18;45;30;84344832;0
828;41;34;92;216;299;0;247;45;45;758;15;45;30;84344832;0
829;41;35;7;0;300;0;13;45;45;758;15;45;30;84344832;0
830;41;35;1;1;299;0;1;45;45;758;15;45;30;84344832;0
831;41;34;4;160;298;0;245;45;45;758;15;45;30;84344832;0
832;41;34;92;156;296;0;0;45;45;656;16;45;30;84344832;0
833;41;35;2;0;295;0;8;45;45;656;16;45;30;84344832;0
834;41;34;3;111;294;0;247;45;45;656;16;45;30;84344832;0
835;41;34;96;230;296;0;248;45;44;690;19;45;30;84344832;0
836;41;35;3;0;298;0;8;45;44;690;19;45;30;84344832;0
837;41;35;1;1;299;0;0;45;44;690;19;45;30;84344832;0
838;41;34;82;185;298;0;248;45;44;671;17;45;30;84344832;0
839;41;35;10;1;299;0;11;45;44;671;17;45;30;84344832;0
840;41;35;1;0;299;0;4;45;45;671;17;45;30;84344832;0
841;41;34;20;189;298;0;245;44;46;671;17;45;30;84344832;0
842;41;35;61;35;296;0;6;45;46;688;16;45;30;84344832;0
843;41;35;2;0;295;0;9;45;46;688;16;45;30;84344832;0
844;41;34;4;109;292;0;245;45;46;688;16;45;30;84344832;0
845;41;34;95;210;288;0;251;45;46;687;18;45;30;84344832;0
846;41;35;2;0;286;0;9;45;46;687;18;45;30;84344832;0
847;41;34;37;192;287;0;247;45;46;662;20;45;30;84344832;0
848;41;34;103;210;291;0;251;45;46;662;20;45;30;84344832;0
849;41;35;2;0;297;0;11;45;46;662;20;45;30;84344832;0
850;41;34;10;156;301;0;247;45;46;750;19;45;30;84344832;0
851;41;34;86;183;304;0;251;45;46;750;19;45;30;84344832;0
852;41;35;2;0;306;0;11;45;46;750;19;45;30;84344832;0
853;41;35;0;1;307;0;1;45;46;750;19;45;30;84344832;0
854;41;34;40;283;307;0;239;45;46;750;19;45;30;84344832;0
855;41;34;98;148;308;0;1;45;45;709;14;45;30;84344832;0
856;41;35;2;0;309;0;9;45;45;709;14;45;30;84344832;0
857;41;35;0;0;310;0;2;45;45;709;14;45;30;84344832;0
858;41;35;0;1;311;0;0;45;45;709;14;45;30;84344832;0
859;41;34;48;191;313;0;245;45;45;824;12;45;30;84344832;0
860;41;35;59;32;316;0;6;44;45;824;12;45;30;84344832;0
861;41;35;2;0;318;0;8;45;45;824;12;45;30;84344832;0
862;41;34;6;150;319;0;245;45;45;824;12;45;30;84344832;0
863;41;34;84;159;320;0;0;44;45;747;18;45;30;84344832;0
864;41;35;2;0;320;0;10;44;44;747;18;45;30;84344832;0
865;41;35;0;0;317;0;1;44;44;747;18;45;30;84344832;0
866;41;34;84;203;314;0;248;44;45;672;16;45;30;84344832;0
867;41;35;14;1;313;0;15;45;46;672;16;45;30;84344832;0
868;41;35;1;0;310;0;7;44;47;672;16;45;30;84344832;0
869;41;34;11;235;307;0;243;44;47;672;16;45;30;84344832;0
870;41;34;94;173;305;0;0;45;48;808;16;45;30;84344832;0
871;41;35;2;0;304;0;11;45;48;808;16;45;30;84344832;0
872;41;35;2;48;303;0;253;45;47;808;16;45;30;84344832;0
873;41;34;91;209;303;0;250;45;47;738;18;45;30;84344832;0
874;41;35;4;0;303;0;16;45;47;738;18;45;30;84344832;0
875;41;35;1;0;302;0;3;45;47;738;18;45;30;84344832;0
876;41;34;104;223;301;0;247;45;47;857;16;45;30;84344832;0
877;41;35;16;2;301;0;16;45;47;857;16;45;30;84344832;0
878;41;35;1;0;301;0;10;45;47;857;16;45;30;84344832;0
879;41;34;11;203;300;0;245;45;47;857;16;45;30;84344832;0
880;41;35;67;82;299;0;3;45;46;843;16;45;30;84344832;0
881;41;35;2;0;298;0;8;45;46;843;16;45;30;84344832;0
882;41;34;13;189;298;0;245;45;46;843;16;45;30;84344832;0
883;41;35;33;11;298;0;11;45;46;587;20;45;30;84344832;0
884;41;35;2;0;298;0;7;45;46;587;20;45;30;84344832;0
885;41;34;29;203;298;0;245;45;46;653;19;45;30;84344832;0
886;41;35;36;15;300;0;7;45;46;653;19;45;30;84344832;0
887;41;35;2;0;302;0;8;45;46;653;19;45;30;84344832;0
888;41;35;1;8;303;0;252;45;46;653;19;45;30;84344832;0
889;41;34;94;192;304;0;253;45;45;639;17;45;30;84344832;0
890;41;35;3;0;305;0;11;45;45;639;17;45;30;84344832;0
891;41;35;0;1;304;0;0;45;45;639;17;45;30;84344832;0
892;41;34;101;236;305;0;248;45;45;692;18;45;30;84344832;0
893;41;35;8;0;304;0;16;45;45;692;18;45;30;84344832;0
894;41;35;1;0;303;0;6;45;45;692;18;45;30;84344832;0
895;41;34;81;198;302;0;249;45;45;792;18;45;30;84344832;0
896;41;35;8;1;301;0;15;45;45;792;18;45;30;84344832;0
897;41;35;1;0;299;0;5;45;45;792;18;45;30;84344832;0
898;41;34;86;191;297;0;249;45;45;632;20;45;30;84344832;0
899;41;35;7;0;295;0;15;44;44;632;20;45;30;84344832;0
900;41;35;1;4;294;0;1;44;44;632;20;45;30;84344832;0
901;41;34;99;229;293;0;249;44;45;654;19;45;30;84344832;0
902;41;35;6;0;294;0;16;44;46;654;19;45;30;84344832;0
903;41;35;2;65;295;0;0;44;47;654;19;45;30;84344832;0
904;41;34;77;164;297;0;252;44;47;767;19;45;30;84344832;0
905;41;35;5;0;298;0;16;45;47;767;19;45;30;84344832;0
906;41;35;1;10;298;0;0;44;47;767;19;45;30;84344832;0
907;41;34;84;183;297;0;251;45;47;633;19;45;30;84344832;0
908;41;35;4;0;296;0;15;45;47;633;19;45;30;84344832;0
909;41;34;17;273;294;0;242;45;47;633;19;45;30;84344832;0
910;41;34;141;267;294;0;255;45;47;706;20;45;30;84344832;0
911;41;35;4;0;295;0;7;45;46;706;20;45;30;84344832;0
912;41;34;106;259;298;0;244;45;46;1025;21;45;30;84344832;0
913;41;35;47;33;306;0;6;45;46;1025;21;45;30;84344832;0
914;41;35;2;1;312;0;3;45;46;1025;21;45;30;84344832;0
915;41;35;1;13;316;0;241;45;46;1025;21;45;30;84344832;0
916;41;34;111;256;321;0;247;45;46;1060;16;45;30;84344832;0
917;41;35;4;0;325;0;3;45;46;1060;16;45;30;84344832;0
918;41;35;2;9;324;0;255;45;45;1060;16;45;30;84344832;0
919;41;34;116;269;324;0;245;45;45;863;17;45;30;84344832;0
920;41;35;16;4;325;0;5;45;45;863;17;45;30;84344832;0
921;41;35;2;1;323;0;0;45;45;863;17;45;30;84344832;0
922;41;34;101;238;320;0;245;44;45;943;18;45;30;84344832;0
923;41;35;63;82;317;0;3;44;45;943;18;45;30;84344832;0
924;41;35;2;0;313;0;1;44;45;943;18;45;30;84344832;0
925;41;34;93;222;308;0;245;44;45;914;18;45;30;84344832;0
926;41;35;57;59;305;0;2;44;45;914;18;45;30;84344832;0
927;41;35;2;0;302;0;2;44;45;914;18;45;30;84344832;0
928;41;35;1;12;299;0;242;44;44;914;18;45;30;84344832;0
929;41;34;89;205;299;0;251;44;45;825;17;45;30;84344832;0
930;41;35;4;0;301;0;3;44;47;825;17;45;30;84344832;0
931;41;34;99;232;300;0;245;44;47;787;21;45;30;84344832;0
932;41;35;48;49;301;0;4;44;47;787;21;45;30;84344832;0
933;41;35;2;1;300;0;1;45;47;787;21;45;30;84344832;0
934;41;34;107;236;301;0;246;45;47;833;21;45;30;84344832;0
935;41;35;12;2;304;0;5;45;47;833;21;45;30;84344832;0
936;41;35;1;1;304;0;0;45;47;833;21;45;30;84344832;0
937;41;34;110;263;304;0;246;45;47;829;19;45;30;84344832;0
938;41;35;7;1;304;0;4;45;47;829;19;45;30;84344832;0
939;41;35;1;1;302;0;0;45;46;829;19;45;30;84344832;0
940;41;34;104;236;302;0;247;45;46;803;19;45;30;84344832;0
941;41;35;8;1;302;0;4;45;46;803;19;45;30;84344832;0
942;41;35;1;1;302;0;0;45;46;803;19;45;30;84344832;0
943;41;34;120;285;302;0;247;45;46;845;20;45;30;84344832;0
944;41;35;6;0;302;0;5;45;46;845;20;45;30;84344832;0
945;41;35;1;1;301;0;0;45;46;845;20;45;30;84344832;0
946;41;34;114;263;303;0;246;45;46;991;18;45;30;84344832;0
947;41;35;10;1;306;0;5;45;45;991;18;45;30;84344832;0
948;41;35;1;1;307;0;0;45;45;991;18;45;30;84344832;0
949;41;34;120;282;308;0;244;45;45;880;18;45;30;84344832;0
950;41;35;26;17;308;0;6;44;45;880;18;45;30;84344832;0
951;41;35;2;1;306;0;1;45;45;880;18;45;30;84344832;0
952;41;34;133;321;306;0;244;44;45;1021;20;45;30;84344832;0
953;41;35;8;0;307;0;24;44;45;1021;20;45;30;84344832;0
954;41;35;2;8;307;0;2;44;45;1021;20;45;30;84344832;0
955;41;34;84;326;308;0;243;44;45;920;17;45;30;84344832;0
956;41;35;21;4;311;0;16;44;44;920;17;45;30;84344832;0
957;41;35;4;26;312;0;2;44;45;920;17;45;30;84344832;0
958;41;34;122;303;311;0;245;44;46;713;26;45;30;84344832;0
959;41;35;8;1;309;0;6;44;48;713;26;45;30;84344832;0
960;41;35;1;2;306;0;1;44;49;713;26;45;30;84344832;0
961;41;34;114;283;305;0;246;45;49;1221;17;45;30;84344832;0
962;41;35;7;0;306;0;5;45;49;1221;17;45;30;84344832;0
963;41;35;1;1;305;0;0;45;49;1221;17;45;30;84344832;0
964;41;34;99;250;304;0;248;45;49;896;20;45;30;84344832;0
965;41;35;3;0;303;0;2;45;49;896;20;45;30;84344832;0
966;41;34;14;212;301;0;243;45;49;896;20;45;30;84344832;0
967;41;35;15;15;299;0;1;45;49;697;21;45;30;84344832;0
968;41;35;2;0;299;0;1;45;48;697;21;45;30;84344832;0
969;41;34;95;220;299;0;246;45;48;592;21;45;30;84344832;0
970;41;35;4;0;301;0;9;45;48;592;21;45;30;84344832;0
971;41;35;7;2;301;0;0;45;48;431;31;45;30;84344832;0
972;41;34;142;335;303;0;241;45;48;115;45;45;30;84344832;0
973;41;35;15;72;313;0;255;45;48;115;45;45;30;84344832;0
974;41;35;16;24;322;0;255;45;47;860;41;45;30;84344832;0
975;41;34;126;301;327;0;242;45;47;279;33;45;30;84344832;0
976;41;35;10;5;330;0;4;45;47;279;33;45;30;84344832;0
977;41;35;16;41;326;0;255;45;47;783;40;45;30;84344832;0
978;41;35;3;0;324;0;255;45;47;783;40;45;30;84344832;0
979;41;35;1;0;323;0;255;45;47;783;40;45;30;84344832;0
980;41;35;0;0;320;0;255;45;47;783;40;45;30;84344832;0
981;41;35;0;1;314;0;254;45;46;783;40;45;30;84344832;0
982;41;34;114;320;309;0;242;45;46;320;10;45;30;84344832;0
983;41;35;10;1;307;0;4;45;46;320;10;45;30;84344832;0
984;41;35;1;0;305;0;2;45;46;320;10;45;30;84344832;0
985;41;34;76;423;304;0;237;45;46;320;10;45;30;84344832;0
986;41;35;30;32;304;0;5;45;46;862;18;45;30;84344832;0
987;41;35;4;0;304;0;2;45;46;862;18;45;30;84344832;0
988;41;35;9;169;304;0;252;45;46;862;18;45;30;84344832;0
989;41;35;73;108;308;0;4;45;46;950;18;45;30;84344832;0
990;41;35;3;0;311;0;2;45;45;950;18;45;30;84344832;0
991;41;34;71;326;312;0;240;45;45;898;21;45;30;84344832;0
992;41;35;4;1;312;0;0;45;45;898;21;45;30;84344832;0
993;41;35;8;3;309;0;0;45;45;326;38;45;30;84344832;0
994;41;34;112;444;301;0;232;45;45;157;36;45;30;84344832;0
995;41;35;36;88;288;0;0;45;45;157;36;45;30;84344832;0
996;41;35;12;20;277;0;255;45;45;157;36;45;30;84344832;0
997;41;34;133;341;274;0;240;45;45;991;19;45;30;84344832;0
998;41;35;29;21;275;0;6;45;45;991;19;45;30;84344832;0
999;41;35;2;0;276;0;2;45;44;991;19;45;30;84344832;0
1000;41;34;128;281;280;0;245;45;44;1047;22;45;30;84344832;0
1001;41;35;10;1;289;0;6;45;44;1047;22;45;30;84344832;0
1002;41;35;2;9;296;0;255;45;45;1047;22;45;30;84344832;0
1003;41;34;84;126;302;0;0;45;46;961;21;45;30;84344832;0
1004;41;35;29;60;308;0;0;45;48;961;21;45;30;84344832;0
1005;41;34;135;326;312;0;241;45;49;1155;21;45;30;84344832;0
1006;41;35;14;3;311;0;7;45;50;1155;21;45;30;84344832;0
1007;41;35;2;4;309;0;1;45;50;1155;21;45;30;84344832;0
1008;41;34;136;338;309;0;246;45;50;818;23;45;30;84344832;0
1009;41;35;6;0;310;0;6;46;50;818;23;45;30;84344832;0
1010;41;35;1;4;310;0;0;45;50;818;23;45;30;84344832;0
1011;41;34;123;318;310;0;244;46;50;1069;19;45;30;84344832;0
1012;41;35;7;1;310;0;4;46;50;1069;19;45;30;84344832;0
1013;41;35;2;21;308;0;254;46;49;1069;19;45;30;84344832;0
1014;41;34;123;301;309;0;249;46;49;1030;20;45;30;84344832;0
1015;41;35;5;0;310;0;6;46;49;1030;20;45;30;84344832;0
1016;41;35;2;39;309;0;243;46;49;1030;20;45;30;84344832;0
1017;41;34;125;312;310;0;250;46;49;1132;19;45;30;84279296;0
