# time;P_O2, atm;P_He, atm;Flow O2, l/min;Flow He, l/min;FiO2 Env, %;FiO2 sens2, %;P mask, cm H2O;Tmask, gradC;Tnagr, gradC;V, ml;f, 1/min;Tzad, gradC;FiO2 zad, %;Flags;
# POWERON 13.12.2018 14:39:56
1;0;0;0;5;0;0;255;135;135;0;0;40;30;84279808;0
50;0;0;0;7;633;0;248;135;135;0;0;40;30;84279301;0
103;40;0;0;5;210;0;255;135;135;0;0;40;30;84279300;0
119;40;36;0;5;210;0;255;135;135;0;0;40;30;84279296;0
180;39;36;0;6;210;0;255;135;135;0;0;40;30;84279296;0
241;39;36;0;6;210;0;255;135;135;0;0;40;30;84279296;0
302;39;36;0;6;210;0;255;135;135;0;0;40;30;84279296;0
313;39;36;0;6;190;0;255;135;135;0;0;40;30;84344832;0
314;39;36;0;6;190;0;255;135;135;0;0;40;30;84344832;0
315;39;36;0;6;189;0;2;135;135;0;0;40;30;84344832;0
316;38;34;190;350;190;0;240;135;135;0;0;40;30;84344832;0
317;39;35;3;3;190;0;1;135;135;0;0;40;30;84344832;0
318;39;34;72;56;198;0;4;135;135;543;33;40;30;84344832;0
319;39;35;9;4;222;0;0;135;135;543;33;40;30;84344832;0
320;39;35;1;0;249;0;255;135;135;543;33;40;30;84344832;0
321;39;35;0;0;273;0;1;135;135;543;33;40;30;84344832;0
322;39;34;42;61;296;0;0;135;135;669;13;40;30;84344832;0
323;39;34;53;14;316;0;14;135;135;222;128;40;30;84344832;0
324;39;34;145;297;329;0;246;135;135;729;44;40;30;84344832;0
325;39;35;8;12;335;0;0;135;135;729;44;40;30;84344832;0
326;39;35;0;0;334;0;0;135;135;729;44;40;30;84344832;0
327;39;35;0;0;334;0;255;135;135;729;44;40;30;84344832;0
328;39;35;8;1;337;0;0;135;135;593;16;40;30;84344832;0
329;39;35;5;1;336;0;0;135;135;593;16;40;30;84344832;0
330;39;35;6;2;328;0;0;135;135;593;16;40;30;84344832;0
331;39;35;0;0;318;0;255;135;135;593;16;40;30;84344832;0
332;39;35;0;1;310;0;255;135;135;593;16;40;30;84344832;0
333;38;33;196;516;306;0;242;135;135;514;11;40;30;84344832;0
334;39;33;45;344;306;0;241;135;135;718;53;40;30;84344832;0
335;39;35;8;0;305;0;9;135;135;718;53;40;30;84344832;0
336;38;34;232;465;304;0;245;135;135;718;53;40;30;84344832;0
337;39;35;11;1;305;0;14;135;135;973;25;40;30;84344832;0
338;39;34;37;183;305;0;248;135;135;960;36;40;30;84344832;0
339;39;34;23;42;306;0;2;135;135;960;36;40;30;84344832;0
340;39;35;3;0;308;0;0;135;135;960;36;40;30;84344832;0
341;39;35;0;0;309;0;0;135;135;960;36;40;30;84344832;0
342;39;35;0;0;314;0;0;135;135;960;36;40;30;84344832;0
343;39;35;0;0;320;0;255;135;135;960;36;40;30;84344832;0
344;39;35;22;7;326;0;7;135;135;1097;10;40;30;84344832;0
345;39;35;4;4;329;0;0;135;135;1097;10;40;30;84344832;0
346;39;34;39;33;329;0;6;135;135;476;32;40;30;84344832;0
347;39;35;5;25;327;0;0;135;135;606;37;40;30;84344832;0
348;39;35;17;8;322;0;7;135;135;606;37;40;30;84344832;0
349;39;35;3;9;317;0;0;135;135;606;37;40;30;84344832;0
350;39;35;1;0;310;0;255;135;135;606;37;40;30;84344832;0
351;39;35;1;0;305;0;0;135;135;606;37;40;30;84344832;0
352;39;35;0;0;303;0;255;135;135;606;37;40;30;84344832;0
353;39;34;131;380;303;0;245;135;135;876;10;40;30;84344832;0
354;39;35;4;16;305;0;3;135;135;876;10;40;30;84344832;0
355;39;34;123;300;305;0;255;135;135;827;29;40;30;84344832;0
356;39;35;5;21;304;0;3;135;135;827;29;40;30;84344832;0
357;39;35;2;1;301;0;0;135;135;827;29;40;30;84344832;0
358;39;34;122;338;301;0;240;135;135;947;17;40;30;84344832;0
359;39;35;9;1;301;0;8;135;135;947;17;40;30;84344832;0
360;39;35;2;2;300;0;0;135;135;947;17;40;30;84344832;0
361;39;34;146;368;299;0;248;135;135;1078;21;40;30;84344832;0
362;39;35;4;6;298;0;4;135;135;1078;21;40;30;84344832;0
363;39;35;1;0;297;0;0;135;135;1078;21;40;30;84344832;0
364;38;34;183;535;297;0;232;135;135;1017;18;40;30;84344832;0
365;39;35;9;1;298;0;10;135;135;1017;18;40;30;84344832;0
366;39;33;91;598;298;0;224;135;135;1185;32;40;30;84344832;0
367;39;34;30;22;299;0;12;135;135;217;104;40;30;84344832;0
368;39;34;10;31;299;0;0;135;135;1236;35;40;30;84344832;0
369;39;35;2;0;300;0;1;135;135;1236;35;40;30;84344832;0
370;39;34;135;368;304;0;244;135;135;230;27;40;30;84344832;0
371;39;35;6;0;310;0;10;135;135;230;27;40;30;84344832;0
372;38;34;162;479;311;0;235;135;135;941;26;40;30;84344832;0
373;39;35;11;2;309;0;10;135;135;941;26;40;30;84344832;0
374;39;34;46;305;304;0;244;135;135;1025;30;40;30;84344832;0
375;39;34;22;68;302;0;3;135;135;1025;30;40;30;84344832;0
376;39;35;3;21;300;0;0;135;135;1025;30;40;30;84344832;0
377;39;34;15;30;298;0;0;135;135;1137;23;40;30;84344832;0
378;39;35;2;0;298;0;0;135;135;1137;23;40;30;84344832;0
379;38;34;183;488;298;0;233;135;135;696;21;40;30;84344832;0
380;39;35;13;5;301;0;7;135;135;696;21;40;30;84344832;0
381;39;35;2;1;304;0;0;135;135;696;21;40;30;84344832;0
382;38;34;146;407;306;0;238;135;135;1033;21;40;30;84344832;0
383;39;34;12;42;309;0;1;135;135;1033;21;40;30;84344832;0
384;39;35;3;1;309;0;255;135;135;895;39;40;30;84344832;0
385;39;35;1;0;307;0;0;135;135;895;39;40;30;84344832;0
386;38;34;154;412;307;0;249;135;135;271;24;40;30;84344832;0
387;39;35;5;23;307;0;3;135;135;271;24;40;30;84344832;0
388;39;34;102;282;307;0;249;135;135;996;33;40;30;84344832;0
389;39;35;5;28;305;0;2;135;135;996;33;40;30;84344832;0
390;39;33;47;431;301;0;231;135;135;799;29;40;30;84344832;0
391;39;34;34;21;297;0;11;135;135;165;64;40;30;84344832;0
392;39;35;7;27;292;0;0;135;135;1177;33;40;30;84344832;0
393;39;34;60;103;290;0;6;135;135;1177;33;40;30;84344832;0
394;39;35;6;20;290;0;2;135;135;1177;33;40;30;84344832;0
395;38;34;147;366;291;0;252;135;135;1242;22;40;30;84344832;0
396;39;34;9;37;292;0;2;135;135;1119;35;40;30;84344832;0
397;39;35;23;6;294;0;5;135;135;1119;35;40;30;84344832;0
398;39;35;3;4;297;0;246;135;135;1119;35;40;30;84344832;0
399;39;34;55;90;298;0;5;135;135;477;25;40;30;84344832;0
400;39;35;7;24;296;0;1;135;135;948;35;40;30;84344832;0
401;39;34;121;247;297;0;2;135;135;948;35;40;30;84344832;0
402;39;34;9;41;299;0;3;135;135;1250;27;40;30;84344832;0
403;39;34;68;128;302;0;7;135;135;1250;27;40;30;84344832;0
404;39;35;6;28;304;0;1;135;135;1250;27;40;30;84344832;0
405;39;34;96;192;305;0;0;135;135;137;143;40;30;84344832;0
406;39;35;4;19;306;0;2;135;135;137;143;40;30;84344832;0
407;38;34;156;358;306;0;236;135;135;877;23;40;30;84344832;0
408;39;35;9;1;308;0;10;135;135;877;23;40;30;84344832;0
409;39;35;8;20;307;0;0;135;135;841;34;40;30;84344832;0
410;39;35;2;0;307;0;0;135;135;841;34;40;30;84344832;0
411;38;34;155;398;309;0;248;135;135;140;31;40;30;84344832;0
412;39;35;5;7;312;0;4;135;135;140;31;40;30;84344832;0
413;38;34;159;430;311;0;241;135;135;1344;24;40;30;84344832;0
414;39;35;5;1;309;0;5;135;135;1344;24;40;30;84344832;0
415;38;34;165;365;307;0;239;135;135;927;26;40;30;84344832;0
416;39;35;12;2;305;0;9;135;135;927;26;40;30;84344832;0
417;39;35;4;13;302;0;0;135;135;927;26;40;30;84344832;0
418;39;34;67;134;299;0;1;135;135;941;24;40;30;84344832;0
419;39;35;3;17;297;0;1;135;135;941;24;40;30;84344832;0
420;39;34;98;238;295;0;252;135;135;871;26;40;30;84344832;0
421;39;35;4;5;294;0;3;135;135;871;26;40;30;84344832;0
422;39;35;3;1;292;0;0;135;135;871;26;40;30;84344832;0
423;39;36;0;0;291;0;255;135;135;871;26;40;30;84344832;0
424;39;34;88;267;290;0;242;135;135;793;13;40;30;84344832;0
425;39;35;4;1;290;0;1;135;135;793;13;40;30;84344832;0
426;39;35;1;0;289;0;255;135;135;793;13;40;30;84344832;0
427;38;34;84;158;288;0;253;135;135;377;23;40;30;84344832;0
428;39;35;2;0;289;0;1;135;135;377;23;40;30;84344832;0
429;38;34;91;159;290;0;1;135;135;639;26;40;30;84344832;0
430;39;35;4;9;291;0;2;135;135;639;26;40;30;84344832;0
431;38;34;131;270;295;0;251;135;135;812;26;40;30;84344832;0
432;39;35;5;0;300;0;6;135;135;812;26;40;30;84344832;0
433;38;33;210;502;306;0;237;135;135;855;25;40;30;84344832;0
434;39;35;8;1;309;0;8;135;135;855;25;40;30;84344832;0
435;39;34;10;225;311;0;240;135;135;855;25;40;30;84344832;0
436;39;35;20;12;314;0;7;135;135;910;25;40;30;84344832;0
437;39;35;5;20;315;0;0;135;135;777;33;40;30;84344832;0
438;39;34;56;75;316;0;5;135;135;180;102;40;30;84344832;0
439;39;35;4;16;316;0;0;135;135;180;102;40;30;84344832;0
440;38;34;152;385;316;0;237;135;135;756;23;40;30;84344832;0
441;39;35;4;0;317;0;5;135;135;756;23;40;30;84344832;0
442;39;34;5;174;316;0;240;135;135;756;23;40;30;84344832;0
443;39;35;15;4;315;0;9;135;135;826;25;40;30;84344832;0
444;39;35;2;12;313;0;255;135;135;826;25;40;30;84344832;0
445;39;34;27;30;310;0;4;135;135;677;26;40;30;84344832;0
446;39;35;3;11;308;0;0;135;135;677;26;40;30;84344832;0
447;39;35;26;20;306;0;4;135;135;768;25;40;30;84344832;0
448;39;35;3;8;305;0;0;135;135;768;25;40;30;84344832;0
449;39;35;0;0;304;0;253;135;135;768;25;40;30;84344832;0
450;39;35;7;0;305;0;2;135;135;450;20;40;30;84344832;0
451;39;35;1;0;304;0;255;135;135;450;20;40;30;84344832;0
452;39;35;1;0;292;0;0;135;135;450;20;40;30;84344832;0
453;38;34;133;300;274;0;247;135;135;343;16;40;30;84344832;0
454;39;35;4;0;258;0;5;135;135;343;16;40;30;84344832;0
455;38;34;89;439;251;0;228;135;135;343;16;40;30;84344832;0
456;39;35;6;0;256;0;7;135;135;619;25;40;30;84344832;0
457;39;34;50;223;265;0;239;135;135;582;28;40;30;84344832;0
458;39;35;17;6;280;0;10;135;135;582;28;40;30;84344832;0
459;39;35;4;13;295;0;0;135;135;582;28;40;30;84344832;0
460;38;34;125;191;311;0;253;135;135;875;23;40;30;84344832;0
461;39;35;3;4;325;0;1;135;135;875;23;40;30;84344832;0
462;38;34;96;165;335;0;254;135;135;667;27;40;30;84344832;0
463;39;35;3;1;343;0;1;135;135;667;27;40;30;84344832;0
464;39;35;2;23;346;0;254;135;135;667;27;40;30;84344832;0
465;39;34;69;120;348;0;0;135;135;568;19;40;30;84344832;0
466;38;35;2;0;348;0;1;135;135;568;19;40;30;84344832;0
467;39;36;0;0;346;0;0;135;135;568;19;40;30;84344832;0
468;39;34;18;144;340;0;246;135;135;356;17;40;30;84344832;0
469;39;35;4;0;337;0;0;135;135;356;17;40;30;84344832;0
470;38;34;170;305;332;0;244;135;135;243;29;40;30;84344832;0
471;39;35;4;0;320;0;5;135;135;243;29;40;30;84344832;0
472;39;33;38;356;307;0;234;135;135;243;29;40;30;84344832;0
473;39;35;7;0;301;0;6;135;135;481;27;40;30;84344832;0
474;39;35;11;126;301;0;253;135;135;481;27;40;30;84344832;0
475;39;35;14;3;303;0;7;135;135;579;26;40;30;84344832;0
476;39;34;36;208;306;0;247;135;135;579;26;40;30;84344832;0
477;39;34;29;39;308;0;1;135;135;611;31;40;30;84344832;0
478;39;35;5;1;309;0;12;135;135;611;31;40;30;84344832;0
479;39;36;0;0;311;0;0;135;135;611;31;40;30;84344832;0
480;39;36;0;0;315;0;255;135;135;611;31;40;30;84344832;0
481;39;35;13;4;321;0;8;135;135;771;13;40;30;84344832;0
482;39;35;3;8;323;0;0;135;135;771;13;40;30;84344832;0
483;39;35;22;15;324;0;3;135;135;471;28;40;30;84344832;0
484;39;35;3;11;323;0;0;135;135;471;28;40;30;84344832;0
485;39;34;41;39;322;0;3;135;135;517;27;40;30;84344832;0
486;39;35;3;8;321;0;0;135;135;517;27;40;30;84344832;0
487;38;34;95;221;318;0;250;135;135;590;25;40;30;84344832;0
488;39;35;3;0;315;0;3;135;135;590;25;40;30;84344832;0
489;39;35;2;0;312;0;0;135;135;590;25;40;30;84344832;0
490;39;35;24;14;307;0;8;135;135;681;21;40;30;84344832;0
491;39;35;3;9;302;0;0;135;135;681;21;40;30;84344832;0
492;39;35;13;1;300;0;6;135;135;552;27;40;30;84344832;0
493;39;34;13;283;300;0;237;135;135;552;27;40;30;84344832;0
494;39;35;11;1;296;0;8;135;135;234;31;40;30;84344832;0
495;39;35;3;12;289;0;0;135;135;234;31;40;30;84344832;0
496;38;34;114;257;286;0;248;135;135;657;22;40;30;84344832;0
497;39;35;3;1;287;0;2;135;135;657;22;40;30;84344832;0
498;39;35;1;1;290;0;255;135;135;657;22;40;30;84344832;0
499;38;34;91;180;293;0;251;135;135;547;20;40;30;84344832;0
500;39;35;3;4;297;0;1;135;135;547;20;40;30;84344832;0
501;39;35;1;0;301;0;255;135;135;547;20;40;30;84344832;0
502;38;34;96;204;304;0;247;135;135;477;18;40;30;84344832;0
503;39;35;2;1;307;0;0;135;135;477;18;40;30;84344832;0
504;38;33;63;419;307;0;233;135;135;477;18;40;30;84344832;0
505;39;35;5;0;302;0;6;135;135;344;25;40;30;84344832;0
506;39;34;6;261;299;0;233;135;135;344;25;40;30;84344832;0
507;39;35;12;3;300;0;6;135;135;533;27;40;30;84344832;0
508;39;35;2;2;302;0;0;135;135;533;27;40;30;84344832;0
509;39;34;39;34;304;0;4;135;135;646;25;40;30;84344832;0
510;39;35;2;6;304;0;0;135;135;646;25;40;30;84344832;0
511;38;33;72;550;305;0;222;135;135;646;25;40;30;84344832;0
512;39;35;8;1;308;0;7;135;135;699;22;40;30;84344832;0
513;39;35;2;4;311;0;0;135;135;699;22;40;30;84344832;0
514;38;34;152;488;312;0;232;135;135;682;20;40;30;84344832;0
515;39;35;4;0;313;0;4;135;135;682;20;40;30;84344832;0
516;39;35;2;0;313;0;255;135;135;682;20;40;30;84344832;0
517;38;34;118;245;314;0;249;135;135;653;19;40;30;84344832;0
518;39;35;5;0;318;0;4;135;135;653;19;40;30;84344832;0
519;39;35;2;1;319;0;0;135;135;653;19;40;30;84344832;0
520;39;34;30;28;318;0;4;135;135;674;22;40;30;84344832;0
521;39;35;3;11;315;0;0;135;135;674;22;40;30;84344832;0
522;39;35;8;9;311;0;0;135;135;481;25;40;30;84344832;0
523;39;36;2;0;309;0;255;135;135;481;25;40;30;84344832;0
524;39;35;14;3;310;0;7;135;135;145;35;40;30;84344832;0
525;39;35;2;7;312;0;0;135;135;145;35;40;30;84344832;0
526;39;35;23;16;311;0;4;135;135;584;27;40;30;84344832;0
527;39;35;3;8;308;0;0;135;135;584;27;40;30;84344832;0
528;38;34;92;225;305;0;249;135;135;523;25;40;30;84344832;0
529;39;35;3;2;304;0;1;135;135;523;25;40;30;84344832;0
530;39;35;1;0;302;0;255;135;135;523;25;40;30;84344832;0
531;38;34;148;455;298;0;232;135;135;380;18;40;30;84344832;0
532;39;35;5;0;296;0;6;135;135;380;18;40;30;84344832;0
533;39;35;1;2;294;0;0;135;135;380;18;40;30;84344832;0
534;39;34;78;150;294;0;253;135;135;699;20;40;30;84344832;0
535;39;35;3;4;296;0;0;135;135;699;20;40;30;84344832;0
536;39;34;142;347;297;0;241;135;135;409;26;40;30;84344832;0
537;39;35;5;0;299;0;6;135;135;409;26;40;30;84344832;0
538;39;35;1;1;302;0;0;135;135;409;26;40;30;84344832;0
539;38;34;121;291;304;0;244;135;135;558;19;40;30;84344832;0
540;39;35;3;0;306;0;2;135;135;558;19;40;30;84344832;0
541;38;33;210;573;306;0;229;135;135;604;26;40;30;84344832;0
542;39;35;7;1;306;0;6;135;135;604;26;40;30;84344832;0
543;39;35;3;6;306;0;255;135;135;604;26;40;30;84344832;0
544;39;35;17;6;306;0;5;135;135;869;24;40;30;84344832;0
545;39;35;3;10;307;0;0;135;135;869;24;40;30;84344832;0
546;39;35;5;0;306;0;3;135;135;488;26;40;30;84344832;0
547;39;33;46;333;305;0;236;135;135;96;38;40;30;84344832;0
548;39;35;6;0;306;0;6;135;135;96;38;40;30;84344832;0
549;39;35;2;2;309;0;255;135;135;96;38;40;30;84344832;0
550;39;35;16;5;308;0;4;135;135;498;25;40;30;84344832;0
551;39;35;2;5;307;0;0;135;135;498;25;40;30;84344832;0
552;38;34;97;200;306;0;255;135;135;562;24;40;30;84344832;0
553;39;35;3;4;306;0;2;135;135;562;24;40;30;84344832;0
554;39;35;1;0;305;0;255;135;135;562;24;40;30;84344832;0
555;39;34;105;260;306;0;249;135;135;677;19;40;30;84344832;0
556;39;35;6;34;307;0;0;135;135;677;19;40;30;84344832;0
557;39;34;53;152;306;0;250;135;135;671;28;40;30;84344832;0
558;39;35;3;0;306;0;255;135;135;671;28;40;30;84344832;0
559;39;34;73;144;301;0;253;135;135;364;27;40;30;84344832;0
560;39;35;3;2;290;0;0;135;135;364;27;40;30;84344832;0
561;39;35;1;0;283;0;255;135;135;364;27;40;30;84344832;0
562;39;34;13;317;285;0;235;135;135;364;27;40;30;84344832;0
563;39;35;7;1;292;0;7;135;135;387;17;40;30;84344832;0
564;39;35;6;14;297;0;254;135;135;387;17;40;30;84344832;0
565;39;35;12;2;299;0;7;135;135;664;26;40;30;84344832;0
566;39;35;3;8;300;0;0;135;135;664;26;40;30;84344832;0
567;39;34;40;148;300;0;248;135;135;470;22;40;30;84344832;0
568;39;35;5;0;303;0;7;135;135;470;22;40;30;84344832;0
569;39;35;1;2;305;0;255;135;135;470;22;40;30;84344832;0
570;39;34;31;25;308;0;5;135;135;551;22;40;30;84344832;0
571;39;35;3;12;310;0;0;135;135;551;22;40;30;84344832;0
572;38;34;97;375;311;0;234;135;135;547;24;40;30;84344832;0
573;39;35;5;0;312;0;5;135;135;547;24;40;30;84344832;0
574;39;35;3;96;312;0;250;135;135;547;24;40;30;84344832;0
575;39;35;8;0;312;0;1;135;135;603;23;40;30;84344832;0
576;38;34;151;379;313;0;241;135;135;185;33;40;30;84344832;0
577;39;35;5;0;310;0;7;135;135;185;33;40;30;84344832;0
578;39;35;2;2;303;0;252;135;135;185;33;40;30;84344832;0
579;39;34;54;37;298;0;5;135;135;572;24;40;30;84344832;0
580;39;35;4;17;295;0;0;135;135;572;24;40;30;84344832;0
581;38;34;70;129;292;0;1;135;135;748;25;40;30;84344832;0
582;38;35;4;15;288;0;0;135;135;748;25;40;30;84344832;0
583;38;34;125;289;286;0;244;135;135;576;24;40;30;84344832;0
584;39;35;5;0;286;0;3;135;135;576;24;40;30;84344832;0
585;38;34;133;294;287;0;243;135;135;524;26;40;30;84344832;0
586;39;35;8;1;289;0;7;135;135;524;26;40;30;84344832;0
587;38;34;104;277;290;0;244;135;135;589;31;40;30;84344832;0
588;39;35;21;33;291;0;0;135;135;589;31;40;30;84344832;0
589;38;36;3;0;290;0;255;135;135;589;31;40;30;84344832;0
590;38;36;0;0;292;0;0;135;135;589;31;40;30;84344832;0
591;38;36;0;0;296;0;255;135;135;589;31;40;30;84344832;0
592;38;36;0;0;302;0;255;135;135;589;31;40;30;84344832;0
593;38;36;0;0;307;0;0;135;135;589;31;40;30;84344832;0
594;38;36;0;0;313;0;254;135;135;589;31;40;30;84344832;0
595;39;35;14;5;318;0;4;135;135;735;8;40;30;84344832;0
596;38;35;2;4;323;0;0;135;135;735;8;40;30;84344832;0
597;38;34;90;205;325;0;248;135;135;404;24;40;30;84344832;0
598;38;35;3;0;327;0;1;135;135;404;24;40;30;84344832;0
599;38;36;1;0;323;0;255;135;135;404;24;40;30;84344832;0
600;38;35;22;16;309;0;2;135;135;322;20;40;30;84344832;0
601;38;35;2;5;294;0;0;135;135;322;20;40;30;84344832;0
602;38;34;107;291;287;0;242;135;135;443;23;40;30;84344832;0
603;38;35;4;0;287;0;3;135;135;443;23;40;30;84344832;0
604;38;35;1;6;289;0;249;135;135;443;23;40;30;84344832;0
605;38;35;11;1;293;0;5;135;135;390;23;40;30;84344832;0
606;38;35;2;2;298;0;0;135;135;390;23;40;30;84344832;0
607;38;34;11;132;303;0;247;135;135;345;22;40;30;84344832;0
608;38;35;3;0;310;0;0;135;135;345;22;40;30;84344832;0
609;38;34;13;293;313;0;234;135;135;345;22;40;30;84344832;0
610;38;35;5;0;306;0;3;135;135;216;25;40;30;84344832;0
611;38;36;1;1;293;0;255;135;135;216;25;40;30;84344832;0
612;38;34;52;75;290;0;0;135;135;289;22;40;30;84344832;0
613;38;36;2;0;294;0;0;135;135;289;22;40;30;84344832;0
614;38;36;0;1;298;0;255;135;135;289;22;40;30;84344832;0
615;38;35;11;2;301;0;4;135;135;363;21;40;30;84344832;0
616;38;35;1;1;304;0;0;135;135;363;21;40;30;84344832;0
617;38;34;137;309;308;0;242;135;135;352;23;40;30;84344832;0
618;38;35;4;0;314;0;3;135;135;352;23;40;30;84344832;0
619;38;35;1;0;319;0;0;135;135;352;23;40;30;84344832;0
620;38;35;25;12;323;0;2;135;135;397;21;40;30;84344832;0
621;38;36;2;0;326;0;0;135;135;397;21;40;30;84344832;0
622;38;35;23;22;322;0;1;135;135;401;26;40;30;84344832;0
623;38;35;2;2;316;0;0;135;135;401;26;40;30;84344832;0
624;38;35;2;59;312;0;251;135;135;401;26;40;30;84344832;0
625;38;35;6;0;311;0;0;135;135;278;23;40;30;84344832;0
626;38;36;1;0;313;0;255;135;135;278;23;40;30;84344832;0
627;38;35;8;0;311;0;7;135;135;140;25;40;30;84344832;0
628;38;35;1;0;304;0;255;135;135;140;25;40;30;84344832;0
629;38;35;5;0;289;0;2;135;135;246;30;40;30;84344832;0
630;38;34;91;203;277;0;247;135;135;223;33;40;30;84344832;0
631;38;35;4;0;264;0;2;135;135;223;33;40;30;84344832;0
632;38;34;21;209;255;0;242;135;135;223;33;40;30;84344832;0
633;38;35;6;0;255;0;5;135;135;345;27;40;30;84344832;0
634;38;34;12;102;261;0;249;135;135;345;27;40;30;84344832;0
635;38;35;4;0;271;0;0;135;135;279;28;40;30;84344832;0
636;38;35;2;35;284;0;249;135;135;279;28;40;30;84344832;0
637;38;35;5;0;298;0;2;135;135;97;27;40;30;84344832;0
638;38;36;1;0;309;0;255;135;135;97;27;40;30;84344832;0
639;38;34;86;156;310;0;249;135;135;136;22;40;30;84344832;0
640;38;35;2;0;305;0;0;135;135;136;22;40;30;84344832;0
641;38;35;10;5;300;0;0;135;135;171;29;40;30;84344832;0
642;38;34;10;177;295;0;241;135;135;171;29;40;30;84344832;0
643;38;35;6;0;294;0;5;135;135;106;39;40;30;84344832;0
644;38;35;1;1;299;0;255;135;135;106;39;40;30;84344832;0
645;39;35;11;2;308;0;5;135;135;383;26;40;30;84344832;0
646;38;35;2;2;318;0;0;135;135;383;26;40;30;84344832;0
647;38;35;16;6;328;0;2;135;135;385;26;40;30;84344832;0
648;38;35;2;2;337;0;0;135;135;385;26;40;30;84344832;0
649;38;34;74;92;343;0;254;135;135;284;26;40;30;84344832;0
650;38;35;2;0;348;0;0;135;135;284;26;40;30;84344832;0
651;38;36;0;0;348;0;255;135;135;284;26;40;30;84344832;0
652;38;34;109;199;343;0;250;135;135;296;19;40;30;84344832;0
653;38;35;3;4;338;0;0;135;135;296;19;40;30;84344832;0
654;38;34;56;207;334;0;245;135;135;450;26;40;30;84344832;0
655;38;35;3;0;332;0;2;135;135;450;26;40;30;84344832;0
656;38;36;1;1;329;0;255;135;135;450;26;40;30;84344832;0
657;38;35;20;8;323;0;3;135;135;265;22;40;30;84344832;0
658;38;36;2;1;315;0;0;135;135;265;22;40;30;84344832;0
659;38;35;35;16;307;0;0;135;135;267;25;40;30;84344832;0
660;38;36;2;0;301;0;0;135;135;267;25;40;30;84344832;0
661;38;35;3;42;294;0;250;135;135;142;24;40;30;84344832;0
662;38;35;5;0;281;0;4;135;135;142;24;40;30;84344832;0
663;38;36;1;0;266;0;255;135;135;142;24;40;30;84344832;0
664;38;35;27;19;255;0;1;135;135;209;22;40;30;84344832;0
665;38;36;1;1;246;0;0;135;135;209;22;40;30;84344832;0
666;38;34;52;32;250;0;2;135;135;336;28;40;30;84344832;0
667;38;35;3;5;265;0;0;135;135;336;28;40;30;84344832;0
668;38;34;70;73;284;0;255;135;135;390;27;40;30;84344832;0
669;38;35;2;0;303;0;0;135;135;390;27;40;30;84344832;0
670;38;34;136;200;321;0;250;135;135;373;28;40;30;84344832;0
671;38;35;3;4;339;0;1;135;135;373;28;40;30;84344832;0
672;38;34;158;282;352;0;240;135;135;554;25;40;30;84344832;0
673;38;35;5;0;363;0;4;135;135;554;25;40;30;84344832;0
674;38;35;3;74;368;0;252;135;135;554;25;40;30;84344832;0
675;38;35;29;19;370;0;5;135;135;394;25;40;30;84344832;0
676;38;35;2;4;371;0;0;135;135;394;25;40;30;84344832;0
677;38;34;39;42;369;0;1;135;135;515;24;40;30;84344832;0
678;38;36;1;1;367;0;0;135;135;515;24;40;30;84344832;0
679;38;34;74;117;361;0;254;135;135;350;26;40;30;84344832;0
680;38;35;2;0;355;0;1;135;135;350;26;40;30;84344832;0
681;38;34;18;161;346;0;245;135;135;346;24;40;30;84344832;0
682;38;35;5;0;340;0;4;135;135;346;24;40;30;84344832;0
683;38;35;2;24;333;0;248;135;135;346;24;40;30;84344832;0
684;38;35;35;11;320;0;4;135;135;285;25;40;30;84344832;0
685;38;35;3;11;306;0;0;135;135;285;25;40;30;84344832;0
686;38;34;140;310;295;0;244;135;135;502;22;40;30;84344832;0
687;38;35;3;0;287;0;1;135;135;502;22;40;30;84344832;0
688;38;34;4;57;286;0;251;135;135;502;22;40;30;84344832;0
689;38;35;13;4;290;0;0;135;135;399;24;40;30;84344832;0
690;38;35;2;46;299;0;245;135;135;399;24;40;30;84344832;0
691;39;35;7;0;308;0;6;135;135;174;28;40;30;84344832;0
692;38;34;249;443;312;0;239;135;135;374;31;40;30;84344832;0
693;39;35;7;1;316;0;8;135;135;374;31;40;30;84344832;0
694;38;35;3;20;320;0;244;135;135;374;31;40;30;84344832;0
695;39;35;15;4;325;0;10;135;135;717;26;40;30;84344832;0
696;38;35;4;13;328;0;0;135;135;717;26;40;30;84344832;0
697;38;34;53;42;328;0;4;135;135;566;26;40;30;84344832;0
698;38;35;4;19;326;0;0;135;135;566;26;40;30;84344832;0
699;38;35;1;0;323;0;255;135;135;566;26;40;30;84344832;0
700;39;35;15;4;321;0;7;135;135;616;19;40;30;84344832;0
701;38;35;3;5;320;0;0;135;135;616;19;40;30;84344832;0
702;38;34;138;348;318;0;245;135;135;454;26;40;30;84344832;0
703;38;35;3;0;317;0;3;135;135;454;26;40;30;84344832;0
704;39;35;1;1;316;0;0;135;135;454;26;40;30;84344832;0
705;38;34;57;346;316;0;235;135;135;662;17;40;30;84344832;0
706;39;35;4;0;316;0;4;135;135;662;17;40;30;84344832;0
707;38;35;0;136;317;0;253;135;135;662;17;40;30;84344832;0
708;39;35;8;1;317;0;7;135;135;432;25;40;30;84344832;0
709;38;35;1;1;316;0;0;135;135;432;25;40;30;84344832;0
710;38;36;0;0;309;0;255;135;135;432;25;40;30;84344832;0
711;39;36;0;0;301;0;255;135;135;432;25;40;30;84344832;0
712;38;34;82;371;296;0;235;135;135;277;12;40;30;84344832;0
713;39;35;3;0;293;0;3;135;135;277;12;40;30;84344832;0
714;38;34;60;196;294;0;248;135;135;465;26;40;30;84344832;0
715;39;35;3;2;298;0;255;135;135;465;26;40;30;84344832;0
716;39;35;22;7;299;0;10;135;135;227;40;40;30;84344832;0
717;38;35;4;13;291;0;0;135;135;227;40;40;30;84344832;0
718;38;34;98;203;286;0;250;135;135;517;24;40;30;84344832;0
719;39;36;3;0;287;0;1;135;135;517;24;40;30;84344832;0
720;38;34;89;203;289;0;246;135;135;391;27;40;30;84344832;0
721;39;35;4;0;294;0;2;135;135;391;27;40;30;84344832;0
722;39;35;2;42;297;0;247;135;135;391;27;40;30;84344832;0
723;39;35;5;0;299;0;1;135;135;325;24;40;30;84344832;0
724;38;34;85;143;298;0;253;135;135;258;35;40;30;84344832;0
725;39;35;3;0;293;0;1;135;135;258;35;40;30;84344832;0
726;38;34;85;137;289;0;254;135;135;372;28;40;30;84344832;0
727;39;36;2;1;290;0;0;135;135;372;28;40;30;84344832;0
728;39;34;10;165;295;0;242;135;135;372;28;40;30;84344832;0
729;39;35;7;0;302;0;6;135;135;293;25;40;30;84344832;0
730;39;35;2;1;308;0;255;135;135;293;25;40;30;84344832;0
731;39;34;36;37;314;0;1;135;135;421;24;40;30;84344832;0
732;39;35;2;3;320;0;0;135;135;421;24;40;30;84344832;0
733;38;34;102;264;323;0;241;135;135;450;23;40;30;84344832;0
734;39;35;4;0;324;0;1;135;135;450;23;40;30;84344832;0
735;39;34;7;212;323;0;240;135;135;450;23;40;30;84344832;0
736;39;35;8;1;323;0;6;135;135;382;25;40;30;84344832;0
737;39;36;1;1;323;0;0;135;135;382;25;40;30;84344832;0
738;39;36;0;0;324;0;255;135;135;382;25;40;30;84344832;0
739;39;34;23;307;325;0;237;135;135;351;15;40;30;84344832;0
740;39;35;6;0;327;0;4;135;135;351;15;40;30;84344832;0
741;39;35;1;1;327;0;0;135;135;351;15;40;30;84344832;0
742;38;35;27;15;326;0;5;135;135;500;22;40;30;84344832;0
743;39;35;2;7;325;0;0;135;135;500;22;40;30;84344832;0
744;38;34;150;307;323;0;244;135;135;399;26;40;30;84344832;0
745;39;35;3;0;321;0;1;135;135;399;26;40;30;84344832;0
746;39;36;0;1;318;0;254;135;135;399;26;40;30;84344832;0
747;39;34;34;24;318;0;4;135;135;385;22;40;30;84344832;0
748;39;35;2;7;320;0;0;135;135;385;22;40;30;84344832;0
749;38;34;192;351;319;0;243;135;135;536;21;40;30;84344832;0
750;39;35;5;0;318;0;5;135;135;536;21;40;30;84344832;0
751;39;35;1;2;315;0;254;135;135;536;21;40;30;84344832;0
752;39;35;18;5;312;0;4;135;135;450;23;40;30;84344832;0
753;39;35;2;3;309;0;0;135;135;450;23;40;30;84344832;0
754;38;34;136;338;307;0;244;135;135;487;24;40;30;84344832;0
755;39;36;3;0;307;0;2;135;135;487;24;40;30;84344832;0
756;39;35;1;0;307;0;255;135;135;487;24;40;30;84344832;0
757;38;34;56;97;307;0;0;135;135;434;21;40;30;84344832;0
758;39;35;2;6;306;0;0;135;135;434;21;40;30;84344832;0
759;39;36;1;0;305;0;255;135;135;434;21;40;30;84344832;0
760;38;34;71;85;305;0;1;135;135;400;18;40;30;84344832;0
761;39;35;3;8;307;0;0;135;135;400;18;40;30;84344832;0
762;39;36;1;0;305;0;255;135;135;400;18;40;30;84344832;0
763;39;35;0;5;302;0;0;135;135;400;18;40;30;84344832;0
764;39;36;0;0;301;0;0;135;135;400;18;40;30;84344832;0
765;38;33;185;500;303;0;232;135;135;353;11;40;30;84344832;0
766;39;35;5;0;307;0;6;135;135;353;11;40;30;84344832;0
767;39;34;10;194;310;0;242;135;135;353;11;40;30;84344832;0
768;39;35;6;0;310;0;6;135;135;705;25;40;30;84344832;0
769;39;35;2;2;308;0;0;135;135;705;25;40;30;84344832;0
770;39;35;10;1;306;0;3;135;135;563;24;40;30;84344832;0
771;38;34;145;405;304;0;239;135;135;207;39;40;30;84344832;0
772;39;35;4;1;296;0;3;135;135;207;39;40;30;84344832;0
773;39;35;2;4;284;0;0;135;135;207;39;40;30;84344832;0
774;38;34;163;390;280;0;238;135;135;605;19;40;30;84344832;0
775;39;35;5;0;281;0;7;135;135;605;19;40;30;84344832;0
776;38;34;151;350;283;0;244;135;135;674;29;40;30;84344832;0
777;39;35;4;1;284;0;4;135;135;674;29;40;30;84344832;0
778;38;34;119;416;287;0;233;135;135;674;29;40;30;84344832;0
779;39;35;8;1;292;0;7;135;135;696;26;40;30;84344832;0
780;39;35;3;4;298;0;0;135;135;696;26;40;30;84344832;0
781;38;34;119;232;303;0;251;135;135;667;22;40;30;84344832;0
782;39;35;4;8;308;0;1;135;135;667;22;40;30;84344832;0
783;39;33;30;356;312;0;233;135;135;667;22;40;30;84344832;0
784;39;35;8;1;316;0;4;135;135;691;22;40;30;84344832;0
785;39;35;2;1;319;0;0;135;135;691;22;40;30;84344832;0
786;39;35;7;4;320;0;0;135;135;393;22;40;30;84344832;0
787;39;36;2;0;320;0;255;135;135;393;22;40;30;84344832;0
788;39;34;54;59;322;0;2;135;135;38;34;40;30;84344832;0
789;39;36;2;3;327;0;1;135;135;38;34;40;30;84344832;0
790;39;35;1;1;328;0;255;135;135;38;34;40;30;84344832;0
791;39;35;0;1;326;0;255;135;135;38;34;40;30;84344832;0
792;39;36;0;0;324;0;255;135;135;38;34;40;30;84344832;0
793;39;35;16;4;323;0;5;135;135;510;12;40;30;84344832;0
794;39;36;1;2;322;0;0;135;135;510;12;40;30;84344832;0
795;39;34;36;33;321;0;255;135;135;379;26;40;30;84344832;0
796;39;35;2;5;320;0;0;135;135;379;26;40;30;84344832;0
797;39;34;57;101;318;0;0;135;135;513;26;40;30;84344832;0
798;39;35;2;5;315;0;0;135;135;513;26;40;30;84344832;0
799;39;34;8;195;310;0;241;135;135;310;24;40;30;84344832;0
800;39;35;5;0;305;0;4;135;135;310;24;40;30;84344832;0
801;39;35;1;37;301;0;247;135;135;310;24;40;30;84344832;0
802;39;35;7;0;295;0;3;135;135;377;25;40;30;84344832;0
803;39;36;1;0;291;0;255;135;135;377;25;40;30;84344832;0
804;39;35;13;2;280;0;5;135;135;229;26;40;30;84344832;0
805;39;36;2;2;267;0;255;135;135;229;26;40;30;84344832;0
806;39;35;11;2;252;0;9;135;135;401;29;40;30;84344832;0
807;38;33;311;519;246;0;245;135;135;401;29;40;30;84344832;0
808;39;35;17;5;251;0;8;135;135;962;29;40;30;84344832;0
809;39;35;5;13;263;0;0;135;135;962;29;40;30;84344832;0
810;39;34;49;31;281;0;6;135;135;1016;25;40;30;84344832;0
811;38;35;5;18;298;0;1;135;135;1016;25;40;30;84344832;0
812;39;34;66;64;316;0;4;135;135;740;27;40;30;84344832;0
813;39;35;4;18;329;0;1;135;135;740;27;40;30;84344832;0
814;38;34;82;151;338;0;0;135;135;515;31;40;30;84344832;0
815;39;35;3;16;345;0;1;135;135;515;31;40;30;84344832;0
816;39;35;2;0;346;0;0;135;135;515;31;40;30;84344832;0
817;39;35;26;10;344;0;8;135;135;797;19;40;30;84344832;0
818;39;35;6;15;339;0;255;135;135;797;19;40;30;84344832;0
819;39;35;29;17;336;0;7;135;135;582;29;40;30;84344832;0
820;39;35;4;11;333;0;0;135;135;582;29;40;30;84344832;0
821;39;34;67;112;330;0;3;135;135;729;25;40;30;84344832;0
822;39;35;4;15;327;0;1;135;135;729;25;40;30;84344832;0
823;38;34;139;327;325;0;247;135;135;558;27;40;30;84344832;0
824;39;35;11;20;322;0;0;135;135;558;27;40;30;84344832;0
825;39;36;1;0;320;0;8;135;135;558;27;40;30;84344832;0
826;39;34;67;97;320;0;254;135;135;805;18;40;30;84344832;0
827;39;36;2;1;322;0;0;135;135;805;18;40;30;84344832;0
828;39;35;6;1;317;0;0;135;135;138;32;40;30;84344832;0
829;39;35;38;21;300;0;0;135;135;83;46;40;30;84344832;0
830;39;36;2;1;288;0;255;135;135;83;46;40;30;84344832;0
831;39;35;22;4;279;0;4;135;135;128;36;40;30;84344832;0
832;39;33;39;396;267;0;230;135;135;128;36;40;30;84344832;0
833;39;35;8;1;256;0;8;135;135;348;31;40;30;84344832;0
834;38;34;155;210;251;0;4;135;135;596;37;40;30;84344832;0
835;39;35;6;13;257;0;3;135;135;596;37;40;30;84344832;0
836;38;34;202;292;271;0;247;135;135;976;27;40;30;84344832;0
837;39;35;4;5;290;0;1;135;135;976;27;40;30;84344832;0
838;38;34;197;346;306;0;234;135;135;737;25;40;30;84344832;0
839;39;35;7;0;323;0;7;135;135;737;25;40;30;84344832;0
840;38;34;214;312;339;0;236;135;135;594;26;40;30;84344832;0
841;39;35;8;1;348;0;8;135;135;594;26;40;30;84344832;0
842;39;35;3;7;355;0;251;135;135;594;26;40;30;84344832;0
843;39;35;19;4;360;0;9;135;135;510;26;40;30;84344832;0
844;39;35;3;13;363;0;0;135;135;510;26;40;30;84344832;0
845;39;34;41;33;362;0;4;135;135;626;26;40;30;84344832;0
846;39;35;2;5;359;0;0;135;135;626;26;40;30;84344832;0
847;38;34;180;345;354;0;241;135;135;487;24;40;30;84344832;0
848;39;36;4;0;350;0;6;135;135;487;24;40;30;84344832;0
849;39;35;1;1;344;0;255;135;135;487;24;40;30;84344832;0
850;39;35;14;28;340;0;253;135;135;463;21;40;30;84344832;0
851;39;36;3;0;337;0;0;135;135;463;21;40;30;84344832;0
852;39;35;10;1;336;0;4;135;135;169;29;40;30;84344832;0
853;39;33;28;363;331;0;232;135;135;169;29;40;30;84344832;0
854;39;35;10;1;317;0;7;135;135;189;33;40;30;84344832;0
855;39;35;2;4;298;0;0;135;135;189;33;40;30;84344832;0
856;39;36;0;0;289;0;248;135;135;189;33;40;30;84344832;0
857;39;35;17;5;289;0;6;135;135;841;18;40;30;84344832;0
858;39;35;2;5;293;0;0;135;135;841;18;40;30;84344832;0
859;39;36;0;0;297;0;255;135;135;841;18;40;30;84344832;0
860;39;34;59;55;301;0;0;135;135;572;16;40;30;84344832;0
861;39;36;2;0;304;0;0;135;135;572;16;40;30;84344832;0
862;39;35;30;21;302;0;4;135;135;232;32;40;30;84344832;0
863;39;35;5;27;294;0;0;135;135;232;32;40;30;84344832;0
864;38;34;156;361;288;0;240;135;135;162;56;40;30;84344832;0
865;39;35;5;0;290;0;4;135;135;162;56;40;30;84344832;0
866;39;34;19;156;295;0;247;135;135;162;56;40;30;84344832;0
867;39;35;10;1;300;0;7;135;135;466;27;40;30;84344832;0
868;39;35;4;18;305;0;0;135;135;466;27;40;30;84344832;0
869;39;35;25;17;312;0;5;135;135;756;25;40;30;84344832;0
870;39;35;3;12;318;0;0;135;135;756;25;40;30;84344832;0
871;38;34;117;218;322;0;254;135;135;640;25;40;30;84344832;0
872;39;36;3;1;325;0;3;135;135;640;25;40;30;84344832;0
873;39;35;1;1;327;0;255;135;135;640;25;40;30;84344832;0
874;39;35;1;31;328;0;253;135;135;640;25;40;30;84344832;0
875;39;35;5;0;331;0;0;135;135;680;16;40;30;84344832;0
876;38;33;185;472;335;0;240;135;135;191;33;40;30;84344832;0
877;39;35;4;5;339;0;3;135;135;191;33;40;30;84344832;0
878;39;34;7;150;339;0;246;135;135;191;33;40;30;84344832;0
879;39;35;17;4;335;0;9;135;135;753;24;40;30;84344832;0
880;39;35;2;7;330;0;0;135;135;753;24;40;30;84344832;0
881;39;34;74;151;324;0;2;135;135;769;24;40;30;84344832;0
882;39;35;3;9;318;0;2;135;135;769;24;40;30;84344832;0
883;39;34;59;82;311;0;9;135;135;797;29;40;30;84344832;0
884;39;35;3;4;305;0;0;135;135;797;29;40;30;84344832;0
885;38;33;194;547;300;0;237;135;135;1138;24;40;30;84344832;0
886;39;35;5;10;300;0;3;135;135;1138;24;40;30;84344832;0
887;39;35;2;1;301;0;0;135;135;1138;24;40;30;84344832;0
888;39;34;75;130;302;0;3;135;135;932;19;40;30;84344832;0
889;39;35;4;14;303;0;1;135;135;932;19;40;30;84344832;0
890;38;33;204;498;303;0;230;135;135;603;25;40;30;84344832;0
891;39;35;5;0;302;0;6;135;135;603;25;40;30;84344832;0
892;39;35;3;4;300;0;255;135;135;603;25;40;30;84344832;0
893;39;35;22;11;301;0;4;135;135;651;24;40;30;84344832;0
894;39;36;2;2;302;0;0;135;135;651;24;40;30;84344832;0
895;38;34;128;322;301;0;245;135;135;590;23;40;30;84344832;0
896;39;35;4;1;301;0;5;135;135;590;23;40;30;84344832;0
897;39;36;1;0;300;0;0;135;135;590;23;40;30;84344832;0
898;38;34;145;403;300;0;237;135;135;511;19;40;30;84344832;0
899;39;35;6;1;300;0;5;135;135;511;19;40;30;84344832;0
900;39;33;28;396;299;0;231;135;135;511;19;40;30;84344832;0
901;39;35;13;3;299;0;8;135;135;796;24;40;30;84344832;0
902;39;35;2;6;300;0;0;135;135;796;24;40;30;84344832;0
903;39;35;15;2;299;0;3;135;135;872;24;40;30;84344832;0
904;39;36;1;0;299;0;255;135;135;872;24;40;30;84344832;0
905;39;35;27;13;292;0;7;135;135;275;30;40;30;84344832;0
906;39;35;3;10;282;0;0;135;135;275;30;40;30;84344832;0
907;38;33;232;563;277;0;231;135;135;568;24;40;30;84344832;0
908;39;35;6;0;279;0;6;135;135;568;24;40;30;84344832;0
909;38;34;211;470;283;0;229;135;135;967;25;40;30;84344832;0
910;39;35;7;0;289;0;8;135;135;967;25;40;30;84344832;0
911;39;35;4;7;296;0;250;135;135;967;25;40;30;84344832;0
912;39;35;11;1;304;0;9;135;135;766;26;40;30;84344832;0
913;39;34;8;139;310;0;245;135;135;766;26;40;30;84344832;0
914;39;34;39;40;315;0;8;135;135;1009;28;40;30;84344832;0
915;39;35;3;10;320;0;0;135;135;1009;28;40;30;84344832;0
916;39;34;51;67;321;0;3;135;135;1048;24;40;30;84344832;0
917;39;35;3;15;321;0;0;135;135;1048;24;40;30;84344832;0
918;39;34;51;167;320;0;249;135;135;551;24;40;30;84344832;0
919;39;36;2;1;319;0;0;135;135;551;24;40;30;84344832;0
920;39;34;78;114;313;0;6;135;135;228;37;40;30;84344832;0
921;39;36;2;2;298;0;1;135;135;228;37;40;30;84344832;0
922;39;36;1;0;288;0;255;135;135;228;37;40;30;84344832;0
923;39;35;33;35;287;0;3;135;135;824;19;40;30;84344832;0
924;39;35;4;1;290;0;255;135;135;824;19;40;30;84344832;0
925;39;36;1;0;292;0;0;135;135;824;19;40;30;84344832;0
926;39;34;75;129;295;0;2;135;135;777;18;40;30;84344832;0
927;39;36;3;10;298;0;1;135;135;777;18;40;30;84344832;0
928;38;33;204;474;302;0;237;135;135;586;26;40;30;84344832;0
929;39;36;4;2;306;0;3;135;135;586;26;40;30;84344832;0
930;39;36;1;1;309;0;0;135;135;586;26;40;30;84344832;0
931;39;34;64;79;313;0;5;135;135;773;20;40;30;84344832;0
932;39;36;3;1;317;0;2;135;135;773;20;40;30;84344832;0
933;38;33;188;523;319;0;230;135;135;792;24;40;30;84344832;0
934;39;35;8;0;320;0;7;135;135;792;24;40;30;84344832;0
935;39;35;3;8;319;0;0;135;135;792;24;40;30;84344832;0
936;39;34;115;224;317;0;2;135;135;848;21;40;30;84344832;0
937;39;35;7;23;314;0;0;135;135;848;21;40;30;84344832;0
938;39;36;1;0;309;0;255;135;135;848;21;40;30;84344832;0
939;39;34;37;44;308;0;4;135;135;683;19;40;30;84344832;0
940;39;35;3;20;310;0;1;135;135;683;19;40;30;84344832;0
941;38;34;166;448;311;0;240;135;135;662;25;40;30;84344832;0
942;39;35;6;0;312;0;7;135;135;662;25;40;30;84344832;0
943;39;35;5;82;312;0;249;135;135;662;25;40;30;84344832;0
944;39;35;18;6;311;0;7;135;135;850;24;40;30;84344832;0
945;39;35;5;18;310;0;0;135;135;549;32;40;30;84344832;0
946;39;36;2;0;308;0;255;135;135;549;32;40;30;84344832;0
947;39;36;0;0;306;0;255;135;135;549;32;40;30;84344832;0
948;38;34;131;393;304;0;238;135;135;130;18;40;30;84344832;0
949;39;36;6;0;305;0;6;135;135;130;18;40;30;84344832;0
950;39;35;5;28;304;0;252;135;135;130;18;40;30;84344832;0
951;39;35;25;16;303;0;5;135;135;583;25;40;30;84344832;0
952;39;35;2;5;301;0;0;135;135;583;25;40;30;84344832;0
953;38;34;169;439;300;0;236;135;135;644;21;40;30;84344832;0
954;39;36;5;0;299;0;3;135;135;644;21;40;30;84344832;0
955;39;36;2;1;298;0;255;135;135;644;21;40;30;84344832;0
956;39;34;51;50;299;0;2;135;135;568;23;40;30;84344832;0
957;39;35;3;11;300;0;0;135;135;568;23;40;30;84344832;0
958;39;34;75;227;302;0;245;135;135;486;21;40;30;84344832;0
959;39;35;10;1;305;0;9;135;135;486;21;40;30;84344832;0
960;39;35;2;5;306;0;255;135;135;486;21;40;30;84344832;0
961;39;35;27;19;306;0;10;135;135;726;24;40;30;84344832;0
962;39;35;5;11;306;0;0;135;135;726;24;40;30;84344832;0
963;39;34;41;37;306;0;8;135;135;1061;27;40;30;84344832;0
964;39;35;4;15;306;0;0;135;135;1061;27;40;30;84344832;0
965;39;34;40;39;306;0;7;135;135;934;27;40;30;84344832;0
966;39;35;4;12;305;0;0;135;135;934;27;40;30;84344832;0
967;39;34;6;184;303;0;242;135;135;934;27;40;30;84344832;0
968;39;35;9;1;303;0;5;135;135;710;22;40;30;84344832;0
969;39;36;1;2;302;0;0;135;135;710;22;40;30;84344832;0
970;39;34;45;67;300;0;2;135;135;534;23;40;30;84344832;0
971;39;35;3;11;299;0;0;135;135;534;23;40;30;84344832;0
972;39;34;137;361;298;0;240;135;135;590;24;40;30;84344832;0
973;39;36;6;0;298;0;6;135;135;590;24;40;30;84344832;0
974;39;35;2;1;297;0;0;135;135;590;24;40;30;84344832;0
975;39;35;30;30;297;0;2;135;135;667;22;40;30;84344832;0
976;39;35;3;9;296;0;0;135;135;667;22;40;30;84344832;0
977;39;34;71;336;295;0;238;135;135;446;23;40;30;84344832;0
978;39;36;5;0;296;0;4;135;135;446;23;40;30;84344832;0
979;39;36;2;0;297;0;0;135;135;446;23;40;30;84344832;0
980;38;34;152;365;300;0;239;135;135;480;20;40;30;84344832;0
981;39;35;9;1;304;0;5;135;135;480;20;40;30;84344832;0
982;39;36;1;0;306;0;255;135;135;480;20;40;30;84344832;0
983;39;35;38;32;307;0;2;135;135;898;21;40;30;84344832;0
984;39;36;2;2;308;0;0;135;135;898;21;40;30;84344832;0
985;39;33;46;422;308;0;230;135;135;486;22;40;30;84344832;0
986;39;36;6;0;309;0;3;135;135;486;22;40;30;84344832;0
987;39;36;1;0;307;0;0;135;135;486;22;40;30;84344832;0
988;39;35;21;15;307;0;2;135;135;561;23;40;30;84344832;0
989;39;36;2;1;307;0;255;135;135;561;23;40;30;84344832;0
990;39;36;0;0;307;0;0;135;135;561;23;40;30;84344832;0
991;39;34;147;361;307;0;246;135;135;504;17;40;30;84344832;0
992;39;36;4;5;307;0;2;135;135;504;17;40;30;84344832;0
993;39;34;51;148;306;0;249;135;135;646;27;40;30;84344832;0
994;39;36;5;0;304;0;5;135;135;646;27;40;30;84344832;0
995;39;33;43;463;300;0;228;135;135;646;27;40;30;84344832;0
996;39;35;8;1;299;0;6;135;135;680;24;40;30;84344832;0
997;39;35;7;99;299;0;246;135;135;680;24;40;30;84344832;0
998;39;35;18;6;299;0;10;135;135;793;26;40;30;84344832;0
999;39;35;4;12;299;0;0;135;135;793;26;40;30;84344832;0
1000;39;34;42;43;299;0;4;135;135;885;26;40;30;84344832;0
1001;39;35;3;15;300;0;0;135;135;885;26;40;30;84344832;0
1002;39;33;224;593;300;0;231;135;135;634;22;40;30;84344832;0
1003;39;36;6;0;299;0;6;135;135;634;22;40;30;84344832;0
1004;39;35;3;79;299;0;232;135;135;745;35;40;30;84344832;0
1005;39;35;6;1;300;0;4;135;135;284;82;40;30;84344832;0
1006;39;34;9;85;299;0;249;135;135;284;82;40;30;84344832;0
1007;39;35;6;1;299;0;2;135;135;572;29;40;30;84344832;0
1008;39;35;3;59;299;0;251;135;135;572;29;40;30;84344832;0
1009;39;36;2;0;298;0;1;135;135;84;29;40;30;84344832;0
1010;38;33;136;639;294;0;222;135;135;61;31;40;30;84344832;0
1011;39;35;7;1;290;0;8;135;135;61;31;40;30;84344832;0
1012;39;34;121;333;286;0;240;135;135;80;121;40;30;84344832;0
1013;39;36;6;0;286;0;7;135;135;80;121;40;30;84344832;0
1014;39;36;3;1;288;0;0;135;135;80;121;40;30;84344832;0
1015;39;35;38;33;291;0;5;135;135;710;22;40;30;84344832;0
1016;39;35;5;26;294;0;1;135;135;710;22;40;30;84344832;0
1017;39;34;135;278;298;0;249;135;135;88;87;40;30;84344832;0
1018;39;36;4;11;302;0;2;135;135;88;87;40;30;84344832;0
1019;39;36;3;1;305;0;0;135;135;88;87;40;30;84344832;0
1020;39;35;38;27;308;0;4;135;135;766;21;40;30;84344832;0
1021;39;35;4;14;311;0;0;135;135;766;21;40;30;84344832;0
1022;39;34;165;426;312;0;236;135;135;617;23;40;30;84344832;0
1023;39;36;5;0;314;0;3;135;135;617;23;40;30;84344832;0
1024;39;34;111;293;313;0;243;135;135;602;27;40;30;84344832;0
1025;39;36;5;6;313;0;1;135;135;602;27;40;30;84344832;0
1026;39;34;8;256;311;0;234;135;135;602;27;40;30;84344832;0
1027;39;35;28;16;310;0;11;135;135;533;24;40;30;84344832;0
1028;39;35;6;14;308;0;0;135;135;993;38;40;30;84344832;0
1029;39;36;1;0;308;0;255;135;135;993;38;40;30;84344832;0
1030;38;33;209;537;310;0;234;135;135;134;28;40;30;84344832;0
1031;39;35;6;14;314;0;5;135;135;134;28;40;30;84344832;0
1032;39;34;145;305;316;0;2;135;135;844;35;40;30;84344832;0
1033;39;35;5;27;315;0;2;135;135;844;35;40;30;84344832;0
1034;39;34;7;110;313;0;248;135;135;1127;32;40;30;84344832;0
1035;39;34;38;37;313;0;4;135;135;76;54;40;30;84344832;0
1036;39;35;3;18;314;0;0;135;135;76;54;40;30;84344832;0
1037;39;34;154;385;313;0;238;135;135;647;22;40;30;84344832;0
1038;39;36;5;0;311;0;7;135;135;647;22;40;30;84344832;0
1039;39;35;3;3;308;0;0;135;135;647;22;40;30;84344832;0
1040;39;34;68;120;305;0;0;135;135;596;21;40;30;84344832;0
1041;39;35;4;20;303;0;0;135;135;596;21;40;30;84344832;0
1042;39;34;100;229;301;0;249;135;135;500;29;40;30;84344832;0
1043;39;36;3;0;300;0;2;135;135;500;29;40;30;84344832;0
1044;39;36;1;0;299;0;255;135;135;500;29;40;30;84344832;0
1045;39;34;116;262;299;0;252;135;135;540;17;40;30;84344832;0
1046;39;36;4;21;299;0;1;135;135;540;17;40;30;84344832;0
1047;39;36;4;12;300;0;246;135;135;540;17;40;30;84344832;0
1048;39;35;12;2;303;0;9;135;135;713;22;40;30;84344832;0
1049;39;34;17;249;304;0;242;135;135;713;22;40;30;84344832;0
1050;39;36;5;0;304;0;1;135;135;515;30;40;30;84344832;0
1051;39;34;154;381;301;0;244;135;135;244;34;40;30;84344832;0
1052;39;36;3;1;295;0;2;135;135;244;34;40;30;84344832;0
1053;39;34;140;380;289;0;239;135;135;661;27;40;30;84344832;0
1054;39;36;5;0;288;0;7;135;135;661;27;40;30;84344832;0
1055;38;33;250;614;288;0;231;135;135;146;135;40;30;84344832;0
1056;39;36;7;1;290;0;7;135;135;146;135;40;30;84344832;0
1057;39;34;153;345;292;0;242;135;135;934;36;40;30;84344832;0
1058;39;36;6;0;297;0;6;135;135;934;36;40;30;84344832;0
1059;39;34;8;169;302;0;242;135;135;934;36;40;30;84344832;0
1060;39;36;7;0;305;0;7;135;135;769;21;40;30;84344832;0
1061;39;35;3;2;306;0;0;135;135;769;21;40;30;84344832;0
1062;39;34;75;151;307;0;0;135;135;562;23;40;30;84344832;0
1063;39;36;4;13;310;0;0;135;135;562;23;40;30;84344832;0
1064;39;34;13;243;310;0;240;135;135;562;23;40;30;84344832;0
1065;39;36;7;0;309;0;7;135;135;463;23;40;30;84344832;0
1066;39;36;2;1;308;0;0;135;135;463;23;40;30;84344832;0
1067;39;34;20;347;307;0;233;135;135;463;23;40;30;84344832;0
1068;39;36;7;0;308;0;7;135;135;550;19;40;30;84344832;0
1069;39;35;4;5;308;0;0;135;135;550;19;40;30;84344832;0
1070;39;35;24;26;307;0;3;135;135;687;26;40;30;84344832;0
1071;39;35;2;7;307;0;0;135;135;687;26;40;30;84344832;0
1072;39;34;50;78;306;0;6;135;135;750;27;40;30;84344832;0
1073;39;35;5;19;306;0;0;135;135;750;27;40;30;84344832;0
1074;39;34;117;244;306;0;253;135;135;898;26;40;30;84344832;0
1075;39;36;3;7;308;0;2;135;135;898;26;40;30;84344832;0
1076;39;34;69;86;308;0;8;135;135;876;28;40;30;84344832;0
1077;39;35;6;18;309;0;0;135;135;876;28;40;30;84344832;0
1078;39;36;1;0;309;0;255;135;135;876;28;40;30;84344832;0
1079;39;35;25;9;312;0;4;135;135;825;20;40;30;84344832;0
1080;39;36;3;2;314;0;0;135;135;825;20;40;30;84344832;0
1081;39;35;34;21;311;0;0;135;135;320;28;40;30;84344832;0
1082;39;36;2;2;304;0;253;135;135;320;28;40;30;84344832;0
1083;39;35;22;2;292;0;7;135;135;203;32;40;30;84344832;0
1084;39;34;11;256;272;0;236;135;135;203;32;40;30;84344832;0
1085;39;34;55;40;255;0;13;135;135;295;29;40;30;84344832;0
1086;39;35;6;16;237;0;0;135;135;295;29;40;30;84344832;0
1087;39;34;54;57;234;0;9;135;135;1429;28;40;30;84344832;0
1088;39;35;7;34;244;0;247;135;135;1429;28;40;30;84344832;0
1089;39;35;47;31;263;0;14;135;135;1139;30;40;30;84344832;0
1090;39;35;7;12;285;0;1;135;135;1139;30;40;30;84344832;0
1091;38;34;279;398;306;0;248;135;135;1527;22;40;30;84344832;0
1092;39;36;5;9;326;0;3;135;135;1527;22;40;30;84344832;0
1093;38;33;332;668;341;0;225;135;135;1029;28;40;30;84344832;0
1094;39;36;5;2;354;0;4;135;135;1029;28;40;30;84344832;0
1095;38;33;252;560;360;0;230;135;135;1257;26;40;30;84344832;0
1096;39;36;6;1;364;0;6;135;135;1257;26;40;30;84344832;0
1097;39;34;7;148;363;0;242;135;135;1257;26;40;30;84344832;0
1098;39;35;30;22;362;0;10;135;135;1179;24;40;30;84344832;0
1099;39;35;3;13;359;0;0;135;135;1179;24;40;30;84344832;0
1100;39;34;117;224;354;0;3;135;135;1150;25;40;30;84344832;0
1101;39;36;4;9;348;0;2;135;135;1150;25;40;30;84344832;0
1102;39;34;166;433;341;0;243;135;135;1050;28;40;30;84344832;0
1103;39;36;4;0;336;0;4;135;135;1050;28;40;30;84344832;0
1104;38;34;164;424;332;0;238;135;135;963;23;40;30;84344832;0
1105;39;36;6;1;329;0;4;135;135;963;23;40;30;84344832;0
1106;38;34;178;379;326;0;237;135;135;778;27;40;30;84279296;0
1167;39;37;0;4;215;0;255;135;135;0;0;40;30;84279296;0
