# time;P_O2, atm;P_He, atm;Flow O2, l/min;Flow He, l/min;FiO2 Env, %;FiO2 sens2, %;P mask, cm H2O;Tmask, gradC;Tnagr, gradC;V, ml;f, 1/min;Tzad, gradC;FiO2 zad, %;Flags;
# POWERON 12.12.2018 16:21:31
1;0;0;0;5;0;0;0;135;135;0;0;40;30;84279808;0
50;0;0;0;6;633;0;248;135;135;0;0;40;30;84279301;0
68;0;37;0;5;211;0;255;135;135;0;0;40;30;84279297;0
106;39;36;0;5;210;0;255;135;135;0;0;40;30;84279296;0
167;39;36;0;6;210;0;255;135;135;0;0;40;30;84279296;0
209;39;36;0;5;211;0;255;135;135;0;0;40;30;84344832;0
210;39;36;0;6;190;0;255;135;135;0;0;40;30;84344832;0
211;39;36;0;5;190;0;255;135;135;0;0;40;30;84344832;0
212;39;36;0;6;190;0;255;135;135;0;0;40;30;84344832;0
213;39;36;1;7;191;0;255;135;135;0;0;40;30;84344832;0
214;39;35;15;6;190;0;5;135;135;0;0;40;30;84344832;0
215;39;35;2;7;191;0;2;135;135;0;0;40;30;84344832;0
216;39;34;100;248;190;0;245;135;135;243;27;40;30;84344832;0
217;39;35;4;0;192;0;5;135;135;243;27;40;30;84344832;0
218;39;34;111;121;207;0;251;135;135;675;25;40;30;84344832;0
219;39;34;5;2;237;0;5;135;135;675;25;40;30;84344832;0
220;39;34;12;1;271;0;0;135;135;277;33;40;30;84344832;0
221;39;35;1;0;302;0;0;135;135;277;33;40;30;84344832;0
222;39;35;0;0;331;0;0;135;135;277;33;40;30;84344832;0
223;39;34;1;17;351;0;255;135;135;277;33;40;30;84344832;0
224;39;34;186;374;364;0;239;135;135;142;13;40;30;84344832;0
225;39;35;4;0;372;0;6;135;135;142;13;40;30;84344832;0
226;39;34;115;363;373;0;236;135;135;610;32;40;30;84344832;0
227;39;34;59;44;370;0;11;135;135;610;32;40;30;84344832;0
228;39;34;13;205;362;0;247;135;135;1276;25;40;30;84344832;0
229;39;34;128;325;354;0;251;135;135;1276;25;40;30;84344832;0
230;39;35;4;20;345;0;5;135;135;1276;25;40;30;84344832;0
231;39;34;135;346;336;0;248;135;135;1287;23;40;30;84344832;0
232;39;35;8;1;332;0;10;135;135;1287;23;40;30;84344832;0
233;39;34;159;403;326;0;242;135;135;1187;21;40;30;84344832;0
234;39;35;14;4;323;0;13;135;135;1187;21;40;30;84344832;0
235;39;34;4;13;318;0;0;135;135;1187;21;40;30;84344832;0
236;39;34;123;344;316;0;242;135;135;858;22;40;30;84344832;0
237;39;35;4;0;313;0;5;135;135;858;22;40;30;84344832;0
238;39;34;12;216;309;0;238;135;135;858;22;40;30;84344832;0
239;39;34;24;11;308;0;7;135;135;655;22;40;30;84344832;0
240;39;35;1;1;309;0;0;135;135;655;22;40;30;84344832;0
241;39;34;91;174;309;0;0;135;135;865;23;40;30;84344832;0
242;39;35;3;6;310;0;2;135;135;865;23;40;30;84344832;0
243;39;34;137;303;310;0;248;135;135;802;26;40;30;84344832;0
244;39;35;4;1;313;0;3;135;135;802;26;40;30;84344832;0
245;39;34;152;372;315;0;241;135;135;727;26;40;30;84344832;0
246;39;35;6;0;316;0;9;135;135;727;26;40;30;84344832;0
247;38;34;186;429;315;0;233;135;135;727;26;40;30;84344832;0
248;39;35;13;4;313;0;8;135;135;794;25;40;30;84344832;0
249;39;35;3;4;310;0;0;135;135;794;25;40;30;84344832;0
250;39;34;51;57;310;0;6;135;135;969;25;40;30;84344832;0
251;39;35;5;24;312;0;1;135;135;969;25;40;30;84344832;0
252;39;35;2;0;312;0;0;135;135;969;25;40;30;84344832;0
253;39;33;232;600;311;0;233;135;135;1071;16;40;30;84344832;0
254;39;35;7;1;310;0;9;135;135;1071;16;40;30;84344832;0
255;38;34;218;489;308;0;235;135;135;956;35;40;30;84344832;0
256;39;35;10;2;307;0;7;135;135;956;35;40;30;84344832;0
257;39;35;6;5;307;0;0;135;135;754;27;40;30;84344832;0
258;39;35;5;2;305;0;252;135;135;754;27;40;30;84344832;0
259;39;34;98;119;303;0;13;135;135;260;31;40;30;84344832;0
260;39;34;15;39;301;0;4;135;135;1295;36;40;30;84344832;0
261;39;34;99;323;300;0;242;135;135;1295;36;40;30;84344832;0
262;39;35;5;1;302;0;2;135;135;1295;36;40;30;84344832;0
263;39;34;110;276;304;0;245;135;135;746;19;40;30;84344832;0
264;39;35;11;5;306;0;20;135;135;746;19;40;30;84344832;0
265;39;34;166;442;306;0;238;135;135;710;26;40;30;84344832;0
266;39;35;7;1;306;0;11;135;135;710;26;40;30;84344832;0
267;39;34;100;363;306;0;239;135;135;728;28;40;30;84344832;0
268;39;35;8;1;305;0;9;135;135;728;28;40;30;84344832;0
269;39;34;10;231;303;0;241;135;135;728;28;40;30;84344832;0
270;39;34;31;38;301;0;3;135;135;518;26;40;30;84344832;0
271;39;35;4;16;300;0;0;135;135;518;26;40;30;84344832;0
272;39;34;30;24;299;0;4;135;135;823;26;40;30;84344832;0
273;39;35;3;16;300;0;0;135;135;823;26;40;30;84344832;0
274;39;34;99;224;301;0;250;135;135;620;25;40;30;84344832;0
275;39;35;3;6;303;0;1;135;135;620;25;40;30;84344832;0
276;39;34;95;199;302;0;0;135;135;658;28;40;30;84344832;0
277;39;35;4;13;302;0;2;135;135;658;28;40;30;84344832;0
278;38;33;194;486;302;0;238;135;135;795;25;40;30;84344832;0
279;39;35;6;0;303;0;9;135;135;795;25;40;30;84344832;0
280;39;35;6;31;304;0;242;135;135;701;34;40;30;84344832;0
281;39;35;11;2;305;0;9;135;135;221;76;40;30;84344832;0
282;39;33;11;270;305;0;235;135;135;221;76;40;30;84344832;0
283;39;34;36;46;306;0;4;135;135;626;28;40;30;84344832;0
284;39;35;4;19;307;0;0;135;135;626;28;40;30;84344832;0
285;39;34;74;122;307;0;5;135;135;986;24;40;30;84344832;0
286;39;35;3;4;306;0;3;135;135;986;24;40;30;84344832;0
287;39;34;121;279;305;0;249;135;135;774;26;40;30;84344832;0
288;39;35;4;4;305;0;2;135;135;774;26;40;30;84344832;0
289;39;34;150;384;306;0;243;135;135;644;27;40;30;84344832;0
290;39;35;5;0;306;0;8;135;135;644;27;40;30;84344832;0
291;39;35;3;1;305;0;0;135;135;644;27;40;30;84344832;0
292;39;33;147;504;304;0;235;135;135;644;27;40;30;84344832;0
293;39;35;11;2;305;0;9;135;135;730;17;40;30;84344832;0
294;38;34;196;470;304;0;234;135;135;730;17;40;30;84344832;0
295;39;35;9;1;302;0;8;135;135;849;28;40;30;84344832;0
296;39;35;3;4;301;0;255;135;135;849;28;40;30;84344832;0
297;39;35;15;4;301;0;8;135;135;613;26;40;30;84344832;0
298;39;35;4;9;302;0;253;135;135;613;26;40;30;84344832;0
299;39;35;16;6;303;0;10;135;135;550;29;40;30;84344832;0
300;39;35;3;8;304;0;0;135;135;550;29;40;30;84344832;0
301;39;34;42;83;304;0;2;135;135;543;28;40;30;84344832;0
302;39;35;3;13;304;0;0;135;135;543;28;40;30;84344832;0
303;39;35;1;0;302;0;0;135;135;543;28;40;30;84344832;0
304;39;34;152;398;300;0;240;135;135;659;16;40;30;84344832;0
305;39;35;7;0;298;0;8;135;135;659;16;40;30;84344832;0
306;39;34;11;254;296;0;238;135;135;659;16;40;30;84344832;0
307;39;35;12;4;294;0;11;135;135;674;26;40;30;84344832;0
308;39;35;3;10;292;0;250;135;135;674;26;40;30;84344832;0
309;39;34;22;36;291;0;1;135;135;636;27;40;30;84344832;0
310;39;35;3;2;291;0;0;135;135;636;27;40;30;84344832;0
311;39;34;22;10;293;0;6;135;135;518;27;40;30;84344832;0
312;39;35;3;8;295;0;0;135;135;518;27;40;30;84344832;0
313;39;35;1;0;298;0;255;135;135;518;27;40;30;84344832;0
314;39;34;84;168;302;0;255;135;135;505;18;40;30;84344832;0
315;39;35;5;21;306;0;1;135;135;505;18;40;30;84344832;0
316;39;34;75;155;309;0;253;135;135;605;27;40;30;84344832;0
317;39;35;3;11;310;0;1;135;135;605;27;40;30;84344832;0
318;39;34;108;230;310;0;247;135;135;453;27;40;30;84344832;0
319;39;35;6;0;311;0;7;135;135;453;27;40;30;84344832;0
320;39;34;7;92;309;0;246;135;135;472;25;40;30;84344832;0
321;39;35;8;1;305;0;7;135;135;472;25;40;30;84344832;0
322;39;35;2;8;299;0;251;135;135;472;25;40;30;84344832;0
323;39;35;12;2;297;0;6;135;135;543;25;40;30;84344832;0
324;39;35;2;3;298;0;0;135;135;543;25;40;30;84344832;0
325;39;35;1;0;299;0;0;135;135;543;25;40;30;84344832;0
326;39;34;59;111;300;0;1;135;135;576;17;40;30;84344832;0
327;39;35;4;12;301;0;0;135;135;576;17;40;30;84344832;0
328;39;34;93;219;303;0;248;135;135;539;27;40;30;84344832;0
329;39;35;4;13;305;0;1;135;135;539;27;40;30;84344832;0
330;39;35;1;0;304;0;0;135;135;539;27;40;30;84344832;0
331;39;34;108;234;303;0;250;135;135;609;19;40;30;84344832;0
332;39;35;4;13;302;0;2;135;135;609;19;40;30;84344832;0
333;39;35;2;0;301;0;0;135;135;609;19;40;30;84344832;0
334;39;34;80;180;300;0;252;135;135;707;19;40;30;84344832;0
335;39;35;3;8;300;0;1;135;135;707;19;40;30;84344832;0
336;39;34;112;288;300;0;242;135;135;494;26;40;30;84344832;0
337;39;35;5;0;300;0;5;135;135;494;26;40;30;84344832;0
338;39;35;3;1;300;0;0;135;135;467;34;40;30;84344832;0
339;39;35;1;54;300;0;242;135;135;467;34;40;30;84344832;0
340;39;35;12;2;301;0;9;135;135;162;31;40;30;84344832;0
341;39;35;3;6;302;0;0;135;135;162;31;40;30;84344832;0
342;39;34;90;413;302;0;233;135;135;518;20;40;30;84344832;0
343;39;35;8;0;302;0;8;135;135;518;20;40;30;84344832;0
344;39;35;3;25;300;0;250;135;135;518;20;40;30;84344832;0
345;39;35;15;2;301;0;12;135;135;537;26;40;30;84344832;0
346;39;35;2;2;301;0;0;135;135;537;26;40;30;84344832;0
347;39;34;62;110;298;0;3;135;135;514;24;40;30;84344832;0
348;39;35;3;9;294;0;1;135;135;514;24;40;30;84344832;0
349;39;34;115;259;292;0;248;135;135;641;25;40;30;84344832;0
350;39;35;5;0;293;0;6;135;135;641;25;40;30;84344832;0
351;39;35;2;0;295;0;0;135;135;641;25;40;30;84344832;0
352;39;34;69;141;298;0;255;135;135;543;21;40;30;84344832;0
353;39;35;3;16;300;0;0;135;135;543;21;40;30;84344832;0
354;39;34;88;193;303;0;253;135;135;568;28;40;30;84344832;0
355;39;35;3;16;305;0;1;135;135;568;28;40;30;84344832;0
356;39;34;109;246;306;0;248;135;135;549;27;40;30;84344832;0
357;39;35;3;2;305;0;1;135;135;549;27;40;30;84344832;0
358;39;35;2;0;303;0;255;135;135;549;27;40;30;84344832;0
359;39;35;0;0;304;0;0;135;135;549;27;40;30;84344832;0
360;39;34;139;314;306;0;246;135;135;533;14;40;30;84344832;0
361;39;35;5;0;309;0;6;135;135;533;14;40;30;84344832;0
362;39;34;69;269;312;0;242;135;135;576;26;40;30;84344832;0
363;39;35;5;1;313;0;8;135;135;576;26;40;30;84344832;0
364;39;35;2;3;312;0;0;135;135;576;26;40;30;84344832;0
365;39;35;0;0;309;0;255;135;135;576;26;40;30;84344832;0
366;39;34;170;431;307;0;242;135;135;677;15;40;30;84344832;0
367;39;35;5;0;307;0;5;135;135;677;15;40;30;84344832;0
368;39;34;119;286;306;0;244;135;135;43;136;40;30;84344832;0
369;39;35;7;2;306;0;7;135;135;43;136;40;30;84344832;0
370;39;34;13;218;304;0;242;135;135;43;136;40;30;84344832;0
371;39;35;7;1;302;0;10;135;135;614;24;40;30;84344832;0
372;39;35;1;0;300;0;0;135;135;614;24;40;30;84344832;0
373;39;35;0;0;300;0;252;135;135;614;24;40;30;84344832;0
374;39;35;7;1;303;0;7;135;135;438;18;40;30;84344832;0
375;39;35;2;2;306;0;0;135;135;438;18;40;30;84344832;0
376;39;35;15;4;307;0;8;135;135;547;26;40;30;84344832;0
377;39;35;3;9;309;0;255;135;135;547;26;40;30;84344832;0
378;39;34;149;281;309;0;242;135;135;497;22;40;30;84344832;0
379;39;35;6;0;309;0;8;135;135;497;22;40;30;84344832;0
380;39;33;14;250;308;0;240;135;135;497;22;40;30;84344832;0
381;39;35;8;1;306;0;10;135;135;471;27;40;30;84344832;0
382;39;35;2;4;305;0;251;135;135;471;27;40;30;84344832;0
383;39;35;9;1;303;0;7;135;135;557;26;40;30;84344832;0
384;39;35;1;1;302;0;255;135;135;557;26;40;30;84344832;0
385;39;34;43;63;301;0;2;135;135;397;26;40;30;84344832;0
386;39;35;2;6;301;0;0;135;135;397;26;40;30;84344832;0
387;39;34;97;243;301;0;248;135;135;476;24;40;30;84344832;0
388;39;35;3;2;300;0;1;135;135;476;24;40;30;84344832;0
389;39;34;40;302;299;0;240;135;135;476;24;40;30;84344832;0
390;39;35;5;0;299;0;6;135;135;501;25;40;30;84344832;0
391;39;35;2;2;298;0;0;135;135;501;25;40;30;84344832;0
392;39;34;50;338;297;0;237;135;135;432;19;40;30;84344832;0
393;39;35;5;0;297;0;7;135;135;432;19;40;30;84344832;0
394;39;35;1;1;298;0;0;135;135;432;19;40;30;84344832;0
395;39;35;17;5;299;0;8;135;135;426;23;40;30;84344832;0
396;39;35;2;1;301;0;0;135;135;426;23;40;30;84344832;0
397;39;34;50;72;300;0;2;135;135;398;25;40;30;84344832;0
398;39;35;3;17;298;0;1;135;135;398;25;40;30;84344832;0
399;39;34;46;275;298;0;240;135;135;487;24;40;30;84344832;0
400;39;35;7;0;299;0;6;135;135;487;24;40;30;84344832;0
401;39;34;14;170;301;0;246;135;135;487;24;40;30;84344832;0
402;39;35;6;0;300;0;9;135;135;445;28;40;30;84344832;0
403;39;35;1;1;300;0;0;135;135;445;28;40;30;84344832;0
404;39;35;0;0;300;0;255;135;135;445;28;40;30;84344832;0
405;39;34;50;353;301;0;236;135;135;445;28;40;30;84344832;0
406;39;35;6;0;304;0;3;135;135;390;14;40;30;84344832;0
407;39;35;1;0;306;0;255;135;135;390;14;40;30;84344832;0
408;39;35;18;5;308;0;3;135;135;368;25;40;30;84344832;0
409;39;35;1;2;309;0;0;135;135;368;25;40;30;84344832;0
410;39;33;78;442;308;0;233;135;135;368;25;40;30;84344832;0
411;39;35;6;0;309;0;6;135;135;449;20;40;30;84344832;0
412;39;35;2;1;309;0;0;135;135;449;20;40;30;84344832;0
413;39;34;51;83;310;0;1;135;135;431;23;40;30;84344832;0
414;39;35;2;5;312;0;0;135;135;431;23;40;30;84344832;0
415;39;34;99;225;311;0;248;135;135;386;25;40;30;84344832;0
416;39;35;3;0;308;0;4;135;135;386;25;40;30;84344832;0
417;39;35;1;0;305;0;255;135;135;386;25;40;30;84344832;0
418;39;35;8;1;301;0;5;135;135;470;23;40;30;84344832;0
419;39;35;2;48;298;0;246;135;135;470;23;40;30;84344832;0
420;39;35;17;5;296;0;6;135;135;426;27;40;30;84344832;0
421;39;35;2;4;297;0;0;135;135;426;27;40;30;84344832;0
422;39;34;73;123;298;0;254;135;135;379;25;40;30;84344832;0
423;39;35;2;1;300;0;0;135;135;379;25;40;30;84344832;0
424;39;35;0;0;300;0;255;135;135;379;25;40;30;84344832;0
425;39;34;125;263;299;0;246;135;135;380;18;40;30;84344832;0
426;39;35;3;0;298;0;4;135;135;380;18;40;30;84344832;0
427;39;34;7;187;298;0;243;135;135;380;18;40;30;84344832;0
428;39;35;7;1;300;0;9;135;135;408;24;40;30;84344832;0
429;39;35;1;0;301;0;0;135;135;408;24;40;30;84344832;0
430;39;34;112;214;296;0;249;135;135;286;22;40;30;84344832;0
431;39;35;3;0;288;0;1;135;135;286;22;40;30;84344832;0
432;39;34;144;380;282;0;238;135;135;390;26;40;30;84344832;0
433;39;35;5;0;283;0;7;135;135;390;26;40;30;84344832;0
434;39;35;2;1;287;0;0;135;135;390;26;40;30;84344832;0
435;39;34;51;81;293;0;0;135;135;493;21;40;30;84344832;0
436;39;35;3;7;299;0;0;135;135;493;21;40;30;84344832;0
437;39;34;11;237;304;0;239;135;135;493;21;40;30;84344832;0
438;39;35;6;0;309;0;7;135;135;401;23;40;30;84344832;0
439;39;35;1;1;313;0;0;135;135;401;23;40;30;84344832;0
440;38;34;194;392;316;0;236;135;135;439;20;40;30;84344832;0
441;39;35;3;0;320;0;2;135;135;439;20;40;30;84344832;0
442;39;35;2;1;321;0;255;135;135;439;20;40;30;84344832;0
443;39;35;8;1;322;0;6;135;135;456;24;40;30;84344832;0
444;39;35;1;1;322;0;0;135;135;456;24;40;30;84344832;0
445;39;34;46;79;320;0;0;135;135;374;24;40;30;84344832;0
446;39;35;2;1;317;0;0;135;135;374;24;40;30;84344832;0
447;39;34;100;256;314;0;245;135;135;400;24;40;30;84344832;0
448;39;35;5;0;312;0;6;135;135;400;24;40;30;84344832;0
449;39;35;0;130;310;0;253;135;135;400;24;40;30;84344832;0
450;39;35;10;2;307;0;7;135;135;368;25;40;30;84344832;0
451;39;35;2;4;306;0;0;135;135;368;25;40;30;84344832;0
452;39;34;29;20;305;0;2;135;135;440;24;40;30;84344832;0
453;39;35;2;6;305;0;0;135;135;440;24;40;30;84344832;0
454;39;34;60;309;305;0;240;135;135;334;24;40;30;84344832;0
455;39;35;5;0;307;0;6;135;135;334;24;40;30;84344832;0
456;39;35;1;0;308;0;0;135;135;334;24;40;30;84344832;0
457;38;33;208;525;308;0;228;135;135;485;18;40;30;84344832;0
458;39;35;7;0;307;0;6;135;135;485;18;40;30;84344832;0
459;39;35;4;4;307;0;0;135;135;622;34;40;30;84344832;0
460;39;35;1;0;307;0;255;135;135;622;34;40;30;84344832;0
461;39;34;100;231;310;0;251;135;135;95;28;40;30;84344832;0
462;39;35;3;7;313;0;1;135;135;95;28;40;30;84344832;0
463;39;34;58;312;314;0;239;135;135;549;24;40;30;84344832;0
464;39;35;5;0;313;0;6;135;135;549;24;40;30;84344832;0
465;39;35;1;6;310;0;250;135;135;549;24;40;30;84344832;0
466;39;35;19;6;307;0;6;135;135;409;24;40;30;84344832;0
467;39;35;2;6;304;0;0;135;135;409;24;40;30;84344832;0
468;39;34;33;40;301;0;0;135;135;362;26;40;30;84344832;0
469;39;35;2;1;298;0;0;135;135;362;26;40;30;84344832;0
470;39;34;63;132;295;0;254;135;135;380;27;40;30;84344832;0
471;39;35;2;2;295;0;0;135;135;380;27;40;30;84344832;0
472;39;34;101;198;293;0;250;135;135;393;26;40;30;84344832;0
473;39;35;4;0;289;0;2;135;135;393;26;40;30;84344832;0
474;39;34;79;283;285;0;242;135;135;431;26;40;30;84344832;0
475;39;35;4;0;286;0;4;135;135;431;26;40;30;84344832;0
476;39;35;1;1;288;0;255;135;135;431;26;40;30;84344832;0
477;39;34;30;42;292;0;1;135;135;327;23;40;30;84344832;0
478;39;35;2;2;296;0;0;135;135;327;23;40;30;84344832;0
479;39;34;68;126;302;0;253;135;135;418;24;40;30;84344832;0
480;39;35;3;0;308;0;1;135;135;418;24;40;30;84344832;0
481;39;34;125;268;313;0;247;135;135;397;26;40;30;84344832;0
482;39;35;4;0;317;0;5;135;135;397;26;40;30;84344832;0
483;39;35;1;1;319;0;255;135;135;397;26;40;30;84344832;0
484;39;34;26;26;320;0;1;135;135;431;22;40;30;84344832;0
485;39;35;2;0;319;0;0;135;135;431;22;40;30;84344832;0
486;39;34;7;186;317;0;243;135;135;431;22;40;30;84344832;0
487;39;35;5;0;316;0;2;135;135;364;21;40;30;84344832;0
488;39;35;1;0;314;0;0;135;135;364;21;40;30;84344832;0
489;39;34;75;157;307;0;253;135;135;362;21;40;30;84344832;0
490;39;35;3;1;300;0;1;135;135;362;21;40;30;84344832;0
491;39;34;83;169;295;0;251;135;135;412;27;40;30;84344832;0
492;39;35;3;0;296;0;3;135;135;412;27;40;30;84344832;0
493;39;34;6;153;294;0;245;135;135;412;27;40;30;84344832;0
494;39;35;5;0;289;0;4;135;135;299;25;40;30;84344832;0
495;39;34;4;143;286;0;244;135;135;299;25;40;30;84344832;0
496;39;35;10;1;286;0;8;135;135;402;27;40;30;84344832;0
497;39;35;3;7;289;0;0;135;135;402;27;40;30;84344832;0
498;39;34;30;16;295;0;3;135;135;501;25;40;30;84344832;0
499;39;35;2;3;300;0;0;135;135;501;25;40;30;84344832;0
500;39;34;92;218;303;0;246;135;135;346;23;40;30;84344832;0
501;39;35;4;0;307;0;2;135;135;346;23;40;30;84344832;0
502;39;34;16;212;308;0;243;135;135;346;23;40;30;84344832;0
503;39;35;4;0;307;0;2;135;135;314;26;40;30;84344832;0
504;39;35;1;0;305;0;255;135;135;314;26;40;30;84344832;0
505;39;35;20;10;301;0;0;135;135;280;23;40;30;84344832;0
506;39;35;1;0;297;0;0;135;135;280;23;40;30;84344832;0
507;39;35;0;0;291;0;255;135;135;280;23;40;30;84344832;0
508;39;34;67;110;286;0;0;135;135;329;18;40;30;84344832;0
509;39;35;3;4;282;0;0;135;135;329;18;40;30;84344832;0
510;39;34;109;214;282;0;246;135;135;417;26;40;30;84344832;0
511;39;35;3;0;286;0;2;135;135;417;26;40;30;84344832;0
512;39;35;0;0;291;0;0;135;135;417;26;40;30;84344832;0
513;39;34;125;269;296;0;243;135;135;296;21;40;30;84344832;0
514;39;35;2;2;302;0;1;135;135;296;21;40;30;84344832;0
515;39;34;121;307;307;0;241;135;135;492;24;40;30;84344832;0
516;39;35;5;0;313;0;4;135;135;492;24;40;30;84344832;0
517;39;35;1;0;318;0;0;135;135;492;24;40;30;84344832;0
518;39;34;79;134;322;0;252;135;135;416;22;40;30;84344832;0
519;39;35;3;0;325;0;3;135;135;416;22;40;30;84344832;0
520;39;35;2;6;325;0;250;135;135;416;22;40;30;84344832;0
521;39;35;16;5;324;0;8;135;135;600;21;40;30;84344832;0
522;39;35;2;6;323;0;0;135;135;600;21;40;30;84344832;0
523;39;34;73;152;321;0;252;135;135;545;24;40;30;84344832;0
524;39;35;3;0;318;0;3;135;135;545;24;40;30;84344832;0
525;39;34;13;17;316;0;0;135;135;456;26;40;30;84344832;0
526;39;35;2;0;314;0;2;135;135;456;26;40;30;84344832;0
527;39;34;122;296;317;0;246;135;135;130;29;40;30;84344832;0
528;39;35;4;7;321;0;2;135;135;130;29;40;30;84344832;0
529;39;34;147;356;321;0;241;135;135;554;28;40;30;84344832;0
530;39;35;4;0;320;0;5;135;135;554;28;40;30;84344832;0
531;39;34;90;307;317;0;241;135;135;547;26;40;30;84344832;0
532;39;35;4;0;314;0;4;135;135;547;26;40;30;84344832;0
533;39;33;18;241;311;0;242;135;135;547;26;40;30;84344832;0
534;39;35;4;0;308;0;5;135;135;381;26;40;30;84344832;0
535;39;35;2;39;305;0;250;135;135;381;26;40;30;84344832;0
536;39;35;21;9;302;0;5;135;135;315;25;40;30;84344832;0
537;39;35;3;12;298;0;0;135;135;315;25;40;30;84344832;0
538;39;34;95;170;297;0;251;135;135;562;22;40;30;84344832;0
539;39;35;3;0;299;0;1;135;135;562;22;40;30;84344832;0
540;39;33;42;331;299;0;237;135;135;562;22;40;30;84344832;0
541;40;35;6;0;300;0;5;135;135;366;25;40;30;84344832;0
542;39;35;1;0;301;0;0;135;135;366;25;40;30;84344832;0
543;39;34;111;218;303;0;248;135;135;367;21;40;30;84344832;0
544;39;35;3;0;307;0;1;135;135;367;21;40;30;84344832;0
545;39;35;1;0;309;0;0;135;135;367;21;40;30;84344832;0
546;39;34;60;104;310;0;0;135;135;436;20;40;30;84344832;0
547;39;35;2;2;309;0;1;135;135;436;20;40;30;84344832;0
548;40;35;1;1;308;0;255;135;135;436;20;40;30;84344832;0
549;40;35;12;2;308;0;7;135;135;424;21;40;30;84344832;0
550;40;35;1;1;307;0;0;135;135;424;21;40;30;84344832;0
551;39;34;37;41;303;0;3;135;135;428;25;40;30;84344832;0
552;39;35;3;14;299;0;1;135;135;428;25;40;30;84344832;0
553;40;34;10;253;295;0;239;135;135;428;25;40;30;84344832;0
554;40;35;7;0;295;0;4;135;135;510;22;40;30;84344832;0
555;40;35;2;2;296;0;0;135;135;510;22;40;30;84344832;0
556;40;35;16;5;296;0;6;135;135;451;25;40;30;84344832;0
557;40;35;2;5;298;0;0;135;135;451;25;40;30;84344832;0
558;40;34;45;72;300;0;0;135;135;400;26;40;30;84344832;0
559;40;35;3;0;302;0;2;135;135;400;26;40;30;84344832;0
560;39;34;59;214;303;0;245;135;135;412;26;40;30;84344832;0
561;40;35;3;0;305;0;2;135;135;412;26;40;30;84344832;0
562;40;34;3;102;305;0;246;135;135;412;26;40;30;84344832;0
563;40;35;10;1;302;0;9;135;135;325;24;40;30;84344832;0
564;40;35;1;2;297;0;0;135;135;325;24;40;30;84344832;0
565;40;34;32;20;295;0;2;135;135;427;24;40;30;84344832;0
566;40;35;2;4;296;0;0;135;135;427;24;40;30;84344832;0
567;40;35;1;0;297;0;255;135;135;427;24;40;30;84344832;0
568;40;34;29;23;298;0;3;135;135;447;19;40;30;84344832;0
569;40;35;2;8;299;0;0;135;135;447;19;40;30;84344832;0
570;40;35;0;0;302;0;255;135;135;447;19;40;30;84344832;0
571;40;34;65;121;307;0;252;135;135;397;18;40;30;84344832;0
572;40;35;2;1;314;0;0;135;135;397;18;40;30;84344832;0
573;40;35;2;123;317;0;254;135;135;397;18;40;30;84344832;0
574;40;35;8;1;318;0;4;135;135;369;22;40;30;84344832;0
575;40;35;1;2;317;0;0;135;135;369;22;40;30;84344832;0
576;40;34;42;325;316;0;239;135;135;388;20;40;30;84344832;0
577;40;35;4;0;315;0;5;135;135;388;20;40;30;84344832;0
578;40;35;2;34;313;0;246;135;135;388;20;40;30;84344832;0
579;40;35;7;1;309;0;5;135;135;360;26;40;30;84344832;0
580;40;35;2;2;304;0;0;135;135;360;26;40;30;84344832;0
581;40;34;78;129;298;0;253;135;135;374;22;40;30;84344832;0
582;40;35;2;4;294;0;0;135;135;374;22;40;30;84344832;0
583;39;34;119;286;291;0;245;135;135;397;28;40;30;84344832;0
584;40;35;3;0;290;0;3;135;135;397;28;40;30;84344832;0
585;40;35;2;53;290;0;245;135;135;397;28;40;30;84344832;0
586;40;35;10;1;291;0;7;135;135;513;23;40;30;84344832;0
587;40;35;2;5;292;0;0;135;135;513;23;40;30;84344832;0
588;40;34;27;20;294;0;2;135;135;402;26;40;30;84344832;0
589;40;35;2;5;297;0;0;135;135;402;26;40;30;84344832;0
590;40;34;60;273;300;0;242;135;135;430;22;40;30;84344832;0
591;40;35;7;0;305;0;7;135;135;430;22;40;30;84344832;0
592;40;35;1;1;311;0;0;135;135;430;22;40;30;84344832;0
593;40;34;99;178;314;0;251;135;135;438;19;40;30;84344832;0
594;40;35;4;0;316;0;4;135;135;438;19;40;30;84344832;0
595;40;35;1;0;317;0;255;135;135;438;19;40;30;84344832;0
596;40;35;15;3;318;0;5;135;135;360;23;40;30;84344832;0
597;40;35;2;2;319;0;0;135;135;360;23;40;30;84344832;0
598;40;34;89;156;316;0;252;135;135;293;26;40;30;84344832;0
599;40;35;2;0;310;0;2;135;135;293;26;40;30;84344832;0
600;40;35;1;0;304;0;0;135;135;293;26;40;30;84344832;0
601;40;35;0;1;301;0;254;135;135;293;26;40;30;84344832;0
602;40;34;25;16;301;0;3;135;135;466;15;40;30;84344832;0
603;40;35;2;8;303;0;0;135;135;466;15;40;30;84344832;0
604;40;34;111;369;303;0;239;135;135;380;23;40;30;84344832;0
605;40;35;4;0;302;0;5;135;135;380;23;40;30;84344832;0
606;40;35;1;1;301;0;0;135;135;380;23;40;30;84344832;0
607;40;34;28;8;301;0;3;135;135;396;21;40;30;84344832;0
608;40;35;2;1;303;0;0;135;135;396;21;40;30;84344832;0
609;40;35;0;0;299;0;255;135;135;396;21;40;30;84344832;0
610;40;35;0;8;291;0;253;135;135;396;21;40;30;84344832;0
611;40;35;13;2;280;0;9;135;135;262;15;40;30;84344832;0
612;40;35;1;0;272;0;0;135;135;262;15;40;30;84344832;0
613;40;34;101;238;266;0;244;135;135;283;23;40;30;84344832;0
614;40;35;3;0;262;0;2;135;135;283;23;40;30;84344832;0
615;40;35;1;0;263;0;0;135;135;283;23;40;30;84344832;0
616;39;34;187;277;269;0;241;135;135;384;19;40;30;84344832;0
617;40;35;6;0;280;0;5;135;135;384;19;40;30;84344832;0
618;40;35;3;78;291;0;247;135;135;384;19;40;30;84344832;0
619;40;35;8;0;302;0;8;135;135;499;25;40;30;84344832;0
620;40;35;2;3;311;0;254;135;135;499;25;40;30;84344832;0
621;40;35;18;7;318;0;8;135;135;353;26;40;30;84344832;0
622;40;35;1;2;323;0;0;135;135;353;26;40;30;84344832;0
623;40;34;9;82;324;0;248;135;135;284;22;40;30;84344832;0
624;40;35;7;0;324;0;7;135;135;284;22;40;30;84344832;0
625;40;35;1;2;323;0;252;135;135;284;22;40;30;84344832;0
626;40;35;9;1;320;0;7;135;135;339;24;40;30;84344832;0
627;40;35;2;3;316;0;255;135;135;339;24;40;30;84344832;0
628;40;35;24;6;314;0;4;135;135;351;28;40;30;84344832;0
629;40;35;5;145;314;0;247;135;135;351;28;40;30;84344832;0
630;40;35;13;2;311;0;6;135;135;345;28;40;30;84344832;0
631;40;35;1;2;304;0;0;135;135;345;28;40;30;84344832;0
632;40;34;24;10;302;0;2;135;135;310;25;40;30;84344832;0
633;40;35;2;0;304;0;0;135;135;310;25;40;30;84344832;0
634;40;34;53;131;304;0;250;135;135;262;26;40;30;84344832;0
635;40;35;3;0;301;0;1;135;135;262;26;40;30;84344832;0
636;40;35;0;0;295;0;255;135;135;262;26;40;30;84344832;0
637;40;35;0;9;286;0;251;135;135;262;26;40;30;84344832;0
638;40;35;10;1;275;0;7;135;135;220;16;40;30;84344832;0
639;40;35;1;1;267;0;0;135;135;220;16;40;30;84344832;0
640;40;34;134;218;268;0;247;135;135;357;22;40;30;84344832;0
641;40;35;3;0;277;0;3;135;135;357;22;40;30;84344832;0
642;40;35;1;1;290;0;255;135;135;357;22;40;30;84344832;0
643;40;35;11;1;302;0;8;135;135;377;22;40;30;84344832;0
644;40;35;1;1;313;0;255;135;135;377;22;40;30;84344832;0
645;40;34;63;93;322;0;252;135;135;267;24;40;30;84344832;0
646;40;35;2;0;332;0;0;135;135;267;24;40;30;84344832;0
647;40;34;96;209;336;0;247;135;135;261;26;40;30;84344832;0
648;40;35;3;0;332;0;0;135;135;261;26;40;30;84344832;0
649;40;35;2;19;325;0;253;135;135;261;26;40;30;84344832;0
650;40;35;2;0;317;0;1;135;135;261;26;40;30;84344832;0
651;40;34;29;147;310;0;246;135;135;300;14;40;30;84344832;0
652;40;35;6;0;307;0;6;135;135;300;14;40;30;84344832;0
653;40;35;1;0;306;0;255;135;135;300;14;40;30;84344832;0
654;40;34;58;334;299;0;237;135;135;272;19;40;30;84344832;0
655;40;35;4;0;288;0;4;135;135;272;19;40;30;84344832;0
656;40;34;102;229;282;0;244;135;135;454;28;40;30;84344832;0
657;40;35;5;0;284;0;3;135;135;454;28;40;30;84344832;0
658;40;34;67;223;289;0;242;135;135;435;28;40;30;84344832;0
659;40;35;5;0;295;0;4;135;135;435;28;40;30;84344832;0
660;40;33;19;244;301;0;238;135;135;435;28;40;30;84344832;0
661;40;35;6;1;309;0;7;135;135;397;27;40;30;84344832;0
662;40;35;1;2;317;0;253;135;135;397;27;40;30;84344832;0
663;40;35;25;8;325;0;5;135;135;373;26;40;30;84344832;0
664;40;35;2;3;331;0;0;135;135;373;26;40;30;84344832;0
665;40;34;92;241;333;0;242;135;135;358;23;40;30;84344832;0
666;40;35;3;0;336;0;2;135;135;358;23;40;30;84344832;0
667;40;35;1;1;336;0;255;135;135;358;23;40;30;84344832;0
668;40;35;18;7;335;0;1;135;135;378;21;40;30;84344832;0
669;40;35;2;2;335;0;0;135;135;378;21;40;30;84344832;0
670;40;35;21;6;333;0;5;135;135;335;27;40;30;84344832;0
671;40;35;2;2;330;0;0;135;135;335;27;40;30;84344832;0
672;40;34;70;110;327;0;253;135;135;341;26;40;30;84344832;0
673;40;35;2;0;326;0;0;135;135;341;26;40;30;84344832;0
674;40;35;1;1;323;0;254;135;135;341;26;40;30;84344832;0
675;40;35;10;1;318;0;6;135;135;296;21;40;30;84344832;0
676;40;35;1;1;316;0;0;135;135;296;21;40;30;84344832;0
677;40;34;52;270;308;0;242;135;135;306;22;40;30;84344832;0
678;40;35;4;0;296;0;4;135;135;306;22;40;30;84344832;0
679;40;35;1;4;287;0;252;135;135;306;22;40;30;84344832;0
680;40;35;17;2;282;0;6;135;135;278;24;40;30;84344832;0
681;40;35;1;0;283;0;0;135;135;278;24;40;30;84344832;0
682;40;34;57;198;280;0;243;135;135;265;21;40;30;84344832;0
683;40;35;6;0;274;0;5;135;135;265;21;40;30;84344832;0
684;40;35;2;9;270;0;246;135;135;265;21;40;30;84344832;0
685;40;35;9;1;273;0;7;135;135;422;25;40;30;84344832;0
686;40;35;1;1;281;0;0;135;135;422;25;40;30;84344832;0
687;40;35;23;7;292;0;3;135;135;340;25;40;30;84344832;0
688;40;35;2;0;305;0;0;135;135;340;25;40;30;84344832;0
689;40;35;0;1;316;0;253;135;135;340;25;40;30;84344832;0
690;40;35;8;0;328;0;5;135;135;260;20;40;30;84344832;0
691;40;35;1;0;339;0;255;135;135;260;20;40;30;84344832;0
692;40;35;18;5;345;0;8;135;135;188;25;40;30;84344832;0
693;40;35;3;9;344;0;0;135;135;188;25;40;30;84344832;0
694;39;34;230;400;341;0;240;135;135;455;23;40;30;84344832;0
695;40;35;5;0;340;0;4;135;135;455;23;40;30;84344832;0
696;40;33;36;374;339;0;234;135;135;455;23;40;30;84344832;0
697;40;35;6;0;337;0;4;135;135;569;27;40;30;84344832;0
698;40;35;1;1;334;0;0;135;135;569;27;40;30;84344832;0
699;40;33;61;393;332;0;234;135;135;463;19;40;30;84344832;0
700;40;35;5;0;331;0;4;135;135;463;19;40;30;84344832;0
701;40;35;1;0;330;0;0;135;135;463;19;40;30;84344832;0
702;40;34;86;137;327;0;254;135;135;427;22;40;30;84344832;0
703;40;35;3;8;326;0;0;135;135;427;22;40;30;84344832;0
704;40;34;5;184;322;0;242;135;135;427;22;40;30;84344832;0
705;40;35;9;1;318;0;7;135;135;496;22;40;30;84344832;0
706;40;35;1;1;314;0;0;135;135;496;22;40;30;84344832;0
707;40;34;64;97;312;0;0;135;135;419;24;40;30;84344832;0
708;40;35;2;1;311;0;0;135;135;419;24;40;30;84344832;0
709;40;34;55;226;311;0;245;135;135;421;24;40;30;84344832;0
710;40;35;4;0;312;0;2;135;135;421;24;40;30;84344832;0
711;40;35;1;1;312;0;255;135;135;421;24;40;30;84344832;0
712;40;35;0;2;307;0;252;135;135;421;24;40;30;84344832;0
713;40;35;12;2;302;0;5;135;135;312;16;40;30;84344832;0
714;40;35;1;2;298;0;0;135;135;312;16;40;30;84344832;0
715;40;34;86;147;296;0;254;135;135;409;24;40;30;84344832;0
716;40;35;2;0;297;0;0;135;135;409;24;40;30;84344832;0
717;40;34;17;227;299;0;241;135;135;409;24;40;30;84344832;0
718;40;35;5;0;301;0;4;135;135;343;24;40;30;84344832;0
719;40;35;1;0;303;0;255;135;135;343;24;40;30;84344832;0
720;40;34;158;406;303;0;239;135;135;296;21;40;30;84344832;0
721;40;35;3;2;301;0;2;135;135;296;21;40;30;84344832;0
722;40;35;2;1;301;0;255;135;135;296;21;40;30;84344832;0
723;40;35;18;4;303;0;7;135;135;653;22;40;30;84344832;0
724;40;35;2;5;305;0;0;135;135;653;22;40;30;84344832;0
725;40;34;64;104;306;0;0;135;135;398;25;40;30;84344832;0
726;40;35;2;5;306;0;0;135;135;398;25;40;30;84344832;0
727;40;34;31;113;306;0;250;135;135;367;25;40;30;84344832;0
728;40;35;4;0;307;0;2;135;135;367;25;40;30;84344832;0
729;40;35;2;19;309;0;253;135;135;367;25;40;30;84344832;0
730;40;34;59;83;305;0;254;135;135;207;19;40;30;84344832;0
731;40;35;11;1;293;0;10;135;135;173;73;40;30;84344832;0
732;40;35;1;0;280;0;0;135;135;173;73;40;30;84344832;0
733;40;35;9;1;267;0;0;135;135;95;29;40;30;84344832;0
734;40;34;7;125;255;0;243;135;135;95;29;40;30;84344832;0
735;40;35;9;1;253;0;5;135;135;124;34;40;30;84344832;0
736;40;35;1;1;261;0;0;135;135;124;34;40;30;84344832;0
737;40;34;32;22;272;0;1;135;135;401;24;40;30;84344832;0
738;40;35;2;0;287;0;0;135;135;401;24;40;30;84344832;0
739;40;34;99;216;303;0;244;135;135;306;24;40;30;84344832;0
740;40;35;4;0;319;0;2;135;135;306;24;40;30;84344832;0
741;40;33;60;272;333;0;239;135;135;280;28;40;30;84344832;0
742;40;35;3;0;343;0;2;135;135;280;28;40;30;84344832;0
743;40;35;0;0;348;0;0;135;135;280;28;40;30;84344832;0
744;40;34;5;109;352;0;245;135;135;250;19;40;30;84344832;0
745;40;35;6;1;356;0;3;135;135;250;19;40;30;84344832;0
746;40;35;1;0;358;0;255;135;135;250;19;40;30;84344832;0
747;40;35;22;6;349;0;5;135;135;254;24;40;30;84344832;0
748;40;35;2;6;330;0;0;135;135;254;24;40;30;84344832;0
749;40;34;35;26;317;0;3;135;135;515;25;40;30;84344832;0
750;40;35;2;5;310;0;0;135;135;515;25;40;30;84344832;0
751;40;34;124;280;307;0;245;135;135;417;24;40;30;84344832;0
752;40;35;3;0;308;0;2;135;135;417;24;40;30;84344832;0
753;40;35;1;2;310;0;254;135;135;417;24;40;30;84344832;0
754;40;34;57;45;312;0;2;135;135;301;23;40;30;84344832;0
755;40;35;2;0;315;0;0;135;135;301;23;40;30;84344832;0
756;40;34;31;12;315;0;7;135;135;413;26;40;30;84344832;0
757;40;35;3;7;313;0;0;135;135;413;26;40;30;84344832;0
758;40;34;56;46;311;0;5;135;135;467;29;40;30;84344832;0
759;40;35;4;13;310;0;0;135;135;467;29;40;30;84344832;0
760;40;34;8;177;309;0;242;135;135;467;29;40;30;84344832;0
761;40;35;6;0;309;0;6;135;135;577;21;40;30;84344832;0
762;40;35;2;21;309;0;246;135;135;577;21;40;30;84344832;0
763;40;35;13;2;309;0;9;135;135;498;26;40;30;84344832;0
764;40;35;3;3;312;0;0;135;135;498;26;40;30;84344832;0
765;40;35;17;4;314;0;7;135;135;567;26;40;30;84344832;0
766;40;35;2;2;315;0;0;135;135;567;26;40;30;84344832;0
767;40;34;92;197;315;0;251;135;135;355;26;40;30;84344832;0
768;40;35;4;5;315;0;1;135;135;355;26;40;30;84344832;0
769;40;34;12;183;315;0;243;135;135;355;26;40;30;84344832;0
770;40;35;9;1;315;0;8;135;135;520;24;40;30;84344832;0
771;40;35;2;1;313;0;0;135;135;520;24;40;30;84344832;0
772;40;34;31;19;309;0;3;135;135;473;23;40;30;84344832;0
773;40;35;2;5;306;0;0;135;135;473;23;40;30;84344832;0
774;40;34;116;277;304;0;245;135;135;488;24;40;30;84344832;0
775;40;35;4;0;304;0;2;135;135;488;24;40;30;84344832;0
776;40;34;145;307;304;0;243;135;135;435;27;40;30;84344832;0
777;40;35;4;0;305;0;5;135;135;435;27;40;30;84344832;0
778;40;35;2;1;306;0;0;135;135;435;27;40;30;84344832;0
779;40;34;62;73;306;0;1;135;135;468;21;40;30;84344832;0
780;40;35;2;0;308;0;0;135;135;468;21;40;30;84344832;0
781;40;35;0;0;305;0;250;135;135;468;21;40;30;84344832;0
782;40;35;12;2;297;0;6;135;135;279;22;40;30;84344832;0
783;40;35;2;11;290;0;0;135;135;279;22;40;30;84344832;0
784;40;34;66;373;287;0;235;135;135;585;21;40;30;84344832;0
785;40;35;6;0;289;0;5;135;135;585;21;40;30;84344832;0
786;40;35;1;1;290;0;0;135;135;585;21;40;30;84344832;0
787;40;34;43;52;292;0;2;135;135;500;23;40;30;84344832;0
788;40;35;2;5;295;0;0;135;135;500;23;40;30;84344832;0
789;40;34;110;204;298;0;249;135;135;494;25;40;30;84344832;0
790;40;35;3;0;302;0;2;135;135;494;25;40;30;84344832;0
791;40;35;1;5;305;0;248;135;135;494;25;40;30;84344832;0
792;40;35;10;2;308;0;6;135;135;456;23;40;30;84344832;0
793;40;35;1;2;311;0;0;135;135;456;23;40;30;84344832;0
794;40;34;67;109;313;0;1;135;135;459;24;40;30;84344832;0
795;40;35;3;5;315;0;0;135;135;459;24;40;30;84344832;0
796;40;34;145;336;314;0;242;135;135;449;25;40;30;84344832;0
797;40;35;4;0;313;0;4;135;135;449;25;40;30;84344832;0
798;40;34;5;152;311;0;242;135;135;449;25;40;30;84344832;0
799;40;35;7;0;311;0;5;135;135;499;24;40;30;84344832;0
800;40;35;1;1;311;0;0;135;135;499;24;40;30;84344832;0
801;40;34;85;180;311;0;254;135;135;440;23;40;30;84344832;0
802;40;35;3;1;311;0;2;135;135;440;23;40;30;84344832;0
803;40;34;57;342;311;0;236;135;135;579;24;40;30;84344832;0
804;40;35;5;0;310;0;6;135;135;579;24;40;30;84344832;0
805;40;35;1;1;309;0;255;135;135;579;24;40;30;84344832;0
806;40;34;86;153;310;0;253;135;135;392;22;40;30;84344832;0
807;40;35;3;4;312;0;0;135;135;392;22;40;30;84344832;0
808;40;34;2;88;311;0;248;135;135;392;22;40;30;84344832;0
809;40;35;23;6;309;0;11;135;135;433;21;40;30;84344832;0
810;40;35;4;13;308;0;0;135;135;433;21;40;30;84344832;0
811;40;34;53;66;307;0;3;135;135;766;25;40;30;84344832;0
812;40;35;2;9;305;0;0;135;135;766;25;40;30;84344832;0
813;40;34;141;338;304;0;241;135;135;551;25;40;30;84344832;0
814;40;35;3;2;303;0;2;135;135;551;25;40;30;84344832;0
815;40;34;42;161;301;0;250;135;135;568;26;40;30;84344832;0
816;40;35;3;0;300;0;0;135;135;568;26;40;30;84344832;0
817;40;34;46;39;297;0;5;135;135;257;36;40;30;84344832;0
818;40;35;3;11;286;0;0;135;135;257;36;40;30;84344832;0
819;40;34;86;165;279;0;253;135;135;509;26;40;30;84344832;0
820;40;35;3;4;279;0;1;135;135;509;26;40;30;84344832;0
821;40;34;103;294;283;0;240;135;135;484;25;40;30;84344832;0
822;40;35;5;0;287;0;3;135;135;484;25;40;30;84344832;0
823;40;35;2;23;291;0;251;135;135;484;25;40;30;84344832;0
824;40;35;13;2;299;0;6;135;135;375;24;40;30;84344832;0
825;40;35;2;2;306;0;0;135;135;375;24;40;30;84344832;0
826;40;34;54;57;312;0;2;135;135;465;25;40;30;84344832;0
827;40;35;2;0;318;0;0;135;135;465;25;40;30;84344832;0
828;40;34;29;220;321;0;237;135;135;340;24;40;30;84344832;0
829;40;35;6;0;323;0;4;135;135;340;24;40;30;84344832;0
830;40;34;4;115;324;0;246;135;135;340;24;40;30;84344832;0
831;40;35;8;0;324;0;5;135;135;426;25;40;30;84344832;0
832;40;35;1;1;323;0;0;135;135;426;25;40;30;84344832;0
833;40;35;0;0;320;0;255;135;135;426;25;40;30;84344832;0
834;40;35;0;0;318;0;255;135;135;426;25;40;30;84344832;0
835;40;34;31;22;317;0;7;135;135;437;14;40;30;84344832;0
836;40;35;8;18;316;0;1;135;135;573;40;40;30;84344832;0
837;40;34;39;31;316;0;5;135;135;125;81;40;30;84344832;0
838;40;35;4;20;313;0;0;135;135;125;81;40;30;84344832;0
839;40;34;86;182;311;0;252;135;135;615;27;40;30;84344832;0
840;40;35;3;6;309;0;1;135;135;615;27;40;30;84344832;0
841;39;33;249;488;307;0;238;135;135;507;23;40;30;84344832;0
842;40;35;7;1;307;0;6;135;135;507;23;40;30;84344832;0
843;40;35;3;5;307;0;254;135;135;507;23;40;30;84344832;0
844;40;35;13;2;307;0;6;135;135;596;24;40;30;84344832;0
845;40;35;2;1;307;0;0;135;135;596;24;40;30;84344832;0
846;40;34;69;111;308;0;255;135;135;394;26;40;30;84344832;0
847;40;35;2;2;309;0;0;135;135;394;26;40;30;84344832;0
848;40;35;1;0;310;0;255;135;135;394;26;40;30;84344832;0
849;40;35;14;2;311;0;7;135;135;411;20;40;30;84344832;0
850;40;35;2;3;312;0;0;135;135;411;20;40;30;84344832;0
851;40;34;127;262;310;0;247;135;135;430;22;40;30;84344832;0
852;40;35;4;0;306;0;3;135;135;430;22;40;30;84344832;0
853;39;34;104;361;303;0;239;135;135;451;26;40;30;84344832;0
854;40;35;5;0;303;0;4;135;135;451;26;40;30;84344832;0
855;40;35;1;1;303;0;0;135;135;451;26;40;30;84344832;0
856;40;34;104;233;304;0;250;135;135;432;21;40;30;84344832;0
857;40;35;3;0;306;0;2;135;135;432;21;40;30;84344832;0
858;40;33;13;269;306;0;238;135;135;432;21;40;30;84344832;0
859;40;35;6;0;306;0;4;135;135;476;24;40;30;84344832;0
860;40;35;1;1;304;0;0;135;135;476;24;40;30;84344832;0
861;40;34;49;50;304;0;2;135;135;416;24;40;30;84344832;0
862;40;35;3;8;306;0;0;135;135;416;24;40;30;84344832;0
863;39;34;114;316;305;0;243;135;135;424;24;40;30;84344832;0
864;40;35;3;0;302;0;2;135;135;424;24;40;30;84344832;0
865;40;35;1;0;299;0;0;135;135;424;24;40;30;84344832;0
866;40;34;27;17;298;0;3;135;135;441;21;40;30;84344832;0
867;40;35;2;3;299;0;0;135;135;441;21;40;30;84344832;0
868;40;33;34;355;300;0;236;135;135;441;21;40;30;84344832;0
869;40;35;5;0;299;0;4;135;135;466;22;40;30;84344832;0
870;40;35;1;1;300;0;255;135;135;466;22;40;30;84344832;0
871;40;34;49;79;301;0;1;135;135;352;22;40;30;84344832;0
872;40;35;2;1;304;0;1;135;135;352;22;40;30;84344832;0
873;40;35;1;0;306;0;255;135;135;352;22;40;30;84344832;0
874;40;34;64;73;306;0;2;135;135;432;20;40;30;84344832;0
875;40;35;3;5;306;0;0;135;135;432;20;40;30;84344832;0
876;40;35;1;2;304;0;251;135;135;432;20;40;30;84344832;0
877;40;35;12;2;301;0;7;135;135;447;20;40;30;84344832;0
878;40;35;3;6;300;0;0;135;135;447;20;40;30;84344832;0
879;39;34;159;448;299;0;236;135;135;674;21;40;30;84344832;0
880;40;35;5;0;300;0;4;135;135;674;21;40;30;84344832;0
881;40;35;1;1;299;0;0;135;135;674;21;40;30;84344832;0
882;40;34;52;70;300;0;1;135;135;575;21;40;30;84344832;0
883;40;35;2;3;301;0;0;135;135;575;21;40;30;84344832;0
884;40;35;1;0;300;0;255;135;135;575;21;40;30;84344832;0
885;40;35;18;6;300;0;5;135;135;333;21;40;30;84344832;0
886;40;35;2;3;300;0;0;135;135;333;21;40;30;84344832;0
887;39;34;87;196;300;0;249;135;135;405;23;40;30;84344832;0
888;40;35;3;1;302;0;0;135;135;405;23;40;30;84344832;0
889;40;35;0;0;301;0;255;135;135;405;23;40;30;84344832;0
890;40;34;39;32;296;0;3;135;135;383;20;40;30;84344832;0
891;40;35;3;9;291;0;0;135;135;383;20;40;30;84344832;0
892;39;34;64;354;288;0;236;135;135;474;23;40;30;84344832;0
893;40;35;4;0;290;0;3;135;135;474;23;40;30;84344832;0
894;40;35;1;1;292;0;0;135;135;474;23;40;30;84344832;0
895;39;34;73;150;294;0;251;135;135;469;20;40;30;84344832;0
896;40;35;3;0;296;0;0;135;135;469;20;40;30;84344832;0
897;40;35;0;0;295;0;255;135;135;469;20;40;30;84344832;0
898;40;35;16;4;284;0;6;135;135;194;22;40;30;84344832;0
899;40;35;2;4;275;0;0;135;135;194;22;40;30;84344832;0
900;39;34;106;225;270;0;248;135;135;445;23;40;30;84344832;0
901;40;35;4;0;275;0;4;135;135;445;23;40;30;84344832;0
902;40;35;3;44;283;0;252;135;135;445;23;40;30;84344832;0
903;40;35;12;2;290;0;6;135;135;387;24;40;30;84344832;0
904;40;35;1;1;296;0;0;135;135;387;24;40;30;84344832;0
905;39;34;53;56;299;0;2;135;135;358;23;40;30;84344832;0
906;40;35;2;5;303;0;0;135;135;358;23;40;30;84344832;0
907;39;34;120;218;307;0;247;135;135;355;27;40;30;84344832;0
908;40;35;3;0;314;0;2;135;135;355;27;40;30;84344832;0
909;39;34;31;172;319;0;247;135;135;418;24;40;30;84344832;0
910;40;35;3;0;323;0;0;135;135;418;24;40;30;84344832;0
911;39;34;74;128;324;0;0;135;135;200;36;40;30;84344832;0
912;40;35;2;2;317;0;0;135;135;200;36;40;30;84344832;0
913;39;34;111;236;308;0;248;135;135;462;25;40;30;84344832;0
914;40;35;3;1;305;0;0;135;135;462;25;40;30;84344832;0
915;40;35;8;6;303;0;1;135;135;285;28;40;30;84344832;0
916;39;34;107;249;302;0;244;135;135;104;54;40;30;84344832;0
917;40;35;3;0;303;0;1;135;135;104;54;40;30;84344832;0
918;40;34;14;61;305;0;252;135;135;301;30;40;30;84344832;0
919;40;35;11;1;309;0;7;135;135;301;30;40;30;84344832;0
920;39;35;2;1;314;0;255;135;135;301;30;40;30;84344832;0
921;39;35;0;0;314;0;255;135;135;301;30;40;30;84344832;0
922;40;36;0;0;333;0;255;135;135;0;0;40;30;84279296;0
