# time;P_O2, atm;P_He, atm;Flow O2, l/min;Flow He, l/min;FiO2 Env, %;FiO2 sens2, %;P mask, cm H2O;Tmask, gradC;Tnagr, gradC;V, ml;f, 1/min;Tzad, gradC;FiO2 zad, %;Flags;
# POWERON 29.11.2018 11:55:15
1;0;0;0;6;0;0;255;26;27;0;0;40;30;84279808;0
50;0;0;0;6;631;0;248;26;25;0;0;40;30;84279301;0
67;39;0;0;5;210;0;255;26;25;0;0;40;30;84279300;0
92;39;35;0;6;210;0;255;26;25;0;0;40;30;84279296;0
97;39;35;0;6;190;0;255;26;25;0;0;40;30;84344832;0
98;39;35;0;5;191;0;255;26;26;0;0;40;30;84344832;0
99;39;35;3;6;190;0;255;26;28;0;0;40;30;84344832;0
100;39;35;2;5;190;0;255;26;29;0;0;40;30;84344832;0
101;39;35;1;6;190;0;255;25;31;0;0;40;30;84344832;0
102;39;35;0;6;191;0;255;25;34;0;0;40;30;84344832;0
103;39;36;0;6;191;0;255;25;36;0;0;40;30;84344832;0
104;39;36;0;6;190;0;255;25;38;0;0;40;30;84344832;0
105;39;36;0;6;190;0;255;25;40;0;0;40;30;84344832;0
106;39;36;0;6;190;0;255;25;42;0;0;40;30;84344832;0
107;39;36;0;5;210;0;255;25;44;0;0;40;30;84279296;0
120;39;34;225;401;192;0;235;27;44;0;0;40;30;84344832;0
121;39;34;35;50;193;0;6;28;44;0;0;40;30;84344832;0
122;39;35;2;0;203;0;8;29;46;0;0;40;30;84344832;0
123;39;33;141;323;225;0;245;29;47;0;0;40;30;84344832;0
124;39;34;67;70;249;0;6;31;49;0;0;40;30;84344832;0
125;39;35;3;0;265;0;7;31;50;0;0;40;30;84344832;0
126;39;33;132;215;278;0;247;31;51;1419;18;40;30;84344832;0
127;39;34;62;119;292;0;3;33;51;1419;18;40;30;84344832;0
128;39;34;16;13;303;0;3;34;53;1419;18;40;30;84344832;0
129;39;35;1;0;314;0;0;33;54;1419;18;40;30;84344832;0
130;39;33;145;303;319;0;248;35;54;1477;17;40;30;84344832;0
131;39;34;10;1;320;0;7;36;55;1477;17;40;30;84344832;0
132;39;35;1;0;320;0;6;35;56;1477;17;40;30;84344832;0
133;39;33;107;291;320;0;242;35;56;1296;15;40;30;84344832;0
134;39;33;129;323;322;0;249;37;56;1296;15;40;30;84344832;0
135;39;34;11;3;322;0;6;38;57;1296;15;40;30;84344832;0
136;39;35;1;0;321;0;6;37;58;1296;15;40;30;84344832;0
137;39;33;137;345;321;0;241;37;58;1602;15;40;30;84344832;0
138;39;33;82;132;322;0;6;40;59;1602;15;40;30;84344832;0
139;39;34;4;0;322;0;7;40;59;1602;15;40;30;84344832;0
140;39;35;1;3;321;0;2;39;60;1602;15;40;30;84344832;0
141;39;33;151;400;321;0;241;40;60;1642;15;40;30;84344832;0
142;39;34;63;108;323;0;5;41;60;1642;15;40;30;84344832;0
143;39;34;3;0;322;0;4;41;60;1642;15;40;30;84344832;0
144;39;33;15;187;320;0;246;41;60;1609;17;40;30;84344832;0
145;39;33;78;114;320;0;6;42;59;1609;17;40;30;84344832;0
146;39;34;27;63;320;0;0;43;59;1609;17;40;30;84344832;0
147;39;35;2;0;318;0;1;43;58;1609;17;40;30;84344832;0
148;39;33;105;267;317;0;245;43;58;1355;16;40;30;84344832;0
149;39;34;22;32;314;0;3;44;57;1355;16;40;30;84344832;0
150;39;34;2;1;308;0;3;43;57;1355;16;40;30;84344832;0
151;39;33;142;386;303;0;242;43;57;1125;18;40;30;84344832;0
152;39;34;23;33;300;0;5;45;56;1125;18;40;30;84344832;0
153;39;35;2;1;298;0;2;44;56;1125;18;40;30;84344832;0
154;39;33;124;350;299;0;241;44;55;1340;19;40;30;84344832;0
155;39;34;44;81;304;0;5;45;55;1340;19;40;30;84344832;0
156;39;34;3;0;307;0;4;45;54;1340;19;40;30;84344832;0
157;39;34;2;28;309;0;250;44;54;1340;19;40;30;84344832;0
158;39;33;123;199;312;0;1;45;54;1376;16;40;30;84344832;0
159;39;34;10;3;316;0;3;45;53;1376;16;40;30;84344832;0
160;39;34;3;96;317;0;249;44;53;1376;16;40;30;84344832;0
161;39;33;124;367;316;0;242;45;53;1006;19;40;30;84344832;0
162;39;34;5;2;315;0;3;45;52;1006;19;40;30;84344832;0
163;39;35;1;8;311;0;255;45;52;1006;19;40;30;84344832;0
164;39;33;139;312;309;0;0;45;52;1019;19;40;30;84344832;0
165;39;34;12;6;309;0;3;45;51;1019;19;40;30;84344832;0
166;39;33;27;277;309;0;243;45;51;1019;19;40;30;84344832;0
167;39;33;82;133;310;0;5;45;51;1265;20;40;30;84344832;0
168;39;34;7;1;309;0;4;45;50;1265;20;40;30;84344832;0
169;39;34;2;0;307;0;2;45;50;1265;20;40;30;84344832;0
170;39;34;1;1;306;0;5;45;50;1265;20;40;30;84344832;0
171;39;34;18;15;306;0;255;45;50;1351;13;40;30;84344832;0
172;39;35;3;1;305;0;255;45;49;1351;13;40;30;84344832;0
173;39;34;46;111;304;0;0;45;49;250;30;40;30;84344832;0
174;39;34;18;36;296;0;255;45;49;250;30;40;30;84344832;0
175;39;33;33;393;291;0;233;45;49;250;30;40;30;84344832;0
176;39;32;197;543;291;0;246;45;48;814;22;40;30;84344832;0
177;39;34;9;2;290;0;5;45;48;814;22;40;30;84344832;0
178;39;35;1;5;291;0;0;45;48;814;22;40;30;84344832;0
179;39;33;155;384;295;0;247;45;47;1736;18;40;30;84344832;0
180;39;34;13;12;299;0;4;45;47;1736;18;40;30;84344832;0
181;39;34;2;1;302;0;7;45;47;1736;18;40;30;84344832;0
182;39;33;151;409;305;0;240;45;47;1536;16;40;30;84344832;0
183;39;34;49;75;310;0;8;45;46;1536;16;40;30;84344832;0
184;39;35;3;0;313;0;6;44;46;1536;16;40;30;84344832;0
185;39;34;1;106;314;0;247;44;46;1536;16;40;30;84344832;0
186;39;33;131;356;317;0;250;44;46;1588;17;40;30;84344832;0
187;39;34;13;11;318;0;4;44;45;1588;17;40;30;84344832;0
188;39;35;1;0;317;0;4;44;45;1588;17;40;30;84344832;0
189;39;33;121;358;315;0;242;44;45;1510;16;40;30;84344832;0
190;39;33;88;171;313;0;7;44;45;1510;16;40;30;84344832;0
191;39;34;11;17;307;0;1;44;45;1510;16;40;30;84344832;0
192;39;35;2;0;303;0;5;44;44;1510;16;40;30;84344832;0
193;39;33;120;324;302;0;242;44;44;1634;14;40;30;84344832;0
194;39;33;135;406;303;0;246;44;44;1634;14;40;30;84344832;0
195;39;34;6;1;302;0;5;44;44;1634;14;40;30;84344832;0
196;39;34;4;177;300;0;243;44;44;1634;14;40;30;84344832;0
197;39;33;159;410;299;0;249;43;43;1504;18;40;30;84344832;0
198;39;34;5;0;300;0;18;43;43;1504;18;40;30;84344832;0
199;39;34;15;39;301;0;0;43;43;1330;22;40;30;84344832;0
200;39;35;4;0;305;0;0;43;43;1330;22;40;30;84344832;0
201;39;33;153;411;312;0;246;43;43;202;34;40;30;84344832;0
202;39;34;23;43;315;0;5;43;42;202;34;40;30;84344832;0
203;39;35;2;0;314;0;2;43;42;202;34;40;30;84344832;0
204;39;34;1;2;314;0;255;43;42;202;34;40;30;84344832;0
205;39;33;138;386;316;0;247;43;42;1751;15;40;30;84344832;0
206;39;34;15;16;317;0;5;43;42;1751;15;40;30;84344832;0
207;39;35;1;0;314;0;3;43;42;1751;15;40;30;84344832;0
208;39;33;127;375;310;0;241;43;42;1495;17;40;30;84344832;0
209;39;34;8;26;307;0;4;42;41;1495;17;40;30;84344832;0
210;39;34;14;61;303;0;0;42;41;1494;26;40;30;84344832;0
211;39;33;90;259;299;0;246;42;41;1494;26;40;30;84344832;0
212;39;34;31;64;300;0;1;42;41;1494;26;40;30;84344832;0
213;39;35;3;0;298;0;6;42;41;1494;26;40;30;84344832;0
214;39;33;143;415;294;0;240;42;41;1157;14;40;30;84344832;0
215;39;34;60;99;295;0;5;42;40;1157;14;40;30;84344832;0
216;39;35;3;0;294;0;7;42;40;1157;14;40;30;84344832;0
217;39;33;6;245;294;0;241;42;40;1157;14;40;30;84344832;0
218;39;33;142;357;295;0;251;41;40;1360;17;40;30;84344832;0
219;39;34;14;14;296;0;3;41;40;1360;17;40;30;84344832;0
220;39;34;0;10;297;0;0;42;40;1360;17;40;30;84344832;0
221;39;33;129;356;299;0;242;42;40;1457;16;40;30;84344832;0
222;39;34;18;19;300;0;5;41;39;1457;16;40;30;84344832;0
223;39;33;139;364;298;0;239;41;39;1156;24;40;30;84344832;0
224;39;34;29;71;297;0;0;41;39;1156;24;40;30;84344832;0
225;39;34;7;4;297;0;255;41;39;1156;24;40;30;84344832;0
226;39;35;1;0;297;0;0;41;39;1156;24;40;30;84344832;0
227;39;35;0;0;297;0;255;41;39;1156;24;40;30;84344832;0
228;39;35;0;0;297;0;255;41;39;1156;24;40;30;84344832;0
229;39;35;0;1;296;0;255;41;39;1156;24;40;30;84344832;0
230;39;33;27;234;296;0;242;41;39;1156;24;40;30;84344832;0
231;39;33;90;165;297;0;2;41;39;720;8;40;30;84344832;0
232;39;34;7;2;296;0;8;41;39;720;8;40;30;84344832;0
233;39;33;133;345;296;0;243;40;38;1146;21;40;30;84344832;0
234;39;34;34;83;298;0;2;40;38;1146;21;40;30;84344832;0
235;39;34;5;4;299;0;4;40;38;1146;21;40;30;84344832;0
236;39;33;143;373;301;0;239;40;38;1329;18;40;30;84344832;0
237;39;33;80;130;304;0;6;40;38;1329;18;40;30;84344832;0
238;39;35;3;0;304;0;8;40;38;1329;18;40;30;84344832;0
239;39;33;174;374;304;0;242;40;39;1347;19;40;30;84344832;0
240;39;33;116;298;305;0;253;40;41;1347;19;40;30;84344832;0
241;39;35;4;0;305;0;7;40;42;1347;19;40;30;84344832;0
242;39;33;44;433;304;0;234;40;43;1347;19;40;30;84344832;0
243;39;33;136;342;303;0;253;40;43;1457;19;40;30;84344832;0
244;39;35;4;0;302;0;7;40;43;1457;19;40;30;84344832;0
245;39;33;153;372;301;0;240;40;43;1477;20;40;30;84344832;0
246;39;34;41;65;301;0;6;40;43;1477;20;40;30;84344832;0
247;39;35;2;0;300;0;4;40;43;1477;20;40;30;84344832;0
248;39;33;61;367;300;0;239;40;43;1287;18;40;30;84344832;0
249;39;33;132;370;300;0;248;40;43;1287;18;40;30;84344832;0
250;39;34;8;3;300;0;4;41;42;1287;18;40;30;84344832;0
251;39;34;7;35;299;0;0;41;42;1287;18;40;30;84344832;0
252;39;35;0;0;300;0;0;41;42;1357;18;40;30;84344832;0
253;39;35;0;0;302;0;0;40;42;1357;18;40;30;84344832;0
254;39;34;55;34;305;0;255;40;42;247;21;40;30;84344832;0
255;39;35;3;1;307;0;0;40;42;247;21;40;30;84344832;0
256;39;35;0;0;307;0;0;40;41;247;21;40;30;84344832;0
257;39;35;0;0;305;0;255;40;41;247;21;40;30;84344832;0
258;39;33;125;349;304;0;242;40;41;156;16;40;30;84344832;0
259;39;34;48;71;305;0;8;40;41;156;16;40;30;84344832;0
260;39;35;3;0;304;0;38;40;41;156;16;40;30;84344832;0
261;39;32;170;513;303;0;239;40;41;1678;18;40;30;84344832;0
262;39;34;55;105;304;0;10;40;40;1678;18;40;30;84344832;0
263;39;35;2;0;304;0;7;40;40;1678;18;40;30;84344832;0
264;39;32;219;501;304;0;236;40;40;1678;18;40;30;84344832;0
265;39;33;175;488;307;0;246;40;40;1913;16;40;30;84344832;0
266;39;34;8;2;310;0;9;40;40;1913;16;40;30;84344832;0
267;39;35;1;1;311;0;2;40;40;1913;16;40;30;84344832;0
268;39;33;172;471;311;0;242;40;39;2060;17;40;30;84344832;0
269;39;34;18;9;313;0;10;40;39;2060;17;40;30;84344832;0
270;39;35;2;0;312;0;6;40;39;2060;17;40;30;84344832;0
271;39;33;153;413;310;0;238;40;39;1803;16;40;30;84344832;0
272;39;33;128;368;308;0;250;39;39;1803;16;40;30;84344832;0
273;39;35;4;1;306;0;9;39;39;1803;16;40;30;84344832;0
274;39;35;1;7;304;0;0;39;40;1803;16;40;30;84344832;0
275;39;33;155;451;302;0;243;40;42;1721;17;40;30;84344832;0
276;39;34;12;2;302;0;9;40;43;1721;17;40;30;84344832;0
277;39;35;1;0;301;0;3;40;44;1721;17;40;30;84344832;0
278;39;33;137;403;300;0;238;40;45;1644;16;40;30;84344832;0
279;39;34;68;107;300;0;7;40;45;1644;16;40;30;84344832;0
280;39;35;3;1;299;0;7;40;45;1644;16;40;30;84344832;0
281;39;33;5;225;298;0;240;40;44;1644;16;40;30;84344832;0
282;39;33;133;375;299;0;246;40;44;1517;17;40;30;84344832;0
283;39;35;7;0;299;0;23;41;44;1517;17;40;30;84344832;0
284;39;35;1;0;298;0;9;40;44;1517;17;40;30;84344832;0
285;39;33;148;424;298;0;243;40;44;1435;18;40;30;84344832;0
286;39;34;59;104;299;0;7;41;43;1435;18;40;30;84344832;0
287;39;35;2;0;298;0;7;41;43;1435;18;40;30;84344832;0
288;39;34;1;4;297;0;255;41;43;1435;18;40;30;84344832;0
289;39;33;136;370;298;0;246;41;43;1790;15;40;30;84344832;0
290;39;35;7;2;298;0;2;41;42;1790;15;40;30;84344832;0
291;39;33;151;325;297;0;242;41;42;178;96;40;30;84344832;0
292;39;34;25;22;297;0;7;41;42;178;96;40;30;84344832;0
293;39;35;1;0;296;0;4;41;42;178;96;40;30;84344832;0
294;39;33;7;204;296;0;242;41;42;178;96;40;30;84344832;0
295;39;33;172;479;297;0;241;40;42;979;18;40;30;84344832;0
296;39;35;4;6;299;0;6;40;41;979;18;40;30;84344832;0
297;39;33;196;436;299;0;239;40;41;1467;20;40;30;84344832;0
298;39;33;95;161;301;0;9;40;41;1467;20;40;30;84344832;0
299;39;35;2;0;302;0;7;40;41;1467;20;40;30;84344832;0
300;39;33;167;455;303;0;239;40;41;1553;20;40;30;84344832;0
301;39;34;59;100;306;0;8;40;41;1553;20;40;30;84344832;0
302;39;35;2;0;309;0;5;40;40;1553;20;40;30;84344832;0
303;39;33;151;442;309;0;237;40;40;1554;19;40;30;84344832;0
304;39;34;19;9;310;0;9;40;40;1554;19;40;30;84344832;0
305;39;35;2;8;310;0;3;40;40;1554;19;40;30;84344832;0
306;39;33;60;426;311;0;232;40;40;1246;22;40;30;84344832;0
307;39;34;67;115;313;0;8;40;40;213;83;40;30;84344832;0
308;39;35;3;0;314;0;8;40;39;213;83;40;30;84344832;0
309;39;34;4;200;313;0;243;40;39;213;83;40;30;84344832;0
310;39;33;143;363;312;0;1;40;39;1423;19;40;30;84344832;0
311;39;34;49;139;312;0;0;40;39;1423;19;40;30;84344832;0
312;39;34;23;61;309;0;0;40;39;1423;19;40;30;84344832;0
313;39;33;11;223;302;0;241;40;39;1423;19;40;30;84344832;0
314;39;34;12;4;295;0;5;40;40;2096;14;40;30;84344832;0
315;39;35;1;0;287;0;15;40;41;2096;14;40;30;84344832;0
316;39;35;0;4;281;0;0;40;41;2096;14;40;30;84344832;0
317;39;33;152;450;279;0;244;40;41;602;18;40;30;84344832;0
318;39;34;31;62;280;0;3;40;41;602;18;40;30;84344832;0
319;39;33;116;368;281;0;241;40;41;602;18;40;30;84344832;0
320;39;34;55;70;285;0;7;40;41;1615;21;40;30;84344832;0
321;39;35;2;0;289;0;6;40;41;1615;21;40;30;84344832;0
322;39;33;48;328;293;0;239;40;41;1615;21;40;30;84344832;0
323;39;33;140;292;299;0;0;40;40;1192;19;40;30;84344832;0
324;39;35;3;1;305;0;5;40;40;1192;19;40;30;84344832;0
325;39;33;28;388;308;0;234;40;40;1192;19;40;30;84344832;0
326;39;33;124;230;312;0;5;39;40;1306;19;40;30;84344832;0
327;39;35;3;0;316;0;6;40;40;1306;19;40;30;84344832;0
328;39;33;159;458;316;0;239;40;40;1455;21;40;30;84344832;0
329;39;34;15;13;317;0;6;39;39;1455;21;40;30;84344832;0
330;39;35;2;1;317;0;1;39;39;1455;21;40;30;84344832;0
331;39;33;86;412;316;0;237;40;39;1455;21;40;30;84344832;0
332;39;34;40;52;317;0;6;39;40;1308;18;40;30;84344832;0
333;39;35;2;0;316;0;3;39;41;1308;18;40;30;84344832;0
334;39;33;141;412;314;0;243;39;41;1116;22;40;30;84344832;0
335;39;34;11;3;312;0;9;40;41;1116;22;40;30;84344832;0
336;39;35;1;1;309;0;2;40;41;1116;22;40;30;84344832;0
337;39;33;125;368;306;0;245;40;41;1207;20;40;30;84344832;0
338;39;35;10;2;304;0;7;40;41;1207;20;40;30;84344832;0
339;39;35;1;5;300;0;0;40;41;1207;20;40;30;84344832;0
340;39;33;151;431;299;0;244;40;41;1249;20;40;30;84344832;0
341;39;35;5;0;300;0;5;40;41;1249;20;40;30;84344832;0
342;39;33;11;305;300;0;239;40;40;1249;20;40;30;84344832;0
343;39;33;163;447;301;0;245;40;40;1261;20;40;30;84344832;0
344;39;35;6;1;304;0;5;40;40;1261;20;40;30;84344832;0
345;39;35;1;1;305;0;1;40;40;1261;20;40;30;84344832;0
346;39;33;121;358;306;0;244;40;40;1332;18;40;30;84344832;0
347;39;35;7;1;309;0;7;40;40;1332;18;40;30;84344832;0
348;39;35;1;1;307;0;0;39;39;1332;18;40;30;84344832;0
349;39;33;123;359;306;0;245;39;39;1223;19;40;30;84344832;0
350;39;35;6;1;305;0;5;39;39;1223;19;40;30;84344832;0
351;39;35;1;2;302;0;0;39;40;1223;19;40;30;84344832;0
352;39;33;113;335;301;0;246;39;41;1099;18;40;30;84344832;0
353;39;35;7;1;300;0;5;40;41;1099;18;40;30;84344832;0
354;39;35;6;17;297;0;252;40;42;1099;18;40;30;84344832;0
355;39;33;129;349;296;0;249;40;41;1119;19;40;30;84344832;0
356;39;34;28;70;295;0;0;40;41;1119;19;40;30;84344832;0
357;39;35;2;0;294;0;5;40;41;1119;19;40;30;84344832;0
358;39;33;139;388;293;0;240;40;41;1260;16;40;30;84344832;0
359;39;34;23;20;291;0;7;40;41;1260;16;40;30;84344832;0
360;39;35;2;1;288;0;3;40;41;1260;16;40;30;84344832;0
361;39;33;85;316;287;0;240;40;41;1125;18;40;30;84344832;0
362;39;35;5;1;289;0;2;40;40;1125;18;40;30;84344832;0
363;39;34;14;176;291;0;242;40;40;445;28;40;30;84344832;0
364;39;33;113;189;294;0;0;40;40;445;28;40;30;84344832;0
365;39;35;3;0;295;0;4;40;40;445;28;40;30;84344832;0
366;39;35;1;1;296;0;255;40;40;445;28;40;30;84344832;0
367;39;33;118;290;300;0;247;40;40;1139;17;40;30;84344832;0
368;39;35;3;0;304;0;3;40;40;1139;17;40;30;84344832;0
369;39;33;107;281;305;0;244;40;40;741;24;40;30;84344832;0
370;39;34;33;28;305;0;5;39;39;741;24;40;30;84344832;0
371;39;35;2;0;303;0;2;39;39;741;24;40;30;84344832;0
372;39;33;133;345;301;0;244;39;40;1056;20;40;30;84344832;0
373;39;35;10;2;299;0;6;40;41;1056;20;40;30;84344832;0
374;39;34;2;171;298;0;247;40;42;1056;20;40;30;84344832;0
375;39;34;75;116;298;0;6;40;42;1082;22;40;30;84344832;0
376;39;35;3;0;299;0;2;40;42;1082;22;40;30;84344832;0
377;39;34;5;183;301;0;245;40;42;1082;22;40;30;84344832;0
378;39;33;110;192;305;0;2;40;42;1089;19;40;30;84344832;0
379;39;35;3;0;309;0;4;40;42;1089;19;40;30;84344832;0
380;39;34;4;159;311;0;244;40;42;1089;19;40;30;84344832;0
381;39;34;44;50;314;0;4;40;42;1121;19;40;30;84344832;0
382;39;35;2;1;315;0;2;40;42;1121;19;40;30;84344832;0
383;39;33;133;381;314;0;243;40;42;799;23;40;30;84344832;0
384;39;34;20;23;311;0;6;40;41;799;23;40;30;84344832;0
385;39;35;2;0;307;0;3;40;41;799;23;40;30;84344832;0
386;39;33;148;374;305;0;238;40;41;1297;17;40;30;84344832;0
387;39;34;46;75;305;0;6;40;41;1297;17;40;30;84344832;0
388;39;35;2;0;305;0;4;40;41;1297;17;40;30;84344832;0
389;39;35;0;1;304;0;0;40;41;1297;17;40;30;84344832;0
390;39;33;189;492;305;0;231;40;40;1218;15;40;30;84344832;0
391;39;34;20;22;308;0;5;40;40;1218;15;40;30;84344832;0
392;39;35;2;0;310;0;1;40;40;1218;15;40;30;84344832;0
393;39;33;127;355;311;0;245;40;40;1224;22;40;30;84344832;0
394;39;35;5;0;313;0;4;40;40;1224;22;40;30;84344832;0
395;39;35;1;0;311;0;0;40;40;1224;22;40;30;84344832;0
396;39;33;98;237;310;0;254;40;40;1019;19;40;30;84344832;0
397;39;35;3;0;310;0;3;40;40;1019;19;40;30;84344832;0
398;39;33;141;334;305;0;242;40;39;773;22;40;30;84344832;0
399;39;34;39;61;301;0;5;39;39;773;22;40;30;84344832;0
400;39;35;2;0;297;0;4;40;39;773;22;40;30;84344832;0
401;39;33;104;271;293;0;244;40;41;1118;19;40;30;84344832;0
402;39;34;59;96;293;0;3;40;42;1118;19;40;30;84344832;0
403;39;35;2;0;291;0;4;40;44;1118;19;40;30;84344832;0
404;39;33;11;238;289;0;241;40;44;1118;19;40;30;84344832;0
405;39;33;104;267;289;0;251;40;44;1087;17;40;30;84344832;0
406;39;35;5;1;289;0;5;40;44;1087;17;40;30;84344832;0
407;39;33;19;281;288;0;240;40;44;1087;17;40;30;84344832;0
408;39;33;114;276;289;0;249;40;44;1112;19;40;30;84344832;0
409;39;35;3;0;290;0;5;40;44;1112;19;40;30;84344832;0
410;39;35;1;0;291;0;0;40;44;1112;19;40;30;84344832;0
411;39;33;129;329;294;0;244;40;44;1150;17;40;30;84344832;0
412;39;34;24;24;297;0;5;41;43;1150;17;40;30;84344832;0
413;39;35;2;0;299;0;4;41;43;1150;17;40;30;84344832;0
414;39;33;143;373;301;0;243;41;43;1349;18;40;30;84344832;0
415;39;35;14;6;305;0;7;41;43;1349;18;40;30;84344832;0
416;39;35;1;0;307;0;3;41;42;1349;18;40;30;84344832;0
417;39;33;129;332;309;0;243;41;42;1211;18;40;30;84344832;0
418;39;34;18;10;311;0;5;41;42;1211;18;40;30;84344832;0
419;39;35;1;1;311;0;1;41;42;1211;18;40;30;84344832;0
420;39;33;111;285;310;0;245;41;42;1033;19;40;30;84344832;0
421;39;34;17;11;310;0;4;41;42;1033;19;40;30;84344832;0
422;39;35;1;0;307;0;2;41;41;1033;19;40;30;84344832;0
423;39;33;100;242;303;0;246;41;41;929;18;40;30;84344832;0
424;39;35;7;0;301;0;3;40;41;929;18;40;30;84344832;0
425;39;34;3;197;299;0;242;40;41;929;18;40;30;84344832;0
426;39;33;116;289;296;0;250;40;41;615;24;40;30;84344832;0
427;39;35;4;11;295;0;2;41;41;615;24;40;30;84344832;0
428;39;33;157;409;295;0;240;40;41;1091;22;40;30;84344832;0
429;39;34;22;26;296;0;7;40;40;1091;22;40;30;84344832;0
430;39;35;2;2;297;0;255;40;40;1091;22;40;30;84344832;0
431;39;33;154;389;300;0;241;40;40;1243;23;40;30;84344832;0
432;39;35;15;7;307;0;6;40;40;1243;23;40;30;84344832;0
433;39;35;1;0;313;0;2;40;40;1243;23;40;30;84344832;0
434;39;33;140;365;315;0;243;40;40;1136;17;40;30;84344832;0
435;39;35;11;4;318;0;5;40;40;1136;17;40;30;84344832;0
436;39;35;1;0;317;0;2;40;40;1136;17;40;30;84344832;0
437;39;33;154;423;317;0;241;40;40;1271;18;40;30;84344832;0
438;39;35;11;6;316;0;5;40;39;1271;18;40;30;84344832;0
439;39;35;1;1;315;0;1;40;39;1271;18;40;30;84344832;0
440;39;33;120;318;316;0;244;40;39;1109;19;40;30;84344832;0
441;39;35;17;12;318;0;6;40;39;1109;19;40;30;84344832;0
442;39;35;2;0;316;0;2;40;39;1109;19;40;30;84344832;0
443;39;33;114;314;312;0;243;40;41;1134;18;40;30;84344832;0
444;39;35;10;2;310;0;5;40;41;1134;18;40;30;84344832;0
445;39;35;1;1;307;0;1;40;41;1134;18;40;30;84344832;0
446;39;33;121;338;303;0;244;40;41;980;20;40;30;84344832;0
447;39;34;27;69;301;0;0;40;41;980;20;40;30;84344832;0
448;39;34;26;49;298;0;0;40;41;980;20;40;30;84344832;0
449;39;35;3;0;295;0;255;40;41;980;20;40;30;84344832;0
450;39;35;0;0;288;0;255;40;41;980;20;40;30;84344832;0
451;39;35;1;2;280;0;248;40;40;980;20;40;30;84344832;0
452;39;33;151;384;273;0;249;40;40;1492;10;40;30;84344832;0
453;39;35;4;0;269;0;6;40;40;1492;10;40;30;84344832;0
454;39;34;16;42;270;0;0;40;40;1164;23;40;30;84344832;0
455;39;33;154;334;276;0;246;40;40;1164;23;40;30;84344832;0
456;39;35;6;0;287;0;8;40;40;1164;23;40;30;84344832;0
457;39;35;1;0;295;0;3;40;40;1164;23;40;30;84344832;0
458;39;33;144;321;303;0;245;40;40;1451;15;40;30;84344832;0
459;39;35;9;1;310;0;7;40;39;1451;15;40;30;84344832;0
460;39;35;1;1;316;0;1;40;39;1451;15;40;30;84344832;0
461;39;33;116;276;321;0;250;40;39;1168;20;40;30;84344832;0
462;39;35;6;1;324;0;7;40;39;1168;20;40;30;84344832;0
463;39;35;1;5;324;0;255;40;40;1168;20;40;30;84344832;0
464;39;33;144;374;322;0;246;40;41;1196;19;40;30;84344832;0
465;39;35;5;0;320;0;7;40;41;1196;19;40;30;84344832;0
466;39;35;1;9;317;0;255;40;41;1196;19;40;30;84344832;0
467;39;33;123;246;317;0;0;40;41;1201;20;40;30;84344832;0
468;39;35;10;4;317;0;4;40;41;1201;20;40;30;84344832;0
469;39;33;133;354;316;0;241;40;41;1230;21;40;30;84344832;0
470;39;35;8;2;315;0;2;40;41;1230;21;40;30;84344832;0
471;39;35;1;3;313;0;242;40;41;1230;21;40;30;84344832;0
472;39;34;23;50;313;0;0;40;41;836;24;40;30;84344832;0
473;39;35;4;1;314;0;255;40;41;836;24;40;30;84344832;0
474;39;35;1;0;315;0;255;40;40;836;24;40;30;84344832;0
475;39;33;162;452;316;0;234;40;40;466;16;40;30;84344832;0
476;39;34;17;14;317;0;6;40;40;466;16;40;30;84344832;0
477;39;35;2;4;315;0;0;40;40;466;16;40;30;84344832;0
478;39;34;52;82;314;0;8;40;40;1412;23;40;30;84344832;0
479;39;35;2;1;313;0;6;40;40;1412;23;40;30;84344832;0
480;39;33;155;370;311;0;240;40;40;1075;21;40;30;84344832;0
481;39;34;53;71;312;0;8;39;39;1075;21;40;30;84344832;0
482;39;35;3;0;312;0;5;39;39;1075;21;40;30;84344832;0
483;39;33;143;406;311;0;240;39;40;1419;20;40;30;84344832;0
484;39;34;34;26;310;0;9;40;42;1419;20;40;30;84344832;0
485;39;35;2;0;307;0;3;40;43;1419;20;40;30;84344832;0
486;39;33;135;389;305;0;242;40;43;1301;20;40;30;84344832;0
487;39;34;24;19;305;0;8;40;43;1301;20;40;30;84344832;0
488;39;35;2;1;303;0;3;40;43;1301;20;40;30;84344832;0
489;39;33;130;359;301;0;246;40;43;1334;20;40;30;84344832;0
490;39;35;10;2;300;0;8;40;43;1334;20;40;30;84344832;0
491;39;35;1;1;297;0;1;40;43;1334;20;40;30;84344832;0
492;39;33;153;415;296;0;243;40;43;1375;18;40;30;84344832;0
493;39;35;7;1;295;0;7;40;42;1375;18;40;30;84344832;0
494;39;35;1;4;294;0;0;40;42;1375;18;40;30;84344832;0
495;39;33;142;388;295;0;245;40;42;1250;21;40;30;84344832;0
496;39;34;34;71;297;0;4;40;42;1250;21;40;30;84344832;0
497;39;35;2;0;298;0;4;40;42;1250;21;40;30;84344832;0
498;39;33;141;371;298;0;243;40;42;1293;17;40;30;84344832;0
499;39;34;28;37;296;0;6;40;41;1293;17;40;30;84344832;0
500;39;35;1;0;293;0;3;40;41;1293;17;40;30;84344832;0
501;39;33;131;336;294;0;240;40;41;1265;19;40;30;84344832;0
502;39;34;26;23;297;0;6;40;41;1265;19;40;30;84344832;0
503;39;35;2;1;299;0;2;40;41;1265;19;40;30;84344832;0
504;39;33;124;316;300;0;245;40;41;1177;19;40;30;84344832;0
505;39;35;7;0;302;0;6;40;40;1177;19;40;30;84344832;0
506;39;34;2;140;303;0;243;40;40;1177;19;40;30;84344832;0
507;39;33;121;341;304;0;246;40;40;947;22;40;30;84344832;0
508;39;35;6;0;303;0;7;40;40;947;22;40;30;84344832;0
509;39;35;1;1;302;0;0;40;40;947;22;40;30;84344832;0
510;39;33;124;327;300;0;246;40;40;1189;18;40;30;84344832;0
511;39;35;4;0;298;0;4;40;40;1189;18;40;30;84344832;0
512;39;35;1;1;297;0;0;40;40;1189;18;40;30;84344832;0
513;39;33;127;327;297;0;244;40;39;958;18;40;30;84344832;0
514;39;35;19;21;298;0;5;40;39;958;18;40;30;84344832;0
515;39;35;1;0;298;0;1;40;39;958;18;40;30;84344832;0
516;39;33;123;332;300;0;244;40;39;1143;19;40;30;84344832;0
517;39;34;30;53;304;0;3;40;39;1143;19;40;30;84344832;0
518;39;35;2;2;306;0;0;40;39;1143;19;40;30;84344832;0
519;39;35;0;1;306;0;255;40;40;1143;19;40;30;84344832;0
520;39;33;107;211;307;0;1;40;41;1355;15;40;30;84344832;0
521;39;35;4;0;308;0;6;40;41;1355;15;40;30;84344832;0
522;39;33;73;434;307;0;236;40;41;1014;21;40;30;84344832;0
523;39;34;60;86;308;0;6;40;41;1014;21;40;30;84344832;0
524;39;35;3;0;309;0;4;40;41;1014;21;40;30;84344832;0
525;39;33;127;362;308;0;243;40;41;1177;21;40;30;84344832;0
526;39;35;10;2;308;0;6;40;41;1177;21;40;30;84344832;0
527;39;35;1;0;307;0;1;40;41;1177;21;40;30;84344832;0
528;39;33;142;429;306;0;240;40;41;1117;20;40;30;84344832;0
529;39;34;34;84;305;0;0;40;40;1117;20;40;30;84344832;0
530;39;35;3;0;303;0;4;40;40;1117;20;40;30;84344832;0
531;39;33;10;306;302;0;238;40;40;1117;20;40;30;84344832;0
532;39;34;87;158;298;0;4;40;40;1354;16;40;30;84344832;0
533;39;35;3;1;293;0;5;40;40;1354;16;40;30;84344832;0
534;39;33;80;305;290;0;242;40;40;1153;20;40;30;84344832;0
535;39;34;76;123;291;0;4;40;40;1153;20;40;30;84344832;0
536;39;35;2;0;292;0;3;40;39;1153;20;40;30;84344832;0
537;39;33;139;344;292;0;244;40;39;1076;21;40;30;84344832;0
538;39;35;8;1;292;0;6;40;39;1076;21;40;30;84344832;0
539;39;35;1;1;293;0;0;40;40;1076;21;40;30;84344832;0
540;39;33;127;312;295;0;248;40;41;975;21;40;30;84344832;0
541;39;35;5;0;298;0;5;40;42;975;21;40;30;84344832;0
542;39;34;1;150;300;0;244;40;43;975;21;40;30;84344832;0
543;39;33;128;323;302;0;247;40;43;1134;20;40;30;84344832;0
544;39;35;5;0;303;0;5;40;43;1134;20;40;30;84344832;0
545;39;33;8;263;303;0;241;40;43;1134;20;40;30;84344832;0
546;39;33;114;236;303;0;6;40;43;1142;19;40;30;84344832;0
547;39;35;4;0;304;0;4;40;43;1142;19;40;30;84344832;0
548;39;35;1;1;304;0;0;40;43;1142;19;40;30;84344832;0
549;39;33;127;336;305;0;242;40;43;1044;17;40;30;84344832;0
550;39;35;11;3;307;0;6;40;42;1044;17;40;30;84344832;0
551;39;35;1;1;306;0;1;40;42;1044;17;40;30;84344832;0
552;39;33;119;318;305;0;245;40;42;1200;18;40;30;84344832;0
553;39;35;13;7;306;0;5;40;42;1200;18;40;30;84344832;0
554;39;35;1;0;306;0;2;40;42;1200;18;40;30;84344832;0
555;39;33;120;309;305;0;245;40;41;1047;19;40;30;84344832;0
556;39;35;8;1;304;0;5;40;41;1047;19;40;30;84344832;0
557;39;35;1;1;303;0;1;40;41;1047;19;40;30;84344832;0
558;39;33;119;301;301;0;244;40;41;1037;19;40;30;84344832;0
559;39;35;7;1;300;0;5;40;41;1037;19;40;30;84344832;0
560;39;35;1;0;299;0;0;40;41;1037;19;40;30;84344832;0
561;39;33;119;303;299;0;244;40;41;961;18;40;30;84344832;0
562;39;34;27;29;300;0;5;40;41;961;18;40;30;84344832;0
563;39;35;2;0;299;0;3;40;40;961;18;40;30;84344832;0
564;39;35;1;4;300;0;246;40;40;961;18;40;30;84344832;0
565;39;33;143;370;301;0;245;40;40;1161;16;40;30;84344832;0
566;39;35;6;0;302;0;5;40;40;1161;16;40;30;84344832;0
567;39;35;1;1;303;0;0;40;40;1161;16;40;30;84344832;0
568;39;33;109;288;304;0;246;40;40;1182;18;40;30;84344832;0
569;39;35;9;2;308;0;5;40;40;1182;18;40;30;84344832;0
570;39;35;1;0;308;0;1;40;40;1182;18;40;30;84344832;0
571;39;33;127;285;307;0;243;40;40;1062;17;40;30;84344832;0
572;39;34;26;31;307;0;3;40;39;1062;17;40;30;84344832;0
573;39;35;2;0;305;0;2;40;39;1062;17;40;30;84344832;0
574;39;33;114;293;302;0;244;40;39;953;19;40;30;84344832;0
575;39;35;12;4;301;0;4;40;39;953;19;40;30;84344832;0
576;39;35;1;1;299;0;0;40;40;953;19;40;30;84344832;0
577;39;34;6;196;297;0;244;40;41;953;19;40;30;84344832;0
578;39;33;103;253;297;0;251;40;41;881;17;40;30;84344832;0
579;39;35;3;0;297;0;2;40;41;881;17;40;30;84344832;0
580;39;35;1;15;296;0;241;40;41;881;17;40;30;84344832;0
581;39;33;103;271;296;0;248;40;41;963;18;40;30;84344832;0
582;39;35;3;0;295;0;3;40;41;963;18;40;30;84344832;0
583;39;33;107;344;294;0;240;40;41;946;20;40;30;84344832;0
584;39;34;87;155;292;0;3;40;41;946;20;40;30;84344832;0
585;39;35;3;0;292;0;4;40;41;946;20;40;30;84344832;0
586;39;33;109;254;293;0;245;40;40;1073;20;40;30;84344832;0
587;39;34;44;55;297;0;4;40;40;1073;20;40;30;84344832;0
588;39;35;2;1;300;0;3;40;40;1073;20;40;30;84344832;0
589;39;33;107;329;301;0;241;40;40;1010;18;40;30;84344832;0
590;39;33;105;201;302;0;0;40;40;1010;18;40;30;84344832;0
591;39;35;3;0;302;0;5;40;40;1010;18;40;30;84344832;0
592;39;35;1;9;302;0;249;40;40;1010;18;40;30;84344832;0
593;39;33;126;331;305;0;245;40;40;1184;17;40;30;84344832;0
594;39;35;10;2;308;0;7;40;39;1184;17;40;30;84344832;0
595;39;35;1;1;308;0;2;40;39;1184;17;40;30;84344832;0
596;39;33;138;345;309;0;239;40;39;145;91;40;30;84344832;0
597;39;34;24;33;310;0;4;39;39;145;91;40;30;84344832;0
598;39;35;2;0;310;0;3;40;39;145;91;40;30;84344832;0
599;39;33;132;298;310;0;244;39;41;982;20;40;30;84344832;0
600;39;34;35;45;311;0;4;40;41;982;20;40;30;84344832;0
601;39;35;2;0;310;0;3;40;41;982;20;40;30;84344832;0
602;39;33;72;261;307;0;244;40;41;1055;18;40;30;84344832;0
603;39;34;53;79;305;0;3;40;41;1055;18;40;30;84344832;0
604;39;35;2;1;302;0;2;40;41;1055;18;40;30;84344832;0
605;39;34;3;154;299;0;245;40;41;1055;18;40;30;84344832;0
606;39;33;121;319;297;0;246;40;41;921;18;40;30;84344832;0
607;39;35;6;1;295;0;4;40;41;921;18;40;30;84344832;0
608;39;35;1;1;293;0;0;40;41;921;18;40;30;84344832;0
609;39;33;113;285;294;0;244;40;41;1108;16;40;30;84344832;0
610;39;35;13;4;296;0;4;40;40;1108;16;40;30;84344832;0
611;39;35;1;0;297;0;1;40;40;1108;16;40;30;84344832;0
612;39;33;113;281;297;0;245;40;40;948;20;40;30;84344832;0
613;39;35;16;5;299;0;5;40;40;948;20;40;30;84344832;0
614;39;35;1;1;299;0;1;40;40;948;20;40;30;84344832;0
615;39;33;105;253;298;0;247;40;40;1001;19;40;30;84344832;0
616;39;35;13;3;298;0;5;40;40;1001;19;40;30;84344832;0
617;39;35;1;0;297;0;1;40;40;1001;19;40;30;84344832;0
618;39;33;102;333;297;0;240;40;40;1005;17;40;30;84344832;0
619;39;35;24;26;301;0;4;40;39;1005;17;40;30;84344832;0
620;39;35;2;1;304;0;0;40;39;1005;17;40;30;84344832;0
621;39;33;135;321;303;0;244;40;40;883;21;40;30;84344832;0
622;39;34;34;86;303;0;1;40;41;883;21;40;30;84344832;0
623;39;34;24;170;302;0;250;40;43;883;21;40;30;84344832;0
624;39;34;19;38;301;0;255;40;45;883;21;40;30;84344832;0
625;39;35;2;0;297;0;255;40;46;883;21;40;30;84344832;0
626;39;33;175;433;296;0;238;40;47;1875;11;40;30;84344832;0
627;39;34;33;35;300;0;7;41;47;1875;11;40;30;84344832;0
628;39;35;3;104;304;0;5;41;47;1875;11;40;30;84344832;0
629;39;33;159;319;306;0;241;41;47;1238;22;40;30;84344832;0
630;39;34;29;30;312;0;6;41;46;1238;22;40;30;84344832;0
631;39;35;2;0;315;0;4;41;46;1238;22;40;30;84344832;0
632;39;33;19;275;317;0;242;41;46;1238;22;40;30;84344832;0
633;39;33;116;299;319;0;249;41;46;1392;15;40;30;84344832;0
634;39;35;6;1;320;0;7;41;46;1392;15;40;30;84344832;0
635;39;35;1;4;318;0;0;41;45;1392;15;40;30;84344832;0
636;39;33;123;334;313;0;248;41;45;1243;18;40;30;84344832;0
637;39;35;7;1;308;0;7;42;45;1243;18;40;30;84344832;0
638;39;35;1;1;303;0;1;41;45;1243;18;40;30;84344832;0
639;39;33;112;312;298;0;246;42;45;1201;17;40;30;84344832;0
640;39;35;16;7;296;0;6;42;44;1201;17;40;30;84344832;0
641;39;35;2;0;293;0;3;42;44;1201;17;40;30;84344832;0
642;39;33;130;326;291;0;246;42;44;1192;19;40;30;84344832;0
643;39;35;9;1;291;0;8;42;44;1192;19;40;30;84344832;0
644;39;35;1;0;291;0;1;42;43;1192;19;40;30;84344832;0
645;39;33;140;359;292;0;244;42;43;1090;19;40;30;84344832;0
646;39;35;12;4;294;0;5;42;43;1090;19;40;30;84344832;0
647;39;35;1;0;296;0;3;41;43;1090;19;40;30;84344832;0
648;39;33;145;359;299;0;245;41;43;1274;20;40;30;84344832;0
649;39;35;10;2;305;0;6;41;42;1274;20;40;30;84344832;0
650;39;35;1;1;308;0;1;41;42;1274;20;40;30;84344832;0
651;39;33;120;309;311;0;244;41;42;1150;18;40;30;84344832;0
652;39;34;27;29;314;0;5;41;42;1150;18;40;30;84344832;0
653;39;35;2;0;313;0;2;41;42;1150;18;40;30;84344832;0
654;39;33;116;332;312;0;243;41;42;1193;18;40;30;84344832;0
655;39;34;37;45;312;0;5;41;42;1193;18;40;30;84344832;0
656;39;35;2;0;310;0;3;41;42;1193;18;40;30;84344832;0
657;39;33;124;323;307;0;246;41;41;1120;20;40;30;84344832;0
658;39;35;24;27;305;0;5;41;41;1120;20;40;30;84344832;0
659;39;35;2;0;303;0;3;41;41;1120;20;40;30;84344832;0
660;39;33;24;236;300;0;243;41;41;1120;20;40;30;84344832;0
661;39;33;110;234;298;0;0;41;41;1117;17;40;30;84344832;0
662;39;35;4;0;297;0;6;41;41;1117;17;40;30;84344832;0
663;39;35;1;2;295;0;0;41;41;1117;17;40;30;84344832;0
664;39;33;155;289;296;0;245;41;40;1189;15;40;30;84344832;0
665;39;34;32;56;297;0;4;41;40;1189;15;40;30;84344832;0
666;39;35;3;4;298;0;3;41;40;1189;15;40;30;84344832;0
667;39;33;146;352;300;0;243;41;40;1122;20;40;30;84344832;0
668;39;34;32;72;306;0;1;41;40;1122;20;40;30;84344832;0
669;39;35;3;0;309;0;5;41;40;1122;20;40;30;84344832;0
670;39;35;1;9;311;0;0;41;40;1122;20;40;30;84344832;0
671;39;33;157;392;312;0;245;41;40;1108;16;40;30;84344832;0
672;39;35;7;1;311;0;9;40;40;1108;16;40;30;84344832;0
673;39;35;1;1;308;0;3;41;40;1108;16;40;30;84344832;0
674;39;33;121;309;309;0;245;40;39;1279;18;40;30;84344832;0
675;39;35;13;2;312;0;8;40;39;1279;18;40;30;84344832;0
676;39;35;1;0;311;0;4;40;39;1279;18;40;30;84344832;0
677;39;35;0;187;308;0;250;40;39;1279;18;40;30;84344832;0
678;39;33;122;329;306;0;248;40;39;1153;15;40;30;84344832;0
679;39;35;5;0;303;0;7;40;39;1153;15;40;30;84344832;0
680;39;33;85;321;300;0;243;40;39;1070;21;40;30;84344832;0
681;39;34;33;23;298;0;7;40;39;1070;21;40;30;84344832;0
682;39;35;2;0;296;0;5;40;39;1070;21;40;30;84344832;0
683;39;33;126;325;295;0;244;40;40;912;21;40;30;84344832;0
684;39;35;13;4;295;0;8;40;42;912;21;40;30;84344832;0
685;39;35;1;0;295;0;4;40;42;912;21;40;30;84344832;0
686;39;33;127;310;296;0;246;40;42;1013;19;40;30;84344832;0
687;39;35;7;1;296;0;10;40;42;1013;19;40;30;84344832;0
688;39;35;1;0;297;0;3;40;42;1013;19;40;30;84344832;0
689;39;33;120;302;298;0;245;40;42;937;19;40;30;84344832;0
690;39;35;6;0;300;0;9;40;42;937;19;40;30;84344832;0
691;39;35;2;7;299;0;0;40;42;937;19;40;30;84344832;0
692;39;33;135;357;299;0;245;40;41;909;21;40;30;84344832;0
693;39;35;7;1;299;0;7;40;41;909;21;40;30;84344832;0
694;39;35;1;1;300;0;2;40;41;909;21;40;30;84344832;0
695;39;35;0;5;301;0;255;40;41;909;21;40;30;84344832;0
696;39;33;152;396;304;0;238;40;41;182;102;40;30;84344832;0
697;39;35;13;4;309;0;9;40;41;182;102;40;30;84344832;0
698;39;35;1;0;311;0;8;40;40;182;102;40;30;84344832;0
699;39;33;126;324;312;0;249;40;40;1022;22;40;30;84344832;0
700;39;35;8;1;311;0;12;40;40;1022;22;40;30;84344832;0
701;39;35;1;0;310;0;7;40;40;1022;22;40;30;84344832;0
702;39;33;120;316;306;0;249;40;40;1160;19;40;30;84344832;0
703;39;35;7;0;304;0;13;40;40;1160;19;40;30;84344832;0
704;39;35;1;1;300;0;6;40;40;1160;19;40;30;84344832;0
705;39;33;131;338;298;0;246;40;40;1122;18;40;30;84344832;0
706;39;35;9;1;296;0;14;40;40;1122;18;40;30;84344832;0
707;39;35;1;2;294;0;5;40;39;1122;18;40;30;84344832;0
708;39;33;123;298;294;0;248;40;39;1198;19;40;30;84344832;0
709;39;34;33;73;293;0;0;40;39;1198;19;40;30;84344832;0
710;39;35;2;0;293;0;10;40;39;1198;19;40;30;84344832;0
711;39;33;31;335;294;0;240;40;39;1198;19;40;30;84344832;0
712;39;34;60;66;295;0;7;40;39;1213;16;40;30;84344832;0
713;39;35;3;0;295;0;11;40;39;1213;16;40;30;84344832;0
714;39;33;118;296;295;0;244;40;40;1028;20;40;30;84344832;0
715;39;35;20;6;296;0;9;40;42;1028;20;40;30;84344832;0
716;39;35;2;0;297;0;5;40;43;1028;20;40;30;84344832;0
717;39;33;134;332;298;0;244;40;44;937;20;40;30;84344832;0
718;39;35;10;1;299;0;10;40;44;937;20;40;30;84344832;0
719;39;35;1;4;300;0;2;40;44;937;20;40;30;84344832;0
720;39;33;124;310;300;0;247;40;44;976;21;40;30;84344832;0
721;39;35;5;0;303;0;8;40;43;976;21;40;30;84344832;0
722;39;33;114;274;304;0;244;40;43;908;22;40;30;84344832;0
723;39;35;22;12;305;0;7;40;43;908;22;40;30;84344832;0
724;39;35;2;2;305;0;2;40;43;908;22;40;30;84344832;0
725;39;35;0;0;305;0;0;40;43;908;22;40;30;84344832;0
726;39;35;3;0;305;0;0;40;43;908;22;40;30;84344832;0
727;39;35;1;0;307;0;255;40;43;908;22;40;30;84344832;0
728;39;35;0;0;314;0;255;40;42;908;22;40;30;84344832;0
729;39;35;0;5;324;0;249;40;42;908;22;40;30;84344832;0
730;39;35;6;0;334;0;0;40;42;855;8;40;30;84344832;0
731;39;33;131;359;339;0;239;40;42;327;36;40;30;84344832;0
732;39;35;14;2;329;0;10;40;42;327;36;40;30;84344832;0
733;39;35;2;0;317;0;4;40;42;327;36;40;30;84344832;0
734;39;33;129;370;308;0;245;40;42;1063;22;40;30;84344832;0
735;39;35;5;0;303;0;6;40;41;1063;22;40;30;84344832;0
736;39;35;1;2;299;0;1;41;41;1063;22;40;30;84344832;0
737;39;33;127;319;294;0;242;40;41;986;17;40;30;84344832;0
738;39;35;15;4;292;0;7;40;41;986;17;40;30;84344832;0
739;39;35;2;0;290;0;3;40;41;986;17;40;30;84344832;0
740;39;33;87;247;290;0;244;41;41;964;20;40;30;84344832;0
741;39;35;30;27;291;0;4;41;41;964;20;40;30;84344832;0
742;39;35;2;0;292;0;2;41;41;964;20;40;30;84344832;0
743;39;34;6;30;292;0;255;40;40;964;20;40;30;84344832;0
744;39;35;2;0;295;0;255;40;40;964;20;40;30;84344832;0
745;39;35;1;0;301;0;255;40;40;964;20;40;30;84344832;0
746;39;35;0;0;308;0;0;40;40;964;20;40;30;84344832;0
747;39;33;179;422;318;0;242;40;40;1139;8;40;30;84344832;0
748;39;35;7;1;327;0;7;40;40;1139;8;40;30;84344832;0
749;39;34;14;60;330;0;0;40;40;1198;24;40;30;84344832;0
750;39;33;148;404;330;0;245;40;40;1198;24;40;30;84344832;0
751;39;35;6;1;330;0;9;40;40;1198;24;40;30;84344832;0
752;39;35;1;2;326;0;3;40;40;1198;24;40;30;84344832;0
753;39;33;123;344;322;0;244;40;39;1319;16;40;30;84344832;0
754;39;35;8;1;319;0;5;40;39;1319;16;40;30;84344832;0
755;39;35;1;1;313;0;0;40;39;1319;16;40;30;84344832;0
756;39;33;139;414;306;0;240;40;39;1055;18;40;30;84344832;0
757;39;35;19;19;302;0;7;40;39;1055;18;40;30;84344832;0
758;39;35;2;2;299;0;3;40;39;1055;18;40;30;84344832;0
759;39;33;181;370;296;0;242;40;39;1250;18;40;30;84344832;0
760;39;34;42;59;295;0;6;40;40;1250;18;40;30;84344832;0
761;39;35;2;1;295;0;3;40;42;1250;18;40;30;84344832;0
762;39;33;22;268;295;0;240;40;42;1250;18;40;30;84344832;0
763;39;33;124;340;297;0;246;40;42;1200;18;40;30;84344832;0
764;39;35;4;0;298;0;5;40;42;1200;18;40;30;84344832;0
765;39;34;14;249;297;0;242;40;42;1200;18;40;30;84344832;0
766;39;33;119;278;298;0;254;40;42;1168;19;40;30;84344832;0
767;39;35;3;0;298;0;5;40;42;1168;19;40;30;84344832;0
768;39;35;1;0;298;0;0;40;42;1168;19;40;30;84344832;0
769;39;35;0;0;299;0;255;40;42;1168;19;40;30;84344832;0
770;39;34;51;64;300;0;1;40;41;1091;14;40;30;84344832;0
771;39;35;3;37;301;0;243;40;41;1091;14;40;30;84344832;0
772;39;33;121;324;300;0;247;40;41;577;31;40;30;84344832;0
773;39;35;5;0;299;0;6;40;41;577;31;40;30;84344832;0
774;39;35;1;3;297;0;0;40;41;577;31;40;30;84344832;0
775;39;33;108;247;296;0;238;40;41;1127;16;40;30;84344832;0
776;39;35;24;21;296;0;6;40;40;1127;16;40;30;84344832;0
777;39;35;2;3;295;0;1;40;40;1127;16;40;30;84344832;0
778;39;35;1;0;295;0;255;40;40;1127;16;40;30;84344832;0
779;39;33;105;267;296;0;247;40;40;1122;16;40;30;84344832;0
780;39;35;6;0;297;0;5;40;40;1122;16;40;30;84344832;0
781;39;33;37;267;297;0;243;40;40;1122;16;40;30;84344832;0
782;39;34;42;49;296;0;4;40;40;950;22;40;30;84344832;0
783;39;35;2;0;296;0;1;40;40;950;22;40;30;84344832;0
784;39;35;0;0;296;0;0;40;40;950;22;40;30;84344832;0
785;39;35;0;1;297;0;254;40;40;950;22;40;30;84344832;0
786;39;33;134;347;301;0;246;40;40;856;13;40;30;84344832;0
787;39;35;7;1;304;0;5;40;39;856;13;40;30;84344832;0
788;39;35;2;28;305;0;244;40;39;856;13;40;30;84344832;0
789;39;33;121;300;305;0;248;40;39;1176;19;40;30;84344832;0
790;39;35;5;0;305;0;6;40;39;1176;19;40;30;84344832;0
791;39;35;1;0;302;0;0;40;40;1176;19;40;30;84344832;0
792;39;33;108;288;302;0;243;40;41;1114;17;40;30;84344832;0
793;39;35;19;13;303;0;5;40;41;1114;17;40;30;84344832;0
794;39;35;2;0;302;0;2;40;41;1114;17;40;30;84344832;0
795;39;33;117;289;300;0;244;40;41;1113;17;40;30;84344832;0
796;39;35;19;14;299;0;4;40;41;1113;17;40;30;84344832;0
797;39;35;2;0;297;0;2;40;41;1113;17;40;30;84344832;0
798;39;33;96;256;297;0;245;40;41;964;19;40;30;84344832;0
799;39;34;87;162;298;0;1;40;41;964;19;40;30;84344832;0
800;39;35;3;0;299;0;4;40;40;964;19;40;30;84344832;0
801;39;34;8;206;298;0;244;40;40;964;19;40;30;84344832;0
802;39;33;113;285;298;0;249;40;40;1089;18;40;30;84344832;0
803;39;35;3;0;297;0;4;40;40;1089;18;40;30;84344832;0
804;39;34;13;206;296;0;245;40;40;1089;18;40;30;84344832;0
805;39;33;114;274;296;0;251;40;40;1049;19;40;30;84344832;0
806;39;35;4;0;296;0;5;40;40;1049;19;40;30;84344832;0
807;39;35;0;157;296;0;242;40;40;1049;19;40;30;84344832;0
808;39;33;115;288;296;0;247;40;39;1020;18;40;30;84344832;0
809;39;35;6;0;296;0;7;40;39;1020;18;40;30;84344832;0
810;39;35;1;3;296;0;255;40;39;1020;18;40;30;84344832;0
811;39;33;116;280;297;0;249;40;39;1146;18;40;30;84344832;0
812;39;35;7;1;298;0;6;40;39;1146;18;40;30;84344832;0
813;39;35;1;3;298;0;0;40;40;1146;18;40;30;84344832;0
814;39;33;135;333;299;0;247;40;41;1147;19;40;30;84344832;0
815;39;35;6;0;301;0;6;40;41;1147;19;40;30;84344832;0
816;39;35;1;3;302;0;0;40;41;1147;19;40;30;84344832;0
817;39;33;117;287;304;0;247;40;41;1133;19;40;30;84344832;0
818;39;35;6;0;307;0;6;40;41;1133;19;40;30;84344832;0
819;39;33;13;301;306;0;238;40;41;1133;19;40;30;84344832;0
820;39;34;59;82;305;0;5;40;41;1046;20;40;30;84344832;0
821;39;35;2;0;304;0;4;40;41;1046;20;40;30;84344832;0
822;39;33;115;287;304;0;246;40;41;1008;23;40;30;84344832;0
823;39;35;11;3;305;0;4;40;40;1008;23;40;30;84344832;0
824;39;35;1;0;304;0;2;40;40;1008;23;40;30;84344832;0
825;39;33;153;401;302;0;244;40;40;1012;20;40;30;84344832;0
826;39;35;6;1;301;0;5;40;40;1012;20;40;30;84344832;0
827;39;35;1;1;301;0;0;40;40;1012;20;40;30;84344832;0
828;39;33;126;329;304;0;244;40;40;1110;18;40;30;84344832;0
829;39;35;12;3;308;0;5;40;40;1110;18;40;30;84344832;0
830;39;35;1;1;309;0;1;40;40;1110;18;40;30;84344832;0
831;39;33;125;326;308;0;245;40;39;1117;18;40;30;84344832;0
832;39;35;15;7;307;0;5;40;39;1117;18;40;30;84344832;0
833;39;35;1;0;305;0;3;40;39;1117;18;40;30;84344832;0
834;39;33;125;291;304;0;243;40;40;1097;18;40;30;84344832;0
835;39;35;17;17;305;0;5;40;42;1097;18;40;30;84344832;0
836;39;35;2;0;304;0;2;40;43;1097;18;40;30;84344832;0
837;39;33;106;257;305;0;244;40;43;1052;18;40;30;84344832;0
838;39;35;12;9;307;0;2;40;43;1052;18;40;30;84344832;0
839;39;35;1;1;308;0;0;40;43;1052;18;40;30;84344832;0
840;39;33;126;329;307;0;245;40;43;709;22;40;30;84344832;0
841;39;35;9;2;306;0;5;40;43;709;22;40;30;84344832;0
842;39;35;1;139;303;0;244;40;43;709;22;40;30;84344832;0
843;39;34;38;54;302;0;3;40;42;1058;20;40;30;84344832;0
844;39;35;2;0;302;0;2;40;42;1058;20;40;30;84344832;0
845;39;33;129;347;302;0;244;40;42;760;25;40;30;84344832;0
846;39;35;5;0;301;0;5;40;42;760;25;40;30;84344832;0
847;39;33;26;275;301;0;240;40;42;760;25;40;30;84344832;0
848;39;34;36;37;301;0;4;40;42;887;22;40;30;84344832;0
849;39;35;2;0;300;0;1;40;42;887;22;40;30;84344832;0
850;39;33;124;296;300;0;242;40;41;825;21;40;30;84344832;0
851;39;35;19;20;300;0;4;40;41;825;21;40;30;84344832;0
852;39;35;4;64;300;0;0;40;41;825;21;40;30;84344832;0
853;39;33;143;375;299;0;240;40;41;182;86;40;30;84344832;0
854;39;35;9;1;298;0;7;40;41;182;86;40;30;84344832;0
855;39;35;1;1;298;0;2;40;41;182;86;40;30;84344832;0
856;39;33;117;293;299;0;245;40;41;978;20;40;30;84344832;0
857;39;35;10;2;300;0;5;40;40;978;20;40;30;84344832;0
858;39;35;1;1;300;0;0;40;40;978;20;40;30;84344832;0
859;39;33;97;249;300;0;245;40;40;893;19;40;30;84344832;0
860;39;35;7;1;300;0;5;40;40;893;19;40;30;84344832;0
861;39;33;115;386;298;0;237;40;40;893;19;40;30;84344832;0
862;39;33;106;214;297;0;0;40;40;778;22;40;30;84344832;0
863;39;35;3;0;297;0;3;40;40;778;22;40;30;84344832;0
864;39;35;1;1;297;0;0;40;40;778;22;40;30;84344832;0
865;39;33;106;273;299;0;248;40;40;1077;18;40;30;84344832;0
866;39;35;5;0;300;0;4;40;39;1077;18;40;30;84344832;0
867;39;35;1;1;300;0;255;40;39;1077;18;40;30;84344832;0
868;39;33;111;278;298;0;246;40;39;853;18;40;30;84344832;0
869;39;35;4;0;299;0;4;40;39;853;18;40;30;84344832;0
870;39;33;22;252;298;0;241;40;39;853;18;40;30;84344832;0
871;39;35;18;20;298;0;2;40;39;787;21;40;30;84344832;0
872;39;35;2;0;298;0;0;40;39;787;21;40;30;84344832;0
873;39;35;0;1;297;0;0;40;40;787;21;40;30;84344832;0
874;39;33;122;290;299;0;245;40;41;723;16;40;30;84344832;0
875;39;35;19;15;300;0;5;40;41;723;16;40;30;84344832;0
876;39;35;1;0;300;0;2;40;41;723;16;40;30;84344832;0
877;39;33;142;292;301;0;241;40;41;1156;17;40;30;84344832;0
878;39;35;17;12;301;0;5;40;41;1156;17;40;30;84344832;0
879;39;35;1;0;301;0;1;40;41;1156;17;40;30;84344832;0
880;39;35;0;1;302;0;0;40;41;1156;17;40;30;84344832;0
881;39;33;131;343;305;0;242;40;41;949;15;40;30;84344832;0
882;39;35;20;20;309;0;5;40;41;949;15;40;30;84344832;0
883;39;35;2;0;311;0;2;40;40;949;15;40;30;84344832;0
884;39;35;0;2;311;0;245;40;40;949;15;40;30;84344832;0
885;39;34;49;62;313;0;3;40;40;1128;16;40;30;84344832;0
886;39;35;2;0;315;0;1;40;40;1128;16;40;30;84344832;0
887;39;35;0;0;314;0;255;40;40;1128;16;40;30;84344832;0
888;39;36;0;0;312;0;255;40;40;1128;16;40;30;84344832;0
889;39;33;108;303;311;0;241;40;40;756;12;40;30;84344832;0
890;39;35;13;8;310;0;4;40;40;756;12;40;30;84344832;0
891;39;35;2;2;310;0;0;40;40;756;12;40;30;84344832;0
892;39;33;86;217;308;0;246;40;40;861;20;40;30;84344832;0
893;39;33;105;196;308;0;0;40;39;861;20;40;30;84344832;0
894;39;35;4;0;306;0;3;40;39;861;20;40;30;84344832;0
895;39;35;0;140;302;0;246;40;39;861;20;40;30;84344832;0
896;39;34;92;159;301;0;2;40;39;1129;17;40;30;84344832;0
897;39;35;2;0;300;0;3;40;39;1129;17;40;30;84344832;0
898;39;33;98;301;298;0;241;40;41;903;21;40;30;84344832;0
899;39;33;100;216;299;0;0;40;41;903;21;40;30;84344832;0
900;39;35;3;0;300;0;4;40;41;903;21;40;30;84344832;0
901;39;33;13;228;299;0;243;40;41;903;21;40;30;84344832;0
902;39;33;97;243;298;0;250;40;41;1175;18;40;30;84344832;0
903;39;35;5;0;297;0;5;40;41;1175;18;40;30;84344832;0
904;39;35;1;1;294;0;0;40;41;1175;18;40;30;84344832;0
905;39;33;127;329;291;0;245;40;41;1052;17;40;30;84344832;0
906;39;35;5;1;289;0;4;40;41;1052;17;40;30;84344832;0
907;39;35;1;0;288;0;0;40;41;1052;17;40;30;84344832;0
908;39;33;113;283;289;0;245;40;41;1082;18;40;30;84344832;0
909;39;35;20;16;292;0;5;40;40;1082;18;40;30;84344832;0
910;39;35;2;0;293;0;3;40;40;1082;18;40;30;84344832;0
911;39;33;115;257;295;0;244;40;40;1134;18;40;30;84344832;0
912;39;35;15;9;298;0;4;40;40;1134;18;40;30;84344832;0
913;39;35;1;0;300;0;1;40;40;1134;18;40;30;84344832;0
914;39;33;116;283;300;0;242;40;40;947;18;40;30;84344832;0
915;39;34;53;69;301;0;3;40;40;947;18;40;30;84344832;0
916;39;35;2;0;301;0;3;40;40;947;18;40;30;84344832;0
917;39;33;47;240;300;0;243;40;40;991;18;40;30;84344832;0
918;39;33;116;276;301;0;249;40;39;991;18;40;30;84344832;0
919;39;35;4;1;301;0;4;40;39;991;18;40;30;84344832;0
920;39;35;1;0;300;0;0;40;39;991;18;40;30;84344832;0
921;39;33;115;278;300;0;244;40;39;963;17;40;30;84344832;0
922;39;35;23;22;300;0;4;40;41;963;17;40;30;84344832;0
923;39;35;2;0;299;0;2;40;42;963;17;40;30;84344832;0
924;39;33;108;265;299;0;245;40;42;1095;19;40;30;84344832;0
925;39;35;19;10;300;0;6;40;42;1095;19;40;30;84344832;0
926;39;35;2;0;299;0;3;40;42;1095;19;40;30;84344832;0
927;39;35;1;1;298;0;255;40;42;1095;19;40;30;84344832;0
928;39;33;110;269;298;0;243;40;42;1050;13;40;30;84344832;0
929;39;34;29;38;299;0;3;40;42;1050;13;40;30;84344832;0
930;39;35;2;0;300;0;2;40;42;1050;13;40;30;84344832;0
931;39;33;88;192;301;0;248;40;42;979;20;40;30;84344832;0
932;39;34;27;24;304;0;4;40;41;979;20;40;30;84344832;0
933;39;35;2;0;304;0;2;40;41;979;20;40;30;84344832;0
934;39;33;126;306;303;0;242;40;41;898;19;40;30;84344832;0
935;39;35;10;2;302;0;4;40;41;898;19;40;30;84344832;0
936;39;35;1;1;301;0;0;40;41;898;19;40;30;84344832;0
937;39;33;108;258;301;0;248;40;41;910;21;40;30;84344832;0
938;39;35;6;1;302;0;4;40;40;910;21;40;30;84344832;0
939;39;35;1;1;302;0;0;40;40;910;21;40;30;84344832;0
940;39;33;115;288;301;0;245;40;40;976;18;40;30;84344832;0
941;39;35;11;2;301;0;5;40;40;976;18;40;30;84344832;0
942;39;35;1;1;300;0;1;40;40;976;18;40;30;84344832;0
943;39;35;0;1;300;0;0;40;40;976;18;40;30;84344832;0
944;39;33;91;256;302;0;244;40;40;955;13;40;30;84344832;0
945;39;33;94;169;306;0;0;40;40;955;13;40;30;84344832;0
946;39;35;3;0;308;0;3;40;40;955;13;40;30;84344832;0
947;39;35;0;2;307;0;255;40;40;955;13;40;30;84344832;0
948;39;33;118;286;306;0;243;40;40;1063;15;40;30;84344832;0
949;39;34;29;31;307;0;4;40;39;1063;15;40;30;84344832;0
950;39;35;2;0;306;0;2;40;39;1063;15;40;30;84344832;0
951;39;33;93;249;304;0;244;40;39;1030;18;40;30;84344832;0
952;39;34;41;56;304;0;3;40;39;1030;18;40;30;84344832;0
953;39;35;2;0;304;0;3;40;39;1030;18;40;30;84344832;0
954;39;33;94;273;302;0;243;39;40;966;19;40;30;84344832;0
955;39;34;46;60;302;0;3;40;41;966;19;40;30;84344832;0
956;39;35;2;0;301;0;3;40;41;966;19;40;30;84344832;0
957;39;34;9;190;299;0;244;40;41;966;19;40;30;84344832;0
958;39;33;88;141;299;0;1;40;41;917;18;40;30;84344832;0
959;39;35;2;0;300;0;2;40;41;917;18;40;30;84344832;0
960;39;35;0;0;299;0;0;40;41;917;18;40;30;84344832;0
961;39;34;46;48;299;0;255;40;41;818;15;40;30;84344832;0
962;39;35;1;86;300;0;242;40;41;818;15;40;30;84344832;0
963;39;35;17;13;301;0;2;40;41;174;41;40;30;84344832;0
964;39;35;2;1;297;0;255;40;41;174;41;40;30;84344832;0
965;39;33;117;281;292;0;248;40;41;582;27;40;30;84344832;0
966;39;35;5;0;293;0;4;40;40;582;27;40;30;84344832;0
967;39;34;9;172;292;0;246;40;40;582;27;40;30;84344832;0
968;39;33;107;249;293;0;248;40;40;905;20;40;30;84344832;0
969;39;35;4;0;293;0;4;40;40;905;20;40;30;84344832;0
970;39;35;1;1;293;0;255;40;40;905;20;40;30;84344832;0
971;39;33;129;295;295;0;246;40;40;951;17;40;30;84344832;0
972;39;35;4;1;298;0;3;40;40;951;17;40;30;84344832;0
973;39;33;93;259;299;0;244;40;40;855;22;40;30;84344832;0
974;39;34;26;27;302;0;4;40;40;855;22;40;30;84344832;0
975;39;35;2;4;304;0;2;40;39;855;22;40;30;84279296;0
1036;39;36;0;5;210;0;255;39;38;0;0;40;30;84279296;0
1097;39;36;0;5;220;0;255;38;37;0;0;40;30;84279296;0
1158;39;36;0;4;227;0;255;37;36;0;0;40;30;84279296;0
1219;39;36;0;4;229;0;255;36;35;0;0;40;30;84279296;0
1280;39;36;0;4;229;0;255;35;35;0;0;40;30;84279296;0
1341;39;36;0;3;228;0;255;35;34;0;0;40;30;84279296;0
1402;39;36;0;4;226;0;255;34;34;0;0;40;30;84279296;0
1463;39;36;0;4;224;0;255;34;34;0;0;40;30;84279296;0
1524;39;36;0;3;221;0;255;34;33;0;0;40;30;84279296;0
1585;39;36;0;3;216;0;255;33;33;0;0;40;30;84279296;0
1646;40;36;0;3;212;0;255;33;33;0;0;40;30;84279296;0
1707;39;36;0;3;210;0;255;33;32;0;0;40;30;84279296;0
1768;39;36;0;3;205;0;255;32;32;0;0;40;30;84279296;0
1829;39;36;0;3;200;0;255;32;32;0;0;40;30;84279296;0
1890;39;36;0;3;197;0;255;32;32;0;0;40;30;84279296;0
1951;39;36;0;3;195;0;255;32;31;0;0;40;30;84279296;0
2012;39;36;0;3;191;0;255;31;31;0;0;40;30;84279296;0
2073;39;36;0;3;189;0;255;31;31;0;0;40;30;84279296;0
2134;39;36;0;2;186;0;255;31;31;0;0;40;30;84279296;0
2195;39;36;0;3;185;0;255;31;31;0;0;40;30;84279296;0
2256;39;36;0;3;183;0;255;31;30;0;0;40;30;84279296;0
2317;39;36;0;3;181;0;255;31;30;0;0;40;30;84279296;0
2378;39;36;0;3;180;0;255;31;30;0;0;40;30;84279296;0
2439;39;36;0;3;178;0;255;30;30;0;0;40;30;84279296;0
2500;39;36;0;3;176;0;255;30;30;0;0;40;30;84279296;0
2561;39;36;0;3;174;0;255;30;30;0;0;40;30;84279296;0
