# time;P_O2, atm;P_He, atm;Flow O2, l/min;Flow He, l/min;FiO2 Env, %;FiO2 sens2, %;P mask, cm H2O;Tmask, gradC;Tnagr, gradC;V, ml;f, 1/min;Tzad, gradC;FiO2 zad, %;Flags;
# POWERON 31.05.2019 12:53:46
1;0;0;0;4;0;0;0;26;25;0;0;64;25;84279808;0
50;0;0;0;5;636;0;248;26;25;0;0;64;25;84279301;0
110;35;0;0;5;212;0;255;26;25;0;0;64;25;84279300;0
113;36;40;0;5;212;0;255;27;25;0;0;64;25;84279296;0
136;42;38;0;6;192;0;222;27;26;0;0;55;35;84344832;0
137;36;36;279;513;192;0;241;27;26;0;0;55;35;84344832;0
138;38;36;123;236;195;0;255;27;28;0;0;55;35;84344832;0
139;38;37;40;70;215;0;0;27;30;2424;25;55;35;84344832;0
140;39;38;14;153;246;0;243;27;32;2424;25;55;35;84344832;0
141;36;36;128;227;273;0;250;27;34;332;33;55;35;84344832;0
142;36;37;128;175;288;0;252;28;36;332;33;55;35;84344832;0
143;38;38;53;65;300;0;0;29;38;332;33;55;35;84344832;0
144;39;39;6;0;313;0;0;29;40;332;33;55;35;84344832;0
145;36;36;215;306;326;0;234;29;42;2014;12;55;35;84344832;0
146;37;37;187;246;337;0;251;30;44;2014;12;55;35;84344832;0
147;38;37;89;143;346;0;0;31;45;2014;12;55;35;84344832;0
148;38;38;45;74;354;0;255;32;47;2014;12;55;35;84344832;0
149;39;39;7;4;359;0;0;32;49;2014;12;55;35;84344832;0
150;36;36;152;274;362;0;242;32;50;2499;12;55;35;84344832;0
151;37;37;122;227;361;0;252;34;52;2499;12;55;35;84344832;0
152;39;38;35;72;359;0;0;35;53;2499;12;55;35;84344832;0
153;39;39;8;5;358;0;0;35;55;2499;12;55;35;84344832;0
154;38;35;230;386;358;0;236;35;56;2499;12;55;35;84344832;0
155;38;37;105;174;357;0;0;37;58;1916;13;55;35;84279296;0
# POWERON 31.05.2019 13:05:16
1;44;16;0;4;0;0;0;35;37;0;0;55;35;84279808;0
2;44;16;0;4;130;0;0;35;37;0;0;55;35;84279296;0
32;44;33;0;4;243;0;255;35;36;0;0;55;35;84344832;0
33;44;33;0;4;223;0;255;35;36;0;0;55;35;84344832;0
34;35;21;179;327;224;0;242;35;37;0;0;55;35;84344832;0
35;38;16;16;11;224;0;10;35;39;0;0;55;35;84344832;0
36;38;18;3;1;233;0;0;35;41;0;0;55;35;84344832;0
37;35;14;241;265;252;0;239;35;43;1310;18;55;35;84344832;0
38;37;0;265;0;277;0;1;36;45;1310;18;55;35;84344836;0
39;38;0;21;5;305;0;5;36;46;1270;30;55;35;84344836;0
40;38;0;12;8;347;0;255;36;48;26;87;55;35;84344836;0
41;38;15;1;0;411;0;255;36;50;26;87;55;35;84344836;0
42;39;15;0;1;484;0;255;36;52;26;87;55;35;84344836;0
43;39;15;0;4;574;0;255;35;54;26;87;55;35;84344832;0
44;39;16;0;4;608;0;255;35;55;26;87;55;35;84344832;0
45;39;16;0;5;654;0;255;35;57;26;87;55;35;84344832;0
46;39;16;0;5;688;0;255;35;59;26;87;55;35;84344832;0
47;39;25;0;5;715;0;255;35;60;26;87;55;35;84344832;0
48;39;38;0;6;732;0;255;35;62;26;87;55;35;84344832;0
49;35;37;274;458;743;0;236;36;64;148;7;55;35;84344832;0
50;38;41;26;4;747;0;68;39;65;148;7;55;35;84344832;0
51;38;42;1;0;731;0;31;39;66;148;7;55;35;84344832;0
52;35;38;121;516;689;0;249;41;65;2035;21;55;35;84344832;0
53;38;41;9;0;632;0;68;44;65;2035;21;55;35;84344832;0
54;39;41;1;0;570;0;59;43;64;2035;21;55;35;84344832;0
55;35;38;91;361;512;0;0;44;64;1932;19;55;35;84344832;0
56;37;39;50;201;463;0;0;46;63;1932;19;55;35;84344832;0
57;38;40;27;110;420;0;0;47;62;1932;19;55;35;84279296;0
# POWERON 31.05.2019 15:36:49
1;45;1;0;5;0;0;255;27;27;0;0;55;35;84279808;0
2;45;1;0;5;118;0;255;27;27;0;0;55;35;84279300;0
15;45;46;0;5;215;0;255;28;27;0;0;55;35;84279296;0
76;45;43;0;6;215;0;255;28;27;0;0;55;35;84279296;0
137;45;43;0;6;215;0;255;28;27;0;0;55;35;84279296;0
179;45;42;0;0;191;0;209;28;27;0;0;60;31;84344832;0
180;35;39;97;156;190;0;254;28;28;0;0;60;31;84344832;0
181;37;42;2;0;191;0;5;28;29;0;0;60;31;84344832;0
182;35;38;121;241;197;0;247;28;31;700;24;60;31;84344832;0
183;37;41;7;0;212;0;8;28;33;700;24;60;31;84344832;0
184;37;43;2;2;229;0;0;28;35;700;24;60;31;84344832;0
185;36;41;23;24;247;0;253;28;37;841;19;60;31;84344832;0
186;37;42;3;0;265;0;1;28;39;841;19;60;31;84344832;0
187;36;40;33;58;286;0;250;28;41;74;25;60;31;84344832;0
188;36;42;4;0;304;0;2;28;43;74;25;60;31;84344832;0
189;37;43;1;0;318;0;253;28;45;74;25;60;31;84344832;0
190;36;41;17;2;325;0;1;29;47;122;21;60;31;84344832;0
191;37;43;1;0;325;0;0;29;49;122;21;60;31;84344832;0
192;37;41;10;33;326;0;251;29;50;62;24;60;31;84344832;0
193;35;41;11;1;328;0;3;30;52;62;24;60;31;84344832;0
194;37;43;1;0;331;0;5;30;54;62;24;60;31;84344832;0
195;36;38;121;287;328;0;237;30;55;273;18;60;31;84344832;0
196;37;41;6;0;321;0;8;32;57;273;18;60;31;84344832;0
197;34;38;151;319;315;0;244;32;59;549;33;60;31;84344832;0
198;37;41;9;2;315;0;6;35;60;549;33;60;31;84344832;0
199;37;42;3;0;318;0;0;35;61;549;33;60;31;84344832;0
200;38;43;1;0;323;0;2;35;63;549;33;60;31;84344832;0
201;36;41;10;0;329;0;6;36;64;1189;15;60;31;84344832;0
202;37;42;2;0;333;0;3;36;66;1189;15;60;31;84344832;0
203;38;43;0;8;335;0;253;36;67;1189;15;60;31;84344832;0
204;36;39;49;105;335;0;251;36;68;247;20;60;31;84344832;0
205;36;42;2;0;336;0;1;37;70;247;20;60;31;84344832;0
206;37;43;0;0;334;0;0;36;71;247;20;60;31;84344832;0
207;35;39;95;220;327;0;247;38;72;220;18;60;31;84344832;0
208;37;41;8;1;316;0;3;41;74;220;18;60;31;84344832;0
209;38;43;1;0;308;0;0;40;75;220;18;60;31;84344832;0
210;37;40;42;226;307;0;242;40;76;220;18;60;31;84344832;0
211;36;40;27;10;309;0;6;43;77;812;16;60;31;84344832;0
212;37;42;2;1;312;0;2;43;78;812;16;60;31;84344832;0
213;34;38;149;329;315;0;241;44;78;787;22;60;31;84344832;0
214;37;42;3;0;319;0;6;46;79;787;22;60;31;84344832;0
215;37;41;16;201;322;0;244;45;79;787;22;60;31;84344832;0
216;36;40;34;23;326;0;4;48;79;741;23;60;31;84344832;0
217;37;43;1;0;330;0;2;48;79;741;23;60;31;84344832;0
218;36;39;108;215;332;0;247;47;79;690;20;60;31;84344832;0
219;36;41;9;0;333;0;5;50;79;690;20;60;31;84344832;0
220;37;43;1;1;333;0;1;49;79;690;20;60;31;84344832;0
221;34;38;118;269;332;0;245;50;79;630;22;60;31;84344832;0
222;37;42;3;3;330;0;0;51;80;630;22;60;31;84344832;0
223;38;43;1;0;327;0;255;50;80;630;22;60;31;84344832;0
224;36;39;51;133;325;0;249;51;79;652;20;60;31;84344832;0
225;36;42;3;0;324;0;3;51;80;652;20;60;31;84344832;0
226;37;43;0;0;322;0;0;51;80;652;20;60;31;84344832;0
227;35;39;60;136;315;0;250;52;80;231;19;60;31;84344832;0
228;36;42;2;0;305;0;3;52;80;231;19;60;31;84344832;0
229;36;39;91;165;296;0;248;52;80;303;22;60;31;84344832;0
230;36;41;6;0;290;0;3;54;81;303;22;60;31;84344832;0
231;37;43;0;0;287;0;0;53;81;303;22;60;31;84344832;0
232;37;40;40;118;285;0;253;53;81;399;20;60;31;84344832;0
233;36;42;4;0;285;0;6;54;81;399;20;60;31;84344832;0
234;37;43;2;0;288;0;254;53;81;399;20;60;31;84344832;0
235;37;40;30;11;290;0;5;55;81;287;21;60;31;84344832;0
236;37;42;3;11;292;0;0;55;81;287;21;60;31;84344832;0
237;35;39;84;155;299;0;250;56;81;566;29;60;31;84344832;0
238;37;42;4;0;310;0;4;57;82;566;29;60;31;84344832;0
239;38;43;0;0;319;0;0;56;82;566;29;60;31;84344832;0
240;34;39;93;158;325;0;251;57;82;642;19;60;31;84344832;0
241;37;42;3;0;329;0;4;58;82;642;19;60;31;84344832;0
242;38;43;0;0;332;0;0;58;83;642;19;60;31;84344832;0
243;37;39;87;193;334;0;244;57;83;552;17;60;31;84344832;0
244;35;39;94;193;336;0;251;60;83;552;17;60;31;84344832;0
245;37;43;1;0;336;0;4;60;83;552;17;60;31;84344832;0
246;38;43;0;3;336;0;0;59;84;552;17;60;31;84344832;0
247;35;39;104;203;335;0;245;59;83;939;14;60;31;84344832;0
248;35;40;42;30;334;0;3;61;83;939;14;60;31;84344832;0
249;37;43;1;0;333;0;2;61;83;939;14;60;31;84344832;0
250;38;43;0;0;330;0;0;60;83;939;14;60;31;84344832;0
251;34;39;84;180;327;0;249;61;83;747;16;60;31;84344832;0
252;37;41;6;0;324;0;3;62;82;747;16;60;31;84344832;0
253;38;43;1;1;322;0;0;62;82;747;16;60;31;84344832;0
254;38;43;1;119;322;0;247;61;81;747;16;60;31;84344832;0
255;34;38;116;252;323;0;247;62;81;771;16;60;31;84344832;0
256;37;42;2;0;325;0;3;63;80;771;16;60;31;84344832;0
257;38;43;0;0;325;0;0;62;80;771;16;60;31;84344832;0
258;35;38;119;212;326;0;245;62;79;916;16;60;31;84344832;0
259;37;41;15;4;326;0;3;64;79;916;16;60;31;84344832;0
260;38;43;1;0;326;0;2;63;78;916;16;60;31;84344832;0
261;38;43;0;0;327;0;0;62;78;916;16;60;31;84344832;0
262;34;39;85;174;329;0;250;63;78;719;16;60;31;84344832;0
263;36;41;9;0;331;0;4;64;77;719;16;60;31;84344832;0
264;38;43;0;0;331;0;1;64;77;719;16;60;31;84344832;0
265;37;39;73;201;329;0;245;63;76;839;16;60;31;84344832;0
266;34;39;91;190;328;0;251;64;76;839;16;60;31;84344832;0
267;37;42;2;0;325;0;4;64;75;839;16;60;31;84344832;0
268;38;43;0;1;323;0;0;64;75;839;16;60;31;84344832;0
269;34;38;108;235;321;0;247;64;75;888;16;60;31;84344832;0
270;37;42;2;0;320;0;4;64;74;888;16;60;31;84344832;0
271;38;43;0;1;319;0;0;64;74;888;16;60;31;84344832;0
272;34;39;89;192;319;0;249;64;73;705;18;60;31;84344832;0
273;35;39;64;114;320;0;0;65;73;705;18;60;31;84344832;0
274;37;43;1;0;319;0;4;65;72;705;18;60;31;84344832;0
275;38;43;0;0;319;0;0;64;72;705;18;60;31;84344832;0
276;34;39;92;203;316;0;247;64;72;851;15;60;31;84344832;0
277;37;42;1;0;313;0;0;64;71;851;15;60;31;84344832;0
278;38;43;0;0;312;0;1;64;71;851;15;60;31;84344832;0
279;37;39;104;232;312;0;243;64;71;493;17;60;31;84344832;0
280;36;41;9;0;313;0;4;64;70;493;17;60;31;84344832;0
281;38;43;0;0;316;0;0;64;70;493;17;60;31;84344832;0
282;36;38;135;298;316;0;245;64;70;641;22;60;31;84344832;0
283;37;42;2;0;314;0;3;64;69;641;22;60;31;84344832;0
284;38;43;0;0;314;0;0;64;69;641;22;60;31;84344832;0
285;34;38;99;218;316;0;247;64;69;709;18;60;31;84344832;0
286;37;42;4;0;320;0;3;64;68;709;18;60;31;84344832;0
287;38;43;0;0;321;0;0;64;68;709;18;60;31;84344832;0
288;34;38;103;223;322;0;246;64;68;658;18;60;31;84344832;0
289;37;41;9;0;322;0;3;64;68;658;18;60;31;84344832;0
290;38;43;0;0;321;0;1;64;67;658;18;60;31;84344832;0
291;38;43;0;1;319;0;0;63;67;658;18;60;31;84344832;0
292;35;38;99;221;316;0;245;63;67;749;14;60;31;84344832;0
293;36;41;9;0;314;0;3;64;66;749;14;60;31;84344832;0
294;38;43;1;0;313;0;0;63;66;749;14;60;31;84344832;0
295;37;39;85;207;312;0;245;63;66;629;18;60;31;84344832;0
296;35;40;20;8;310;0;4;64;66;629;18;60;31;84344832;0
297;38;43;1;0;309;0;1;63;65;629;18;60;31;84344832;0
298;38;41;23;208;308;0;243;63;65;629;18;60;31;84344832;0
299;35;40;39;26;307;0;3;63;65;684;18;60;31;84344832;0
300;37;43;1;0;307;0;1;63;64;684;18;60;31;84344832;0
301;38;42;0;126;307;0;245;63;64;684;18;60;31;84344832;0
302;36;40;38;19;308;0;6;63;64;723;18;60;31;84344832;0
303;38;43;1;0;310;0;2;63;64;723;18;60;31;84344832;0
304;34;38;112;245;313;0;245;63;63;721;23;60;31;84344832;0
305;37;41;10;3;318;0;3;63;63;721;23;60;31;84344832;0
306;38;43;1;0;322;0;2;63;63;721;23;60;31;84344832;0
307;35;39;64;131;325;0;249;63;62;872;19;60;31;84344832;0
308;35;41;10;0;328;0;2;63;62;872;19;60;31;84344832;0
309;37;43;1;0;329;0;1;63;62;872;19;60;31;84344832;0
310;38;43;0;2;325;0;248;62;62;872;19;60;31;84344832;0
311;34;39;100;236;318;0;248;62;62;593;16;60;31;84344832;0
312;37;42;3;1;312;0;3;62;61;593;16;60;31;84344832;0
313;38;43;0;0;308;0;1;62;61;593;16;60;31;84344832;0
314;34;38;118;266;307;0;246;62;61;775;18;60;31;84344832;0
315;37;42;2;0;308;0;5;62;60;775;18;60;31;84344832;0
316;38;42;4;159;309;0;244;62;60;775;18;60;31;84344832;0
317;34;39;90;151;311;0;1;62;60;728;21;60;31;84344832;0
318;38;43;1;0;312;0;2;62;60;728;21;60;31;84344832;0
319;38;43;0;0;313;0;0;61;59;728;21;60;31;84344832;0
320;34;38;123;303;315;0;241;62;59;737;17;60;31;84344832;0
321;37;42;4;0;317;0;2;61;59;737;17;60;31;84344832;0
322;38;43;0;0;318;0;1;61;59;737;17;60;31;84344832;0
323;36;39;76;163;319;0;248;61;58;790;19;60;31;84344832;0
324;36;41;8;0;321;0;3;61;58;790;19;60;31;84344832;0
325;38;43;1;0;321;0;0;61;58;790;19;60;31;84344832;0
326;37;39;82;210;318;0;245;61;58;596;17;60;31;84344832;0
327;36;41;9;0;314;0;3;61;58;596;17;60;31;84344832;0
328;38;43;0;0;312;0;0;61;57;596;17;60;31;84344832;0
329;34;39;94;210;310;0;247;61;57;653;21;60;31;84344832;0
330;37;42;3;0;310;0;3;61;57;653;21;60;31;84344832;0
331;38;42;9;105;309;0;250;61;57;653;21;60;31;84344832;0
332;34;39;85;177;307;0;253;61;57;574;23;60;31;84344832;0
333;37;42;10;10;304;0;5;60;57;574;23;60;31;84344832;0
334;38;43;0;0;302;0;2;60;56;574;23;60;31;84344832;0
335;37;39;97;216;301;0;244;60;56;683;15;60;31;84344832;0
336;36;41;13;2;300;0;4;60;56;683;15;60;31;84344832;0
337;38;43;1;0;301;0;1;60;56;683;15;60;31;84344832;0
338;38;41;12;171;302;0;243;60;58;683;15;60;31;84344832;0
339;34;39;63;48;305;0;3;60;59;749;18;60;31;84344832;0
340;38;43;1;0;309;0;3;60;60;749;18;60;31;84344832;0
341;38;43;0;1;312;0;0;59;61;749;18;60;31;84344832;0
342;35;39;94;178;314;0;247;60;61;760;15;60;31;84344832;0
343;36;41;13;2;316;0;2;60;61;760;15;60;31;84344832;0
344;38;43;1;0;317;0;1;60;61;760;15;60;31;84344832;0
345;36;39;110;227;318;0;244;60;61;664;18;60;31;84344832;0
346;36;41;12;3;318;0;3;60;60;664;18;60;31;84344832;0
347;38;43;1;0;317;0;2;60;60;664;18;60;31;84344832;0
348;38;43;0;1;316;0;0;60;60;664;18;60;31;84344832;0
349;34;39;101;211;315;0;247;60;60;689;16;60;31;84344832;0
350;37;42;2;0;314;0;3;60;60;689;16;60;31;84344832;0
351;38;43;0;1;315;0;0;60;59;689;16;60;31;84344832;0
352;36;41;6;0;316;0;0;60;59;719;18;60;31;84344832;0
353;37;43;1;0;318;0;255;60;59;719;18;60;31;84344832;0
354;38;43;0;0;318;0;255;60;60;719;18;60;31;84279296;0
415;40;43;0;3;393;0;255;54;57;0;0;60;31;84279296;0
448;41;42;0;4;341;0;237;53;56;0;0;50;31;84344832;0
449;36;41;14;0;315;0;12;53;55;0;0;50;31;84344832;0
450;36;42;1;0;302;0;0;53;55;0;0;50;31;84344832;0
451;34;38;95;187;288;0;246;53;55;0;0;50;31;84344832;0
452;34;38;113;205;276;0;254;53;55;0;0;50;31;84344832;0
453;37;42;2;0;271;0;5;53;55;0;0;50;31;84344832;0
454;34;38;104;196;273;0;247;54;55;870;19;50;31;84344832;0
455;35;40;36;14;279;0;6;54;54;870;19;50;31;84344832;0
456;38;42;1;0;289;0;3;54;54;870;19;50;31;84344832;0
457;34;38;108;192;297;0;247;54;54;810;19;50;31;84344832;0
458;37;41;12;0;306;0;7;54;54;810;19;50;31;84344832;0
459;38;42;1;1;313;0;1;54;54;810;19;50;31;84344832;0
460;34;38;99;184;319;0;248;54;54;745;19;50;31;84344832;0
461;35;40;19;3;325;0;6;54;53;745;19;50;31;84344832;0
462;38;42;1;0;328;0;1;54;53;745;19;50;31;84344832;0
463;35;39;73;158;328;0;248;54;53;741;20;50;31;84344832;0
464;36;41;9;0;324;0;7;54;53;741;20;50;31;84344832;0
465;38;42;1;4;320;0;0;54;52;741;20;50;31;84344832;0
466;35;39;64;147;317;0;249;54;52;619;20;50;31;84344832;0
467;36;41;10;0;316;0;8;54;52;619;20;50;31;84344832;0
468;38;42;0;0;314;0;0;54;52;619;20;50;31;84344832;0
469;37;39;67;181;313;0;245;54;52;618;16;50;31;84344832;0
470;34;39;89;150;313;0;255;54;52;618;16;50;31;84344832;0
471;37;42;1;0;314;0;2;54;52;618;16;50;31;84344832;0
472;38;42;1;81;313;0;251;54;52;618;16;50;31;84344832;0
473;34;39;76;160;313;0;250;54;52;689;18;50;31;84344832;0
474;36;42;4;0;312;0;2;54;51;689;18;50;31;84344832;0
475;38;43;1;2;311;0;255;54;51;689;18;50;31;84344832;0
476;36;41;4;0;311;0;2;54;51;589;18;50;31;84344832;0
477;37;42;1;37;311;0;252;54;51;589;18;50;31;84344832;0
478;36;38;194;435;307;0;241;53;51;167;30;50;31;84344832;0
479;34;38;235;460;301;0;0;53;51;167;30;50;31;84344832;0
480;37;42;5;0;299;0;15;53;50;167;30;50;31;84344832;0
481;37;41;21;28;302;0;1;53;50;2856;17;50;31;84344832;0
482;34;37;307;572;312;0;234;53;50;331;48;50;31;84344832;0
483;36;39;105;185;322;0;8;53;50;331;48;50;31;84344832;0
484;38;42;2;0;329;0;15;53;49;331;48;50;31;84344832;0
485;34;37;262;569;332;0;227;53;49;1931;19;50;31;84344832;0
486;37;39;96;120;332;0;15;52;49;1931;19;50;31;84344832;0
487;37;42;7;0;331;0;14;52;49;1931;19;50;31;84344832;0
488;38;43;1;5;331;0;3;52;48;1931;19;50;31;84344832;0
489;37;40;28;137;334;0;249;53;48;1931;19;50;31;84344832;0
490;35;39;100;215;338;0;247;52;48;2149;13;50;31;84344832;0
491;37;42;7;5;339;0;0;52;48;2149;13;50;31;84344832;0
492;38;43;0;0;335;0;254;53;48;2149;13;50;31;84344832;0
493;38;43;0;0;332;0;255;53;48;2149;13;50;31;84344832;0
494;38;43;0;0;332;0;253;52;48;2149;13;50;31;84344832;0
495;34;38;121;278;334;0;245;52;48;876;11;50;31;84344832;0
496;37;40;34;48;335;0;5;52;48;876;11;50;31;84344832;0
497;38;42;2;0;334;0;11;52;47;876;11;50;31;84344832;0
498;38;42;2;8;331;0;0;52;47;876;11;50;31;84344832;0
499;38;43;0;0;332;0;255;52;47;876;11;50;31;84344832;0
500;38;43;0;0;335;0;0;52;47;876;11;50;31;84344832;0
501;34;38;125;316;340;0;242;52;47;1485;9;50;31;84344832;0
502;37;42;3;0;345;0;3;52;47;1485;9;50;31;84344832;0
503;38;43;0;1;344;0;0;52;47;1485;9;50;31;84344832;0
504;38;43;4;5;340;0;0;52;47;1485;9;50;31;84344832;0
505;38;43;0;0;335;0;255;52;47;1485;9;50;31;84344832;0
506;38;42;2;69;331;0;252;52;47;1485;9;50;31;84344832;0
507;36;40;27;19;330;0;3;52;47;593;11;50;31;84344832;0
508;38;42;1;3;329;0;0;52;47;593;11;50;31;84344832;0
509;38;43;0;0;327;0;0;52;47;593;11;50;31;84344832;0
510;38;43;0;0;325;0;255;52;47;593;11;50;31;84344832;0
511;38;42;0;106;324;0;245;52;47;593;11;50;31;84344832;0
512;37;39;41;159;326;0;245;52;47;60;72;50;31;84344832;0
513;36;37;216;543;330;0;240;51;46;60;72;50;31;84344832;0
514;37;42;6;0;333;0;14;51;46;60;72;50;31;84344832;0
515;38;43;1;1;331;0;4;51;46;60;72;50;31;84344832;0
516;34;38;132;340;329;0;242;51;46;2402;15;50;31;84344832;0
517;37;42;5;2;329;0;4;51;46;2402;15;50;31;84344832;0
518;38;43;0;0;328;0;0;51;46;2402;15;50;31;84344832;0
519;36;38;94;265;325;0;242;51;46;709;18;50;31;84344832;0
520;36;41;6;0;322;0;4;51;46;709;18;50;31;84344832;0
521;37;43;0;0;318;0;0;51;46;709;18;50;31;84344832;0
522;38;43;0;0;314;0;255;51;45;709;18;50;31;84344832;0
523;34;39;87;191;309;0;252;51;45;501;16;50;31;84344832;0
524;37;41;6;0;305;0;5;50;45;501;16;50;31;84344832;0
525;38;43;1;0;300;0;0;50;45;501;16;50;31;84344832;0
526;38;41;8;114;298;0;248;51;45;501;16;50;31;84344832;0
527;34;39;74;121;298;0;0;50;45;822;15;50;31;84344832;0
528;37;42;1;0;299;0;1;50;45;822;15;50;31;84344832;0
529;38;43;1;28;298;0;250;50;45;822;15;50;31;84344832;0
530;34;39;80;174;296;0;248;50;45;623;18;50;31;84344832;0
531;37;42;2;0;295;0;2;50;45;623;18;50;31;84344832;0
532;38;43;0;0;294;0;0;50;46;623;18;50;31;84344832;0
533;38;43;0;2;293;0;0;50;46;623;18;50;31;84344832;0
534;34;38;141;322;293;0;243;50;46;608;14;50;31;84344832;0
535;37;41;10;0;293;0;9;50;46;608;14;50;31;84344832;0
536;38;43;1;2;295;0;1;50;47;608;14;50;31;84344832;0
537;38;41;15;107;301;0;250;50;48;1210;16;50;31;84344832;0
538;37;42;2;0;310;0;0;50;50;1210;16;50;31;84344832;0
539;35;39;101;209;320;0;244;50;51;94;29;50;31;84344832;0
540;36;41;11;13;328;0;0;50;52;94;29;50;31;84344832;0
541;38;42;1;0;331;0;0;50;52;94;29;50;31;84344832;0
542;38;43;0;0;331;0;0;50;52;94;29;50;31;84344832;0
543;38;43;0;0;330;0;0;50;52;94;29;50;31;84344832;0
544;39;43;0;1;330;0;255;50;52;94;29;50;31;84344832;0
545;36;39;88;212;332;0;244;50;51;639;10;50;31;84344832;0
546;34;40;59;39;334;0;5;50;51;639;10;50;31;84344832;0
547;37;42;3;0;334;0;6;51;51;914;31;50;31;84344832;0
548;38;43;0;0;331;0;0;51;51;914;31;50;31;84344832;0
549;38;43;0;0;329;0;255;51;51;914;31;50;31;84344832;0
550;38;43;0;0;330;0;255;51;51;914;31;50;31;84344832;0
551;38;43;0;1;332;0;255;51;51;914;31;50;31;84344832;0
552;38;43;0;2;334;0;255;50;50;914;31;50;31;84344832;0
553;39;43;0;2;337;0;255;50;50;914;31;50;31;84344832;0
554;39;43;0;2;340;0;255;50;50;914;31;50;31;84344832;0
555;39;43;0;3;364;0;255;50;50;0;0;50;31;84279296;0
616;40;43;0;4;335;0;255;49;49;0;0;50;31;84279296;0
640;41;43;0;4;234;0;255;48;48;0;0;50;31;84344832;0
641;41;43;0;4;232;0;255;48;48;0;0;50;31;84344832;0
642;41;43;0;4;230;0;255;48;50;0;0;50;31;84344832;0
643;41;43;0;4;229;0;255;48;51;0;0;50;31;84344832;0
644;39;40;60;114;227;0;247;48;53;0;0;50;31;84344832;0
645;35;40;15;8;226;0;0;48;54;0;0;50;31;84344832;0
646;37;42;1;0;227;0;0;48;55;0;0;50;31;84344832;0
647;38;43;0;0;234;0;0;48;55;0;0;50;31;84344832;0
648;38;43;0;2;244;0;255;48;56;0;0;50;31;84344832;0
649;38;43;0;3;257;0;0;48;56;0;0;50;31;84344832;0
650;38;43;3;8;267;0;0;48;56;0;0;50;31;84344832;0
651;38;43;0;4;279;0;0;48;56;0;0;50;31;84344832;0
652;36;39;45;97;291;0;250;49;55;520;7;50;31;84344832;0
653;35;40;14;2;300;0;3;49;56;520;7;50;31;84344832;0
654;37;42;1;0;312;0;0;49;57;520;7;50;31;84344832;0
655;37;43;0;1;316;0;254;49;57;520;7;50;31;84344832;0
656;35;39;41;58;314;0;254;49;57;322;16;50;31;84344832;0
657;36;42;2;0;313;0;1;49;58;322;16;50;31;84344832;0
658;37;43;0;0;312;0;0;49;58;322;16;50;31;84344832;0
659;37;43;0;0;311;0;0;49;58;322;16;50;31;84344832;0
660;37;43;0;3;310;0;255;49;58;322;16;50;31;84344832;0
661;38;43;0;4;310;0;0;49;58;322;16;50;31;84344832;0
662;38;41;18;184;310;0;244;49;58;322;16;50;31;84344832;0
663;35;40;20;6;312;0;1;50;58;290;9;50;31;84344832;0
664;37;42;1;0;315;0;1;50;59;290;9;50;31;84344832;0
665;38;42;0;0;317;0;0;50;59;290;9;50;31;84344832;0
666;35;39;56;98;319;0;252;50;59;443;17;50;31;84344832;0
667;36;42;3;0;321;0;3;50;59;443;17;50;31;84344832;0
668;37;42;0;0;322;0;0;50;59;443;17;50;31;84344832;0
669;38;43;0;1;322;0;248;50;58;443;17;50;31;84344832;0
670;34;39;56;105;323;0;253;51;58;346;16;50;31;84344832;0
671;37;42;2;0;323;0;3;51;58;346;16;50;31;84344832;0
672;37;43;0;0;322;0;6;51;58;346;16;50;31;84344832;0
673;38;41;8;71;320;0;249;51;58;444;15;50;31;84344832;0
674;37;39;100;200;319;0;252;51;58;444;15;50;31;84344832;0
675;37;41;5;0;319;0;5;52;57;444;15;50;31;84344832;0
676;38;42;0;0;317;0;3;52;57;444;15;50;31;84344832;0
677;38;43;0;4;315;0;255;51;57;444;15;50;31;84344832;0
678;34;39;49;77;313;0;0;52;56;1164;13;50;31;84344832;0
679;37;42;2;0;312;0;4;52;56;1164;13;50;31;84344832;0
680;38;42;0;0;310;0;255;52;56;1164;13;50;31;84344832;0
681;38;43;0;0;310;0;255;51;56;1164;13;50;31;84344832;0
682;38;43;0;0;310;0;255;51;56;1164;13;50;31;84344832;0
683;38;42;1;38;311;0;0;51;56;1164;13;50;31;84344832;0
684;38;42;2;0;313;0;252;51;56;1164;13;50;31;84344832;0
685;34;38;94;247;317;0;243;51;56;441;9;50;31;84344832;0
686;36;39;64;101;324;0;4;52;55;441;9;50;31;84344832;0
687;38;42;1;0;327;0;6;52;55;441;9;50;31;84344832;0
688;38;42;0;2;327;0;0;52;55;441;9;50;31;84344832;0
689;34;38;120;284;327;0;243;52;55;1336;13;50;31;84344832;0
690;36;40;22;30;327;0;1;52;54;1336;13;50;31;84344832;0
691;38;42;1;0;324;0;5;52;54;1336;13;50;31;84344832;0
692;38;43;0;0;320;0;1;52;54;1336;13;50;31;84344832;0
693;38;42;1;44;317;0;254;52;54;1336;13;50;31;84344832;0
694;34;38;122;290;314;0;247;52;54;846;13;50;31;84344832;0
695;37;40;17;18;312;0;2;52;54;846;13;50;31;84344832;0
696;38;42;1;0;309;0;4;52;53;846;13;50;31;84344832;0
697;38;43;0;0;306;0;0;52;53;846;13;50;31;84344832;0
698;37;39;57;264;302;0;239;52;53;1103;13;50;31;84344832;0
699;36;40;33;40;300;0;2;52;53;1103;13;50;31;84344832;0
700;38;42;2;0;298;0;6;52;53;1103;13;50;31;84344832;0
701;38;43;1;2;300;0;0;52;53;1103;13;50;31;84344832;0
702;34;38;144;336;304;0;239;52;53;944;15;50;31;84344832;0
703;37;40;20;28;309;0;2;52;52;944;15;50;31;84344832;0
704;38;42;3;8;312;0;0;52;52;944;15;50;31;84344832;0
705;38;43;0;0;315;0;7;52;52;944;15;50;31;84344832;0
706;38;43;0;0;320;0;0;52;52;944;15;50;31;84344832;0
707;36;39;70;59;326;0;7;52;52;1115;12;50;31;84344832;0
708;38;42;3;0;331;0;4;52;52;1115;12;50;31;84344832;0
709;38;42;2;0;334;0;255;52;51;1115;12;50;31;84344832;0
710;34;38;175;408;337;0;244;52;51;787;20;50;31;84344832;0
711;37;41;7;0;339;0;8;52;51;787;20;50;31;84344832;0
712;38;43;1;0;338;0;5;52;51;787;20;50;31;84344832;0
713;38;42;1;0;336;0;0;52;51;787;20;50;31;84344832;0
714;34;38;214;542;335;0;236;52;50;1502;13;50;31;84344832;0
715;37;41;17;15;334;0;7;52;50;1502;13;50;31;84344832;0
716;38;42;4;0;330;0;3;52;50;1248;37;50;31;84344832;0
717;38;43;0;0;326;0;1;52;50;1248;37;50;31;84344832;0
718;38;42;1;0;323;0;255;52;50;1248;37;50;31;84344832;0
719;34;38;180;470;323;0;243;52;50;114;18;50;31;84344832;0
720;37;42;6;10;322;0;0;52;50;114;18;50;31;84344832;0
721;38;42;2;0;321;0;6;52;49;114;18;50;31;84344832;0
722;38;43;6;4;322;0;255;52;49;114;18;50;31;84344832;0
723;38;43;0;0;326;0;1;51;49;114;18;50;31;84344832;0
724;38;43;0;3;330;0;255;51;49;114;18;50;31;84344832;0
725;38;43;0;0;336;0;255;51;49;114;18;50;31;84344832;0
726;38;43;1;0;342;0;255;51;49;114;18;50;31;84344832;0
727;36;37;225;615;348;0;235;51;49;1424;7;50;31;84344832;0
728;37;39;129;318;352;0;5;51;49;1424;7;50;31;84344832;0
729;37;42;2;0;349;0;11;51;48;1424;7;50;31;84344832;0
730;38;43;0;0;342;0;4;51;48;1424;7;50;31;84344832;0
731;38;43;0;0;334;0;255;51;48;1424;7;50;31;84344832;0
732;34;38;194;575;328;0;236;51;48;2799;11;50;31;84344832;0
733;37;41;15;15;323;0;6;51;48;2799;11;50;31;84344832;0
734;38;43;1;0;317;0;6;51;48;2799;11;50;31;84344832;0
735;38;42;1;2;313;0;0;51;47;2799;11;50;31;84344832;0
736;37;38;188;531;312;0;244;50;47;1501;15;50;31;84344832;0
737;37;41;8;1;311;0;7;50;47;1501;15;50;31;84344832;0
738;38;43;1;0;309;0;3;50;47;1501;15;50;31;84344832;0
739;38;43;0;0;309;0;255;50;47;1501;15;50;31;84344832;0
740;34;38;179;471;312;0;247;50;47;1792;14;50;31;84344832;0
741;37;42;5;1;315;0;3;50;47;1792;14;50;31;84344832;0
742;38;42;6;6;315;0;0;50;47;1209;31;50;31;84344832;0
743;38;43;0;0;315;0;255;50;47;1209;31;50;31;84344832;0
744;38;43;0;0;316;0;255;50;47;1209;31;50;31;84344832;0
745;38;43;0;0;318;0;255;50;47;1209;31;50;31;84344832;0
746;38;43;0;1;320;0;255;50;47;1209;31;50;31;84344832;0
747;38;43;0;1;322;0;255;50;47;1209;31;50;31;84344832;0
748;38;43;0;2;322;0;255;50;47;1209;31;50;31;84344832;0
749;38;43;0;2;323;0;255;50;47;1209;31;50;31;84344832;0
750;38;43;0;3;324;0;255;50;47;1209;31;50;31;84344832;0
751;38;43;0;3;326;0;255;50;48;1209;31;50;31;84344832;0
752;38;43;0;4;328;0;255;49;50;1209;31;50;31;84344832;0
753;38;43;0;4;331;0;255;49;52;1209;31;50;31;84344832;0
754;39;43;0;5;334;0;255;49;52;1209;31;50;31;84344832;0
755;39;43;0;5;338;0;255;49;52;1209;31;50;31;84344832;0
756;39;43;0;5;343;0;255;49;52;1209;31;50;31;84344832;0
757;39;43;0;5;347;0;255;49;52;1209;31;50;31;84344832;0
758;39;43;0;5;352;0;255;49;52;1209;31;50;31;84344832;0
759;39;43;0;6;358;0;255;49;52;1209;31;50;31;84344832;0
760;39;43;0;6;364;0;255;49;52;0;0;50;31;84353024;0
761;39;43;0;6;370;0;255;49;52;0;0;50;31;84353024;0
762;39;43;0;6;376;0;255;49;52;0;0;50;31;84353024;0
763;39;43;0;6;382;0;255;49;52;0;0;50;31;84353024;0
764;39;43;0;6;389;0;255;49;52;0;0;50;31;84353024;0
765;39;43;0;6;396;0;255;48;52;0;0;50;31;84353024;0
766;39;43;0;6;403;0;255;48;52;0;0;50;31;84353024;0
767;39;43;0;7;410;0;255;48;52;0;0;50;31;84353024;0
768;39;43;0;6;417;0;255;48;52;0;0;50;31;84353024;0
769;39;43;0;7;424;0;255;48;52;0;0;50;31;84353024;0
770;39;43;0;6;431;0;255;48;52;0;0;50;31;84353024;0
771;39;43;0;6;459;0;255;48;52;0;0;50;31;84279296;0
800;40;43;0;5;533;0;255;48;51;0;0;50;31;84344832;0
801;34;37;263;630;510;0;224;48;51;0;0;50;31;84344832;0
802;37;40;93;88;505;0;26;48;50;0;0;50;31;84344832;0
803;37;42;2;1;491;0;12;48;50;0;0;50;31;84344832;0
804;37;41;20;92;469;0;253;48;50;3228;17;50;31;84344832;0
805;33;37;385;828;450;0;228;48;49;3228;17;50;31;84344832;0
806;37;41;15;1;432;0;25;48;49;3228;17;50;31;84344832;0
807;38;43;1;13;415;0;6;48;50;3228;17;50;31;84344832;0
808;38;42;3;6;397;0;0;48;51;3228;17;50;31;84344832;0
809;34;37;219;752;382;0;223;48;53;3530;12;50;31;84344832;0
810;34;38;263;711;370;0;249;48;54;3530;12;50;31;84344832;0
811;37;42;3;0;358;0;17;49;55;3530;12;50;31;84344832;0
812;38;42;3;19;343;0;2;49;56;3530;12;50;31;84344832;0
813;34;37;310;899;334;0;216;49;56;3501;14;50;31;84344832;0
814;37;40;79;186;330;0;10;50;56;3501;14;50;31;84344832;0
815;37;40;33;75;326;0;3;50;57;3501;14;50;31;84344832;0
816;34;37;312;798;320;0;222;51;58;3501;14;50;31;84344832;0
817;37;40;26;147;315;0;7;51;58;3501;14;50;31;84344832;0
818;37;41;21;42;309;0;254;52;57;4874;13;50;31;84344832;0
819;34;38;190;442;306;0;244;52;57;4874;13;50;31;84344832;0
820;37;41;15;2;303;0;11;52;56;4874;13;50;31;84344832;0
821;38;43;2;3;300;0;4;52;56;4874;13;50;31;84344832;0
822;34;38;272;633;301;0;227;52;55;2110;13;50;31;84344832;0
823;37;41;23;16;305;0;19;52;55;2110;13;50;31;84344832;0
824;36;40;30;51;307;0;2;52;54;2152;30;50;31;84344832;0
825;36;39;155;301;310;0;240;52;54;268;36;50;31;84344832;0
826;37;41;12;0;312;0;8;52;54;268;36;50;31;84344832;0
827;38;43;6;16;311;0;254;52;53;268;36;50;31;84344832;0
828;34;39;121;256;312;0;250;52;53;818;25;50;31;84344832;0
829;38;43;2;0;314;0;4;52;53;818;25;50;31;84344832;0
830;35;39;117;254;316;0;242;52;52;908;21;50;31;84344832;0
831;35;40;63;63;316;0;3;52;52;908;21;50;31;84344832;0
832;38;43;2;4;316;0;2;53;52;908;21;50;31;84344832;0
833;34;39;121;285;315;0;243;52;52;1008;20;50;31;84344832;0
834;36;40;29;30;316;0;4;53;51;1008;20;50;31;84344832;0
835;38;43;1;0;317;0;2;52;51;1008;20;50;31;84344832;0
836;34;39;125;289;315;0;244;53;51;1012;19;50;31;84344832;0
837;35;40;60;137;314;0;0;52;51;1012;19;50;31;84344832;0
838;38;42;2;0;313;0;7;52;50;1012;19;50;31;84344832;0
839;38;43;1;2;312;0;0;52;50;1012;19;50;31;84344832;0
840;34;39;121;284;313;0;246;52;50;1141;16;50;31;84344832;0
841;37;41;11;1;312;0;6;52;50;1141;16;50;31;84344832;0
842;38;43;1;2;311;0;1;52;50;1141;16;50;31;84344832;0
843;37;39;104;256;310;0;243;52;49;1097;16;50;31;84344832;0
844;34;39;84;184;309;0;252;52;49;1097;16;50;31;84344832;0
845;37;43;2;0;308;0;5;52;49;1097;16;50;31;84344832;0
846;38;41;11;178;307;0;243;52;49;1097;16;50;31;84344832;0
847;37;39;129;292;305;0;249;52;49;990;18;50;31;84344832;0
848;37;42;5;0;303;0;8;52;49;990;18;50;31;84344832;0
849;38;43;1;11;302;0;0;52;48;990;18;50;31;84344832;0
850;34;39;113;265;302;0;247;52;48;1277;18;50;31;84344832;0
851;37;42;5;0;303;0;8;52;48;1277;18;50;31;84344832;0
852;38;43;1;0;303;0;0;52;48;1277;18;50;31;84344832;0
853;34;39;131;290;305;0;242;52;48;983;17;50;31;84344832;0
854;37;41;20;20;307;0;5;51;48;983;17;50;31;84344832;0
855;38;42;5;1;310;0;1;51;48;989;27;50;31;84344832;0
856;38;42;7;0;311;0;1;51;47;989;27;50;31;84344832;0
857;34;38;142;332;312;0;243;51;47;187;28;50;31;84344832;0
858;37;42;4;0;314;0;13;51;47;187;28;50;31;84344832;0
859;37;40;38;115;316;0;253;51;47;797;25;50;31;84344832;0
860;34;39;128;294;319;0;248;51;47;797;25;50;31;84344832;0
861;37;41;17;38;322;0;3;51;47;797;25;50;31;84344832;0
862;38;43;1;4;322;0;2;51;46;797;25;50;31;84344832;0
863;38;43;0;0;322;0;0;51;46;797;25;50;31;84344832;0
864;34;38;138;332;320;0;243;51;46;1458;13;50;31;84344832;0
865;37;42;9;0;319;0;10;50;46;1458;13;50;31;84344832;0
866;38;43;1;4;317;0;0;51;46;1458;13;50;31;84344832;0
867;35;39;112;247;316;0;243;51;46;1166;17;50;31;84344832;0
868;34;39;104;204;316;0;0;50;46;1166;17;50;31;84344832;0
869;38;43;2;0;315;0;4;50;46;1166;17;50;31;84344832;0
870;38;43;0;1;314;0;255;50;46;1166;17;50;31;84344832;0
871;34;39;116;270;314;0;246;50;46;1264;16;50;31;84344832;0
872;37;42;2;0;315;0;7;50;46;1264;16;50;31;84344832;0
873;38;43;0;2;314;0;0;50;47;1264;16;50;31;84344832;0
874;34;39;122;310;314;0;241;50;48;781;19;50;31;84344832;0
875;37;41;26;28;313;0;6;50;49;781;19;50;31;84344832;0
876;38;43;1;0;312;0;3;50;49;781;19;50;31;84344832;0
877;38;42;3;103;311;0;245;50;49;781;19;50;31;84344832;0
878;34;39;143;340;311;0;245;50;48;1277;15;50;31;84344832;0
879;37;41;19;13;310;0;6;50;48;1277;15;50;31;84344832;0
880;38;43;1;0;310;0;2;50;48;1277;15;50;31;84344832;0
881;38;43;0;0;311;0;0;50;49;1277;15;50;31;84344832;0
882;34;39;118;281;313;0;245;50;49;1563;14;50;31;84344832;0
883;36;41;24;24;314;0;2;50;49;1563;14;50;31;84344832;0
884;38;43;7;18;313;0;3;50;48;1563;14;50;31;84344832;0
885;38;41;16;187;311;0;245;50;48;1563;14;50;31;84344832;0
886;34;39;112;255;308;0;249;50;48;1173;16;50;31;84344832;0
887;37;42;5;0;304;0;8;50;48;1173;16;50;31;84344832;0
888;38;43;1;2;301;0;0;50;48;1173;16;50;31;84344832;0
889;38;43;1;6;298;0;237;50;48;1173;16;50;31;84344832;0
890;37;41;9;8;295;0;4;50;47;1191;14;50;31;84344832;0
891;38;43;1;0;294;0;5;50;47;1191;14;50;31;84344832;0
892;38;43;1;0;296;0;3;50;47;1191;14;50;31;84344832;0
893;38;43;0;0;299;0;0;50;47;1191;14;50;31;84344832;0
894;39;43;0;0;304;0;255;50;47;1191;14;50;31;84344832;0
895;34;38;141;303;310;0;240;50;47;624;10;50;31;84344832;0
896;37;41;9;20;318;0;1;50;47;624;10;50;31;84344832;0
897;34;38;147;387;325;0;238;50;47;647;36;50;31;84344832;0
898;37;40;36;22;329;0;8;50;47;647;36;50;31;84344832;0
899;38;42;5;40;328;0;251;50;47;647;36;50;31;84344832;0
900;34;39;136;306;327;0;250;50;48;1698;20;50;31;84344832;0
901;38;43;2;0;327;0;3;50;50;1698;20;50;31;84344832;0
902;36;39;84;236;325;0;244;50;51;976;22;50;31;84344832;0
903;35;40;51;31;325;0;8;50;51;976;22;50;31;84344832;0
904;38;43;2;5;324;0;2;50;51;976;22;50;31;84344832;0
905;38;43;2;0;320;0;4;50;51;976;22;50;31;84344832;0
906;34;38;130;326;318;0;243;50;51;1058;15;50;31;84344832;0
907;37;41;20;7;316;0;6;50;51;1058;15;50;31;84344832;0
908;38;43;2;13;314;0;0;51;51;1058;15;50;31;84344832;0
909;34;38;140;341;312;0;241;51;51;1118;19;50;31;84344832;0
910;37;41;15;24;311;0;4;51;50;1118;19;50;31;84344832;0
911;38;43;1;1;310;0;0;51;50;1118;19;50;21;84344832;0
912;34;39;134;326;312;0;243;51;50;1048;20;50;21;84344832;0
913;37;41;11;2;315;0;7;51;50;1048;20;50;21;84344832;0
914;38;43;1;15;317;0;0;51;49;1048;20;50;21;84344832;0
915;34;39;108;341;316;0;245;51;49;1170;20;50;21;84344832;0
916;37;42;4;0;313;0;6;51;49;1170;20;50;21;84344832;0
917;38;42;2;33;306;0;0;51;49;1170;20;50;21;84344832;0
918;34;38;89;365;297;0;247;51;49;1050;20;50;21;84344832;0
919;37;42;3;0;287;0;5;51;48;1050;20;50;21;84344832;0
920;38;43;1;15;275;0;247;51;48;1050;20;50;21;84344832;0
921;34;38;95;388;264;0;244;51;48;1033;19;50;21;84344832;0
922;37;42;5;0;256;0;6;51;48;1033;19;66;21;84344832;0
923;38;43;1;5;247;0;255;51;48;1033;19;66;21;84344832;0
924;34;38;87;374;239;0;245;51;49;1078;18;66;21;84344832;0
925;35;39;61;166;233;0;8;51;50;1078;18;66;21;84344832;0
926;38;42;4;33;227;0;1;51;52;1078;18;66;21;84344832;0
927;38;43;2;0;221;0;3;51;54;1525;21;66;21;84344832;0
928;38;43;0;0;215;0;0;51;55;1525;21;66;21;84344832;0
929;34;39;83;215;210;0;5;51;57;185;24;66;21;84344832;0
930;37;42;3;28;207;0;2;51;59;185;24;66;21;84344832;0
931;38;39;22;233;205;0;244;51;60;878;22;66;21;84344832;0
932;35;40;34;42;204;0;6;53;62;878;22;66;21;84344832;0
933;38;43;1;1;204;0;1;53;63;878;22;66;21;84344832;0
934;35;39;88;341;204;0;245;53;65;1146;22;66;21;84344832;0
935;36;42;8;0;206;0;7;55;66;1146;22;66;21;84344832;0
936;38;43;1;7;208;0;255;54;67;1146;22;66;21;84344832;0
937;35;39;81;341;207;0;244;55;69;1086;19;55;21;84344832;0
938;34;40;45;77;204;0;5;56;70;1086;19;55;21;84344832;0
939;37;43;1;4;202;0;3;57;70;1086;19;55;21;84344832;0
940;38;42;3;205;199;0;243;56;70;1086;19;55;21;84344832;0
941;34;39;83;296;196;0;251;57;70;1379;16;55;21;84344832;0
942;37;42;2;0;194;0;5;58;69;1379;16;55;21;84344832;0
943;38;43;1;8;193;0;255;57;69;1379;16;55;21;84344832;0
944;37;38;86;382;195;0;239;57;68;1043;15;55;21;84344832;0
945;34;39;79;255;198;0;0;58;68;1043;15;55;21;84344832;0
946;38;42;2;0;201;0;2;59;67;1043;15;55;21;84344832;0
947;38;43;1;0;203;0;255;58;67;1043;15;55;21;84344832;0
948;38;43;0;47;206;0;254;58;66;1043;15;55;21;84344832;0
949;34;38;93;360;211;0;246;58;66;1283;13;55;21;84344832;0
950;37;42;3;2;216;0;4;59;66;1283;13;55;21;84344832;0
951;38;43;1;23;216;0;0;59;65;1283;13;55;21;84344832;0
952;38;39;42;304;214;0;242;59;65;1143;15;55;21;84344832;0
953;34;39;75;314;212;0;250;59;65;1143;15;55;21;84344832;0
954;37;42;4;23;210;0;1;59;64;1143;15;55;21;84344832;0
955;38;43;2;9;207;0;253;59;64;1143;15;55;21;84344832;0
956;38;43;1;0;204;0;255;59;64;1143;15;55;21;84344832;0
957;38;43;0;0;201;0;255;59;63;1143;15;55;21;84344832;0
958;39;43;0;0;221;0;255;58;63;0;0;55;21;84279296;0
1019;41;43;0;4;276;0;255;54;58;0;0;55;21;84279296;0
1035;41;43;0;4;243;0;255;53;57;0;0;55;21;84344832;0
1036;41;43;0;4;222;0;255;53;57;0;0;55;21;84344832;0
1037;41;43;0;4;220;0;246;53;57;0;0;55;21;84344832;0
1038;36;40;19;8;219;0;0;54;57;0;0;55;21;84344832;0
1039;35;42;2;0;217;0;2;54;58;0;0;55;21;84344832;0
1040;34;38;135;495;215;0;239;54;58;447;22;55;21;84344832;0
1041;37;41;9;22;216;0;0;54;59;447;22;55;21;84344832;0
1042;37;38;114;479;219;0;235;54;60;817;25;55;21;84344832;0
1043;37;40;25;85;228;0;3;55;61;817;25;55;21;84344832;0
1044;38;41;6;1;235;0;1;55;62;817;25;55;21;84344832;0
1045;34;39;66;214;240;0;254;55;63;1311;24;55;21;84344832;0
1046;37;42;3;0;243;0;4;56;63;1311;24;55;21;84344832;0
1047;38;43;0;0;241;0;3;55;63;1311;24;55;21;84344832;0
1048;38;43;0;1;237;0;3;55;62;1311;24;55;21;84344832;0
1049;38;43;0;49;232;0;248;55;62;1311;24;55;21;84344832;0
1050;35;39;62;282;230;0;246;55;62;851;12;55;21;84344832;0
1051;34;40;46;146;228;0;0;56;62;851;12;55;21;84344832;0
1052;37;42;2;0;224;0;5;56;61;851;12;55;21;84344832;0
1053;38;43;0;0;219;0;5;56;61;851;12;55;21;84344832;0
1054;38;43;0;0;216;0;5;56;61;851;12;55;21;84344832;0
1055;37;38;66;407;217;0;238;56;61;1304;10;55;21;84344832;0
1056;34;38;107;425;218;0;248;56;60;1304;10;55;21;84344832;0
1057;37;41;10;4;219;0;6;57;60;1304;10;55;21;84344832;0
1058;38;43;1;0;218;0;4;56;59;1304;10;55;21;84344832;0
1059;38;43;0;0;215;0;3;56;59;1304;10;55;21;84344832;0
1060;38;40;10;109;213;0;251;56;59;1728;12;55;21;84344832;0
1061;36;39;36;258;213;0;242;57;59;1728;12;55;21;84344832;0
1062;34;39;75;314;214;0;248;57;58;1728;12;55;21;84344832;0
1063;37;42;3;0;214;0;6;57;58;1728;12;55;21;84344832;0
1064;38;43;0;0;211;0;6;57;58;1728;12;55;21;84344832;0
1065;38;42;2;21;209;0;0;57;58;1457;12;55;21;84344832;0
1066;34;38;133;540;207;0;237;57;57;157;65;55;21;84344832;0
1067;36;39;64;181;206;0;7;57;57;157;65;55;21;84344832;0
1068;38;42;4;0;206;0;5;57;57;157;65;55;21;84344832;0
1069;38;43;0;0;207;0;9;57;56;157;65;55;21;84344832;0
1070;38;43;0;0;209;0;6;56;56;157;65;55;21;84344832;0
1071;38;43;1;11;212;0;254;56;56;157;65;55;21;84344832;0
1072;34;39;58;251;216;0;247;56;56;1724;11;55;21;84344832;0
1073;34;39;78;306;220;0;249;57;56;1724;11;55;21;84344832;0
1074;34;39;68;271;220;0;252;57;55;1724;11;55;21;84344832;0
1075;35;40;36;94;217;0;3;57;55;1724;11;55;21;84344832;0
1076;37;42;2;0;214;0;4;57;54;1724;11;55;21;84344832;0
1077;38;43;0;0;211;0;5;57;54;1724;11;55;21;84344832;0
1078;38;43;0;0;209;0;5;56;54;1724;11;55;21;84344832;0
1079;38;43;0;1;210;0;3;56;54;1724;11;55;21;84344832;0
1080;39;43;0;2;212;0;3;56;54;1724;11;55;21;84344832;0
1081;39;43;0;2;215;0;0;56;54;1724;11;55;21;84344832;0
1082;39;40;12;216;218;0;245;56;54;2808;6;55;21;84344832;0
1083;34;38;131;571;223;0;241;56;54;2808;6;55;21;84344832;0
1084;35;38;114;484;227;0;253;55;53;2808;6;55;21;84344832;0
1085;37;40;33;110;227;0;7;55;53;2808;6;55;21;84344832;0
1086;38;41;9;31;225;0;0;56;52;2808;6;55;21;84344832;0
1087;38;43;1;0;222;0;3;56;52;2808;6;55;21;84344832;0
1088;38;43;0;0;222;0;7;56;52;2808;6;55;21;84344832;0
1089;38;43;0;0;224;0;6;55;52;2808;6;55;21;84344832;0
1090;38;43;0;1;227;0;5;55;52;2808;6;55;21;84344832;0
1091;39;43;0;1;230;0;3;55;52;2808;6;55;21;84344832;0
1092;39;43;0;2;233;0;0;55;52;2808;6;55;21;84344832;0
1093;38;42;5;0;236;0;255;55;52;3783;6;55;21;84344832;0
1094;38;43;1;0;240;0;255;55;52;3783;6;55;21;84344832;0
1095;38;43;0;0;246;0;255;55;52;3783;6;55;21;84344832;0
1096;38;42;2;78;252;0;249;55;52;3783;6;55;21;84344832;0
1097;35;39;48;217;255;0;247;55;52;53;16;55;21;84344832;0
1098;34;39;61;248;255;0;250;55;52;53;16;55;21;84344832;0
1099;35;39;44;267;249;0;247;55;51;53;16;55;21;84344832;0
1100;35;40;39;105;240;0;0;55;51;53;16;55;21;84344832;0
1101;37;42;2;0;233;0;5;55;51;53;16;55;21;84344832;0
1102;38;43;0;0;225;0;4;55;51;53;16;55;21;84344832;0
1103;38;43;0;0;219;0;3;55;52;53;16;55;21;84344832;0
1104;38;43;0;1;215;0;2;55;54;53;16;55;21;84344832;0
1105;38;43;0;2;214;0;255;55;56;53;16;55;21;84344832;0
1106;35;39;71;294;216;0;245;55;56;2191;6;55;21;84344832;0
1107;34;39;68;284;219;0;250;55;57;2191;6;55;21;84344832;0
1108;34;39;66;278;219;0;252;55;57;2191;6;55;21;84344832;0
1109;35;40;30;131;216;0;255;56;56;2191;6;55;21;84344832;0
1110;37;42;3;3;211;0;0;56;56;2191;6;55;21;84344832;0
1111;38;43;0;0;209;0;5;56;56;2191;6;55;21;84344832;0
1112;38;43;0;0;208;0;5;56;55;2191;6;55;21;84344832;0
1113;38;43;0;0;209;0;4;56;55;2191;6;55;21;84344832;0
1114;38;43;0;1;210;0;3;55;55;2191;6;55;21;84344832;0
1115;39;43;0;1;212;0;3;55;55;2191;6;55;21;84344832;0
1116;39;43;0;2;215;0;0;55;55;2191;6;55;21;84344832;0
1117;39;43;0;29;219;0;254;55;55;2191;6;55;21;84344832;0
1118;35;39;59;260;224;0;246;55;55;2694;5;55;21;84344832;0
1119;34;39;72;300;230;0;249;55;55;2694;5;55;21;84344832;0
1120;34;39;67;293;230;0;250;56;54;2694;5;55;21;84344832;0
1132;34;38;110;476;227;0;248;55;52;3547;5;55;21;84344832;0
1133;34;39;104;452;229;0;251;54;52;3547;5;55;21;84344832;0
1134;36;40;45;171;227;0;4;54;51;3547;5;55;21;84344832;0
1135;37;41;9;24;223;0;2;54;52;3547;5;55;21;84344832;0
1136;38;43;0;0;219;0;0;54;53;3547;5;55;21;84344832;0
1137;38;43;0;0;216;0;255;54;54;3547;5;55;21;84344832;0
1138;38;43;0;0;217;0;255;54;56;3547;5;55;21;84344832;0
1139;38;43;0;0;218;0;255;54;57;3547;5;55;21;84344832;0
1140;38;43;0;0;221;0;255;54;57;3547;5;55;21;84344832;0
1141;39;43;0;0;224;0;255;54;57;3547;5;55;21;84344832;0
1142;39;43;0;1;228;0;255;54;57;3547;5;55;21;84344832;0
1143;39;43;0;2;235;0;255;54;57;3547;5;55;21;84344832;0
1144;39;43;0;2;241;0;255;54;57;3547;5;55;21;84344832;0
1145;39;43;0;3;248;0;255;54;57;3547;5;55;21;84344832;0
1146;39;43;0;3;256;0;255;54;57;3547;5;55;21;84344832;0
1147;39;43;0;4;264;0;255;54;57;3547;5;55;21;84344832;0
1148;39;43;0;4;272;0;255;54;57;3547;5;55;21;84344832;0
1149;39;43;0;4;281;0;255;54;56;0;0;55;21;84353024;0
1150;39;43;0;5;288;0;255;54;56;0;0;55;21;84353024;0
1151;39;43;0;5;295;0;255;54;56;0;0;55;21;84353024;0
1152;39;43;0;5;303;0;255;54;56;0;0;55;21;84353024;0
1153;39;43;0;5;311;0;255;54;56;0;0;55;21;84353024;0
1154;39;43;0;5;339;0;255;54;56;0;0;55;21;84279296;0
1215;41;43;0;5;277;0;255;52;54;0;0;55;21;84279296;0
