# time;P_O2, atm;P_He, atm;Flow O2, l/min;Flow He, l/min;FiO2 Env, %;FiO2 sens2, %;P mask, cm H2O;Tmask, gradC;Tnagr, gradC;V, ml;f, 1/min;Tzad, gradC;FiO2 zad, %;Flags;
# POWERON 16.04.2020 17:28:02
1;0;0;0;3;0;0;0;20;19;0;0;65;25;84279808;0
50;0;0;0;4;656;0;247;21;20;0;0;65;25;84279301;0
111;0;0;0;4;210;0;255;21;20;0;0;65;25;84279301;0
143;0;38;0;4;210;0;255;22;20;0;0;65;25;84279297;0
204;10;37;0;4;210;0;255;22;20;0;0;65;25;84279297;0
# POWERON 16.04.2020 17:36:14
1;44;36;0;4;0;0;0;22;21;0;0;65;25;84279808;0
2;44;36;0;4;115;0;0;22;21;0;0;65;25;84279296;0
63;44;36;0;4;211;0;255;23;21;0;0;65;25;84279296;0
124;44;36;0;5;212;0;255;23;22;0;0;90;27;84279296;0
152;44;36;0;5;192;0;255;23;22;0;0;90;27;84344832;0
153;44;36;0;4;193;0;254;23;23;0;0;90;27;84344832;0
154;43;35;73;181;192;0;249;23;24;0;0;90;27;84344832;0
155;44;36;19;1;192;0;4;23;27;0;0;90;27;84344832;0
156;44;36;2;0;193;0;2;23;29;0;0;90;27;84344832;0
157;44;36;0;1;194;0;1;23;31;0;0;90;27;84344832;0
158;42;35;83;283;197;0;243;23;34;796;13;90;27;84344832;0
159;42;36;92;173;201;0;254;24;36;796;13;90;27;84344832;0
160;44;36;9;0;206;0;2;24;38;796;13;90;27;84344832;0
161;44;36;3;15;209;0;0;24;40;796;13;90;27;84344832;0
162;43;36;1;1;215;0;255;24;42;796;13;90;27;84344832;0
163;43;36;14;51;223;0;251;24;44;1101;12;90;27;84344832;0
164;44;36;9;2;231;0;0;25;46;1101;12;90;27;84344832;0
165;44;36;1;0;239;0;2;25;47;1101;12;90;27;84344832;0
166;44;36;0;0;247;0;255;25;49;1101;12;90;27;84344832;0
167;42;35;173;320;252;0;244;26;51;263;15;90;27;84344832;0
168;44;36;30;29;254;0;5;29;53;263;15;90;27;84344832;0
169;44;36;2;2;254;0;1;29;54;263;15;90;27;84344832;0
170;44;36;1;27;254;0;253;29;55;263;15;90;27;84344832;0
171;42;36;106;203;257;0;250;30;57;1235;16;90;27;84344832;0
172;44;37;12;2;261;0;4;32;58;1235;16;90;27;84344832;0
173;44;36;3;3;265;0;255;32;60;1235;16;90;27;84344832;0
174;44;36;0;3;269;0;255;32;61;1235;16;90;27;84344832;0
175;43;36;0;0;273;0;255;31;63;1235;16;90;27;84344832;0
176;42;35;177;341;276;0;245;33;64;1073;11;90;27;84344832;0
177;43;36;48;96;278;0;2;36;65;1073;11;90;27;84344832;0
178;44;36;2;0;280;0;2;37;66;1073;11;90;27;84344832;0
179;44;36;0;0;282;0;0;36;68;1073;11;90;27;84344832;0
180;42;35;120;271;284;0;242;36;69;1600;13;90;27;84344832;0
181;43;36;62;129;286;0;0;40;70;1600;13;90;27;84344832;0
182;44;36;5;1;287;0;0;41;71;1600;13;90;27;84344832;0
183;44;36;1;40;287;0;253;40;72;1600;13;90;27;84344832;0
184;43;36;1;0;287;0;255;40;74;1074;17;90;27;84344832;0
185;44;36;2;0;287;0;255;39;75;1074;17;90;27;84344832;0
186;42;36;118;278;288;0;246;40;76;152;23;90;27;84344832;0
187;44;36;15;24;288;0;0;43;77;152;23;90;27;84344832;0
188;44;36;2;0;288;0;255;43;78;152;23;90;27;84344832;0
189;44;36;0;0;288;0;0;42;79;152;23;90;27;84344832;0
190;42;36;102;236;289;0;247;44;80;775;15;90;27;84344832;0
191;44;36;20;41;289;0;0;47;81;775;15;90;27;84344832;0
192;44;36;2;0;288;0;1;47;82;775;15;90;27;84344832;0
193;44;36;0;0;288;0;0;46;83;775;15;90;27;84344832;0
194;44;36;0;0;287;0;0;45;84;775;15;90;27;84344832;0
195;43;36;0;0;287;0;255;45;86;775;15;90;27;84344832;0
196;42;35;157;384;287;0;248;47;86;1020;10;90;27;84344832;0
197;43;36;65;130;287;0;3;52;87;1020;10;90;27;84344832;0
198;44;36;2;1;287;0;4;52;88;1020;10;90;27;84344832;0
199;44;36;1;1;286;0;0;51;89;1020;10;90;27;84344832;0
200;43;36;2;92;287;0;233;51;90;1020;10;90;27;84344832;0
201;43;36;98;225;286;0;252;54;90;1746;12;90;27;84344832;0
202;44;36;26;44;286;0;0;57;91;1746;12;90;27;84344832;0
203;44;36;4;1;285;0;8;57;92;1746;12;90;27;84344832;0
204;44;36;0;0;284;0;0;56;93;1746;12;90;27;84344832;0
205;43;36;136;333;283;0;244;56;94;1374;12;90;27;84344832;0
206;44;36;46;86;282;0;1;60;94;1374;12;90;27;84344832;0
207;44;36;3;0;281;0;3;60;95;1374;12;90;27;84344832;0
208;44;36;2;2;280;0;3;59;96;1374;12;90;27;84344832;0
209;43;36;0;12;279;0;252;58;97;1374;12;90;27;84344832;0
210;42;35;124;314;279;0;246;61;98;1004;13;90;27;84344832;0
211;44;36;13;8;278;0;3;64;98;1004;13;90;27;84344832;0
212;44;36;1;0;278;0;3;63;99;1004;13;90;27;84344832;0
213;44;36;0;3;277;0;255;62;100;1004;13;90;27;84344832;0
214;42;35;119;294;276;0;243;63;101;1067;14;90;27;84344832;0
215;43;36;60;124;275;0;0;67;101;1067;14;90;27;84344832;0
216;44;37;4;0;274;0;4;68;102;1067;14;90;27;84344832;0
217;44;36;1;14;273;0;0;66;102;1067;14;90;27;84344832;0
218;44;36;1;1;272;0;252;65;103;1067;14;90;27;84344832;0
219;44;36;5;0;272;0;253;65;104;1294;12;90;27;84344832;0
220;43;36;89;214;273;0;248;68;105;100;54;90;27;84344832;0
221;44;37;7;1;273;0;7;70;105;100;54;90;27;84344832;0
222;44;36;1;0;274;0;6;69;106;100;54;90;27;84344832;0
223;44;36;0;0;274;0;3;68;107;100;54;90;27;84344832;0
224;43;36;1;1;274;0;255;67;108;100;54;90;27;84344832;0
225;42;35;116;346;275;0;236;68;109;753;11;90;27;84344832;0
226;43;36;84;191;275;0;254;72;109;753;11;90;27;84344832;0
227;44;37;8;1;276;0;4;74;109;753;11;90;27;84344832;0
228;44;36;1;0;276;0;3;73;109;753;11;90;27;84344832;0
229;44;36;0;1;276;0;0;72;109;753;11;90;27;84344832;0
230;42;35;115;309;275;0;240;72;108;1478;11;90;27;84344832;0
231;43;36;55;119;274;0;0;76;108;1478;11;90;27;84344832;0
232;44;37;6;0;273;0;3;77;108;1478;11;90;27;84344832;0
233;43;36;5;1;272;0;255;77;108;1129;22;90;27;84344832;0
234;43;36;1;0;271;0;255;76;107;1129;22;90;27;84344832;0
235;42;36;157;381;271;0;245;77;107;162;25;90;27;84344832;0
236;43;36;46;83;272;0;3;80;107;162;25;90;27;84344832;0
237;44;36;2;0;272;0;6;80;107;162;25;90;27;84344832;0
238;44;36;0;1;272;0;0;78;106;162;25;90;27;84344832;0
239;42;35;164;436;273;0;236;78;106;1425;14;90;27;84344832;0
240;43;36;131;308;273;0;252;81;105;1425;14;90;27;84344832;0
241;44;36;37;94;274;0;1;83;106;1425;14;90;27;84344832;0
242;44;37;7;2;275;0;17;84;106;1425;14;90;27;84344832;0
243;44;36;1;2;276;0;255;82;106;1425;14;90;27;84344832;0
244;43;36;1;2;276;0;0;81;105;1425;14;90;27;84344832;0
245;43;36;0;0;277;0;255;80;105;1425;14;90;27;84344832;0
246;44;36;9;4;277;0;255;81;104;2179;9;90;27;84344832;0
247;41;35;180;465;277;0;236;81;104;298;35;90;27;84344832;0
248;42;36;140;330;276;0;253;84;104;298;35;90;27;84344832;0
249;44;37;24;19;273;0;6;86;105;298;35;90;27;84344832;0
250;44;37;1;0;270;0;4;85;105;298;35;90;27;84344832;0
251;44;36;5;98;268;0;248;84;104;298;35;90;27;84344832;0
252;43;35;155;391;267;0;244;85;104;2030;13;90;27;84344832;0
253;43;36;110;256;266;0;255;87;104;2030;13;90;27;84344832;0
254;44;37;11;2;267;0;7;88;104;2030;13;90;27;84344832;0
255;44;36;1;0;267;0;2;87;104;2030;13;90;27;84344832;0
256;44;36;0;1;267;0;0;86;104;2030;13;90;27;84344832;0
257;43;36;0;86;267;0;247;85;103;2030;13;90;27;84344832;0
258;43;36;141;353;268;0;244;86;103;2230;10;90;27;84344832;0
259;44;36;43;91;268;0;2;88;103;2230;10;90;27;84344832;0
260;44;36;10;22;269;0;255;88;104;1865;20;90;27;84344832;0
261;44;36;1;0;269;0;255;88;104;1865;20;90;27;84344832;0
262;43;37;0;0;270;0;255;87;103;1865;20;90;27;84344832;0
263;43;37;0;0;271;0;255;86;103;1865;20;90;27;84344832;0
264;43;36;5;56;271;0;247;85;102;1865;20;90;27;84344832;0
265;43;35;159;401;272;0;241;87;102;72;14;90;27;84344832;0
266;43;36;104;234;273;0;0;89;102;72;14;90;27;84344832;0
267;44;37;17;11;273;0;4;90;103;72;14;90;27;84344832;0
268;44;37;1;0;273;0;2;89;102;72;14;90;27;84344832;0
269;44;36;0;1;273;0;255;88;102;72;14;90;27;84344832;0
270;43;36;159;386;274;0;244;89;102;2236;11;90;27;84344832;0
271;43;36;126;298;274;0;254;90;102;2236;11;90;27;84344832;0
272;44;36;27;38;274;0;5;92;101;2236;11;90;27;84344832;0
273;44;37;2;0;275;0;5;91;100;2236;11;90;27;84344832;0
274;44;36;0;0;275;0;1;90;99;2236;11;90;27;84344832;0
275;43;36;2;138;274;0;242;89;99;2236;11;90;27;84344832;0
276;42;36;145;347;274;0;248;90;99;2520;10;90;27;84344832;0
277;43;36;63;132;274;0;2;91;98;2520;10;90;27;84344832;0
278;44;37;3;0;274;0;5;91;98;2520;10;90;27;84344832;0
279;44;36;0;5;273;0;1;90;97;2520;10;90;27;84344832;0
280;43;36;0;1;273;0;255;89;96;2520;10;90;27;84344832;0
281;43;35;32;272;274;0;235;88;96;2520;10;90;27;84344832;0
282;43;36;166;418;274;0;247;90;96;1934;10;90;27;84344832;0
283;43;36;58;125;275;0;3;91;96;1934;10;90;27;84344832;0
284;44;37;3;0;275;0;4;91;95;1934;10;90;27;84344832;0
285;44;36;0;2;276;0;0;90;94;1934;10;90;27;84344832;0
286;42;35;138;391;276;0;236;89;94;2290;12;90;27;84344832;0
287;43;36;141;332;276;0;249;90;93;2290;12;90;27;84344832;0
288;44;37;12;5;275;0;7;91;93;2290;12;90;27;84344832;0
289;44;37;1;0;274;0;4;90;92;2290;12;90;27;84344832;0
290;44;36;0;0;274;0;0;89;92;2290;12;90;27;84344832;0
291;42;35;165;419;274;0;236;89;91;1870;12;90;27;84344832;0
292;43;36;137;340;275;0;251;90;91;1870;12;90;27;84344832;0
293;44;36;26;60;275;0;3;91;91;1870;12;90;27;84344832;0
294;44;37;3;0;275;0;5;90;90;1870;12;90;27;84344832;0
295;44;37;0;0;275;0;1;89;90;1870;12;90;27;84344832;0
296;43;36;0;0;275;0;0;89;90;1870;12;90;27;84344832;0
297;42;35;136;372;276;0;237;88;90;2209;10;90;27;84344832;0
298;43;36;122;290;276;0;252;89;91;2209;10;90;27;84344832;0
299;44;37;18;11;277;0;6;90;92;2209;10;90;27;84344832;0
300;44;37;1;0;277;0;3;89;91;2209;10;90;27;84344832;0
301;44;36;0;0;276;0;0;89;91;2209;10;90;27;84344832;0
302;43;36;0;0;276;0;255;88;91;2209;10;90;27;84344832;0
303;43;35;186;471;275;0;240;88;92;2013;10;90;27;84344832;0
304;43;36;110;275;275;0;255;89;93;2013;10;90;27;84344832;0
305;44;37;10;2;274;0;7;90;93;2013;10;90;27;84344832;0
306;44;37;1;0;273;0;3;90;93;2013;10;90;27;84344832;0
307;44;36;0;0;273;0;0;89;92;2013;10;90;27;84344832;0
308;43;36;0;1;273;0;255;88;92;2013;10;90;27;84344832;0
309;43;36;164;423;272;0;242;88;92;2125;10;90;27;84344832;0
310;43;36;84;193;270;0;2;90;92;2125;10;90;27;84344832;0
311;44;37;5;1;270;0;8;90;92;2125;10;90;27;84344832;0
312;44;37;1;0;269;0;0;89;92;2125;10;90;27;84344832;0
313;43;36;0;0;269;0;0;88;92;2125;10;90;27;84344832;0
314;43;36;4;190;269;0;241;88;92;2125;10;90;27;84344832;0
315;43;36;121;312;270;0;249;89;92;1969;10;90;27;84344832;0
316;44;37;7;1;270;0;5;89;93;1969;10;90;27;84344832;0
317;44;37;1;0;271;0;1;89;93;1969;10;90;27;84344832;0
318;43;36;0;0;272;0;255;88;93;1969;10;90;27;84344832;0
319;43;36;143;370;273;0;243;89;92;1453;13;90;27;84344832;0
320;44;37;8;2;273;0;4;89;93;1453;13;90;27;84344832;0
321;44;37;1;1;274;0;0;89;93;1453;13;90;27;84344832;0
322;43;36;0;0;275;0;255;88;93;1453;13;90;27;84344832;0
323;43;36;137;338;276;0;246;89;93;1073;15;90;27;84344832;0
324;44;37;9;2;277;0;4;90;93;1073;15;90;27;84344832;0
325;44;37;1;0;277;0;3;89;93;1073;15;90;27;84344832;0
326;43;36;1;0;277;0;0;89;93;1073;15;90;27;84344832;0
327;43;36;9;131;278;0;244;88;92;1202;12;90;27;84344832;0
328;43;36;92;206;278;0;254;89;92;1202;12;90;27;84344832;0
329;44;37;4;0;279;0;3;89;93;1202;12;90;27;84344832;0
330;44;36;3;2;278;0;1;89;93;1202;12;90;27;84344832;0
331;41;36;151;387;278;0;241;89;92;1093;15;90;27;84344832;0
332;43;36;56;118;279;0;3;90;93;1093;15;90;27;84344832;0
333;44;37;14;15;279;0;0;90;92;1093;15;90;27;84344832;0
334;44;37;1;5;278;0;0;90;92;1093;15;90;27;84344832;0
335;42;36;152;412;278;0;241;90;91;1563;15;90;27;84344832;0
336;44;36;32;78;278;0;1;91;91;1563;15;90;27;84344832;0
337;44;37;6;6;277;0;0;91;90;1563;15;90;27;84344832;0
338;44;37;2;1;277;0;0;90;90;1563;15;90;27;84344832;0
339;43;37;0;0;276;0;0;89;89;1563;15;90;27;84344832;0
340;42;35;189;518;276;0;235;89;90;1466;11;90;27;84344832;0
341;43;36;158;441;274;0;248;90;90;1466;11;90;27;84344832;0
342;44;37;36;54;273;0;8;91;90;1466;11;90;27;84344832;0
343;44;37;2;0;272;0;5;90;89;1466;11;90;27;84344832;0
344;44;37;0;1;271;0;0;89;89;1466;11;90;27;84344832;0
345;43;37;0;0;271;0;0;89;89;1466;11;90;27;84344832;0
346;43;36;0;2;271;0;255;88;90;1466;11;90;27;84344832;0
347;43;37;2;0;270;0;255;88;91;1466;11;90;27;84344832;0
348;43;37;1;0;271;0;255;87;93;1466;11;90;27;84344832;0
349;44;37;0;1;272;0;251;87;93;1466;11;90;27;84344832;0
350;44;37;1;0;274;0;255;87;93;1466;11;90;27;84344832;0
351;43;37;0;0;278;0;255;86;93;1466;11;90;27;84344832;0
352;43;36;4;4;281;0;0;86;94;1466;11;90;27;84344832;0
353;44;36;23;52;285;0;253;86;93;2703;5;90;27;84344832;0
354;42;35;119;403;288;0;232;87;94;222;66;90;27;84344832;0
355;42;36;150;427;290;0;250;89;94;222;66;90;27;84344832;0
356;44;37;23;28;290;0;8;90;95;222;66;90;27;84344832;0
357;44;37;2;3;288;0;1;90;95;222;66;90;27;84344832;0
358;44;37;0;0;286;0;255;89;95;222;66;90;27;84344832;0
359;43;36;140;406;283;0;240;89;94;2405;12;90;27;84344832;0
360;43;36;123;336;280;0;253;90;94;2405;12;90;27;84344832;0
361;44;37;5;0;277;0;7;91;94;2405;12;90;27;84344832;0
362;44;37;1;1;275;0;0;90;93;2405;12;90;27;84344832;0
363;43;36;2;189;272;0;240;90;93;2405;12;90;27;84344832;0
364;43;36;55;123;270;0;3;90;92;2105;13;90;27;84344832;0
365;44;37;7;2;268;0;1;91;91;2105;13;90;27;84344832;0
366;44;37;1;1;267;0;0;90;91;2105;13;90;27;84344832;0
367;43;37;1;0;266;0;0;89;90;2105;13;90;27;84344832;0
368;43;37;0;0;267;0;0;89;90;2105;13;90;27;84344832;0
369;43;37;0;1;267;0;255;88;91;2105;13;90;27;84344832;0
370;43;37;3;10;268;0;255;88;92;2105;13;90;27;84344832;0
371;44;37;0;0;269;0;0;87;92;2105;13;90;27;84344832;0
372;43;37;13;2;271;0;0;88;93;1226;7;90;27;84344832;0
373;44;37;1;0;274;0;255;87;93;1226;7;90;27;84344832;0
374;44;37;0;0;276;0;255;87;92;1226;7;90;27;84344832;0
375;43;37;0;0;275;0;255;87;93;1226;7;90;27;84344832;0
376;43;36;53;99;269;0;1;88;94;204;14;90;27;84344832;0
377;44;37;10;17;262;0;0;88;95;204;14;90;27;84344832;0
378;44;37;1;0;254;0;255;88;95;204;14;90;27;84344832;0
379;42;36;146;398;250;0;246;89;95;862;19;90;27;84344832;0
380;44;37;14;8;250;0;5;90;95;862;19;90;27;84344832;0
381;44;37;1;1;250;0;1;89;95;862;19;90;27;84344832;0
382;44;37;0;1;252;0;0;89;95;862;19;90;27;84344832;0
383;43;36;0;30;255;0;250;88;95;862;19;90;27;84344832;0
384;43;37;0;0;258;0;0;88;94;862;19;90;27;84344832;0
385;44;37;0;0;262;0;0;88;94;862;19;90;27;84344832;0
386;44;36;2;8;266;0;247;87;94;862;19;90;27;84344832;0
387;41;36;159;394;269;0;243;88;94;1369;8;90;27;84344832;0
388;43;36;75;170;273;0;2;90;94;1369;8;90;27;84344832;0
389;44;37;3;1;276;0;3;90;94;1369;8;90;27;84344832;0
390;44;36;3;60;278;0;249;89;94;1369;8;90;27;84344832;0
391;43;36;159;398;279;0;247;90;94;1984;15;90;27;84344832;0
392;43;36;53;115;280;0;7;91;93;1984;15;90;27;84344832;0
393;44;37;2;0;279;0;4;91;92;1984;15;90;27;84344832;0
394;44;36;1;5;279;0;0;90;92;1984;15;90;27;84344832;0
395;43;37;0;0;278;0;0;90;91;1984;15;88;27;84344832;0
396;43;37;0;0;277;0;255;89;91;1984;15;88;27;84344832;0
397;43;36;0;8;276;0;255;89;91;1984;15;88;27;84344832;0
398;43;37;1;0;275;0;255;88;90;1984;15;88;27;84344832;0
399;41;36;148;414;274;0;234;88;90;2043;7;88;27;84344832;0
400;44;36;17;27;275;0;2;89;89;2043;7;88;27;84344832;0
401;44;37;2;0;276;0;4;89;89;2043;7;88;27;84344832;0
402;43;37;1;1;277;0;255;88;89;2043;7;88;27;84344832;0
403;41;36;212;569;279;0;231;88;88;940;15;88;27;84344832;0
404;42;36;143;359;282;0;0;89;88;940;15;88;27;84344832;0
405;44;37;7;1;285;0;8;89;87;940;15;88;30;84344832;0
406;44;37;1;6;286;0;0;89;86;940;15;88;30;84344832;0
407;42;36;145;402;286;0;232;88;86;940;15;88;30;84344832;0
408;43;36;183;400;285;0;249;89;85;2462;14;88;30;84344832;0
409;43;36;84;148;285;0;5;89;85;2462;14;88;30;84344832;0
410;44;37;3;0;284;0;7;89;84;2462;14;88;30;84344832;0
411;44;37;0;0;284;0;1;88;84;2462;14;88;30;84344832;0
412;43;37;0;0;285;0;255;88;84;2462;14;88;30;84344832;0
413;43;36;208;411;287;0;243;88;85;2765;11;88;30;84344832;0
414;43;36;74;124;289;0;4;88;85;2765;11;88;30;84344832;0
415;44;37;3;0;291;0;7;88;85;2765;11;88;30;84344832;0
416;44;37;0;1;293;0;0;88;86;2765;11;88;30;84344832;0
417;42;36;147;361;294;0;236;87;87;2765;11;88;30;84344832;0
418;43;36;217;429;296;0;247;88;88;1984;13;88;30;84344832;0
419;44;37;25;13;297;0;11;89;89;1984;13;88;30;84344832;0
420;44;37;2;0;298;0;5;88;88;1984;13;88;30;84344832;0
421;43;37;2;4;298;0;255;88;88;1984;13;88;30;84344832;0
422;43;37;0;45;299;0;245;87;88;1984;13;88;30;84344832;0
423;43;36;174;365;300;0;246;88;87;2499;11;88;30;84344832;0
424;44;37;25;20;300;0;6;88;86;2499;11;88;30;84344832;0
425;44;37;2;0;300;0;2;88;86;2499;11;88;30;84344832;0
426;43;37;0;0;300;0;0;88;86;2499;11;88;30;84344832;0
427;43;37;0;0;301;0;0;87;87;2499;11;88;30;84344832;0
428;43;37;7;6;301;0;0;87;88;2499;11;88;30;84344832;0
429;41;36;193;431;302;0;236;87;90;1760;9;88;30;84344832;0
430;43;37;64;99;303;0;4;88;91;1760;9;88;30;84344832;0
431;44;37;21;39;304;0;0;88;92;1760;9;88;30;84344832;0
432;44;37;2;0;305;0;255;88;91;1760;9;88;30;84344832;0
433;44;37;0;0;306;0;255;88;91;1760;9;88;30;84344832;0
434;43;37;0;0;306;0;0;87;91;1760;9;88;30;84344832;0
435;43;37;0;0;304;0;255;87;90;1760;9;88;30;84344832;0
436;41;35;266;548;303;0;233;87;90;1628;8;88;30;84344832;0
437;41;35;294;621;300;0;242;88;91;1628;8;88;30;84344832;0
438;42;36;203;415;299;0;1;89;90;1628;8;88;30;84344832;0
439;43;36;74;159;297;0;4;89;90;1628;8;88;30;84344832;0
440;44;37;3;0;296;0;13;89;89;1628;8;88;30;84344832;0
441;44;37;1;3;295;0;3;88;88;1628;8;88;30;84344832;0
442;43;37;1;1;295;0;255;88;88;1628;8;88;30;84344832;0
443;43;37;0;0;295;0;255;87;87;1628;8;88;30;84344832;0
444;41;35;372;786;295;0;226;88;88;5121;8;88;30;84344832;0
445;42;36;340;674;295;0;250;88;88;5121;8;88;30;84344832;0
446;43;36;116;229;295;0;8;88;88;5121;8;88;30;84344832;0
447;43;37;36;27;294;0;9;89;88;5121;8;88;30;84344832;0
448;44;37;1;0;295;0;12;88;87;5121;8;88;30;84344832;0
449;42;37;20;42;295;0;0;87;87;5266;11;88;30;84344832;0
450;44;36;12;83;296;0;249;87;88;51;76;88;30;84344832;0
451;41;36;218;423;296;0;245;88;89;83;101;88;30;84344832;0
452;43;37;99;172;297;0;3;89;89;83;101;88;30;84344832;0
453;44;37;5;0;297;0;5;89;88;83;101;88;30;84344832;0
454;44;37;1;0;297;0;1;89;88;83;101;88;30;84344832;0
455;43;37;0;1;298;0;0;88;87;83;101;88;30;84344832;0
456;41;36;224;447;299;0;236;88;87;2482;10;88;30;84344832;0
457;42;36;142;265;301;0;253;88;86;2482;10;88;30;84344832;0
458;44;37;13;3;302;0;10;89;85;2482;10;88;30;84344832;0
459;44;37;1;0;303;0;3;88;85;2482;10;88;30;84344832;0
460;43;37;1;1;304;0;0;88;84;2482;10;88;30;84344832;0
461;43;37;0;0;305;0;255;88;85;2482;10;88;30;84344832;0
462;42;36;231;459;306;0;236;87;86;2195;10;88;30;84344832;0
463;43;36;138;269;306;0;255;88;87;2195;10;88;30;84344832;0
464;44;37;22;13;307;0;6;89;87;2195;10;88;30;84344832;0
465;44;37;1;0;307;0;2;88;87;2195;10;88;30;84344832;0
466;43;37;0;0;307;0;1;88;86;2195;10;88;30;84344832;0
467;43;37;0;1;307;0;0;87;87;2195;10;88;30;84344832;0
468;41;36;208;445;307;0;231;87;88;2101;10;88;30;84344832;0
469;43;36;168;331;307;0;252;88;89;2101;10;88;30;84344832;0
470;43;37;56;102;306;0;4;89;89;2101;10;88;30;84344832;0
471;44;37;2;0;306;0;6;89;89;2101;10;88;30;84344832;0
472;43;37;2;15;306;0;0;88;89;2101;10;88;30;84344832;0
473;43;37;1;0;306;0;0;88;88;2101;10;88;30;84344832;0
474;43;37;0;0;307;0;255;87;87;2101;10;88;30;84344832;0
475;43;37;2;5;307;0;0;87;87;2101;10;88;30;84344832;0
476;41;36;186;398;307;0;235;87;88;2543;7;88;30;84344832;0
477;42;36;113;193;308;0;1;88;89;2543;7;88;30;84344832;0
478;44;37;5;0;309;0;4;89;89;2543;7;88;30;84344832;0
479;44;37;1;0;310;0;0;88;89;2543;7;88;30;84344832;0
480;43;37;0;0;310;0;0;88;89;2543;7;88;30;84344832;0
481;41;36;237;497;310;0;231;88;88;1603;12;88;30;84344832;0
482;43;36;177;361;309;0;253;88;88;1603;12;88;30;84344832;0
483;44;37;18;8;308;0;8;89;87;1603;12;88;30;84344832;0
484;44;37;1;1;307;0;4;88;86;1603;12;88;30;84344832;0
485;43;37;0;0;306;0;1;88;86;1603;12;88;30;84344832;0
486;43;36;3;125;305;0;245;88;86;1603;12;88;30;84344832;0
487;42;36;227;476;304;0;245;88;87;2448;11;88;30;84344832;0
488;43;37;78;141;303;0;5;89;88;2448;11;88;30;84344832;0
489;44;37;4;0;302;0;6;89;87;2448;11;88;30;84344832;0
490;43;37;0;0;302;0;1;88;86;2448;11;88;30;84344832;0
491;43;37;0;1;302;0;255;88;86;2448;11;88;30;84344832;0
492;42;36;208;434;302;0;244;88;87;2708;11;88;30;84344832;0
493;43;37;61;111;303;0;5;89;87;2708;11;88;30;84344832;0
494;44;37;2;0;303;0;6;89;86;2708;11;88;30;84344832;0
495;43;37;0;1;303;0;0;88;86;2708;11;88;30;84344832;0
496;43;37;0;0;303;0;0;88;86;2708;11;88;30;84344832;0
497;43;37;0;26;304;0;248;87;87;2708;11;88;30;84344832;0
498;42;36;318;639;304;0;231;87;88;2384;9;88;30;84344832;0
499;43;37;91;178;304;0;8;88;89;2384;9;88;30;84344832;0
500;44;37;8;47;304;0;3;88;89;2384;9;88;30;84344832;0
501;43;36;7;38;304;0;0;88;89;2384;9;88;30;84344832;0
502;43;37;3;0;303;0;255;88;89;2408;17;88;30;84344832;0
503;43;37;3;11;304;0;249;88;88;2408;17;88;30;84344832;0
504;42;36;240;509;304;0;244;88;88;161;25;88;30;84344832;0
505;43;37;114;229;305;0;2;89;87;161;25;88;30;84344832;0
506;44;37;9;1;305;0;9;89;86;161;25;88;30;84344832;0
507;44;37;1;0;304;0;3;88;85;161;25;88;30;84344832;0
508;43;37;0;0;305;0;0;88;85;161;25;88;30;84344832;0
509;43;37;0;0;304;0;0;87;86;161;25;88;30;84344832;0
510;43;36;2;165;304;0;242;87;87;161;25;88;30;84344832;0
511;42;36;209;431;304;0;246;88;88;2966;9;88;30;84344832;0
512;43;37;93;170;304;0;5;89;89;2966;9;88;30;84344832;0
513;44;37;3;0;304;0;7;89;89;2966;9;88;30;84344832;0
514;43;37;0;0;303;0;0;88;88;2966;9;88;30;84344832;0
515;43;37;0;1;303;0;0;87;88;2966;9;88;30;84344832;0
516;42;36;181;401;303;0;240;88;87;2572;10;88;30;84344832;0
517;42;36;201;408;303;0;248;88;87;2572;10;88;30;84344832;0
518;43;37;56;99;302;0;5;89;86;2572;10;88;30;84344832;0
519;44;37;2;0;302;0;5;88;85;2572;10;88;30;84344832;0
520;43;37;0;1;302;0;0;88;85;2572;10;88;30;84344832;0
521;43;37;0;1;303;0;0;88;85;2572;10;88;30;84344832;0
522;41;36;210;434;303;0;241;88;86;2577;10;88;30;84344832;0
523;42;36;149;289;304;0;255;88;87;2577;10;88;30;84344832;0
524;44;37;7;1;305;0;6;89;87;2577;10;88;30;84344832;0
525;44;37;1;0;305;0;3;88;86;2577;10;88;30;84344832;0
526;43;37;0;1;305;0;0;88;86;2577;10;88;30;84344832;0
527;43;37;0;0;304;0;255;87;87;2577;10;88;30;84344832;0
528;41;36;222;475;304;0;231;87;89;2108;9;88;30;84344832;0
529;42;36;138;274;304;0;255;88;90;2108;9;88;30;84344832;0
530;44;37;8;1;303;0;8;89;90;2108;9;88;30;84344832;0
531;44;37;2;11;302;0;0;88;90;2108;9;88;30;84344832;0
532;43;37;0;4;302;0;8;88;89;2108;9;88;30;84344832;0
533;41;36;204;451;303;0;231;88;89;1813;12;88;30;84344832;0
534;43;36;154;314;302;0;253;88;88;1813;12;88;30;84344832;0
535;43;37;23;17;302;0;7;89;87;1813;12;88;30;84344832;0
536;44;37;1;1;301;0;2;89;87;1813;12;88;30;84344832;0
537;43;37;0;1;300;0;255;88;86;1813;12;88;30;84344832;0
538;43;37;0;9;299;0;255;88;86;1813;12;88;30;84344832;0
539;42;36;16;162;299;0;242;87;87;1813;12;88;30;84344832;0
540;42;36;233;502;298;0;243;88;88;2318;9;88;30;84344832;0
541;43;37;88;170;298;0;5;89;88;2318;9;88;30;84344832;0
542;44;37;5;0;297;0;9;89;88;2318;9;88;30;84344832;0
543;43;37;1;0;297;0;1;88;87;2318;9;88;30;84344832;0
544;43;37;0;0;297;0;0;88;87;2318;9;88;30;84344832;0
545;41;36;248;507;298;0;233;88;87;2754;11;88;30;84344832;0
546;43;36;178;354;297;0;253;88;88;2754;11;88;30;84344832;0
547;44;37;9;1;298;0;10;89;87;2754;11;88;30;84344832;0
548;44;37;1;0;298;0;5;88;87;2754;11;88;30;84344832;0
549;43;37;2;1;298;0;255;88;86;2321;15;88;30;84344832;0
550;41;36;203;416;299;0;241;88;86;95;58;88;30;84344832;0
551;43;37;76;141;301;0;2;89;86;95;58;88;30;84344832;0
552;44;37;3;0;301;0;5;89;86;95;58;88;30;84344832;0
553;44;37;1;1;302;0;1;88;85;95;58;88;30;84344832;0
554;43;37;0;1;302;0;255;88;85;95;58;88;30;84344832;0
555;43;37;0;0;302;0;255;87;85;95;58;88;30;84344832;0
556;41;36;248;538;302;0;225;87;87;1965;9;88;30;84344832;0
557;43;37;120;225;303;0;4;88;88;1965;9;88;30;84344832;0
558;44;37;8;1;303;0;6;89;88;1965;9;88;30;84344832;0
559;44;37;1;3;303;0;0;88;87;1965;9;88;30;84344832;0
560;43;37;0;0;303;0;0;88;87;1965;9;88;30;84344832;0
561;43;37;0;0;303;0;255;87;87;1965;9;88;30;84344832;0
562;40;36;240;525;302;0;233;87;88;2237;10;88;30;84344832;0
563;42;37;108;201;302;0;3;88;89;2237;10;88;30;84344832;0
564;44;37;8;1;302;0;9;89;89;2237;10;88;30;84344832;0
565;44;37;1;5;301;0;0;88;88;2237;10;88;30;84344832;0
566;43;37;0;0;301;0;255;88;88;2237;10;88;30;84344832;0
567;43;37;0;0;301;0;0;88;88;2237;10;88;30;84344832;0
568;41;36;208;422;301;0;237;88;87;2194;10;88;30;84344832;0
569;42;37;100;181;300;0;2;88;87;2194;10;88;30;84344832;0
570;44;37;6;0;299;0;8;89;86;2194;10;88;30;84344832;0
571;44;37;1;2;299;0;0;88;85;2194;10;88;30;84344832;0
572;43;37;0;0;299;0;255;88;85;2194;10;88;30;84344832;0
573;43;37;0;0;300;0;255;87;87;2194;10;88;30;84344832;0
574;43;36;3;46;301;0;0;87;88;2194;10;88;30;84344832;0
575;41;36;182;375;301;0;247;88;89;2039;9;88;30;84344832;0
576;43;37;18;12;302;0;7;88;90;2039;9;88;30;84344832;0
577;44;37;1;1;303;0;0;88;90;2039;9;88;30;84344832;0
578;43;37;0;0;303;0;0;88;90;2039;9;88;30;84344832;0
579;43;36;2;150;304;0;240;87;89;2039;9;88;30;84344832;0
580;41;36;246;521;305;0;242;88;89;1659;12;88;30;84344832;0
581;43;37;22;22;306;0;10;89;88;1659;12;88;30;84344832;0
582;44;37;2;1;306;0;3;88;87;1659;12;88;30;84344832;0
583;43;37;0;0;306;0;255;88;87;1659;12;88;30;84344832;0
584;43;37;0;0;306;0;255;88;87;1659;12;88;30;84344832;0
585;42;36;20;277;307;0;236;87;88;1659;12;88;30;84344832;0
586;41;36;199;417;307;0;246;88;89;2394;10;88;30;84344832;0
587;43;37;50;95;308;0;4;89;89;2394;10;88;30;84344832;0
588;44;37;2;0;309;0;5;89;89;2394;10;88;30;84344832;0
589;43;37;0;1;309;0;0;88;88;2394;10;88;30;84344832;0
590;43;37;0;0;308;0;0;88;88;2394;10;88;30;84344832;0
591;41;36;201;448;308;0;233;88;88;2198;10;88;30;84344832;0
592;43;37;94;183;307;0;2;88;87;2198;10;88;30;84344832;0
593;44;37;5;0;306;0;5;89;86;2198;10;88;30;84344832;0
594;43;37;2;40;306;0;0;88;86;2198;10;88;30;84344832;0
595;42;37;2;1;305;0;255;88;85;1633;17;88;30;84344832;0
596;43;37;1;0;305;0;255;88;86;1633;17;88;30;84344832;0
597;42;36;230;488;304;0;239;88;87;84;23;88;30;84344832;0
598;43;37;91;206;304;0;252;88;88;84;23;88;30;84344832;0
599;43;37;24;20;304;0;6;89;88;84;23;88;30;84344832;0
600;43;37;3;1;303;0;5;89;87;84;23;88;30;84344832;0
601;43;37;1;0;303;0;1;88;87;84;23;88;30;84344832;0
602;42;37;0;0;302;0;0;88;87;84;23;88;30;84344832;0
603;41;36;213;466;303;0;236;88;87;2613;9;88;30;84344832;0
604;43;37;114;220;302;0;7;88;87;2613;9;88;30;84344832;0
605;44;37;6;0;303;0;6;89;87;2613;9;88;30;84344832;0
606;43;37;1;2;302;0;0;88;87;2613;9;88;30;84344832;0
607;43;37;0;2;303;0;255;88;86;2613;9;88;30;84344832;0
608;42;37;0;0;303;0;255;88;87;2613;9;88;30;84344832;0
609;43;37;0;0;304;0;253;87;88;2613;9;88;30;84344832;0
610;43;37;1;0;305;0;255;87;89;2613;9;88;30;84344832;0
611;43;37;2;0;306;0;0;87;89;2613;9;88;30;84344832;0
612;42;36;205;431;307;0;240;87;89;1962;7;88;30;84344832;0
613;43;37;61;133;309;0;2;88;90;1962;7;88;30;84344832;0
614;44;37;11;4;311;0;2;89;90;1962;7;88;30;84344832;0
615;43;37;2;1;312;0;0;88;90;1962;7;88;30;84344832;0
616;43;37;0;0;311;0;0;88;89;1962;7;88;30;84344832;0
617;43;37;0;0;310;0;0;88;89;1962;7;88;30;84344832;0
618;41;36;194;441;308;0;234;88;89;1894;9;88;30;84344832;0
619;42;37;159;331;306;0;252;88;88;1894;9;88;30;84344832;0
620;44;37;8;2;303;0;4;89;87;1894;9;88;30;84344832;0
621;43;37;4;5;301;0;0;88;87;1894;9;88;30;84344832;0
622;43;37;0;0;300;0;0;88;86;1894;9;88;30;84344832;0
623;42;37;2;3;299;0;255;88;86;1894;9;88;30;84344832;0
624;43;37;0;0;299;0;0;87;88;1894;9;88;30;84344832;0
625;43;37;0;0;299;0;0;87;89;1894;9;88;30;84344832;0
626;43;37;0;94;300;0;251;87;89;1894;9;88;30;84344832;0
627;43;36;38;250;301;0;238;87;90;2019;7;88;30;84344832;0
628;43;37;14;34;302;0;1;87;90;118;67;88;30;84344832;0
629;44;37;3;0;305;0;255;87;90;118;67;88;30;84344832;0
630;42;36;254;575;307;0;234;88;90;686;22;88;30;84344832;0
631;43;37;80;161;310;0;6;88;89;686;22;88;30;84344832;0
632;43;37;22;48;313;0;2;89;88;686;22;88;30;84344832;0
633;44;37;3;0;314;0;0;89;88;686;22;88;30;84344832;0
634;42;36;10;126;314;0;242;88;87;2627;15;88;30;84344832;0
635;41;36;231;527;312;0;243;89;87;160;64;88;30;84344832;0
636;43;37;60;128;310;0;4;89;86;160;64;88;30;84344832;0
637;43;37;12;5;308;0;3;89;85;160;64;88;30;84344832;0
638;43;37;4;1;305;0;3;89;84;160;64;88;30;84344832;0
639;43;37;1;0;302;0;0;88;84;160;64;88;30;84344832;0
640;42;37;1;0;300;0;0;88;83;160;64;88;30;84344832;0
641;42;36;173;403;297;0;240;88;84;2830;9;88;30;84344832;0
642;43;37;31;56;296;0;1;88;85;2830;9;88;30;84344832;0
643;44;37;4;0;295;0;4;88;85;2830;9;88;30;84344832;0
644;43;37;1;0;294;0;0;88;85;2830;9;88;30;84344832;0
645;43;37;0;0;294;0;255;87;86;2830;9;88;30;84344832;0
646;40;36;224;490;295;0;235;87;88;1297;12;88;30;84344832;0
647;42;37;154;334;296;0;253;88;89;1297;12;88;30;84344832;0
648;43;37;8;1;297;0;11;89;89;1297;12;88;30;84344832;0
649;43;37;1;8;297;0;1;88;88;1297;12;88;30;84344832;0
650;43;37;1;1;297;0;0;88;88;1297;12;88;30;84344832;0
651;42;37;3;1;297;0;0;87;88;1297;12;88;30;84344832;0
652;41;36;160;399;298;0;233;87;88;2268;9;88;30;84344832;0
653;42;36;180;387;298;0;249;88;88;2268;9;88;30;84344832;0
654;43;37;30;34;299;0;4;89;88;2268;9;88;30;84344832;0
655;44;37;2;0;300;0;8;88;88;2268;9;88;30;84344832;0
656;43;37;7;16;301;0;0;88;88;2123;14;88;30;84344832;0
657;41;36;188;421;301;0;237;88;87;76;74;88;30;84344832;0
658;43;37;92;169;300;0;2;89;86;76;74;88;30;84344832;0
659;44;37;4;0;300;0;4;89;86;76;74;88;30;84344832;0
660;43;37;1;1;299;0;255;89;85;76;74;88;30;84344832;0
661;43;37;0;0;298;0;255;88;85;76;74;88;30;84344832;0
662;42;36;162;347;299;0;247;88;84;1895;12;88;30;84344832;0
663;43;37;34;39;299;0;5;88;84;1895;12;88;30;84344832;0
664;44;37;2;4;298;0;2;88;83;1895;12;88;30;84344832;0
665;43;37;0;0;299;0;0;88;83;1895;12;88;30;84344832;0
666;42;37;0;0;299;0;0;87;84;1895;12;88;30;84344832;0
667;41;36;183;395;298;0;239;87;85;1651;11;88;30;84344832;0
668;42;37;70;128;299;0;3;88;86;1651;11;88;30;84344832;0
669;44;37;3;0;299;0;5;88;87;1651;11;88;30;84344832;0
670;43;37;5;9;299;0;0;88;87;1489;20;88;30;84344832;0
671;43;37;1;0;299;0;255;87;88;1489;20;88;30;84344832;0
672;40;36;208;462;300;0;230;87;89;96;24;88;30;84344832;0
673;42;37;149;320;300;0;253;88;89;96;24;88;30;84344832;0
674;43;37;7;1;301;0;9;89;89;96;24;88;30;84344832;0
675;43;37;3;12;302;0;0;88;89;96;24;88;30;84344832;0
676;43;37;1;0;302;0;255;88;89;96;24;88;30;84344832;0
677;42;36;185;403;302;0;242;88;88;1954;13;88;30;84344832;0
678;43;37;42;68;302;0;6;89;88;1954;13;88;30;84344832;0
679;44;37;2;8;301;0;1;89;87;1954;13;88;30;84344832;0
680;43;37;1;1;301;0;0;88;86;1954;13;88;30;84344832;0
681;42;37;0;0;302;0;0;88;86;1954;13;88;30;84344832;0
682;41;36;147;354;302;0;234;88;86;1700;10;88;30;84344832;0
683;42;36;206;457;304;0;244;88;87;1700;10;88;30;84344832;0
684;42;37;147;289;305;0;3;89;87;1700;10;88;30;84344832;0
685;44;37;5;0;305;0;10;89;86;1700;10;88;30;84344832;0
686;43;37;1;4;305;0;1;88;86;1700;10;88;30;84344832;0
687;42;36;42;447;305;0;224;88;85;1700;10;88;30;84344832;0
688;42;37;179;384;305;0;250;88;85;3282;11;88;30;84344832;0
689;44;37;6;1;306;0;6;89;84;3282;11;88;30;84344832;0
690;43;37;1;1;305;0;1;88;83;3282;11;88;30;84344832;0
691;43;37;2;2;305;0;255;88;83;3282;11;88;30;84344832;0
692;42;37;3;1;305;0;2;87;84;3282;11;88;30;84344832;0
693;43;36;8;270;305;0;232;87;86;3282;11;88;30;84344832;0
694;42;36;218;460;306;0;247;88;87;2073;10;88;30;84344832;0
695;43;37;32;38;307;0;8;88;88;2073;10;88;30;84344832;0
696;44;37;2;0;307;0;2;88;88;2073;10;88;30;84344832;0
697;43;37;0;0;307;0;0;88;87;2073;10;88;30;84344832;0
698;41;36;148;432;307;0;241;88;87;2270;12;88;30;84344832;0
699;41;37;165;358;306;0;249;88;88;2270;12;88;30;84344832;0
700;43;37;16;8;304;0;7;89;88;2270;12;88;30;84344832;0
701;43;37;1;1;303;0;2;88;87;2270;12;88;30;84344832;0
702;43;37;0;1;302;0;0;88;87;2270;12;88;30;84344832;0
703;41;36;183;437;300;0;238;88;87;1915;13;88;30;84344832;0
704;43;37;116;246;299;0;0;89;87;1915;13;88;30;84344832;0
705;44;38;7;0;298;0;7;89;87;1915;13;88;30;84344832;0
706;43;37;1;0;297;0;0;89;86;1915;13;88;30;84344832;0
707;43;37;0;1;297;0;0;88;86;1915;13;88;30;84344832;0
708;42;36;91;331;296;0;237;88;86;1915;13;88;30;84344832;0
709;42;37;144;305;296;0;250;88;86;2014;11;88;30;84344832;0
710;43;37;11;3;295;0;5;89;86;2014;11;88;30;84344832;0
711;43;37;1;0;295;0;3;88;86;2014;11;88;30;84344832;0
712;43;37;0;6;295;0;1;88;85;2014;11;88;30;84344832;0
713;42;36;43;399;296;0;232;88;86;2014;11;88;30;84344832;0
714;42;37;158;349;297;0;249;88;87;1875;11;88;30;84344832;0
715;43;37;15;8;298;0;6;89;87;1875;11;88;30;84344832;0
716;43;37;1;1;298;0;0;88;87;1875;11;88;30;84344832;0
717;43;37;0;0;298;0;0;88;86;1875;11;88;30;84344832;0
718;42;36;210;443;299;0;240;88;87;1716;13;88;30;84344832;0
719;43;37;65;125;299;0;3;89;87;1716;13;88;30;84344832;0
720;44;37;3;0;300;0;5;89;87;1716;13;88;30;84344832;0
721;43;37;0;0;300;0;0;88;87;1716;13;88;30;84344832;0
722;41;36;194;418;301;0;236;88;87;1682;13;88;30;84344832;0
723;42;37;147;303;301;0;252;88;87;1682;13;88;30;84344832;0
724;43;37;37;82;302;0;0;89;87;1682;13;88;30;84344832;0
725;43;37;14;20;303;0;255;89;86;1682;13;88;30;84344832;0
726;44;37;2;0;302;0;255;89;86;1682;13;88;30;84344832;0
727;43;37;0;0;302;0;255;88;85;1682;13;88;30;84344832;0
728;43;37;0;0;301;0;255;88;85;1682;13;88;30;84344832;0
729;42;37;0;0;299;0;255;87;86;1682;13;88;30;84344832;0
730;42;37;0;0;297;0;255;87;87;1682;13;88;30;84279296;0
791;43;38;0;2;328;0;255;79;79;0;0;88;30;84279296;0
830;0;38;0;4;280;0;255;77;76;0;0;88;30;84279297;0
