# time;P_O2, atm;P_He, atm;Flow O2, l/min;Flow He, l/min;FiO2 Env, %;FiO2 sens2, %;P mask, cm H2O;Tmask, gradC;Tnagr, gradC;V, ml;f, 1/min;Tzad, gradC;FiO2 zad, %;Flags;
# POWERON 01.01.0000 01:00:00
1;0;0;0;5;0;0;0;135;135;0;0;0;30;83886592;0
50;0;0;0;4;634;0;248;135;135;0;0;0;30;83886085;0
# POWERON 01.01.0000 01:01:25
1;0;0;0;4;0;0;255;135;135;0;0;0;30;83886592;0
# POWERON 01.01.0000 01:06:13
1;0;0;0;4;0;0;0;135;135;0;0;0;30;83886592;0
45;17;0;0;4;1000;0;247;135;135;0;0;0;30;83886624;0
54;0;0;0;5;1000;0;255;135;135;0;0;0;30;83886592;0
115;0;0;0;3;1000;0;243;135;135;0;0;0;30;83886592;0
146;0;0;0;7;894;0;246;135;135;0;0;0;30;83886096;0
# POWERON 01.01.0000 01:09:07
1;0;0;0;5;0;0;0;135;135;0;0;0;30;83886592;0
50;0;0;0;6;146;0;248;135;135;0;0;0;30;83886336;0
# POWERON 01.01.0000 01:10:17
1;0;0;0;4;0;0;0;135;135;0;0;0;30;83886592;0
50;0;0;0;5;320;0;248;135;135;0;0;0;30;83886336;0
111;0;0;0;5;1000;0;255;135;135;0;0;0;30;83886336;0
# POWERON 01.01.0000 01:36:35
1;0;0;0;4;0;0;0;135;135;0;0;0;30;83886592;0
50;0;0;0;5;633;0;248;135;135;0;0;0;30;83886085;0
# POWERON 01.01.0000 01:38:18
1;0;0;0;4;0;0;255;135;135;0;0;0;30;83886592;0
2;0;0;0;5;108;0;255;135;135;0;0;0;30;83886085;0
# POWERON 01.01.0000 01:00:00
1;0;0;0;4;0;0;0;135;135;0;0;0;30;83886592;0
50;0;0;0;5;633;0;247;135;135;0;0;0;30;83886085;0
# POWERON 01.01.0000 01:00:00
1;0;0;0;4;0;0;255;135;135;0;0;0;30;83886592;0
# POWERON 01.01.0000 01:00:21
1;0;0;0;4;0;0;255;135;135;0;0;0;30;83886592;0
50;0;0;0;6;599;0;248;135;135;0;0;0;30;83886085;0
# POWERON 01.01.0000 01:01:28
1;0;0;0;5;0;0;255;135;135;0;0;0;30;83886592;0
2;0;0;0;5;110;0;255;135;135;0;0;0;30;83886085;0
22;0;0;0;5;210;0;255;135;135;0;0;0;30;50331653;0
23;0;0;0;4;167;0;255;135;135;0;0;0;30;50332165;0
69;36;0;0;4;600;0;255;135;135;0;0;0;30;50332164;0
101;37;0;0;5;1000;0;255;135;135;0;0;0;30;50331652;0
162;37;0;0;5;227;0;255;135;135;0;0;0;30;50331652;0
# POWERON 01.01.0000 01:04:44
1;37;0;0;5;71;0;255;135;135;0;0;0;30;50332160;0
2;37;0;0;5;628;0;0;135;135;0;0;0;30;50332164;0
8;0;0;0;5;1000;0;255;135;135;0;0;0;30;50332165;0
26;29;0;0;5;1000;0;255;135;135;0;0;0;30;50332164;0
33;7;0;0;5;1000;0;255;135;135;0;0;0;30;50332165;0
35;22;0;0;5;1000;0;255;135;135;0;0;0;30;50332164;0
42;4;0;0;5;1000;0;255;135;135;0;0;0;30;50332165;0
45;24;0;0;5;1000;0;255;135;135;0;0;0;30;50332164;0
52;6;0;0;5;1000;0;255;135;135;0;0;0;30;50332165;0
55;25;0;0;5;1000;0;255;135;135;0;0;0;30;50332164;0
61;1;0;0;5;1000;0;255;135;135;0;0;0;30;50331669;0
64;20;0;0;5;1000;0;255;135;135;0;0;0;30;50331668;0
# POWERON 01.01.0000 01:06:12
1;37;0;0;5;3;0;255;135;135;0;0;0;30;50332164;0
34;36;0;0;5;21;0;255;135;135;0;0;0;30;50331908;0
# POWERON 01.01.0000 01:06:56
1;37;0;0;5;185;0;255;135;135;0;0;0;30;50332164;0
34;36;0;0;5;1000;0;255;135;135;0;0;0;30;50331652;0
# POWERON 01.01.0000 01:07:51
1;37;0;0;4;0;0;255;135;135;0;0;0;30;50332160;0
2;37;0;0;5;555;0;255;135;135;0;0;0;30;50332164;0
11;28;0;302;5;1000;0;0;135;135;0;0;0;30;83886596;0
12;36;0;0;5;443;0;255;135;135;0;0;0;30;83886624;0
# POWERON 01.01.0000 01:08:11
1;37;0;0;5;0;0;0;135;135;0;0;0;30;83886592;0
5;37;0;0;5;0;0;255;135;135;0;0;0;30;83886624;0
12;0;0;0;5;650;0;255;135;135;0;0;0;30;83886592;0
58;0;0;0;6;498;0;250;135;135;0;0;0;30;83886085;0
# POWERON 01.01.0000 01:09:19
1;0;0;0;4;0;0;255;135;135;0;0;0;30;83886592;0
2;0;0;0;4;103;0;255;135;135;0;0;0;30;83886085;0
# POWERON 01.01.0000 02:58:03
1;0;0;0;5;0;0;0;135;135;0;0;0;30;83886592;0
2;0;0;0;5;107;0;0;135;135;0;0;0;30;83886085;0
29;36;0;0;5;206;0;255;135;135;0;0;0;30;83886084;0
33;37;38;0;5;205;0;255;135;135;0;0;0;30;83886080;0
38;36;38;12;2;185;0;13;135;135;0;0;0;30;83951616;0
39;36;38;3;5;185;0;0;135;135;0;0;0;30;83951616;0
40;35;37;139;196;186;0;247;135;135;0;0;0;30;83951616;0
41;34;36;297;301;186;0;252;135;135;0;0;0;30;83951616;0
42;36;37;119;91;199;0;1;135;135;0;0;0;30;83951616;0
43;36;38;4;0;225;0;12;135;135;0;0;0;30;83951616;0
44;37;38;0;0;262;0;7;135;135;0;0;0;30;83951616;0
45;36;38;2;3;295;0;254;135;135;0;0;0;30;83951616;0
46;35;36;238;236;333;0;240;135;135;2457;10;0;30;83951616;0
47;35;36;157;225;358;0;0;135;135;2457;10;0;30;83951616;0
48;36;37;28;28;380;0;4;135;135;2457;10;0;30;83951616;0
49;36;38;1;0;393;0;12;135;135;2457;10;0;30;83951616;0
50;37;38;0;1;396;0;1;135;135;2457;10;0;30;83951616;0
51;35;36;119;204;392;0;240;135;135;2191;10;0;30;83951616;0
52;32;36;121;187;386;0;248;135;135;2191;10;0;30;83951616;0
53;28;37;80;166;378;0;0;135;135;2191;10;0;30;83951616;0
54;24;38;8;2;372;0;6;135;135;2191;10;0;30;83951616;0
55;20;38;1;0;366;0;10;135;135;2191;10;0;30;83951616;0
56;14;38;0;9;359;0;0;135;135;2191;10;0;30;83951616;0
57;6;35;172;406;349;0;236;135;135;2205;10;0;30;83951617;0
58;8;36;144;220;343;0;0;135;135;2205;10;0;30;83951617;0
59;14;37;56;110;336;0;1;135;135;2205;10;0;30;83951617;0
60;15;38;3;0;332;0;9;135;135;2205;10;0;30;83951617;0
61;15;38;0;0;330;0;6;135;135;2205;10;0;30;83951617;0
62;15;37;7;186;327;0;251;135;135;2205;10;0;30;83951616;0
63;9;36;142;267;324;0;246;135;135;2227;10;0;30;83951617;0
64;5;36;151;238;321;0;0;135;135;2227;10;0;30;83951617;0
65;3;37;23;28;318;0;3;135;135;2227;10;0;30;83951617;0
66;3;38;0;0;338;0;9;135;135;0;0;0;30;83953665;0
67;6;38;0;0;339;0;2;135;135;0;0;0;30;83953665;0
68;13;38;0;2;338;0;223;135;135;0;0;0;30;83953665;0
69;16;38;0;0;338;0;210;135;135;0;0;0;30;83953665;0
70;22;38;0;3;333;0;247;135;135;0;0;0;30;83953665;0
71;28;38;0;4;322;0;7;135;135;0;0;0;30;83953665;0
72;32;38;0;5;308;0;9;135;135;0;0;0;30;83953665;0
73;34;38;0;5;292;0;0;135;135;0;0;0;30;83953665;0
74;34;38;0;5;278;0;224;135;135;0;0;0;30;83953665;0
75;34;38;0;5;266;0;201;135;135;0;0;0;30;83953665;0
76;34;38;0;5;256;0;0;135;135;0;0;0;30;83951616;0
77;34;38;5;5;228;0;12;135;135;0;0;0;30;83951616;0
78;34;38;1;6;221;0;7;135;135;0;0;0;30;83951616;0
79;34;37;6;361;216;0;244;135;135;0;0;0;30;83951616;0
80;33;35;204;532;211;0;235;135;135;0;0;0;30;83951616;0
81;34;36;152;199;210;0;255;135;135;0;0;0;30;83951616;0
82;42;38;14;6;218;0;6;135;135;0;0;0;30;83951616;0
83;49;38;1;0;234;0;12;135;135;0;0;0;30;83951616;0
84;52;38;0;2;256;0;1;135;135;0;0;0;30;83951616;0
85;57;37;129;158;279;0;247;135;135;2186;10;0;30;83951616;0
86;59;36;123;256;298;0;246;135;135;2186;10;0;30;83951616;0
87;61;37;76;140;316;0;1;135;135;2186;10;0;30;83951616;0
88;60;38;5;0;328;0;6;135;135;2186;10;0;30;83951616;0
89;59;38;0;0;337;0;9;135;135;2186;10;0;30;83951616;0
90;59;37;0;17;341;0;0;135;135;2186;10;0;30;83951616;0
91;56;36;114;249;340;0;244;135;135;2168;10;0;30;83951616;0
92;53;36;131;225;338;0;255;135;135;2168;10;0;30;83951616;0
93;54;37;50;103;334;0;1;135;135;2168;10;0;30;83951616;0
94;53;38;3;0;331;0;9;135;135;2168;10;0;30;83951616;0
95;51;38;0;0;329;0;5;135;135;2168;10;0;30;83951616;0
96;46;37;14;194;326;0;247;135;135;2168;10;0;30;83951616;0
97;34;36;143;407;323;0;238;135;135;2209;10;0;30;83951616;0
98;32;36;110;191;320;0;1;135;135;2209;10;0;30;83951616;0
99;33;37;22;16;316;0;3;135;135;2209;10;0;30;83951616;0
100;33;38;3;0;315;0;10;135;135;2209;10;0;30;83951616;0
101;33;38;1;5;316;0;0;135;135;2209;10;0;30;83951616;0
102;32;39;112;169;316;0;248;135;135;2224;10;0;30;83951616;0
103;32;44;111;283;316;0;245;135;135;2224;10;0;30;83951616;0
104;33;47;67;141;314;0;0;135;135;2224;10;0;30;83951616;0
105;33;51;6;0;313;0;5;135;135;2224;10;0;30;83951616;0
106;33;52;1;0;313;0;6;135;135;2224;10;0;30;83951616;0
107;33;52;2;10;312;0;0;135;135;2224;10;0;30;83951616;0
108;32;44;179;395;310;0;243;135;135;2222;10;0;30;83951616;0
109;32;39;107;305;308;0;243;135;135;2222;10;0;30;83951616;0
110;33;37;50;102;306;0;1;135;135;2222;10;0;30;83951616;0
111;33;37;2;0;305;0;8;135;135;2222;10;0;30;83951616;0
112;33;37;0;0;326;0;5;135;135;0;0;0;30;83886080;0
# POWERON 01.01.0000 03:42:48
1;40;0;0;5;0;0;0;135;135;0;0;0;30;83886592;0
2;40;0;0;5;113;0;0;135;135;0;0;0;30;83886084;0
26;64;0;0;4;221;0;255;135;135;0;0;0;30;83886086;0
27;58;0;0;5;222;0;255;135;135;0;0;0;30;83886084;0
51;6;0;0;5;222;0;255;135;135;0;0;0;30;83886085;0
90;41;0;0;5;221;0;255;135;135;0;0;0;30;83886084;0
98;67;0;0;5;221;0;255;135;135;0;0;0;30;83886086;0
102;60;0;0;5;221;0;255;135;135;0;0;0;30;83886084;0
135;0;0;0;5;221;0;255;135;135;0;0;0;30;83886085;0
167;41;0;0;5;221;0;255;135;135;0;0;0;30;83886084;0
191;6;0;0;5;220;0;255;135;135;0;0;0;30;83886085;0
215;52;0;0;5;221;0;255;135;135;0;0;0;30;83886084;0
239;5;0;0;5;220;0;255;135;135;0;0;0;30;83886085;0
275;56;0;0;5;220;0;255;135;135;0;0;0;30;83886084;0
298;67;0;0;5;219;0;255;135;135;0;0;0;30;83886086;0
309;60;0;0;5;220;0;255;135;135;0;0;0;30;83886084;0
326;4;0;0;5;220;0;255;135;135;0;0;0;30;83886085;0
387;0;0;0;5;219;0;255;135;135;0;0;0;30;83886085;0
409;56;0;0;5;219;0;255;135;135;0;0;0;30;83886084;0
415;67;0;0;5;219;0;255;135;135;0;0;0;30;83886086;0
422;57;0;0;5;219;0;255;135;135;0;0;0;30;83886084;0
483;45;0;0;5;219;0;255;135;135;0;0;0;30;83886084;0
493;66;0;0;5;219;0;255;135;135;0;0;0;30;83886086;0
496;64;0;0;4;219;0;255;135;135;0;0;0;30;83886084;0
553;38;33;0;5;219;0;255;135;135;0;0;0;30;83886080;0
614;38;32;0;5;219;0;255;135;135;0;0;0;30;83886080;0
650;38;32;0;7;199;0;255;135;135;0;0;0;30;83951616;0
651;38;32;0;6;199;0;4;135;135;0;0;0;30;83951616;0
652;38;32;0;6;199;0;14;135;135;0;0;0;30;83951616;0
653;38;32;0;6;199;0;3;135;135;0;0;0;30;83951616;0
654;36;31;103;214;199;0;248;135;135;0;0;0;30;83951616;0
655;35;31;153;269;199;0;251;135;135;0;0;0;30;83951616;0
656;36;32;104;130;204;0;0;135;135;0;0;0;30;83951616;0
657;38;33;6;1;215;0;7;135;135;0;0;0;30;83951616;0
658;38;33;0;0;235;0;9;135;135;0;0;0;30;83951616;0
659;38;32;2;9;263;0;0;135;135;0;0;0;30;83951616;0
660;36;31;148;216;287;0;240;135;135;2226;10;0;30;83951616;0
661;35;31;120;201;317;0;0;135;135;2226;10;0;30;83951616;0
662;37;32;57;103;329;0;1;135;135;2226;10;0;30;83951616;0
663;38;33;3;0;342;0;11;135;135;2226;10;0;30;83951616;0
664;38;33;0;0;348;0;7;135;135;2226;10;0;30;83951616;0
665;38;32;23;114;347;0;251;135;135;2226;10;0;30;83951616;0
666;35;31;168;396;343;0;234;135;135;2174;10;0;30;83951616;0
667;36;31;93;180;338;0;0;135;135;2174;10;0;30;83951616;0
668;38;32;16;14;334;0;5;135;135;2174;10;0;30;83951616;0
669;38;33;1;0;330;0;11;135;135;2174;10;0;30;83951616;0
670;38;32;0;5;327;0;0;135;135;2174;10;0;30;83951616;0
671;37;31;107;211;324;0;246;135;135;2206;10;0;30;83951616;0
672;36;31;125;325;321;0;248;135;135;2206;10;0;30;83951616;0
673;37;32;74;155;317;0;0;135;135;2206;10;0;30;83951616;0
674;38;33;5;0;314;0;5;135;135;2206;10;0;30;83951616;0
675;38;33;0;0;313;0;5;135;135;2206;10;0;30;83951616;0
676;38;32;1;13;312;0;255;135;135;2206;10;0;30;83951616;0
677;37;31;114;309;311;0;243;135;135;2205;10;0;30;83951616;0
678;36;31;109;222;309;0;252;135;135;2205;10;0;30;83951616;0
679;37;32;40;60;308;0;4;135;135;2205;10;0;30;83951616;0
680;38;33;2;0;307;0;8;135;135;2205;10;0;30;83951616;0
681;38;33;0;0;307;0;3;135;135;2205;10;0;30;83951616;0
682;38;32;6;1;327;0;234;135;135;0;0;0;30;83886080;0
717;38;33;0;6;210;0;201;135;135;0;0;0;30;83951616;0
718;37;32;45;118;190;0;253;135;135;0;0;0;30;83951616;0
719;38;33;5;0;190;0;5;135;135;0;0;0;30;83951616;0
720;38;33;0;0;190;0;14;135;135;0;0;0;30;83951616;0
721;38;33;0;0;190;0;0;135;135;0;0;0;30;83951616;0
722;37;31;87;154;190;0;246;135;135;0;0;0;30;83951616;0
723;35;31;208;316;190;0;239;135;135;0;0;0;30;83951616;0
724;36;32;100;110;190;0;1;135;135;0;0;0;30;83951616;0
725;38;33;4;0;189;0;11;135;135;0;0;0;30;83951616;0
726;38;33;2;0;189;0;7;135;135;0;0;0;69;83951616;0
727;38;33;1;1;189;0;255;135;135;0;0;0;69;83951616;0
728;29;32;460;79;189;0;246;135;135;2222;10;0;69;83951616;0
729;19;33;426;0;188;0;0;135;135;2222;10;0;69;83951616;0
730;32;33;121;4;188;0;8;135;135;2222;10;0;69;83951616;0
731;38;33;2;8;188;0;11;135;135;2222;10;0;69;83951616;0
732;38;33;0;9;188;0;5;135;135;2222;10;0;69;83951616;0
733;34;33;244;6;188;0;241;135;135;2338;10;0;69;83951616;0
734;22;33;613;8;188;0;236;135;135;2338;10;0;69;83951616;0
735;16;33;326;13;188;0;3;135;135;2338;10;0;69;83951616;0
736;37;33;20;12;187;0;8;135;135;2338;10;0;69;83951616;0
737;38;33;1;11;187;0;10;135;135;2338;10;0;69;83951616;0
738;38;33;0;11;187;0;0;135;135;2338;10;0;69;83951616;0
739;32;33;272;5;187;0;240;135;135;2414;10;0;69;83951616;0
740;15;33;521;12;187;0;3;135;135;2414;10;0;69;83951616;0
741;22;33;249;16;186;0;4;135;135;2414;10;0;69;83951616;0
742;38;33;5;14;186;0;12;135;135;2414;10;0;69;83951616;0
743;38;33;0;12;186;0;7;135;135;2414;10;0;69;83951616;0
744;38;33;0;11;186;0;255;135;135;2414;10;0;69;83951616;0
745;28;33;537;9;186;0;246;135;135;2421;10;0;69;83951616;0
746;18;33;426;18;186;0;255;135;135;2421;10;0;69;83951616;0
747;35;33;94;12;186;0;8;135;135;2421;10;0;69;83951616;0
748;38;33;2;12;186;0;14;135;135;2421;10;0;69;83951616;0
749;38;33;0;12;186;0;2;135;135;2421;10;0;69;83951616;0
750;34;33;289;12;186;0;240;135;135;2433;10;0;69;83951616;0
751;21;33;448;12;186;0;2;135;135;2433;10;0;69;83951616;0
752;22;33;333;12;186;0;3;135;135;2433;10;0;69;83951616;0
753;37;33;20;12;185;0;8;135;135;2433;10;0;69;83951616;0
754;38;33;1;12;185;0;14;135;135;2433;10;0;69;83951616;0
755;38;33;0;12;186;0;0;135;135;2433;10;0;69;83951616;0
756;32;33;271;11;185;0;241;135;135;2427;10;0;69;83951616;0
757;20;33;524;9;185;0;243;135;135;2427;10;0;69;83951616;0
758;28;33;248;12;186;0;4;135;135;2427;10;0;69;83951616;0
759;38;33;3;11;185;0;13;135;135;2427;10;0;69;83951616;0
760;38;33;0;11;185;0;9;135;135;2427;10;0;69;83951616;0
761;38;33;5;12;186;0;206;135;135;2427;10;0;69;83951616;0
762;26;33;399;9;185;0;246;135;135;2427;10;0;69;83951680;0
763;19;33;404;16;186;0;2;135;135;2427;10;0;69;83951680;0
764;34;33;115;12;186;0;9;135;135;2427;10;0;69;83951680;0
765;38;33;1;11;185;0;14;135;135;2427;10;0;69;83951680;0
766;38;33;0;11;185;0;4;135;135;2427;10;0;69;83951680;0
767;34;33;293;11;186;0;241;135;135;2426;10;0;69;83951680;0
768;21;33;527;13;185;0;5;135;135;2426;10;0;69;83951680;0
769;22;33;332;13;186;0;4;135;135;2426;10;0;69;83951680;0
770;37;33;19;13;185;0;8;135;135;2426;10;0;69;83951680;0
771;38;33;0;11;185;0;11;135;135;2426;10;0;69;83951680;0
772;38;33;1;12;185;0;0;135;135;2426;10;0;69;83951680;0
773;32;33;352;12;185;0;240;135;135;2435;10;0;69;83951680;0
774;18;33;517;16;185;0;2;135;135;2435;10;0;69;83951680;0
775;29;33;228;12;186;0;5;135;135;2435;10;0;69;83951680;0
776;38;33;4;12;185;0;13;135;135;2435;10;0;69;83886144;0
777;38;33;0;11;205;0;7;135;135;0;0;0;69;83886080;0
784;38;33;0;8;205;0;219;135;135;0;0;0;69;83951616;0
785;30;32;268;118;185;0;0;135;135;0;0;0;69;83951616;0
786;30;33;326;0;185;0;2;135;135;0;0;0;69;83951616;0
787;38;33;18;2;186;0;7;135;135;0;0;0;69;83951616;0
788;38;33;1;6;185;0;11;135;135;0;0;0;69;83951616;0
789;38;33;0;9;185;0;0;135;135;0;0;0;69;83951616;0
790;32;33;344;8;182;0;239;135;135;0;0;0;69;83951616;0
791;18;33;532;16;173;0;3;135;135;0;0;0;69;83951616;0
792;28;33;228;11;76;0;5;135;135;0;0;0;69;83951616;0
793;38;33;4;11;14;0;13;135;135;0;0;0;69;83951616;0
794;38;33;1;12;0;0;9;135;135;0;0;0;69;83951616;0
795;37;33;402;8;0;0;221;135;135;0;0;0;69;83951616;0
796;26;33;398;13;0;0;244;135;135;2433;10;0;69;83951616;0
797;18;33;396;9;0;0;3;135;135;2433;10;0;69;83951616;0
798;36;33;64;12;0;0;9;135;135;2433;10;0;69;83951616;0
799;38;33;1;11;0;0;14;135;135;2433;10;0;69;83951616;0
800;38;33;1;12;0;0;2;135;135;2433;10;0;69;83951616;0
801;38;33;0;11;0;0;217;135;135;0;0;0;69;83953728;0
802;38;33;0;11;1;0;217;135;135;0;0;0;69;83953728;0
803;38;33;0;10;1;0;247;135;135;0;0;0;69;83953728;0
804;38;33;0;11;1;0;7;135;135;0;0;0;69;83953728;0
805;38;33;0;11;1;0;11;135;135;0;0;0;69;83953728;0
806;38;33;0;9;1;0;255;135;135;0;0;0;69;83953728;0
807;38;33;0;11;1;0;217;135;135;0;0;0;69;83953728;0
808;38;33;0;8;1;0;211;135;135;0;0;0;69;83953728;0
809;38;33;0;9;0;0;255;135;135;0;0;0;69;83953728;0
810;38;33;0;9;1;0;14;135;135;0;0;0;69;83953728;0
811;38;33;0;9;1;0;9;135;135;0;0;0;69;83953728;0
812;38;33;0;9;0;0;244;135;135;0;0;0;69;83953728;0
813;38;33;0;11;1;0;201;135;135;0;0;0;69;83953728;0
814;38;33;0;6;1;0;229;135;135;0;0;0;69;83953728;0
815;38;33;0;9;1;0;5;135;135;0;0;0;69;83953728;0
816;38;33;0;8;1;0;13;135;135;0;0;0;69;83953728;0
817;38;33;0;9;1;0;255;135;135;0;0;0;69;83953728;0
818;38;33;0;8;0;0;254;135;135;0;0;0;69;83953728;0
819;38;33;0;9;0;0;253;135;135;0;0;0;69;83953728;0
820;38;33;0;9;0;0;255;135;135;0;0;0;69;83953728;0
821;38;33;0;8;1;0;0;135;135;0;0;0;69;83953728;0
822;38;33;0;8;1;0;0;135;135;0;0;0;69;83953728;0
823;38;33;0;8;1;0;255;135;135;0;0;0;69;83953728;0
824;38;33;0;8;1;0;253;135;135;0;0;0;69;83953728;0
825;38;33;0;8;1;0;254;135;135;0;0;0;69;83953728;0
826;38;33;0;8;1;0;255;135;135;0;0;0;69;83953728;0
827;38;33;0;7;3;0;0;135;135;0;0;0;69;83953728;0
828;38;33;0;8;2;0;0;135;135;0;0;0;69;83953728;0
829;38;33;0;8;1;0;254;135;135;0;0;0;69;83953728;0
830;38;33;0;8;1;0;250;135;135;0;0;0;69;83953728;0
831;38;33;0;7;1;0;255;135;135;0;0;0;69;83953728;0
832;38;33;0;8;1;0;0;135;135;0;0;0;69;83953728;0
833;38;33;0;7;1;0;0;135;135;0;0;0;69;83953728;0
834;38;33;0;7;0;0;0;135;135;0;0;0;69;83953728;0
835;38;33;0;6;1;0;224;135;135;0;0;0;69;83953728;0
836;38;33;0;7;5;0;211;135;135;0;0;0;69;83953728;0
837;38;33;0;6;5;0;252;135;135;0;0;0;69;83953728;0
838;38;33;0;8;8;0;8;135;135;0;0;0;69;83953728;0
839;38;33;0;8;15;0;10;135;135;0;0;0;69;83953728;0
840;38;33;0;7;17;0;255;135;135;0;0;0;69;83953728;0
841;38;33;0;9;9;0;201;135;135;0;0;0;69;83953728;0
842;38;33;0;8;5;0;213;135;135;0;0;0;69;83953728;0
843;38;33;0;4;8;0;0;135;135;0;0;0;69;83953728;0
844;38;33;0;8;119;0;12;135;135;0;0;0;69;83953728;0
845;38;33;0;8;176;0;7;135;135;0;0;0;69;83953728;0
846;38;33;0;9;195;0;241;135;135;0;0;0;69;83953728;0
847;38;33;0;9;202;0;201;135;135;0;0;0;69;83888192;0
848;38;33;0;8;204;0;251;135;135;0;0;0;69;83886080;0
852;38;33;0;6;203;0;224;135;135;0;0;0;69;83951616;0
853;31;32;323;162;183;0;227;135;135;0;0;0;69;83951616;0
854;30;33;287;0;189;0;3;135;135;0;0;0;69;83951616;0
855;38;33;9;2;221;0;9;135;135;0;0;0;69;83951616;0
856;38;33;1;8;282;0;6;135;135;0;0;0;69;83951616;0
857;38;33;0;9;362;0;255;135;135;0;0;0;69;83951616;0
858;30;33;488;9;445;0;223;135;135;0;0;0;69;83951616;0
859;18;33;385;13;521;0;0;135;135;0;0;0;69;83951616;0
860;32;32;183;12;587;0;7;135;135;0;0;0;69;83951616;0
861;38;33;2;0;646;0;12;135;135;0;0;0;69;83951616;0
862;38;33;0;4;686;0;8;135;135;0;0;0;69;83951616;0
863;34;33;281;4;719;0;240;135;135;0;0;0;69;83951616;0
864;27;32;461;28;743;0;224;135;135;2435;10;0;69;83951616;0
865;31;32;244;94;765;0;4;135;135;2435;10;0;69;83951616;0
866;38;32;31;9;780;0;9;135;135;2435;10;0;69;83951616;0
867;38;33;1;0;781;0;15;135;135;2435;10;0;69;83951616;0
868;38;33;1;1;769;0;2;135;135;2435;10;0;69;83951616;0
869;35;32;165;65;750;0;253;135;135;2365;10;0;69;83951616;0
870;30;32;362;141;729;0;230;135;135;2365;10;0;69;83951616;0
871;34;32;190;75;711;0;2;135;135;2365;10;0;69;83951616;0
872;38;33;7;0;697;0;9;135;135;2365;10;0;69;83951616;0
873;38;33;1;0;687;0;6;135;135;2365;10;0;69;83951616;0
874;38;33;0;1;680;0;255;135;135;2365;10;0;69;83951616;0
875;33;32;387;154;675;0;229;135;135;2350;10;0;69;83951616;0
876;29;32;339;100;671;0;249;135;135;2350;10;0;69;83951616;0
877;36;32;111;31;667;0;7;135;135;2350;10;0;69;83951616;0
878;38;33;2;0;666;0;12;135;135;2350;10;0;69;83951616;0
879;38;33;0;0;667;0;0;135;135;2350;10;0;69;83951616;0
880;36;32;131;45;668;0;235;135;135;2349;10;0;69;83951616;0
881;28;32;497;143;669;0;254;135;135;2349;10;0;69;83951616;0
882;30;32;265;73;670;0;3;135;135;2349;10;0;69;83951616;0
883;37;32;32;8;671;0;10;135;135;2349;10;0;69;83951616;0
884;38;33;2;0;675;0;13;135;135;2349;10;0;69;83951616;0
885;38;33;0;0;679;0;1;135;135;2349;10;0;69;83951616;0
886;34;32;188;47;683;0;255;135;135;2359;10;0;69;83951616;0
887;29;32;367;118;687;0;229;135;135;2359;10;0;69;83951616;0
888;33;32;194;51;689;0;5;135;135;2359;10;0;69;83951616;0
889;38;33;5;0;692;0;11;135;135;2359;10;0;69;83951616;0
890;38;33;0;1;693;0;8;135;135;2359;10;0;69;83951616;0
891;38;33;19;17;694;0;201;135;135;2359;10;0;69;83951616;0
892;31;32;418;115;695;0;248;135;135;2350;10;0;69;83951616;0
893;29;32;329;106;694;0;247;135;135;2350;10;0;69;83951616;0
894;36;32;109;32;694;0;7;135;135;2350;10;0;69;83951616;0
895;38;33;2;0;693;0;11;135;135;2350;10;0;69;83951616;0
896;38;33;0;0;692;0;4;135;135;2350;10;0;69;83951616;0
897;36;32;132;47;690;0;231;135;135;2350;10;0;69;83951616;0
898;28;32;485;141;688;0;0;135;135;2350;10;0;69;83951616;0
899;31;32;263;77;686;0;3;135;135;2350;10;0;69;83951616;0
900;38;33;18;4;685;0;9;135;135;2350;10;0;30;83951616;0
901;38;33;0;0;686;0;10;135;135;2350;10;0;30;83951616;0
902;38;33;0;1;687;0;0;135;135;2350;10;0;30;83951616;0
903;34;32;264;78;688;0;240;135;135;2351;10;0;30;83951616;0
904;28;32;437;165;689;0;252;135;135;2351;10;0;30;83951616;0
905;34;32;165;66;689;0;4;135;135;2351;10;0;30;83951616;0
906;38;33;5;0;687;0;12;135;135;2351;10;0;30;83951616;0
907;38;33;0;1;684;0;7;135;135;2351;10;0;30;83951616;0
908;38;33;0;0;680;0;246;135;135;2351;10;0;30;83951616;0
909;32;32;388;146;675;0;249;135;135;2347;10;0;30;83951616;0
910;32;32;281;174;670;0;246;135;135;2347;10;0;30;83951616;0
911;37;32;55;38;664;0;6;135;135;2347;10;0;30;83951616;0
912;38;33;2;0;655;0;12;135;135;2347;10;0;30;83951616;0
913;38;33;0;0;639;0;3;135;135;2347;10;0;30;83951616;0
914;36;32;184;162;620;0;244;135;135;2276;10;0;30;83951616;0
915;33;31;202;176;600;0;0;135;135;2276;10;0;30;83951616;0
916;37;32;95;156;581;0;1;135;135;2276;10;0;30;83951616;0
917;38;33;7;1;564;0;7;135;135;2276;10;0;30;83951616;0
918;38;33;0;0;543;0;9;135;135;2276;10;0;30;83951616;0
919;38;32;1;11;522;0;0;135;135;2276;10;0;30;83951616;0
920;37;31;115;248;498;0;248;135;135;2148;10;0;30;83951616;0
921;36;31;115;233;472;0;251;135;135;2148;10;0;30;83951616;0
922;38;32;47;135;455;0;1;135;135;2148;10;0;30;83951616;0
923;38;33;3;0;435;0;10;135;135;2148;10;0;30;83951616;0
924;38;33;0;0;414;0;6;135;135;2148;10;0;30;83951616;0
925;38;32;8;157;386;0;241;135;135;2148;10;0;30;83951616;0
926;37;30;106;420;360;0;239;135;135;2178;10;0;30;83951616;0
927;37;31;102;289;339;0;0;135;135;2178;10;0;30;83951616;0
928;38;32;22;46;319;0;3;135;135;2178;10;0;30;83951616;0
929;38;33;2;0;303;0;9;135;135;2178;10;0;30;83951616;0
930;38;33;0;2;288;0;2;135;135;2178;10;0;30;83951616;0
931;38;31;57;273;275;0;246;135;135;2280;10;0;30;83951616;0
932;37;31;95;223;263;0;249;135;135;2280;10;0;30;83951616;0
933;37;32;76;169;253;0;1;135;135;2280;10;0;30;83951616;0
934;38;33;6;0;244;0;5;135;135;2280;10;0;30;83951616;0
935;38;33;1;0;244;0;7;135;135;2280;10;0;30;83951616;0
936;38;32;1;9;248;0;0;135;135;2280;10;0;30;83951616;0
937;37;31;103;243;254;0;243;135;135;2254;10;0;30;83951616;0
938;37;32;49;96;260;0;255;135;135;2254;10;0;30;83951616;0
939;38;32;18;28;266;0;255;135;135;2254;10;0;30;83951616;0
940;38;33;2;0;272;0;255;135;135;2254;10;0;30;83951616;0
941;38;33;0;0;278;0;255;135;135;2254;10;0;30;83951616;0
942;38;33;0;0;283;0;255;135;135;2254;10;0;30;83951616;0
943;38;33;0;0;287;0;255;135;135;2254;10;0;30;83951616;0
944;38;33;0;0;290;0;255;135;135;2254;10;0;30;83951616;0
945;38;33;0;0;293;0;255;135;135;2254;10;0;30;83951616;0
946;38;33;0;0;298;0;255;135;135;2254;10;0;30;83951616;0
947;38;33;0;0;303;0;255;135;135;2254;10;0;30;83951616;0
948;38;33;0;1;308;0;255;135;135;2254;10;0;30;83951616;0
949;38;33;0;1;314;0;255;135;135;2254;10;0;30;83951616;0
950;38;33;0;2;320;0;255;135;135;2254;10;0;30;83951616;0
951;38;33;0;2;326;0;255;135;135;2254;10;0;30;83951616;0
952;38;33;0;3;333;0;255;135;135;2254;10;0;30;83951616;0
953;38;33;0;3;338;0;255;135;135;2254;10;0;30;83951616;0
962;38;33;5;1;380;0;6;135;135;0;0;0;30;83959808;0
963;38;33;2;0;384;0;13;135;135;0;0;0;30;83959808;0
964;38;33;0;0;389;0;0;135;135;0;0;0;30;83959808;0
965;37;31;89;266;397;0;243;135;135;0;0;0;30;83951616;0
966;36;31;104;266;403;0;250;135;135;0;0;0;30;83951616;0
967;37;32;54;157;404;0;1;135;135;0;0;0;30;83951616;0
968;38;33;6;1;397;0;5;135;135;0;0;0;30;83951616;0
969;38;33;1;0;380;0;5;135;135;0;0;0;30;83951616;0
970;38;32;1;20;362;0;0;135;135;0;0;0;30;83951616;0
971;37;31;89;343;341;0;238;135;135;0;0;0;30;83951616;0
972;36;31;100;237;323;0;250;135;135;0;0;0;30;83951616;0
973;37;32;48;116;307;0;1;135;135;0;0;0;30;83951616;0
974;38;33;3;0;297;0;10;135;135;0;0;0;30;83951616;0
975;38;33;1;0;291;0;6;135;135;0;0;0;20;83951616;0
976;38;32;15;119;287;0;243;135;135;0;0;0;20;83951616;0
977;36;31;121;363;284;0;236;135;135;2256;10;0;20;83951616;0
978;37;31;78;244;282;0;0;135;135;2256;10;0;20;83951616;0
979;38;32;17;33;281;0;3;135;135;2256;10;0;20;83951616;0
980;38;33;1;0;278;0;9;135;135;2256;10;0;20;83951616;0
981;38;32;0;10;270;0;1;135;135;2256;10;0;20;83951616;0
982;37;31;67;238;259;0;253;135;135;2243;10;0;20;83951616;0
983;37;31;78;386;248;0;244;135;135;2243;10;0;20;83951616;0
984;37;32;47;183;239;0;0;135;135;2243;10;0;20;83951616;0
985;38;33;6;1;230;0;5;135;135;2243;10;0;20;83951616;0
986;38;33;0;0;222;0;3;135;135;2243;10;0;20;83951616;0
987;38;32;0;10;217;0;0;135;135;2243;10;0;20;83951616;0
988;37;31;71;365;214;0;239;135;135;2315;10;0;20;83951616;0
989;37;31;78;277;212;0;251;135;135;2315;10;0;20;83951616;0
990;38;32;36;140;210;0;1;135;135;2315;10;0;20;83951616;0
991;38;33;2;0;207;0;7;135;135;2315;10;0;20;83951616;0
992;38;33;0;0;204;0;2;135;135;2315;10;0;20;83951616;0
993;38;32;11;160;201;0;245;135;135;2315;10;0;20;83951616;0
994;37;30;103;579;199;0;235;135;135;2318;10;0;20;83951616;0
995;37;31;65;230;199;0;0;135;135;2318;10;0;20;83951616;0
996;38;32;16;28;197;0;4;135;135;2318;10;0;20;83951616;0
997;38;33;1;0;195;0;7;135;135;2318;10;0;20;83951616;0
998;38;32;0;8;194;0;0;135;135;2318;10;0;20;83951616;0
999;37;31;72;249;194;0;251;135;135;2323;10;0;20;83951616;0
1000;37;31;72;393;194;0;241;135;135;2323;10;0;20;83951616;0
1001;37;31;49;195;195;0;0;135;135;2323;10;0;20;83951616;0
1002;38;33;6;2;194;0;4;135;135;2323;10;0;20;83951616;0
1003;38;33;0;0;193;0;3;135;135;2323;10;0;20;83951616;0
1004;38;32;0;9;192;0;0;135;135;2323;10;0;20;83951616;0
1005;37;30;90;521;192;0;237;135;135;2320;10;0;20;83951616;0
1006;37;31;72;278;192;0;253;135;135;2320;10;0;20;83951616;0
1007;38;32;34;122;192;0;2;135;135;2320;10;0;20;83951616;0
1008;38;33;2;0;192;0;6;135;135;2320;10;0;20;83951616;0
1009;38;33;0;0;191;0;3;135;135;2320;10;0;20;83951616;0
1010;38;32;11;166;190;0;249;135;135;2320;10;0;20;83951616;0
1011;37;30;103;568;190;0;233;135;135;2322;10;0;20;83951616;0
1012;37;31;66;233;191;0;0;135;135;2322;10;0;20;83951616;0
1013;38;32;16;32;190;0;4;135;135;2322;10;0;20;83951616;0
1014;38;33;1;2;190;0;7;135;135;2322;10;0;20;83951616;0
1015;38;33;0;4;189;0;0;135;135;2322;10;0;20;83951616;0
1016;37;31;69;257;188;0;251;135;135;2325;10;0;20;83951616;0
1017;37;30;91;492;189;0;234;135;135;2325;10;0;20;83951616;0
1018;37;32;47;187;188;0;0;135;135;2325;10;0;20;83951616;0
1019;38;33;5;4;188;0;4;135;135;2325;10;0;20;83951616;0
1020;38;33;0;2;188;0;2;135;135;2325;10;0;20;83951616;0
1021;38;32;0;6;188;0;255;135;135;2325;10;0;20;83951616;0
1022;37;30;90;518;189;0;237;135;135;2325;10;0;20;83951616;0
1023;37;31;74;270;190;0;252;135;135;2325;10;0;20;83951616;0
1024;38;32;36;121;190;0;2;135;135;2325;10;0;20;83951616;0
1025;38;33;2;3;191;0;6;135;135;2325;10;0;20;83951616;0
1026;38;33;0;2;192;0;2;135;135;2325;10;0;20;83951616;0
1027;38;32;14;168;193;0;251;135;135;2325;10;0;20;83951616;0
1028;36;29;142;528;195;0;247;135;135;2314;10;0;20;83951616;0
1029;37;31;59;218;197;0;0;135;135;2314;10;0;20;83951616;0
1030;38;32;13;17;198;0;5;135;135;2314;10;0;20;83951616;0
1031;38;33;1;2;198;0;7;135;135;2314;10;0;20;83951616;0
1032;38;33;0;5;199;0;255;135;135;2314;10;0;20;83951616;0
1033;37;31;67;183;199;0;247;135;135;2315;10;0;20;83951616;0
1034;37;29;128;525;200;0;249;135;135;2315;10;0;20;83951616;0
1035;37;32;46;165;200;0;1;135;135;2315;10;0;20;83951616;0
1036;38;33;5;4;200;0;4;135;135;2315;10;0;20;83951616;0
1037;38;33;0;2;199;0;2;135;135;2315;10;0;20;83951616;0
1038;38;32;0;6;198;0;255;135;135;2315;10;0;20;83951616;0
1039;37;30;92;524;198;0;236;135;135;2310;10;0;20;83951616;0
1040;37;31;82;445;199;0;243;135;135;2310;10;0;20;83951616;0
1041;38;32;26;71;198;0;3;135;135;2310;10;0;20;83951616;0
1042;38;33;1;1;198;0;6;135;135;2310;10;0;20;83951616;0
1043;38;33;0;1;197;0;2;135;135;2310;10;0;20;83951616;0
1044;38;31;23;230;195;0;245;135;135;2313;10;0;20;83951616;0
1045;36;29;140;540;194;0;246;135;135;2313;10;0;20;83951616;0
1046;37;31;61;212;195;0;0;135;135;2313;10;0;20;83951616;0
1047;38;32;13;16;195;0;4;135;135;2313;10;0;20;83951616;0
1048;38;33;1;1;196;0;7;135;135;2313;10;0;20;83951616;0
1049;38;33;0;3;198;0;0;135;135;2313;10;0;20;83951616;0
1050;37;31;71;184;200;0;249;135;135;2305;10;0;20;83951616;0
1051;37;30;99;456;202;0;238;135;135;2305;10;0;20;83951616;0
1052;38;32;42;147;204;0;1;135;135;2305;10;0;20;83951616;0
1053;38;33;5;2;204;0;6;135;135;2305;10;0;20;83951616;0
1054;38;33;0;1;204;0;3;135;135;2305;10;0;20;83951616;0
1055;38;32;0;295;203;0;246;135;135;2305;10;0;20;83951616;0
1056;37;30;121;440;202;0;247;135;135;2304;10;0;20;83951616;0
1057;37;30;99;373;202;0;0;135;135;2304;10;0;20;83951616;0
1058;38;32;26;70;202;0;3;135;135;2304;10;0;20;83951616;0
1059;38;33;2;1;201;0;6;135;135;2304;10;0;20;83951616;0
1060;38;33;0;1;200;0;3;135;135;2304;10;0;20;83951616;0
1061;38;31;23;233;198;0;247;135;135;2307;10;0;20;83951616;0
1062;37;29;142;556;197;0;244;135;135;2307;10;0;20;83951616;0
1063;37;31;59;209;197;0;0;135;135;2307;10;0;20;83951616;0
1064;38;33;10;8;197;0;4;135;135;2307;10;0;20;83951616;0
1065;38;33;1;0;198;0;6;135;135;2307;10;0;20;83951616;0
1066;38;33;0;4;199;0;0;135;135;2307;10;0;20;83951616;0
1067;37;31;65;249;200;0;242;135;135;2301;10;0;30;83951616;0
1068;37;29;131;535;202;0;245;135;135;2301;10;0;30;83951616;0
1069;37;32;94;105;203;0;2;135;135;2301;10;0;30;83951616;0
1070;38;33;5;2;205;0;7;135;135;2301;10;0;30;83951616;0
1071;38;33;1;1;217;0;3;135;135;2301;10;0;30;83951616;0
1072;38;32;71;160;244;0;254;135;135;2301;10;0;30;83951616;0
1073;35;31;250;292;268;0;244;135;135;2317;10;0;30;83951616;0
1074;36;31;150;303;294;0;244;135;135;2317;10;0;30;83951616;0
1075;38;32;33;35;317;0;3;135;135;2317;10;0;30;83951616;0
1076;38;33;1;1;333;0;8;135;135;2317;10;0;30;83951616;0
1077;38;33;0;1;342;0;2;135;135;2317;10;0;30;83951616;0
1078;37;31;141;215;346;0;252;135;135;2146;10;0;30;83951616;0
1079;35;31;160;212;348;0;0;135;135;2146;10;0;30;83951616;0
1080;37;32;82;171;348;0;0;135;135;2146;10;0;30;83951616;0
1081;38;33;9;4;347;0;5;135;135;2146;10;0;30;83951616;0
1082;38;33;1;1;345;0;7;135;135;2146;10;0;30;83951616;0
1083;38;32;1;9;341;0;0;135;135;2146;10;0;30;83951616;0
1084;37;31;113;284;335;0;240;135;135;2165;10;0;30;83951616;0
1085;36;30;216;447;331;0;246;135;135;2165;10;0;30;83951616;0
1086;37;32;67;134;326;0;0;135;135;2165;10;0;30;83951616;0
1087;38;33;3;1;323;0;8;135;135;2165;10;0;30;83951616;0
1088;38;33;0;1;321;0;5;135;135;2165;10;0;30;83951616;0
1089;38;32;0;196;319;0;238;135;135;2165;10;0;30;83951616;0
1090;36;31;134;295;318;0;248;135;135;2193;10;0;30;83951616;0
1091;36;31;155;306;318;0;254;135;135;2193;10;0;30;83951616;0
1092;38;32;31;40;316;0;2;135;135;2193;10;0;30;83951616;0
1093;38;33;2;1;316;0;8;135;135;2193;10;0;30;83951616;0
1094;38;33;0;1;315;0;2;135;135;2193;10;0;30;83951616;0
1095;37;31;94;212;315;0;241;135;135;2192;10;0;30;83951616;0
1096;35;31;150;238;314;0;0;135;135;2192;10;0;30;83951616;0
1097;37;32;81;172;313;0;0;135;135;2192;10;0;30;83951616;0
1098;38;33;7;3;311;0;5;135;135;2192;10;0;30;83951616;0
1099;38;33;1;0;311;0;6;135;135;2192;10;0;30;83951616;0
1100;38;32;1;10;311;0;0;135;135;2192;10;0;30;83951616;0
1101;37;31;108;252;308;0;250;135;135;2193;10;0;30;83951616;0
1102;35;31;158;286;306;0;0;135;135;2193;10;0;30;83951616;0
1103;37;32;60;116;305;0;1;135;135;2193;10;0;30;83951616;0
1104;38;33;3;1;305;0;8;135;135;2193;10;0;30;83951616;0
1105;38;33;0;0;306;0;5;135;135;2193;10;0;30;83951616;0
1106;38;32;0;150;307;0;230;135;135;2193;10;0;30;83951616;0
1107;36;31;148;290;307;0;250;135;135;2191;10;0;30;83951616;0
1108;36;31;154;327;307;0;254;135;135;2191;10;0;30;83951616;0
1109;38;32;32;41;307;0;2;135;135;2191;10;0;30;83951616;0
1110;38;33;1;1;307;0;8;135;135;2191;10;0;30;83951616;0
1111;38;33;0;2;307;0;2;135;135;2191;10;0;30;83951616;0
1112;37;31;109;251;307;0;246;135;135;2195;10;0;30;83951616;0
1113;36;31;110;229;306;0;253;135;135;2195;10;0;30;83951616;0
1114;37;32;78;162;304;0;0;135;135;2195;10;0;30;83951616;0
1115;38;33;7;3;304;0;4;135;135;2195;10;0;30;83951616;0
1116;38;33;1;1;304;0;7;135;135;2195;10;0;30;83951616;0
1117;38;33;1;9;304;0;0;23;23;2195;10;0;30;84213760;0
1118;37;31;107;253;304;0;249;23;23;2195;10;0;30;84213760;0
1119;36;31;117;221;304;0;254;23;23;2195;10;0;30;84213760;0
1120;37;32;59;116;304;0;1;23;23;2195;10;0;30;84213760;0
1121;38;33;3;1;304;0;7;23;23;2195;10;0;30;84213760;0
1122;38;33;0;1;305;0;4;23;23;2195;10;0;30;84213760;0
1123;38;32;15;117;305;0;255;23;23;2195;10;0;30;84213760;0
1124;36;31;131;296;305;0;246;23;23;2197;10;0;30;84213760;0
1125;36;31;121;216;305;0;0;23;23;2197;10;0;30;84213760;0
1126;38;32;23;29;305;0;3;23;23;2197;10;0;30;84213760;0
1127;38;33;5;3;305;0;8;23;23;2197;10;0;60;84213760;0
1128;38;33;2;1;305;0;2;23;23;2197;10;0;60;84213760;0
1129;36;32;217;140;305;0;238;23;23;2209;10;0;60;84213760;0
1130;32;32;245;133;305;0;0;23;23;2209;10;0;60;84213760;0
1131;27;33;319;1;312;0;3;23;23;2209;10;0;60;84213760;0
1132;38;33;17;2;338;0;7;23;23;2209;10;0;60;84213760;0
1133;38;33;1;4;399;0;7;23;23;2209;10;0;60;84213760;0
1134;38;33;0;3;473;0;255;23;23;2209;10;0;60;84213760;0
1135;32;33;369;5;547;0;238;23;23;2364;10;0;60;84213760;0
1136;18;33;461;5;612;0;2;23;23;2364;10;0;60;84213760;0
1137;34;32;158;50;666;0;4;23;23;2364;10;0;60;84213760;0
1138;38;33;3;1;709;0;11;23;23;2364;10;0;60;84213760;0
1139;38;33;0;1;732;0;7;23;23;2364;10;0;60;84213760;0
1140;36;32;218;67;737;0;255;23;23;2364;10;0;60;84213760;0
1141;31;32;286;100;732;0;254;23;23;2325;10;0;60;84213760;0
1142;32;32;271;141;725;0;1;23;23;2325;10;0;60;84213760;0
1143;37;32;64;33;716;0;6;23;23;2325;10;0;60;84213760;0
1144;38;33;2;1;704;0;12;23;23;2325;10;0;60;84213760;0
1145;38;33;0;1;689;0;3;23;23;2325;10;0;60;84213760;0
1146;35;32;204;122;674;0;246;23;23;2334;10;0;60;84213760;0
1147;32;32;279;150;661;0;243;23;23;2334;10;0;60;84213760;0
1148;34;32;185;101;649;0;3;23;23;2334;10;0;60;84213760;0
1149;38;33;10;3;638;0;7;23;23;2334;10;0;60;84213760;0
1150;38;33;1;1;629;0;8;23;23;2334;10;0;60;84213760;0
1151;38;33;1;1;625;0;0;23;23;2334;10;0;60;84213760;0
1152;35;32;219;119;624;0;238;23;23;2329;10;0;60;84213760;0
1153;31;32;292;137;623;0;2;23;23;2329;10;0;60;84213760;0
1154;35;32;138;70;621;0;3;23;23;2329;10;0;60;84213760;0
1155;38;33;4;1;618;0;12;23;23;2329;10;0;60;84213760;0
1156;38;33;1;1;616;0;7;23;23;2329;10;0;60;84213760;0
1157;36;32;158;71;616;0;0;23;23;2329;10;0;60;84213760;0
1158;33;32;308;174;618;0;234;23;23;2347;10;0;60;84213760;0
1159;32;32;252;122;618;0;4;23;23;2347;10;0;60;84213760;0
1160;37;32;54;26;618;0;7;23;23;2347;10;0;60;84213760;0
1161;38;33;1;1;616;0;12;23;23;2347;10;0;60;84213760;0
1162;38;33;0;1;616;0;3;23;23;2347;10;0;60;84213760;0
1163;35;32;171;85;618;0;0;23;23;2339;10;0;60;84213760;0
1164;31;32;257;136;620;0;253;23;23;2339;10;0;60;84213760;0
1165;34;32;188;101;620;0;3;23;23;2339;10;0;60;84213760;0
1166;38;33;10;3;618;0;7;24;23;2339;10;0;60;84213760;0
1167;38;33;0;0;616;0;8;23;23;2339;10;0;60;84213760;0
1168;38;33;0;1;617;0;255;23;23;2339;10;0;60;84213760;0
1169;34;32;285;159;619;0;222;23;23;2337;10;0;60;84213760;0
1170;32;32;266;145;620;0;1;23;23;2337;10;0;60;84213760;0
1171;36;32;111;54;619;0;6;23;23;2337;10;0;60;84213760;0
1172;38;33;4;1;616;0;11;23;23;2337;10;0;60;84213760;0
1173;38;33;1;1;613;0;6;23;23;2337;10;0;60;84213760;0
1174;36;32;159;74;611;0;0;23;23;2337;10;0;60;84213760;0
1175;33;32;309;183;611;0;236;23;23;2336;10;0;60;84213760;0
1176;32;32;231;128;611;0;3;23;23;2336;10;0;60;84213760;0
1177;37;32;53;27;608;0;6;23;23;2336;10;0;60;84213760;0
1178;38;33;1;0;605;0;11;23;23;2336;10;0;60;84213760;0
1179;38;33;0;1;604;0;3;23;23;2336;10;0;60;84213760;0
1180;35;32;171;92;606;0;0;24;23;2337;10;0;60;84213760;0
1181;32;32;273;159;607;0;243;24;23;2337;10;0;60;84213760;0
1182;34;32;177;94;607;0;2;24;23;2337;10;0;60;84213760;0
1183;38;33;6;1;605;0;9;23;23;2337;10;0;60;84213760;0
1184;38;33;0;0;603;0;5;24;23;2337;10;0;60;84213760;0
1185;38;33;0;1;603;0;255;24;23;2337;10;0;60;84213760;0
1186;34;32;277;160;604;0;223;24;23;2337;10;0;60;84213760;0
1187;32;32;258;144;605;0;251;24;23;2337;10;0;60;84213760;0
1188;36;32;125;68;604;0;4;24;23;2337;10;0;60;84213760;0
1189;38;33;3;1;603;0;11;24;23;2337;10;0;60;84213760;0
1190;38;33;1;1;602;0;6;23;23;2337;10;0;60;84213760;0
1191;36;32;156;76;603;0;0;24;23;2337;10;0;60;84213760;0
1192;31;31;366;173;606;0;1;24;23;2329;10;0;60;84213760;0
1193;33;32;217;121;606;0;3;23;23;2329;10;0;60;84213760;0
1194;37;32;36;18;605;0;8;24;23;2329;10;0;60;84213760;0
1195;38;33;1;1;603;0;12;24;23;2329;10;0;60;84213760;0
1196;38;33;0;0;602;0;0;24;23;2329;10;0;60;84213760;0
1197;35;32;164;85;603;0;255;24;23;2331;10;0;60;84213760;0
1198;32;31;379;233;602;0;237;24;23;2331;10;0;60;84213760;0
1199;35;32;162;89;601;0;3;24;23;2331;10;0;60;84213760;0
1200;38;33;6;2;599;0;9;24;23;2331;10;0;60;84213760;0
1201;38;33;1;1;598;0;6;24;23;2331;10;0;60;84213760;0
1202;38;33;0;1;599;0;255;24;23;2331;10;46;20;84344832;0
1203;33;31;352;203;601;0;237;24;23;2328;10;46;20;84344832;0
1204;33;32;234;164;601;0;252;24;23;2328;10;46;20;84344832;0
1205;37;32;74;66;600;0;5;24;23;2328;10;46;20;84344832;0
1206;38;33;2;1;596;0;10;24;23;2328;10;46;20;84344832;0
1207;38;33;0;0;586;0;4;24;23;2328;10;46;20;84344832;0
1208;37;32;96;112;571;0;241;24;23;2240;10;46;20;84344832;0
1209;34;31;332;380;555;0;237;24;23;2240;10;46;20;84344832;0
1210;37;32;81;170;539;0;0;24;23;2240;10;46;20;84344832;0
1211;38;33;9;4;525;0;6;24;23;2240;10;46;20;84344832;0
1212;38;33;1;1;510;0;11;24;23;2240;10;46;20;84344832;0
1213;38;33;0;1;487;0;0;24;23;2240;10;46;20;84344832;0
1214;37;31;88;206;459;0;243;24;23;2141;10;46;20;84344832;0
1215;36;30;187;498;433;0;243;24;23;2141;10;46;20;84344832;0
1216;38;32;41;165;411;0;0;23;25;2141;10;46;20;84344832;0
1217;38;33;3;1;391;0;9;23;29;2141;10;46;20;84344832;0
1218;38;33;1;1;373;0;6;23;32;2141;10;46;20;84344832;0
1219;38;32;0;77;348;0;230;23;36;2141;10;46;20;84344832;0
1220;37;30;107;474;326;0;242;23;40;2215;10;46;20;84344832;0
1221;37;31;77;394;305;0;247;23;43;2215;10;46;20;84344832;0
1222;38;32;26;75;285;0;2;23;46;2215;10;46;20;84344832;0
1223;38;33;2;1;270;0;8;22;49;2215;10;46;20;84344832;0
1224;38;33;0;0;257;0;3;22;52;2215;10;46;20;84344832;0
1225;38;31;18;261;246;0;247;22;55;2321;10;46;20;84344832;0
1226;37;29;122;629;237;0;240;22;57;2321;10;46;20;84344832;0
1227;37;31;55;222;230;0;0;22;60;2321;10;46;20;84344832;0
1228;38;33;11;9;223;0;4;22;63;2321;10;46;20;84344832;0
1229;38;33;1;1;218;0;6;22;65;2321;10;46;20;84344832;0
1230;38;33;0;5;213;0;0;23;68;2321;10;46;20;84344832;0
1231;37;31;61;237;210;0;244;23;70;2320;10;46;20;84344832;0
1232;37;29;120;573;209;0;242;23;73;2320;10;46;20;84344832;0
1233;38;32;41;154;208;0;1;23;75;2320;10;46;20;84344832;0
1234;38;33;4;1;206;0;5;23;78;2320;10;46;20;84344832;0
1235;38;33;0;0;204;0;4;23;78;2320;10;46;20;84344832;0
1236;38;32;0;8;201;0;255;24;78;2320;10;46;20;84344832;0
1237;37;30;108;483;199;0;242;24;78;2315;10;46;20;84344832;0
1238;37;30;90;418;197;0;252;24;79;2315;10;46;20;84344832;0
1239;38;32;26;75;195;0;2;25;82;2315;10;46;20;84344832;0
1240;38;33;2;1;194;0;7;25;83;2315;10;46;20;84344832;0
1241;38;33;0;0;193;0;1;25;84;2315;10;46;20;84344832;0
1242;38;31;35;303;192;0;244;26;83;2317;10;46;20;84344832;0
1243;36;30;114;303;192;0;0;26;84;2317;10;46;20;84344832;0
1244;37;31;56;222;192;0;0;26;86;2317;10;46;20;84344832;0
1245;38;33;11;9;192;0;4;26;88;2317;10;46;20;84344832;0
1246;38;33;1;0;191;0;5;27;90;2317;10;46;20;84344832;0
1247;38;33;0;4;191;0;0;27;90;2317;10;46;20;84344832;0
1248;37;30;111;492;192;0;242;28;90;2316;10;46;20;84344832;0
1249;37;29;120;587;193;0;243;28;91;2316;10;46;20;84344832;0
1250;38;32;41;155;194;0;1;28;93;2316;10;46;20;84344832;0
1251;38;33;3;1;194;0;6;28;95;2316;10;46;20;84344832;0
1252;38;33;0;0;194;0;4;29;96;2316;10;46;20;84344832;0
1253;38;32;3;130;193;0;255;29;96;2316;10;46;20;84344832;0
1254;37;30;93;349;194;0;246;30;96;2314;10;46;20;84344832;0
1255;37;30;89;426;194;0;252;30;97;2314;10;46;20;84344832;0
1256;38;32;22;57;194;0;2;31;99;2314;10;46;20;84344832;0
1257;38;33;2;0;193;0;6;32;101;2314;10;46;20;84344832;0
1258;38;33;0;0;193;0;1;33;101;2314;10;46;20;84344832;0
1259;38;31;35;285;192;0;244;135;135;2314;10;0;20;83951616;0
1260;36;30;117;309;193;0;255;135;135;2314;10;0;20;83951616;0
1261;37;31;55;219;193;0;0;135;135;2314;10;0;20;83951616;0
1262;38;33;8;5;193;0;3;135;135;2314;10;0;20;83951616;0
1263;38;33;0;0;192;0;5;135;135;2314;10;0;20;83951616;0
1264;38;33;0;5;191;0;255;135;135;2314;10;0;20;83951616;0
1265;37;31;62;306;191;0;245;135;135;2309;10;0;20;83951616;0
1266;37;30;114;381;191;0;254;135;135;2309;10;0;20;83951616;0
1267;38;32;41;156;191;0;1;135;135;2309;10;0;20;83951616;0
1268;38;33;4;1;191;0;5;135;135;2309;10;0;20;83951616;0
1269;38;33;0;1;190;0;3;135;135;2309;10;0;20;83951616;0
1270;38;33;0;10;190;0;231;135;135;2309;10;0;20;83951616;0
1271;37;30;108;356;189;0;246;135;135;2307;10;0;20;83951616;0
1272;37;30;88;448;190;0;253;135;135;2307;10;0;20;83951616;0
1273;38;32;27;75;190;0;2;135;135;2307;10;0;20;83951616;0
1274;38;33;2;1;189;0;7;135;135;2307;10;0;25;83951616;0
1275;38;33;0;1;188;0;1;135;135;2307;10;0;25;83951616;0
1276;38;31;54;313;188;0;239;135;135;2310;10;0;25;83951616;0
1277;37;31;86;264;188;0;252;135;135;2310;10;0;25;83951616;0
1278;37;32;74;171;188;0;0;135;135;2310;10;0;25;83951616;0
1279;38;33;9;4;189;0;3;135;135;2310;10;0;25;83951616;0
1280;38;33;0;0;196;0;5;135;135;2310;10;0;25;83951616;0
1281;38;33;0;3;207;0;255;135;135;2310;10;0;25;83951616;0
1282;37;31;137;345;223;0;234;135;135;2265;10;0;25;83951616;0
1283;36;30;151;327;234;0;253;135;135;2265;10;0;25;83951616;0
1284;37;32;54;131;245;0;1;135;135;2265;10;0;25;83951616;0
1285;38;33;3;1;254;0;7;135;135;2265;10;0;25;83951616;0
1286;38;33;0;1;259;0;4;135;135;2265;10;0;25;83951616;0
1287;38;32;15;177;259;0;245;135;135;2265;10;0;25;83951616;0
1288;36;31;113;307;258;0;243;135;135;2209;10;0;25;83951616;0
1289;37;31;106;249;258;0;0;135;135;2209;10;0;25;83951616;0
1290;38;32;23;41;258;0;2;135;135;2209;10;0;25;83951616;0
1291;38;33;2;1;257;0;8;135;135;2209;10;0;25;83951616;0
1292;38;33;0;1;256;0;1;135;135;2209;10;0;25;83951616;0
1293;37;31;81;262;254;0;238;135;135;2238;10;0;25;83951616;0
1294;36;31;94;241;252;0;251;135;135;2238;10;0;25;83951616;0
1295;37;32;66;185;251;0;0;135;135;2238;10;0;25;83951616;0
1296;38;33;8;4;250;0;4;135;135;2238;10;0;25;83951616;0
1297;38;33;1;1;250;0;6;135;135;2238;10;0;25;83951616;0
1298;38;32;1;13;249;0;0;135;135;2238;10;0;25;83951616;0
1299;37;31;88;282;248;0;242;135;135;2252;10;0;25;83951616;0
1300;36;31;107;246;247;0;255;135;135;2252;10;0;25;83951616;0
1301;37;32;44;118;246;0;1;135;135;2252;10;0;25;83951616;0
1302;38;33;3;1;247;0;7;135;135;2252;10;0;25;83951616;0
1303;38;33;0;0;247;0;5;135;135;2252;10;0;25;83951616;0
1304;38;32;7;162;248;0;255;135;135;2252;10;0;25;83951616;0
1305;36;31;109;305;248;0;243;135;135;2242;10;0;25;83951616;0
1306;37;31;87;216;249;0;1;135;135;2242;10;0;25;83951616;0
1307;38;32;24;40;250;0;3;135;135;2242;10;0;25;83951616;0
1308;38;33;1;1;251;0;8;135;135;2242;10;0;25;83951616;0
1309;38;33;0;2;252;0;0;135;135;2242;10;0;25;83951616;0
1310;37;31;95;239;253;0;250;135;135;2241;10;0;25;83951616;0
1311;37;31;95;315;254;0;246;135;135;2241;10;0;25;83951616;0
1312;37;32;63;183;255;0;0;135;135;2241;10;0;25;83951616;0
1313;38;33;7;2;255;0;5;135;135;2241;10;0;25;83951616;0
1314;38;33;1;1;255;0;4;135;135;2241;10;0;25;83951616;0
1315;38;32;1;12;255;0;0;135;135;2241;10;0;25;83951616;0
1316;37;31;84;285;253;0;245;135;135;2245;10;0;25;83951616;0
1317;36;31;107;256;251;0;255;135;135;2245;10;0;25;83951616;0
1318;37;32;47;126;250;0;1;135;135;2245;10;0;25;83951616;0
1319;38;33;3;1;250;0;7;135;135;2245;10;0;25;83951616;0
1320;38;33;0;0;251;0;4;135;135;2245;10;0;25;83951616;0
1321;38;32;13;183;251;0;245;135;135;2245;10;0;25;83951616;0
1322;36;30;158;557;251;0;235;135;135;2246;10;0;25;83951616;0
1323;37;31;84;218;251;0;0;135;135;2246;10;0;25;83951616;0
1324;38;32;15;16;252;0;5;135;135;2246;10;0;25;83951616;0
1325;38;33;1;0;252;0;8;135;135;2246;10;0;25;83951616;0
1326;38;33;0;1;252;0;0;135;135;2246;10;0;25;83951616;0
1327;37;31;98;258;251;0;252;135;135;2242;10;0;25;83951616;0
1328;37;31;95;273;251;0;247;135;135;2242;10;0;25;83951616;0
1329;37;32;59;167;250;0;0;135;135;2242;10;0;25;83951616;0
1330;38;33;7;2;251;0;4;135;135;2242;10;0;25;83951616;0
1331;38;33;1;1;251;0;4;135;135;2242;10;0;25;83951616;0
1332;38;32;1;11;251;0;255;135;135;2242;10;0;25;83951616;0
1333;37;31;99;379;251;0;239;135;135;2245;10;0;25;83951616;0
1334;37;31;93;287;253;0;255;135;135;2245;10;0;25;83951616;0
1335;38;32;44;118;254;0;1;135;135;2245;10;0;25;83951616;0
1336;38;33;3;1;254;0;7;135;135;2245;10;0;25;83951616;0
1337;38;33;26;4;254;0;4;135;135;2161;13;0;85;83951616;0
1338;36;33;406;0;251;0;226;135;135;2161;13;0;85;83951616;0
1339;26;33;405;1;249;0;241;135;135;143;41;0;85;83951616;0
1340;19;33;404;4;260;0;4;135;135;143;41;0;85;83951616;0
1341;36;33;59;4;316;0;10;135;135;143;41;0;85;83951616;0
1342;38;33;2;5;391;0;10;135;135;143;41;0;85;83951616;0
1343;38;33;0;5;485;0;0;135;135;143;41;0;85;83951616;0
1344;32;33;348;3;564;0;254;135;135;2366;10;0;85;83951616;0
1345;21;33;428;4;631;0;0;135;135;2366;10;0;85;83951616;0
1346;25;33;287;6;685;0;4;135;135;2366;10;0;85;83951616;0
1347;38;33;8;5;730;0;7;135;135;2366;10;0;85;83951616;0
1348;38;33;1;5;767;0;7;135;135;2366;10;0;85;83951616;0
1349;38;33;0;4;800;0;255;135;135;2366;10;0;85;83951616;0
1350;31;33;397;3;823;0;234;135;135;2379;10;0;85;83951616;0
1351;18;33;462;4;843;0;2;135;135;2379;10;0;85;83951616;0
1352;31;33;200;5;858;0;4;135;135;2379;10;0;85;83951616;0
1353;38;33;2;5;872;0;12;135;135;2379;10;0;85;83951616;0
1354;38;33;0;5;884;0;7;135;135;2379;10;0;85;83951616;0
1355;35;33;279;4;895;0;244;135;135;2379;10;0;85;83951616;0
1356;25;33;525;2;903;0;219;135;135;2357;10;0;85;83951616;0
1357;20;33;354;3;910;0;4;135;135;2357;10;0;85;83951616;0
1358;37;33;30;5;915;0;9;135;135;2357;10;0;85;83951616;0
1359;38;33;1;6;919;0;14;135;135;2357;10;0;85;83951616;0
1360;38;33;0;6;924;0;1;135;135;2357;10;0;85;83951616;0
1361;32;33;338;4;928;0;253;135;135;2358;10;0;85;83951616;0
1362;21;33;438;8;931;0;0;135;135;2358;10;0;85;83951616;0
1363;26;33;284;6;932;0;3;135;135;2358;10;0;85;83951616;0
1364;38;33;8;6;934;0;7;135;135;2358;10;0;85;83951616;0
1365;38;33;1;6;936;0;10;135;135;2358;10;0;85;83951616;0
1366;38;33;0;5;939;0;255;135;135;2358;10;0;85;83951616;0
1367;29;33;504;5;941;0;223;135;135;2363;10;0;85;83951616;0
1368;20;32;409;12;943;0;0;135;135;2363;10;0;85;83951616;0
1369;33;32;161;10;943;0;7;135;135;2363;10;0;85;83951616;0
1370;38;33;2;2;942;0;12;135;135;2363;10;0;85;83951616;0
1371;38;33;0;2;939;0;7;135;135;2363;10;0;85;83951616;0
1372;34;33;234;5;933;0;241;135;135;2355;10;0;85;83951616;0
1373;27;32;482;23;928;0;218;135;135;2355;10;0;85;83951616;0
1374;24;32;316;17;921;0;2;135;135;2355;10;0;85;83951616;0
1375;37;32;56;5;917;0;9;135;135;2355;10;0;85;83951616;0
1376;38;33;2;2;914;0;14;135;135;2355;10;0;85;83951616;0
1377;38;33;0;2;911;0;1;135;135;2355;10;0;85;83951616;0
1378;32;32;325;20;906;0;255;135;135;2348;10;0;85;83951616;0
1379;23;32;448;23;900;0;231;135;135;2348;10;0;85;83951616;0
1380;29;32;260;13;895;0;3;135;135;2348;10;0;85;83951616;0
1381;38;33;6;2;894;0;11;135;135;2348;10;0;85;83951616;0
1382;38;33;0;1;895;0;7;135;135;2348;10;0;85;83951616;0
1383;38;33;0;2;895;0;255;135;135;2348;10;0;85;83951616;0
1384;30;32;481;20;895;0;222;135;135;2354;10;0;85;83951616;0
1385;22;32;398;20;894;0;247;135;135;2354;10;0;85;83951616;0
1386;33;32;157;9;894;0;7;135;135;2354;10;0;85;83951616;0
1387;38;33;2;1;895;0;12;135;135;2354;10;0;85;83951616;0
1388;38;33;0;2;895;0;4;135;135;2354;10;0;85;83951616;0
1389;35;33;227;2;895;0;248;135;135;2354;10;0;85;83951616;0
1390;24;32;572;26;894;0;3;135;135;2346;10;0;85;83951616;0
1391;26;32;303;21;892;0;3;135;135;2346;10;0;85;83951616;0
1392;38;33;17;3;892;0;10;135;135;2346;10;0;85;83951616;0
1393;38;33;1;1;892;0;14;135;135;2346;10;0;85;83951616;0
1394;38;33;0;1;892;0;1;135;135;2346;10;0;85;83951616;0
1395;33;32;260;19;891;0;0;135;135;2351;10;0;85;83951616;0
1396;24;32;437;27;889;0;228;135;135;2351;10;0;85;83951616;0
1397;29;32;261;19;887;0;4;135;135;2351;10;0;85;83951616;0
1398;38;33;6;2;887;0;11;135;135;2351;10;0;85;83951616;0
1399;38;33;0;1;887;0;7;135;135;2351;10;0;85;83951616;0
1400;38;33;0;1;887;0;255;135;135;2351;10;0;85;83951616;0
1401;30;32;465;28;885;0;222;135;135;2367;10;0;85;83951616;0
1402;22;32;391;27;884;0;246;135;135;2367;10;0;85;83951616;0
1403;34;32;130;11;883;0;8;135;135;2367;10;0;85;83951616;0
1404;38;33;2;1;882;0;13;135;135;2367;10;0;85;83951616;0
1405;38;33;0;2;882;0;4;135;135;2367;10;0;85;83951616;0
1406;35;32;224;13;881;0;241;135;135;2357;10;0;85;83951616;0
1407;24;32;578;41;879;0;3;135;135;2357;10;0;85;83951616;0
1408;25;32;316;26;877;0;2;135;135;2357;10;0;85;83951616;0
1409;37;33;31;4;876;0;9;135;135;2357;10;0;85;83951616;0
1410;38;33;1;1;876;0;14;135;135;2357;10;0;85;83951616;0
1411;38;33;0;2;875;0;1;135;135;2357;10;0;85;83951616;0
1412;33;32;326;23;873;0;242;135;135;2352;10;0;85;83951616;0
1413;24;32;442;35;871;0;228;135;135;2352;10;0;85;83951616;0
1414;31;32;227;18;869;0;4;135;135;2352;10;0;85;83951616;0
1415;38;33;5;1;869;0;12;135;135;2352;10;0;85;83951616;0
1416;38;33;0;1;870;0;9;135;135;2352;10;0;85;83951616;0
1417;38;33;3;3;869;0;240;135;135;2352;10;0;85;83951616;0
1418;28;32;367;31;868;0;0;135;135;2363;10;0;85;83951616;0
1419;23;32;412;30;866;0;0;135;135;2363;10;0;85;83951616;0
1420;34;32;132;12;865;0;8;135;135;2363;10;0;85;83951616;0
1421;38;33;2;1;866;0;14;135;135;2363;10;0;85;83951616;0
1422;38;33;0;2;868;0;4;135;135;2363;10;0;85;83951616;0
1423;35;32;231;13;870;0;241;135;135;2356;10;0;85;83951616;0
1424;25;32;554;43;872;0;4;135;135;2356;10;0;85;83951616;0
1425;27;32;298;26;874;0;3;135;135;2356;10;0;85;83951616;0
1426;38;33;18;3;875;0;10;135;135;2356;10;0;85;83951616;0
1427;38;33;1;1;875;0;12;135;135;2356;10;0;85;83951616;0
1428;38;33;0;2;873;0;0;135;135;2356;10;0;85;83951616;0
1429;33;32;320;26;870;0;244;135;135;2356;10;0;85;83951616;0
1430;22;32;452;39;867;0;2;135;135;2356;10;0;85;83951616;0
1431;31;32;231;21;865;0;5;135;135;2356;10;0;85;83951616;0
1432;38;33;5;2;864;0;12;135;135;2356;10;0;85;83951616;0
1433;38;33;1;1;864;0;9;135;135;2356;10;0;85;83951616;0
1434;38;33;2;3;863;0;238;135;135;2356;10;0;85;83951616;0
1435;28;32;470;41;862;0;0;135;135;2349;10;0;85;83951616;0
1436;23;32;398;34;861;0;249;135;135;2349;10;0;85;83951616;0
1437;35;32;103;10;861;0;8;135;135;2349;10;0;85;83951616;0
1438;38;33;1;1;861;0;13;135;135;2349;10;0;85;83951616;0
1439;38;33;0;2;862;0;4;135;135;2349;10;0;85;83951616;0
1440;34;32;279;22;863;0;234;135;135;2349;10;0;85;83951616;0
1441;24;32;435;41;864;0;2;135;135;2349;10;0;85;83951616;0
1442;27;32;289;28;865;0;3;135;135;2349;10;0;85;83951616;0
1443;38;33;11;3;865;0;8;135;135;2349;10;0;85;83951616;0
1444;38;33;1;1;865;0;12;135;135;2349;10;0;85;83951616;0
1445;38;33;0;2;864;0;255;135;135;2349;10;0;25;83951616;0
1446;33;32;271;24;864;0;240;135;135;2350;10;0;25;83951616;0
1447;24;32;496;77;864;0;2;135;135;2350;10;0;25;83951616;0
1448;32;32;198;35;863;0;4;135;135;2350;10;0;25;83951616;0
1449;38;33;5;2;861;0;14;135;135;2350;10;0;25;83951616;0
1450;38;33;0;1;854;0;9;135;135;2350;10;0;25;83951616;0
1451;35;32;363;51;845;0;240;135;135;2350;10;0;25;83951616;0
1452;29;32;358;57;838;0;0;135;135;2342;10;0;25;83951616;0
1453;29;32;304;89;831;0;4;135;135;2342;10;0;25;83951616;0
1454;36;32;88;26;825;0;7;135;135;2342;10;0;25;83951616;0
1455;38;33;2;1;817;0;13;135;135;2342;10;0;25;83951616;0
1456;38;33;0;0;806;0;4;135;135;2342;10;0;25;83951616;0
1457;35;32;250;74;793;0;235;135;135;2340;10;0;25;83951616;0
1458;28;32;336;99;782;0;1;135;135;2340;10;0;25;83951616;0
1459;32;32;230;91;771;0;3;135;135;2340;10;0;25;83951616;0
1460;38;33;11;3;761;0;7;135;135;2340;10;0;25;83951616;0
1461;38;33;1;1;750;0;9;135;135;2340;10;0;25;83951616;0
1462;38;33;0;0;738;0;0;135;135;2340;10;0;25;83951616;0
1463;34;32;258;102;728;0;245;135;135;2354;10;0;25;83951616;0
1464;30;32;300;148;718;0;0;135;135;2354;10;0;25;83951616;0
1465;36;32;117;89;709;0;3;135;135;2354;10;0;25;83951616;0
1466;38;33;4;1;699;0;12;135;135;2354;10;0;25;83951616;0
1467;38;33;0;0;683;0;7;135;135;2354;10;0;25;83951616;0
1468;38;32;35;193;667;0;221;135;135;2354;10;0;25;83951616;0
1469;34;31;227;170;649;0;247;135;135;2297;10;0;25;83951616;0
1470;34;31;192;200;631;0;0;135;135;2297;10;0;25;83951616;0
1471;38;32;30;26;613;0;5;135;135;2297;10;0;25;83951616;0
1472;38;33;1;0;594;0;12;135;135;2297;10;0;25;83951616;0
1473;38;33;0;0;572;0;2;135;135;2297;10;0;25;83951616;0
1474;36;31;140;181;549;0;253;135;135;2159;10;0;25;83951616;0
1475;35;31;131;245;526;0;247;135;135;2159;10;0;25;83951616;0
1476;37;32;66;166;505;0;0;135;135;2159;10;0;25;83951616;0
1477;38;33;5;2;487;0;6;135;135;2159;10;0;25;83951616;0
1478;38;33;1;1;468;0;8;135;135;2159;10;0;25;83951616;0
1479;38;32;1;18;446;0;0;135;135;2159;10;0;25;83951616;0
1480;37;31;93;271;422;0;246;135;135;2136;10;0;25;83951616;0
1481;36;31;109;265;400;0;255;135;135;2136;10;0;25;83951616;0
1482;38;32;30;101;378;0;2;135;135;2136;10;0;25;83951616;0
1483;38;33;3;1;361;0;9;135;135;2136;10;0;25;83951616;0
1484;38;33;0;0;344;0;5;135;135;2136;10;0;25;83951616;0
1485;38;32;6;186;323;0;245;135;135;2136;10;0;25;83951616;0
1486;37;30;91;447;303;0;239;135;135;2247;10;0;25;83951616;0
1487;37;31;74;244;286;0;1;135;135;2247;10;0;25;83951616;0
1488;38;32;19;39;270;0;2;135;135;2247;10;0;25;83951616;0
1489;38;33;2;0;257;0;9;135;135;2247;10;0;25;83951616;0
1490;38;33;0;2;247;0;1;135;135;2247;10;0;25;83951616;0
1491;37;31;69;244;238;0;247;135;135;2327;10;0;25;83951616;0
1492;37;31;75;329;233;0;248;135;135;2327;10;0;25;83951616;0
1493;37;31;50;209;228;0;0;135;135;2327;10;0;25;83951616;0
1494;38;33;7;3;223;0;4;135;135;2327;10;0;25;83951616;0
1495;38;33;1;1;218;0;4;135;135;2327;10;0;25;83951616;0
1496;38;32;0;13;214;0;255;135;135;2327;10;0;25;83951616;0
1497;37;30;98;496;213;0;237;135;135;2327;10;0;25;83951616;0
1498;37;31;76;302;213;0;255;135;135;2327;10;0;25;83951616;0
1499;38;32;41;134;212;0;0;135;135;2327;10;0;25;83951616;0
1500;38;33;2;0;210;0;7;135;135;2327;10;0;25;83951616;0
1501;38;33;0;0;209;0;3;135;135;2327;10;0;25;83951616;0
1502;38;32;7;169;210;0;243;135;135;2327;10;0;25;83951616;0
1503;37;30;102;434;211;0;239;135;135;2314;10;0;25;83951616;0
1504;37;31;70;199;213;0;0;135;135;2314;10;0;25;83951616;0
1505;38;32;20;31;215;0;3;135;135;2314;10;0;25;83951616;0
1506;38;33;2;0;217;0;8;135;135;2314;10;0;25;83951616;0
1507;38;33;0;6;220;0;0;135;135;2314;10;0;25;83951616;0
1508;37;31;88;205;223;0;246;135;135;2274;10;0;25;83951616;0
1509;37;30;140;558;226;0;236;135;135;2274;10;0;25;83951616;0
1510;37;32;61;166;230;0;0;135;135;2274;10;0;25;83951616;0
1511;38;33;6;1;233;0;3;135;135;2274;10;0;25;83951616;0
1512;38;33;1;0;237;0;4;135;135;2274;10;0;25;83951616;0
1513;38;32;1;9;240;0;255;135;135;2274;10;0;25;83951616;0
1514;37;31;103;361;242;0;239;135;135;2248;10;0;25;83951616;0
1515;37;31;90;297;245;0;243;135;135;2248;10;0;25;83951616;0
1516;38;32;44;121;247;0;0;135;135;2248;10;0;25;83951616;0
1517;38;33;2;0;249;0;7;135;135;2248;10;0;25;83951616;0
1518;38;33;0;0;250;0;4;135;135;2248;10;0;25;83951616;0
1519;38;32;26;156;249;0;237;135;135;2248;10;0;25;83951616;0
1520;36;30;150;552;248;0;231;135;135;2247;10;0;25;83951616;0
1521;37;31;77;207;247;0;0;135;135;2247;10;0;25;83951616;0
1522;38;32;15;17;246;0;4;135;135;2247;10;0;25;83951616;0
1523;38;33;1;0;247;0;6;135;135;2247;10;0;25;83951616;0
1524;38;33;1;7;247;0;0;135;135;2247;10;0;25;83951616;0
1525;37;31;86;201;247;0;247;135;135;2244;10;0;25;83951616;0
1526;37;31;108;388;248;0;248;135;135;2244;10;0;25;83951616;0
1527;37;32;60;167;247;0;0;135;135;2244;10;0;25;83951616;0
1528;38;33;6;1;248;0;4;135;135;2244;10;0;25;83951616;0
1529;38;33;1;0;249;0;5;135;135;2244;10;0;25;83951616;0
1530;38;32;1;8;250;0;255;135;135;2244;10;0;25;83951616;0
1531;37;30;143;445;250;0;236;135;135;2251;10;0;25;83951616;0
1532;37;30;118;405;250;0;244;135;135;2251;10;0;25;83951616;0
1533;38;32;32;61;250;0;3;135;135;2251;10;0;25;83951616;0
1534;38;33;2;0;251;0;6;135;135;2251;10;0;25;83951616;0
1535;38;33;0;1;251;0;1;135;135;2251;10;0;25;83951616;0
1536;38;32;24;152;250;0;240;135;135;2251;10;0;25;83951616;0
1537;36;30;149;538;250;0;233;135;135;2249;10;0;25;83951616;0
1538;37;31;67;306;249;0;2;135;135;2249;10;0;25;83951616;0
1539;38;32;16;18;249;0;4;135;135;2249;10;0;25;83951616;0
1540;38;33;1;0;250;0;7;135;135;2249;10;0;25;83951616;0
1541;38;33;0;7;250;0;0;135;135;2249;10;0;25;83951616;0
1542;37;31;78;296;250;0;247;135;135;2249;10;0;25;83951616;0
1543;36;30;137;524;251;0;235;135;135;2249;10;0;25;83951616;0
1544;37;32;58;163;251;0;0;135;135;2249;10;0;25;83951616;0
1545;38;33;5;0;252;0;5;135;135;2249;10;0;25;83951616;0
1546;38;33;1;0;253;0;3;135;135;2249;10;0;25;83951616;0
1547;38;32;1;9;252;0;255;135;135;2249;10;0;25;83951616;0
1548;36;30;137;347;251;0;247;135;135;2246;10;0;25;83951616;0
1549;37;30;117;415;250;0;243;135;135;2246;10;0;25;83951616;0
1550;38;32;41;97;250;0;2;135;135;2246;10;0;25;83951616;0
1551;38;33;2;0;250;0;7;135;135;2246;10;0;25;83951616;0
1552;38;33;0;1;249;0;3;135;135;2246;10;0;25;83951616;0
1553;38;32;22;132;249;0;240;135;135;2246;10;0;25;83951616;0
1554;36;30;157;396;248;0;251;135;135;2250;10;0;25;83951616;0
1555;37;31;71;193;248;0;0;135;135;2250;10;0;25;83951616;0
1556;38;33;12;7;249;0;5;135;135;2250;10;0;25;83951616;0
1557;38;33;1;0;250;0;6;135;135;2250;10;0;25;83951616;0
1558;38;33;0;8;250;0;0;135;135;2250;10;0;25;83951616;0
1559;37;31;80;285;250;0;245;135;135;2252;10;0;25;83951616;0
1560;37;30;133;509;250;0;234;135;135;2252;10;0;25;83951616;0
1561;37;32;57;165;249;0;0;135;135;2252;10;0;25;83951616;0
1562;38;33;4;1;250;0;5;135;135;2252;10;0;25;83951616;0
1563;38;33;1;0;251;0;3;135;135;2252;10;0;25;83951616;0
1564;38;32;1;10;249;0;255;135;135;2252;10;0;25;83951616;0
1565;37;30;134;462;247;0;239;135;135;2248;10;0;25;83951616;0
1566;37;31;122;404;245;0;246;135;135;2248;10;0;25;83951616;0
1567;38;32;35;63;244;0;3;135;135;2248;10;0;25;83951616;0
1568;38;33;2;0;246;0;6;135;135;2248;10;0;25;83951616;0
1569;38;33;0;2;247;0;1;135;135;2248;10;0;25;83951616;0
1570;38;31;49;216;247;0;237;135;135;2243;10;0;25;83951616;0
1571;36;30;177;410;248;0;250;135;135;2243;10;0;25;83951616;0
1572;37;32;73;189;248;0;0;135;135;2243;10;0;25;83951616;0
1573;38;33;12;7;249;0;6;135;135;2243;10;0;25;83951616;0
1574;38;33;1;0;250;0;6;135;135;2243;10;0;25;83951616;0
1575;38;32;1;8;252;0;0;135;135;2243;10;0;25;83951616;0
1576;37;31;80;178;253;0;246;135;135;2243;10;0;25;83951616;0
1577;36;31;123;279;254;0;255;135;135;2243;10;0;25;83951616;0
1578;37;32;54;143;255;0;1;135;135;2243;10;0;25;83951616;0
1579;38;33;3;0;256;0;6;135;135;2243;10;0;25;83951616;0
1580;38;33;0;0;256;0;4;135;135;2243;10;0;25;83951616;0
1581;38;32;2;9;256;0;254;135;135;2243;10;0;25;83951616;0
1582;36;30;142;341;256;0;243;135;135;2244;10;0;25;83951616;0
1583;37;31;117;409;257;0;247;135;135;2244;10;0;25;83951616;0
1584;38;32;35;66;257;0;3;135;135;2244;10;0;25;83951616;0
1585;38;33;1;0;258;0;6;135;135;2244;10;0;25;83951616;0
1586;38;33;0;0;258;0;2;135;135;2244;10;0;25;83951616;0
1587;38;31;46;207;257;0;239;135;135;2243;10;0;25;83951616;0
1588;36;30;169;434;256;0;251;135;135;2243;10;0;25;83951616;0
1589;37;32;67;191;256;0;0;135;135;2243;10;0;25;83951616;0
1590;38;33;9;2;256;0;4;135;135;2243;10;0;25;83951616;0
1591;38;33;1;0;256;0;6;135;135;2243;10;0;25;83951616;0
1592;38;32;1;9;255;0;0;135;135;2243;10;0;25;83951616;0
1593;37;31;78;269;254;0;243;135;135;2246;10;0;25;83951616;0
1594;36;31;122;270;252;0;253;135;135;2246;10;0;25;83951616;0
1595;37;32;54;143;251;0;1;135;135;2246;10;0;25;83951616;0
1596;38;32;14;14;251;0;5;135;135;2207;17;0;25;83951616;0
1597;38;33;2;0;251;0;4;135;135;2207;17;0;25;83951616;0
1598;38;32;11;86;255;0;255;135;135;2207;17;0;25;83951616;0
1599;36;30;154;372;262;0;246;135;135;82;25;0;25;83951616;0
1600;37;31;89;229;270;0;0;135;135;82;25;0;25;83951616;0
1601;38;32;28;56;272;0;3;135;135;82;25;0;25;83951616;0
1602;38;33;2;0;272;0;7;135;135;82;25;0;25;83951616;0
1603;38;33;0;2;268;0;2;135;135;82;25;0;25;83951616;0
1604;38;31;63;319;263;0;240;135;135;2317;10;0;25;83951616;0
1605;36;31;112;237;259;0;0;135;135;2317;10;0;25;83951616;0
1606;37;31;69;212;256;0;0;135;135;2317;10;0;25;83951616;0
1607;38;33;8;2;253;0;5;135;135;2317;10;0;25;83951616;0
1608;38;33;1;0;252;0;6;135;135;2317;10;0;25;83951616;0
1609;38;32;0;9;250;0;255;135;135;2317;10;0;25;83951616;0
1610;37;31;79;229;248;0;241;135;135;2350;10;0;25;83951616;0
1611;36;30;159;408;246;0;252;135;135;2350;10;0;25;83951616;0
1612;37;32;52;138;245;0;1;135;135;2350;10;0;25;83951616;0
1613;38;33;4;0;246;0;7;135;135;2350;10;0;25;83951616;0
1614;38;33;1;0;247;0;5;135;135;2350;10;0;25;83951616;0
1615;38;32;5;194;249;0;250;135;135;2350;10;0;25;83951616;0
1616;36;30;124;320;250;0;244;135;135;2362;10;0;25;83951616;0
1617;36;31;113;261;251;0;0;135;135;2362;10;0;25;83951616;0
1618;38;32;23;35;252;0;4;135;135;2362;10;0;25;83951616;0
1619;38;33;2;0;254;0;8;135;135;2362;10;0;25;83951616;0
1620;38;33;0;2;253;0;1;135;135;2362;10;0;25;83951616;0
1621;37;31;70;303;252;0;239;135;135;2355;10;0;25;83951616;0
1622;36;31;117;233;251;0;253;135;135;2355;10;0;25;83951616;0
1623;37;31;74;207;251;0;0;135;135;2355;10;0;25;83951616;0
1624;38;33;6;1;251;0;4;135;135;2355;10;0;25;83951616;0
1625;38;33;1;0;252;0;6;135;135;2355;10;0;25;83951616;0
1626;38;32;0;11;251;0;255;135;135;2355;10;0;25;83951616;0
1627;37;31;89;276;250;0;248;135;135;2371;10;0;25;83951616;0
1628;36;31;113;276;249;0;251;135;135;2371;10;0;25;83951616;0
1629;37;32;51;140;248;0;1;135;135;2371;10;0;25;83951616;0
1630;38;33;3;0;249;0;7;135;135;2371;10;0;25;83951616;0
1631;38;33;0;0;250;0;5;135;135;2371;10;0;25;83951616;0
1632;38;32;5;146;250;0;242;135;135;2371;10;0;25;83951616;0
1633;36;30;119;336;250;0;249;135;135;2367;10;0;25;83951616;0
1634;37;31;86;367;251;0;243;135;135;2367;10;0;25;83951616;0
1635;37;32;46;108;251;0;3;135;135;2367;10;0;25;83951616;0
1636;38;33;2;0;251;0;6;135;135;2367;10;0;25;83951616;0
1637;38;33;1;4;251;0;1;135;135;2367;10;0;25;83951616;0
1638;38;32;46;192;251;0;249;135;135;2519;10;0;25;83951616;0
1639;37;31;80;246;251;0;250;135;135;2519;10;0;25;83951616;0
1640;37;32;51;133;252;0;0;135;135;2519;10;0;25;83951616;0
1641;38;33;6;2;251;0;2;135;135;2519;10;0;25;83951616;0
1642;38;33;1;0;251;0;4;135;135;2519;10;0;25;83951616;0
1643;38;33;0;6;250;0;255;135;135;2519;10;0;25;83951616;0
1644;37;31;74;250;250;0;245;135;135;1759;10;0;25;83951616;0
1645;37;31;108;243;251;0;252;135;135;1759;10;0;25;83951616;0
1646;38;32;38;95;251;0;0;135;135;1759;10;0;25;83951616;0
1647;38;33;3;0;251;0;5;135;135;1759;10;0;25;83951616;0
1648;38;33;0;0;251;0;2;135;135;1759;10;0;25;83951616;0
1649;38;32;4;170;251;0;249;135;135;1759;10;0;25;83951616;0
1650;37;31;88;294;252;0;247;135;135;1795;10;0;25;83951616;0
1651;37;31;66;216;253;0;247;135;135;1795;10;0;25;83951616;0
1652;38;32;18;28;253;0;1;135;135;1795;10;0;25;83951616;0
1653;38;33;1;0;252;0;5;135;135;1795;10;0;25;83951616;0
1654;38;33;0;0;251;0;1;135;135;1795;10;0;25;83951616;0
1655;38;32;45;148;252;0;246;135;135;1819;10;0;25;83951616;0
1656;36;31;92;187;253;0;254;135;135;1819;10;0;25;83951616;0
1657;37;32;59;154;254;0;0;135;135;1819;10;0;25;83951616;0
1658;38;33;8;3;254;0;2;135;135;1819;10;0;25;83951616;0
1659;38;33;0;0;253;0;5;135;135;1819;10;0;25;83951616;0
1660;38;33;0;8;252;0;255;135;135;1819;10;0;25;83951616;0
1661;37;31;78;261;251;0;244;135;135;1834;10;0;25;83951616;0
1662;37;31;109;245;252;0;1;135;135;1834;10;0;25;83951616;0
1663;38;32;22;24;251;0;5;135;135;1834;10;0;25;83951616;0
1664;38;33;2;0;251;0;6;135;135;1834;10;0;25;83951616;0
1665;36;30;149;613;252;0;220;135;135;1743;14;0;25;83951616;0
1666;37;31;87;229;254;0;3;135;135;1743;14;0;25;83951616;0
1667;38;33;4;0;254;0;11;135;135;1743;14;0;25;83951616;0
1668;37;31;126;204;254;0;255;135;135;2060;18;0;25;83951616;0
1669;36;30;121;322;255;0;1;135;135;2060;18;0;25;83951616;0
1670;38;33;7;1;254;0;12;135;135;2060;18;0;25;83951616;0
1671;38;31;34;393;254;0;231;135;135;2072;18;0;25;83951616;0
1672;36;30;118;405;253;0;244;135;135;2072;18;0;25;83951616;0
1673;38;33;13;6;252;0;12;135;135;2072;18;0;25;83951616;0
1674;38;32;5;69;251;0;0;135;135;2072;18;0;25;83951616;0
1675;35;30;140;471;251;0;242;135;135;2069;18;0;25;83951616;0
1676;38;32;32;60;252;0;8;135;135;2069;18;0;25;83951616;0
1677;38;32;3;26;253;0;2;135;135;2069;18;0;25;83951616;0
1678;35;29;195;630;253;0;226;135;135;2081;18;0;25;83951616;0
1679;37;32;66;158;255;0;6;135;135;2081;18;0;25;83951616;0
1680;38;33;3;10;255;0;6;135;135;2081;18;0;25;83951616;0
1681;37;30;132;471;255;0;233;135;135;2082;18;0;25;83951616;0
1682;36;31;92;249;256;0;3;135;135;2082;18;0;25;83951616;0
1683;38;33;5;1;255;0;17;135;135;2082;18;0;25;83951616;0
1684;36;31;101;243;254;0;255;135;135;2134;19;0;25;83951616;0
1685;37;32;48;146;254;0;0;135;135;2134;19;0;25;83951616;0
1686;38;32;25;84;253;0;254;135;135;2134;19;0;25;83951616;0
1687;38;32;25;35;251;0;255;135;135;2134;19;0;25;83951616;0
1688;38;33;6;15;249;0;243;135;135;2134;19;0;25;83951616;0
1689;38;33;1;0;245;0;255;135;135;2134;19;0;25;83951616;0
1690;38;33;0;0;242;0;0;135;135;2134;19;0;25;83951616;0
1691;38;33;0;0;241;0;1;135;135;2134;19;0;25;83951616;0
1692;38;33;0;0;242;0;0;135;135;2134;19;0;25;83951616;0
1693;38;33;0;1;243;0;0;135;135;2134;19;0;25;83951616;0
1694;38;33;0;0;246;0;255;135;135;2134;19;0;25;83951616;0
1695;38;33;0;1;249;0;255;135;135;2134;19;0;25;83951616;0
1696;38;32;25;25;253;0;252;135;135;56;139;0;25;83951616;0
1697;38;32;33;81;259;0;241;135;135;56;139;0;25;83951616;0
1698;37;32;42;99;263;0;255;135;135;56;139;0;25;83951616;0
1699;38;32;37;84;261;0;0;135;135;56;139;0;25;83951616;0
1700;38;32;22;68;256;0;0;135;135;56;139;0;25;83951616;0
1701;38;33;5;1;249;0;255;135;135;56;139;0;25;83951616;0
1702;38;33;1;0;244;0;0;135;135;56;139;0;25;83951616;0
1703;38;33;0;0;241;0;1;135;135;56;139;0;25;83951616;0
1704;38;33;0;0;241;0;1;135;135;56;139;0;25;83951616;0
1705;38;33;0;0;241;0;0;135;135;56;139;0;25;83951616;0
1706;38;33;0;1;243;0;0;135;135;56;139;0;25;83951616;0
1707;38;33;0;1;245;0;255;135;135;56;139;0;25;83951616;0
1708;38;33;0;0;268;0;250;135;135;0;0;0;25;83886080;0
1712;37;32;36;30;248;0;255;135;135;0;0;0;25;83951616;0
1713;38;33;7;2;239;0;255;135;135;0;0;0;25;83951616;0
1714;38;33;1;0;230;0;0;135;135;0;0;0;25;83951616;0
1715;38;33;0;0;225;0;2;135;135;0;0;0;25;83951616;0
1716;38;33;0;0;223;0;2;135;135;0;0;0;25;83951616;0
1717;38;33;0;0;227;0;1;135;135;0;0;0;25;83951616;0
1718;38;33;0;1;232;0;0;135;135;0;0;0;25;83951616;0
1719;38;33;0;1;237;0;255;135;135;0;0;0;25;83951616;0
1720;38;32;17;17;242;0;254;135;135;0;0;0;25;83951616;0
1721;37;32;45;161;249;0;253;135;135;54;132;0;25;83951616;0
1722;37;32;58;141;256;0;243;135;135;54;132;0;25;83951616;0
1723;37;32;51;139;259;0;0;135;135;54;132;0;25;83951616;0
1724;38;32;35;83;257;0;255;135;135;54;132;0;25;83951616;0
1725;38;32;11;14;254;0;255;135;135;54;132;0;25;83951616;0
1726;38;33;1;0;251;0;0;135;135;54;132;0;25;83951616;0
1727;38;33;0;0;250;0;0;135;135;54;132;0;25;83951616;0
1728;38;33;0;0;250;0;1;135;135;54;132;0;25;83951616;0
1729;38;33;0;0;251;0;1;135;135;54;132;0;25;83951616;0
1730;38;33;0;1;253;0;0;135;135;54;132;0;25;83951616;0
1731;38;33;0;1;256;0;255;135;135;54;132;0;25;83951616;0
1732;38;32;9;33;259;0;249;135;135;1479;5;0;25;83951616;0
1733;38;32;37;110;263;0;254;135;135;57;133;0;25;83951616;0
1734;37;30;128;411;268;0;238;135;135;57;133;0;25;83951616;0
1735;37;31;55;238;269;0;253;135;135;57;133;0;25;83951616;0
1736;38;32;15;25;266;0;0;135;135;57;133;0;25;83951616;0
1737;38;33;1;0;260;0;4;135;135;57;133;0;25;83951616;0
1738;38;33;0;0;256;0;2;135;135;57;133;0;25;83951616;0
1739;38;33;0;3;253;0;255;135;135;57;133;0;25;83951616;0
1740;37;31;54;167;252;0;246;135;135;1705;8;0;25;83951616;0
1741;37;31;74;233;253;0;251;135;135;1705;8;0;25;83951616;0
1742;37;32;44;121;252;0;0;135;135;1705;8;0;25;83951616;0
1743;38;33;7;2;250;0;0;135;135;1705;8;0;25;83951616;0
1744;38;33;0;0;247;0;5;135;135;1705;8;0;25;83951616;0
1745;38;33;0;0;245;0;2;135;135;1705;8;0;25;83951616;0
1746;38;32;4;172;245;0;252;135;135;1705;8;0;25;83951616;0
1747;37;31;84;196;245;0;246;135;135;1781;9;0;25;83951616;0
1748;37;31;93;216;247;0;255;135;135;1781;9;0;25;83951616;0
1749;38;32;33;85;247;0;0;135;135;1781;9;0;25;83951616;0
1750;38;33;3;0;246;0;2;135;135;1781;9;0;25;83951616;0
1751;38;33;0;0;245;0;4;135;135;1781;9;0;25;83951616;0
1752;38;33;0;0;245;0;0;135;135;1781;9;0;25;83951616;0
1753;38;32;37;113;246;0;248;135;135;1779;9;0;25;83951616;0
1754;37;30;107;413;247;0;238;135;135;1779;9;0;25;83951616;0
1755;37;32;55;192;249;0;246;135;135;1779;9;0;25;83951616;0
1756;38;32;20;37;249;0;1;135;135;1779;9;0;25;83951616;0
1757;38;33;1;0;249;0;4;135;135;1779;9;0;25;83951616;0
1758;38;33;0;0;248;0;4;135;135;1779;9;0;25;83951616;0
1759;38;33;0;3;249;0;255;135;135;1779;9;0;25;83951616;0
1760;37;32;55;190;250;0;245;135;135;1781;9;0;25;83951616;0
1761;38;33;6;1;251;0;8;135;135;1781;9;0;25;83951616;0
1762;38;32;3;70;253;0;0;135;135;1781;9;0;25;83951616;0
1763;38;33;6;2;253;0;255;135;135;533;22;0;25;83951616;0
1764;38;33;1;0;255;0;255;135;135;533;22;0;25;83951616;0
1765;38;33;0;0;261;0;255;135;135;533;22;0;25;83951616;0
1766;38;33;0;0;269;0;255;135;135;533;22;0;25;83951616;0
1767;38;33;0;0;275;0;255;135;135;533;22;0;25;83951616;0
1768;38;33;0;0;279;0;255;135;135;533;22;0;25;83951616;0
1769;38;33;0;1;281;0;255;135;135;533;22;0;25;83951616;0
1770;38;33;0;0;283;0;255;135;135;533;22;0;25;83951616;0
1771;38;33;0;1;286;0;255;135;135;533;22;0;25;83951616;0
1772;38;33;0;2;289;0;255;135;135;533;22;0;25;83951616;0
1773;38;33;0;2;293;0;255;135;135;533;22;0;25;83951616;0
1774;38;33;0;3;299;0;255;135;135;533;22;0;25;83951616;0
1775;38;33;0;4;305;0;255;135;135;533;22;0;25;83951616;0
1776;38;33;0;4;312;0;255;135;135;533;22;0;25;83951616;0
1777;38;33;0;5;320;0;255;135;135;533;22;0;25;83951616;0
1778;38;33;0;5;328;0;255;135;135;533;22;0;25;83951616;0
1779;38;33;0;5;335;0;255;135;135;533;22;0;25;83951616;0
1780;38;33;0;5;343;0;255;135;135;533;22;0;25;83951616;0
1781;38;33;0;6;351;0;255;135;135;0;0;0;25;83959808;0
1782;38;33;0;6;359;0;255;135;135;0;0;0;25;83959808;0
1783;38;33;0;6;367;0;255;135;135;0;0;0;25;83959808;0
1784;38;33;0;6;375;0;255;135;135;0;0;0;25;83959808;0
1785;38;33;0;6;384;0;255;135;135;0;0;0;25;83959808;0
1786;38;33;0;6;392;0;255;135;135;0;0;0;25;83894272;0
1787;38;33;0;7;425;0;255;135;135;0;0;0;25;83886080;0
1848;38;33;0;4;535;0;255;135;135;0;0;0;25;83886080;0
1909;39;33;0;3;525;0;255;135;135;0;0;0;25;83886080;0
